#
# There is insufficient memory for the Java Runtime Environment to continue.
# Native memory allocation (malloc) failed to allocate 1142736 bytes. Error detail: Chunk::new
# Possible reasons:
#   The system is out of physical RAM or swap space
#   This process is running with CompressedOops enabled, and the Java Heap may be blocking the growth of the native heap
# Possible solutions:
#   Reduce memory load on the system
#   Increase physical memory or swap space
#   Check if swap backing store is full
#   Decrease Java heap size (-Xmx/-Xms)
#   Decrease number of Java threads
#   Decrease Java thread stack sizes (-Xss)
#   Set larger code cache with -XX:ReservedCodeCacheSize=
#   JVM is running with Unscaled Compressed Oops mode in which the Java heap is
#     placed in the first 4GB address space. The Java Heap base address is the
#     maximum limit for the native heap growth. Please use -XX:HeapBaseMinAddress
#     to set the Java Heap base and to place the Java Heap above 4GB virtual address.
# This output file may be truncated or incomplete.
#
#  Out of Memory Error (arena.cpp:168), pid=2868, tid=22244
#
# JRE version: OpenJDK Runtime Environment Temurin-21.0.10+7 (21.0.10+7) (build 21.0.10+7-LTS)
# Java VM: OpenJDK 64-Bit Server VM Temurin-21.0.10+7 (21.0.10+7-LTS, mixed mode, sharing, tiered, compressed oops, compressed class ptrs, parallel gc, windows-amd64)
# No core dump will be written. Minidumps are not enabled by default on client versions of Windows
#

---------------  S U M M A R Y ------------

Command Line: --add-modules=ALL-SYSTEM --add-opens=java.base/java.util=ALL-UNNAMED --add-opens=java.base/java.lang=ALL-UNNAMED --add-opens=java.base/sun.nio.fs=ALL-UNNAMED -Declipse.application=org.eclipse.jdt.ls.core.id1 -Dosgi.bundles.defaultStartLevel=4 -Declipse.product=org.eclipse.jdt.ls.core.product -Djava.import.generatesMetadataFilesAtProjectRoot=false -DDetectVMInstallationsJob.disabled=true -Dfile.encoding=utf8 -XX:+UseParallelGC -XX:GCTimeRatio=4 -XX:AdaptiveSizePolicyWeight=90 -Dsun.zip.disableMemoryMapping=true -Xmx2G -Xms100m -Xlog:disable -javaagent:c:\Users\LENOVO\.antigravity\extensions\redhat.java-1.54.0-win32-x64\lombok\lombok-1.18.39-4050.jar -XX:+HeapDumpOnOutOfMemoryError -XX:HeapDumpPath=c:\Users\LENOVO\AppData\Roaming\Antigravity\User\workspaceStorage\c32ad2883d698218fc90bdae50dd7373\redhat.java -Daether.dependencyCollector.impl=bf c:\Users\LENOVO\.antigravity\extensions\redhat.java-1.54.0-win32-x64\server\plugins\org.eclipse.equinox.launcher_1.7.100.v20251111-0406.jar -configuration c:\Users\LENOVO\AppData\Roaming\Antigravity\User\globalStorage\redhat.java\1.54.0\config_win -data c:\Users\LENOVO\AppData\Roaming\Antigravity\User\workspaceStorage\c32ad2883d698218fc90bdae50dd7373\redhat.java\jdt_ws --pipe=\\.\pipe\lsp-7e0cebb283dd18ac906a9db7f1ca0788-sock

Host: 11th Gen Intel(R) Core(TM) i5-11320H @ 3.20GHz, 8 cores, 15G,  Windows 11 , 64 bit Build 26100 (10.0.26100.8246)
Time: Thu Apr 16 01:16:54 2026 Paris, Madrid elapsed time: 15.539999 seconds (0d 0h 0m 15s)

---------------  T H R E A D  ---------------

Current thread (0x0000023d7a9d6e90):  JavaThread "C2 CompilerThread2" daemon [_thread_in_native, id=22244, stack(0x000000e3fe100000,0x000000e3fe200000) (1024K)]


Current CompileTask:
C2:15540 4240       4       org.lombokweb.asm.ClassReader::readMethod (1070 bytes)

Stack: [0x000000e3fe100000,0x000000e3fe200000]
Native frames: (J=compiled Java code, j=interpreted, Vv=VM code, C=native code)
V  [jvm.dll+0x6d7a39]
V  [jvm.dll+0x8b4b26]
V  [jvm.dll+0x8b70de]
V  [jvm.dll+0x8b77c3]
V  [jvm.dll+0x284346]
V  [jvm.dll+0xc66ed]
V  [jvm.dll+0xc6c31]
V  [jvm.dll+0x3bec01]
V  [jvm.dll+0x38b162]
V  [jvm.dll+0x38a5aa]
V  [jvm.dll+0x24c560]
V  [jvm.dll+0x24bb40]
V  [jvm.dll+0x1cb34e]
V  [jvm.dll+0x25b85d]
V  [jvm.dll+0x259dea]
V  [jvm.dll+0x3f857e]
V  [jvm.dll+0x85f59d]
V  [jvm.dll+0x6d626d]
C  [ucrtbase.dll+0x37b0]
C  [KERNEL32.DLL+0x2e8d7]
C  [ntdll.dll+0x8c3fc]


---------------  P R O C E S S  ---------------

Threads class SMR info:
_java_thread_list=0x0000023d7a3150b0, length=23, elements={
0x0000023d1b1e4ef0, 0x0000023d1b29d150, 0x0000023d1b157570, 0x0000023d1b159c70,
0x0000023d1b15a6d0, 0x0000023d1b15b130, 0x0000023d1b15bb90, 0x0000023d1b15e9e0,
0x0000023d74460110, 0x0000023d7462a960, 0x0000023d7479b9a0, 0x0000023d795b8f70,
0x0000023d797dbbd0, 0x0000023d79760f90, 0x0000023d79761600, 0x0000023d799eefb0,
0x0000023d79d2bcb0, 0x0000023d79c89030, 0x0000023d79a79fa0, 0x0000023d79a7bca0,
0x0000023d79a77840, 0x0000023d79a79910, 0x0000023d7a9d6e90
}

Java Threads: ( => current thread )
  0x0000023d1b1e4ef0 JavaThread "main"                              [_thread_blocked, id=7408, stack(0x000000e3fc100000,0x000000e3fc200000) (1024K)]
  0x0000023d1b29d150 JavaThread "Reference Handler"          daemon [_thread_blocked, id=10664, stack(0x000000e3fc500000,0x000000e3fc600000) (1024K)]
  0x0000023d1b157570 JavaThread "Finalizer"                  daemon [_thread_blocked, id=22476, stack(0x000000e3fc600000,0x000000e3fc700000) (1024K)]
  0x0000023d1b159c70 JavaThread "Signal Dispatcher"          daemon [_thread_blocked, id=12492, stack(0x000000e3fc700000,0x000000e3fc800000) (1024K)]
  0x0000023d1b15a6d0 JavaThread "Attach Listener"            daemon [_thread_blocked, id=20324, stack(0x000000e3fc800000,0x000000e3fc900000) (1024K)]
  0x0000023d1b15b130 JavaThread "Service Thread"             daemon [_thread_blocked, id=20720, stack(0x000000e3fc900000,0x000000e3fca00000) (1024K)]
  0x0000023d1b15bb90 JavaThread "Monitor Deflation Thread"   daemon [_thread_blocked, id=17428, stack(0x000000e3fca00000,0x000000e3fcb00000) (1024K)]
  0x0000023d1b15e9e0 JavaThread "C2 CompilerThread0"         daemon [_thread_in_native, id=18532, stack(0x000000e3fcb00000,0x000000e3fcc00000) (1024K)]
  0x0000023d74460110 JavaThread "C1 CompilerThread0"         daemon [_thread_in_vm, id=7372, stack(0x000000e3fcc00000,0x000000e3fcd00000) (1024K)]
  0x0000023d7462a960 JavaThread "Common-Cleaner"             daemon [_thread_blocked, id=22360, stack(0x000000e3fcd00000,0x000000e3fce00000) (1024K)]
  0x0000023d7479b9a0 JavaThread "Notification Thread"        daemon [_thread_blocked, id=3336, stack(0x000000e3fcf00000,0x000000e3fd000000) (1024K)]
  0x0000023d795b8f70 JavaThread "Active Thread: Equinox Container: 6b245942-4183-405b-99a1-3283b8382f32"        [_thread_blocked, id=3688, stack(0x000000e3fd000000,0x000000e3fd100000) (1024K)]
  0x0000023d797dbbd0 JavaThread "Refresh Thread: Equinox Container: 6b245942-4183-405b-99a1-3283b8382f32" daemon [_thread_blocked, id=12832, stack(0x000000e3fd800000,0x000000e3fd900000) (1024K)]
  0x0000023d79760f90 JavaThread "Framework Event Dispatcher: Equinox Container: 6b245942-4183-405b-99a1-3283b8382f32" daemon [_thread_blocked, id=16092, stack(0x000000e3fd900000,0x000000e3fda00000) (1024K)]
  0x0000023d79761600 JavaThread "Start Level: Equinox Container: 6b245942-4183-405b-99a1-3283b8382f32" daemon [_thread_in_vm, id=1712, stack(0x000000e3fda00000,0x000000e3fdb00000) (1024K)]
  0x0000023d799eefb0 JavaThread "Bundle File Closer"         daemon [_thread_blocked, id=19048, stack(0x000000e3fdc00000,0x000000e3fdd00000) (1024K)]
  0x0000023d79d2bcb0 JavaThread "SCR Component Actor"        daemon [_thread_blocked, id=19288, stack(0x000000e3fce00000,0x000000e3fcf00000) (1024K)]
  0x0000023d79c89030 JavaThread "Worker-JM"                         [_thread_blocked, id=22340, stack(0x000000e3fde00000,0x000000e3fdf00000) (1024K)]
  0x0000023d79a79fa0 JavaThread "JNA Cleaner"                daemon [_thread_blocked, id=9748, stack(0x000000e3fdb00000,0x000000e3fdc00000) (1024K)]
  0x0000023d79a7bca0 JavaThread "C2 CompilerThread1"         daemon [_thread_in_native, id=17240, stack(0x000000e3fdd00000,0x000000e3fde00000) (1024K)]
  0x0000023d79a77840 JavaThread "Worker-0: Repository registry initialization"        [_thread_in_vm, id=23288, stack(0x000000e3fdf00000,0x000000e3fe000000) (1024K)]
  0x0000023d79a79910 JavaThread "Worker-1"                          [_thread_blocked, id=3548, stack(0x000000e3fe000000,0x000000e3fe100000) (1024K)]
=>0x0000023d7a9d6e90 JavaThread "C2 CompilerThread2"         daemon [_thread_in_native, id=22244, stack(0x000000e3fe100000,0x000000e3fe200000) (1024K)]
Total: 23

Other Threads:
  0x0000023d1b281730 VMThread "VM Thread"                           [id=21284, stack(0x000000e3fc400000,0x000000e3fc500000) (1024K)]
  0x0000023d1b255bf0 WatcherThread "VM Periodic Task Thread"        [id=18240, stack(0x000000e3fc300000,0x000000e3fc400000) (1024K)]
  0x0000023d1b203830 WorkerThread "GC Thread#0"                     [id=23432, stack(0x000000e3fc200000,0x000000e3fc300000) (1024K)]
  0x0000023d791f7f70 WorkerThread "GC Thread#1"                     [id=23376, stack(0x000000e3fd100000,0x000000e3fd200000) (1024K)]
  0x0000023d791f8320 WorkerThread "GC Thread#2"                     [id=15732, stack(0x000000e3fd200000,0x000000e3fd300000) (1024K)]
  0x0000023d791f86d0 WorkerThread "GC Thread#3"                     [id=4444, stack(0x000000e3fd300000,0x000000e3fd400000) (1024K)]
  0x0000023d791fcc30 WorkerThread "GC Thread#4"                     [id=11124, stack(0x000000e3fd400000,0x000000e3fd500000) (1024K)]
  0x0000023d791fcfe0 WorkerThread "GC Thread#5"                     [id=12560, stack(0x000000e3fd500000,0x000000e3fd600000) (1024K)]
  0x0000023d791fd390 WorkerThread "GC Thread#6"                     [id=14652, stack(0x000000e3fd600000,0x000000e3fd700000) (1024K)]
  0x0000023d79868880 WorkerThread "GC Thread#7"                     [id=18412, stack(0x000000e3fd700000,0x000000e3fd800000) (1024K)]
Total: 10

Threads with active compile tasks:
C2 CompilerThread0  16602 4272   !   4       org.eclipse.osgi.internal.loader.classpath.ClasspathManager::findClassImpl (328 bytes)
C1 CompilerThread0  16603 4317       3       java.lang.Thread::onSpinWait (1 bytes)
C2 CompilerThread1  16603 4314       4       org.eclipse.osgi.internal.loader.classpath.ClasspathEntry::findEntry (56 bytes)
C2 CompilerThread2  16603 4240       4       org.lombokweb.asm.ClassReader::readMethod (1070 bytes)
Total: 4

VM state: not at safepoint (normal execution)

VM Mutex/Monitor currently owned by a thread:  ([mutex/lock_event])
[0x00007ffdcd39c4e0] Metaspace_lock - owner thread: 0x0000023d74460110

Heap address: 0x0000000080000000, size: 2048 MB, Compressed Oops mode: 32-bit

CDS archive(s) mapped at: [0x0000023d32000000-0x0000023d32ba0000-0x0000023d32ba0000), size 12189696, SharedBaseAddress: 0x0000023d32000000, ArchiveRelocationMode: 1.
Compressed class space mapped at: 0x0000023d33000000-0x0000023d73000000, reserved size: 1073741824
Narrow klass base: 0x0000023d32000000, Narrow klass shift: 0, Narrow klass range: 0x100000000

GC Precious Log:
 CardTable entry size: 512
 CPUs: 8 total, 8 available
 Memory: 16167M
 Large Page Support: Disabled
 NUMA Support: Disabled
 Compressed Oops: Enabled (32-bit)
 Alignments: Space 512K, Generation 512K, Heap 2M
 Heap Min Capacity: 100M
 Heap Initial Capacity: 100M
 Heap Max Capacity: 2G
 Pre-touch: Disabled
 Parallel Workers: 8

Heap:
 PSYoungGen      total 27648K, used 27215K [0x00000000d5580000, 0x00000000d7580000, 0x0000000100000000)
  eden space 23552K, 98% used [0x00000000d5580000,0x00000000d6c16228,0x00000000d6c80000)
  from space 4096K, 99% used [0x00000000d6e80000,0x00000000d727da28,0x00000000d7280000)
  to   space 3072K, 0% used [0x00000000d7280000,0x00000000d7280000,0x00000000d7580000)
 ParOldGen       total 68608K, used 13103K [0x0000000080000000, 0x0000000084300000, 0x00000000d5580000)
  object space 68608K, 19% used [0x0000000080000000,0x0000000080ccbc88,0x0000000084300000)
 Metaspace       used 27654K, committed 28544K, reserved 1114112K
  class space    used 2751K, committed 3136K, reserved 1048576K

Card table byte_map: [0x0000023d1ab80000,0x0000023d1af90000] _byte_map_base: 0x0000023d1a780000

Marking Bits: (ParMarkBitMap*) 0x00007ffdcd3a3450
 Begin Bits: [0x0000023d2d690000, 0x0000023d2f690000)
 End Bits:   [0x0000023d2f690000, 0x0000023d31690000)

Polling page: 0x0000023d18f70000

Metaspace:

Usage:
  Non-class:     24.32 MB used.
      Class:      2.69 MB used.
       Both:     27.01 MB used.

Virtual space:
  Non-class space:       64.00 MB reserved,      24.81 MB ( 39%) committed,  1 nodes.
      Class space:        1.00 GB reserved,       3.06 MB ( <1%) committed,  1 nodes.
             Both:        1.06 GB reserved,      27.88 MB (  3%) committed. 

Chunk freelists:
   Non-Class:  6.75 MB
       Class:  12.94 MB
        Both:  19.69 MB

MaxMetaspaceSize: unlimited
CompressedClassSpaceSize: 1.00 GB
Initial GC threshold: 21.00 MB
Current GC threshold: 35.00 MB
CDS: on
 - commit_granule_bytes: 65536.
 - commit_granule_words: 8192.
 - virtual_space_node_default_size: 8388608.
 - enlarge_chunks_in_place: 1.
 - use_allocation_guard: 0.


Internal statistics:

num_allocs_failed_limit: 3.
num_arena_births: 842.
num_arena_deaths: 14.
num_vsnodes_births: 2.
num_vsnodes_deaths: 0.
num_space_committed: 446.
num_space_uncommitted: 0.
num_chunks_returned_to_freelist: 17.
num_chunks_taken_from_freelist: 2018.
num_chunk_merges: 6.
num_chunk_splits: 1278.
num_chunks_enlarged: 762.
num_inconsistent_stats: 0.

CodeHeap 'non-profiled nmethods': size=120000Kb used=2026Kb max_used=2026Kb free=117973Kb
 bounds [0x0000023d25eb0000, 0x0000023d26120000, 0x0000023d2d3e0000]
CodeHeap 'profiled nmethods': size=120000Kb used=8956Kb max_used=8956Kb free=111043Kb
 bounds [0x0000023d1e3e0000, 0x0000023d1eca0000, 0x0000023d25910000]
CodeHeap 'non-nmethods': size=5760Kb used=1347Kb max_used=1389Kb free=4412Kb
 bounds [0x0000023d25910000, 0x0000023d25b80000, 0x0000023d25eb0000]
CodeCache: size=245760Kb, used=12329Kb, max_used=12371Kb, free=233428Kb
 total_blobs=4931, nmethods=4306, adapters=531, full_count=0
Compilation: enabled, stopped_count=0, restarted_count=0

Compilation events (20 events):
Event: 12.493 Thread 0x0000023d79a7bca0 4306       4       org.eclipse.core.internal.preferences.EclipsePreferences::checkRemoved (26 bytes)
Event: 13.492 Thread 0x0000023d74460110 nmethod 4293 0x0000023d1ec92710 code [0x0000023d1ec92900, 0x0000023d1ec92c38]
Event: 13.492 Thread 0x0000023d74460110 4294       3       org.eclipse.core.internal.preferences.ImmutableMap$ArrayMap::<init> (50 bytes)
Event: 13.492 Thread 0x0000023d79a7bca0 nmethod 4306 0x0000023d260a9c90 code [0x0000023d260a9e20, 0x0000023d260a9ec8]
Event: 13.492 Thread 0x0000023d74460110 nmethod 4294 0x0000023d1ec92e90 code [0x0000023d1ec93080, 0x0000023d1ec93490]
Event: 13.492 Thread 0x0000023d74460110 4300       3       org.eclipse.core.internal.preferences.ImmutableMap$ArrayMap::put (138 bytes)
Event: 13.492 Thread 0x0000023d74460110 nmethod 4300 0x0000023d1ec93610 code [0x0000023d1ec93840, 0x0000023d1ec93e48]
Event: 13.492 Thread 0x0000023d74460110 4304       3       org.eclipse.core.internal.preferences.EclipsePreferences::makeDirty (30 bytes)
Event: 13.493 Thread 0x0000023d74460110 nmethod 4304 0x0000023d1ec94190 code [0x0000023d1ec94380, 0x0000023d1ec94938]
Event: 13.493 Thread 0x0000023d74460110 4295       3       org.eclipse.core.runtime.ListenerList$ListenerListIterator::hasNext (16 bytes)
Event: 13.493 Thread 0x0000023d79a7bca0 4310       4       java.util.Collections$UnmodifiableMap::getOrDefault (12 bytes)
Event: 13.493 Thread 0x0000023d74460110 nmethod 4295 0x0000023d1ec94b90 code [0x0000023d1ec94d40, 0x0000023d1ec94ec0]
Event: 13.493 Thread 0x0000023d74460110 4305       3       org.eclipse.core.internal.preferences.EclipsePreferences::absolutePath (79 bytes)
Event: 14.507 Thread 0x0000023d74460110 nmethod 4305 0x0000023d1ec94f90 code [0x0000023d1ec95600, 0x0000023d1ec9a270]
Event: 14.508 Thread 0x0000023d74460110 4296       3       org.eclipse.core.runtime.ListenerList::iterator (12 bytes)
Event: 14.508 Thread 0x0000023d74460110 nmethod 4296 0x0000023d1ec9b590 code [0x0000023d1ec9b740, 0x0000023d1ec9b988]
Event: 14.508 Thread 0x0000023d74460110 4297       3       org.eclipse.core.runtime.ListenerList$ListenerListIterator::<init> (10 bytes)
Event: 14.509 Thread 0x0000023d74460110 nmethod 4297 0x0000023d1ec9ba90 code [0x0000023d1ec9bc40, 0x0000023d1ec9bdc8]
Event: 14.512 Thread 0x0000023d79a7bca0 nmethod 4310 0x0000023d260aa290 code [0x0000023d260aa460, 0x0000023d260aa830]
Event: 14.882 Thread 0x0000023d74460110 4311   !   3       java.util.concurrent.locks.LockSupport::parkNanos (56 bytes)

GC Heap History (20 events):
Event: 0.871 GC heap before
{Heap before GC invocations=1 (full 0):
 PSYoungGen      total 29696K, used 25600K [0x00000000d5580000, 0x00000000d7680000, 0x0000000100000000)
  eden space 25600K, 100% used [0x00000000d5580000,0x00000000d6e80000,0x00000000d6e80000)
  from space 4096K, 0% used [0x00000000d7280000,0x00000000d7280000,0x00000000d7680000)
  to   space 4096K, 0% used [0x00000000d6e80000,0x00000000d6e80000,0x00000000d7280000)
 ParOldGen       total 68608K, used 0K [0x0000000080000000, 0x0000000084300000, 0x00000000d5580000)
  object space 68608K, 0% used [0x0000000080000000,0x0000000080000000,0x0000000084300000)
 Metaspace       used 4338K, committed 4608K, reserved 1114112K
  class space    used 473K, committed 576K, reserved 1048576K
}
Event: 0.877 GC heap after
{Heap after GC invocations=1 (full 0):
 PSYoungGen      total 29696K, used 3312K [0x00000000d5580000, 0x00000000d7680000, 0x0000000100000000)
  eden space 25600K, 0% used [0x00000000d5580000,0x00000000d5580000,0x00000000d6e80000)
  from space 4096K, 80% used [0x00000000d6e80000,0x00000000d71bc148,0x00000000d7280000)
  to   space 4096K, 0% used [0x00000000d7280000,0x00000000d7280000,0x00000000d7680000)
 ParOldGen       total 68608K, used 16K [0x0000000080000000, 0x0000000084300000, 0x00000000d5580000)
  object space 68608K, 0% used [0x0000000080000000,0x0000000080004000,0x0000000084300000)
 Metaspace       used 4338K, committed 4608K, reserved 1114112K
  class space    used 473K, committed 576K, reserved 1048576K
}
Event: 2.032 GC heap before
{Heap before GC invocations=2 (full 0):
 PSYoungGen      total 29696K, used 28912K [0x00000000d5580000, 0x00000000d7680000, 0x0000000100000000)
  eden space 25600K, 100% used [0x00000000d5580000,0x00000000d6e80000,0x00000000d6e80000)
  from space 4096K, 80% used [0x00000000d6e80000,0x00000000d71bc148,0x00000000d7280000)
  to   space 4096K, 0% used [0x00000000d7280000,0x00000000d7280000,0x00000000d7680000)
 ParOldGen       total 68608K, used 16K [0x0000000080000000, 0x0000000084300000, 0x00000000d5580000)
  object space 68608K, 0% used [0x0000000080000000,0x0000000080004000,0x0000000084300000)
 Metaspace       used 7999K, committed 8320K, reserved 1114112K
  class space    used 831K, committed 960K, reserved 1048576K
}
Event: 2.038 GC heap after
{Heap after GC invocations=2 (full 0):
 PSYoungGen      total 29696K, used 4070K [0x00000000d5580000, 0x00000000d7680000, 0x0000000100000000)
  eden space 25600K, 0% used [0x00000000d5580000,0x00000000d5580000,0x00000000d6e80000)
  from space 4096K, 99% used [0x00000000d7280000,0x00000000d7679820,0x00000000d7680000)
  to   space 4096K, 0% used [0x00000000d6e80000,0x00000000d6e80000,0x00000000d7280000)
 ParOldGen       total 68608K, used 2069K [0x0000000080000000, 0x0000000084300000, 0x00000000d5580000)
  object space 68608K, 3% used [0x0000000080000000,0x00000000802056b8,0x0000000084300000)
 Metaspace       used 7999K, committed 8320K, reserved 1114112K
  class space    used 831K, committed 960K, reserved 1048576K
}
Event: 2.352 GC heap before
{Heap before GC invocations=3 (full 0):
 PSYoungGen      total 29696K, used 29564K [0x00000000d5580000, 0x00000000d7680000, 0x0000000100000000)
  eden space 25600K, 99% used [0x00000000d5580000,0x00000000d6e65b38,0x00000000d6e80000)
  from space 4096K, 99% used [0x00000000d7280000,0x00000000d7679820,0x00000000d7680000)
  to   space 4096K, 0% used [0x00000000d6e80000,0x00000000d6e80000,0x00000000d7280000)
 ParOldGen       total 68608K, used 2069K [0x0000000080000000, 0x0000000084300000, 0x00000000d5580000)
  object space 68608K, 3% used [0x0000000080000000,0x00000000802056b8,0x0000000084300000)
 Metaspace       used 9403K, committed 9792K, reserved 1114112K
  class space    used 1002K, committed 1152K, reserved 1048576K
}
Event: 2.356 GC heap after
{Heap after GC invocations=3 (full 0):
 PSYoungGen      total 29696K, used 4080K [0x00000000d5580000, 0x00000000d7680000, 0x0000000100000000)
  eden space 25600K, 0% used [0x00000000d5580000,0x00000000d5580000,0x00000000d6e80000)
  from space 4096K, 99% used [0x00000000d6e80000,0x00000000d727c1b8,0x00000000d7280000)
  to   space 4096K, 0% used [0x00000000d7280000,0x00000000d7280000,0x00000000d7680000)
 ParOldGen       total 68608K, used 4881K [0x0000000080000000, 0x0000000084300000, 0x00000000d5580000)
  object space 68608K, 7% used [0x0000000080000000,0x00000000804c46d8,0x0000000084300000)
 Metaspace       used 9403K, committed 9792K, reserved 1114112K
  class space    used 1002K, committed 1152K, reserved 1048576K
}
Event: 4.648 GC heap before
{Heap before GC invocations=4 (full 0):
 PSYoungGen      total 29696K, used 29680K [0x00000000d5580000, 0x00000000d7680000, 0x0000000100000000)
  eden space 25600K, 100% used [0x00000000d5580000,0x00000000d6e80000,0x00000000d6e80000)
  from space 4096K, 99% used [0x00000000d6e80000,0x00000000d727c1b8,0x00000000d7280000)
  to   space 4096K, 0% used [0x00000000d7280000,0x00000000d7280000,0x00000000d7680000)
 ParOldGen       total 68608K, used 4881K [0x0000000080000000, 0x0000000084300000, 0x00000000d5580000)
  object space 68608K, 7% used [0x0000000080000000,0x00000000804c46d8,0x0000000084300000)
 Metaspace       used 11693K, committed 12096K, reserved 1114112K
  class space    used 1238K, committed 1408K, reserved 1048576K
}
Event: 4.652 GC heap after
{Heap after GC invocations=4 (full 0):
 PSYoungGen      total 29696K, used 4082K [0x00000000d5580000, 0x00000000d7680000, 0x0000000100000000)
  eden space 25600K, 0% used [0x00000000d5580000,0x00000000d5580000,0x00000000d6e80000)
  from space 4096K, 99% used [0x00000000d7280000,0x00000000d767c938,0x00000000d7680000)
  to   space 4096K, 0% used [0x00000000d6e80000,0x00000000d6e80000,0x00000000d7280000)
 ParOldGen       total 68608K, used 6469K [0x0000000080000000, 0x0000000084300000, 0x00000000d5580000)
  object space 68608K, 9% used [0x0000000080000000,0x0000000080651770,0x0000000084300000)
 Metaspace       used 11693K, committed 12096K, reserved 1114112K
  class space    used 1238K, committed 1408K, reserved 1048576K
}
Event: 5.124 GC heap before
{Heap before GC invocations=5 (full 0):
 PSYoungGen      total 29696K, used 29682K [0x00000000d5580000, 0x00000000d7680000, 0x0000000100000000)
  eden space 25600K, 100% used [0x00000000d5580000,0x00000000d6e80000,0x00000000d6e80000)
  from space 4096K, 99% used [0x00000000d7280000,0x00000000d767c938,0x00000000d7680000)
  to   space 4096K, 0% used [0x00000000d6e80000,0x00000000d6e80000,0x00000000d7280000)
 ParOldGen       total 68608K, used 6469K [0x0000000080000000, 0x0000000084300000, 0x00000000d5580000)
  object space 68608K, 9% used [0x0000000080000000,0x0000000080651770,0x0000000084300000)
 Metaspace       used 15659K, committed 16256K, reserved 1114112K
  class space    used 1626K, committed 1856K, reserved 1048576K
}
Event: 5.127 GC heap after
{Heap after GC invocations=5 (full 0):
 PSYoungGen      total 29184K, used 4070K [0x00000000d5580000, 0x00000000d7900000, 0x0000000100000000)
  eden space 25088K, 0% used [0x00000000d5580000,0x00000000d5580000,0x00000000d6e00000)
  from space 4096K, 99% used [0x00000000d6e80000,0x00000000d72799e0,0x00000000d7280000)
  to   space 5632K, 0% used [0x00000000d7380000,0x00000000d7380000,0x00000000d7900000)
 ParOldGen       total 68608K, used 7651K [0x0000000080000000, 0x0000000084300000, 0x00000000d5580000)
  object space 68608K, 11% used [0x0000000080000000,0x0000000080778c00,0x0000000084300000)
 Metaspace       used 15659K, committed 16256K, reserved 1114112K
  class space    used 1626K, committed 1856K, reserved 1048576K
}
Event: 5.621 GC heap before
{Heap before GC invocations=6 (full 0):
 PSYoungGen      total 29184K, used 29158K [0x00000000d5580000, 0x00000000d7900000, 0x0000000100000000)
  eden space 25088K, 100% used [0x00000000d5580000,0x00000000d6e00000,0x00000000d6e00000)
  from space 4096K, 99% used [0x00000000d6e80000,0x00000000d72799e0,0x00000000d7280000)
  to   space 5632K, 0% used [0x00000000d7380000,0x00000000d7380000,0x00000000d7900000)
 ParOldGen       total 68608K, used 7651K [0x0000000080000000, 0x0000000084300000, 0x00000000d5580000)
  object space 68608K, 11% used [0x0000000080000000,0x0000000080778c00,0x0000000084300000)
 Metaspace       used 18748K, committed 19584K, reserved 1114112K
  class space    used 1968K, committed 2304K, reserved 1048576K
}
Event: 5.623 GC heap after
{Heap after GC invocations=6 (full 0):
 PSYoungGen      total 30208K, used 5188K [0x00000000d5580000, 0x00000000d7900000, 0x0000000100000000)
  eden space 24576K, 0% used [0x00000000d5580000,0x00000000d5580000,0x00000000d6d80000)
  from space 5632K, 92% used [0x00000000d7380000,0x00000000d78911d0,0x00000000d7900000)
  to   space 5632K, 0% used [0x00000000d6e00000,0x00000000d6e00000,0x00000000d7380000)
 ParOldGen       total 68608K, used 7659K [0x0000000080000000, 0x0000000084300000, 0x00000000d5580000)
  object space 68608K, 11% used [0x0000000080000000,0x000000008077ac00,0x0000000084300000)
 Metaspace       used 18748K, committed 19584K, reserved 1114112K
  class space    used 1968K, committed 2304K, reserved 1048576K
}
Event: 5.844 GC heap before
{Heap before GC invocations=7 (full 0):
 PSYoungGen      total 30208K, used 23673K [0x00000000d5580000, 0x00000000d7900000, 0x0000000100000000)
  eden space 24576K, 75% used [0x00000000d5580000,0x00000000d678d418,0x00000000d6d80000)
  from space 5632K, 92% used [0x00000000d7380000,0x00000000d78911d0,0x00000000d7900000)
  to   space 5632K, 0% used [0x00000000d6e00000,0x00000000d6e00000,0x00000000d7380000)
 ParOldGen       total 68608K, used 7659K [0x0000000080000000, 0x0000000084300000, 0x00000000d5580000)
  object space 68608K, 11% used [0x0000000080000000,0x000000008077ac00,0x0000000084300000)
 Metaspace       used 20563K, committed 21504K, reserved 1114112K
  class space    used 2195K, committed 2624K, reserved 1048576K
}
Event: 5.848 GC heap after
{Heap after GC invocations=7 (full 0):
 PSYoungGen      total 29184K, used 4444K [0x00000000d5580000, 0x00000000d7780000, 0x0000000100000000)
  eden space 24576K, 0% used [0x00000000d5580000,0x00000000d5580000,0x00000000d6d80000)
  from space 4608K, 96% used [0x00000000d6e00000,0x00000000d7257140,0x00000000d7280000)
  to   space 5120K, 0% used [0x00000000d7280000,0x00000000d7280000,0x00000000d7780000)
 ParOldGen       total 68608K, used 9126K [0x0000000080000000, 0x0000000084300000, 0x00000000d5580000)
  object space 68608K, 13% used [0x0000000080000000,0x00000000808e9be8,0x0000000084300000)
 Metaspace       used 20563K, committed 21504K, reserved 1114112K
  class space    used 2195K, committed 2624K, reserved 1048576K
}
Event: 5.848 GC heap before
{Heap before GC invocations=8 (full 1):
 PSYoungGen      total 29184K, used 4444K [0x00000000d5580000, 0x00000000d7780000, 0x0000000100000000)
  eden space 24576K, 0% used [0x00000000d5580000,0x00000000d5580000,0x00000000d6d80000)
  from space 4608K, 96% used [0x00000000d6e00000,0x00000000d7257140,0x00000000d7280000)
  to   space 5120K, 0% used [0x00000000d7280000,0x00000000d7280000,0x00000000d7780000)
 ParOldGen       total 68608K, used 9126K [0x0000000080000000, 0x0000000084300000, 0x00000000d5580000)
  object space 68608K, 13% used [0x0000000080000000,0x00000000808e9be8,0x0000000084300000)
 Metaspace       used 20563K, committed 21504K, reserved 1114112K
  class space    used 2195K, committed 2624K, reserved 1048576K
}
Event: 5.872 GC heap after
{Heap after GC invocations=8 (full 1):
 PSYoungGen      total 29184K, used 0K [0x00000000d5580000, 0x00000000d7780000, 0x0000000100000000)
  eden space 24576K, 0% used [0x00000000d5580000,0x00000000d5580000,0x00000000d6d80000)
  from space 4608K, 0% used [0x00000000d6e00000,0x00000000d6e00000,0x00000000d7280000)
  to   space 5120K, 0% used [0x00000000d7280000,0x00000000d7280000,0x00000000d7780000)
 ParOldGen       total 68608K, used 13047K [0x0000000080000000, 0x0000000084300000, 0x00000000d5580000)
  object space 68608K, 19% used [0x0000000080000000,0x0000000080cbdc88,0x0000000084300000)
 Metaspace       used 20550K, committed 21504K, reserved 1114112K
  class space    used 2191K, committed 2624K, reserved 1048576K
}
Event: 6.101 GC heap before
{Heap before GC invocations=9 (full 1):
 PSYoungGen      total 29184K, used 24576K [0x00000000d5580000, 0x00000000d7780000, 0x0000000100000000)
  eden space 24576K, 100% used [0x00000000d5580000,0x00000000d6d80000,0x00000000d6d80000)
  from space 4608K, 0% used [0x00000000d6e00000,0x00000000d6e00000,0x00000000d7280000)
  to   space 5120K, 0% used [0x00000000d7280000,0x00000000d7280000,0x00000000d7780000)
 ParOldGen       total 68608K, used 13047K [0x0000000080000000, 0x0000000084300000, 0x00000000d5580000)
  object space 68608K, 19% used [0x0000000080000000,0x0000000080cbdc88,0x0000000084300000)
 Metaspace       used 22497K, committed 23488K, reserved 1114112K
  class space    used 2365K, committed 2752K, reserved 1048576K
}
Event: 6.103 GC heap after
{Heap after GC invocations=9 (full 1):
 PSYoungGen      total 28160K, used 3596K [0x00000000d5580000, 0x00000000d7680000, 0x0000000100000000)
  eden space 24064K, 0% used [0x00000000d5580000,0x00000000d5580000,0x00000000d6d00000)
  from space 4096K, 87% used [0x00000000d7280000,0x00000000d76032c0,0x00000000d7680000)
  to   space 4096K, 0% used [0x00000000d6e80000,0x00000000d6e80000,0x00000000d7280000)
 ParOldGen       total 68608K, used 13055K [0x0000000080000000, 0x0000000084300000, 0x00000000d5580000)
  object space 68608K, 19% used [0x0000000080000000,0x0000000080cbfc88,0x0000000084300000)
 Metaspace       used 22497K, committed 23488K, reserved 1114112K
  class space    used 2365K, committed 2752K, reserved 1048576K
}
Event: 6.271 GC heap before
{Heap before GC invocations=10 (full 1):
 PSYoungGen      total 28160K, used 27660K [0x00000000d5580000, 0x00000000d7680000, 0x0000000100000000)
  eden space 24064K, 100% used [0x00000000d5580000,0x00000000d6d00000,0x00000000d6d00000)
  from space 4096K, 87% used [0x00000000d7280000,0x00000000d76032c0,0x00000000d7680000)
  to   space 4096K, 0% used [0x00000000d6e80000,0x00000000d6e80000,0x00000000d7280000)
 ParOldGen       total 68608K, used 13055K [0x0000000080000000, 0x0000000084300000, 0x00000000d5580000)
  object space 68608K, 19% used [0x0000000080000000,0x0000000080cbfc88,0x0000000084300000)
 Metaspace       used 25869K, committed 26816K, reserved 1114112K
  class space    used 2617K, committed 3008K, reserved 1048576K
}
Event: 6.272 GC heap after
{Heap after GC invocations=10 (full 1):
 PSYoungGen      total 27648K, used 4086K [0x00000000d5580000, 0x00000000d7580000, 0x0000000100000000)
  eden space 23552K, 0% used [0x00000000d5580000,0x00000000d5580000,0x00000000d6c80000)
  from space 4096K, 99% used [0x00000000d6e80000,0x00000000d727da28,0x00000000d7280000)
  to   space 3072K, 0% used [0x00000000d7280000,0x00000000d7280000,0x00000000d7580000)
 ParOldGen       total 68608K, used 13103K [0x0000000080000000, 0x0000000084300000, 0x00000000d5580000)
  object space 68608K, 19% used [0x0000000080000000,0x0000000080ccbc88,0x0000000084300000)
 Metaspace       used 25869K, committed 26816K, reserved 1114112K
  class space    used 2617K, committed 3008K, reserved 1048576K
}

Dll operation events (10 events):
Event: 0.036 Loaded shared library c:\Users\LENOVO\.antigravity\extensions\redhat.java-1.54.0-win32-x64\jre\21.0.10-win32-x86_64\bin\java.dll
Event: 0.141 Loaded shared library c:\Users\LENOVO\.antigravity\extensions\redhat.java-1.54.0-win32-x64\jre\21.0.10-win32-x86_64\bin\zip.dll
Event: 0.163 Loaded shared library C:\Users\LENOVO\.antigravity\extensions\redhat.java-1.54.0-win32-x64\jre\21.0.10-win32-x86_64\bin\instrument.dll
Event: 0.170 Loaded shared library C:\Users\LENOVO\.antigravity\extensions\redhat.java-1.54.0-win32-x64\jre\21.0.10-win32-x86_64\bin\net.dll
Event: 0.173 Loaded shared library C:\Users\LENOVO\.antigravity\extensions\redhat.java-1.54.0-win32-x64\jre\21.0.10-win32-x86_64\bin\nio.dll
Event: 0.176 Loaded shared library C:\Users\LENOVO\.antigravity\extensions\redhat.java-1.54.0-win32-x64\jre\21.0.10-win32-x86_64\bin\zip.dll
Event: 0.201 Loaded shared library C:\Users\LENOVO\.antigravity\extensions\redhat.java-1.54.0-win32-x64\jre\21.0.10-win32-x86_64\bin\jimage.dll
Event: 0.274 Loaded shared library c:\Users\LENOVO\.antigravity\extensions\redhat.java-1.54.0-win32-x64\jre\21.0.10-win32-x86_64\bin\verify.dll
Event: 2.064 Loaded shared library C:\Users\LENOVO\AppData\Roaming\Antigravity\User\globalStorage\redhat.java\1.54.0\config_win\org.eclipse.equinox.launcher\org.eclipse.equinox.launcher.win32.win32.x86_64_1.3.0.v20260203-2149\eclipse_11919.dll
Event: 5.322 Loaded shared library C:\Users\LENOVO\AppData\Local\Temp\jna--2053026509\jna7860710248587919041.dll

Deoptimization events (20 events):
Event: 10.408 Thread 0x0000023d79a77840 Uncommon trap: trap_request=0xffffffde fr.pc=0x0000023d26093eb8 relative=0x00000000000000f8
Event: 10.408 Thread 0x0000023d79a77840 Uncommon trap: reason=class_check action=maybe_recompile pc=0x0000023d26093eb8 method=java.lang.Character.codePointAt(Ljava/lang/CharSequence;I)I @ 2 c2
Event: 10.408 Thread 0x0000023d79a77840 DEOPT PACKING pc=0x0000023d26093eb8 sp=0x000000e3fdffe570
Event: 10.408 Thread 0x0000023d79a77840 DEOPT UNPACKING pc=0x0000023d25966da2 sp=0x000000e3fdffe4f8 mode 2
Event: 10.408 Thread 0x0000023d79a77840 Uncommon trap: trap_request=0xffffffde fr.pc=0x0000023d26093eb8 relative=0x00000000000000f8
Event: 10.408 Thread 0x0000023d79a77840 Uncommon trap: reason=class_check action=maybe_recompile pc=0x0000023d26093eb8 method=java.lang.Character.codePointAt(Ljava/lang/CharSequence;I)I @ 2 c2
Event: 10.408 Thread 0x0000023d79a77840 DEOPT PACKING pc=0x0000023d26093eb8 sp=0x000000e3fdffe570
Event: 10.408 Thread 0x0000023d79a77840 DEOPT UNPACKING pc=0x0000023d25966da2 sp=0x000000e3fdffe4f8 mode 2
Event: 10.408 Thread 0x0000023d79a77840 Uncommon trap: trap_request=0xffffff76 fr.pc=0x0000023d2604fd00 relative=0x0000000000000380
Event: 10.408 Thread 0x0000023d79a77840 Uncommon trap: reason=predicate action=maybe_recompile pc=0x0000023d2604fd00 method=java.util.regex.Pattern$BmpCharPropertyGreedy.match(Ljava/util/regex/Matcher;ILjava/lang/CharSequence;)Z @ 12 c2
Event: 10.408 Thread 0x0000023d79a77840 DEOPT PACKING pc=0x0000023d2604fd00 sp=0x000000e3fdffe4f0
Event: 10.409 Thread 0x0000023d79a77840 DEOPT UNPACKING pc=0x0000023d25966da2 sp=0x000000e3fdffe478 mode 2
Event: 10.418 Thread 0x0000023d79a77840 Uncommon trap: trap_request=0xffffffde fr.pc=0x0000023d2606a5e8 relative=0x0000000000000a08
Event: 10.418 Thread 0x0000023d79a77840 Uncommon trap: reason=class_check action=maybe_recompile pc=0x0000023d2606a5e8 method=java.io.BufferedInputStream.implRead([BII)I @ 100 c2
Event: 10.418 Thread 0x0000023d79a77840 DEOPT PACKING pc=0x0000023d2606a5e8 sp=0x000000e3fdffe1c0
Event: 10.418 Thread 0x0000023d79a77840 DEOPT UNPACKING pc=0x0000023d25966da2 sp=0x000000e3fdffe1a8 mode 2
Event: 10.421 Thread 0x0000023d79a77840 Uncommon trap: trap_request=0xffffffde fr.pc=0x0000023d2606a5e8 relative=0x0000000000000a08
Event: 10.421 Thread 0x0000023d79a77840 Uncommon trap: reason=class_check action=maybe_recompile pc=0x0000023d2606a5e8 method=java.io.BufferedInputStream.implRead([BII)I @ 100 c2
Event: 10.421 Thread 0x0000023d79a77840 DEOPT PACKING pc=0x0000023d2606a5e8 sp=0x000000e3fdffe1f0
Event: 10.421 Thread 0x0000023d79a77840 DEOPT UNPACKING pc=0x0000023d25966da2 sp=0x000000e3fdffe1d8 mode 2

Classes loaded (20 events):
Event: 6.051 Loading class java/io/StringReader
Event: 6.051 Loading class java/io/StringReader done
Event: 6.056 Loading class java/net/SocketTimeoutException
Event: 6.056 Loading class java/io/InterruptedIOException
Event: 6.056 Loading class java/io/InterruptedIOException done
Event: 6.056 Loading class java/net/SocketTimeoutException done
Event: 6.056 Loading class java/net/SocketException
Event: 6.056 Loading class java/net/SocketException done
Event: 6.056 Loading class java/net/UnknownHostException
Event: 6.056 Loading class java/net/UnknownHostException done
Event: 6.056 Loading class java/net/ProtocolException
Event: 6.056 Loading class java/net/ProtocolException done
Event: 6.071 Loading class java/lang/ThreadLocal$SuppliedThreadLocal
Event: 6.071 Loading class java/lang/ThreadLocal$SuppliedThreadLocal done
Event: 6.116 Loading class java/io/FileWriter
Event: 6.116 Loading class java/io/FileWriter done
Event: 6.121 Loading class java/lang/NegativeArraySizeException
Event: 6.121 Loading class java/lang/NegativeArraySizeException done
Event: 10.408 Loading class java/io/FileReader
Event: 10.408 Loading class java/io/FileReader done

Classes unloaded (7 events):
Event: 5.852 Thread 0x0000023d1b281730 Unloading class 0x0000023d331ab400 'java/lang/invoke/LambdaForm$MH+0x0000023d331ab400'
Event: 5.852 Thread 0x0000023d1b281730 Unloading class 0x0000023d331ab000 'java/lang/invoke/LambdaForm$MH+0x0000023d331ab000'
Event: 5.852 Thread 0x0000023d1b281730 Unloading class 0x0000023d331aac00 'java/lang/invoke/LambdaForm$MH+0x0000023d331aac00'
Event: 5.852 Thread 0x0000023d1b281730 Unloading class 0x0000023d331aa800 'java/lang/invoke/LambdaForm$MH+0x0000023d331aa800'
Event: 5.852 Thread 0x0000023d1b281730 Unloading class 0x0000023d331aa400 'java/lang/invoke/LambdaForm$BMH+0x0000023d331aa400'
Event: 5.852 Thread 0x0000023d1b281730 Unloading class 0x0000023d331aa000 'java/lang/invoke/LambdaForm$DMH+0x0000023d331aa000'
Event: 5.852 Thread 0x0000023d1b281730 Unloading class 0x0000023d331a8c00 'java/lang/invoke/LambdaForm$DMH+0x0000023d331a8c00'

Classes redefined (0 events):
No events

Internal exceptions (20 events):
Event: 5.826 Thread 0x0000023d79761600 Exception <a 'java/lang/NoSuchMethodError'{0x00000000d66784b0}: 'int java.lang.invoke.DirectMethodHandle$Holder.invokeStaticInit(java.lang.Object, float, float)'> (0x00000000d66784b0) 
thrown [s\src\hotspot\share\interpreter\linkResolver.cpp, line 773]
Event: 5.827 Thread 0x0000023d79761600 Exception <a 'java/lang/NoSuchMethodError'{0x00000000d667fe60}: 'int java.lang.invoke.DirectMethodHandle$Holder.invokeStaticInit(java.lang.Object, double, double)'> (0x00000000d667fe60) 
thrown [s\src\hotspot\share\interpreter\linkResolver.cpp, line 773]
Event: 5.827 Thread 0x0000023d79761600 Exception <a 'java/lang/NoSuchMethodError'{0x00000000d6685278}: 'int java.lang.invoke.DirectMethodHandle$Holder.invokeStatic(java.lang.Object, long)'> (0x00000000d6685278) 
thrown [s\src\hotspot\share\interpreter\linkResolver.cpp, line 773]
Event: 5.828 Thread 0x0000023d79761600 Exception <a 'java/lang/NoSuchMethodError'{0x00000000d66a3f60}: 'int java.lang.invoke.Invokers$Holder.linkToTargetMethod(java.lang.Object, java.lang.Object)'> (0x00000000d66a3f60) 
thrown [s\src\hotspot\share\interpreter\linkResolver.cpp, line 773]
Event: 5.904 Thread 0x0000023d79761600 Exception <a 'java/lang/NoSuchMethodError'{0x00000000d579f028}: 'java.lang.Object java.lang.invoke.Invokers$Holder.invoke_MT(java.lang.Object, java.lang.Object, java.lang.Object, java.lang.Object, java.lang.Object, java.lang.Object, java.lang.Object, java.lang.Object, java.lang.Object, java.lang.Object, java.lang.Object)'> (0x00000000d579f028) 
thrown [s\src\hotspot\share\interpreter\linkResolver.cpp, line 773]
Event: 5.913 Thread 0x0000023d79761600 Exception <a 'java/lang/NoSuchMethodError'{0x00000000d583b010}: 'java.lang.Object java.lang.invoke.Invokers$Holder.invoke_MT(java.lang.Object, java.lang.Object, java.lang.Object, java.lang.Object, java.lang.Object, java.lang.Object, java.lang.Object, java.lang.Object, java.lang.Object, java.lang.Object)'> (0x00000000d583b010) 
thrown [s\src\hotspot\share\interpreter\linkResolver.cpp, line 773]
Event: 5.923 Thread 0x0000023d79761600 Exception <a 'java/lang/NoSuchMethodError'{0x00000000d58ec030}: 'java.lang.Object java.lang.invoke.DirectMethodHandle$Holder.newInvokeSpecial(java.lang.Object, java.lang.Object, java.lang.Object, java.lang.Object, java.lang.Object, java.lang.Object, java.lang.Object)'> (0x00000000d58ec030) 
thrown [s\src\hotspot\share\interpreter\linkResolver.cpp, line 773]
Event: 5.929 Thread 0x0000023d79761600 Exception <a 'java/lang/NoSuchMethodError'{0x00000000d5964110}: 'java.lang.Object java.lang.invoke.Invokers$Holder.invoker(java.lang.Object, java.lang.Object, java.lang.Object, java.lang.Object, java.lang.Object, java.lang.Object, java.lang.Object, java.lang.Object, java.lang.Object, java.lang.Object, java.lang.Object, java.lang.Object, java.lang.Object)'> (0x00000000d5964110) 
thrown [s\src\hotspot\share\interpreter\linkResolver.cpp, line 773]
Event: 5.929 Thread 0x0000023d79761600 Exception <a 'java/lang/NoSuchMethodError'{0x00000000d596e5a8}: 'java.lang.Object java.lang.invoke.DelegatingMethodHandle$Holder.delegate(java.lang.Object, java.lang.Object, java.lang.Object, java.lang.Object, java.lang.Object, java.lang.Object, java.lang.Object, java.lang.Object, java.lang.Object, java.lang.Object, java.lang.Object, java.lang.Object, java.lang.Object)'> (0x00000000d596e5a8) 
thrown [s\src\hotspot\share\interpreter\linkResolver.cpp, line 773]
Event: 5.934 Thread 0x0000023d79761600 Exception <a 'java/lang/NoSuchMethodError'{0x00000000d59da1a0}: static Lorg/eclipse/m2e/core/internal/lifecyclemapping/model/PluginExecutionMetadata;.<clinit>()V> (0x00000000d59da1a0) 
thrown [s\src\hotspot\share\prims\jni.cpp, line 1111]
Event: 5.934 Thread 0x0000023d79761600 Implicit null exception at 0x0000023d26011d24 to 0x0000023d26012754
Event: 5.939 Thread 0x0000023d79761600 Exception <a 'java/lang/NoSuchMethodError'{0x00000000d5a39d58}: static Lorg/eclipse/m2e/core/internal/lifecyclemapping/model/PluginExecutionFilter;.<clinit>()V> (0x00000000d5a39d58) 
thrown [s\src\hotspot\share\prims\jni.cpp, line 1111]
Event: 5.942 Thread 0x0000023d79761600 Exception <a 'java/lang/NoSuchMethodError'{0x00000000d5a66918}: static Lorg/eclipse/m2e/core/internal/project/registry/MavenProjectFacade$MavenProjectConfiguration;.<clinit>()V> (0x00000000d5a66918) 
thrown [s\src\hotspot\share\prims\jni.cpp, line 1111]
Event: 6.022 Thread 0x0000023d79761600 Exception <a 'java/lang/NoSuchMethodError'{0x00000000d60a6b98}: 'double java.lang.invoke.DirectMethodHandle$Holder.invokeStatic(java.lang.Object, java.lang.Object)'> (0x00000000d60a6b98) 
thrown [s\src\hotspot\share\interpreter\linkResolver.cpp, line 773]
Event: 6.022 Thread 0x0000023d79761600 Exception <a 'java/lang/NoSuchMethodError'{0x00000000d60aa258}: 'double java.lang.invoke.DirectMethodHandle$Holder.invokeStaticInit(java.lang.Object, java.lang.Object)'> (0x00000000d60aa258) 
thrown [s\src\hotspot\share\interpreter\linkResolver.cpp, line 773]
Event: 6.249 Thread 0x0000023d79761600 Implicit null exception at 0x0000023d2609a8f5 to 0x0000023d2609aa08
Event: 11.449 Thread 0x0000023d79a77840 Exception <a 'java/lang/NoSuchMethodError'{0x00000000d5fddc40}: 'java.lang.Object java.lang.invoke.DirectMethodHandle$Holder.invokeSpecialIFC(java.lang.Object, java.lang.Object, java.lang.Object, java.lang.Object)'> (0x00000000d5fddc40) 
thrown [s\src\hotspot\share\interpreter\linkResolver.cpp, line 773]
Event: 13.492 Thread 0x0000023d79761600 Exception <a 'java/lang/NoSuchMethodError'{0x00000000d6963288}: 'java.lang.Object java.lang.invoke.DirectMethodHandle$Holder.newInvokeSpecial(java.lang.Object, int, java.lang.Object, java.lang.Object)'> (0x00000000d6963288) 
thrown [s\src\hotspot\share\interpreter\linkResolver.cpp, line 773]
Event: 13.493 Thread 0x0000023d79761600 Exception <a 'java/io/FileNotFoundException'{0x00000000d6979100}> (0x00000000d6979100) 
thrown [s\src\hotspot\share\prims\jni.cpp, line 520]
Event: 13.503 Thread 0x0000023d79761600 Exception <a 'java/io/FileNotFoundException'{0x00000000d697a520}> (0x00000000d697a520) 
thrown [s\src\hotspot\share\prims\jni.cpp, line 520]

ZGC Phase Switch (0 events):
No events

VM Operations (20 events):
Event: 5.872 Executing safepoint VM operation: CollectForMetadataAllocation (Metadata GC Threshold) done
Event: 6.101 Executing safepoint VM operation: ParallelGCFailedAllocation (Allocation Failure)
Event: 6.103 Executing safepoint VM operation: ParallelGCFailedAllocation (Allocation Failure) done
Event: 6.271 Executing safepoint VM operation: ParallelGCFailedAllocation (Allocation Failure)
Event: 6.272 Executing safepoint VM operation: ParallelGCFailedAllocation (Allocation Failure) done
Event: 7.280 Executing safepoint VM operation: Cleanup
Event: 7.281 Executing safepoint VM operation: Cleanup done
Event: 7.332 Executing non-safepoint VM operation: HandshakeAllThreads (Deoptimize)
Event: 7.332 Executing non-safepoint VM operation: HandshakeAllThreads (Deoptimize) done
Event: 9.344 Executing safepoint VM operation: Cleanup
Event: 9.344 Executing safepoint VM operation: Cleanup done
Event: 10.359 Executing safepoint VM operation: Cleanup
Event: 10.391 Executing safepoint VM operation: Cleanup done
Event: 11.393 Executing safepoint VM operation: Cleanup
Event: 11.393 Executing safepoint VM operation: Cleanup done
Event: 12.400 Executing safepoint VM operation: Cleanup
Event: 12.478 Executing safepoint VM operation: Cleanup done
Event: 13.491 Executing safepoint VM operation: Cleanup
Event: 13.491 Executing safepoint VM operation: Cleanup done
Event: 15.509 Executing safepoint VM operation: Cleanup

Memory protections (0 events):
No events

Nmethod flushes (0 events):
No events

Events (20 events):
Event: 1.752 Thread 0x0000023d74460110 Thread added: 0x0000023d795d0060
Event: 1.831 Thread 0x0000023d1b1e4ef0 Thread added: 0x0000023d795b8f70
Event: 2.056 Thread 0x0000023d1b1e4ef0 Thread added: 0x0000023d797dbbd0
Event: 2.090 Thread 0x0000023d797dbbd0 Thread added: 0x0000023d79760f90
Event: 2.093 Thread 0x0000023d1b1e4ef0 Thread added: 0x0000023d79761600
Event: 2.202 Thread 0x0000023d1b15e9e0 Thread added: 0x0000023d79591fd0
Event: 2.403 Thread 0x0000023d79761600 Thread added: 0x0000023d799eefb0
Event: 2.558 Thread 0x0000023d79591fd0 Thread exited: 0x0000023d79591fd0
Event: 2.698 Thread 0x0000023d795d0060 Thread exited: 0x0000023d795d0060
Event: 4.600 Thread 0x0000023d79761600 Thread added: 0x0000023d79d2bcb0
Event: 4.702 Thread 0x0000023d74460110 Thread added: 0x0000023d79bf3870
Event: 4.702 Thread 0x0000023d74460110 Thread added: 0x0000023d79bcdd40
Event: 4.909 Thread 0x0000023d79761600 Thread added: 0x0000023d79c89030
Event: 5.011 Thread 0x0000023d79bcdd40 Thread exited: 0x0000023d79bcdd40
Event: 5.327 Thread 0x0000023d79bf3870 Thread exited: 0x0000023d79bf3870
Event: 5.342 Thread 0x0000023d79761600 Thread added: 0x0000023d79a79fa0
Event: 5.364 Thread 0x0000023d74460110 Thread added: 0x0000023d79a7bca0
Event: 5.395 Thread 0x0000023d79761600 Thread added: 0x0000023d79a77840
Event: 5.415 Thread 0x0000023d79761600 Thread added: 0x0000023d79a79910
Event: 5.887 Thread 0x0000023d74460110 Thread added: 0x0000023d7a9d6e90


Dynamic libraries:
0x00007ff6fe620000 - 0x00007ff6fe62e000 	c:\Users\LENOVO\.antigravity\extensions\redhat.java-1.54.0-win32-x64\jre\21.0.10-win32-x86_64\bin\java.exe
0x00007ffe7fbc0000 - 0x00007ffe7fe27000 	C:\WINDOWS\SYSTEM32\ntdll.dll
0x00007ffe7eff0000 - 0x00007ffe7f0b9000 	C:\WINDOWS\System32\KERNEL32.DLL
0x00007ffe7d550000 - 0x00007ffe7d944000 	C:\WINDOWS\System32\KERNELBASE.dll
0x00007ffe7cb90000 - 0x00007ffe7ccdb000 	C:\WINDOWS\System32\ucrtbase.dll
0x00007ffe77480000 - 0x00007ffe77498000 	c:\Users\LENOVO\.antigravity\extensions\redhat.java-1.54.0-win32-x64\jre\21.0.10-win32-x86_64\bin\jli.dll
0x00007ffe77460000 - 0x00007ffe7747e000 	c:\Users\LENOVO\.antigravity\extensions\redhat.java-1.54.0-win32-x64\jre\21.0.10-win32-x86_64\bin\VCRUNTIME140.dll
0x00007ffe7ddd0000 - 0x00007ffe7df95000 	C:\WINDOWS\System32\USER32.dll
0x00007ffe5f940000 - 0x00007ffe5fbd3000 	C:\WINDOWS\WinSxS\amd64_microsoft.windows.common-controls_6595b64144ccf1df_6.0.26100.8115_none_3e075c82e3354f9c\COMCTL32.dll
0x00007ffe7c5c0000 - 0x00007ffe7c5e7000 	C:\WINDOWS\System32\win32u.dll
0x00007ffe7f920000 - 0x00007ffe7f9c9000 	C:\WINDOWS\System32\msvcrt.dll
0x00007ffe7f180000 - 0x00007ffe7f1ab000 	C:\WINDOWS\System32\GDI32.dll
0x00007ffe7c490000 - 0x00007ffe7c5bb000 	C:\WINDOWS\System32\gdi32full.dll
0x00007ffe7c960000 - 0x00007ffe7ca03000 	C:\WINDOWS\System32\msvcp_win.dll
0x00007ffe7fad0000 - 0x00007ffe7fb02000 	C:\WINDOWS\System32\IMM32.DLL
0x00007ffe79bd0000 - 0x00007ffe79bdc000 	c:\Users\LENOVO\.antigravity\extensions\redhat.java-1.54.0-win32-x64\jre\21.0.10-win32-x86_64\bin\vcruntime140_1.dll
0x00007ffe666e0000 - 0x00007ffe6676d000 	c:\Users\LENOVO\.antigravity\extensions\redhat.java-1.54.0-win32-x64\jre\21.0.10-win32-x86_64\bin\msvcp140.dll
0x00007ffdcc6e0000 - 0x00007ffdcd481000 	c:\Users\LENOVO\.antigravity\extensions\redhat.java-1.54.0-win32-x64\jre\21.0.10-win32-x86_64\bin\server\jvm.dll
0x00007ffe7f0c0000 - 0x00007ffe7f176000 	C:\WINDOWS\System32\ADVAPI32.dll
0x00007ffe7e580000 - 0x00007ffe7e627000 	C:\WINDOWS\System32\sechost.dll
0x00007ffe7dcb0000 - 0x00007ffe7ddc8000 	C:\WINDOWS\System32\RPCRT4.dll
0x00007ffe7e4f0000 - 0x00007ffe7e570000 	C:\WINDOWS\System32\WS2_32.dll
0x00007ffe7c2f0000 - 0x00007ffe7c34e000 	C:\WINDOWS\SYSTEM32\POWRPROF.dll
0x00007ffe73db0000 - 0x00007ffe73de6000 	C:\WINDOWS\SYSTEM32\WINMM.dll
0x00007ffe6e510000 - 0x00007ffe6e51b000 	C:\WINDOWS\SYSTEM32\VERSION.dll
0x00007ffe7c2d0000 - 0x00007ffe7c2e4000 	C:\WINDOWS\SYSTEM32\UMPDC.dll
0x00007ffe7b220000 - 0x00007ffe7b23b000 	C:\WINDOWS\SYSTEM32\kernel.appcore.dll
0x00007ffe77680000 - 0x00007ffe7768a000 	c:\Users\LENOVO\.antigravity\extensions\redhat.java-1.54.0-win32-x64\jre\21.0.10-win32-x86_64\bin\jimage.dll
0x00007ffe77a30000 - 0x00007ffe77c72000 	C:\WINDOWS\SYSTEM32\DBGHELP.DLL
0x00007ffe7ec60000 - 0x00007ffe7efe2000 	C:\WINDOWS\System32\combase.dll
0x00007ffe7e630000 - 0x00007ffe7e708000 	C:\WINDOWS\System32\OLEAUT32.dll
0x00007ffe5ce30000 - 0x00007ffe5ce6b000 	C:\WINDOWS\SYSTEM32\dbgcore.DLL
0x00007ffe7c5f0000 - 0x00007ffe7c695000 	C:\WINDOWS\System32\bcryptPrimitives.dll
0x00007ffe6c540000 - 0x00007ffe6c54f000 	c:\Users\LENOVO\.antigravity\extensions\redhat.java-1.54.0-win32-x64\jre\21.0.10-win32-x86_64\bin\instrument.dll
0x00007ffe6c1a0000 - 0x00007ffe6c1c0000 	c:\Users\LENOVO\.antigravity\extensions\redhat.java-1.54.0-win32-x64\jre\21.0.10-win32-x86_64\bin\java.dll
0x00007ffe7f1b0000 - 0x00007ffe7f917000 	C:\WINDOWS\System32\SHELL32.dll
0x00007ffe7c730000 - 0x00007ffe7c89a000 	C:\WINDOWS\System32\wintypes.dll
0x00007ffe7cce0000 - 0x00007ffe7d548000 	C:\WINDOWS\System32\windows.storage.dll
0x00007ffe7f9d0000 - 0x00007ffe7fac8000 	C:\WINDOWS\System32\SHCORE.dll
0x00007ffe7e7b0000 - 0x00007ffe7e816000 	C:\WINDOWS\System32\shlwapi.dll
0x00007ffe7c3b0000 - 0x00007ffe7c3d9000 	C:\WINDOWS\SYSTEM32\profapi.dll
0x00007ffe68520000 - 0x00007ffe68538000 	c:\Users\LENOVO\.antigravity\extensions\redhat.java-1.54.0-win32-x64\jre\21.0.10-win32-x86_64\bin\zip.dll
0x00007ffe6b560000 - 0x00007ffe6b570000 	C:\Users\LENOVO\.antigravity\extensions\redhat.java-1.54.0-win32-x64\jre\21.0.10-win32-x86_64\bin\net.dll
0x00007ffe6ee10000 - 0x00007ffe6ef3d000 	C:\WINDOWS\SYSTEM32\WINHTTP.dll
0x00007ffe7b790000 - 0x00007ffe7b7fc000 	C:\WINDOWS\system32\mswsock.dll
0x00007ffe68270000 - 0x00007ffe68286000 	C:\Users\LENOVO\.antigravity\extensions\redhat.java-1.54.0-win32-x64\jre\21.0.10-win32-x86_64\bin\nio.dll
0x00007ffe6a250000 - 0x00007ffe6a260000 	c:\Users\LENOVO\.antigravity\extensions\redhat.java-1.54.0-win32-x64\jre\21.0.10-win32-x86_64\bin\verify.dll
0x00007ffe67010000 - 0x00007ffe67055000 	C:\Users\LENOVO\AppData\Roaming\Antigravity\User\globalStorage\redhat.java\1.54.0\config_win\org.eclipse.equinox.launcher\org.eclipse.equinox.launcher.win32.win32.x86_64_1.3.0.v20260203-2149\eclipse_11919.dll
0x00007ffe7e960000 - 0x00007ffe7eaf7000 	C:\WINDOWS\System32\ole32.dll
0x00007ffe7ba70000 - 0x00007ffe7ba8b000 	C:\WINDOWS\SYSTEM32\CRYPTSP.dll
0x00007ffe7b180000 - 0x00007ffe7b1b9000 	C:\WINDOWS\system32\rsaenh.dll
0x00007ffe7b840000 - 0x00007ffe7b873000 	C:\WINDOWS\SYSTEM32\USERENV.dll
0x00007ffe7c380000 - 0x00007ffe7c3aa000 	C:\WINDOWS\SYSTEM32\bcrypt.dll
0x00007ffe7ba90000 - 0x00007ffe7ba9c000 	C:\WINDOWS\SYSTEM32\CRYPTBASE.dll
0x00007ffe7ac90000 - 0x00007ffe7acc2000 	C:\WINDOWS\SYSTEM32\IPHLPAPI.DLL
0x00007ffe7e740000 - 0x00007ffe7e74a000 	C:\WINDOWS\System32\NSI.dll
0x00007ffe66690000 - 0x00007ffe666d9000 	C:\Users\LENOVO\AppData\Local\Temp\jna--2053026509\jna7860710248587919041.dll
0x00007ffe7e440000 - 0x00007ffe7e448000 	C:\WINDOWS\System32\PSAPI.DLL

JVMTI agents:
c:\Users\LENOVO\.antigravity\extensions\redhat.java-1.54.0-win32-x64\lombok\lombok-1.18.39-4050.jar path:c:\Users\LENOVO\.antigravity\extensions\redhat.java-1.54.0-win32-x64\jre\21.0.10-win32-x86_64\bin\instrument.dll, loaded, initialized, instrumentlib options:none

dbghelp: loaded successfully - version: 4.0.5 - missing functions: none
symbol engine: initialized successfully - sym options: 0x614 - pdb path: .;c:\Users\LENOVO\.antigravity\extensions\redhat.java-1.54.0-win32-x64\jre\21.0.10-win32-x86_64\bin;C:\WINDOWS\SYSTEM32;C:\WINDOWS\WinSxS\amd64_microsoft.windows.common-controls_6595b64144ccf1df_6.0.26100.8115_none_3e075c82e3354f9c;c:\Users\LENOVO\.antigravity\extensions\redhat.java-1.54.0-win32-x64\jre\21.0.10-win32-x86_64\bin\server;C:\Users\LENOVO\AppData\Roaming\Antigravity\User\globalStorage\redhat.java\1.54.0\config_win\org.eclipse.equinox.launcher\org.eclipse.equinox.launcher.win32.win32.x86_64_1.3.0.v20260203-2149;C:\Users\LENOVO\AppData\Local\Temp\jna--2053026509

VM Arguments:
jvm_args: --add-modules=ALL-SYSTEM --add-opens=java.base/java.util=ALL-UNNAMED --add-opens=java.base/java.lang=ALL-UNNAMED --add-opens=java.base/sun.nio.fs=ALL-UNNAMED -Declipse.application=org.eclipse.jdt.ls.core.id1 -Dosgi.bundles.defaultStartLevel=4 -Declipse.product=org.eclipse.jdt.ls.core.product -Djava.import.generatesMetadataFilesAtProjectRoot=false -DDetectVMInstallationsJob.disabled=true -Dfile.encoding=utf8 -XX:+UseParallelGC -XX:GCTimeRatio=4 -XX:AdaptiveSizePolicyWeight=90 -Dsun.zip.disableMemoryMapping=true -Xmx2G -Xms100m -Xlog:disable -javaagent:c:\Users\LENOVO\.antigravity\extensions\redhat.java-1.54.0-win32-x64\lombok\lombok-1.18.39-4050.jar -XX:+HeapDumpOnOutOfMemoryError -XX:HeapDumpPath=c:\Users\LENOVO\AppData\Roaming\Antigravity\User\workspaceStorage\c32ad2883d698218fc90bdae50dd7373\redhat.java -Daether.dependencyCollector.impl=bf 
java_command: c:\Users\LENOVO\.antigravity\extensions\redhat.java-1.54.0-win32-x64\server\plugins\org.eclipse.equinox.launcher_1.7.100.v20251111-0406.jar -configuration c:\Users\LENOVO\AppData\Roaming\Antigravity\User\globalStorage\redhat.java\1.54.0\config_win -data c:\Users\LENOVO\AppData\Roaming\Antigravity\User\workspaceStorage\c32ad2883d698218fc90bdae50dd7373\redhat.java\jdt_ws --pipe=\\.\pipe\lsp-7e0cebb283dd18ac906a9db7f1ca0788-sock
java_class_path (initial): c:\Users\LENOVO\.antigravity\extensions\redhat.java-1.54.0-win32-x64\server\plugins\org.eclipse.equinox.launcher_1.7.100.v20251111-0406.jar
Launcher Type: SUN_STANDARD

[Global flags]
    uintx AdaptiveSizePolicyWeight                 = 90                                        {product} {command line}
     intx CICompilerCount                          = 4                                         {product} {ergonomic}
    uintx GCTimeRatio                              = 4                                         {product} {command line}
     bool HeapDumpOnOutOfMemoryError               = true                                   {manageable} {command line}
    ccstr HeapDumpPath                             = c:\Users\LENOVO\AppData\Roaming\Antigravity\User\workspaceStorage\c32ad2883d698218fc90bdae50dd7373\redhat.java         {manageable} {command line}
   size_t InitialHeapSize                          = 104857600                                 {product} {command line}
   size_t MaxHeapSize                              = 2147483648                                {product} {command line}
   size_t MaxNewSize                               = 715653120                                 {product} {ergonomic}
   size_t MinHeapDeltaBytes                        = 524288                                    {product} {ergonomic}
   size_t MinHeapSize                              = 104857600                                 {product} {command line}
   size_t NewSize                                  = 34603008                                  {product} {ergonomic}
    uintx NonNMethodCodeHeapSize                   = 5839372                                {pd product} {ergonomic}
    uintx NonProfiledCodeHeapSize                  = 122909434                              {pd product} {ergonomic}
   size_t OldSize                                  = 70254592                                  {product} {ergonomic}
    uintx ProfiledCodeHeapSize                     = 122909434                              {pd product} {ergonomic}
    uintx ReservedCodeCacheSize                    = 251658240                              {pd product} {ergonomic}
     bool SegmentedCodeCache                       = true                                      {product} {ergonomic}
   size_t SoftMaxHeapSize                          = 2147483648                             {manageable} {ergonomic}
     bool UseCompressedOops                        = true                           {product lp64_product} {ergonomic}
     bool UseLargePagesIndividualAllocation        = false                                  {pd product} {ergonomic}
     bool UseParallelGC                            = true                                      {product} {command line}

Logging:
Log output configuration:
 #0: stdout all=off uptime,level,tags foldmultilines=false
 #1: stderr all=off uptime,level,tags foldmultilines=false

Release file:
JAVA_VERSION="21.0.10" 
MODULES="java.base java.compiler java.datatransfer java.xml java.prefs java.desktop java.instrument java.logging java.management java.security.sasl java.naming java.rmi java.management.rmi java.net.http java.scripting java.security.jgss java.transaction.xa java.sql java.sql.rowset java.xml.crypto java.se java.smartcardio jdk.accessibility jdk.internal.jvmstat jdk.attach jdk.charsets jdk.internal.opt jdk.zipfs jdk.compiler jdk.crypto.ec jdk.crypto.cryptoki jdk.crypto.mscapi jdk.dynalink jdk.internal.ed jdk.editpad jdk.hotspot.agent jdk.httpserver jdk.internal.le jdk.internal.vm.ci jdk.internal.vm.compiler jdk.internal.vm.compiler.management jdk.jartool jdk.javadoc jdk.jcmd jdk.management jdk.management.agent jdk.jconsole jdk.jdeps jdk.jdwp.agent jdk.jdi jdk.jfr jdk.jshell jdk.jsobject jdk.jstatd jdk.localedata jdk.management.jfr jdk.naming.dns jdk.naming.rmi jdk.net jdk.nio.mapmode jdk.random jdk.sctp jdk.security.auth jdk.security.jgss jdk.unsupported jdk.unsupported.desktop jdk.xml.dom" 

Environment Variables:
JAVA_HOME=C:\Program Files\Java\jdk-20
PATH=C:\Users\LENOVO\Downloads\apache-maven-3.9.14-bin\apache-maven-3.9.14\bin;C:\Program Files\MongoDB\Server\8.2\bin;C:\Program Files\Eclipse Adoptium\jdk-17.0.17.10-hotspot\bin;C:\oraclexe\app\oracle\product\11.2.0\server\bin;C:\xampp\php;C:\Program Files\MySQL\MySQL Server 8.0\bin;C:\Python 3.12\Python 3.12.exe;C:\Users\LENOVO\AppData\Local\Programs\Python\Python312\python.exe;C:\Users\LENOVO\Downloads\flutter_windows_3.16.0-stable\flutter\bin;C:\ProgramData\Oracle\Java\javapath;C:\Program Files\Java\jdk-21.0.1\bin;C:\Program Files\Common Files\Oracle\Java\javapath;C:\Program Files\Java\jdk-20\bin;C:\Users\LENOVO\Downloads\sqldeveloper-23.1.0.097.1607-x64\sqldeveloper\sqldeveloper\bin;C:\Users\LENOVO\Downloads\msys2-x86_64-20230318.exe;C:\WINDOWS\system32;C:\WINDOWS;C:\WINDOWS\System32\Wbem;C:\WINDOWS\System32\WindowsPowerShell\v1.0\;C:\WINDOWS\System32\OpenSSH\;C:\Program Files\Git\cmd;C:\Program Files\Git\bin;C:\Program Files\dotnet\;C:\Users\LENOVO\AppData\Local\Android\Sdk\platform-tools;C:\Users\LENOVO\AppData\Local\Android\Sdk\emulator;C:\Users\LENOVO\Downloads\php-8.3.11-nts-Win32-vs16-x64;C:\ProgramData\ComposerSetup\bin;C:\Program Files\nodejs\;C:\Program Files\Microsoft SQL Server\150\Tools\Binn\;C:\Program Files\Docker\Docker\resources\bin;C:\Program Files\Vagrant\bin;C:\Program Files\Cloudflare\Cloudflare WARP\;C:\Users\LENOVO\scoop\shims;C:\Program Files\MySQL\MySQL Shell 8.0\bin\;C:\Users\LENOVO\AppData\Local\Programs\Python\Launcher\;C:\Python27\python.exe;C:\Users\LENOVO\AppData\Local\Programs\Python\Python311;C:\Users\LENOVO\AppData\Local\Programs\Python\Python311\Scripts\;C:\Python27;C:\Users\LENOVO\AppData\Local\Microsoft\WindowsApps;C:\Program Files\JetBrains\PyCharm Community Edition 2023.1\bin;;C:\Users\LENOVO\AppData\Local\GitHubDesktop\bin;C:\Users\LENOVO\.dotnet\tools;C:\Program Files (x86)\Nmap;C:\Users\LENOVO\AppData\Local\Programs\MiKTeX\miktex\bin\x64\;C:\Users\LENOVO\AppData\Roaming\Composer\vendor\bin;C:\xampp\php;C:\Program Files\JetBrains\IntelliJ IDEA 2024.2.1\bin;;C:\Flex Windows\gcc\bin;C:\Flex Windows\Lex\bin;C:\Flex Windows\bison\bin;C:\Users\LENOVO\AppData\Local\Muse Hub\lib;C:\Users\LENOVO\AppData\Local\Programs\Microsoft VS Code\bin;C:\Users\LENOVO\AppData\Local\Programs\cursor\resources\app\bin;C:\Users\LENOVO\AppData\Roaming\npm;C:\Users\LENOVO\AppData\Local\Programs\Antigravity\bin;
USERNAME=LENOVO
OS=Windows_NT
PROCESSOR_IDENTIFIER=Intel64 Family 6 Model 140 Stepping 2, GenuineIntel
TMP=C:\Users\LENOVO\AppData\Local\Temp
TEMP=C:\Users\LENOVO\AppData\Local\Temp




Periodic native trim disabled

---------------  S Y S T E M  ---------------

OS:
 Windows 11 , 64 bit Build 26100 (10.0.26100.8246)
OS uptime: 0 days 3:09 hours
Hyper-V role detected

CPU: total 8 (initial active 8) (4 cores per cpu, 2 threads per core) family 6 model 140 stepping 2 microcode 0x26, cx8, cmov, fxsr, ht, mmx, 3dnowpref, sse, sse2, sse3, ssse3, sse4.1, sse4.2, popcnt, lzcnt, tsc, tscinvbit, avx, avx2, aes, erms, clmul, bmi1, bmi2, adx, avx512f, avx512dq, avx512cd, avx512bw, avx512vl, sha, fma, vzeroupper, avx512_vpopcntdq, avx512_vpclmulqdq, avx512_vaes, avx512_vnni, clflush, clflushopt, clwb, avx512_vbmi2, avx512_vbmi, hv, rdtscp, rdpid, fsrm, gfni, avx512_bitalg, f16c, cet_ibt, cet_ss, avx512_ifma
Processor Information for the first 8 processors :
  Max Mhz: 3187, Current Mhz: 3187, Mhz Limit: 3187

Memory: 4k page, system-wide physical 16167M (1880M free)
TotalPageFile size 21167M (AvailPageFile size 2M)
current process WorkingSet (physical memory assigned to process): 170M, peak: 170M
current process commit charge ("private bytes"): 299M, peak: 300M

vm_info: OpenJDK 64-Bit Server VM (21.0.10+7-LTS) for windows-amd64 JRE (21.0.10+7-LTS), built on 2026-01-20T00:00:00Z by "admin" with MS VC++ 17.12 (VS2022)

END.
