#
# There is insufficient memory for the Java Runtime Environment to continue.
# Native memory allocation (malloc) failed to allocate 1637776 bytes. Error detail: Chunk::new
# Possible reasons:
#   The system is out of physical RAM or swap space
#   This process is running with CompressedOops enabled, and the Java Heap may be blocking the growth of the native heap
# Possible solutions:
#   Reduce memory load on the system
#   Increase physical memory or swap space
#   Check if swap backing store is full
#   Decrease Java heap size (-Xmx/-Xms)
#   Decrease number of Java threads
#   Decrease Java thread stack sizes (-Xss)
#   Set larger code cache with -XX:ReservedCodeCacheSize=
#   JVM is running with Unscaled Compressed Oops mode in which the Java heap is
#     placed in the first 4GB address space. The Java Heap base address is the
#     maximum limit for the native heap growth. Please use -XX:HeapBaseMinAddress
#     to set the Java Heap base and to place the Java Heap above 4GB virtual address.
# This output file may be truncated or incomplete.
#
#  Out of Memory Error (arena.cpp:168), pid=14168, tid=14536
#
# JRE version: OpenJDK Runtime Environment Temurin-21.0.10+7 (21.0.10+7) (build 21.0.10+7-LTS)
# Java VM: OpenJDK 64-Bit Server VM Temurin-21.0.10+7 (21.0.10+7-LTS, mixed mode, sharing, tiered, compressed oops, compressed class ptrs, parallel gc, windows-amd64)
# No core dump will be written. Minidumps are not enabled by default on client versions of Windows
#

---------------  S U M M A R Y ------------

Command Line: --add-modules=ALL-SYSTEM --add-opens=java.base/java.util=ALL-UNNAMED --add-opens=java.base/java.lang=ALL-UNNAMED --add-opens=java.base/sun.nio.fs=ALL-UNNAMED -Declipse.application=org.eclipse.jdt.ls.core.id1 -Dosgi.bundles.defaultStartLevel=4 -Declipse.product=org.eclipse.jdt.ls.core.product -Djava.import.generatesMetadataFilesAtProjectRoot=false -DDetectVMInstallationsJob.disabled=true -Dfile.encoding=utf8 -XX:+UseParallelGC -XX:GCTimeRatio=4 -XX:AdaptiveSizePolicyWeight=90 -Dsun.zip.disableMemoryMapping=true -Xmx2G -Xms100m -Xlog:disable -javaagent:c:\Users\LENOVO\.antigravity\extensions\redhat.java-1.54.0-win32-x64\lombok\lombok-1.18.39-4050.jar -XX:+HeapDumpOnOutOfMemoryError -XX:HeapDumpPath=c:\Users\LENOVO\AppData\Roaming\Antigravity\User\workspaceStorage\c32ad2883d698218fc90bdae50dd7373\redhat.java -Daether.dependencyCollector.impl=bf c:\Users\LENOVO\.antigravity\extensions\redhat.java-1.54.0-win32-x64\server\plugins\org.eclipse.equinox.launcher_1.7.100.v20251111-0406.jar -configuration c:\Users\LENOVO\AppData\Roaming\Antigravity\User\globalStorage\redhat.java\1.54.0\config_win -data c:\Users\LENOVO\AppData\Roaming\Antigravity\User\workspaceStorage\c32ad2883d698218fc90bdae50dd7373\redhat.java\jdt_ws --pipe=\\.\pipe\lsp-6b81f40289400c245a8869d5f09fc41d-sock

Host: 11th Gen Intel(R) Core(TM) i5-11320H @ 3.20GHz, 8 cores, 15G,  Windows 11 , 64 bit Build 26100 (10.0.26100.8246)
Time: Thu Apr 16 01:16:38 2026 Paris, Madrid elapsed time: 4317.318012 seconds (0d 1h 11m 57s)

---------------  T H R E A D  ---------------

Current thread (0x000001c09b606b00):  JavaThread "C2 CompilerThread1" daemon [_thread_in_native, id=14536, stack(0x0000008317a00000,0x0000008317b00000) (1024K)]


Current CompileTask:
C2:4317318 14635   !   4       com.google.inject.spi.InjectionPoint::getInjectionPoints (489 bytes)

Stack: [0x0000008317a00000,0x0000008317b00000]
Native frames: (J=compiled Java code, j=interpreted, Vv=VM code, C=native code)
V  [jvm.dll+0x6d7a39]
V  [jvm.dll+0x8b4b26]
V  [jvm.dll+0x8b70de]
V  [jvm.dll+0x8b77c3]
V  [jvm.dll+0x284346]
V  [jvm.dll+0xc66ed]
V  [jvm.dll+0xc6c31]
V  [jvm.dll+0x3bec01]
V  [jvm.dll+0x38b162]
V  [jvm.dll+0x38a5aa]
V  [jvm.dll+0x24c560]
V  [jvm.dll+0x24bb40]
V  [jvm.dll+0x1cb34e]
V  [jvm.dll+0x25b85d]
V  [jvm.dll+0x259dea]
V  [jvm.dll+0x3f857e]
V  [jvm.dll+0x85f59d]
V  [jvm.dll+0x6d626d]
C  [ucrtbase.dll+0x37b0]
C  [KERNEL32.DLL+0x2e8d7]
C  [ntdll.dll+0x8c3fc]


---------------  P R O C E S S  ---------------

Threads class SMR info:
_java_thread_list=0x000001c09a8321e0, length=40, elements={
0x000001c0398253a0, 0x000001c0398ddb60, 0x000001c039795f80, 0x000001c0397a2850,
0x000001c0397a32b0, 0x000001c0397a4980, 0x000001c0397a7de0, 0x000001c0397b9cf0,
0x000001c0397ba840, 0x000001c092c816a0, 0x000001c092df9e70, 0x000001c0976e80f0,
0x000001c097936fe0, 0x000001c09770db10, 0x000001c09770e180, 0x000001c097d07df0,
0x000001c097fcb310, 0x000001c097ab37e0, 0x000001c098256510, 0x000001c098255e80,
0x000001c0982578c0, 0x000001c098257f50, 0x000001c098254ad0, 0x000001c098255160,
0x000001c0982557f0, 0x000001c09a3ffc80, 0x000001c09a400310, 0x000001c09a4009a0,
0x000001c09a3ff5f0, 0x000001c09a4023e0, 0x000001c09a402a70, 0x000001c09a401d50,
0x000001c09a403790, 0x000001c09a4016c0, 0x000001c09a75dab0, 0x000001c09b606b00,
0x000001c09b6078a0, 0x000001c09a75d420, 0x000001c09a75e140, 0x000001c09a75acc0
}

Java Threads: ( => current thread )
  0x000001c0398253a0 JavaThread "main"                              [_thread_blocked, id=10840, stack(0x0000008317c00000,0x0000008317d00000) (1024K)]
  0x000001c0398ddb60 JavaThread "Reference Handler"          daemon [_thread_blocked, id=15772, stack(0x0000008318000000,0x0000008318100000) (1024K)]
  0x000001c039795f80 JavaThread "Finalizer"                  daemon [_thread_blocked, id=13860, stack(0x0000008318100000,0x0000008318200000) (1024K)]
  0x000001c0397a2850 JavaThread "Signal Dispatcher"          daemon [_thread_blocked, id=6692, stack(0x0000008318200000,0x0000008318300000) (1024K)]
  0x000001c0397a32b0 JavaThread "Attach Listener"            daemon [_thread_blocked, id=17616, stack(0x0000008318300000,0x0000008318400000) (1024K)]
  0x000001c0397a4980 JavaThread "Service Thread"             daemon [_thread_blocked, id=21860, stack(0x0000008318400000,0x0000008318500000) (1024K)]
  0x000001c0397a7de0 JavaThread "Monitor Deflation Thread"   daemon [_thread_blocked, id=20824, stack(0x0000008318500000,0x0000008318600000) (1024K)]
  0x000001c0397b9cf0 JavaThread "C2 CompilerThread0"         daemon [_thread_blocked, id=16840, stack(0x0000008318600000,0x0000008318700000) (1024K)]
  0x000001c0397ba840 JavaThread "C1 CompilerThread0"         daemon [_thread_blocked, id=19712, stack(0x0000008318700000,0x0000008318800000) (1024K)]
  0x000001c092c816a0 JavaThread "Common-Cleaner"             daemon [_thread_blocked, id=13136, stack(0x0000008318900000,0x0000008318a00000) (1024K)]
  0x000001c092df9e70 JavaThread "Notification Thread"        daemon [_thread_blocked, id=8924, stack(0x0000008318a00000,0x0000008318b00000) (1024K)]
  0x000001c0976e80f0 JavaThread "Active Thread: Equinox Container: 0514e2a2-1111-4343-9ac5-dbac33f94160"        [_thread_blocked, id=21880, stack(0x0000008319200000,0x0000008319300000) (1024K)]
  0x000001c097936fe0 JavaThread "Refresh Thread: Equinox Container: 0514e2a2-1111-4343-9ac5-dbac33f94160" daemon [_thread_blocked, id=4540, stack(0x0000008319400000,0x0000008319500000) (1024K)]
  0x000001c09770db10 JavaThread "Framework Event Dispatcher: Equinox Container: 0514e2a2-1111-4343-9ac5-dbac33f94160" daemon [_thread_blocked, id=15080, stack(0x0000008319500000,0x0000008319600000) (1024K)]
  0x000001c09770e180 JavaThread "Start Level: Equinox Container: 0514e2a2-1111-4343-9ac5-dbac33f94160" daemon [_thread_blocked, id=4296, stack(0x0000008319600000,0x0000008319700000) (1024K)]
  0x000001c097d07df0 JavaThread "Bundle File Closer"         daemon [_thread_blocked, id=21188, stack(0x0000008319700000,0x0000008319800000) (1024K)]
  0x000001c097fcb310 JavaThread "SCR Component Actor"        daemon [_thread_blocked, id=15248, stack(0x0000008318800000,0x0000008318900000) (1024K)]
  0x000001c097ab37e0 JavaThread "Worker-JM"                         [_thread_blocked, id=15300, stack(0x0000008319900000,0x0000008319a00000) (1024K)]
  0x000001c098256510 JavaThread "JNA Cleaner"                daemon [_thread_blocked, id=14952, stack(0x0000008319a00000,0x0000008319b00000) (1024K)]
  0x000001c098255e80 JavaThread "Java indexing"              daemon [_thread_blocked, id=18520, stack(0x0000008319d00000,0x0000008319e00000) (1024K)]
  0x000001c0982578c0 JavaThread "Worker-2"                          [_thread_blocked, id=13164, stack(0x000000831a000000,0x000000831a100000) (1024K)]
  0x000001c098257f50 JavaThread "Worker-3"                          [_thread_blocked, id=19476, stack(0x000000831a100000,0x000000831a200000) (1024K)]
  0x000001c098254ad0 JavaThread "Thread-1"                   daemon [_thread_in_native, id=19612, stack(0x000000831a200000,0x000000831a300000) (1024K)]
  0x000001c098255160 JavaThread "Thread-2"                   daemon [_thread_in_native, id=1916, stack(0x000000831a300000,0x000000831a400000) (1024K)]
  0x000001c0982557f0 JavaThread "Thread-3"                   daemon [_thread_in_native, id=23260, stack(0x000000831a400000,0x000000831a500000) (1024K)]
  0x000001c09a3ffc80 JavaThread "Thread-4"                   daemon [_thread_in_native, id=15648, stack(0x000000831a500000,0x000000831a600000) (1024K)]
  0x000001c09a400310 JavaThread "Thread-5"                   daemon [_thread_in_native, id=7716, stack(0x000000831a600000,0x000000831a700000) (1024K)]
  0x000001c09a4009a0 JavaThread "Thread-6"                   daemon [_thread_in_native, id=21944, stack(0x000000831a700000,0x000000831a800000) (1024K)]
  0x000001c09a3ff5f0 JavaThread "Thread-7"                   daemon [_thread_in_native, id=15464, stack(0x000000831a800000,0x000000831a900000) (1024K)]
  0x000001c09a4023e0 JavaThread "Thread-8"                   daemon [_thread_in_native, id=13688, stack(0x000000831a900000,0x000000831aa00000) (1024K)]
  0x000001c09a402a70 JavaThread "Thread-9"                   daemon [_thread_in_native, id=1632, stack(0x000000831aa00000,0x000000831ab00000) (1024K)]
  0x000001c09a401d50 JavaThread "pool-2-thread-1"                   [_thread_blocked, id=18944, stack(0x000000831ab00000,0x000000831ac00000) (1024K)]
  0x000001c09a403790 JavaThread "WorkspaceEventsHandler"            [_thread_blocked, id=13724, stack(0x000000831ac00000,0x000000831ad00000) (1024K)]
  0x000001c09a4016c0 JavaThread "pool-1-thread-1"                   [_thread_blocked, id=2004, stack(0x000000831ad00000,0x000000831ae00000) (1024K)]
  0x000001c09a75dab0 JavaThread "Worker-4"                          [_thread_blocked, id=3356, stack(0x0000008317900000,0x0000008317a00000) (1024K)]
=>0x000001c09b606b00 JavaThread "C2 CompilerThread1"         daemon [_thread_in_native, id=14536, stack(0x0000008317a00000,0x0000008317b00000) (1024K)]
  0x000001c09b6078a0 JavaThread "C2 CompilerThread2"         daemon [_thread_blocked, id=20868, stack(0x0000008317b00000,0x0000008317c00000) (1024K)]
  0x000001c09a75d420 JavaThread "Compiler Source File Reader" daemon [_thread_blocked, id=2748, stack(0x0000008318b00000,0x0000008318c00000) (1024K)]
  0x000001c09a75e140 JavaThread "Compiler Processing Task"   daemon [_thread_blocked, id=3432, stack(0x0000008319800000,0x0000008319900000) (1024K)]
  0x000001c09a75acc0 JavaThread "Worker-5"                          [_thread_blocked, id=19564, stack(0x0000008319b00000,0x0000008319c00000) (1024K)]
Total: 40

Other Threads:
  0x000001c039791d90 VMThread "VM Thread"                           [id=16400, stack(0x0000008317f00000,0x0000008318000000) (1024K)]
  0x000001c0398955a0 WatcherThread "VM Periodic Task Thread"        [id=1436, stack(0x0000008317e00000,0x0000008317f00000) (1024K)]
  0x000001c0398438f0 WorkerThread "GC Thread#0"                     [id=20972, stack(0x0000008317d00000,0x0000008317e00000) (1024K)]
  0x000001c0974bf9b0 WorkerThread "GC Thread#1"                     [id=12844, stack(0x0000008318c00000,0x0000008318d00000) (1024K)]
  0x000001c0975d4cb0 WorkerThread "GC Thread#2"                     [id=17508, stack(0x0000008318d00000,0x0000008318e00000) (1024K)]
  0x000001c0975d5060 WorkerThread "GC Thread#3"                     [id=5904, stack(0x0000008318e00000,0x0000008318f00000) (1024K)]
  0x000001c09795d760 WorkerThread "GC Thread#4"                     [id=21236, stack(0x0000008318f00000,0x0000008319000000) (1024K)]
  0x000001c0975fb990 WorkerThread "GC Thread#5"                     [id=18664, stack(0x0000008319000000,0x0000008319100000) (1024K)]
  0x000001c09795db10 WorkerThread "GC Thread#6"                     [id=6104, stack(0x0000008319100000,0x0000008319200000) (1024K)]
  0x000001c097895380 WorkerThread "GC Thread#7"                     [id=152, stack(0x0000008319300000,0x0000008319400000) (1024K)]
Total: 10

Threads with active compile tasks:
C2 CompilerThread1  4317341 14635   !   4       com.google.inject.spi.InjectionPoint::getInjectionPoints (489 bytes)
Total: 1

VM state: not at safepoint (normal execution)

VM Mutex/Monitor currently owned by a thread: None

Heap address: 0x0000000080000000, size: 2048 MB, Compressed Oops mode: 32-bit

CDS archive(s) mapped at: [0x000001c051000000-0x000001c051ba0000-0x000001c051ba0000), size 12189696, SharedBaseAddress: 0x000001c051000000, ArchiveRelocationMode: 1.
Compressed class space mapped at: 0x000001c052000000-0x000001c092000000, reserved size: 1073741824
Narrow klass base: 0x000001c051000000, Narrow klass shift: 0, Narrow klass range: 0x100000000

GC Precious Log:
 CardTable entry size: 512
 CPUs: 8 total, 8 available
 Memory: 16167M
 Large Page Support: Disabled
 NUMA Support: Disabled
 Compressed Oops: Enabled (32-bit)
 Alignments: Space 512K, Generation 512K, Heap 2M
 Heap Min Capacity: 100M
 Heap Initial Capacity: 100M
 Heap Max Capacity: 2G
 Pre-touch: Disabled
 Parallel Workers: 8

Heap:
 PSYoungGen      total 5120K, used 2546K [0x00000000d5580000, 0x00000000d5c00000, 0x0000000100000000)
  eden space 4608K, 46% used [0x00000000d5580000,0x00000000d57961c0,0x00000000d5a00000)
  from space 512K, 80% used [0x00000000d5b80000,0x00000000d5be68c8,0x00000000d5c00000)
  to   space 512K, 0% used [0x00000000d5a00000,0x00000000d5a00000,0x00000000d5a80000)
 ParOldGen       total 192000K, used 190803K [0x0000000080000000, 0x000000008bb80000, 0x00000000d5580000)
  object space 192000K, 99% used [0x0000000080000000,0x000000008ba54e10,0x000000008bb80000)
 Metaspace       used 67513K, committed 69056K, reserved 1114112K
  class space    used 6997K, committed 7616K, reserved 1048576K

Card table byte_map: [0x000001c0391c0000,0x000001c0395d0000] _byte_map_base: 0x000001c038dc0000

Marking Bits: (ParMarkBitMap*) 0x00007ffdcd3a3450
 Begin Bits: [0x000001c04bcd0000, 0x000001c04dcd0000)
 End Bits:   [0x000001c04dcd0000, 0x000001c04fcd0000)

Polling page: 0x000001c037640000

Metaspace:

Usage:
  Non-class:     59.10 MB used.
      Class:      6.83 MB used.
       Both:     65.93 MB used.

Virtual space:
  Non-class space:       64.00 MB reserved,      60.00 MB ( 94%) committed,  1 nodes.
      Class space:        1.00 GB reserved,       7.44 MB ( <1%) committed,  1 nodes.
             Both:        1.06 GB reserved,      67.44 MB (  6%) committed. 

Chunk freelists:
   Non-Class:  3.87 MB
       Class:  8.38 MB
        Both:  12.25 MB

MaxMetaspaceSize: unlimited
CompressedClassSpaceSize: 1.00 GB
Initial GC threshold: 21.00 MB
Current GC threshold: 97.31 MB
CDS: on
 - commit_granule_bytes: 65536.
 - commit_granule_words: 8192.
 - virtual_space_node_default_size: 8388608.
 - enlarge_chunks_in_place: 1.
 - use_allocation_guard: 0.


Internal statistics:

num_allocs_failed_limit: 9.
num_arena_births: 1314.
num_arena_deaths: 14.
num_vsnodes_births: 2.
num_vsnodes_deaths: 0.
num_space_committed: 1079.
num_space_uncommitted: 0.
num_chunks_returned_to_freelist: 23.
num_chunks_taken_from_freelist: 4483.
num_chunk_merges: 15.
num_chunk_splits: 2807.
num_chunks_enlarged: 1649.
num_inconsistent_stats: 0.

CodeHeap 'non-profiled nmethods': size=120000Kb used=11638Kb max_used=11638Kb free=108361Kb
 bounds [0x000001c0444f0000, 0x000001c045050000, 0x000001c04ba20000]
CodeHeap 'profiled nmethods': size=120000Kb used=32270Kb max_used=32270Kb free=87729Kb
 bounds [0x000001c03ca20000, 0x000001c03e9b0000, 0x000001c043f50000]
CodeHeap 'non-nmethods': size=5760Kb used=1451Kb max_used=1561Kb free=4309Kb
 bounds [0x000001c043f50000, 0x000001c0441c0000, 0x000001c0444f0000]
CodeCache: size=245760Kb, used=45359Kb, max_used=45469Kb, free=200399Kb
 total_blobs=14634, nmethods=13885, adapters=653, full_count=0
Compilation: enabled, stopped_count=0, restarted_count=0

Compilation events (20 events):
Event: 4316.173 Thread 0x000001c0397ba840 14738       3       java.util.LinkedList::peek (18 bytes)
Event: 4316.173 Thread 0x000001c0397ba840 nmethod 14738 0x000001c03e99de10 code [0x000001c03e99dfc0, 0x000001c03e99e148]
Event: 4316.173 Thread 0x000001c0397ba840 14739       3       org.eclipse.core.runtime.ProgressMonitorWrapper::internalWorked (11 bytes)
Event: 4316.173 Thread 0x000001c0397ba840 nmethod 14739 0x000001c03e99e210 code [0x000001c03e99e3c0, 0x000001c03e99e598]
Event: 4316.177 Thread 0x000001c0397ba840 14740       3       sun.invoke.util.VerifyAccess$1::<init> (15 bytes)
Event: 4316.177 Thread 0x000001c0397ba840 nmethod 14740 0x000001c03e99e690 code [0x000001c03e99e840, 0x000001c03e99e9d8]
Event: 4316.177 Thread 0x000001c0397ba840 14741   !   3       sun.invoke.util.VerifyAccess$1::run (16 bytes)
Event: 4316.177 Thread 0x000001c0397ba840 nmethod 14741 0x000001c03e99ea90 code [0x000001c03e99ec40, 0x000001c03e99ede0]
Event: 4316.177 Thread 0x000001c0397ba840 14742       3       sun.invoke.util.VerifyAccess$1::run (5 bytes)
Event: 4316.177 Thread 0x000001c0397ba840 nmethod 14742 0x000001c03e99ee90 code [0x000001c03e99f040, 0x000001c03e99f250]
Event: 4316.180 Thread 0x000001c0397ba840 14743       1       org.eclipse.lsp4j.jsonrpc.RemoteEndpoint::getJsonHandler (5 bytes)
Event: 4316.180 Thread 0x000001c0397ba840 nmethod 14743 0x000001c04504d310 code [0x000001c04504d4a0, 0x000001c04504d568]
Event: 4316.180 Thread 0x000001c0397ba840 14744   !   3       org.eclipse.jdt.ls.core.internal.ConnectionStreamFactory$NamedPipeOutputStream::write (130 bytes)
Event: 4316.180 Thread 0x000001c0397ba840 nmethod 14744 0x000001c03e99f390 code [0x000001c03e99f5c0, 0x000001c03e99fcc0]
Event: 4316.181 Thread 0x000001c0397ba840 14745       3       org.eclipse.core.internal.dtree.DeltaDataTree::getData (135 bytes)
Event: 4316.182 Thread 0x000001c0397ba840 nmethod 14745 0x000001c03e99ff90 code [0x000001c03e9a0260, 0x000001c03e9a1290]
Event: 4316.182 Thread 0x000001c0397ba840 14746       1       org.eclipse.core.internal.dtree.NodeComparison::getUserComparison (5 bytes)
Event: 4316.182 Thread 0x000001c0397ba840 nmethod 14746 0x000001c04504d610 code [0x000001c04504d7a0, 0x000001c04504d868]
Event: 4316.182 Thread 0x000001c0397ba840 14747       3       org.eclipse.core.internal.events.ResourceDelta::getResource (103 bytes)
Event: 4316.183 Thread 0x000001c0397ba840 nmethod 14747 0x000001c03e9a1890 code [0x000001c03e9a1c40, 0x000001c03e9a3298]

GC Heap History (20 events):
Event: 4315.570 GC heap before
{Heap before GC invocations=216 (full 3):
 PSYoungGen      total 6656K, used 6239K [0x00000000d5580000, 0x00000000d5d00000, 0x0000000100000000)
  eden space 5632K, 99% used [0x00000000d5580000,0x00000000d5afffe0,0x00000000d5b00000)
  from space 1024K, 59% used [0x00000000d5c00000,0x00000000d5c98000,0x00000000d5d00000)
  to   space 1024K, 0% used [0x00000000d5b00000,0x00000000d5b00000,0x00000000d5c00000)
 ParOldGen       total 156672K, used 156229K [0x0000000080000000, 0x0000000089900000, 0x00000000d5580000)
  object space 156672K, 99% used [0x0000000080000000,0x0000000089891698,0x0000000089900000)
 Metaspace       used 66305K, committed 67840K, reserved 1114112K
  class space    used 6845K, committed 7488K, reserved 1048576K
}
Event: 4315.571 GC heap after
{Heap after GC invocations=216 (full 3):
 PSYoungGen      total 6656K, used 704K [0x00000000d5580000, 0x00000000d5d00000, 0x0000000100000000)
  eden space 5632K, 0% used [0x00000000d5580000,0x00000000d5580000,0x00000000d5b00000)
  from space 1024K, 68% used [0x00000000d5b00000,0x00000000d5bb0020,0x00000000d5c00000)
  to   space 1024K, 0% used [0x00000000d5c00000,0x00000000d5c00000,0x00000000d5d00000)
 ParOldGen       total 156672K, used 156653K [0x0000000080000000, 0x0000000089900000, 0x00000000d5580000)
  object space 156672K, 99% used [0x0000000080000000,0x00000000898fb698,0x0000000089900000)
 Metaspace       used 66305K, committed 67840K, reserved 1114112K
  class space    used 6845K, committed 7488K, reserved 1048576K
}
Event: 4315.599 GC heap before
{Heap before GC invocations=217 (full 3):
 PSYoungGen      total 6656K, used 6336K [0x00000000d5580000, 0x00000000d5d00000, 0x0000000100000000)
  eden space 5632K, 99% used [0x00000000d5580000,0x00000000d5afffe8,0x00000000d5b00000)
  from space 1024K, 68% used [0x00000000d5b00000,0x00000000d5bb0020,0x00000000d5c00000)
  to   space 1024K, 0% used [0x00000000d5c00000,0x00000000d5c00000,0x00000000d5d00000)
 ParOldGen       total 156672K, used 156653K [0x0000000080000000, 0x0000000089900000, 0x00000000d5580000)
  object space 156672K, 99% used [0x0000000080000000,0x00000000898fb698,0x0000000089900000)
 Metaspace       used 66313K, committed 67840K, reserved 1114112K
  class space    used 6845K, committed 7488K, reserved 1048576K
}
Event: 4315.600 GC heap after
{Heap after GC invocations=217 (full 3):
 PSYoungGen      total 6656K, used 640K [0x00000000d5580000, 0x00000000d5d00000, 0x0000000100000000)
  eden space 5632K, 0% used [0x00000000d5580000,0x00000000d5580000,0x00000000d5b00000)
  from space 1024K, 62% used [0x00000000d5c00000,0x00000000d5ca0000,0x00000000d5d00000)
  to   space 1024K, 0% used [0x00000000d5b00000,0x00000000d5b00000,0x00000000d5c00000)
 ParOldGen       total 157184K, used 157013K [0x0000000080000000, 0x0000000089980000, 0x00000000d5580000)
  object space 157184K, 99% used [0x0000000080000000,0x0000000089955698,0x0000000089980000)
 Metaspace       used 66313K, committed 67840K, reserved 1114112K
  class space    used 6845K, committed 7488K, reserved 1048576K
}
Event: 4315.614 GC heap before
{Heap before GC invocations=218 (full 3):
 PSYoungGen      total 6656K, used 6271K [0x00000000d5580000, 0x00000000d5d00000, 0x0000000100000000)
  eden space 5632K, 99% used [0x00000000d5580000,0x00000000d5affff8,0x00000000d5b00000)
  from space 1024K, 62% used [0x00000000d5c00000,0x00000000d5ca0000,0x00000000d5d00000)
  to   space 1024K, 0% used [0x00000000d5b00000,0x00000000d5b00000,0x00000000d5c00000)
 ParOldGen       total 157184K, used 157013K [0x0000000080000000, 0x0000000089980000, 0x00000000d5580000)
  object space 157184K, 99% used [0x0000000080000000,0x0000000089955698,0x0000000089980000)
 Metaspace       used 66332K, committed 67840K, reserved 1114112K
  class space    used 6845K, committed 7488K, reserved 1048576K
}
Event: 4315.615 GC heap after
{Heap after GC invocations=218 (full 3):
 PSYoungGen      total 6656K, used 992K [0x00000000d5580000, 0x00000000d5e00000, 0x0000000100000000)
  eden space 5632K, 0% used [0x00000000d5580000,0x00000000d5580000,0x00000000d5b00000)
  from space 1024K, 96% used [0x00000000d5b00000,0x00000000d5bf8000,0x00000000d5c00000)
  to   space 1536K, 0% used [0x00000000d5c80000,0x00000000d5c80000,0x00000000d5e00000)
 ParOldGen       total 157696K, used 157341K [0x0000000080000000, 0x0000000089a00000, 0x00000000d5580000)
  object space 157696K, 99% used [0x0000000080000000,0x00000000899a7698,0x0000000089a00000)
 Metaspace       used 66332K, committed 67840K, reserved 1114112K
  class space    used 6845K, committed 7488K, reserved 1048576K
}
Event: 4315.632 GC heap before
{Heap before GC invocations=219 (full 3):
 PSYoungGen      total 6656K, used 6624K [0x00000000d5580000, 0x00000000d5e00000, 0x0000000100000000)
  eden space 5632K, 100% used [0x00000000d5580000,0x00000000d5b00000,0x00000000d5b00000)
  from space 1024K, 96% used [0x00000000d5b00000,0x00000000d5bf8000,0x00000000d5c00000)
  to   space 1536K, 0% used [0x00000000d5c80000,0x00000000d5c80000,0x00000000d5e00000)
 ParOldGen       total 157696K, used 157341K [0x0000000080000000, 0x0000000089a00000, 0x00000000d5580000)
  object space 157696K, 99% used [0x0000000080000000,0x00000000899a7698,0x0000000089a00000)
 Metaspace       used 66346K, committed 67840K, reserved 1114112K
  class space    used 6845K, committed 7488K, reserved 1048576K
}
Event: 4315.634 GC heap after
{Heap after GC invocations=219 (full 3):
 PSYoungGen      total 6656K, used 752K [0x00000000d5580000, 0x00000000d5d80000, 0x0000000100000000)
  eden space 5632K, 0% used [0x00000000d5580000,0x00000000d5580000,0x00000000d5b00000)
  from space 1024K, 73% used [0x00000000d5c80000,0x00000000d5d3c010,0x00000000d5d80000)
  to   space 1024K, 0% used [0x00000000d5b00000,0x00000000d5b00000,0x00000000d5c00000)
 ParOldGen       total 158208K, used 157749K [0x0000000080000000, 0x0000000089a80000, 0x00000000d5580000)
  object space 158208K, 99% used [0x0000000080000000,0x0000000089a0d698,0x0000000089a80000)
 Metaspace       used 66346K, committed 67840K, reserved 1114112K
  class space    used 6845K, committed 7488K, reserved 1048576K
}
Event: 4315.700 GC heap before
{Heap before GC invocations=220 (full 3):
 PSYoungGen      total 6656K, used 6381K [0x00000000d5580000, 0x00000000d5d80000, 0x0000000100000000)
  eden space 5632K, 99% used [0x00000000d5580000,0x00000000d5aff688,0x00000000d5b00000)
  from space 1024K, 73% used [0x00000000d5c80000,0x00000000d5d3c010,0x00000000d5d80000)
  to   space 1024K, 0% used [0x00000000d5b00000,0x00000000d5b00000,0x00000000d5c00000)
 ParOldGen       total 158208K, used 157749K [0x0000000080000000, 0x0000000089a80000, 0x00000000d5580000)
  object space 158208K, 99% used [0x0000000080000000,0x0000000089a0d698,0x0000000089a80000)
 Metaspace       used 66372K, committed 67840K, reserved 1114112K
  class space    used 6845K, committed 7488K, reserved 1048576K
}
Event: 4315.701 GC heap after
{Heap after GC invocations=220 (full 3):
 PSYoungGen      total 6656K, used 320K [0x00000000d5580000, 0x00000000d5d00000, 0x0000000100000000)
  eden space 5632K, 0% used [0x00000000d5580000,0x00000000d5580000,0x00000000d5b00000)
  from space 1024K, 31% used [0x00000000d5b00000,0x00000000d5b50000,0x00000000d5c00000)
  to   space 512K, 0% used [0x00000000d5c80000,0x00000000d5c80000,0x00000000d5d00000)
 ParOldGen       total 158208K, used 157981K [0x0000000080000000, 0x0000000089a80000, 0x00000000d5580000)
  object space 158208K, 99% used [0x0000000080000000,0x0000000089a47698,0x0000000089a80000)
 Metaspace       used 66372K, committed 67840K, reserved 1114112K
  class space    used 6845K, committed 7488K, reserved 1048576K
}
Event: 4315.789 GC heap before
{Heap before GC invocations=221 (full 3):
 PSYoungGen      total 6656K, used 5952K [0x00000000d5580000, 0x00000000d5d00000, 0x0000000100000000)
  eden space 5632K, 100% used [0x00000000d5580000,0x00000000d5b00000,0x00000000d5b00000)
  from space 1024K, 31% used [0x00000000d5b00000,0x00000000d5b50000,0x00000000d5c00000)
  to   space 512K, 0% used [0x00000000d5c80000,0x00000000d5c80000,0x00000000d5d00000)
 ParOldGen       total 158208K, used 157981K [0x0000000080000000, 0x0000000089a80000, 0x00000000d5580000)
  object space 158208K, 99% used [0x0000000080000000,0x0000000089a47698,0x0000000089a80000)
 Metaspace       used 66578K, committed 68032K, reserved 1114112K
  class space    used 6880K, committed 7488K, reserved 1048576K
}
Event: 4315.790 GC heap after
{Heap after GC invocations=221 (full 3):
 PSYoungGen      total 6144K, used 512K [0x00000000d5580000, 0x00000000d5d00000, 0x0000000100000000)
  eden space 5632K, 0% used [0x00000000d5580000,0x00000000d5580000,0x00000000d5b00000)
  from space 512K, 100% used [0x00000000d5c80000,0x00000000d5d00000,0x00000000d5d00000)
  to   space 1024K, 0% used [0x00000000d5b00000,0x00000000d5b00000,0x00000000d5c00000)
 ParOldGen       total 158720K, used 158237K [0x0000000080000000, 0x0000000089b00000, 0x00000000d5580000)
  object space 158720K, 99% used [0x0000000080000000,0x0000000089a87698,0x0000000089b00000)
 Metaspace       used 66578K, committed 68032K, reserved 1114112K
  class space    used 6880K, committed 7488K, reserved 1048576K
}
Event: 4315.859 GC heap before
{Heap before GC invocations=222 (full 3):
 PSYoungGen      total 6144K, used 6144K [0x00000000d5580000, 0x00000000d5d00000, 0x0000000100000000)
  eden space 5632K, 100% used [0x00000000d5580000,0x00000000d5b00000,0x00000000d5b00000)
  from space 512K, 100% used [0x00000000d5c80000,0x00000000d5d00000,0x00000000d5d00000)
  to   space 1024K, 0% used [0x00000000d5b00000,0x00000000d5b00000,0x00000000d5c00000)
 ParOldGen       total 158720K, used 158237K [0x0000000080000000, 0x0000000089b00000, 0x00000000d5580000)
  object space 158720K, 99% used [0x0000000080000000,0x0000000089a87698,0x0000000089b00000)
 Metaspace       used 66808K, committed 68288K, reserved 1114112K
  class space    used 6917K, committed 7552K, reserved 1048576K
}
Event: 4315.860 GC heap after
{Heap after GC invocations=222 (full 3):
 PSYoungGen      total 6656K, used 768K [0x00000000d5580000, 0x00000000d5d00000, 0x0000000100000000)
  eden space 5632K, 0% used [0x00000000d5580000,0x00000000d5580000,0x00000000d5b00000)
  from space 1024K, 75% used [0x00000000d5b00000,0x00000000d5bc0000,0x00000000d5c00000)
  to   space 1024K, 0% used [0x00000000d5c00000,0x00000000d5c00000,0x00000000d5d00000)
 ParOldGen       total 159232K, used 158761K [0x0000000080000000, 0x0000000089b80000, 0x00000000d5580000)
  object space 159232K, 99% used [0x0000000080000000,0x0000000089b0a6a8,0x0000000089b80000)
 Metaspace       used 66808K, committed 68288K, reserved 1114112K
  class space    used 6917K, committed 7552K, reserved 1048576K
}
Event: 4315.880 GC heap before
{Heap before GC invocations=223 (full 3):
 PSYoungGen      total 6656K, used 6400K [0x00000000d5580000, 0x00000000d5d00000, 0x0000000100000000)
  eden space 5632K, 100% used [0x00000000d5580000,0x00000000d5b00000,0x00000000d5b00000)
  from space 1024K, 75% used [0x00000000d5b00000,0x00000000d5bc0000,0x00000000d5c00000)
  to   space 1024K, 0% used [0x00000000d5c00000,0x00000000d5c00000,0x00000000d5d00000)
 ParOldGen       total 159232K, used 158761K [0x0000000080000000, 0x0000000089b80000, 0x00000000d5580000)
  object space 159232K, 99% used [0x0000000080000000,0x0000000089b0a6a8,0x0000000089b80000)
 Metaspace       used 66828K, committed 68288K, reserved 1114112K
  class space    used 6917K, committed 7552K, reserved 1048576K
}
Event: 4315.881 GC heap after
{Heap after GC invocations=223 (full 3):
 PSYoungGen      total 5632K, used 1008K [0x00000000d5580000, 0x00000000d5f00000, 0x0000000100000000)
  eden space 4608K, 0% used [0x00000000d5580000,0x00000000d5580000,0x00000000d5a00000)
  from space 1024K, 98% used [0x00000000d5c00000,0x00000000d5cfc010,0x00000000d5d00000)
  to   space 2048K, 0% used [0x00000000d5a00000,0x00000000d5a00000,0x00000000d5c00000)
 ParOldGen       total 159744K, used 159317K [0x0000000080000000, 0x0000000089c00000, 0x00000000d5580000)
  object space 159744K, 99% used [0x0000000080000000,0x0000000089b956b8,0x0000000089c00000)
 Metaspace       used 66828K, committed 68288K, reserved 1114112K
  class space    used 6917K, committed 7552K, reserved 1048576K
}
Event: 4315.943 GC heap before
{Heap before GC invocations=224 (full 3):
 PSYoungGen      total 5632K, used 5616K [0x00000000d5580000, 0x00000000d5f00000, 0x0000000100000000)
  eden space 4608K, 100% used [0x00000000d5580000,0x00000000d5a00000,0x00000000d5a00000)
  from space 1024K, 98% used [0x00000000d5c00000,0x00000000d5cfc010,0x00000000d5d00000)
  to   space 2048K, 0% used [0x00000000d5a00000,0x00000000d5a00000,0x00000000d5c00000)
 ParOldGen       total 159744K, used 159317K [0x0000000080000000, 0x0000000089c00000, 0x00000000d5580000)
  object space 159744K, 99% used [0x0000000080000000,0x0000000089b956b8,0x0000000089c00000)
 Metaspace       used 67016K, committed 68480K, reserved 1114112K
  class space    used 6944K, committed 7552K, reserved 1048576K
}
Event: 4315.945 GC heap after
{Heap after GC invocations=224 (full 3):
 PSYoungGen      total 5120K, used 352K [0x00000000d5580000, 0x00000000d5c80000, 0x0000000100000000)
  eden space 4608K, 0% used [0x00000000d5580000,0x00000000d5580000,0x00000000d5a00000)
  from space 512K, 68% used [0x00000000d5a00000,0x00000000d5a58000,0x00000000d5a80000)
  to   space 1024K, 0% used [0x00000000d5b80000,0x00000000d5b80000,0x00000000d5c80000)
 ParOldGen       total 160256K, used 159837K [0x0000000080000000, 0x0000000089c80000, 0x00000000d5580000)
  object space 160256K, 99% used [0x0000000080000000,0x0000000089c176b8,0x0000000089c80000)
 Metaspace       used 67016K, committed 68480K, reserved 1114112K
  class space    used 6944K, committed 7552K, reserved 1048576K
}
Event: 4316.046 GC heap before
{Heap before GC invocations=225 (full 3):
 PSYoungGen      total 5120K, used 4960K [0x00000000d5580000, 0x00000000d5c80000, 0x0000000100000000)
  eden space 4608K, 100% used [0x00000000d5580000,0x00000000d5a00000,0x00000000d5a00000)
  from space 512K, 68% used [0x00000000d5a00000,0x00000000d5a58000,0x00000000d5a80000)
  to   space 1024K, 0% used [0x00000000d5b80000,0x00000000d5b80000,0x00000000d5c80000)
 ParOldGen       total 192000K, used 190557K [0x0000000080000000, 0x000000008bb80000, 0x00000000d5580000)
  object space 192000K, 99% used [0x0000000080000000,0x000000008ba176e8,0x000000008bb80000)
 Metaspace       used 67453K, committed 68992K, reserved 1114112K
  class space    used 6990K, committed 7616K, reserved 1048576K
}
Event: 4316.047 GC heap after
{Heap after GC invocations=225 (full 3):
 PSYoungGen      total 5120K, used 410K [0x00000000d5580000, 0x00000000d5c00000, 0x0000000100000000)
  eden space 4608K, 0% used [0x00000000d5580000,0x00000000d5580000,0x00000000d5a00000)
  from space 512K, 80% used [0x00000000d5b80000,0x00000000d5be68c8,0x00000000d5c00000)
  to   space 512K, 0% used [0x00000000d5a00000,0x00000000d5a00000,0x00000000d5a80000)
 ParOldGen       total 192000K, used 190803K [0x0000000080000000, 0x000000008bb80000, 0x00000000d5580000)
  object space 192000K, 99% used [0x0000000080000000,0x000000008ba54e10,0x000000008bb80000)
 Metaspace       used 67453K, committed 68992K, reserved 1114112K
  class space    used 6990K, committed 7616K, reserved 1048576K
}

Dll operation events (10 events):
Event: 0.009 Loaded shared library c:\Users\LENOVO\.antigravity\extensions\redhat.java-1.54.0-win32-x64\jre\21.0.10-win32-x86_64\bin\java.dll
Event: 0.056 Loaded shared library c:\Users\LENOVO\.antigravity\extensions\redhat.java-1.54.0-win32-x64\jre\21.0.10-win32-x86_64\bin\zip.dll
Event: 0.068 Loaded shared library C:\Users\LENOVO\.antigravity\extensions\redhat.java-1.54.0-win32-x64\jre\21.0.10-win32-x86_64\bin\instrument.dll
Event: 0.072 Loaded shared library C:\Users\LENOVO\.antigravity\extensions\redhat.java-1.54.0-win32-x64\jre\21.0.10-win32-x86_64\bin\net.dll
Event: 0.073 Loaded shared library C:\Users\LENOVO\.antigravity\extensions\redhat.java-1.54.0-win32-x64\jre\21.0.10-win32-x86_64\bin\nio.dll
Event: 0.075 Loaded shared library C:\Users\LENOVO\.antigravity\extensions\redhat.java-1.54.0-win32-x64\jre\21.0.10-win32-x86_64\bin\zip.dll
Event: 0.087 Loaded shared library C:\Users\LENOVO\.antigravity\extensions\redhat.java-1.54.0-win32-x64\jre\21.0.10-win32-x86_64\bin\jimage.dll
Event: 0.133 Loaded shared library c:\Users\LENOVO\.antigravity\extensions\redhat.java-1.54.0-win32-x64\jre\21.0.10-win32-x86_64\bin\verify.dll
Event: 0.817 Loaded shared library C:\Users\LENOVO\AppData\Roaming\Antigravity\User\globalStorage\redhat.java\1.54.0\config_win\org.eclipse.equinox.launcher\org.eclipse.equinox.launcher.win32.win32.x86_64_1.3.0.v20260203-2149\eclipse_11919.dll
Event: 3.586 Loaded shared library C:\Users\LENOVO\AppData\Local\Temp\jna--2053026509\jna7320016210713144746.dll

Deoptimization events (20 events):
Event: 4315.897 Thread 0x000001c0982578c0 DEOPT PACKING pc=0x000001c044946354 sp=0x000000831a0fb450
Event: 4315.897 Thread 0x000001c0982578c0 DEOPT UNPACKING pc=0x000001c043fa6da2 sp=0x000000831a0fb330 mode 2
Event: 4315.973 Thread 0x000001c0982578c0 DEOPT PACKING pc=0x000001c03e95539e sp=0x000000831a0fa690
Event: 4315.973 Thread 0x000001c0982578c0 DEOPT UNPACKING pc=0x000001c043fa78e2 sp=0x000000831a0f9b70 mode 0
Event: 4315.983 Thread 0x000001c0982578c0 Uncommon trap: trap_request=0xffffff45 fr.pc=0x000001c0450237d4 relative=0x00000000000007f4
Event: 4315.983 Thread 0x000001c0982578c0 Uncommon trap: reason=unstable_if action=reinterpret pc=0x000001c0450237d4 method=java.util.regex.Pattern.sequence(Ljava/util/regex/Pattern$Node;)Ljava/util/regex/Pattern$Node; @ 234 c2
Event: 4315.983 Thread 0x000001c0982578c0 DEOPT PACKING pc=0x000001c0450237d4 sp=0x000000831a0fcbe0
Event: 4315.983 Thread 0x000001c0982578c0 DEOPT UNPACKING pc=0x000001c043fa6da2 sp=0x000000831a0fcb78 mode 2
Event: 4316.010 Thread 0x000001c0982578c0 Uncommon trap: trap_request=0xffffff45 fr.pc=0x000001c044a459b8 relative=0x0000000000000578
Event: 4316.010 Thread 0x000001c0982578c0 Uncommon trap: reason=unstable_if action=reinterpret pc=0x000001c044a459b8 method=java.io.WinNTFileSystem.prefixLength(Ljava/lang/String;)I @ 11 c2
Event: 4316.010 Thread 0x000001c0982578c0 DEOPT PACKING pc=0x000001c044a459b8 sp=0x000000831a0fd5d0
Event: 4316.010 Thread 0x000001c0982578c0 DEOPT UNPACKING pc=0x000001c043fa6da2 sp=0x000000831a0fd510 mode 2
Event: 4316.010 Thread 0x000001c0982578c0 Uncommon trap: trap_request=0xffffff45 fr.pc=0x000001c044c3ff04 relative=0x0000000000000f84
Event: 4316.010 Thread 0x000001c0982578c0 Uncommon trap: reason=unstable_if action=reinterpret pc=0x000001c044c3ff04 method=java.io.WinNTFileSystem.resolve(Ljava/lang/String;Ljava/lang/String;)Ljava/lang/String; @ 19 c2
Event: 4316.010 Thread 0x000001c0982578c0 DEOPT PACKING pc=0x000001c044c3ff04 sp=0x000000831a0fd4b0
Event: 4316.010 Thread 0x000001c0982578c0 DEOPT UNPACKING pc=0x000001c043fa6da2 sp=0x000000831a0fd468 mode 2
Event: 4316.032 Thread 0x000001c0982578c0 Uncommon trap: trap_request=0xffffff45 fr.pc=0x000001c0445344d8 relative=0x0000000000000278
Event: 4316.032 Thread 0x000001c0982578c0 Uncommon trap: reason=unstable_if action=reinterpret pc=0x000001c0445344d8 method=java.io.WinNTFileSystem.prefixLength(Ljava/lang/String;)I @ 11 c2
Event: 4316.032 Thread 0x000001c0982578c0 DEOPT PACKING pc=0x000001c0445344d8 sp=0x000000831a0fd570
Event: 4316.032 Thread 0x000001c0982578c0 DEOPT UNPACKING pc=0x000001c043fa6da2 sp=0x000000831a0fd510 mode 2

Classes loaded (20 events):
Event: 312.633 Loading class java/util/stream/DistinctOps
Event: 312.633 Loading class java/util/stream/DistinctOps done
Event: 312.633 Loading class java/util/stream/DistinctOps$1
Event: 312.634 Loading class java/util/stream/DistinctOps$1 done
Event: 312.644 Loading class java/util/stream/DistinctOps$1$2
Event: 312.644 Loading class java/util/stream/DistinctOps$1$2 done
Event: 4313.856 Loading class java/util/zip/CheckedInputStream
Event: 4313.856 Loading class java/util/zip/CheckedInputStream done
Event: 4314.110 Loading class java/nio/file/Files$2
Event: 4314.110 Loading class java/nio/file/Files$2 done
Event: 4314.121 Loading class java/util/concurrent/ArrayBlockingQueue
Event: 4314.121 Loading class java/util/concurrent/ArrayBlockingQueue done
Event: 4314.328 Loading class sun/nio/ch/ChannelOutputStream
Event: 4314.328 Loading class sun/nio/ch/ChannelOutputStream done
Event: 4316.030 Loading class java/nio/BufferMismatch
Event: 4316.030 Loading class java/nio/BufferMismatch done
Event: 4316.030 Loading class java/nio/file/attribute/PosixFileAttributes
Event: 4316.030 Loading class java/nio/file/attribute/PosixFileAttributes done
Event: 4316.132 Loading class java/util/ImmutableCollections$SubList
Event: 4316.132 Loading class java/util/ImmutableCollections$SubList done

Classes unloaded (7 events):
Event: 3.928 Thread 0x000001c039791d90 Unloading class 0x000001c0521acc00 'java/lang/invoke/LambdaForm$MH+0x000001c0521acc00'
Event: 3.928 Thread 0x000001c039791d90 Unloading class 0x000001c0521ac800 'java/lang/invoke/LambdaForm$MH+0x000001c0521ac800'
Event: 3.928 Thread 0x000001c039791d90 Unloading class 0x000001c0521ac400 'java/lang/invoke/LambdaForm$MH+0x000001c0521ac400'
Event: 3.928 Thread 0x000001c039791d90 Unloading class 0x000001c0521ac000 'java/lang/invoke/LambdaForm$MH+0x000001c0521ac000'
Event: 3.928 Thread 0x000001c039791d90 Unloading class 0x000001c0521abc00 'java/lang/invoke/LambdaForm$BMH+0x000001c0521abc00'
Event: 3.928 Thread 0x000001c039791d90 Unloading class 0x000001c0521ab800 'java/lang/invoke/LambdaForm$DMH+0x000001c0521ab800'
Event: 3.928 Thread 0x000001c039791d90 Unloading class 0x000001c0521aa400 'java/lang/invoke/LambdaForm$DMH+0x000001c0521aa400'

Classes redefined (0 events):
No events

Internal exceptions (20 events):
Event: 4313.603 Thread 0x000001c09a403790 Exception <a 'sun/nio/fs/WindowsException'{0x00000000d5681578}> (0x00000000d5681578) 
thrown [s\src\hotspot\share\prims\jni.cpp, line 520]
Event: 4313.606 Thread 0x000001c09a403790 Exception <a 'sun/nio/fs/WindowsException'{0x00000000d568be90}> (0x00000000d568be90) 
thrown [s\src\hotspot\share\prims\jni.cpp, line 520]
Event: 4313.606 Thread 0x000001c09a403790 Exception <a 'sun/nio/fs/WindowsException'{0x00000000d568c868}> (0x00000000d568c868) 
thrown [s\src\hotspot\share\prims\jni.cpp, line 520]
Event: 4313.607 Thread 0x000001c09a403790 Exception <a 'sun/nio/fs/WindowsException'{0x00000000d569a750}> (0x00000000d569a750) 
thrown [s\src\hotspot\share\prims\jni.cpp, line 520]
Event: 4313.608 Thread 0x000001c09a403790 Exception <a 'sun/nio/fs/WindowsException'{0x00000000d569b128}> (0x00000000d569b128) 
thrown [s\src\hotspot\share\prims\jni.cpp, line 520]
Event: 4313.609 Thread 0x000001c09a403790 Exception <a 'sun/nio/fs/WindowsException'{0x00000000d56a7de8}> (0x00000000d56a7de8) 
thrown [s\src\hotspot\share\prims\jni.cpp, line 520]
Event: 4313.609 Thread 0x000001c09a403790 Exception <a 'sun/nio/fs/WindowsException'{0x00000000d56a87c0}> (0x00000000d56a87c0) 
thrown [s\src\hotspot\share\prims\jni.cpp, line 520]
Event: 4313.610 Thread 0x000001c09a403790 Exception <a 'sun/nio/fs/WindowsException'{0x00000000d56b5a08}> (0x00000000d56b5a08) 
thrown [s\src\hotspot\share\prims\jni.cpp, line 520]
Event: 4313.611 Thread 0x000001c09a403790 Exception <a 'sun/nio/fs/WindowsException'{0x00000000d56b6650}> (0x00000000d56b6650) 
thrown [s\src\hotspot\share\prims\jni.cpp, line 520]
Event: 4313.612 Thread 0x000001c09a403790 Exception <a 'sun/nio/fs/WindowsException'{0x00000000d56c3538}> (0x00000000d56c3538) 
thrown [s\src\hotspot\share\prims\jni.cpp, line 520]
Event: 4313.612 Thread 0x000001c09a403790 Exception <a 'sun/nio/fs/WindowsException'{0x00000000d56c3f10}> (0x00000000d56c3f10) 
thrown [s\src\hotspot\share\prims\jni.cpp, line 520]
Event: 4313.687 Thread 0x000001c098255e80 Implicit null exception at 0x000001c044d03862 to 0x000001c044d03cc4
Event: 4315.710 Thread 0x000001c0982578c0 Exception <a 'java/lang/NoSuchMethodError'{0x00000000d55e7d48}: 'java.lang.Object java.lang.invoke.DirectMethodHandle$Holder.newInvokeSpecial(java.lang.Object, java.lang.Object, int, java.lang.Object, java.lang.Object)'> (0x00000000d55e7d48) 
thrown [s\src\hotspot\share\interpreter\linkResolver.cpp, line 773]
Event: 4315.712 Thread 0x000001c0982578c0 Exception <a 'java/lang/NoSuchMethodError'{0x00000000d5602028}: 'java.lang.Object java.lang.invoke.DirectMethodHandle$Holder.invokeSpecial(java.lang.Object, java.lang.Object, java.lang.Object, int, java.lang.Object, java.lang.Object, java.lang.Object)'> (0x00000000d5602028) 
thrown [s\src\hotspot\share\interpreter\linkResolver.cpp, line 773]
Event: 4315.732 Thread 0x000001c0982578c0 Exception <a 'java/lang/NoSuchMethodError'{0x00000000d568aa80}: 'void java.lang.invoke.DirectMethodHandle$Holder.invokeStatic(java.lang.Object, int)'> (0x00000000d568aa80) 
thrown [s\src\hotspot\share\interpreter\linkResolver.cpp, line 773]
Event: 4315.814 Thread 0x000001c0982578c0 Exception <a 'java/io/FileNotFoundException'{0x00000000d584d708}> (0x00000000d584d708) 
thrown [s\src\hotspot\share\prims\jni.cpp, line 520]
Event: 4315.814 Thread 0x000001c0982578c0 Exception <a 'java/io/FileNotFoundException'{0x00000000d584e9e8}> (0x00000000d584e9e8) 
thrown [s\src\hotspot\share\prims\jni.cpp, line 520]
Event: 4315.815 Thread 0x000001c0982578c0 Exception <a 'java/io/FileNotFoundException'{0x00000000d584fdf8}> (0x00000000d584fdf8) 
thrown [s\src\hotspot\share\prims\jni.cpp, line 520]
Event: 4315.851 Thread 0x000001c0982578c0 Implicit null exception at 0x000001c044f8ffb5 to 0x000001c044f905a8
Event: 4315.897 Thread 0x000001c0982578c0 Implicit null exception at 0x000001c044945753 to 0x000001c04494633c

ZGC Phase Switch (0 events):
No events

VM Operations (20 events):
Event: 4315.632 Executing safepoint VM operation: ParallelGCFailedAllocation (Allocation Failure)
Event: 4315.634 Executing safepoint VM operation: ParallelGCFailedAllocation (Allocation Failure) done
Event: 4315.700 Executing safepoint VM operation: ParallelGCFailedAllocation (Allocation Failure)
Event: 4315.701 Executing safepoint VM operation: ParallelGCFailedAllocation (Allocation Failure) done
Event: 4315.788 Executing safepoint VM operation: ParallelGCFailedAllocation (Allocation Failure)
Event: 4315.790 Executing safepoint VM operation: ParallelGCFailedAllocation (Allocation Failure) done
Event: 4315.859 Executing safepoint VM operation: ParallelGCFailedAllocation (Allocation Failure)
Event: 4315.860 Executing safepoint VM operation: ParallelGCFailedAllocation (Allocation Failure) done
Event: 4315.880 Executing safepoint VM operation: ParallelGCFailedAllocation (Allocation Failure)
Event: 4315.882 Executing safepoint VM operation: ParallelGCFailedAllocation (Allocation Failure) done
Event: 4315.943 Executing safepoint VM operation: ParallelGCFailedAllocation (Allocation Failure)
Event: 4315.945 Executing safepoint VM operation: ParallelGCFailedAllocation (Allocation Failure) done
Event: 4316.009 Executing non-safepoint VM operation: HandshakeAllThreads (Deoptimize)
Event: 4316.009 Executing non-safepoint VM operation: HandshakeAllThreads (Deoptimize) done
Event: 4316.046 Executing safepoint VM operation: ParallelGCFailedAllocation (Allocation Failure)
Event: 4316.047 Executing safepoint VM operation: ParallelGCFailedAllocation (Allocation Failure) done
Event: 4316.135 Executing non-safepoint VM operation: HandshakeAllThreads (Deoptimize)
Event: 4316.135 Executing non-safepoint VM operation: HandshakeAllThreads (Deoptimize) done
Event: 4317.146 Executing safepoint VM operation: Cleanup
Event: 4317.146 Executing safepoint VM operation: Cleanup done

Memory protections (0 events):
No events

Nmethod flushes (20 events):
Event: 9.176 Thread 0x000001c039791d90 flushing  nmethod 0x000001c03d383110
Event: 9.176 Thread 0x000001c039791d90 flushing  nmethod 0x000001c03d383990
Event: 9.176 Thread 0x000001c039791d90 flushing  nmethod 0x000001c03d384090
Event: 9.176 Thread 0x000001c039791d90 flushing  nmethod 0x000001c03d385b90
Event: 9.176 Thread 0x000001c039791d90 flushing  nmethod 0x000001c03d393190
Event: 9.176 Thread 0x000001c039791d90 flushing  nmethod 0x000001c03d399190
Event: 9.176 Thread 0x000001c039791d90 flushing  nmethod 0x000001c03d3c8b10
Event: 9.176 Thread 0x000001c039791d90 flushing  nmethod 0x000001c03d3dcd90
Event: 9.176 Thread 0x000001c039791d90 flushing osr nmethod 0x000001c03d3f7a10
Event: 9.176 Thread 0x000001c039791d90 flushing  nmethod 0x000001c03d404590
Event: 9.176 Thread 0x000001c039791d90 flushing  nmethod 0x000001c03d40af10
Event: 9.176 Thread 0x000001c039791d90 flushing  nmethod 0x000001c03d40c810
Event: 9.176 Thread 0x000001c039791d90 flushing  nmethod 0x000001c03d418690
Event: 9.176 Thread 0x000001c039791d90 flushing  nmethod 0x000001c03d419f10
Event: 9.176 Thread 0x000001c039791d90 flushing  nmethod 0x000001c03d41a690
Event: 9.176 Thread 0x000001c039791d90 flushing  nmethod 0x000001c03d41b790
Event: 9.176 Thread 0x000001c039791d90 flushing  nmethod 0x000001c03d431690
Event: 9.176 Thread 0x000001c039791d90 flushing  nmethod 0x000001c03d435e90
Event: 9.176 Thread 0x000001c039791d90 flushing  nmethod 0x000001c03d43a310
Event: 9.176 Thread 0x000001c039791d90 flushing  nmethod 0x000001c03d45bc90

Events (20 events):
Event: 4315.021 Thread 0x000001c0982578c0 Thread added: 0x000001c09a75c700
Event: 4315.022 Thread 0x000001c0982578c0 Thread added: 0x000001c09a75e7d0
Event: 4315.022 Thread 0x000001c0982578c0 Thread added: 0x000001c09a75b350
Event: 4315.022 Thread 0x000001c0982578c0 Thread added: 0x000001c09a75ee60
Event: 4315.022 Thread 0x000001c0982578c0 Thread added: 0x000001c09a75b9e0
Event: 4315.638 Thread 0x000001c09a75b350 Thread exited: 0x000001c09a75b350
Event: 4315.638 Thread 0x000001c09a75c700 Thread exited: 0x000001c09a75c700
Event: 4315.638 Thread 0x000001c09a75ee60 Thread exited: 0x000001c09a75ee60
Event: 4315.638 Thread 0x000001c09a75b9e0 Thread exited: 0x000001c09a75b9e0
Event: 4315.638 Thread 0x000001c09a75e7d0 Thread exited: 0x000001c09a75e7d0
Event: 4315.854 Thread 0x000001c0982578c0 Thread added: 0x000001c09a75e7d0
Event: 4315.855 Thread 0x000001c0982578c0 Thread added: 0x000001c09a75c700
Event: 4315.855 Thread 0x000001c0982578c0 Thread added: 0x000001c09a75b350
Event: 4315.855 Thread 0x000001c0982578c0 Thread added: 0x000001c09a75b9e0
Event: 4315.855 Thread 0x000001c0982578c0 Thread added: 0x000001c09a75f4f0
Event: 4315.886 Thread 0x000001c09a75c700 Thread exited: 0x000001c09a75c700
Event: 4315.886 Thread 0x000001c09a75b350 Thread exited: 0x000001c09a75b350
Event: 4315.886 Thread 0x000001c09a75f4f0 Thread exited: 0x000001c09a75f4f0
Event: 4315.886 Thread 0x000001c09a75e7d0 Thread exited: 0x000001c09a75e7d0
Event: 4315.887 Thread 0x000001c09a75b9e0 Thread exited: 0x000001c09a75b9e0


Dynamic libraries:
0x00007ff6fe620000 - 0x00007ff6fe62e000 	c:\Users\LENOVO\.antigravity\extensions\redhat.java-1.54.0-win32-x64\jre\21.0.10-win32-x86_64\bin\java.exe
0x00007ffe7fbc0000 - 0x00007ffe7fe27000 	C:\WINDOWS\SYSTEM32\ntdll.dll
0x00007ffe7eff0000 - 0x00007ffe7f0b9000 	C:\WINDOWS\System32\KERNEL32.DLL
0x00007ffe7d550000 - 0x00007ffe7d944000 	C:\WINDOWS\System32\KERNELBASE.dll
0x00007ffe7cb90000 - 0x00007ffe7ccdb000 	C:\WINDOWS\System32\ucrtbase.dll
0x00007ffe77460000 - 0x00007ffe7747e000 	c:\Users\LENOVO\.antigravity\extensions\redhat.java-1.54.0-win32-x64\jre\21.0.10-win32-x86_64\bin\VCRUNTIME140.dll
0x00007ffe77480000 - 0x00007ffe77498000 	c:\Users\LENOVO\.antigravity\extensions\redhat.java-1.54.0-win32-x64\jre\21.0.10-win32-x86_64\bin\jli.dll
0x00007ffe7ddd0000 - 0x00007ffe7df95000 	C:\WINDOWS\System32\USER32.dll
0x00007ffe5f940000 - 0x00007ffe5fbd3000 	C:\WINDOWS\WinSxS\amd64_microsoft.windows.common-controls_6595b64144ccf1df_6.0.26100.8115_none_3e075c82e3354f9c\COMCTL32.dll
0x00007ffe7c5c0000 - 0x00007ffe7c5e7000 	C:\WINDOWS\System32\win32u.dll
0x00007ffe7f920000 - 0x00007ffe7f9c9000 	C:\WINDOWS\System32\msvcrt.dll
0x00007ffe7f180000 - 0x00007ffe7f1ab000 	C:\WINDOWS\System32\GDI32.dll
0x00007ffe7c490000 - 0x00007ffe7c5bb000 	C:\WINDOWS\System32\gdi32full.dll
0x00007ffe7c960000 - 0x00007ffe7ca03000 	C:\WINDOWS\System32\msvcp_win.dll
0x00007ffe7fad0000 - 0x00007ffe7fb02000 	C:\WINDOWS\System32\IMM32.DLL
0x00007ffe79bd0000 - 0x00007ffe79bdc000 	c:\Users\LENOVO\.antigravity\extensions\redhat.java-1.54.0-win32-x64\jre\21.0.10-win32-x86_64\bin\vcruntime140_1.dll
0x00007ffe23960000 - 0x00007ffe239ed000 	c:\Users\LENOVO\.antigravity\extensions\redhat.java-1.54.0-win32-x64\jre\21.0.10-win32-x86_64\bin\msvcp140.dll
0x00007ffdcc6e0000 - 0x00007ffdcd481000 	c:\Users\LENOVO\.antigravity\extensions\redhat.java-1.54.0-win32-x64\jre\21.0.10-win32-x86_64\bin\server\jvm.dll
0x00007ffe7f0c0000 - 0x00007ffe7f176000 	C:\WINDOWS\System32\ADVAPI32.dll
0x00007ffe7e580000 - 0x00007ffe7e627000 	C:\WINDOWS\System32\sechost.dll
0x00007ffe7dcb0000 - 0x00007ffe7ddc8000 	C:\WINDOWS\System32\RPCRT4.dll
0x00007ffe7e4f0000 - 0x00007ffe7e570000 	C:\WINDOWS\System32\WS2_32.dll
0x00007ffe7c2f0000 - 0x00007ffe7c34e000 	C:\WINDOWS\SYSTEM32\POWRPROF.dll
0x00007ffe73db0000 - 0x00007ffe73de6000 	C:\WINDOWS\SYSTEM32\WINMM.dll
0x00007ffe6e510000 - 0x00007ffe6e51b000 	C:\WINDOWS\SYSTEM32\VERSION.dll
0x00007ffe7c2d0000 - 0x00007ffe7c2e4000 	C:\WINDOWS\SYSTEM32\UMPDC.dll
0x00007ffe7b220000 - 0x00007ffe7b23b000 	C:\WINDOWS\SYSTEM32\kernel.appcore.dll
0x00007ffe6b560000 - 0x00007ffe6b56a000 	c:\Users\LENOVO\.antigravity\extensions\redhat.java-1.54.0-win32-x64\jre\21.0.10-win32-x86_64\bin\jimage.dll
0x00007ffe77a30000 - 0x00007ffe77c72000 	C:\WINDOWS\SYSTEM32\DBGHELP.DLL
0x00007ffe7ec60000 - 0x00007ffe7efe2000 	C:\WINDOWS\System32\combase.dll
0x00007ffe7e630000 - 0x00007ffe7e708000 	C:\WINDOWS\System32\OLEAUT32.dll
0x00007ffe5ce30000 - 0x00007ffe5ce6b000 	C:\WINDOWS\SYSTEM32\dbgcore.DLL
0x00007ffe7c5f0000 - 0x00007ffe7c695000 	C:\WINDOWS\System32\bcryptPrimitives.dll
0x00007ffe67050000 - 0x00007ffe6705f000 	c:\Users\LENOVO\.antigravity\extensions\redhat.java-1.54.0-win32-x64\jre\21.0.10-win32-x86_64\bin\instrument.dll
0x00007ffe67030000 - 0x00007ffe67050000 	c:\Users\LENOVO\.antigravity\extensions\redhat.java-1.54.0-win32-x64\jre\21.0.10-win32-x86_64\bin\java.dll
0x00007ffe7f1b0000 - 0x00007ffe7f917000 	C:\WINDOWS\System32\SHELL32.dll
0x00007ffe7c730000 - 0x00007ffe7c89a000 	C:\WINDOWS\System32\wintypes.dll
0x00007ffe7cce0000 - 0x00007ffe7d548000 	C:\WINDOWS\System32\windows.storage.dll
0x00007ffe7f9d0000 - 0x00007ffe7fac8000 	C:\WINDOWS\System32\SHCORE.dll
0x00007ffe7e7b0000 - 0x00007ffe7e816000 	C:\WINDOWS\System32\shlwapi.dll
0x00007ffe7c3b0000 - 0x00007ffe7c3d9000 	C:\WINDOWS\SYSTEM32\profapi.dll
0x00007ffe67010000 - 0x00007ffe67028000 	c:\Users\LENOVO\.antigravity\extensions\redhat.java-1.54.0-win32-x64\jre\21.0.10-win32-x86_64\bin\zip.dll
0x00007ffe67000000 - 0x00007ffe67010000 	C:\Users\LENOVO\.antigravity\extensions\redhat.java-1.54.0-win32-x64\jre\21.0.10-win32-x86_64\bin\net.dll
0x00007ffe6ee10000 - 0x00007ffe6ef3d000 	C:\WINDOWS\SYSTEM32\WINHTTP.dll
0x00007ffe7b790000 - 0x00007ffe7b7fc000 	C:\WINDOWS\system32\mswsock.dll
0x00007ffe66fe0000 - 0x00007ffe66ff6000 	C:\Users\LENOVO\.antigravity\extensions\redhat.java-1.54.0-win32-x64\jre\21.0.10-win32-x86_64\bin\nio.dll
0x00007ffe644b0000 - 0x00007ffe644c0000 	c:\Users\LENOVO\.antigravity\extensions\redhat.java-1.54.0-win32-x64\jre\21.0.10-win32-x86_64\bin\verify.dll
0x00007ffdfd6e0000 - 0x00007ffdfd725000 	C:\Users\LENOVO\AppData\Roaming\Antigravity\User\globalStorage\redhat.java\1.54.0\config_win\org.eclipse.equinox.launcher\org.eclipse.equinox.launcher.win32.win32.x86_64_1.3.0.v20260203-2149\eclipse_11919.dll
0x00007ffe7e960000 - 0x00007ffe7eaf7000 	C:\WINDOWS\System32\ole32.dll
0x00007ffe7ba70000 - 0x00007ffe7ba8b000 	C:\WINDOWS\SYSTEM32\CRYPTSP.dll
0x00007ffe7b180000 - 0x00007ffe7b1b9000 	C:\WINDOWS\system32\rsaenh.dll
0x00007ffe7b840000 - 0x00007ffe7b873000 	C:\WINDOWS\SYSTEM32\USERENV.dll
0x00007ffe7c380000 - 0x00007ffe7c3aa000 	C:\WINDOWS\SYSTEM32\bcrypt.dll
0x00007ffe7ba90000 - 0x00007ffe7ba9c000 	C:\WINDOWS\SYSTEM32\CRYPTBASE.dll
0x00007ffe7ac90000 - 0x00007ffe7acc2000 	C:\WINDOWS\SYSTEM32\IPHLPAPI.DLL
0x00007ffe7e740000 - 0x00007ffe7e74a000 	C:\WINDOWS\System32\NSI.dll
0x00007ffdfd430000 - 0x00007ffdfd479000 	C:\Users\LENOVO\AppData\Local\Temp\jna--2053026509\jna7320016210713144746.dll
0x00007ffe7e440000 - 0x00007ffe7e448000 	C:\WINDOWS\System32\PSAPI.DLL
0x00007ffe736e0000 - 0x00007ffe736fd000 	C:\WINDOWS\SYSTEM32\dhcpcsvc6.DLL
0x00007ffe6f0c0000 - 0x00007ffe6f0e5000 	C:\WINDOWS\SYSTEM32\dhcpcsvc.DLL

JVMTI agents:
c:\Users\LENOVO\.antigravity\extensions\redhat.java-1.54.0-win32-x64\lombok\lombok-1.18.39-4050.jar path:c:\Users\LENOVO\.antigravity\extensions\redhat.java-1.54.0-win32-x64\jre\21.0.10-win32-x86_64\bin\instrument.dll, loaded, initialized, instrumentlib options:none

dbghelp: loaded successfully - version: 4.0.5 - missing functions: none
symbol engine: initialized successfully - sym options: 0x614 - pdb path: .;c:\Users\LENOVO\.antigravity\extensions\redhat.java-1.54.0-win32-x64\jre\21.0.10-win32-x86_64\bin;C:\WINDOWS\SYSTEM32;C:\WINDOWS\WinSxS\amd64_microsoft.windows.common-controls_6595b64144ccf1df_6.0.26100.8115_none_3e075c82e3354f9c;c:\Users\LENOVO\.antigravity\extensions\redhat.java-1.54.0-win32-x64\jre\21.0.10-win32-x86_64\bin\server;C:\Users\LENOVO\AppData\Roaming\Antigravity\User\globalStorage\redhat.java\1.54.0\config_win\org.eclipse.equinox.launcher\org.eclipse.equinox.launcher.win32.win32.x86_64_1.3.0.v20260203-2149;C:\Users\LENOVO\AppData\Local\Temp\jna--2053026509

VM Arguments:
jvm_args: --add-modules=ALL-SYSTEM --add-opens=java.base/java.util=ALL-UNNAMED --add-opens=java.base/java.lang=ALL-UNNAMED --add-opens=java.base/sun.nio.fs=ALL-UNNAMED -Declipse.application=org.eclipse.jdt.ls.core.id1 -Dosgi.bundles.defaultStartLevel=4 -Declipse.product=org.eclipse.jdt.ls.core.product -Djava.import.generatesMetadataFilesAtProjectRoot=false -DDetectVMInstallationsJob.disabled=true -Dfile.encoding=utf8 -XX:+UseParallelGC -XX:GCTimeRatio=4 -XX:AdaptiveSizePolicyWeight=90 -Dsun.zip.disableMemoryMapping=true -Xmx2G -Xms100m -Xlog:disable -javaagent:c:\Users\LENOVO\.antigravity\extensions\redhat.java-1.54.0-win32-x64\lombok\lombok-1.18.39-4050.jar -XX:+HeapDumpOnOutOfMemoryError -XX:HeapDumpPath=c:\Users\LENOVO\AppData\Roaming\Antigravity\User\workspaceStorage\c32ad2883d698218fc90bdae50dd7373\redhat.java -Daether.dependencyCollector.impl=bf 
java_command: c:\Users\LENOVO\.antigravity\extensions\redhat.java-1.54.0-win32-x64\server\plugins\org.eclipse.equinox.launcher_1.7.100.v20251111-0406.jar -configuration c:\Users\LENOVO\AppData\Roaming\Antigravity\User\globalStorage\redhat.java\1.54.0\config_win -data c:\Users\LENOVO\AppData\Roaming\Antigravity\User\workspaceStorage\c32ad2883d698218fc90bdae50dd7373\redhat.java\jdt_ws --pipe=\\.\pipe\lsp-6b81f40289400c245a8869d5f09fc41d-sock
java_class_path (initial): c:\Users\LENOVO\.antigravity\extensions\redhat.java-1.54.0-win32-x64\server\plugins\org.eclipse.equinox.launcher_1.7.100.v20251111-0406.jar
Launcher Type: SUN_STANDARD

[Global flags]
    uintx AdaptiveSizePolicyWeight                 = 90                                        {product} {command line}
     intx CICompilerCount                          = 4                                         {product} {ergonomic}
    uintx GCTimeRatio                              = 4                                         {product} {command line}
     bool HeapDumpOnOutOfMemoryError               = true                                   {manageable} {command line}
    ccstr HeapDumpPath                             = c:\Users\LENOVO\AppData\Roaming\Antigravity\User\workspaceStorage\c32ad2883d698218fc90bdae50dd7373\redhat.java         {manageable} {command line}
   size_t InitialHeapSize                          = 104857600                                 {product} {command line}
   size_t MaxHeapSize                              = 2147483648                                {product} {command line}
   size_t MaxNewSize                               = 715653120                                 {product} {ergonomic}
   size_t MinHeapDeltaBytes                        = 524288                                    {product} {ergonomic}
   size_t MinHeapSize                              = 104857600                                 {product} {command line}
   size_t NewSize                                  = 34603008                                  {product} {ergonomic}
    uintx NonNMethodCodeHeapSize                   = 5839372                                {pd product} {ergonomic}
    uintx NonProfiledCodeHeapSize                  = 122909434                              {pd product} {ergonomic}
   size_t OldSize                                  = 70254592                                  {product} {ergonomic}
    uintx ProfiledCodeHeapSize                     = 122909434                              {pd product} {ergonomic}
    uintx ReservedCodeCacheSize                    = 251658240                              {pd product} {ergonomic}
     bool SegmentedCodeCache                       = true                                      {product} {ergonomic}
   size_t SoftMaxHeapSize                          = 2147483648                             {manageable} {ergonomic}
     bool UseCompressedOops                        = true                           {product lp64_product} {ergonomic}
     bool UseLargePagesIndividualAllocation        = false                                  {pd product} {ergonomic}
     bool UseParallelGC                            = true                                      {product} {command line}

Logging:
Log output configuration:
 #0: stdout all=off uptime,level,tags foldmultilines=false
 #1: stderr all=off uptime,level,tags foldmultilines=false

Release file:
JAVA_VERSION="21.0.10" 
MODULES="java.base java.compiler java.datatransfer java.xml java.prefs java.desktop java.instrument java.logging java.management java.security.sasl java.naming java.rmi java.management.rmi java.net.http java.scripting java.security.jgss java.transaction.xa java.sql java.sql.rowset java.xml.crypto java.se java.smartcardio jdk.accessibility jdk.internal.jvmstat jdk.attach jdk.charsets jdk.internal.opt jdk.zipfs jdk.compiler jdk.crypto.ec jdk.crypto.cryptoki jdk.crypto.mscapi jdk.dynalink jdk.internal.ed jdk.editpad jdk.hotspot.agent jdk.httpserver jdk.internal.le jdk.internal.vm.ci jdk.internal.vm.compiler jdk.internal.vm.compiler.management jdk.jartool jdk.javadoc jdk.jcmd jdk.management jdk.management.agent jdk.jconsole jdk.jdeps jdk.jdwp.agent jdk.jdi jdk.jfr jdk.jshell jdk.jsobject jdk.jstatd jdk.localedata jdk.management.jfr jdk.naming.dns jdk.naming.rmi jdk.net jdk.nio.mapmode jdk.random jdk.sctp jdk.security.auth jdk.security.jgss jdk.unsupported jdk.unsupported.desktop jdk.xml.dom" 

Environment Variables:
JAVA_HOME=C:\Program Files\Java\jdk-20
PATH=C:\Users\LENOVO\Downloads\apache-maven-3.9.14-bin\apache-maven-3.9.14\bin;C:\Program Files\MongoDB\Server\8.2\bin;C:\Program Files\Eclipse Adoptium\jdk-17.0.17.10-hotspot\bin;C:\oraclexe\app\oracle\product\11.2.0\server\bin;C:\xampp\php;C:\Program Files\MySQL\MySQL Server 8.0\bin;C:\Python 3.12\Python 3.12.exe;C:\Users\LENOVO\AppData\Local\Programs\Python\Python312\python.exe;C:\Users\LENOVO\Downloads\flutter_windows_3.16.0-stable\flutter\bin;C:\ProgramData\Oracle\Java\javapath;C:\Program Files\Java\jdk-21.0.1\bin;C:\Program Files\Common Files\Oracle\Java\javapath;C:\Program Files\Java\jdk-20\bin;C:\Users\LENOVO\Downloads\sqldeveloper-23.1.0.097.1607-x64\sqldeveloper\sqldeveloper\bin;C:\Users\LENOVO\Downloads\msys2-x86_64-20230318.exe;C:\WINDOWS\system32;C:\WINDOWS;C:\WINDOWS\System32\Wbem;C:\WINDOWS\System32\WindowsPowerShell\v1.0\;C:\WINDOWS\System32\OpenSSH\;C:\Program Files\Git\cmd;C:\Program Files\Git\bin;C:\Program Files\dotnet\;C:\Users\LENOVO\AppData\Local\Android\Sdk\platform-tools;C:\Users\LENOVO\AppData\Local\Android\Sdk\emulator;C:\Users\LENOVO\Downloads\php-8.3.11-nts-Win32-vs16-x64;C:\ProgramData\ComposerSetup\bin;C:\Program Files\nodejs\;C:\Program Files\Microsoft SQL Server\150\Tools\Binn\;C:\Program Files\Docker\Docker\resources\bin;C:\Program Files\Vagrant\bin;C:\Program Files\Cloudflare\Cloudflare WARP\;C:\Users\LENOVO\scoop\shims;C:\Program Files\MySQL\MySQL Shell 8.0\bin\;C:\Users\LENOVO\AppData\Local\Programs\Python\Launcher\;C:\Python27\python.exe;C:\Users\LENOVO\AppData\Local\Programs\Python\Python311;C:\Users\LENOVO\AppData\Local\Programs\Python\Python311\Scripts\;C:\Python27;C:\Users\LENOVO\AppData\Local\Microsoft\WindowsApps;C:\Program Files\JetBrains\PyCharm Community Edition 2023.1\bin;;C:\Users\LENOVO\AppData\Local\GitHubDesktop\bin;C:\Users\LENOVO\.dotnet\tools;C:\Program Files (x86)\Nmap;C:\Users\LENOVO\AppData\Local\Programs\MiKTeX\miktex\bin\x64\;C:\Users\LENOVO\AppData\Roaming\Composer\vendor\bin;C:\xampp\php;C:\Program Files\JetBrains\IntelliJ IDEA 2024.2.1\bin;;C:\Flex Windows\gcc\bin;C:\Flex Windows\Lex\bin;C:\Flex Windows\bison\bin;C:\Users\LENOVO\AppData\Local\Muse Hub\lib;C:\Users\LENOVO\AppData\Local\Programs\Microsoft VS Code\bin;C:\Users\LENOVO\AppData\Local\Programs\cursor\resources\app\bin;C:\Users\LENOVO\AppData\Roaming\npm;C:\Users\LENOVO\AppData\Local\Programs\Antigravity\bin;
USERNAME=LENOVO
OS=Windows_NT
PROCESSOR_IDENTIFIER=Intel64 Family 6 Model 140 Stepping 2, GenuineIntel
TMP=C:\Users\LENOVO\AppData\Local\Temp
TEMP=C:\Users\LENOVO\AppData\Local\Temp




Periodic native trim disabled

---------------  S Y S T E M  ---------------

OS:
 Windows 11 , 64 bit Build 26100 (10.0.26100.8246)
OS uptime: 0 days 3:09 hours
Hyper-V role detected

CPU: total 8 (initial active 8) (4 cores per cpu, 2 threads per core) family 6 model 140 stepping 2 microcode 0x26, cx8, cmov, fxsr, ht, mmx, 3dnowpref, sse, sse2, sse3, ssse3, sse4.1, sse4.2, popcnt, lzcnt, tsc, tscinvbit, avx, avx2, aes, erms, clmul, bmi1, bmi2, adx, avx512f, avx512dq, avx512cd, avx512bw, avx512vl, sha, fma, vzeroupper, avx512_vpopcntdq, avx512_vpclmulqdq, avx512_vaes, avx512_vnni, clflush, clflushopt, clwb, avx512_vbmi2, avx512_vbmi, hv, rdtscp, rdpid, fsrm, gfni, avx512_bitalg, f16c, cet_ibt, cet_ss, avx512_ifma
Processor Information for the first 8 processors :
  Max Mhz: 3187, Current Mhz: 3187, Mhz Limit: 3187

Memory: 4k page, system-wide physical 16167M (2036M free)
TotalPageFile size 21167M (AvailPageFile size 2M)
current process WorkingSet (physical memory assigned to process): 342M, peak: 378M
current process commit charge ("private bytes"): 525M, peak: 533M

vm_info: OpenJDK 64-Bit Server VM (21.0.10+7-LTS) for windows-amd64 JRE (21.0.10+7-LTS), built on 2026-01-20T00:00:00Z by "admin" with MS VC++ 17.12 (VS2022)

END.
