#
# There is insufficient memory for the Java Runtime Environment to continue.
# Native memory allocation (malloc) failed to allocate 1434896 bytes. Error detail: Chunk::new
# Possible reasons:
#   The system is out of physical RAM or swap space
#   This process is running with CompressedOops enabled, and the Java Heap may be blocking the growth of the native heap
# Possible solutions:
#   Reduce memory load on the system
#   Increase physical memory or swap space
#   Check if swap backing store is full
#   Decrease Java heap size (-Xmx/-Xms)
#   Decrease number of Java threads
#   Decrease Java thread stack sizes (-Xss)
#   Set larger code cache with -XX:ReservedCodeCacheSize=
#   JVM is running with Unscaled Compressed Oops mode in which the Java heap is
#     placed in the first 4GB address space. The Java Heap base address is the
#     maximum limit for the native heap growth. Please use -XX:HeapBaseMinAddress
#     to set the Java Heap base and to place the Java Heap above 4GB virtual address.
# This output file may be truncated or incomplete.
#
#  Out of Memory Error (arena.cpp:168), pid=18940, tid=2636
#
# JRE version: OpenJDK Runtime Environment Temurin-21.0.10+7 (21.0.10+7) (build 21.0.10+7-LTS)
# Java VM: OpenJDK 64-Bit Server VM Temurin-21.0.10+7 (21.0.10+7-LTS, mixed mode, sharing, tiered, compressed oops, compressed class ptrs, parallel gc, windows-amd64)
# No core dump will be written. Minidumps are not enabled by default on client versions of Windows
#

---------------  S U M M A R Y ------------

Command Line: --add-modules=ALL-SYSTEM --add-opens=java.base/java.util=ALL-UNNAMED --add-opens=java.base/java.lang=ALL-UNNAMED --add-opens=java.base/sun.nio.fs=ALL-UNNAMED -Declipse.application=org.eclipse.jdt.ls.core.id1 -Dosgi.bundles.defaultStartLevel=4 -Declipse.product=org.eclipse.jdt.ls.core.product -Djava.import.generatesMetadataFilesAtProjectRoot=false -DDetectVMInstallationsJob.disabled=true -Dfile.encoding=utf8 -XX:+UseParallelGC -XX:GCTimeRatio=4 -XX:AdaptiveSizePolicyWeight=90 -Dsun.zip.disableMemoryMapping=true -Xmx2G -Xms100m -Xlog:disable -javaagent:c:\Users\LENOVO\.antigravity\extensions\redhat.java-1.54.0-win32-x64\lombok\lombok-1.18.39-4050.jar -XX:+HeapDumpOnOutOfMemoryError -XX:HeapDumpPath=c:\Users\LENOVO\AppData\Roaming\Antigravity\User\workspaceStorage\c32ad2883d698218fc90bdae50dd7373\redhat.java -Daether.dependencyCollector.impl=bf c:\Users\LENOVO\.antigravity\extensions\redhat.java-1.54.0-win32-x64\server\plugins\org.eclipse.equinox.launcher_1.7.100.v20251111-0406.jar -configuration c:\Users\LENOVO\AppData\Roaming\Antigravity\User\globalStorage\redhat.java\1.54.0\config_win -data c:\Users\LENOVO\AppData\Roaming\Antigravity\User\workspaceStorage\c32ad2883d698218fc90bdae50dd7373\redhat.java\jdt_ws --pipe=\\.\pipe\lsp-11d64ef6ace24682cc4bf3bce9f32757-sock

Host: 11th Gen Intel(R) Core(TM) i5-11320H @ 3.20GHz, 8 cores, 15G,  Windows 11 , 64 bit Build 26100 (10.0.26100.8246)
Time: Thu Apr 16 00:04:41 2026 Paris, Madrid elapsed time: 13.847041 seconds (0d 0h 0m 13s)

---------------  T H R E A D  ---------------

Current thread (0x000001d9ff555970):  JavaThread "C2 CompilerThread1" daemon [_thread_in_native, id=2636, stack(0x000000a845000000,0x000000a845100000) (1024K)]


Current CompileTask:
C2:13847 7966   !   4       java.nio.file.FileTreeWalker::visit (204 bytes)

Stack: [0x000000a845000000,0x000000a845100000]
Native frames: (J=compiled Java code, j=interpreted, Vv=VM code, C=native code)
V  [jvm.dll+0x6d7a39]
V  [jvm.dll+0x8b4b26]
V  [jvm.dll+0x8b70de]
V  [jvm.dll+0x8b77c3]
V  [jvm.dll+0x284346]
V  [jvm.dll+0xc66ed]
V  [jvm.dll+0xc6c31]
V  [jvm.dll+0x3bec01]
V  [jvm.dll+0x38b162]
V  [jvm.dll+0x38a5aa]
V  [jvm.dll+0x24c560]
V  [jvm.dll+0x24bb40]
V  [jvm.dll+0x1cb34e]
V  [jvm.dll+0x25b85d]
V  [jvm.dll+0x259dea]
V  [jvm.dll+0x3f857e]
V  [jvm.dll+0x85f59d]
V  [jvm.dll+0x6d626d]
C  [ucrtbase.dll+0x37b0]
C  [KERNEL32.DLL+0x2e8d7]
C  [ntdll.dll+0x8c3fc]


---------------  P R O C E S S  ---------------

Threads class SMR info:
_java_thread_list=0x000001d9c1abd790, length=45, elements={
0x000001d9e1ee4980, 0x000001d9e1f9d870, 0x000001d9e1f9e790, 0x000001d9e1e5aaf0,
0x000001d9e1e5b550, 0x000001d9e1e5bfb0, 0x000001d9e1e5ffc0, 0x000001d9e1e61460,
0x000001d9fa138000, 0x000001d9fa3c17b0, 0x000001d9fa33a030, 0x000001d9fa8f57e0,
0x000001d9ff073d20, 0x000001d9ff050590, 0x000001d9fac83800, 0x000001d9fac1b5b0,
0x000001d9ff59b040, 0x000001d9ff77b6b0, 0x000001d9ff23a9f0, 0x000001d9ff23d7e0,
0x000001d9ff23b710, 0x000001d9ff23c430, 0x000001d9ff23bda0, 0x000001d9ff23cac0,
0x000001d9ff23d150, 0x000001d9ff23a360, 0x000001d9ff23b080, 0x000001d9c2c19170,
0x000001d9c2c1a520, 0x000001d9c2c18ae0, 0x000001d9c2c1abb0, 0x000001d9c2c19800,
0x000001d9c2c1b240, 0x000001d9c2c19e90, 0x000001d9c2c18450, 0x000001d9c2c1c5f0,
0x000001d9c2c1e6c0, 0x000001d9c2c1cc80, 0x000001d9c2c1e030, 0x000001d9c2c1f3e0,
0x000001d9c2c1bf60, 0x000001d9c2c1fa70, 0x000001d9c2cf3ad0, 0x000001d9ff555970,
0x000001d9ff556040
}

Java Threads: ( => current thread )
  0x000001d9e1ee4980 JavaThread "main"                              [_thread_blocked, id=23116, stack(0x000000a843b00000,0x000000a843c00000) (1024K)]
  0x000001d9e1f9d870 JavaThread "Reference Handler"          daemon [_thread_blocked, id=23272, stack(0x000000a843f00000,0x000000a844000000) (1024K)]
  0x000001d9e1f9e790 JavaThread "Finalizer"                  daemon [_thread_blocked, id=22408, stack(0x000000a844000000,0x000000a844100000) (1024K)]
  0x000001d9e1e5aaf0 JavaThread "Signal Dispatcher"          daemon [_thread_blocked, id=10164, stack(0x000000a844100000,0x000000a844200000) (1024K)]
  0x000001d9e1e5b550 JavaThread "Attach Listener"            daemon [_thread_blocked, id=6368, stack(0x000000a844200000,0x000000a844300000) (1024K)]
  0x000001d9e1e5bfb0 JavaThread "Service Thread"             daemon [_thread_blocked, id=2748, stack(0x000000a844300000,0x000000a844400000) (1024K)]
  0x000001d9e1e5ffc0 JavaThread "Monitor Deflation Thread"   daemon [_thread_blocked, id=6172, stack(0x000000a844400000,0x000000a844500000) (1024K)]
  0x000001d9e1e61460 JavaThread "C2 CompilerThread0"         daemon [_thread_in_native, id=10988, stack(0x000000a844500000,0x000000a844600000) (1024K)]
  0x000001d9fa138000 JavaThread "C1 CompilerThread0"         daemon [_thread_in_native, id=17156, stack(0x000000a844600000,0x000000a844700000) (1024K)]
  0x000001d9fa3c17b0 JavaThread "Common-Cleaner"             daemon [_thread_blocked, id=6764, stack(0x000000a844700000,0x000000a844800000) (1024K)]
  0x000001d9fa33a030 JavaThread "Notification Thread"        daemon [_thread_blocked, id=14992, stack(0x000000a844800000,0x000000a844900000) (1024K)]
  0x000001d9fa8f57e0 JavaThread "Active Thread: Equinox Container: 15f92d1e-68f1-4fd8-ad52-2edea2fe6ca4"        [_thread_blocked, id=788, stack(0x000000a845100000,0x000000a845200000) (1024K)]
  0x000001d9ff073d20 JavaThread "Refresh Thread: Equinox Container: 15f92d1e-68f1-4fd8-ad52-2edea2fe6ca4" daemon [_thread_blocked, id=20624, stack(0x000000a845300000,0x000000a845400000) (1024K)]
  0x000001d9ff050590 JavaThread "Framework Event Dispatcher: Equinox Container: 15f92d1e-68f1-4fd8-ad52-2edea2fe6ca4" daemon [_thread_blocked, id=19548, stack(0x000000a845400000,0x000000a845500000) (1024K)]
  0x000001d9fac83800 JavaThread "Start Level: Equinox Container: 15f92d1e-68f1-4fd8-ad52-2edea2fe6ca4" daemon [_thread_blocked, id=20356, stack(0x000000a845500000,0x000000a845600000) (1024K)]
  0x000001d9fac1b5b0 JavaThread "Bundle File Closer"         daemon [_thread_blocked, id=21836, stack(0x000000a845600000,0x000000a845700000) (1024K)]
  0x000001d9ff59b040 JavaThread "SCR Component Actor"        daemon [_thread_blocked, id=22960, stack(0x000000a844900000,0x000000a844a00000) (1024K)]
  0x000001d9ff77b6b0 JavaThread "Worker-JM"                         [_thread_blocked, id=19524, stack(0x000000a845800000,0x000000a845900000) (1024K)]
  0x000001d9ff23a9f0 JavaThread "JNA Cleaner"                daemon [_thread_blocked, id=4632, stack(0x000000a845700000,0x000000a845800000) (1024K)]
  0x000001d9ff23d7e0 JavaThread "Worker-0"                          [_thread_blocked, id=23108, stack(0x000000a845900000,0x000000a845a00000) (1024K)]
  0x000001d9ff23b710 JavaThread "Worker-1: Initialize workspace"        [_thread_blocked, id=18836, stack(0x000000a845a00000,0x000000a845b00000) (1024K)]
  0x000001d9ff23c430 JavaThread "Java indexing"              daemon [_thread_blocked, id=21344, stack(0x000000a845c00000,0x000000a845d00000) (1024K)]
  0x000001d9ff23bda0 JavaThread "Worker-2"                          [_thread_blocked, id=10604, stack(0x000000a845f00000,0x000000a846000000) (1024K)]
  0x000001d9ff23cac0 JavaThread "Worker-3"                          [_thread_blocked, id=19644, stack(0x000000a846000000,0x000000a846100000) (1024K)]
  0x000001d9ff23d150 JavaThread "Thread-1"                   daemon [_thread_in_native, id=7880, stack(0x000000a846100000,0x000000a846200000) (1024K)]
  0x000001d9ff23a360 JavaThread "Thread-2"                   daemon [_thread_in_native, id=11892, stack(0x000000a846200000,0x000000a846300000) (1024K)]
  0x000001d9ff23b080 JavaThread "Thread-3"                   daemon [_thread_in_native, id=18844, stack(0x000000a846300000,0x000000a846400000) (1024K)]
  0x000001d9c2c19170 JavaThread "Thread-4"                   daemon [_thread_in_native, id=16092, stack(0x000000a846400000,0x000000a846500000) (1024K)]
  0x000001d9c2c1a520 JavaThread "Thread-5"                   daemon [_thread_in_native, id=14808, stack(0x000000a846500000,0x000000a846600000) (1024K)]
  0x000001d9c2c18ae0 JavaThread "Thread-6"                   daemon [_thread_in_native, id=6964, stack(0x000000a846600000,0x000000a846700000) (1024K)]
  0x000001d9c2c1abb0 JavaThread "Thread-7"                   daemon [_thread_in_native, id=18168, stack(0x000000a846700000,0x000000a846800000) (1024K)]
  0x000001d9c2c19800 JavaThread "Thread-8"                   daemon [_thread_in_native, id=15020, stack(0x000000a846800000,0x000000a846900000) (1024K)]
  0x000001d9c2c1b240 JavaThread "Thread-9"                   daemon [_thread_in_native, id=3288, stack(0x000000a846900000,0x000000a846a00000) (1024K)]
  0x000001d9c2c19e90 JavaThread "pool-2-thread-1"                   [_thread_blocked, id=6344, stack(0x000000a846a00000,0x000000a846b00000) (1024K)]
  0x000001d9c2c18450 JavaThread "WorkspaceEventsHandler"            [_thread_blocked, id=13444, stack(0x000000a846b00000,0x000000a846c00000) (1024K)]
  0x000001d9c2c1c5f0 JavaThread "pool-1-thread-1"                   [_thread_in_Java, id=11864, stack(0x000000a846c00000,0x000000a846d00000) (1024K)]
  0x000001d9c2c1e6c0 JavaThread "ForkJoinPool.commonPool-worker-1" daemon [_thread_blocked, id=18916, stack(0x000000a846d00000,0x000000a846e00000) (1024K)]
  0x000001d9c2c1cc80 JavaThread "ForkJoinPool.commonPool-worker-2" daemon [_thread_blocked, id=19640, stack(0x000000a846e00000,0x000000a846f00000) (1024K)]
  0x000001d9c2c1e030 JavaThread "ForkJoinPool.commonPool-worker-3" daemon [_thread_blocked, id=144, stack(0x000000a846f00000,0x000000a847000000) (1024K)]
  0x000001d9c2c1f3e0 JavaThread "ForkJoinPool.commonPool-worker-4" daemon [_thread_blocked, id=11336, stack(0x000000a847000000,0x000000a847100000) (1024K)]
  0x000001d9c2c1bf60 JavaThread "ForkJoinPool.commonPool-worker-5" daemon [_thread_blocked, id=5928, stack(0x000000a847100000,0x000000a847200000) (1024K)]
  0x000001d9c2c1fa70 JavaThread "ForkJoinPool.commonPool-worker-6" daemon [_thread_blocked, id=18132, stack(0x000000a847200000,0x000000a847300000) (1024K)]
  0x000001d9c2cf3ad0 JavaThread "ForkJoinPool.commonPool-worker-7" daemon [_thread_blocked, id=21772, stack(0x000000a847300000,0x000000a847400000) (1024K)]
=>0x000001d9ff555970 JavaThread "C2 CompilerThread1"         daemon [_thread_in_native, id=2636, stack(0x000000a845000000,0x000000a845100000) (1024K)]
  0x000001d9ff556040 JavaThread "C2 CompilerThread2"         daemon [_thread_in_native, id=12860, stack(0x000000a845b00000,0x000000a845c00000) (1024K)]
Total: 45

Other Threads:
  0x000001d9e1e51d30 VMThread "VM Thread"                           [id=22004, stack(0x000000a843e00000,0x000000a843f00000) (1024K)]
  0x000001d9e1f54020 WatcherThread "VM Periodic Task Thread"        [id=21260, stack(0x000000a843d00000,0x000000a843e00000) (1024K)]
  0x000001d9e1f02dd0 WorkerThread "GC Thread#0"                     [id=14652, stack(0x000000a843c00000,0x000000a843d00000) (1024K)]
  0x000001d9fa64fa90 WorkerThread "GC Thread#1"                     [id=5100, stack(0x000000a844a00000,0x000000a844b00000) (1024K)]
  0x000001d9fa6f9090 WorkerThread "GC Thread#2"                     [id=16052, stack(0x000000a844b00000,0x000000a844c00000) (1024K)]
  0x000001d9fa711c40 WorkerThread "GC Thread#3"                     [id=21156, stack(0x000000a844c00000,0x000000a844d00000) (1024K)]
  0x000001d9fa711ff0 WorkerThread "GC Thread#4"                     [id=11444, stack(0x000000a844d00000,0x000000a844e00000) (1024K)]
  0x000001d9fa712bc0 WorkerThread "GC Thread#5"                     [id=13220, stack(0x000000a844e00000,0x000000a844f00000) (1024K)]
  0x000001d9fa712f70 WorkerThread "GC Thread#6"                     [id=6512, stack(0x000000a844f00000,0x000000a845000000) (1024K)]
  0x000001d9fac76500 WorkerThread "GC Thread#7"                     [id=19192, stack(0x000000a845200000,0x000000a845300000) (1024K)]
Total: 10

Threads with active compile tasks:
C2 CompilerThread0  13868 7922   !   4       java.nio.file.FileTreeWalker::next (144 bytes)
C2 CompilerThread1  13868 7966   !   4       java.nio.file.FileTreeWalker::visit (204 bytes)
C2 CompilerThread2  13868 8060   !   4       java.nio.file.FileTreeWalker::getAttributes (94 bytes)
Total: 3

VM state: not at safepoint (normal execution)

VM Mutex/Monitor currently owned by a thread: None

Heap address: 0x0000000080000000, size: 2048 MB, Compressed Oops mode: 32-bit

CDS archive(s) mapped at: [0x000001d980000000-0x000001d980ba0000-0x000001d980ba0000), size 12189696, SharedBaseAddress: 0x000001d980000000, ArchiveRelocationMode: 1.
Compressed class space mapped at: 0x000001d981000000-0x000001d9c1000000, reserved size: 1073741824
Narrow klass base: 0x000001d980000000, Narrow klass shift: 0, Narrow klass range: 0x100000000

GC Precious Log:
 CardTable entry size: 512
 CPUs: 8 total, 8 available
 Memory: 16167M
 Large Page Support: Disabled
 NUMA Support: Disabled
 Compressed Oops: Enabled (32-bit)
 Alignments: Space 512K, Generation 512K, Heap 2M
 Heap Min Capacity: 100M
 Heap Initial Capacity: 100M
 Heap Max Capacity: 2G
 Pre-touch: Disabled
 Parallel Workers: 8

Heap:
 PSYoungGen      total 24064K, used 6694K [0x00000000d5580000, 0x00000000d7780000, 0x0000000100000000)
  eden space 22016K, 21% used [0x00000000d5580000,0x00000000d5a11068,0x00000000d6b00000)
  from space 2048K, 98% used [0x00000000d7580000,0x00000000d7778810,0x00000000d7780000)
  to   space 5632K, 0% used [0x00000000d6c80000,0x00000000d6c80000,0x00000000d7200000)
 ParOldGen       total 68608K, used 66764K [0x0000000080000000, 0x0000000084300000, 0x00000000d5580000)
  object space 68608K, 97% used [0x0000000080000000,0x0000000084133210,0x0000000084300000)
 Metaspace       used 49484K, committed 50880K, reserved 1114112K
  class space    used 5400K, committed 6016K, reserved 1048576K

Card table byte_map: [0x000001d9e1880000,0x000001d9e1c90000] _byte_map_base: 0x000001d9e1480000

Marking Bits: (ParMarkBitMap*) 0x00007ffdcd3a3450
 Begin Bits: [0x000001d9f4390000, 0x000001d9f6390000)
 End Bits:   [0x000001d9f6390000, 0x000001d9f8390000)

Polling page: 0x000001d9dfe70000

Metaspace:

Usage:
  Non-class:     43.05 MB used.
      Class:      5.27 MB used.
       Both:     48.32 MB used.

Virtual space:
  Non-class space:       64.00 MB reserved,      43.81 MB ( 68%) committed,  1 nodes.
      Class space:        1.00 GB reserved,       5.88 MB ( <1%) committed,  1 nodes.
             Both:        1.06 GB reserved,      49.69 MB (  5%) committed. 

Chunk freelists:
   Non-Class:  3.83 MB
       Class:  10.06 MB
        Both:  13.89 MB

MaxMetaspaceSize: unlimited
CompressedClassSpaceSize: 1.00 GB
Initial GC threshold: 21.00 MB
Current GC threshold: 58.38 MB
CDS: on
 - commit_granule_bytes: 65536.
 - commit_granule_words: 8192.
 - virtual_space_node_default_size: 8388608.
 - enlarge_chunks_in_place: 1.
 - use_allocation_guard: 0.


Internal statistics:

num_allocs_failed_limit: 6.
num_arena_births: 1022.
num_arena_deaths: 14.
num_vsnodes_births: 2.
num_vsnodes_deaths: 0.
num_space_committed: 795.
num_space_uncommitted: 0.
num_chunks_returned_to_freelist: 20.
num_chunks_taken_from_freelist: 3277.
num_chunk_merges: 12.
num_chunk_splits: 2063.
num_chunks_enlarged: 1192.
num_inconsistent_stats: 0.

CodeHeap 'non-profiled nmethods': size=120000Kb used=4645Kb max_used=4645Kb free=115355Kb
 bounds [0x000001d9ecbb0000, 0x000001d9ed040000, 0x000001d9f40e0000]
CodeHeap 'profiled nmethods': size=120000Kb used=16007Kb max_used=16007Kb free=103992Kb
 bounds [0x000001d9e50e0000, 0x000001d9e6090000, 0x000001d9ec610000]
CodeHeap 'non-nmethods': size=5760Kb used=1384Kb max_used=1434Kb free=4375Kb
 bounds [0x000001d9ec610000, 0x000001d9ec880000, 0x000001d9ecbb0000]
CodeCache: size=245760Kb, used=22036Kb, max_used=22086Kb, free=223722Kb
 total_blobs=8161, nmethods=7486, adapters=581, full_count=0
Compilation: enabled, stopped_count=0, restarted_count=0

Compilation events (20 events):
Event: 12.809 Thread 0x000001d9ff556040 8015       4       jdk.internal.jrtfs.JrtPath::initOffsets (146 bytes)
Event: 12.817 Thread 0x000001d9fa138000 8053       3       java.lang.invoke.StringConcatFactory::classIndex (84 bytes)
Event: 12.817 Thread 0x000001d9ff556040 nmethod 8015 0x000001d9ed035510 code [0x000001d9ed035740, 0x000001d9ed036120]
Event: 12.817 Thread 0x000001d9fa138000 nmethod 8053 0x000001d9e606a190 code [0x000001d9e606a440, 0x000001d9e606ae28]
Event: 12.818 Thread 0x000001d9ff556040 8016       4       org.eclipse.jdt.internal.core.util.Util::splitOn (134 bytes)
Event: 12.825 Thread 0x000001d9fa138000 8054       3       org.eclipse.jdt.internal.compiler.classfmt.ClassFileStruct::u1At (16 bytes)
Event: 12.825 Thread 0x000001d9fa138000 nmethod 8054 0x000001d9e606b190 code [0x000001d9e606b340, 0x000001d9e606b480]
Event: 12.825 Thread 0x000001d9fa138000 8055       3       org.eclipse.jdt.internal.compiler.classfmt.ClassFileStruct::u2At (35 bytes)
Event: 12.826 Thread 0x000001d9fa138000 nmethod 8055 0x000001d9e606b590 code [0x000001d9e606b740, 0x000001d9e606b8b0]
Event: 12.830 Thread 0x000001d9fa138000 8056       3       org.eclipse.jdt.internal.compiler.classfmt.ClassFileStruct::utf8At (171 bytes)
Event: 12.830 Thread 0x000001d9fa138000 nmethod 8056 0x000001d9e606b990 code [0x000001d9e606bb60, 0x000001d9e606c0b8]
Event: 12.830 Thread 0x000001d9fa138000 8057       3       org.eclipse.jdt.core.compiler.CharOperation::replace (35 bytes)
Event: 12.831 Thread 0x000001d9fa138000 nmethod 8057 0x000001d9e606c310 code [0x000001d9e606c4c0, 0x000001d9e606c6d8]
Event: 12.831 Thread 0x000001d9fa138000 8059       3       sun.nio.fs.WindowsPath::compareTo (118 bytes)
Event: 12.832 Thread 0x000001d9fa138000 nmethod 8059 0x000001d9e606c810 code [0x000001d9e606cb40, 0x000001d9e606df88]
Event: 12.836 Thread 0x000001d9fa138000 8061       2       java.nio.file.Files::readAttributes (11 bytes)
Event: 12.836 Thread 0x000001d9fa138000 nmethod 8061 0x000001d9e606e810 code [0x000001d9e606e9e0, 0x000001d9e606eb78]
Event: 12.837 Thread 0x000001d9fa138000 8062       3       org.eclipse.jdt.internal.compiler.parser.Scanner::scanIdentifierOrKeywordWithBoundCheck (198 bytes)
Event: 12.838 Thread 0x000001d9fa138000 nmethod 8062 0x000001d9e606ec90 code [0x000001d9e606eec0, 0x000001d9e606f590]
Event: 12.844 Thread 0x000001d9fa138000 8065       3       jdk.internal.jimage.ImageReader$SharedImageReader::handleModulesSubTree (56 bytes)

GC Heap History (20 events):
Event: 11.367 GC heap before
{Heap before GC invocations=22 (full 2):
 PSYoungGen      total 23552K, used 23538K [0x00000000d5580000, 0x00000000d8900000, 0x0000000100000000)
  eden space 22016K, 100% used [0x00000000d5580000,0x00000000d6b00000,0x00000000d6b00000)
  from space 1536K, 99% used [0x00000000d6b00000,0x00000000d6c7c858,0x00000000d6c80000)
  to   space 15360K, 0% used [0x00000000d7a00000,0x00000000d7a00000,0x00000000d8900000)
 ParOldGen       total 68608K, used 55581K [0x0000000080000000, 0x0000000084300000, 0x00000000d5580000)
  object space 68608K, 81% used [0x0000000080000000,0x0000000083647740,0x0000000084300000)
 Metaspace       used 46336K, committed 47616K, reserved 1114112K
  class space    used 5049K, committed 5632K, reserved 1048576K
}
Event: 11.370 GC heap after
{Heap after GC invocations=22 (full 2):
 PSYoungGen      total 24064K, used 1563K [0x00000000d5580000, 0x00000000d7c00000, 0x0000000100000000)
  eden space 22016K, 0% used [0x00000000d5580000,0x00000000d5580000,0x00000000d6b00000)
  from space 2048K, 76% used [0x00000000d7a00000,0x00000000d7b86ea8,0x00000000d7c00000)
  to   space 6144K, 0% used [0x00000000d7000000,0x00000000d7000000,0x00000000d7600000)
 ParOldGen       total 68608K, used 57118K [0x0000000080000000, 0x0000000084300000, 0x00000000d5580000)
  object space 68608K, 83% used [0x0000000080000000,0x00000000837c7a78,0x0000000084300000)
 Metaspace       used 46336K, committed 47616K, reserved 1114112K
  class space    used 5049K, committed 5632K, reserved 1048576K
}
Event: 11.805 GC heap before
{Heap before GC invocations=23 (full 2):
 PSYoungGen      total 24064K, used 23579K [0x00000000d5580000, 0x00000000d7c00000, 0x0000000100000000)
  eden space 22016K, 100% used [0x00000000d5580000,0x00000000d6b00000,0x00000000d6b00000)
  from space 2048K, 76% used [0x00000000d7a00000,0x00000000d7b86ea8,0x00000000d7c00000)
  to   space 6144K, 0% used [0x00000000d7000000,0x00000000d7000000,0x00000000d7600000)
 ParOldGen       total 68608K, used 57118K [0x0000000080000000, 0x0000000084300000, 0x00000000d5580000)
  object space 68608K, 83% used [0x0000000080000000,0x00000000837c7a78,0x0000000084300000)
 Metaspace       used 46958K, committed 48320K, reserved 1114112K
  class space    used 5101K, committed 5696K, reserved 1048576K
}
Event: 11.806 GC heap after
{Heap after GC invocations=23 (full 2):
 PSYoungGen      total 28160K, used 320K [0x00000000d5580000, 0x00000000d7a80000, 0x0000000100000000)
  eden space 22016K, 0% used [0x00000000d5580000,0x00000000d5580000,0x00000000d6b00000)
  from space 6144K, 5% used [0x00000000d7000000,0x00000000d7050000,0x00000000d7600000)
  to   space 2048K, 0% used [0x00000000d7880000,0x00000000d7880000,0x00000000d7a80000)
 ParOldGen       total 68608K, used 58482K [0x0000000080000000, 0x0000000084300000, 0x00000000d5580000)
  object space 68608K, 85% used [0x0000000080000000,0x000000008391cb50,0x0000000084300000)
 Metaspace       used 46958K, committed 48320K, reserved 1114112K
  class space    used 5101K, committed 5696K, reserved 1048576K
}
Event: 12.062 GC heap before
{Heap before GC invocations=24 (full 2):
 PSYoungGen      total 28160K, used 22336K [0x00000000d5580000, 0x00000000d7a80000, 0x0000000100000000)
  eden space 22016K, 100% used [0x00000000d5580000,0x00000000d6b00000,0x00000000d6b00000)
  from space 6144K, 5% used [0x00000000d7000000,0x00000000d7050000,0x00000000d7600000)
  to   space 2048K, 0% used [0x00000000d7880000,0x00000000d7880000,0x00000000d7a80000)
 ParOldGen       total 68608K, used 58482K [0x0000000080000000, 0x0000000084300000, 0x00000000d5580000)
  object space 68608K, 85% used [0x0000000080000000,0x000000008391cb50,0x0000000084300000)
 Metaspace       used 46959K, committed 48320K, reserved 1114112K
  class space    used 5101K, committed 5696K, reserved 1048576K
}
Event: 12.062 GC heap after
{Heap after GC invocations=24 (full 2):
 PSYoungGen      total 22528K, used 256K [0x00000000d5580000, 0x00000000d7900000, 0x0000000100000000)
  eden space 22016K, 0% used [0x00000000d5580000,0x00000000d5580000,0x00000000d6b00000)
  from space 512K, 50% used [0x00000000d7880000,0x00000000d78c0000,0x00000000d7900000)
  to   space 512K, 0% used [0x00000000d7800000,0x00000000d7800000,0x00000000d7880000)
 ParOldGen       total 68608K, used 58624K [0x0000000080000000, 0x0000000084300000, 0x00000000d5580000)
  object space 68608K, 85% used [0x0000000080000000,0x0000000083940290,0x0000000084300000)
 Metaspace       used 46959K, committed 48320K, reserved 1114112K
  class space    used 5101K, committed 5696K, reserved 1048576K
}
Event: 12.175 GC heap before
{Heap before GC invocations=25 (full 2):
 PSYoungGen      total 22528K, used 22272K [0x00000000d5580000, 0x00000000d7900000, 0x0000000100000000)
  eden space 22016K, 100% used [0x00000000d5580000,0x00000000d6b00000,0x00000000d6b00000)
  from space 512K, 50% used [0x00000000d7880000,0x00000000d78c0000,0x00000000d7900000)
  to   space 512K, 0% used [0x00000000d7800000,0x00000000d7800000,0x00000000d7880000)
 ParOldGen       total 68608K, used 58624K [0x0000000080000000, 0x0000000084300000, 0x00000000d5580000)
  object space 68608K, 85% used [0x0000000080000000,0x0000000083940290,0x0000000084300000)
 Metaspace       used 47302K, committed 48576K, reserved 1114112K
  class space    used 5134K, committed 5696K, reserved 1048576K
}
Event: 12.175 GC heap after
{Heap after GC invocations=25 (full 2):
 PSYoungGen      total 22528K, used 509K [0x00000000d5580000, 0x00000000d7900000, 0x0000000100000000)
  eden space 22016K, 0% used [0x00000000d5580000,0x00000000d5580000,0x00000000d6b00000)
  from space 512K, 99% used [0x00000000d7800000,0x00000000d787f690,0x00000000d7880000)
  to   space 512K, 0% used [0x00000000d7880000,0x00000000d7880000,0x00000000d7900000)
 ParOldGen       total 68608K, used 59032K [0x0000000080000000, 0x0000000084300000, 0x00000000d5580000)
  object space 68608K, 86% used [0x0000000080000000,0x00000000839a6290,0x0000000084300000)
 Metaspace       used 47302K, committed 48576K, reserved 1114112K
  class space    used 5134K, committed 5696K, reserved 1048576K
}
Event: 12.237 GC heap before
{Heap before GC invocations=26 (full 2):
 PSYoungGen      total 22528K, used 22525K [0x00000000d5580000, 0x00000000d7900000, 0x0000000100000000)
  eden space 22016K, 100% used [0x00000000d5580000,0x00000000d6b00000,0x00000000d6b00000)
  from space 512K, 99% used [0x00000000d7800000,0x00000000d787f690,0x00000000d7880000)
  to   space 512K, 0% used [0x00000000d7880000,0x00000000d7880000,0x00000000d7900000)
 ParOldGen       total 68608K, used 59032K [0x0000000080000000, 0x0000000084300000, 0x00000000d5580000)
  object space 68608K, 86% used [0x0000000080000000,0x00000000839a6290,0x0000000084300000)
 Metaspace       used 47405K, committed 48832K, reserved 1114112K
  class space    used 5149K, committed 5760K, reserved 1048576K
}
Event: 12.238 GC heap after
{Heap after GC invocations=26 (full 2):
 PSYoungGen      total 22528K, used 512K [0x00000000d5580000, 0x00000000d7900000, 0x0000000100000000)
  eden space 22016K, 0% used [0x00000000d5580000,0x00000000d5580000,0x00000000d6b00000)
  from space 512K, 100% used [0x00000000d7880000,0x00000000d7900000,0x00000000d7900000)
  to   space 1536K, 0% used [0x00000000d7600000,0x00000000d7600000,0x00000000d7780000)
 ParOldGen       total 68608K, used 59696K [0x0000000080000000, 0x0000000084300000, 0x00000000d5580000)
  object space 68608K, 87% used [0x0000000080000000,0x0000000083a4c290,0x0000000084300000)
 Metaspace       used 47405K, committed 48832K, reserved 1114112K
  class space    used 5149K, committed 5760K, reserved 1048576K
}
Event: 12.310 GC heap before
{Heap before GC invocations=27 (full 2):
 PSYoungGen      total 22528K, used 22528K [0x00000000d5580000, 0x00000000d7900000, 0x0000000100000000)
  eden space 22016K, 100% used [0x00000000d5580000,0x00000000d6b00000,0x00000000d6b00000)
  from space 512K, 100% used [0x00000000d7880000,0x00000000d7900000,0x00000000d7900000)
  to   space 1536K, 0% used [0x00000000d7600000,0x00000000d7600000,0x00000000d7780000)
 ParOldGen       total 68608K, used 59696K [0x0000000080000000, 0x0000000084300000, 0x00000000d5580000)
  object space 68608K, 87% used [0x0000000080000000,0x0000000083a4c290,0x0000000084300000)
 Metaspace       used 47571K, committed 48960K, reserved 1114112K
  class space    used 5178K, committed 5760K, reserved 1048576K
}
Event: 12.311 GC heap after
{Heap after GC invocations=27 (full 2):
 PSYoungGen      total 23552K, used 1303K [0x00000000d5580000, 0x00000000d7900000, 0x0000000100000000)
  eden space 22016K, 0% used [0x00000000d5580000,0x00000000d5580000,0x00000000d6b00000)
  from space 1536K, 84% used [0x00000000d7600000,0x00000000d7745c18,0x00000000d7780000)
  to   space 1536K, 0% used [0x00000000d7780000,0x00000000d7780000,0x00000000d7900000)
 ParOldGen       total 68608K, used 60120K [0x0000000080000000, 0x0000000084300000, 0x00000000d5580000)
  object space 68608K, 87% used [0x0000000080000000,0x0000000083ab6290,0x0000000084300000)
 Metaspace       used 47571K, committed 48960K, reserved 1114112K
  class space    used 5178K, committed 5760K, reserved 1048576K
}
Event: 12.357 GC heap before
{Heap before GC invocations=28 (full 2):
 PSYoungGen      total 23552K, used 23318K [0x00000000d5580000, 0x00000000d7900000, 0x0000000100000000)
  eden space 22016K, 99% used [0x00000000d5580000,0x00000000d6affe98,0x00000000d6b00000)
  from space 1536K, 84% used [0x00000000d7600000,0x00000000d7745c18,0x00000000d7780000)
  to   space 1536K, 0% used [0x00000000d7780000,0x00000000d7780000,0x00000000d7900000)
 ParOldGen       total 68608K, used 60120K [0x0000000080000000, 0x0000000084300000, 0x00000000d5580000)
  object space 68608K, 87% used [0x0000000080000000,0x0000000083ab6290,0x0000000084300000)
 Metaspace       used 47614K, committed 48960K, reserved 1114112K
  class space    used 5192K, committed 5760K, reserved 1048576K
}
Event: 12.359 GC heap after
{Heap after GC invocations=28 (full 2):
 PSYoungGen      total 23040K, used 928K [0x00000000d5580000, 0x00000000d7880000, 0x0000000100000000)
  eden space 22016K, 0% used [0x00000000d5580000,0x00000000d5580000,0x00000000d6b00000)
  from space 1024K, 90% used [0x00000000d7780000,0x00000000d7868000,0x00000000d7880000)
  to   space 1536K, 0% used [0x00000000d7580000,0x00000000d7580000,0x00000000d7700000)
 ParOldGen       total 68608K, used 61256K [0x0000000080000000, 0x0000000084300000, 0x00000000d5580000)
  object space 68608K, 89% used [0x0000000080000000,0x0000000083bd2290,0x0000000084300000)
 Metaspace       used 47614K, committed 48960K, reserved 1114112K
  class space    used 5192K, committed 5760K, reserved 1048576K
}
Event: 12.576 GC heap before
{Heap before GC invocations=29 (full 2):
 PSYoungGen      total 23040K, used 22944K [0x00000000d5580000, 0x00000000d7880000, 0x0000000100000000)
  eden space 22016K, 100% used [0x00000000d5580000,0x00000000d6b00000,0x00000000d6b00000)
  from space 1024K, 90% used [0x00000000d7780000,0x00000000d7868000,0x00000000d7880000)
  to   space 1536K, 0% used [0x00000000d7580000,0x00000000d7580000,0x00000000d7700000)
 ParOldGen       total 68608K, used 61256K [0x0000000080000000, 0x0000000084300000, 0x00000000d5580000)
  object space 68608K, 89% used [0x0000000080000000,0x0000000083bd2290,0x0000000084300000)
 Metaspace       used 47685K, committed 49088K, reserved 1114112K
  class space    used 5212K, committed 5824K, reserved 1048576K
}
Event: 12.577 GC heap after
{Heap after GC invocations=29 (full 2):
 PSYoungGen      total 23552K, used 640K [0x00000000d5580000, 0x00000000d7800000, 0x0000000100000000)
  eden space 22016K, 0% used [0x00000000d5580000,0x00000000d5580000,0x00000000d6b00000)
  from space 1536K, 41% used [0x00000000d7580000,0x00000000d7620000,0x00000000d7700000)
  to   space 1024K, 0% used [0x00000000d7700000,0x00000000d7700000,0x00000000d7800000)
 ParOldGen       total 68608K, used 61968K [0x0000000080000000, 0x0000000084300000, 0x00000000d5580000)
  object space 68608K, 90% used [0x0000000080000000,0x0000000083c84290,0x0000000084300000)
 Metaspace       used 47685K, committed 49088K, reserved 1114112K
  class space    used 5212K, committed 5824K, reserved 1048576K
}
Event: 12.760 GC heap before
{Heap before GC invocations=30 (full 2):
 PSYoungGen      total 23552K, used 22655K [0x00000000d5580000, 0x00000000d7800000, 0x0000000100000000)
  eden space 22016K, 99% used [0x00000000d5580000,0x00000000d6affff0,0x00000000d6b00000)
  from space 1536K, 41% used [0x00000000d7580000,0x00000000d7620000,0x00000000d7700000)
  to   space 1024K, 0% used [0x00000000d7700000,0x00000000d7700000,0x00000000d7800000)
 ParOldGen       total 68608K, used 61968K [0x0000000080000000, 0x0000000084300000, 0x00000000d5580000)
  object space 68608K, 90% used [0x0000000080000000,0x0000000083c84290,0x0000000084300000)
 Metaspace       used 49125K, committed 50432K, reserved 1114112K
  class space    used 5347K, committed 5888K, reserved 1048576K
}
Event: 12.762 GC heap after
{Heap after GC invocations=30 (full 2):
 PSYoungGen      total 23040K, used 1016K [0x00000000d5580000, 0x00000000d7800000, 0x0000000100000000)
  eden space 22016K, 0% used [0x00000000d5580000,0x00000000d5580000,0x00000000d6b00000)
  from space 1024K, 99% used [0x00000000d7700000,0x00000000d77fe1d8,0x00000000d7800000)
  to   space 2560K, 0% used [0x00000000d7300000,0x00000000d7300000,0x00000000d7580000)
 ParOldGen       total 68608K, used 62860K [0x0000000080000000, 0x0000000084300000, 0x00000000d5580000)
  object space 68608K, 91% used [0x0000000080000000,0x0000000083d632a0,0x0000000084300000)
 Metaspace       used 49125K, committed 50432K, reserved 1114112K
  class space    used 5347K, committed 5888K, reserved 1048576K
}
Event: 12.832 GC heap before
{Heap before GC invocations=31 (full 2):
 PSYoungGen      total 23040K, used 23032K [0x00000000d5580000, 0x00000000d7800000, 0x0000000100000000)
  eden space 22016K, 99% used [0x00000000d5580000,0x00000000d6affff0,0x00000000d6b00000)
  from space 1024K, 99% used [0x00000000d7700000,0x00000000d77fe1d8,0x00000000d7800000)
  to   space 2560K, 0% used [0x00000000d7300000,0x00000000d7300000,0x00000000d7580000)
 ParOldGen       total 68608K, used 62860K [0x0000000080000000, 0x0000000084300000, 0x00000000d5580000)
  object space 68608K, 91% used [0x0000000080000000,0x0000000083d632a0,0x0000000084300000)
 Metaspace       used 49446K, committed 50880K, reserved 1114112K
  class space    used 5400K, committed 6016K, reserved 1048576K
}
Event: 12.835 GC heap after
{Heap after GC invocations=31 (full 2):
 PSYoungGen      total 24576K, used 2545K [0x00000000d5580000, 0x00000000d7780000, 0x0000000100000000)
  eden space 22016K, 0% used [0x00000000d5580000,0x00000000d5580000,0x00000000d6b00000)
  from space 2560K, 99% used [0x00000000d7300000,0x00000000d757c420,0x00000000d7580000)
  to   space 2048K, 0% used [0x00000000d7580000,0x00000000d7580000,0x00000000d7780000)
 ParOldGen       total 68608K, used 63857K [0x0000000080000000, 0x0000000084300000, 0x00000000d5580000)
  object space 68608K, 93% used [0x0000000080000000,0x0000000083e5c530,0x0000000084300000)
 Metaspace       used 49446K, committed 50880K, reserved 1114112K
  class space    used 5400K, committed 6016K, reserved 1048576K
}

Dll operation events (10 events):
Event: 0.021 Loaded shared library c:\Users\LENOVO\.antigravity\extensions\redhat.java-1.54.0-win32-x64\jre\21.0.10-win32-x86_64\bin\java.dll
Event: 0.154 Loaded shared library c:\Users\LENOVO\.antigravity\extensions\redhat.java-1.54.0-win32-x64\jre\21.0.10-win32-x86_64\bin\zip.dll
Event: 0.175 Loaded shared library C:\Users\LENOVO\.antigravity\extensions\redhat.java-1.54.0-win32-x64\jre\21.0.10-win32-x86_64\bin\instrument.dll
Event: 0.180 Loaded shared library C:\Users\LENOVO\.antigravity\extensions\redhat.java-1.54.0-win32-x64\jre\21.0.10-win32-x86_64\bin\net.dll
Event: 0.183 Loaded shared library C:\Users\LENOVO\.antigravity\extensions\redhat.java-1.54.0-win32-x64\jre\21.0.10-win32-x86_64\bin\nio.dll
Event: 0.193 Loaded shared library C:\Users\LENOVO\.antigravity\extensions\redhat.java-1.54.0-win32-x64\jre\21.0.10-win32-x86_64\bin\zip.dll
Event: 0.269 Loaded shared library C:\Users\LENOVO\.antigravity\extensions\redhat.java-1.54.0-win32-x64\jre\21.0.10-win32-x86_64\bin\jimage.dll
Event: 0.364 Loaded shared library c:\Users\LENOVO\.antigravity\extensions\redhat.java-1.54.0-win32-x64\jre\21.0.10-win32-x86_64\bin\verify.dll
Event: 1.993 Loaded shared library C:\Users\LENOVO\AppData\Roaming\Antigravity\User\globalStorage\redhat.java\1.54.0\config_win\org.eclipse.equinox.launcher\org.eclipse.equinox.launcher.win32.win32.x86_64_1.3.0.v20260203-2149\eclipse_11919.dll
Event: 5.276 Loaded shared library C:\Users\LENOVO\AppData\Local\Temp\jna--2053026509\jna2811803931585165142.dll

Deoptimization events (20 events):
Event: 12.802 Thread 0x000001d9c2c1c5f0 Uncommon trap: reason=predicate action=maybe_recompile pc=0x000001d9ed0240d8 method=java.util.TimSort.countRunAndMakeAscending([Ljava/lang/Object;IILjava/util/Comparator;)I @ 54 c2
Event: 12.802 Thread 0x000001d9c2c1c5f0 DEOPT PACKING pc=0x000001d9ed0240d8 sp=0x000000a846cfd460
Event: 12.802 Thread 0x000001d9c2c1c5f0 DEOPT UNPACKING pc=0x000001d9ec666da2 sp=0x000000a846cfd400 mode 2
Event: 12.831 Thread 0x000001d9c2c1c5f0 Uncommon trap: trap_request=0xffffffc6 fr.pc=0x000001d9ed02d6e4 relative=0x00000000000007c4
Event: 12.831 Thread 0x000001d9c2c1c5f0 Uncommon trap: reason=bimorphic_or_optimized_type_check action=maybe_recompile pc=0x000001d9ed02d6e4 method=jdk.internal.jrtfs.JrtFileSystem.getFileAttributes(Ljdk/internal/jrtfs/JrtPath;[Ljava/nio/file/LinkOption;)Ljdk/internal/jrtfs/JrtFileAttributes; @
Event: 12.831 Thread 0x000001d9c2c1c5f0 DEOPT PACKING pc=0x000001d9ed02d6e4 sp=0x000000a846cfd020
Event: 12.831 Thread 0x000001d9c2c1c5f0 DEOPT UNPACKING pc=0x000001d9ec666da2 sp=0x000000a846cfce68 mode 2
Event: 12.831 Thread 0x000001d9c2c1c5f0 Uncommon trap: trap_request=0xffffffc6 fr.pc=0x000001d9ed02d6e4 relative=0x00000000000007c4
Event: 12.831 Thread 0x000001d9c2c1c5f0 Uncommon trap: reason=bimorphic_or_optimized_type_check action=maybe_recompile pc=0x000001d9ed02d6e4 method=jdk.internal.jrtfs.JrtFileSystem.getFileAttributes(Ljdk/internal/jrtfs/JrtPath;[Ljava/nio/file/LinkOption;)Ljdk/internal/jrtfs/JrtFileAttributes; @
Event: 12.832 Thread 0x000001d9c2c1c5f0 DEOPT PACKING pc=0x000001d9ed02d6e4 sp=0x000000a846cfd020
Event: 12.832 Thread 0x000001d9c2c1c5f0 DEOPT UNPACKING pc=0x000001d9ec666da2 sp=0x000000a846cfce68 mode 2
Event: 12.832 Thread 0x000001d9c2c1c5f0 Uncommon trap: trap_request=0xffffffc6 fr.pc=0x000001d9ed02d6e4 relative=0x00000000000007c4
Event: 12.832 Thread 0x000001d9c2c1c5f0 Uncommon trap: reason=bimorphic_or_optimized_type_check action=maybe_recompile pc=0x000001d9ed02d6e4 method=jdk.internal.jrtfs.JrtFileSystem.getFileAttributes(Ljdk/internal/jrtfs/JrtPath;[Ljava/nio/file/LinkOption;)Ljdk/internal/jrtfs/JrtFileAttributes; @
Event: 12.832 Thread 0x000001d9c2c1c5f0 DEOPT PACKING pc=0x000001d9ed02d6e4 sp=0x000000a846cfd020
Event: 12.832 Thread 0x000001d9c2c1c5f0 DEOPT UNPACKING pc=0x000001d9ec666da2 sp=0x000000a846cfce68 mode 2
Event: 12.832 Thread 0x000001d9c2c1c5f0 Uncommon trap: trap_request=0xffffffc6 fr.pc=0x000001d9ed02d6e4 relative=0x00000000000007c4
Event: 12.832 Thread 0x000001d9c2c1c5f0 Uncommon trap: reason=bimorphic_or_optimized_type_check action=maybe_recompile pc=0x000001d9ed02d6e4 method=jdk.internal.jrtfs.JrtFileSystem.getFileAttributes(Ljdk/internal/jrtfs/JrtPath;[Ljava/nio/file/LinkOption;)Ljdk/internal/jrtfs/JrtFileAttributes; @
Event: 12.832 Thread 0x000001d9c2c1c5f0 DEOPT PACKING pc=0x000001d9ed02d6e4 sp=0x000000a846cfd020
Event: 12.832 Thread 0x000001d9c2c1c5f0 DEOPT UNPACKING pc=0x000001d9ec666da2 sp=0x000000a846cfce68 mode 2
Event: 12.865 Thread 0x000001d9c2c1c5f0 Uncommon trap: trap_request=0xffffffde fr.pc=0x000001d9ecfb06fc relative=0x000000000000089c

Classes loaded (20 events):
Event: 12.691 Loading class sun/nio/ch/Util$4
Event: 12.691 Loading class sun/nio/ch/Util$4 done
Event: 12.697 Loading class java/nio/file/ClosedDirectoryStreamException
Event: 12.697 Loading class java/nio/file/ClosedDirectoryStreamException done
Event: 12.697 Loading class jdk/internal/jrtfs/JrtFileSystem
Event: 12.698 Loading class jdk/internal/jrtfs/JrtFileSystem done
Event: 12.698 Loading class jdk/internal/jrtfs/JrtPath
Event: 12.698 Loading class jdk/internal/jrtfs/JrtPath done
Event: 12.698 Loading class jdk/internal/jimage/ImageReader$Node
Event: 12.698 Loading class jdk/internal/jimage/ImageReader$Node done
Event: 12.701 Loading class java/nio/ByteBufferAsIntBufferL
Event: 12.701 Loading class java/nio/ByteBufferAsIntBufferL done
Event: 12.705 Loading class jdk/internal/jimage/ImageReader$Directory
Event: 12.705 Loading class jdk/internal/jimage/ImageReader$Directory done
Event: 12.810 Loading class java/util/AbstractList$ListItr
Event: 12.810 Loading class java/util/AbstractList$ListItr done
Event: 12.819 Loading class java/nio/channels/Channels$ReadableByteChannelImpl
Event: 12.819 Loading class java/nio/channels/Channels$ReadableByteChannelImpl done
Event: 12.820 Loading class java/nio/channels/NonWritableChannelException
Event: 12.820 Loading class java/nio/channels/NonWritableChannelException done

Classes unloaded (7 events):
Event: 5.764 Thread 0x000001d9e1e51d30 Unloading class 0x000001d9811a5400 'java/lang/invoke/LambdaForm$MH+0x000001d9811a5400'
Event: 5.764 Thread 0x000001d9e1e51d30 Unloading class 0x000001d9811a5000 'java/lang/invoke/LambdaForm$MH+0x000001d9811a5000'
Event: 5.764 Thread 0x000001d9e1e51d30 Unloading class 0x000001d9811a4c00 'java/lang/invoke/LambdaForm$MH+0x000001d9811a4c00'
Event: 5.764 Thread 0x000001d9e1e51d30 Unloading class 0x000001d9811a4800 'java/lang/invoke/LambdaForm$MH+0x000001d9811a4800'
Event: 5.764 Thread 0x000001d9e1e51d30 Unloading class 0x000001d9811a4400 'java/lang/invoke/LambdaForm$BMH+0x000001d9811a4400'
Event: 5.764 Thread 0x000001d9e1e51d30 Unloading class 0x000001d9811a4000 'java/lang/invoke/LambdaForm$DMH+0x000001d9811a4000'
Event: 5.764 Thread 0x000001d9e1e51d30 Unloading class 0x000001d9811a2c00 'java/lang/invoke/LambdaForm$DMH+0x000001d9811a2c00'

Classes redefined (0 events):
No events

Internal exceptions (20 events):
Event: 12.450 Thread 0x000001d9ff23bda0 Exception <a 'sun/nio/fs/WindowsException'{0x00000000d610c2b8}> (0x00000000d610c2b8) 
thrown [s\src\hotspot\share\prims\jni.cpp, line 520]
Event: 12.451 Thread 0x000001d9ff23bda0 Exception <a 'sun/nio/fs/WindowsException'{0x00000000d6112968}> (0x00000000d6112968) 
thrown [s\src\hotspot\share\prims\jni.cpp, line 520]
Event: 12.451 Thread 0x000001d9ff23bda0 Exception <a 'sun/nio/fs/WindowsException'{0x00000000d61189e0}> (0x00000000d61189e0) 
thrown [s\src\hotspot\share\prims\jni.cpp, line 520]
Event: 12.451 Thread 0x000001d9ff23bda0 Exception <a 'sun/nio/fs/WindowsException'{0x00000000d611ecc0}> (0x00000000d611ecc0) 
thrown [s\src\hotspot\share\prims\jni.cpp, line 520]
Event: 12.452 Thread 0x000001d9ff23bda0 Exception <a 'sun/nio/fs/WindowsException'{0x00000000d6125218}> (0x00000000d6125218) 
thrown [s\src\hotspot\share\prims\jni.cpp, line 520]
Event: 12.452 Thread 0x000001d9ff23bda0 Exception <a 'sun/nio/fs/WindowsException'{0x00000000d612bcd0}> (0x00000000d612bcd0) 
thrown [s\src\hotspot\share\prims\jni.cpp, line 520]
Event: 12.453 Thread 0x000001d9ff23bda0 Exception <a 'sun/nio/fs/WindowsException'{0x00000000d6132270}> (0x00000000d6132270) 
thrown [s\src\hotspot\share\prims\jni.cpp, line 520]
Event: 12.453 Thread 0x000001d9ff23bda0 Exception <a 'sun/nio/fs/WindowsException'{0x00000000d6138fa8}> (0x00000000d6138fa8) 
thrown [s\src\hotspot\share\prims\jni.cpp, line 520]
Event: 12.454 Thread 0x000001d9ff23bda0 Exception <a 'sun/nio/fs/WindowsException'{0x00000000d613f4a8}> (0x00000000d613f4a8) 
thrown [s\src\hotspot\share\prims\jni.cpp, line 520]
Event: 12.454 Thread 0x000001d9ff23bda0 Exception <a 'sun/nio/fs/WindowsException'{0x00000000d614fe80}> (0x00000000d614fe80) 
thrown [s\src\hotspot\share\prims\jni.cpp, line 520]
Event: 12.607 Thread 0x000001d9ff23bda0 Exception <a 'sun/nio/fs/WindowsException'{0x00000000d5843ca8}> (0x00000000d5843ca8) 
thrown [s\src\hotspot\share\prims\jni.cpp, line 520]
Event: 12.607 Thread 0x000001d9ff23bda0 Exception <a 'sun/nio/fs/WindowsException'{0x00000000d584aed8}> (0x00000000d584aed8) 
thrown [s\src\hotspot\share\prims\jni.cpp, line 520]
Event: 12.608 Thread 0x000001d9ff23bda0 Exception <a 'sun/nio/fs/WindowsException'{0x00000000d5851310}> (0x00000000d5851310) 
thrown [s\src\hotspot\share\prims\jni.cpp, line 520]
Event: 12.608 Thread 0x000001d9ff23bda0 Exception <a 'sun/nio/fs/WindowsException'{0x00000000d5859870}> (0x00000000d5859870) 
thrown [s\src\hotspot\share\prims\jni.cpp, line 520]
Event: 12.608 Thread 0x000001d9ff23bda0 Exception <a 'sun/nio/fs/WindowsException'{0x00000000d58602d0}> (0x00000000d58602d0) 
thrown [s\src\hotspot\share\prims\jni.cpp, line 520]
Event: 12.608 Thread 0x000001d9ff23bda0 Exception <a 'sun/nio/fs/WindowsException'{0x00000000d5866d58}> (0x00000000d5866d58) 
thrown [s\src\hotspot\share\prims\jni.cpp, line 520]
Event: 12.609 Thread 0x000001d9ff23bda0 Exception <a 'sun/nio/fs/WindowsException'{0x00000000d586e198}> (0x00000000d586e198) 
thrown [s\src\hotspot\share\prims\jni.cpp, line 520]
Event: 12.609 Thread 0x000001d9ff23bda0 Exception <a 'sun/nio/fs/WindowsException'{0x00000000d5880e80}> (0x00000000d5880e80) 
thrown [s\src\hotspot\share\prims\jni.cpp, line 520]
Event: 12.691 Thread 0x000001d9c2c1c5f0 Implicit null exception at 0x000001d9ecf31883 to 0x000001d9ecf31b04
Event: 12.692 Thread 0x000001d9c2c1c5f0 Exception <a 'java/lang/NoSuchMethodError'{0x00000000d5ff1088}: 'java.lang.Object java.lang.invoke.DelegatingMethodHandle$Holder.reinvoke_L(java.lang.Object, int, long, java.lang.Object, java.lang.Object, int, java.lang.Object)'> (0x00000000d5ff1088) 
thrown [s\src\hotspot\share\interpreter\linkResolver.cpp, line 773]

ZGC Phase Switch (0 events):
No events

VM Operations (20 events):
Event: 12.679 Executing non-safepoint VM operation: HandshakeAllThreads (Deoptimize) done
Event: 12.684 Executing non-safepoint VM operation: HandshakeAllThreads (Deoptimize)
Event: 12.684 Executing non-safepoint VM operation: HandshakeAllThreads (Deoptimize) done
Event: 12.685 Executing non-safepoint VM operation: HandshakeAllThreads (Deoptimize)
Event: 12.685 Executing non-safepoint VM operation: HandshakeAllThreads (Deoptimize) done
Event: 12.697 Executing non-safepoint VM operation: HandshakeAllThreads (Deoptimize)
Event: 12.697 Executing non-safepoint VM operation: HandshakeAllThreads (Deoptimize) done
Event: 12.702 Executing non-safepoint VM operation: HandshakeAllThreads (Deoptimize)
Event: 12.702 Executing non-safepoint VM operation: HandshakeAllThreads (Deoptimize) done
Event: 12.703 Executing non-safepoint VM operation: HandshakeAllThreads (Deoptimize)
Event: 12.703 Executing non-safepoint VM operation: HandshakeAllThreads (Deoptimize) done
Event: 12.727 Executing non-safepoint VM operation: HandshakeAllThreads (Deoptimize)
Event: 12.727 Executing non-safepoint VM operation: HandshakeAllThreads (Deoptimize) done
Event: 12.760 Executing safepoint VM operation: ParallelGCFailedAllocation (Allocation Failure)
Event: 12.762 Executing safepoint VM operation: ParallelGCFailedAllocation (Allocation Failure) done
Event: 12.811 Executing non-safepoint VM operation: HandshakeAllThreads (Deoptimize)
Event: 12.811 Executing non-safepoint VM operation: HandshakeAllThreads (Deoptimize) done
Event: 12.832 Executing safepoint VM operation: ParallelGCFailedAllocation (Allocation Failure)
Event: 12.835 Executing safepoint VM operation: ParallelGCFailedAllocation (Allocation Failure) done
Event: 13.845 Executing safepoint VM operation: Cleanup

Memory protections (0 events):
No events

Nmethod flushes (20 events):
Event: 6.791 Thread 0x000001d9e1e51d30 flushing  nmethod 0x000001d9e5764310
Event: 6.791 Thread 0x000001d9e1e51d30 flushing  nmethod 0x000001d9e5766010
Event: 6.791 Thread 0x000001d9e1e51d30 flushing  nmethod 0x000001d9e5767490
Event: 6.791 Thread 0x000001d9e1e51d30 flushing  nmethod 0x000001d9e5767d10
Event: 6.791 Thread 0x000001d9e1e51d30 flushing  nmethod 0x000001d9e5769790
Event: 6.791 Thread 0x000001d9e1e51d30 flushing  nmethod 0x000001d9e576b410
Event: 6.791 Thread 0x000001d9e1e51d30 flushing  nmethod 0x000001d9e576b910
Event: 6.791 Thread 0x000001d9e1e51d30 flushing  nmethod 0x000001d9e57ba310
Event: 6.791 Thread 0x000001d9e1e51d30 flushing  nmethod 0x000001d9e57ba610
Event: 6.791 Thread 0x000001d9e1e51d30 flushing  nmethod 0x000001d9e57fdf90
Event: 6.791 Thread 0x000001d9e1e51d30 flushing  nmethod 0x000001d9e581a990
Event: 6.791 Thread 0x000001d9e1e51d30 flushing  nmethod 0x000001d9e582dc10
Event: 6.791 Thread 0x000001d9e1e51d30 flushing  nmethod 0x000001d9e5851890
Event: 6.791 Thread 0x000001d9e1e51d30 flushing  nmethod 0x000001d9e586b410
Event: 6.791 Thread 0x000001d9e1e51d30 flushing  nmethod 0x000001d9e586c010
Event: 6.791 Thread 0x000001d9e1e51d30 flushing  nmethod 0x000001d9e586c490
Event: 6.791 Thread 0x000001d9e1e51d30 flushing  nmethod 0x000001d9e5885c10
Event: 6.791 Thread 0x000001d9e1e51d30 flushing  nmethod 0x000001d9e5886c90
Event: 6.791 Thread 0x000001d9e1e51d30 flushing  nmethod 0x000001d9e5887f90
Event: 6.791 Thread 0x000001d9e1e51d30 flushing  nmethod 0x000001d9e588da90

Events (20 events):
Event: 6.546 Thread 0x000001d9e1ee4980 Thread added: 0x000001d9c2c19800
Event: 6.546 Thread 0x000001d9e1ee4980 Thread added: 0x000001d9c2c1b240
Event: 6.570 Thread 0x000001d9e1ee4980 Thread added: 0x000001d9c2c19e90
Event: 6.764 Thread 0x000001d9e1ee4980 Thread added: 0x000001d9c2c18450
Event: 6.764 Thread 0x000001d9e1ee4980 Thread added: 0x000001d9c2c1c5f0
Event: 7.452 Thread 0x000001d9ff557b80 Thread exited: 0x000001d9ff557b80
Event: 7.613 Thread 0x000001d9fa138000 Thread added: 0x000001d9ff555970
Event: 8.342 Thread 0x000001d9ff23d7e0 Thread added: 0x000001d9c2c1e6c0
Event: 8.342 Thread 0x000001d9ff23d7e0 Thread added: 0x000001d9c2c1cc80
Event: 8.343 Thread 0x000001d9c2c1e6c0 Thread added: 0x000001d9c2c1e030
Event: 8.343 Thread 0x000001d9ff23d7e0 Thread added: 0x000001d9c2c1f3e0
Event: 8.344 Thread 0x000001d9c2c1cc80 Thread added: 0x000001d9c2c1bf60
Event: 8.344 Thread 0x000001d9c2c1e030 Thread added: 0x000001d9c2c1fa70
Event: 8.345 Thread 0x000001d9c2c1f3e0 Thread added: 0x000001d9c2cf3ad0
Event: 11.417 Thread 0x000001d9ff23bda0 Thread added: 0x000001d9c2cf5510
Event: 11.907 Thread 0x000001d9ff555970 Thread exited: 0x000001d9ff555970
Event: 11.907 Thread 0x000001d9ff556de0 Thread exited: 0x000001d9ff556de0
Event: 12.075 Thread 0x000001d9fa138000 Thread added: 0x000001d9ff555970
Event: 12.078 Thread 0x000001d9fa138000 Thread added: 0x000001d9ff556040
Event: 12.611 Thread 0x000001d9c2cf5510 Thread exited: 0x000001d9c2cf5510


Dynamic libraries:
0x00007ff6fe620000 - 0x00007ff6fe62e000 	c:\Users\LENOVO\.antigravity\extensions\redhat.java-1.54.0-win32-x64\jre\21.0.10-win32-x86_64\bin\java.exe
0x00007ffe7fbc0000 - 0x00007ffe7fe27000 	C:\WINDOWS\SYSTEM32\ntdll.dll
0x00007ffe7eff0000 - 0x00007ffe7f0b9000 	C:\WINDOWS\System32\KERNEL32.DLL
0x00007ffe7d550000 - 0x00007ffe7d944000 	C:\WINDOWS\System32\KERNELBASE.dll
0x00007ffe7cb90000 - 0x00007ffe7ccdb000 	C:\WINDOWS\System32\ucrtbase.dll
0x00007ffe77480000 - 0x00007ffe77498000 	c:\Users\LENOVO\.antigravity\extensions\redhat.java-1.54.0-win32-x64\jre\21.0.10-win32-x86_64\bin\jli.dll
0x00007ffe77460000 - 0x00007ffe7747e000 	c:\Users\LENOVO\.antigravity\extensions\redhat.java-1.54.0-win32-x64\jre\21.0.10-win32-x86_64\bin\VCRUNTIME140.dll
0x00007ffe7ddd0000 - 0x00007ffe7df95000 	C:\WINDOWS\System32\USER32.dll
0x00007ffe5f940000 - 0x00007ffe5fbd3000 	C:\WINDOWS\WinSxS\amd64_microsoft.windows.common-controls_6595b64144ccf1df_6.0.26100.8115_none_3e075c82e3354f9c\COMCTL32.dll
0x00007ffe7c5c0000 - 0x00007ffe7c5e7000 	C:\WINDOWS\System32\win32u.dll
0x00007ffe7f920000 - 0x00007ffe7f9c9000 	C:\WINDOWS\System32\msvcrt.dll
0x00007ffe7f180000 - 0x00007ffe7f1ab000 	C:\WINDOWS\System32\GDI32.dll
0x00007ffe7c490000 - 0x00007ffe7c5bb000 	C:\WINDOWS\System32\gdi32full.dll
0x00007ffe7c960000 - 0x00007ffe7ca03000 	C:\WINDOWS\System32\msvcp_win.dll
0x00007ffe7fad0000 - 0x00007ffe7fb02000 	C:\WINDOWS\System32\IMM32.DLL
0x00007ffe79bd0000 - 0x00007ffe79bdc000 	c:\Users\LENOVO\.antigravity\extensions\redhat.java-1.54.0-win32-x64\jre\21.0.10-win32-x86_64\bin\vcruntime140_1.dll
0x00007ffe23960000 - 0x00007ffe239ed000 	c:\Users\LENOVO\.antigravity\extensions\redhat.java-1.54.0-win32-x64\jre\21.0.10-win32-x86_64\bin\msvcp140.dll
0x00007ffdcc6e0000 - 0x00007ffdcd481000 	c:\Users\LENOVO\.antigravity\extensions\redhat.java-1.54.0-win32-x64\jre\21.0.10-win32-x86_64\bin\server\jvm.dll
0x00007ffe7f0c0000 - 0x00007ffe7f176000 	C:\WINDOWS\System32\ADVAPI32.dll
0x00007ffe7e580000 - 0x00007ffe7e627000 	C:\WINDOWS\System32\sechost.dll
0x00007ffe7dcb0000 - 0x00007ffe7ddc8000 	C:\WINDOWS\System32\RPCRT4.dll
0x00007ffe7e4f0000 - 0x00007ffe7e570000 	C:\WINDOWS\System32\WS2_32.dll
0x00007ffe7c2f0000 - 0x00007ffe7c34e000 	C:\WINDOWS\SYSTEM32\POWRPROF.dll
0x00007ffe73db0000 - 0x00007ffe73de6000 	C:\WINDOWS\SYSTEM32\WINMM.dll
0x00007ffe6e510000 - 0x00007ffe6e51b000 	C:\WINDOWS\SYSTEM32\VERSION.dll
0x00007ffe7c2d0000 - 0x00007ffe7c2e4000 	C:\WINDOWS\SYSTEM32\UMPDC.dll
0x00007ffe7b220000 - 0x00007ffe7b23b000 	C:\WINDOWS\SYSTEM32\kernel.appcore.dll
0x00007ffe6b560000 - 0x00007ffe6b56a000 	c:\Users\LENOVO\.antigravity\extensions\redhat.java-1.54.0-win32-x64\jre\21.0.10-win32-x86_64\bin\jimage.dll
0x00007ffe77a30000 - 0x00007ffe77c72000 	C:\WINDOWS\SYSTEM32\DBGHELP.DLL
0x00007ffe7ec60000 - 0x00007ffe7efe2000 	C:\WINDOWS\System32\combase.dll
0x00007ffe7e630000 - 0x00007ffe7e708000 	C:\WINDOWS\System32\OLEAUT32.dll
0x00007ffe5ce30000 - 0x00007ffe5ce6b000 	C:\WINDOWS\SYSTEM32\dbgcore.DLL
0x00007ffe7c5f0000 - 0x00007ffe7c695000 	C:\WINDOWS\System32\bcryptPrimitives.dll
0x00007ffe67050000 - 0x00007ffe6705f000 	c:\Users\LENOVO\.antigravity\extensions\redhat.java-1.54.0-win32-x64\jre\21.0.10-win32-x86_64\bin\instrument.dll
0x00007ffe67030000 - 0x00007ffe67050000 	c:\Users\LENOVO\.antigravity\extensions\redhat.java-1.54.0-win32-x64\jre\21.0.10-win32-x86_64\bin\java.dll
0x00007ffe7f1b0000 - 0x00007ffe7f917000 	C:\WINDOWS\System32\SHELL32.dll
0x00007ffe7c730000 - 0x00007ffe7c89a000 	C:\WINDOWS\System32\wintypes.dll
0x00007ffe7cce0000 - 0x00007ffe7d548000 	C:\WINDOWS\System32\windows.storage.dll
0x00007ffe7f9d0000 - 0x00007ffe7fac8000 	C:\WINDOWS\System32\SHCORE.dll
0x00007ffe7e7b0000 - 0x00007ffe7e816000 	C:\WINDOWS\System32\shlwapi.dll
0x00007ffe7c3b0000 - 0x00007ffe7c3d9000 	C:\WINDOWS\SYSTEM32\profapi.dll
0x00007ffe67010000 - 0x00007ffe67028000 	c:\Users\LENOVO\.antigravity\extensions\redhat.java-1.54.0-win32-x64\jre\21.0.10-win32-x86_64\bin\zip.dll
0x00007ffe67000000 - 0x00007ffe67010000 	C:\Users\LENOVO\.antigravity\extensions\redhat.java-1.54.0-win32-x64\jre\21.0.10-win32-x86_64\bin\net.dll
0x00007ffe6ee10000 - 0x00007ffe6ef3d000 	C:\WINDOWS\SYSTEM32\WINHTTP.dll
0x00007ffe7b790000 - 0x00007ffe7b7fc000 	C:\WINDOWS\system32\mswsock.dll
0x00007ffe66fe0000 - 0x00007ffe66ff6000 	C:\Users\LENOVO\.antigravity\extensions\redhat.java-1.54.0-win32-x64\jre\21.0.10-win32-x86_64\bin\nio.dll
0x00007ffe644b0000 - 0x00007ffe644c0000 	c:\Users\LENOVO\.antigravity\extensions\redhat.java-1.54.0-win32-x64\jre\21.0.10-win32-x86_64\bin\verify.dll
0x00007ffdff220000 - 0x00007ffdff265000 	C:\Users\LENOVO\AppData\Roaming\Antigravity\User\globalStorage\redhat.java\1.54.0\config_win\org.eclipse.equinox.launcher\org.eclipse.equinox.launcher.win32.win32.x86_64_1.3.0.v20260203-2149\eclipse_11919.dll
0x00007ffe7e960000 - 0x00007ffe7eaf7000 	C:\WINDOWS\System32\ole32.dll
0x00007ffe7ba70000 - 0x00007ffe7ba8b000 	C:\WINDOWS\SYSTEM32\CRYPTSP.dll
0x00007ffe7b180000 - 0x00007ffe7b1b9000 	C:\WINDOWS\system32\rsaenh.dll
0x00007ffe7b840000 - 0x00007ffe7b873000 	C:\WINDOWS\SYSTEM32\USERENV.dll
0x00007ffe7c380000 - 0x00007ffe7c3aa000 	C:\WINDOWS\SYSTEM32\bcrypt.dll
0x00007ffe7ba90000 - 0x00007ffe7ba9c000 	C:\WINDOWS\SYSTEM32\CRYPTBASE.dll
0x00007ffe7ac90000 - 0x00007ffe7acc2000 	C:\WINDOWS\SYSTEM32\IPHLPAPI.DLL
0x00007ffe7e740000 - 0x00007ffe7e74a000 	C:\WINDOWS\System32\NSI.dll
0x00007ffdfd6e0000 - 0x00007ffdfd729000 	C:\Users\LENOVO\AppData\Local\Temp\jna--2053026509\jna2811803931585165142.dll
0x00007ffe7e440000 - 0x00007ffe7e448000 	C:\WINDOWS\System32\PSAPI.DLL
0x00007ffe736e0000 - 0x00007ffe736fd000 	C:\WINDOWS\SYSTEM32\dhcpcsvc6.DLL
0x00007ffe6f0c0000 - 0x00007ffe6f0e5000 	C:\WINDOWS\SYSTEM32\dhcpcsvc.DLL

JVMTI agents:
c:\Users\LENOVO\.antigravity\extensions\redhat.java-1.54.0-win32-x64\lombok\lombok-1.18.39-4050.jar path:c:\Users\LENOVO\.antigravity\extensions\redhat.java-1.54.0-win32-x64\jre\21.0.10-win32-x86_64\bin\instrument.dll, loaded, initialized, instrumentlib options:none

dbghelp: loaded successfully - version: 4.0.5 - missing functions: none
symbol engine: initialized successfully - sym options: 0x614 - pdb path: .;c:\Users\LENOVO\.antigravity\extensions\redhat.java-1.54.0-win32-x64\jre\21.0.10-win32-x86_64\bin;C:\WINDOWS\SYSTEM32;C:\WINDOWS\WinSxS\amd64_microsoft.windows.common-controls_6595b64144ccf1df_6.0.26100.8115_none_3e075c82e3354f9c;c:\Users\LENOVO\.antigravity\extensions\redhat.java-1.54.0-win32-x64\jre\21.0.10-win32-x86_64\bin\server;C:\Users\LENOVO\AppData\Roaming\Antigravity\User\globalStorage\redhat.java\1.54.0\config_win\org.eclipse.equinox.launcher\org.eclipse.equinox.launcher.win32.win32.x86_64_1.3.0.v20260203-2149;C:\Users\LENOVO\AppData\Local\Temp\jna--2053026509

VM Arguments:
jvm_args: --add-modules=ALL-SYSTEM --add-opens=java.base/java.util=ALL-UNNAMED --add-opens=java.base/java.lang=ALL-UNNAMED --add-opens=java.base/sun.nio.fs=ALL-UNNAMED -Declipse.application=org.eclipse.jdt.ls.core.id1 -Dosgi.bundles.defaultStartLevel=4 -Declipse.product=org.eclipse.jdt.ls.core.product -Djava.import.generatesMetadataFilesAtProjectRoot=false -DDetectVMInstallationsJob.disabled=true -Dfile.encoding=utf8 -XX:+UseParallelGC -XX:GCTimeRatio=4 -XX:AdaptiveSizePolicyWeight=90 -Dsun.zip.disableMemoryMapping=true -Xmx2G -Xms100m -Xlog:disable -javaagent:c:\Users\LENOVO\.antigravity\extensions\redhat.java-1.54.0-win32-x64\lombok\lombok-1.18.39-4050.jar -XX:+HeapDumpOnOutOfMemoryError -XX:HeapDumpPath=c:\Users\LENOVO\AppData\Roaming\Antigravity\User\workspaceStorage\c32ad2883d698218fc90bdae50dd7373\redhat.java -Daether.dependencyCollector.impl=bf 
java_command: c:\Users\LENOVO\.antigravity\extensions\redhat.java-1.54.0-win32-x64\server\plugins\org.eclipse.equinox.launcher_1.7.100.v20251111-0406.jar -configuration c:\Users\LENOVO\AppData\Roaming\Antigravity\User\globalStorage\redhat.java\1.54.0\config_win -data c:\Users\LENOVO\AppData\Roaming\Antigravity\User\workspaceStorage\c32ad2883d698218fc90bdae50dd7373\redhat.java\jdt_ws --pipe=\\.\pipe\lsp-11d64ef6ace24682cc4bf3bce9f32757-sock
java_class_path (initial): c:\Users\LENOVO\.antigravity\extensions\redhat.java-1.54.0-win32-x64\server\plugins\org.eclipse.equinox.launcher_1.7.100.v20251111-0406.jar
Launcher Type: SUN_STANDARD

[Global flags]
    uintx AdaptiveSizePolicyWeight                 = 90                                        {product} {command line}
     intx CICompilerCount                          = 4                                         {product} {ergonomic}
    uintx GCTimeRatio                              = 4                                         {product} {command line}
     bool HeapDumpOnOutOfMemoryError               = true                                   {manageable} {command line}
    ccstr HeapDumpPath                             = c:\Users\LENOVO\AppData\Roaming\Antigravity\User\workspaceStorage\c32ad2883d698218fc90bdae50dd7373\redhat.java         {manageable} {command line}
   size_t InitialHeapSize                          = 104857600                                 {product} {command line}
   size_t MaxHeapSize                              = 2147483648                                {product} {command line}
   size_t MaxNewSize                               = 715653120                                 {product} {ergonomic}
   size_t MinHeapDeltaBytes                        = 524288                                    {product} {ergonomic}
   size_t MinHeapSize                              = 104857600                                 {product} {command line}
   size_t NewSize                                  = 34603008                                  {product} {ergonomic}
    uintx NonNMethodCodeHeapSize                   = 5839372                                {pd product} {ergonomic}
    uintx NonProfiledCodeHeapSize                  = 122909434                              {pd product} {ergonomic}
   size_t OldSize                                  = 70254592                                  {product} {ergonomic}
    uintx ProfiledCodeHeapSize                     = 122909434                              {pd product} {ergonomic}
    uintx ReservedCodeCacheSize                    = 251658240                              {pd product} {ergonomic}
     bool SegmentedCodeCache                       = true                                      {product} {ergonomic}
   size_t SoftMaxHeapSize                          = 2147483648                             {manageable} {ergonomic}
     bool UseCompressedOops                        = true                           {product lp64_product} {ergonomic}
     bool UseLargePagesIndividualAllocation        = false                                  {pd product} {ergonomic}
     bool UseParallelGC                            = true                                      {product} {command line}

Logging:
Log output configuration:
 #0: stdout all=off uptime,level,tags foldmultilines=false
 #1: stderr all=off uptime,level,tags foldmultilines=false

Release file:
JAVA_VERSION="21.0.10" 
MODULES="java.base java.compiler java.datatransfer java.xml java.prefs java.desktop java.instrument java.logging java.management java.security.sasl java.naming java.rmi java.management.rmi java.net.http java.scripting java.security.jgss java.transaction.xa java.sql java.sql.rowset java.xml.crypto java.se java.smartcardio jdk.accessibility jdk.internal.jvmstat jdk.attach jdk.charsets jdk.internal.opt jdk.zipfs jdk.compiler jdk.crypto.ec jdk.crypto.cryptoki jdk.crypto.mscapi jdk.dynalink jdk.internal.ed jdk.editpad jdk.hotspot.agent jdk.httpserver jdk.internal.le jdk.internal.vm.ci jdk.internal.vm.compiler jdk.internal.vm.compiler.management jdk.jartool jdk.javadoc jdk.jcmd jdk.management jdk.management.agent jdk.jconsole jdk.jdeps jdk.jdwp.agent jdk.jdi jdk.jfr jdk.jshell jdk.jsobject jdk.jstatd jdk.localedata jdk.management.jfr jdk.naming.dns jdk.naming.rmi jdk.net jdk.nio.mapmode jdk.random jdk.sctp jdk.security.auth jdk.security.jgss jdk.unsupported jdk.unsupported.desktop jdk.xml.dom" 

Environment Variables:
JAVA_HOME=C:\Program Files\Java\jdk-20
PATH=C:\Users\LENOVO\Downloads\apache-maven-3.9.14-bin\apache-maven-3.9.14\bin;C:\Program Files\MongoDB\Server\8.2\bin;C:\Program Files\Eclipse Adoptium\jdk-17.0.17.10-hotspot\bin;C:\oraclexe\app\oracle\product\11.2.0\server\bin;C:\xampp\php;C:\Program Files\MySQL\MySQL Server 8.0\bin;C:\Python 3.12\Python 3.12.exe;C:\Users\LENOVO\AppData\Local\Programs\Python\Python312\python.exe;C:\Users\LENOVO\Downloads\flutter_windows_3.16.0-stable\flutter\bin;C:\ProgramData\Oracle\Java\javapath;C:\Program Files\Java\jdk-21.0.1\bin;C:\Program Files\Common Files\Oracle\Java\javapath;C:\Program Files\Java\jdk-20\bin;C:\Users\LENOVO\Downloads\sqldeveloper-23.1.0.097.1607-x64\sqldeveloper\sqldeveloper\bin;C:\Users\LENOVO\Downloads\msys2-x86_64-20230318.exe;C:\WINDOWS\system32;C:\WINDOWS;C:\WINDOWS\System32\Wbem;C:\WINDOWS\System32\WindowsPowerShell\v1.0\;C:\WINDOWS\System32\OpenSSH\;C:\Program Files\Git\cmd;C:\Program Files\Git\bin;C:\Program Files\dotnet\;C:\Users\LENOVO\AppData\Local\Android\Sdk\platform-tools;C:\Users\LENOVO\AppData\Local\Android\Sdk\emulator;C:\Users\LENOVO\Downloads\php-8.3.11-nts-Win32-vs16-x64;C:\ProgramData\ComposerSetup\bin;C:\Program Files\nodejs\;C:\Program Files\Microsoft SQL Server\150\Tools\Binn\;C:\Program Files\Docker\Docker\resources\bin;C:\Program Files\Vagrant\bin;C:\Program Files\Cloudflare\Cloudflare WARP\;C:\Users\LENOVO\scoop\shims;C:\Program Files\MySQL\MySQL Shell 8.0\bin\;C:\Users\LENOVO\AppData\Local\Programs\Python\Launcher\;C:\Python27\python.exe;C:\Users\LENOVO\AppData\Local\Programs\Python\Python311;C:\Users\LENOVO\AppData\Local\Programs\Python\Python311\Scripts\;C:\Python27;C:\Users\LENOVO\AppData\Local\Microsoft\WindowsApps;C:\Program Files\JetBrains\PyCharm Community Edition 2023.1\bin;;C:\Users\LENOVO\AppData\Local\GitHubDesktop\bin;C:\Users\LENOVO\.dotnet\tools;C:\Program Files (x86)\Nmap;C:\Users\LENOVO\AppData\Local\Programs\MiKTeX\miktex\bin\x64\;C:\Users\LENOVO\AppData\Roaming\Composer\vendor\bin;C:\xampp\php;C:\Program Files\JetBrains\IntelliJ IDEA 2024.2.1\bin;;C:\Flex Windows\gcc\bin;C:\Flex Windows\Lex\bin;C:\Flex Windows\bison\bin;C:\Users\LENOVO\AppData\Local\Muse Hub\lib;C:\Users\LENOVO\AppData\Local\Programs\Microsoft VS Code\bin;C:\Users\LENOVO\AppData\Local\Programs\cursor\resources\app\bin;C:\Users\LENOVO\AppData\Roaming\npm;C:\Users\LENOVO\AppData\Local\Programs\Antigravity\bin;
USERNAME=LENOVO
OS=Windows_NT
PROCESSOR_IDENTIFIER=Intel64 Family 6 Model 140 Stepping 2, GenuineIntel
TMP=C:\Users\LENOVO\AppData\Local\Temp
TEMP=C:\Users\LENOVO\AppData\Local\Temp




Periodic native trim disabled

---------------  S Y S T E M  ---------------

OS:
 Windows 11 , 64 bit Build 26100 (10.0.26100.8246)
OS uptime: 0 days 1:57 hours
Hyper-V role detected

CPU: total 8 (initial active 8) (4 cores per cpu, 2 threads per core) family 6 model 140 stepping 2 microcode 0x26, cx8, cmov, fxsr, ht, mmx, 3dnowpref, sse, sse2, sse3, ssse3, sse4.1, sse4.2, popcnt, lzcnt, tsc, tscinvbit, avx, avx2, aes, erms, clmul, bmi1, bmi2, adx, avx512f, avx512dq, avx512cd, avx512bw, avx512vl, sha, fma, vzeroupper, avx512_vpopcntdq, avx512_vpclmulqdq, avx512_vaes, avx512_vnni, clflush, clflushopt, clwb, avx512_vbmi2, avx512_vbmi, hv, rdtscp, rdpid, fsrm, gfni, avx512_bitalg, f16c, cet_ibt, cet_ss, avx512_ifma
Processor Information for the first 8 processors :
  Max Mhz: 3187, Current Mhz: 3187, Mhz Limit: 3187

Memory: 4k page, system-wide physical 16167M (2313M free)
TotalPageFile size 21167M (AvailPageFile size 6M)
current process WorkingSet (physical memory assigned to process): 287M, peak: 288M
current process commit charge ("private bytes"): 365M, peak: 385M

vm_info: OpenJDK 64-Bit Server VM (21.0.10+7-LTS) for windows-amd64 JRE (21.0.10+7-LTS), built on 2026-01-20T00:00:00Z by "admin" with MS VC++ 17.12 (VS2022)

END.
