#
# There is insufficient memory for the Java Runtime Environment to continue.
# Native memory allocation (malloc) failed to allocate 1461776 bytes. Error detail: Chunk::new
# Possible reasons:
#   The system is out of physical RAM or swap space
#   This process is running with CompressedOops enabled, and the Java Heap may be blocking the growth of the native heap
# Possible solutions:
#   Reduce memory load on the system
#   Increase physical memory or swap space
#   Check if swap backing store is full
#   Decrease Java heap size (-Xmx/-Xms)
#   Decrease number of Java threads
#   Decrease Java thread stack sizes (-Xss)
#   Set larger code cache with -XX:ReservedCodeCacheSize=
#   JVM is running with Unscaled Compressed Oops mode in which the Java heap is
#     placed in the first 4GB address space. The Java Heap base address is the
#     maximum limit for the native heap growth. Please use -XX:HeapBaseMinAddress
#     to set the Java Heap base and to place the Java Heap above 4GB virtual address.
# This output file may be truncated or incomplete.
#
#  Out of Memory Error (arena.cpp:168), pid=18916, tid=18264
#
# JRE version: OpenJDK Runtime Environment Temurin-21.0.10+7 (21.0.10+7) (build 21.0.10+7-LTS)
# Java VM: OpenJDK 64-Bit Server VM Temurin-21.0.10+7 (21.0.10+7-LTS, mixed mode, sharing, tiered, compressed oops, compressed class ptrs, parallel gc, windows-amd64)
# No core dump will be written. Minidumps are not enabled by default on client versions of Windows
#

---------------  S U M M A R Y ------------

Command Line: --add-modules=ALL-SYSTEM --add-opens=java.base/java.util=ALL-UNNAMED --add-opens=java.base/java.lang=ALL-UNNAMED --add-opens=java.base/sun.nio.fs=ALL-UNNAMED -Declipse.application=org.eclipse.jdt.ls.core.id1 -Dosgi.bundles.defaultStartLevel=4 -Declipse.product=org.eclipse.jdt.ls.core.product -Djava.import.generatesMetadataFilesAtProjectRoot=false -DDetectVMInstallationsJob.disabled=true -Dfile.encoding=utf8 -XX:+UseParallelGC -XX:GCTimeRatio=4 -XX:AdaptiveSizePolicyWeight=90 -Dsun.zip.disableMemoryMapping=true -Xmx2G -Xms100m -Xlog:disable -javaagent:c:\Users\LENOVO\.antigravity\extensions\redhat.java-1.54.0-win32-x64\lombok\lombok-1.18.39-4050.jar -XX:+HeapDumpOnOutOfMemoryError -XX:HeapDumpPath=c:\Users\LENOVO\AppData\Roaming\Antigravity\User\workspaceStorage\c32ad2883d698218fc90bdae50dd7373\redhat.java -Daether.dependencyCollector.impl=bf c:\Users\LENOVO\.antigravity\extensions\redhat.java-1.54.0-win32-x64\server\plugins\org.eclipse.equinox.launcher_1.7.100.v20251111-0406.jar -configuration c:\Users\LENOVO\AppData\Roaming\Antigravity\User\globalStorage\redhat.java\1.54.0\config_win -data c:\Users\LENOVO\AppData\Roaming\Antigravity\User\workspaceStorage\c32ad2883d698218fc90bdae50dd7373\redhat.java\jdt_ws --pipe=\\.\pipe\lsp-7282c2d6873af12b260662997e91977e-sock

Host: 11th Gen Intel(R) Core(TM) i5-11320H @ 3.20GHz, 8 cores, 15G,  Windows 11 , 64 bit Build 26100 (10.0.26100.8246)
Time: Thu Apr 16 03:25:33 2026 Paris, Madrid elapsed time: 4826.314186 seconds (0d 1h 20m 26s)

---------------  T H R E A D  ---------------

Current thread (0x0000022eb8bf0190):  JavaThread "C2 CompilerThread0" daemon [_thread_in_native, id=18264, stack(0x00000083d7000000,0x00000083d7100000) (1024K)]


Current CompileTask:
C2:4826314 24606       4       org.eclipse.jdt.internal.core.JavaModelManager$VariablesAndContainersSaveHelper::saveClasspathEntry (139 bytes)

Stack: [0x00000083d7000000,0x00000083d7100000]
Native frames: (J=compiled Java code, j=interpreted, Vv=VM code, C=native code)
V  [jvm.dll+0x6d7a39]
V  [jvm.dll+0x8b4b26]
V  [jvm.dll+0x8b70de]
V  [jvm.dll+0x8b77c3]
V  [jvm.dll+0x284346]
V  [jvm.dll+0xc66ed]
V  [jvm.dll+0xc6c31]
V  [jvm.dll+0x3bec01]
V  [jvm.dll+0x38b162]
V  [jvm.dll+0x38a5aa]
V  [jvm.dll+0x24c560]
V  [jvm.dll+0x24bb40]
V  [jvm.dll+0x1cb34e]
V  [jvm.dll+0x25b85d]
V  [jvm.dll+0x259dea]
V  [jvm.dll+0x3f857e]
V  [jvm.dll+0x85f59d]
V  [jvm.dll+0x6d626d]
C  [ucrtbase.dll+0x37b0]
C  [KERNEL32.DLL+0x2e8d7]
C  [ntdll.dll+0x8c3fc]


---------------  P R O C E S S  ---------------

Threads class SMR info:
_java_thread_list=0x0000022e91be59b0, length=36, elements={
0x0000022ea2170050, 0x0000022eb8be83a0, 0x0000022ea222de30, 0x0000022eb8bec990,
0x0000022eb8beda00, 0x0000022eb8bee9a0, 0x0000022eb8bef400, 0x0000022eb8bf0190,
0x0000022eb8c13360, 0x0000022e841d5810, 0x0000022e8426b780, 0x0000022e84835cb0,
0x0000022e849be550, 0x0000022e849f3080, 0x0000022e849ca350, 0x0000022e852282c0,
0x0000022e84f2d030, 0x0000022e84e42970, 0x0000022e84bbc2a0, 0x0000022e84c221b0,
0x0000022e84c21b20, 0x0000022e84c20770, 0x0000022e84c22840, 0x0000022e84c24280,
0x0000022e84c20e00, 0x0000022e84c24910, 0x0000022e84c21490, 0x0000022e84c27070,
0x0000022e84c26350, 0x0000022e84c24fa0, 0x0000022e84c25cc0, 0x0000022e84c269e0,
0x0000022e859b5b80, 0x0000022e86b6bed0, 0x0000022e843d8680, 0x0000022e843d2410
}

Java Threads: ( => current thread )
  0x0000022ea2170050 JavaThread "main"                              [_thread_blocked, id=8340, stack(0x00000083d6600000,0x00000083d6700000) (1024K)]
  0x0000022eb8be83a0 JavaThread "Reference Handler"          daemon [_thread_blocked, id=10844, stack(0x00000083d6a00000,0x00000083d6b00000) (1024K)]
  0x0000022ea222de30 JavaThread "Finalizer"                  daemon [_thread_blocked, id=8388, stack(0x00000083d6b00000,0x00000083d6c00000) (1024K)]
  0x0000022eb8bec990 JavaThread "Signal Dispatcher"          daemon [_thread_blocked, id=6584, stack(0x00000083d6c00000,0x00000083d6d00000) (1024K)]
  0x0000022eb8beda00 JavaThread "Attach Listener"            daemon [_thread_blocked, id=15072, stack(0x00000083d6d00000,0x00000083d6e00000) (1024K)]
  0x0000022eb8bee9a0 JavaThread "Service Thread"             daemon [_thread_blocked, id=10820, stack(0x00000083d6e00000,0x00000083d6f00000) (1024K)]
  0x0000022eb8bef400 JavaThread "Monitor Deflation Thread"   daemon [_thread_blocked, id=14816, stack(0x00000083d6f00000,0x00000083d7000000) (1024K)]
=>0x0000022eb8bf0190 JavaThread "C2 CompilerThread0"         daemon [_thread_in_native, id=18264, stack(0x00000083d7000000,0x00000083d7100000) (1024K)]
  0x0000022eb8c13360 JavaThread "C1 CompilerThread0"         daemon [_thread_blocked, id=6276, stack(0x00000083d7100000,0x00000083d7200000) (1024K)]
  0x0000022e841d5810 JavaThread "Common-Cleaner"             daemon [_thread_blocked, id=10540, stack(0x00000083d7200000,0x00000083d7300000) (1024K)]
  0x0000022e8426b780 JavaThread "Notification Thread"        daemon [_thread_blocked, id=11472, stack(0x00000083d7300000,0x00000083d7400000) (1024K)]
  0x0000022e84835cb0 JavaThread "Active Thread: Equinox Container: ff0378c0-6380-41ea-aac2-e906d888389e"        [_thread_blocked, id=19888, stack(0x00000083d7500000,0x00000083d7600000) (1024K)]
  0x0000022e849be550 JavaThread "Refresh Thread: Equinox Container: ff0378c0-6380-41ea-aac2-e906d888389e" daemon [_thread_blocked, id=20276, stack(0x00000083d7d00000,0x00000083d7e00000) (1024K)]
  0x0000022e849f3080 JavaThread "Framework Event Dispatcher: Equinox Container: ff0378c0-6380-41ea-aac2-e906d888389e" daemon [_thread_blocked, id=20352, stack(0x00000083d7e00000,0x00000083d7f00000) (1024K)]
  0x0000022e849ca350 JavaThread "Start Level: Equinox Container: ff0378c0-6380-41ea-aac2-e906d888389e" daemon [_thread_blocked, id=20376, stack(0x00000083d7400000,0x00000083d7500000) (1024K)]
  0x0000022e852282c0 JavaThread "Bundle File Closer"         daemon [_thread_blocked, id=19668, stack(0x00000083d8100000,0x00000083d8200000) (1024K)]
  0x0000022e84f2d030 JavaThread "SCR Component Actor"        daemon [_thread_blocked, id=20360, stack(0x00000083d7f00000,0x00000083d8000000) (1024K)]
  0x0000022e84e42970 JavaThread "Worker-JM"                         [_thread_blocked, id=20456, stack(0x00000083d8300000,0x00000083d8400000) (1024K)]
  0x0000022e84bbc2a0 JavaThread "JNA Cleaner"                daemon [_thread_blocked, id=20336, stack(0x00000083d8000000,0x00000083d8100000) (1024K)]
  0x0000022e84c221b0 JavaThread "Java indexing"              daemon [_thread_blocked, id=19868, stack(0x00000083d8800000,0x00000083d8900000) (1024K)]
  0x0000022e84c21b20 JavaThread "Thread-1"                   daemon [_thread_in_native, id=19628, stack(0x00000083d8e00000,0x00000083d8f00000) (1024K)]
  0x0000022e84c20770 JavaThread "Thread-2"                   daemon [_thread_in_native, id=19676, stack(0x00000083d8f00000,0x00000083d9000000) (1024K)]
  0x0000022e84c22840 JavaThread "Thread-3"                   daemon [_thread_in_native, id=19632, stack(0x00000083d9000000,0x00000083d9100000) (1024K)]
  0x0000022e84c24280 JavaThread "Thread-4"                   daemon [_thread_in_native, id=19620, stack(0x00000083d9100000,0x00000083d9200000) (1024K)]
  0x0000022e84c20e00 JavaThread "Thread-5"                   daemon [_thread_in_native, id=19764, stack(0x00000083d9200000,0x00000083d9300000) (1024K)]
  0x0000022e84c24910 JavaThread "Thread-6"                   daemon [_thread_in_native, id=19600, stack(0x00000083d9300000,0x00000083d9400000) (1024K)]
  0x0000022e84c21490 JavaThread "Thread-7"                   daemon [_thread_in_native, id=19684, stack(0x00000083d9400000,0x00000083d9500000) (1024K)]
  0x0000022e84c27070 JavaThread "Thread-8"                   daemon [_thread_in_native, id=19584, stack(0x00000083d9500000,0x00000083d9600000) (1024K)]
  0x0000022e84c26350 JavaThread "Thread-9"                   daemon [_thread_in_native, id=19840, stack(0x00000083d9600000,0x00000083d9700000) (1024K)]
  0x0000022e84c24fa0 JavaThread "pool-2-thread-1"                   [_thread_blocked, id=19836, stack(0x00000083d9700000,0x00000083d9800000) (1024K)]
  0x0000022e84c25cc0 JavaThread "WorkspaceEventsHandler"            [_thread_blocked, id=19908, stack(0x00000083d9800000,0x00000083d9900000) (1024K)]
  0x0000022e84c269e0 JavaThread "pool-1-thread-1"                   [_thread_blocked, id=19776, stack(0x00000083d9900000,0x00000083d9a00000) (1024K)]
  0x0000022e859b5b80 JavaThread "Worker-6"                          [_thread_blocked, id=12192, stack(0x00000083d6300000,0x00000083d6400000) (1024K)]
  0x0000022e86b6bed0 JavaThread "Cleaner-0"                  daemon [_thread_blocked, id=3424, stack(0x00000083d8700000,0x00000083d8800000) (1024K)]
  0x0000022e843d8680 JavaThread "HttpClient-1-SelectorManager" daemon [_thread_in_native, id=4172, stack(0x00000083d8d00000,0x00000083d8e00000) (1024K)]
  0x0000022e843d2410 JavaThread "Worker-18"                         [_thread_blocked, id=8036, stack(0x00000083d8200000,0x00000083d8300000) (1024K)]
Total: 36

Other Threads:
  0x0000022ea2213c20 VMThread "VM Thread"                           [id=7576, stack(0x00000083d6900000,0x00000083d6a00000) (1024K)]
  0x0000022ea21e0b50 WatcherThread "VM Periodic Task Thread"        [id=18336, stack(0x00000083d6800000,0x00000083d6900000) (1024K)]
  0x0000022ea218e730 WorkerThread "GC Thread#0"                     [id=15332, stack(0x00000083d6700000,0x00000083d6800000) (1024K)]
  0x0000022e84a3aa10 WorkerThread "GC Thread#1"                     [id=14616, stack(0x00000083d7600000,0x00000083d7700000) (1024K)]
  0x0000022e84867cf0 WorkerThread "GC Thread#2"                     [id=12924, stack(0x00000083d7700000,0x00000083d7800000) (1024K)]
  0x0000022e84a3adc0 WorkerThread "GC Thread#3"                     [id=14380, stack(0x00000083d7800000,0x00000083d7900000) (1024K)]
  0x0000022e84a3b170 WorkerThread "GC Thread#4"                     [id=12400, stack(0x00000083d7900000,0x00000083d7a00000) (1024K)]
  0x0000022e84a3b520 WorkerThread "GC Thread#5"                     [id=18984, stack(0x00000083d7a00000,0x00000083d7b00000) (1024K)]
  0x0000022e84b2dac0 WorkerThread "GC Thread#6"                     [id=17932, stack(0x00000083d7b00000,0x00000083d7c00000) (1024K)]
  0x0000022e84823d10 WorkerThread "GC Thread#7"                     [id=20268, stack(0x00000083d7c00000,0x00000083d7d00000) (1024K)]
Total: 10

Threads with active compile tasks:
C2 CompilerThread0  4826367 24606       4       org.eclipse.jdt.internal.core.JavaModelManager$VariablesAndContainersSaveHelper::saveClasspathEntry (139 bytes)
Total: 1

VM state: not at safepoint (normal execution)

VM Mutex/Monitor currently owned by a thread: None

Heap address: 0x0000000080000000, size: 2048 MB, Compressed Oops mode: 32-bit

CDS archive(s) mapped at: [0x0000022eb9000000-0x0000022eb9ba0000-0x0000022eb9ba0000), size 12189696, SharedBaseAddress: 0x0000022eb9000000, ArchiveRelocationMode: 1.
Compressed class space mapped at: 0x0000022eba000000-0x0000022efa000000, reserved size: 1073741824
Narrow klass base: 0x0000022eb9000000, Narrow klass shift: 0, Narrow klass range: 0x100000000

GC Precious Log:
 CardTable entry size: 512
 CPUs: 8 total, 8 available
 Memory: 16167M
 Large Page Support: Disabled
 NUMA Support: Disabled
 Compressed Oops: Enabled (32-bit)
 Alignments: Space 512K, Generation 512K, Heap 2M
 Heap Min Capacity: 100M
 Heap Initial Capacity: 100M
 Heap Max Capacity: 2G
 Pre-touch: Disabled
 Parallel Workers: 8

Heap:
 PSYoungGen      total 5632K, used 316K [0x00000000d5580000, 0x00000000d6100000, 0x0000000100000000)
  eden space 4608K, 1% used [0x00000000d5580000,0x00000000d558f080,0x00000000d5a00000)
  from space 1024K, 25% used [0x00000000d5f00000,0x00000000d5f40000,0x00000000d6000000)
  to   space 512K, 0% used [0x00000000d6080000,0x00000000d6080000,0x00000000d6100000)
 ParOldGen       total 974336K, used 973598K [0x0000000080000000, 0x00000000bb780000, 0x00000000d5580000)
  object space 974336K, 99% used [0x0000000080000000,0x00000000bb6c7ae0,0x00000000bb780000)
 Metaspace       used 93379K, committed 95232K, reserved 1179648K
  class space    used 9627K, committed 10368K, reserved 1048576K

Card table byte_map: [0x0000022ea1b30000,0x0000022ea1f40000] _byte_map_base: 0x0000022ea1730000

Marking Bits: (ParMarkBitMap*) 0x00007ffd028c3450
 Begin Bits: [0x0000022eb4620000, 0x0000022eb6620000)
 End Bits:   [0x0000022eb6620000, 0x0000022eb8620000)

Polling page: 0x0000022ea0500000

Metaspace:

Usage:
  Non-class:     81.79 MB used.
      Class:      9.40 MB used.
       Both:     91.19 MB used.

Virtual space:
  Non-class space:      128.00 MB reserved,      82.88 MB ( 65%) committed,  2 nodes.
      Class space:        1.00 GB reserved,      10.12 MB ( <1%) committed,  1 nodes.
             Both:        1.12 GB reserved,      93.00 MB (  8%) committed. 

Chunk freelists:
   Non-Class:  12.77 MB
       Class:  5.89 MB
        Both:  18.66 MB

MaxMetaspaceSize: unlimited
CompressedClassSpaceSize: 1.00 GB
Initial GC threshold: 21.00 MB
Current GC threshold: 148.88 MB
CDS: on
 - commit_granule_bytes: 65536.
 - commit_granule_words: 8192.
 - virtual_space_node_default_size: 8388608.
 - enlarge_chunks_in_place: 1.
 - use_allocation_guard: 0.


Internal statistics:

num_allocs_failed_limit: 9.
num_arena_births: 1834.
num_arena_deaths: 316.
num_vsnodes_births: 3.
num_vsnodes_deaths: 0.
num_space_committed: 1492.
num_space_uncommitted: 3.
num_chunks_returned_to_freelist: 411.
num_chunks_taken_from_freelist: 6591.
num_chunk_merges: 107.
num_chunk_splits: 3830.
num_chunks_enlarged: 2154.
num_inconsistent_stats: 0.

CodeHeap 'non-profiled nmethods': size=120000Kb used=24833Kb max_used=24833Kb free=95166Kb
 bounds [0x0000022eace40000, 0x0000022eae690000, 0x0000022eb4370000]
CodeHeap 'profiled nmethods': size=120000Kb used=49517Kb max_used=51083Kb free=70482Kb
 bounds [0x0000022ea5370000, 0x0000022ea8560000, 0x0000022eac8a0000]
CodeHeap 'non-nmethods': size=5760Kb used=1536Kb max_used=1614Kb free=4223Kb
 bounds [0x0000022eac8a0000, 0x0000022eacb10000, 0x0000022eace40000]
CodeCache: size=245760Kb, used=75886Kb, max_used=77530Kb, free=169871Kb
 total_blobs=20848, nmethods=20003, adapters=746, full_count=0
Compilation: enabled, stopped_count=0, restarted_count=0

Compilation events (20 events):
Event: 4821.800 Thread 0x0000022eb8c13360 nmethod 24601 0x0000022ea670bc90 code [0x0000022ea670be60, 0x0000022ea670c120]
Event: 4825.190 Thread 0x0000022eb8bf0190 24602       4       java.lang.invoke.LambdaForm$MH/0x0000022eba1c6000::invoke (46 bytes)
Event: 4825.191 Thread 0x0000022eb8c13360 24604   !   3       java.util.ServiceLoader$ModuleServicesLookupIterator::hasNext (102 bytes)
Event: 4825.193 Thread 0x0000022eb8bf0190 nmethod 24602 0x0000022eae67fa10 code [0x0000022eae67fbe0, 0x0000022eae67fda8]
Event: 4825.193 Thread 0x0000022eb8bf0190 24603       4       java.lang.invoke.LambdaForm$MH/0x0000022eba1c4c00::invoke (45 bytes)
Event: 4825.193 Thread 0x0000022eb8c13360 nmethod 24604 0x0000022ea670ad10 code [0x0000022ea670af40, 0x0000022ea670b788]
Event: 4825.193 Thread 0x0000022eb8c13360 24605       3       org.eclipse.osgi.internal.loader.BundleLoader::compoundEnumerations (97 bytes)
Event: 4825.196 Thread 0x0000022eb8bf0190 nmethod 24603 0x0000022eae680010 code [0x0000022eae6801e0, 0x0000022eae6803d0]
Event: 4825.196 Thread 0x0000022eb8c13360 nmethod 24605 0x0000022ea73e9b10 code [0x0000022ea73e9e60, 0x0000022ea73eb848]
Event: 4825.201 Thread 0x0000022eb8bf0190 24606       4       org.eclipse.jdt.internal.core.JavaModelManager$VariablesAndContainersSaveHelper::saveClasspathEntry (139 bytes)
Event: 4825.216 Thread 0x0000022eb8c13360 24608       3       java.lang.Thread::daemon (9 bytes)
Event: 4825.217 Thread 0x0000022eb8c13360 nmethod 24608 0x0000022ea637e510 code [0x0000022ea637e6a0, 0x0000022ea637e7c0]
Event: 4825.240 Thread 0x0000022eb8c13360 24610       3       java.lang.StringConcatHelper::prepend (22 bytes)
Event: 4825.241 Thread 0x0000022eb8c13360 nmethod 24610 0x0000022ea73e9710 code [0x0000022ea73e98c0, 0x0000022ea73e9a48]
Event: 4825.383 Thread 0x0000022eb8c13360 24611       3       jdk.internal.misc.Unsafe::copyMemory (33 bytes)
Event: 4825.385 Thread 0x0000022eb8c13360 nmethod 24611 0x0000022ea73e8190 code [0x0000022ea73e8460, 0x0000022ea73e9120]
Event: 4825.385 Thread 0x0000022eb8c13360 24612       2       jdk.internal.misc.Unsafe::copyMemoryChecks (21 bytes)
Event: 4825.386 Thread 0x0000022eb8c13360 nmethod 24612 0x0000022ea73e7410 code [0x0000022ea73e7640, 0x0000022ea73e7ba0]
Event: 4825.386 Thread 0x0000022eb8c13360 24613       3       org.eclipse.jdt.internal.core.builder.ClasspathDirectory::<init> (83 bytes)
Event: 4825.387 Thread 0x0000022eb8c13360 nmethod 24613 0x0000022ea5cd9b90 code [0x0000022ea5cd9da0, 0x0000022ea5cda5b8]

GC Heap History (20 events):
Event: 4105.062 GC heap before
{Heap before GC invocations=1609 (full 5):
 PSYoungGen      total 11264K, used 11255K [0x00000000d5580000, 0x00000000d7180000, 0x0000000100000000)
  eden space 10240K, 99% used [0x00000000d5580000,0x00000000d5f7fff0,0x00000000d5f80000)
  from space 1024K, 99% used [0x00000000d6280000,0x00000000d637df48,0x00000000d6380000)
  to   space 9216K, 0% used [0x00000000d6880000,0x00000000d6880000,0x00000000d7180000)
 ParOldGen       total 926720K, used 926442K [0x0000000080000000, 0x00000000b8900000, 0x00000000d5580000)
  object space 926720K, 99% used [0x0000000080000000,0x00000000b88ba840,0x00000000b8900000)
 Metaspace       used 91196K, committed 93056K, reserved 1179648K
  class space    used 9322K, committed 10112K, reserved 1048576K
}
Event: 4105.065 GC heap after
{Heap after GC invocations=1609 (full 5):
 PSYoungGen      total 12288K, used 1929K [0x00000000d5580000, 0x00000000d6a80000, 0x0000000100000000)
  eden space 10240K, 0% used [0x00000000d5580000,0x00000000d5580000,0x00000000d5f80000)
  from space 2048K, 94% used [0x00000000d6880000,0x00000000d6a62410,0x00000000d6a80000)
  to   space 4096K, 0% used [0x00000000d6280000,0x00000000d6280000,0x00000000d6680000)
 ParOldGen       total 926720K, used 926490K [0x0000000080000000, 0x00000000b8900000, 0x00000000d5580000)
  object space 926720K, 99% used [0x0000000080000000,0x00000000b88c6840,0x00000000b8900000)
 Metaspace       used 91196K, committed 93056K, reserved 1179648K
  class space    used 9322K, committed 10112K, reserved 1048576K
}
Event: 4105.080 GC heap before
{Heap before GC invocations=1610 (full 5):
 PSYoungGen      total 12288K, used 12169K [0x00000000d5580000, 0x00000000d6a80000, 0x0000000100000000)
  eden space 10240K, 100% used [0x00000000d5580000,0x00000000d5f80000,0x00000000d5f80000)
  from space 2048K, 94% used [0x00000000d6880000,0x00000000d6a62410,0x00000000d6a80000)
  to   space 4096K, 0% used [0x00000000d6280000,0x00000000d6280000,0x00000000d6680000)
 ParOldGen       total 926720K, used 926490K [0x0000000080000000, 0x00000000b8900000, 0x00000000d5580000)
  object space 926720K, 99% used [0x0000000080000000,0x00000000b88c6840,0x00000000b8900000)
 Metaspace       used 91198K, committed 93056K, reserved 1179648K
  class space    used 9322K, committed 10112K, reserved 1048576K
}
Event: 4105.082 GC heap after
{Heap after GC invocations=1610 (full 5):
 PSYoungGen      total 12800K, used 2502K [0x00000000d5580000, 0x00000000d6900000, 0x0000000100000000)
  eden space 10240K, 0% used [0x00000000d5580000,0x00000000d5580000,0x00000000d5f80000)
  from space 2560K, 97% used [0x00000000d6280000,0x00000000d64f1848,0x00000000d6500000)
  to   space 3072K, 0% used [0x00000000d6600000,0x00000000d6600000,0x00000000d6900000)
 ParOldGen       total 928256K, used 928216K [0x0000000080000000, 0x00000000b8a80000, 0x00000000d5580000)
  object space 928256K, 99% used [0x0000000080000000,0x00000000b8a761e0,0x00000000b8a80000)
 Metaspace       used 91198K, committed 93056K, reserved 1179648K
  class space    used 9322K, committed 10112K, reserved 1048576K
}
Event: 4105.100 GC heap before
{Heap before GC invocations=1611 (full 5):
 PSYoungGen      total 12800K, used 12742K [0x00000000d5580000, 0x00000000d6900000, 0x0000000100000000)
  eden space 10240K, 100% used [0x00000000d5580000,0x00000000d5f80000,0x00000000d5f80000)
  from space 2560K, 97% used [0x00000000d6280000,0x00000000d64f1848,0x00000000d6500000)
  to   space 3072K, 0% used [0x00000000d6600000,0x00000000d6600000,0x00000000d6900000)
 ParOldGen       total 928256K, used 928216K [0x0000000080000000, 0x00000000b8a80000, 0x00000000d5580000)
  object space 928256K, 99% used [0x0000000080000000,0x00000000b8a761e0,0x00000000b8a80000)
 Metaspace       used 91204K, committed 93056K, reserved 1179648K
  class space    used 9322K, committed 10112K, reserved 1048576K
}
Event: 4105.103 GC heap after
{Heap after GC invocations=1611 (full 5):
 PSYoungGen      total 7680K, used 3064K [0x00000000d5580000, 0x00000000d7780000, 0x0000000100000000)
  eden space 4608K, 0% used [0x00000000d5580000,0x00000000d5580000,0x00000000d5a00000)
  from space 3072K, 99% used [0x00000000d6600000,0x00000000d68fe0c0,0x00000000d6900000)
  to   space 12288K, 0% used [0x00000000d5a00000,0x00000000d5a00000,0x00000000d6600000)
 ParOldGen       total 935936K, used 935804K [0x0000000080000000, 0x00000000b9200000, 0x00000000d5580000)
  object space 935936K, 99% used [0x0000000080000000,0x00000000b91df260,0x00000000b9200000)
 Metaspace       used 91204K, committed 93056K, reserved 1179648K
  class space    used 9322K, committed 10112K, reserved 1048576K
}
Event: 4105.112 GC heap before
{Heap before GC invocations=1612 (full 5):
 PSYoungGen      total 7680K, used 7672K [0x00000000d5580000, 0x00000000d7780000, 0x0000000100000000)
  eden space 4608K, 100% used [0x00000000d5580000,0x00000000d5a00000,0x00000000d5a00000)
  from space 3072K, 99% used [0x00000000d6600000,0x00000000d68fe0c0,0x00000000d6900000)
  to   space 12288K, 0% used [0x00000000d5a00000,0x00000000d5a00000,0x00000000d6600000)
 ParOldGen       total 935936K, used 935804K [0x0000000080000000, 0x00000000b9200000, 0x00000000d5580000)
  object space 935936K, 99% used [0x0000000080000000,0x00000000b91df260,0x00000000b9200000)
 Metaspace       used 91204K, committed 93056K, reserved 1179648K
  class space    used 9322K, committed 10112K, reserved 1048576K
}
Event: 4105.115 GC heap after
{Heap after GC invocations=1612 (full 5):
 PSYoungGen      total 6144K, used 1216K [0x00000000d5580000, 0x00000000d6680000, 0x0000000100000000)
  eden space 4608K, 0% used [0x00000000d5580000,0x00000000d5580000,0x00000000d5a00000)
  from space 1536K, 79% used [0x00000000d5a00000,0x00000000d5b30000,0x00000000d5b80000)
  to   space 5120K, 0% used [0x00000000d6180000,0x00000000d6180000,0x00000000d6680000)
 ParOldGen       total 939520K, used 938871K [0x0000000080000000, 0x00000000b9580000, 0x00000000d5580000)
  object space 939520K, 99% used [0x0000000080000000,0x00000000b94ddc78,0x00000000b9580000)
 Metaspace       used 91204K, committed 93056K, reserved 1179648K
  class space    used 9322K, committed 10112K, reserved 1048576K
}
Event: 4105.188 GC heap before
{Heap before GC invocations=1613 (full 5):
 PSYoungGen      total 6144K, used 5824K [0x00000000d5580000, 0x00000000d6680000, 0x0000000100000000)
  eden space 4608K, 100% used [0x00000000d5580000,0x00000000d5a00000,0x00000000d5a00000)
  from space 1536K, 79% used [0x00000000d5a00000,0x00000000d5b30000,0x00000000d5b80000)
  to   space 5120K, 0% used [0x00000000d6180000,0x00000000d6180000,0x00000000d6680000)
 ParOldGen       total 939520K, used 938871K [0x0000000080000000, 0x00000000b9580000, 0x00000000d5580000)
  object space 939520K, 99% used [0x0000000080000000,0x00000000b94ddc78,0x00000000b9580000)
 Metaspace       used 91877K, committed 93696K, reserved 1179648K
  class space    used 9420K, committed 10176K, reserved 1048576K
}
Event: 4105.191 GC heap after
{Heap after GC invocations=1613 (full 5):
 PSYoungGen      total 5120K, used 320K [0x00000000d5580000, 0x00000000d6200000, 0x0000000100000000)
  eden space 4608K, 0% used [0x00000000d5580000,0x00000000d5580000,0x00000000d5a00000)
  from space 512K, 62% used [0x00000000d6180000,0x00000000d61d0000,0x00000000d6200000)
  to   space 1536K, 0% used [0x00000000d5f00000,0x00000000d5f00000,0x00000000d6080000)
 ParOldGen       total 940032K, used 939933K [0x0000000080000000, 0x00000000b9600000, 0x00000000d5580000)
  object space 940032K, 99% used [0x0000000080000000,0x00000000b95e7608,0x00000000b9600000)
 Metaspace       used 91877K, committed 93696K, reserved 1179648K
  class space    used 9420K, committed 10176K, reserved 1048576K
}
Event: 4105.430 GC heap before
{Heap before GC invocations=1614 (full 5):
 PSYoungGen      total 5120K, used 4928K [0x00000000d5580000, 0x00000000d6200000, 0x0000000100000000)
  eden space 4608K, 100% used [0x00000000d5580000,0x00000000d5a00000,0x00000000d5a00000)
  from space 512K, 62% used [0x00000000d6180000,0x00000000d61d0000,0x00000000d6200000)
  to   space 1536K, 0% used [0x00000000d5f00000,0x00000000d5f00000,0x00000000d6080000)
 ParOldGen       total 940032K, used 939933K [0x0000000080000000, 0x00000000b9600000, 0x00000000d5580000)
  object space 940032K, 99% used [0x0000000080000000,0x00000000b95e7608,0x00000000b9600000)
 Metaspace       used 92654K, committed 94528K, reserved 1179648K
  class space    used 9526K, committed 10304K, reserved 1048576K
}
Event: 4105.432 GC heap after
{Heap after GC invocations=1614 (full 5):
 PSYoungGen      total 6144K, used 288K [0x00000000d5580000, 0x00000000d6200000, 0x0000000100000000)
  eden space 4608K, 0% used [0x00000000d5580000,0x00000000d5580000,0x00000000d5a00000)
  from space 1536K, 18% used [0x00000000d5f00000,0x00000000d5f48000,0x00000000d6080000)
  to   space 512K, 0% used [0x00000000d6180000,0x00000000d6180000,0x00000000d6200000)
 ParOldGen       total 940544K, used 940229K [0x0000000080000000, 0x00000000b9680000, 0x00000000d5580000)
  object space 940544K, 99% used [0x0000000080000000,0x00000000b9631608,0x00000000b9680000)
 Metaspace       used 92654K, committed 94528K, reserved 1179648K
  class space    used 9526K, committed 10304K, reserved 1048576K
}
Event: 4105.497 GC heap before
{Heap before GC invocations=1615 (full 5):
 PSYoungGen      total 6144K, used 4896K [0x00000000d5580000, 0x00000000d6200000, 0x0000000100000000)
  eden space 4608K, 100% used [0x00000000d5580000,0x00000000d5a00000,0x00000000d5a00000)
  from space 1536K, 18% used [0x00000000d5f00000,0x00000000d5f48000,0x00000000d6080000)
  to   space 512K, 0% used [0x00000000d6180000,0x00000000d6180000,0x00000000d6200000)
 ParOldGen       total 940544K, used 940229K [0x0000000080000000, 0x00000000b9680000, 0x00000000d5580000)
  object space 940544K, 99% used [0x0000000080000000,0x00000000b9631608,0x00000000b9680000)
 Metaspace       used 92841K, committed 94720K, reserved 1179648K
  class space    used 9555K, committed 10304K, reserved 1048576K
}
Event: 4105.498 GC heap after
{Heap after GC invocations=1615 (full 5):
 PSYoungGen      total 5120K, used 503K [0x00000000d5580000, 0x00000000d6200000, 0x0000000100000000)
  eden space 4608K, 0% used [0x00000000d5580000,0x00000000d5580000,0x00000000d5a00000)
  from space 512K, 98% used [0x00000000d6180000,0x00000000d61fdca8,0x00000000d6200000)
  to   space 3072K, 0% used [0x00000000d5c00000,0x00000000d5c00000,0x00000000d5f00000)
 ParOldGen       total 942592K, used 942302K [0x0000000080000000, 0x00000000b9880000, 0x00000000d5580000)
  object space 942592K, 99% used [0x0000000080000000,0x00000000b9837918,0x00000000b9880000)
 Metaspace       used 92841K, committed 94720K, reserved 1179648K
  class space    used 9555K, committed 10304K, reserved 1048576K
}
Event: 4247.863 GC heap before
{Heap before GC invocations=1616 (full 5):
 PSYoungGen      total 5120K, used 5110K [0x00000000d5580000, 0x00000000d6200000, 0x0000000100000000)
  eden space 4608K, 99% used [0x00000000d5580000,0x00000000d59ffd08,0x00000000d5a00000)
  from space 512K, 98% used [0x00000000d6180000,0x00000000d61fdca8,0x00000000d6200000)
  to   space 3072K, 0% used [0x00000000d5c00000,0x00000000d5c00000,0x00000000d5f00000)
 ParOldGen       total 942592K, used 942302K [0x0000000080000000, 0x00000000b9880000, 0x00000000d5580000)
  object space 942592K, 99% used [0x0000000080000000,0x00000000b9837918,0x00000000b9880000)
 Metaspace       used 93327K, committed 95104K, reserved 1179648K
  class space    used 9626K, committed 10368K, reserved 1048576K
}
Event: 4247.867 GC heap after
{Heap after GC invocations=1616 (full 5):
 PSYoungGen      total 7680K, used 416K [0x00000000d5580000, 0x00000000d6200000, 0x0000000100000000)
  eden space 4608K, 0% used [0x00000000d5580000,0x00000000d5580000,0x00000000d5a00000)
  from space 3072K, 13% used [0x00000000d5c00000,0x00000000d5c68000,0x00000000d5f00000)
  to   space 1536K, 0% used [0x00000000d6080000,0x00000000d6080000,0x00000000d6200000)
 ParOldGen       total 942592K, used 942446K [0x0000000080000000, 0x00000000b9880000, 0x00000000d5580000)
  object space 942592K, 99% used [0x0000000080000000,0x00000000b985ba90,0x00000000b9880000)
 Metaspace       used 93327K, committed 95104K, reserved 1179648K
  class space    used 9626K, committed 10368K, reserved 1048576K
}
Event: 4525.304 GC heap before
{Heap before GC invocations=1617 (full 5):
 PSYoungGen      total 7680K, used 5024K [0x00000000d5580000, 0x00000000d6200000, 0x0000000100000000)
  eden space 4608K, 100% used [0x00000000d5580000,0x00000000d5a00000,0x00000000d5a00000)
  from space 3072K, 13% used [0x00000000d5c00000,0x00000000d5c68000,0x00000000d5f00000)
  to   space 1536K, 0% used [0x00000000d6080000,0x00000000d6080000,0x00000000d6200000)
 ParOldGen       total 974336K, used 973166K [0x0000000080000000, 0x00000000bb780000, 0x00000000d5580000)
  object space 974336K, 99% used [0x0000000080000000,0x00000000bb65bac0,0x00000000bb780000)
 Metaspace       used 93360K, committed 95232K, reserved 1179648K
  class space    used 9627K, committed 10368K, reserved 1048576K
}
Event: 4525.307 GC heap after
{Heap after GC invocations=1617 (full 5):
 PSYoungGen      total 5120K, used 448K [0x00000000d5580000, 0x00000000d6100000, 0x0000000100000000)
  eden space 4608K, 0% used [0x00000000d5580000,0x00000000d5580000,0x00000000d5a00000)
  from space 512K, 87% used [0x00000000d6080000,0x00000000d60f0020,0x00000000d6100000)
  to   space 1024K, 0% used [0x00000000d5f00000,0x00000000d5f00000,0x00000000d6000000)
 ParOldGen       total 974336K, used 973470K [0x0000000080000000, 0x00000000bb780000, 0x00000000d5580000)
  object space 974336K, 99% used [0x0000000080000000,0x00000000bb6a7ac0,0x00000000bb780000)
 Metaspace       used 93360K, committed 95232K, reserved 1179648K
  class space    used 9627K, committed 10368K, reserved 1048576K
}
Event: 4825.423 GC heap before
{Heap before GC invocations=1618 (full 5):
 PSYoungGen      total 5120K, used 5056K [0x00000000d5580000, 0x00000000d6100000, 0x0000000100000000)
  eden space 4608K, 100% used [0x00000000d5580000,0x00000000d5a00000,0x00000000d5a00000)
  from space 512K, 87% used [0x00000000d6080000,0x00000000d60f0020,0x00000000d6100000)
  to   space 1024K, 0% used [0x00000000d5f00000,0x00000000d5f00000,0x00000000d6000000)
 ParOldGen       total 974336K, used 973470K [0x0000000080000000, 0x00000000bb780000, 0x00000000d5580000)
  object space 974336K, 99% used [0x0000000080000000,0x00000000bb6a7ac0,0x00000000bb780000)
 Metaspace       used 93379K, committed 95232K, reserved 1179648K
  class space    used 9627K, committed 10368K, reserved 1048576K
}
Event: 4825.428 GC heap after
{Heap after GC invocations=1618 (full 5):
 PSYoungGen      total 5632K, used 256K [0x00000000d5580000, 0x00000000d6100000, 0x0000000100000000)
  eden space 4608K, 0% used [0x00000000d5580000,0x00000000d5580000,0x00000000d5a00000)
  from space 1024K, 25% used [0x00000000d5f00000,0x00000000d5f40000,0x00000000d6000000)
  to   space 512K, 0% used [0x00000000d6080000,0x00000000d6080000,0x00000000d6100000)
 ParOldGen       total 974336K, used 973598K [0x0000000080000000, 0x00000000bb780000, 0x00000000d5580000)
  object space 974336K, 99% used [0x0000000080000000,0x00000000bb6c7ae0,0x00000000bb780000)
 Metaspace       used 93379K, committed 95232K, reserved 1179648K
  class space    used 9627K, committed 10368K, reserved 1048576K
}

Dll operation events (12 events):
Event: 0.016 Loaded shared library c:\Users\LENOVO\.antigravity\extensions\redhat.java-1.54.0-win32-x64\jre\21.0.10-win32-x86_64\bin\java.dll
Event: 0.112 Loaded shared library c:\Users\LENOVO\.antigravity\extensions\redhat.java-1.54.0-win32-x64\jre\21.0.10-win32-x86_64\bin\zip.dll
Event: 0.155 Loaded shared library C:\Users\LENOVO\.antigravity\extensions\redhat.java-1.54.0-win32-x64\jre\21.0.10-win32-x86_64\bin\instrument.dll
Event: 0.172 Loaded shared library C:\Users\LENOVO\.antigravity\extensions\redhat.java-1.54.0-win32-x64\jre\21.0.10-win32-x86_64\bin\net.dll
Event: 0.175 Loaded shared library C:\Users\LENOVO\.antigravity\extensions\redhat.java-1.54.0-win32-x64\jre\21.0.10-win32-x86_64\bin\nio.dll
Event: 0.180 Loaded shared library C:\Users\LENOVO\.antigravity\extensions\redhat.java-1.54.0-win32-x64\jre\21.0.10-win32-x86_64\bin\zip.dll
Event: 0.240 Loaded shared library C:\Users\LENOVO\.antigravity\extensions\redhat.java-1.54.0-win32-x64\jre\21.0.10-win32-x86_64\bin\jimage.dll
Event: 0.420 Loaded shared library c:\Users\LENOVO\.antigravity\extensions\redhat.java-1.54.0-win32-x64\jre\21.0.10-win32-x86_64\bin\verify.dll
Event: 2.572 Loaded shared library C:\Users\LENOVO\AppData\Roaming\Antigravity\User\globalStorage\redhat.java\1.54.0\config_win\org.eclipse.equinox.launcher\org.eclipse.equinox.launcher.win32.win32.x86_64_1.3.0.v20260203-2149\eclipse_11919.dll
Event: 7.074 Loaded shared library C:\Users\LENOVO\AppData\Local\Temp\jna--2053026509\jna205597922244768249.dll
Event: 1580.839 Loaded shared library C:\Users\LENOVO\.antigravity\extensions\redhat.java-1.54.0-win32-x64\jre\21.0.10-win32-x86_64\bin\extnet.dll
Event: 1580.978 Loaded shared library C:\Users\LENOVO\.antigravity\extensions\redhat.java-1.54.0-win32-x64\jre\21.0.10-win32-x86_64\bin\sunmscapi.dll

Deoptimization events (20 events):
Event: 4115.208 Thread 0x0000022e843d2410 Uncommon trap: trap_request=0xffffffc6 fr.pc=0x0000022eadbe7edc relative=0x000000000000099c
Event: 4115.208 Thread 0x0000022e843d2410 Uncommon trap: reason=bimorphic_or_optimized_type_check action=maybe_recompile pc=0x0000022eadbe7edc method=java.util.AbstractMap.hashCode()I @ 3 c2
Event: 4115.208 Thread 0x0000022e843d2410 DEOPT PACKING pc=0x0000022eadbe7edc sp=0x00000083d8afdf50
Event: 4115.208 Thread 0x0000022e843d2410 DEOPT UNPACKING pc=0x0000022eac8f6da2 sp=0x00000083d8afdee8 mode 2
Event: 4115.210 Thread 0x0000022e843d2410 Uncommon trap: trap_request=0xffffff45 fr.pc=0x0000022ead496934 relative=0x0000000000000214
Event: 4115.210 Thread 0x0000022e843d2410 Uncommon trap: reason=unstable_if action=reinterpret pc=0x0000022ead496934 method=sun.nio.fs.WindowsPath.startsWith(Ljava/nio/file/Path;)Z @ 28 c2
Event: 4115.210 Thread 0x0000022e843d2410 DEOPT PACKING pc=0x0000022ead496934 sp=0x00000083d8afe880
Event: 4115.210 Thread 0x0000022e843d2410 DEOPT UNPACKING pc=0x0000022eac8f6da2 sp=0x00000083d8afe808 mode 2
Event: 4145.211 Thread 0x0000022e843d8680 Uncommon trap: trap_request=0xffffffc6 fr.pc=0x0000022eadbd5d58 relative=0x0000000000000318
Event: 4145.211 Thread 0x0000022e843d8680 Uncommon trap: reason=bimorphic_or_optimized_type_check action=maybe_recompile pc=0x0000022eadbd5d58 method=java.nio.channels.spi.AbstractInterruptibleChannel.close()V @ 23 c2
Event: 4145.211 Thread 0x0000022e843d8680 DEOPT PACKING pc=0x0000022eadbd5d58 sp=0x00000083d8dff2d0
Event: 4145.211 Thread 0x0000022e843d8680 DEOPT UNPACKING pc=0x0000022eac8f6da2 sp=0x00000083d8dff280 mode 2
Event: 4145.212 Thread 0x0000022e843d8680 Uncommon trap: trap_request=0xffffffde fr.pc=0x0000022eacea6150 relative=0x0000000000000290
Event: 4145.212 Thread 0x0000022e843d8680 Uncommon trap: reason=class_check action=maybe_recompile pc=0x0000022eacea6150 method=java.util.Comparator.lambda$comparing$77a9974f$1(Ljava/util/function/Function;Ljava/lang/Object;Ljava/lang/Object;)I @ 7 c2
Event: 4145.212 Thread 0x0000022e843d8680 DEOPT PACKING pc=0x0000022eacea6150 sp=0x00000083d8dff0a0
Event: 4145.212 Thread 0x0000022e843d8680 DEOPT UNPACKING pc=0x0000022eac8f6da2 sp=0x00000083d8dfefd0 mode 2
Event: 4145.212 Thread 0x0000022e843d8680 Uncommon trap: trap_request=0xffffff45 fr.pc=0x0000022eada2978c relative=0x000000000000006c
Event: 4145.212 Thread 0x0000022e843d8680 Uncommon trap: reason=unstable_if action=reinterpret pc=0x0000022eada2978c method=java.nio.channels.spi.AbstractInterruptibleChannel.isOpen()Z @ 4 c2
Event: 4145.212 Thread 0x0000022e843d8680 DEOPT PACKING pc=0x0000022eada2978c sp=0x00000083d8dff390
Event: 4145.212 Thread 0x0000022e843d8680 DEOPT UNPACKING pc=0x0000022eac8f6da2 sp=0x00000083d8dff320 mode 2

Classes loaded (20 events):
Event: 4105.520 Loading class java/util/LinkedList$DescendingIterator
Event: 4105.520 Loading class java/util/LinkedList$DescendingIterator done
Event: 4105.521 Loading class sun/security/util/DomainName$CommonMatch
Event: 4105.521 Loading class sun/security/util/DomainName$Match
Event: 4105.521 Loading class sun/security/util/DomainName$Match done
Event: 4105.521 Loading class sun/security/util/DomainName$CommonMatch done
Event: 4105.521 Loading class sun/security/util/DomainName$RegisteredDomainImpl
Event: 4105.521 Loading class sun/security/util/DomainName$RegisteredDomainImpl done
Event: 4105.522 Loading class sun/security/rsa/MGF1
Event: 4105.522 Loading class sun/security/rsa/MGF1 done
Event: 4105.522 Loading class sun/security/ssl/CipherSuite$1
Event: 4105.523 Loading class sun/security/ssl/CipherSuite$1 done
Event: 4105.536 Loading class java/util/stream/ReduceOps$6
Event: 4105.536 Loading class java/util/stream/ReduceOps$6 done
Event: 4105.536 Loading class java/util/stream/ReduceOps$5ReducingSink
Event: 4105.537 Loading class java/util/stream/ReduceOps$5ReducingSink done
Event: 4115.205 Loading class java/lang/Throwable$WrappedPrintWriter
Event: 4115.206 Loading class java/lang/Throwable$PrintStreamOrWriter
Event: 4115.206 Loading class java/lang/Throwable$PrintStreamOrWriter done
Event: 4115.206 Loading class java/lang/Throwable$WrappedPrintWriter done

Classes unloaded (20 events):
Event: 2091.865 Thread 0x0000022ea2213c20 Unloading class 0x0000022eba017400 'java/lang/invoke/LambdaForm$MH+0x0000022eba017400'
Event: 2091.865 Thread 0x0000022ea2213c20 Unloading class 0x0000022eba016400 'java/lang/invoke/LambdaForm$MH+0x0000022eba016400'
Event: 2091.865 Thread 0x0000022ea2213c20 Unloading class 0x0000022eba00d800 'java/lang/invoke/LambdaForm$MH+0x0000022eba00d800'
Event: 2091.865 Thread 0x0000022ea2213c20 Unloading class 0x0000022eba00d400 'java/lang/invoke/LambdaForm$MH+0x0000022eba00d400'
Event: 2091.865 Thread 0x0000022ea2213c20 Unloading class 0x0000022eba00d000 'java/lang/invoke/LambdaForm$MH+0x0000022eba00d000'
Event: 2091.865 Thread 0x0000022ea2213c20 Unloading class 0x0000022eba00cc00 'java/lang/invoke/LambdaForm$MH+0x0000022eba00cc00'
Event: 2091.865 Thread 0x0000022ea2213c20 Unloading class 0x0000022eba00c800 'java/lang/invoke/LambdaForm$BMH+0x0000022eba00c800'
Event: 2091.865 Thread 0x0000022ea2213c20 Unloading class 0x0000022eba00c000 'java/lang/invoke/LambdaForm$DMH+0x0000022eba00c000'
Event: 2091.865 Thread 0x0000022ea2213c20 Unloading class 0x0000022eba008c00 'java/lang/invoke/LambdaForm$MH+0x0000022eba008c00'
Event: 2091.865 Thread 0x0000022ea2213c20 Unloading class 0x0000022eba008800 'java/lang/invoke/LambdaForm$MH+0x0000022eba008800'
Event: 2091.865 Thread 0x0000022ea2213c20 Unloading class 0x0000022eba008400 'java/lang/invoke/LambdaForm$MH+0x0000022eba008400'
Event: 2091.865 Thread 0x0000022ea2213c20 Unloading class 0x0000022eba007000 'java/lang/invoke/LambdaForm$MH+0x0000022eba007000'
Event: 2091.865 Thread 0x0000022ea2213c20 Unloading class 0x0000022eba006800 'java/lang/invoke/LambdaForm$MH+0x0000022eba006800'
Event: 2091.865 Thread 0x0000022ea2213c20 Unloading class 0x0000022eba006400 'java/lang/invoke/LambdaForm$MH+0x0000022eba006400'
Event: 2091.865 Thread 0x0000022ea2213c20 Unloading class 0x0000022eba006000 'java/lang/invoke/LambdaForm$MH+0x0000022eba006000'
Event: 2091.865 Thread 0x0000022ea2213c20 Unloading class 0x0000022eba005c00 'java/lang/invoke/LambdaForm$BMH+0x0000022eba005c00'
Event: 2091.865 Thread 0x0000022ea2213c20 Unloading class 0x0000022eba004800 'java/lang/invoke/LambdaForm$DMH+0x0000022eba004800'
Event: 2091.865 Thread 0x0000022ea2213c20 Unloading class 0x0000022eba002400 'java/lang/invoke/LambdaForm$MH+0x0000022eba002400'
Event: 2091.865 Thread 0x0000022ea2213c20 Unloading class 0x0000022eba002000 'java/lang/invoke/LambdaForm$MH+0x0000022eba002000'
Event: 2091.865 Thread 0x0000022ea2213c20 Unloading class 0x0000022eba001800 'java/lang/invoke/LambdaForm$MH+0x0000022eba001800'

Classes redefined (0 events):
No events

Internal exceptions (20 events):
Event: 4247.849 Thread 0x0000022e859b5b80 Exception <a 'sun/nio/fs/WindowsException'{0x00000000d59afb70}> (0x00000000d59afb70) 
thrown [s\src\hotspot\share\prims\jni.cpp, line 520]
Event: 4247.850 Thread 0x0000022e859b5b80 Exception <a 'sun/nio/fs/WindowsException'{0x00000000d59b0548}> (0x00000000d59b0548) 
thrown [s\src\hotspot\share\prims\jni.cpp, line 520]
Event: 4247.851 Thread 0x0000022e859b5b80 Exception <a 'sun/nio/fs/WindowsException'{0x00000000d59b7d38}> (0x00000000d59b7d38) 
thrown [s\src\hotspot\share\prims\jni.cpp, line 520]
Event: 4247.851 Thread 0x0000022e859b5b80 Exception <a 'sun/nio/fs/WindowsException'{0x00000000d59b8978}> (0x00000000d59b8978) 
thrown [s\src\hotspot\share\prims\jni.cpp, line 520]
Event: 4247.852 Thread 0x0000022e859b5b80 Exception <a 'sun/nio/fs/WindowsException'{0x00000000d59bc340}> (0x00000000d59bc340) 
thrown [s\src\hotspot\share\prims\jni.cpp, line 520]
Event: 4247.852 Thread 0x0000022e859b5b80 Exception <a 'sun/nio/fs/WindowsException'{0x00000000d59bcd18}> (0x00000000d59bcd18) 
thrown [s\src\hotspot\share\prims\jni.cpp, line 520]
Event: 4247.853 Thread 0x0000022e859b5b80 Exception <a 'sun/nio/fs/WindowsException'{0x00000000d59bf530}> (0x00000000d59bf530) 
thrown [s\src\hotspot\share\prims\jni.cpp, line 520]
Event: 4247.853 Thread 0x0000022e859b5b80 Exception <a 'sun/nio/fs/WindowsException'{0x00000000d59bff08}> (0x00000000d59bff08) 
thrown [s\src\hotspot\share\prims\jni.cpp, line 520]
Event: 4825.203 Thread 0x0000022e859b5b80 Exception <a 'sun/nio/fs/WindowsException'{0x00000000d57c33a8}> (0x00000000d57c33a8) 
thrown [s\src\hotspot\share\prims\jni.cpp, line 520]
Event: 4825.204 Thread 0x0000022e859b5b80 Exception <a 'sun/nio/fs/WindowsException'{0x00000000d57c3d80}> (0x00000000d57c3d80) 
thrown [s\src\hotspot\share\prims\jni.cpp, line 520]
Event: 4825.207 Thread 0x0000022e859b5b80 Exception <a 'sun/nio/fs/WindowsException'{0x00000000d57d1218}> (0x00000000d57d1218) 
thrown [s\src\hotspot\share\prims\jni.cpp, line 520]
Event: 4825.207 Thread 0x0000022e859b5b80 Exception <a 'sun/nio/fs/WindowsException'{0x00000000d57d1e38}> (0x00000000d57d1e38) 
thrown [s\src\hotspot\share\prims\jni.cpp, line 520]
Event: 4825.209 Thread 0x0000022e859b5b80 Exception <a 'sun/nio/fs/WindowsException'{0x00000000d57dd138}> (0x00000000d57dd138) 
thrown [s\src\hotspot\share\prims\jni.cpp, line 520]
Event: 4825.210 Thread 0x0000022e859b5b80 Exception <a 'sun/nio/fs/WindowsException'{0x00000000d57ddb10}> (0x00000000d57ddb10) 
thrown [s\src\hotspot\share\prims\jni.cpp, line 520]
Event: 4825.212 Thread 0x0000022e859b5b80 Exception <a 'sun/nio/fs/WindowsException'{0x00000000d57e5598}> (0x00000000d57e5598) 
thrown [s\src\hotspot\share\prims\jni.cpp, line 520]
Event: 4825.212 Thread 0x0000022e859b5b80 Exception <a 'sun/nio/fs/WindowsException'{0x00000000d57e5f70}> (0x00000000d57e5f70) 
thrown [s\src\hotspot\share\prims\jni.cpp, line 520]
Event: 4825.213 Thread 0x0000022e859b5b80 Exception <a 'sun/nio/fs/WindowsException'{0x00000000d57e9938}> (0x00000000d57e9938) 
thrown [s\src\hotspot\share\prims\jni.cpp, line 520]
Event: 4825.213 Thread 0x0000022e859b5b80 Exception <a 'sun/nio/fs/WindowsException'{0x00000000d57ea570}> (0x00000000d57ea570) 
thrown [s\src\hotspot\share\prims\jni.cpp, line 520]
Event: 4825.215 Thread 0x0000022e859b5b80 Exception <a 'sun/nio/fs/WindowsException'{0x00000000d57ecb48}> (0x00000000d57ecb48) 
thrown [s\src\hotspot\share\prims\jni.cpp, line 520]
Event: 4825.215 Thread 0x0000022e859b5b80 Exception <a 'sun/nio/fs/WindowsException'{0x00000000d57ed520}> (0x00000000d57ed520) 
thrown [s\src\hotspot\share\prims\jni.cpp, line 520]

ZGC Phase Switch (0 events):
No events

VM Operations (20 events):
Event: 4350.979 Executing non-safepoint VM operation: RendezvousGCThreads
Event: 4350.979 Executing non-safepoint VM operation: RendezvousGCThreads done
Event: 4411.056 Executing non-safepoint VM operation: HandshakeAllThreads (HandshakeForDeflation)
Event: 4411.056 Executing non-safepoint VM operation: HandshakeAllThreads (HandshakeForDeflation) done
Event: 4411.056 Executing non-safepoint VM operation: RendezvousGCThreads
Event: 4411.056 Executing non-safepoint VM operation: RendezvousGCThreads done
Event: 4471.129 Executing non-safepoint VM operation: HandshakeAllThreads (HandshakeForDeflation)
Event: 4471.129 Executing non-safepoint VM operation: HandshakeAllThreads (HandshakeForDeflation) done
Event: 4471.129 Executing non-safepoint VM operation: RendezvousGCThreads
Event: 4471.129 Executing non-safepoint VM operation: RendezvousGCThreads done
Event: 4525.304 Executing safepoint VM operation: ParallelGCFailedAllocation (Allocation Failure)
Event: 4525.307 Executing safepoint VM operation: ParallelGCFailedAllocation (Allocation Failure) done
Event: 4526.315 Executing safepoint VM operation: Cleanup
Event: 4526.315 Executing safepoint VM operation: Cleanup done
Event: 4531.155 Executing non-safepoint VM operation: HandshakeAllThreads (HandshakeForDeflation)
Event: 4531.155 Executing non-safepoint VM operation: HandshakeAllThreads (HandshakeForDeflation) done
Event: 4531.155 Executing non-safepoint VM operation: RendezvousGCThreads
Event: 4531.155 Executing non-safepoint VM operation: RendezvousGCThreads done
Event: 4825.423 Executing safepoint VM operation: ParallelGCFailedAllocation (Allocation Failure)
Event: 4825.428 Executing safepoint VM operation: ParallelGCFailedAllocation (Allocation Failure) done

Memory protections (0 events):
No events

Nmethod flushes (20 events):
Event: 2091.932 Thread 0x0000022ea2213c20 flushing  nmethod 0x0000022ea7689290
Event: 2091.932 Thread 0x0000022ea2213c20 flushing  nmethod 0x0000022ea768ba90
Event: 2091.932 Thread 0x0000022ea2213c20 flushing  nmethod 0x0000022ea768f390
Event: 2091.932 Thread 0x0000022ea2213c20 flushing  nmethod 0x0000022ea7697110
Event: 2091.932 Thread 0x0000022ea2213c20 flushing  nmethod 0x0000022ea76a5310
Event: 2091.932 Thread 0x0000022ea2213c20 flushing  nmethod 0x0000022ea76be390
Event: 2091.932 Thread 0x0000022ea2213c20 flushing  nmethod 0x0000022ea76c3090
Event: 2091.932 Thread 0x0000022ea2213c20 flushing  nmethod 0x0000022ea76d3390
Event: 2091.932 Thread 0x0000022ea2213c20 flushing  nmethod 0x0000022ea771fc90
Event: 2091.932 Thread 0x0000022ea2213c20 flushing  nmethod 0x0000022ea775a690
Event: 2091.932 Thread 0x0000022ea2213c20 flushing  nmethod 0x0000022ea77e1610
Event: 2091.932 Thread 0x0000022ea2213c20 flushing osr nmethod 0x0000022ea783ff10
Event: 2091.932 Thread 0x0000022ea2213c20 flushing  nmethod 0x0000022ea7840f90
Event: 2091.932 Thread 0x0000022ea2213c20 flushing  nmethod 0x0000022ea7846d10
Event: 2091.932 Thread 0x0000022ea2213c20 flushing  nmethod 0x0000022ea786f110
Event: 2091.932 Thread 0x0000022ea2213c20 flushing  nmethod 0x0000022ea7874710
Event: 2091.932 Thread 0x0000022ea2213c20 flushing  nmethod 0x0000022ea7894310
Event: 2091.932 Thread 0x0000022ea2213c20 flushing  nmethod 0x0000022ea7894b10
Event: 2091.932 Thread 0x0000022ea2213c20 flushing  nmethod 0x0000022ea78fbf90
Event: 2091.932 Thread 0x0000022ea2213c20 flushing  nmethod 0x0000022ea7902410

Events (20 events):
Event: 4355.219 Thread 0x0000022e843d72d0 Thread exited: 0x0000022e843d72d0
Event: 4415.234 Thread 0x0000022e843d44e0 Thread exited: 0x0000022e843d44e0
Event: 4475.244 Thread 0x0000022e843d5200 Thread exited: 0x0000022e843d5200
Event: 4535.258 Thread 0x0000022e843d4b70 Thread exited: 0x0000022e843d4b70
Event: 4825.197 Thread 0x0000022e859b5b80 Thread added: 0x0000022e843d5200
Event: 4825.198 Thread 0x0000022e843d5200 Thread exited: 0x0000022e843d5200
Event: 4825.216 Thread 0x0000022e859b5b80 Thread added: 0x0000022e843d65b0
Event: 4825.217 Thread 0x0000022e843d65b0 Thread added: 0x0000022e843d4b70
Event: 4825.217 Thread 0x0000022e843d65b0 Thread added: 0x0000022e843d3e50
Event: 4825.217 Thread 0x0000022e843d4b70 Thread added: 0x0000022e843d5200
Event: 4825.217 Thread 0x0000022e843d65b0 Thread added: 0x0000022e843d3130
Event: 4825.218 Thread 0x0000022e843d3e50 Thread added: 0x0000022e843d44e0
Event: 4825.218 Thread 0x0000022e843d65b0 Thread added: 0x0000022e843d37c0
Event: 4825.218 Thread 0x0000022e843d37c0 Thread exited: 0x0000022e843d37c0
Event: 4825.218 Thread 0x0000022e843d44e0 Thread exited: 0x0000022e843d44e0
Event: 4825.218 Thread 0x0000022e843d65b0 Thread exited: 0x0000022e843d65b0
Event: 4825.218 Thread 0x0000022e843d4b70 Thread exited: 0x0000022e843d4b70
Event: 4825.218 Thread 0x0000022e843d3e50 Thread exited: 0x0000022e843d3e50
Event: 4825.218 Thread 0x0000022e843d3130 Thread exited: 0x0000022e843d3130
Event: 4825.219 Thread 0x0000022e843d5200 Thread exited: 0x0000022e843d5200


Dynamic libraries:
0x00007ff759840000 - 0x00007ff75984e000 	c:\Users\LENOVO\.antigravity\extensions\redhat.java-1.54.0-win32-x64\jre\21.0.10-win32-x86_64\bin\java.exe
0x00007ffd98dc0000 - 0x00007ffd99027000 	C:\WINDOWS\SYSTEM32\ntdll.dll
0x00007ffd97a40000 - 0x00007ffd97b09000 	C:\WINDOWS\System32\KERNEL32.DLL
0x00007ffd96240000 - 0x00007ffd96634000 	C:\WINDOWS\System32\KERNELBASE.dll
0x00007ffd96060000 - 0x00007ffd961ab000 	C:\WINDOWS\System32\ucrtbase.dll
0x00007ffd503b0000 - 0x00007ffd503c8000 	c:\Users\LENOVO\.antigravity\extensions\redhat.java-1.54.0-win32-x64\jre\21.0.10-win32-x86_64\bin\jli.dll
0x00007ffd5eb50000 - 0x00007ffd5eb6e000 	c:\Users\LENOVO\.antigravity\extensions\redhat.java-1.54.0-win32-x64\jre\21.0.10-win32-x86_64\bin\VCRUNTIME140.dll
0x00007ffd96f30000 - 0x00007ffd970f5000 	C:\WINDOWS\System32\USER32.dll
0x00007ffd79530000 - 0x00007ffd797c3000 	C:\WINDOWS\WinSxS\amd64_microsoft.windows.common-controls_6595b64144ccf1df_6.0.26100.8115_none_3e075c82e3354f9c\COMCTL32.dll
0x00007ffd96b20000 - 0x00007ffd96b47000 	C:\WINDOWS\System32\win32u.dll
0x00007ffd98a50000 - 0x00007ffd98af9000 	C:\WINDOWS\System32\msvcrt.dll
0x00007ffd98430000 - 0x00007ffd9845b000 	C:\WINDOWS\System32\GDI32.dll
0x00007ffd96640000 - 0x00007ffd9676b000 	C:\WINDOWS\System32\gdi32full.dll
0x00007ffd95fb0000 - 0x00007ffd96053000 	C:\WINDOWS\System32\msvcp_win.dll
0x00007ffd98b60000 - 0x00007ffd98b92000 	C:\WINDOWS\System32\IMM32.DLL
0x00007ffd7e650000 - 0x00007ffd7e65c000 	c:\Users\LENOVO\.antigravity\extensions\redhat.java-1.54.0-win32-x64\jre\21.0.10-win32-x86_64\bin\vcruntime140_1.dll
0x00007ffd0e080000 - 0x00007ffd0e10d000 	c:\Users\LENOVO\.antigravity\extensions\redhat.java-1.54.0-win32-x64\jre\21.0.10-win32-x86_64\bin\msvcp140.dll
0x00007ffd01c00000 - 0x00007ffd029a1000 	c:\Users\LENOVO\.antigravity\extensions\redhat.java-1.54.0-win32-x64\jre\21.0.10-win32-x86_64\bin\server\jvm.dll
0x00007ffd98460000 - 0x00007ffd98516000 	C:\WINDOWS\System32\ADVAPI32.dll
0x00007ffd96c00000 - 0x00007ffd96ca7000 	C:\WINDOWS\System32\sechost.dll
0x00007ffd97b10000 - 0x00007ffd97c28000 	C:\WINDOWS\System32\RPCRT4.dll
0x00007ffd97100000 - 0x00007ffd97180000 	C:\WINDOWS\System32\WS2_32.dll
0x00007ffd8cde0000 - 0x00007ffd8ce16000 	C:\WINDOWS\SYSTEM32\WINMM.dll
0x00007ffd86690000 - 0x00007ffd8669b000 	C:\WINDOWS\SYSTEM32\VERSION.dll
0x00007ffd954f0000 - 0x00007ffd9554e000 	C:\WINDOWS\SYSTEM32\POWRPROF.dll
0x00007ffd954d0000 - 0x00007ffd954e4000 	C:\WINDOWS\SYSTEM32\UMPDC.dll
0x00007ffd94420000 - 0x00007ffd9443b000 	C:\WINDOWS\SYSTEM32\kernel.appcore.dll
0x00007ffd7e3e0000 - 0x00007ffd7e3ea000 	c:\Users\LENOVO\.antigravity\extensions\redhat.java-1.54.0-win32-x64\jre\21.0.10-win32-x86_64\bin\jimage.dll
0x00007ffd90ae0000 - 0x00007ffd90d22000 	C:\WINDOWS\SYSTEM32\DBGHELP.DLL
0x00007ffd976b0000 - 0x00007ffd97a32000 	C:\WINDOWS\System32\combase.dll
0x00007ffd96e50000 - 0x00007ffd96f28000 	C:\WINDOWS\System32\OLEAUT32.dll
0x00007ffd74350000 - 0x00007ffd7438b000 	C:\WINDOWS\SYSTEM32\dbgcore.DLL
0x00007ffd95f00000 - 0x00007ffd95fa5000 	C:\WINDOWS\System32\bcryptPrimitives.dll
0x00007ffd7b680000 - 0x00007ffd7b68f000 	c:\Users\LENOVO\.antigravity\extensions\redhat.java-1.54.0-win32-x64\jre\21.0.10-win32-x86_64\bin\instrument.dll
0x00007ffd4f900000 - 0x00007ffd4f920000 	c:\Users\LENOVO\.antigravity\extensions\redhat.java-1.54.0-win32-x64\jre\21.0.10-win32-x86_64\bin\java.dll
0x00007ffd97cc0000 - 0x00007ffd98427000 	C:\WINDOWS\System32\SHELL32.dll
0x00007ffd96770000 - 0x00007ffd968da000 	C:\WINDOWS\System32\wintypes.dll
0x00007ffd95690000 - 0x00007ffd95ef8000 	C:\WINDOWS\System32\windows.storage.dll
0x00007ffd975b0000 - 0x00007ffd976a8000 	C:\WINDOWS\System32\SHCORE.dll
0x00007ffd97360000 - 0x00007ffd973c6000 	C:\WINDOWS\System32\shlwapi.dll
0x00007ffd955b0000 - 0x00007ffd955d9000 	C:\WINDOWS\SYSTEM32\profapi.dll
0x00007ffd4eee0000 - 0x00007ffd4eef8000 	c:\Users\LENOVO\.antigravity\extensions\redhat.java-1.54.0-win32-x64\jre\21.0.10-win32-x86_64\bin\zip.dll
0x00007ffd6fb50000 - 0x00007ffd6fb60000 	C:\Users\LENOVO\.antigravity\extensions\redhat.java-1.54.0-win32-x64\jre\21.0.10-win32-x86_64\bin\net.dll
0x00007ffd8c4a0000 - 0x00007ffd8c5cd000 	C:\WINDOWS\SYSTEM32\WINHTTP.dll
0x00007ffd94990000 - 0x00007ffd949fc000 	C:\WINDOWS\system32\mswsock.dll
0x00007ffd4eec0000 - 0x00007ffd4eed6000 	C:\Users\LENOVO\.antigravity\extensions\redhat.java-1.54.0-win32-x64\jre\21.0.10-win32-x86_64\bin\nio.dll
0x00007ffd6d730000 - 0x00007ffd6d740000 	c:\Users\LENOVO\.antigravity\extensions\redhat.java-1.54.0-win32-x64\jre\21.0.10-win32-x86_64\bin\verify.dll
0x00007ffd1a5d0000 - 0x00007ffd1a615000 	C:\Users\LENOVO\AppData\Roaming\Antigravity\User\globalStorage\redhat.java\1.54.0\config_win\org.eclipse.equinox.launcher\org.eclipse.equinox.launcher.win32.win32.x86_64_1.3.0.v20260203-2149\eclipse_11919.dll
0x00007ffd96cb0000 - 0x00007ffd96e47000 	C:\WINDOWS\System32\ole32.dll
0x00007ffd94c70000 - 0x00007ffd94c8b000 	C:\WINDOWS\SYSTEM32\CRYPTSP.dll
0x00007ffd94380000 - 0x00007ffd943b9000 	C:\WINDOWS\system32\rsaenh.dll
0x00007ffd94a40000 - 0x00007ffd94a73000 	C:\WINDOWS\SYSTEM32\USERENV.dll
0x00007ffd95580000 - 0x00007ffd955aa000 	C:\WINDOWS\SYSTEM32\bcrypt.dll
0x00007ffd94c90000 - 0x00007ffd94c9c000 	C:\WINDOWS\SYSTEM32\CRYPTBASE.dll
0x00007ffd93e90000 - 0x00007ffd93ec2000 	C:\WINDOWS\SYSTEM32\IPHLPAPI.DLL
0x00007ffd97290000 - 0x00007ffd9729a000 	C:\WINDOWS\System32\NSI.dll
0x00007ffd47e20000 - 0x00007ffd47e69000 	C:\Users\LENOVO\AppData\Local\Temp\jna--2053026509\jna205597922244768249.dll
0x00007ffd96bf0000 - 0x00007ffd96bf8000 	C:\WINDOWS\System32\PSAPI.DLL
0x00007ffd8cc90000 - 0x00007ffd8ccad000 	C:\WINDOWS\SYSTEM32\dhcpcsvc6.DLL
0x00007ffd8cbc0000 - 0x00007ffd8cbe5000 	C:\WINDOWS\SYSTEM32\dhcpcsvc.DLL
0x00007ffd93ed0000 - 0x00007ffd94002000 	C:\WINDOWS\SYSTEM32\DNSAPI.dll
0x00007ffd86680000 - 0x00007ffd8668b000 	C:\Windows\System32\rasadhlp.dll
0x00007ffd87960000 - 0x00007ffd879e6000 	C:\WINDOWS\System32\fwpuclnt.dll
0x00007ffd92470000 - 0x00007ffd92479000 	C:\Users\LENOVO\.antigravity\extensions\redhat.java-1.54.0-win32-x64\jre\21.0.10-win32-x86_64\bin\extnet.dll
0x00007ffd90960000 - 0x00007ffd9096e000 	C:\Users\LENOVO\.antigravity\extensions\redhat.java-1.54.0-win32-x64\jre\21.0.10-win32-x86_64\bin\sunmscapi.dll
0x00007ffd969a0000 - 0x00007ffd96b17000 	C:\WINDOWS\System32\CRYPT32.dll
0x00007ffd94e90000 - 0x00007ffd94ec0000 	C:\WINDOWS\SYSTEM32\ncrypt.dll
0x00007ffd94e40000 - 0x00007ffd94e7f000 	C:\WINDOWS\SYSTEM32\NTASN1.dll
0x00007ffd34400000 - 0x00007ffd34408000 	C:\WINDOWS\system32\wshunix.dll

JVMTI agents:
c:\Users\LENOVO\.antigravity\extensions\redhat.java-1.54.0-win32-x64\lombok\lombok-1.18.39-4050.jar path:c:\Users\LENOVO\.antigravity\extensions\redhat.java-1.54.0-win32-x64\jre\21.0.10-win32-x86_64\bin\instrument.dll, loaded, initialized, instrumentlib options:none

dbghelp: loaded successfully - version: 4.0.5 - missing functions: none
symbol engine: initialized successfully - sym options: 0x614 - pdb path: .;c:\Users\LENOVO\.antigravity\extensions\redhat.java-1.54.0-win32-x64\jre\21.0.10-win32-x86_64\bin;C:\WINDOWS\SYSTEM32;C:\WINDOWS\WinSxS\amd64_microsoft.windows.common-controls_6595b64144ccf1df_6.0.26100.8115_none_3e075c82e3354f9c;c:\Users\LENOVO\.antigravity\extensions\redhat.java-1.54.0-win32-x64\jre\21.0.10-win32-x86_64\bin\server;C:\Users\LENOVO\AppData\Roaming\Antigravity\User\globalStorage\redhat.java\1.54.0\config_win\org.eclipse.equinox.launcher\org.eclipse.equinox.launcher.win32.win32.x86_64_1.3.0.v20260203-2149;C:\Users\LENOVO\AppData\Local\Temp\jna--2053026509

VM Arguments:
jvm_args: --add-modules=ALL-SYSTEM --add-opens=java.base/java.util=ALL-UNNAMED --add-opens=java.base/java.lang=ALL-UNNAMED --add-opens=java.base/sun.nio.fs=ALL-UNNAMED -Declipse.application=org.eclipse.jdt.ls.core.id1 -Dosgi.bundles.defaultStartLevel=4 -Declipse.product=org.eclipse.jdt.ls.core.product -Djava.import.generatesMetadataFilesAtProjectRoot=false -DDetectVMInstallationsJob.disabled=true -Dfile.encoding=utf8 -XX:+UseParallelGC -XX:GCTimeRatio=4 -XX:AdaptiveSizePolicyWeight=90 -Dsun.zip.disableMemoryMapping=true -Xmx2G -Xms100m -Xlog:disable -javaagent:c:\Users\LENOVO\.antigravity\extensions\redhat.java-1.54.0-win32-x64\lombok\lombok-1.18.39-4050.jar -XX:+HeapDumpOnOutOfMemoryError -XX:HeapDumpPath=c:\Users\LENOVO\AppData\Roaming\Antigravity\User\workspaceStorage\c32ad2883d698218fc90bdae50dd7373\redhat.java -Daether.dependencyCollector.impl=bf 
java_command: c:\Users\LENOVO\.antigravity\extensions\redhat.java-1.54.0-win32-x64\server\plugins\org.eclipse.equinox.launcher_1.7.100.v20251111-0406.jar -configuration c:\Users\LENOVO\AppData\Roaming\Antigravity\User\globalStorage\redhat.java\1.54.0\config_win -data c:\Users\LENOVO\AppData\Roaming\Antigravity\User\workspaceStorage\c32ad2883d698218fc90bdae50dd7373\redhat.java\jdt_ws --pipe=\\.\pipe\lsp-7282c2d6873af12b260662997e91977e-sock
java_class_path (initial): c:\Users\LENOVO\.antigravity\extensions\redhat.java-1.54.0-win32-x64\server\plugins\org.eclipse.equinox.launcher_1.7.100.v20251111-0406.jar
Launcher Type: SUN_STANDARD

[Global flags]
    uintx AdaptiveSizePolicyWeight                 = 90                                        {product} {command line}
     intx CICompilerCount                          = 4                                         {product} {ergonomic}
    uintx GCTimeRatio                              = 4                                         {product} {command line}
     bool HeapDumpOnOutOfMemoryError               = true                                   {manageable} {command line}
    ccstr HeapDumpPath                             = c:\Users\LENOVO\AppData\Roaming\Antigravity\User\workspaceStorage\c32ad2883d698218fc90bdae50dd7373\redhat.java         {manageable} {command line}
   size_t InitialHeapSize                          = 104857600                                 {product} {command line}
   size_t MaxHeapSize                              = 2147483648                                {product} {command line}
   size_t MaxNewSize                               = 715653120                                 {product} {ergonomic}
   size_t MinHeapDeltaBytes                        = 524288                                    {product} {ergonomic}
   size_t MinHeapSize                              = 104857600                                 {product} {command line}
   size_t NewSize                                  = 34603008                                  {product} {ergonomic}
    uintx NonNMethodCodeHeapSize                   = 5839372                                {pd product} {ergonomic}
    uintx NonProfiledCodeHeapSize                  = 122909434                              {pd product} {ergonomic}
   size_t OldSize                                  = 70254592                                  {product} {ergonomic}
    uintx ProfiledCodeHeapSize                     = 122909434                              {pd product} {ergonomic}
    uintx ReservedCodeCacheSize                    = 251658240                              {pd product} {ergonomic}
     bool SegmentedCodeCache                       = true                                      {product} {ergonomic}
   size_t SoftMaxHeapSize                          = 2147483648                             {manageable} {ergonomic}
     bool UseCompressedOops                        = true                           {product lp64_product} {ergonomic}
     bool UseLargePagesIndividualAllocation        = false                                  {pd product} {ergonomic}
     bool UseParallelGC                            = true                                      {product} {command line}

Logging:
Log output configuration:
 #0: stdout all=off uptime,level,tags foldmultilines=false
 #1: stderr all=off uptime,level,tags foldmultilines=false

Release file:
JAVA_VERSION="21.0.10" 
MODULES="java.base java.compiler java.datatransfer java.xml java.prefs java.desktop java.instrument java.logging java.management java.security.sasl java.naming java.rmi java.management.rmi java.net.http java.scripting java.security.jgss java.transaction.xa java.sql java.sql.rowset java.xml.crypto java.se java.smartcardio jdk.accessibility jdk.internal.jvmstat jdk.attach jdk.charsets jdk.internal.opt jdk.zipfs jdk.compiler jdk.crypto.ec jdk.crypto.cryptoki jdk.crypto.mscapi jdk.dynalink jdk.internal.ed jdk.editpad jdk.hotspot.agent jdk.httpserver jdk.internal.le jdk.internal.vm.ci jdk.internal.vm.compiler jdk.internal.vm.compiler.management jdk.jartool jdk.javadoc jdk.jcmd jdk.management jdk.management.agent jdk.jconsole jdk.jdeps jdk.jdwp.agent jdk.jdi jdk.jfr jdk.jshell jdk.jsobject jdk.jstatd jdk.localedata jdk.management.jfr jdk.naming.dns jdk.naming.rmi jdk.net jdk.nio.mapmode jdk.random jdk.sctp jdk.security.auth jdk.security.jgss jdk.unsupported jdk.unsupported.desktop jdk.xml.dom" 

Environment Variables:
JAVA_HOME=C:\Program Files\Java\jdk-20
PATH=C:\Users\LENOVO\Downloads\apache-maven-3.9.14-bin\apache-maven-3.9.14\bin;C:\Program Files\MongoDB\Server\8.2\bin;C:\Program Files\Eclipse Adoptium\jdk-17.0.17.10-hotspot\bin;C:\oraclexe\app\oracle\product\11.2.0\server\bin;C:\xampp\php;C:\Program Files\MySQL\MySQL Server 8.0\bin;C:\Python 3.12\Python 3.12.exe;C:\Users\LENOVO\AppData\Local\Programs\Python\Python312\python.exe;C:\Users\LENOVO\Downloads\flutter_windows_3.16.0-stable\flutter\bin;C:\ProgramData\Oracle\Java\javapath;C:\Program Files\Java\jdk-21.0.1\bin;C:\Program Files\Common Files\Oracle\Java\javapath;C:\Program Files\Java\jdk-20\bin;C:\Users\LENOVO\Downloads\sqldeveloper-23.1.0.097.1607-x64\sqldeveloper\sqldeveloper\bin;C:\Users\LENOVO\Downloads\msys2-x86_64-20230318.exe;C:\WINDOWS\system32;C:\WINDOWS;C:\WINDOWS\System32\Wbem;C:\WINDOWS\System32\WindowsPowerShell\v1.0\;C:\WINDOWS\System32\OpenSSH\;C:\Program Files\Git\cmd;C:\Program Files\Git\bin;C:\Program Files\dotnet\;C:\Users\LENOVO\AppData\Local\Android\Sdk\platform-tools;C:\Users\LENOVO\AppData\Local\Android\Sdk\emulator;C:\Users\LENOVO\Downloads\php-8.3.11-nts-Win32-vs16-x64;C:\ProgramData\ComposerSetup\bin;C:\Program Files\nodejs\;C:\Program Files\Microsoft SQL Server\150\Tools\Binn\;C:\Program Files\Docker\Docker\resources\bin;C:\Program Files\Vagrant\bin;C:\Program Files\Cloudflare\Cloudflare WARP\;C:\Users\LENOVO\scoop\shims;C:\Program Files\MySQL\MySQL Shell 8.0\bin\;C:\Users\LENOVO\AppData\Local\Programs\Python\Launcher\;C:\Python27\python.exe;C:\Users\LENOVO\AppData\Local\Programs\Python\Python311;C:\Users\LENOVO\AppData\Local\Programs\Python\Python311\Scripts\;C:\Python27;C:\Users\LENOVO\AppData\Local\Microsoft\WindowsApps;C:\Program Files\JetBrains\PyCharm Community Edition 2023.1\bin;;C:\Users\LENOVO\AppData\Local\GitHubDesktop\bin;C:\Users\LENOVO\.dotnet\tools;C:\Program Files (x86)\Nmap;C:\Users\LENOVO\AppData\Local\Programs\MiKTeX\miktex\bin\x64\;C:\Users\LENOVO\AppData\Roaming\Composer\vendor\bin;C:\xampp\php;C:\Program Files\JetBrains\IntelliJ IDEA 2024.2.1\bin;;C:\Flex Windows\gcc\bin;C:\Flex Windows\Lex\bin;C:\Flex Windows\bison\bin;C:\Users\LENOVO\AppData\Local\Muse Hub\lib;C:\Users\LENOVO\AppData\Local\Programs\Microsoft VS Code\bin;C:\Users\LENOVO\AppData\Local\Programs\cursor\resources\app\bin;C:\Users\LENOVO\AppData\Roaming\npm;C:\Users\LENOVO\AppData\Local\Programs\Antigravity\bin;
USERNAME=LENOVO
OS=Windows_NT
PROCESSOR_IDENTIFIER=Intel64 Family 6 Model 140 Stepping 2, GenuineIntel
TMP=C:\Users\LENOVO\AppData\Local\Temp
TEMP=C:\Users\LENOVO\AppData\Local\Temp




Periodic native trim disabled

---------------  S Y S T E M  ---------------

OS:
 Windows 11 , 64 bit Build 26100 (10.0.26100.8246)
OS uptime: 0 days 1:27 hours
Hyper-V role detected

CPU: total 8 (initial active 8) (4 cores per cpu, 2 threads per core) family 6 model 140 stepping 2 microcode 0x26, cx8, cmov, fxsr, ht, mmx, 3dnowpref, sse, sse2, sse3, ssse3, sse4.1, sse4.2, popcnt, lzcnt, tsc, tscinvbit, avx, avx2, aes, erms, clmul, bmi1, bmi2, adx, avx512f, avx512dq, avx512cd, avx512bw, avx512vl, sha, fma, vzeroupper, avx512_vpopcntdq, avx512_vpclmulqdq, avx512_vaes, avx512_vnni, clflush, clflushopt, clwb, avx512_vbmi2, avx512_vbmi, hv, rdtscp, rdpid, fsrm, gfni, avx512_bitalg, f16c, cet_ibt, cet_ss, avx512_ifma
Processor Information for the first 8 processors :
  Max Mhz: 3187, Current Mhz: 3187, Mhz Limit: 3187

Memory: 4k page, system-wide physical 16167M (1641M free)
TotalPageFile size 21167M (AvailPageFile size 0M)
current process WorkingSet (physical memory assigned to process): 851M, peak: 1136M
current process commit charge ("private bytes"): 1346M, peak: 1348M

vm_info: OpenJDK 64-Bit Server VM (21.0.10+7-LTS) for windows-amd64 JRE (21.0.10+7-LTS), built on 2026-01-20T00:00:00Z by "admin" with MS VC++ 17.12 (VS2022)

END.
