#
# There is insufficient memory for the Java Runtime Environment to continue.
# Native memory allocation (malloc) failed to allocate 1729392 bytes. Error detail: Chunk::new
# Possible reasons:
#   The system is out of physical RAM or swap space
#   This process is running with CompressedOops enabled, and the Java Heap may be blocking the growth of the native heap
# Possible solutions:
#   Reduce memory load on the system
#   Increase physical memory or swap space
#   Check if swap backing store is full
#   Decrease Java heap size (-Xmx/-Xms)
#   Decrease number of Java threads
#   Decrease Java thread stack sizes (-Xss)
#   Set larger code cache with -XX:ReservedCodeCacheSize=
#   JVM is running with Unscaled Compressed Oops mode in which the Java heap is
#     placed in the first 4GB address space. The Java Heap base address is the
#     maximum limit for the native heap growth. Please use -XX:HeapBaseMinAddress
#     to set the Java Heap base and to place the Java Heap above 4GB virtual address.
# This output file may be truncated or incomplete.
#
#  Out of Memory Error (arena.cpp:168), pid=23896, tid=20488
#
# JRE version: OpenJDK Runtime Environment Temurin-21.0.10+7 (21.0.10+7) (build 21.0.10+7-LTS)
# Java VM: OpenJDK 64-Bit Server VM Temurin-21.0.10+7 (21.0.10+7-LTS, mixed mode, sharing, tiered, compressed oops, compressed class ptrs, parallel gc, windows-amd64)
# No core dump will be written. Minidumps are not enabled by default on client versions of Windows
#

---------------  S U M M A R Y ------------

Command Line: --add-modules=ALL-SYSTEM --add-opens=java.base/java.util=ALL-UNNAMED --add-opens=java.base/java.lang=ALL-UNNAMED --add-opens=java.base/sun.nio.fs=ALL-UNNAMED -Declipse.application=org.eclipse.jdt.ls.core.id1 -Dosgi.bundles.defaultStartLevel=4 -Declipse.product=org.eclipse.jdt.ls.core.product -Djava.import.generatesMetadataFilesAtProjectRoot=false -DDetectVMInstallationsJob.disabled=true -Dfile.encoding=utf8 -XX:+UseParallelGC -XX:GCTimeRatio=4 -XX:AdaptiveSizePolicyWeight=90 -Dsun.zip.disableMemoryMapping=true -Xmx2G -Xms100m -Xlog:disable -javaagent:c:\Users\LENOVO\.antigravity\extensions\redhat.java-1.54.0-win32-x64\lombok\lombok-1.18.39-4050.jar c:\Users\LENOVO\.antigravity\extensions\redhat.java-1.54.0-win32-x64\server\plugins\org.eclipse.equinox.launcher_1.7.100.v20251111-0406.jar -configuration c:\Users\LENOVO\AppData\Roaming\Antigravity\User\globalStorage\redhat.java\1.54.0\config_ss_win -data c:\Users\LENOVO\AppData\Roaming\Antigravity\User\workspaceStorage\c32ad2883d698218fc90bdae50dd7373\redhat.java\ss_ws --pipe=\\.\pipe\lsp-38133fe68f8bd5d5316919e79ca45475-sock

Host: 11th Gen Intel(R) Core(TM) i5-11320H @ 3.20GHz, 8 cores, 15G,  Windows 11 , 64 bit Build 26100 (10.0.26100.8246)
Time: Thu Apr 16 08:59:02 2026 Paris, Madrid elapsed time: 20.064740 seconds (0d 0h 0m 20s)

---------------  T H R E A D  ---------------

Current thread (0x000001817965b150):  JavaThread "C2 CompilerThread0" daemon [_thread_in_native, id=20488, stack(0x0000007486900000,0x0000007486a00000) (1024K)]


Current CompileTask:
C2:20064 8332       4       org.eclipse.jdt.internal.compiler.lookup.TypeSystem::getParameterizedType (258 bytes)

Stack: [0x0000007486900000,0x0000007486a00000]
Native frames: (J=compiled Java code, j=interpreted, Vv=VM code, C=native code)
V  [jvm.dll+0x6d7a39]
V  [jvm.dll+0x8b4b26]
V  [jvm.dll+0x8b70de]
V  [jvm.dll+0x8b77c3]
V  [jvm.dll+0x284346]
V  [jvm.dll+0xc66ed]
V  [jvm.dll+0xc6c31]
V  [jvm.dll+0x3bec3b]
V  [jvm.dll+0x38b162]
V  [jvm.dll+0x38a5aa]
V  [jvm.dll+0x24c560]
V  [jvm.dll+0x24bb40]
V  [jvm.dll+0x1cb34e]
V  [jvm.dll+0x25b85d]
V  [jvm.dll+0x259dea]
V  [jvm.dll+0x3f857e]
V  [jvm.dll+0x85f59d]
V  [jvm.dll+0x6d626d]
C  [ucrtbase.dll+0x37b0]
C  [KERNEL32.DLL+0x2e8d7]
C  [ntdll.dll+0x8c3fc]


---------------  P R O C E S S  ---------------

Threads class SMR info:
_java_thread_list=0x0000018142ccebc0, length=46, elements={
0x0000018162bde020, 0x0000018162c9ac50, 0x0000018162c9e8a0, 0x0000018179657c30,
0x0000018179658a40, 0x00000181796598b0, 0x000001817965a310, 0x000001817965b150,
0x000001817f008120, 0x000001817f1fe010, 0x000001817f35e750, 0x000001817fa53c20,
0x000001814122e160, 0x000001814108e100, 0x0000018141088370, 0x00000181414adbc0,
0x00000181412d9ca0, 0x0000018141449260, 0x0000018141335480, 0x0000018141334df0,
0x0000018141334760, 0x00000181413340d0, 0x00000181419796f0, 0x0000018141976900,
0x000001814197a410, 0x0000018141977620, 0x00000181419789d0, 0x0000018141978340,
0x0000018141979060, 0x0000018141979d80, 0x0000018141977cb0, 0x0000018141976f90,
0x000001814197b130, 0x000001814197cb70, 0x000001814197b7c0, 0x000001814197be50,
0x000001814197c4e0, 0x000001814197d200, 0x000001814197d890, 0x00000181434010f0,
0x0000018143400a60, 0x00000181434024a0, 0x00000181433ff6b0, 0x000001817f96d960,
0x00000181433ffd40, 0x00000181430ce830
}

Java Threads: ( => current thread )
  0x0000018162bde020 JavaThread "main"                              [_thread_blocked, id=11988, stack(0x0000007485f00000,0x0000007486000000) (1024K)]
  0x0000018162c9ac50 JavaThread "Reference Handler"          daemon [_thread_blocked, id=14880, stack(0x0000007486300000,0x0000007486400000) (1024K)]
  0x0000018162c9e8a0 JavaThread "Finalizer"                  daemon [_thread_blocked, id=20404, stack(0x0000007486400000,0x0000007486500000) (1024K)]
  0x0000018179657c30 JavaThread "Signal Dispatcher"          daemon [_thread_blocked, id=3100, stack(0x0000007486500000,0x0000007486600000) (1024K)]
  0x0000018179658a40 JavaThread "Attach Listener"            daemon [_thread_blocked, id=21804, stack(0x0000007486600000,0x0000007486700000) (1024K)]
  0x00000181796598b0 JavaThread "Service Thread"             daemon [_thread_blocked, id=17332, stack(0x0000007486700000,0x0000007486800000) (1024K)]
  0x000001817965a310 JavaThread "Monitor Deflation Thread"   daemon [_thread_blocked, id=5560, stack(0x0000007486800000,0x0000007486900000) (1024K)]
=>0x000001817965b150 JavaThread "C2 CompilerThread0"         daemon [_thread_in_native, id=20488, stack(0x0000007486900000,0x0000007486a00000) (1024K)]
  0x000001817f008120 JavaThread "C1 CompilerThread0"         daemon [_thread_blocked, id=10888, stack(0x0000007486a00000,0x0000007486b00000) (1024K)]
  0x000001817f1fe010 JavaThread "Common-Cleaner"             daemon [_thread_blocked, id=2856, stack(0x0000007486b00000,0x0000007486c00000) (1024K)]
  0x000001817f35e750 JavaThread "Notification Thread"        daemon [_thread_blocked, id=22544, stack(0x0000007486c00000,0x0000007486d00000) (1024K)]
  0x000001817fa53c20 JavaThread "Active Thread: Equinox Container: 15ed7129-cc49-4be5-a01f-fedb5f591bc9"        [_thread_blocked, id=6432, stack(0x0000007487400000,0x0000007487500000) (1024K)]
  0x000001814122e160 JavaThread "Framework Event Dispatcher: Equinox Container: 15ed7129-cc49-4be5-a01f-fedb5f591bc9" daemon [_thread_blocked, id=24812, stack(0x0000007487500000,0x0000007487600000) (1024K)]
  0x000001814108e100 JavaThread "Start Level: Equinox Container: 15ed7129-cc49-4be5-a01f-fedb5f591bc9" daemon [_thread_blocked, id=10628, stack(0x0000007487600000,0x0000007487700000) (1024K)]
  0x0000018141088370 JavaThread "SCR Component Actor"        daemon [_thread_blocked, id=13824, stack(0x0000007486d00000,0x0000007486e00000) (1024K)]
  0x00000181414adbc0 JavaThread "Worker-JM"                         [_thread_blocked, id=15932, stack(0x0000007487800000,0x0000007487900000) (1024K)]
  0x00000181412d9ca0 JavaThread "JNA Cleaner"                daemon [_thread_blocked, id=11000, stack(0x0000007487900000,0x0000007487a00000) (1024K)]
  0x0000018141449260 JavaThread "Worker-0"                          [_thread_blocked, id=14264, stack(0x0000007487a00000,0x0000007487b00000) (1024K)]
  0x0000018141335480 JavaThread "Worker-1: Building"                [_thread_in_native, id=20104, stack(0x0000007487b00000,0x0000007487c00000) (1024K)]
  0x0000018141334df0 JavaThread "Thread-1"                   daemon [_thread_in_native, id=14596, stack(0x0000007487f00000,0x0000007488000000) (1024K)]
  0x0000018141334760 JavaThread "Thread-2"                   daemon [_thread_in_native, id=9840, stack(0x0000007488000000,0x0000007488100000) (1024K)]
  0x00000181413340d0 JavaThread "Thread-3"                   daemon [_thread_in_native, id=16484, stack(0x0000007488100000,0x0000007488200000) (1024K)]
  0x00000181419796f0 JavaThread "Thread-4"                   daemon [_thread_in_native, id=19144, stack(0x0000007488200000,0x0000007488300000) (1024K)]
  0x0000018141976900 JavaThread "Thread-5"                   daemon [_thread_in_native, id=22832, stack(0x0000007488300000,0x0000007488400000) (1024K)]
  0x000001814197a410 JavaThread "Thread-6"                   daemon [_thread_in_native, id=21096, stack(0x0000007488400000,0x0000007488500000) (1024K)]
  0x0000018141977620 JavaThread "Thread-7"                   daemon [_thread_in_native, id=13844, stack(0x0000007488500000,0x0000007488600000) (1024K)]
  0x00000181419789d0 JavaThread "Thread-8"                   daemon [_thread_in_native, id=10212, stack(0x0000007488600000,0x0000007488700000) (1024K)]
  0x0000018141978340 JavaThread "Thread-9"                   daemon [_thread_in_native, id=19368, stack(0x0000007488700000,0x0000007488800000) (1024K)]
  0x0000018141979060 JavaThread "pool-2-thread-1"                   [_thread_blocked, id=15784, stack(0x0000007488800000,0x0000007488900000) (1024K)]
  0x0000018141979d80 JavaThread "Worker-2: Publish Diagnostics"        [_thread_in_Java, id=22476, stack(0x0000007488a00000,0x0000007488b00000) (1024K)]
  0x0000018141977cb0 JavaThread "WorkspaceEventsHandler"            [_thread_blocked, id=20528, stack(0x0000007488b00000,0x0000007488c00000) (1024K)]
  0x0000018141976f90 JavaThread "pool-1-thread-1"                   [_thread_blocked, id=20904, stack(0x0000007488c00000,0x0000007488d00000) (1024K)]
  0x000001814197b130 JavaThread "ForkJoinPool.commonPool-worker-1" daemon [_thread_blocked, id=22216, stack(0x0000007488d00000,0x0000007488e00000) (1024K)]
  0x000001814197cb70 JavaThread "ForkJoinPool.commonPool-worker-2" daemon [_thread_blocked, id=20064, stack(0x0000007488e00000,0x0000007488f00000) (1024K)]
  0x000001814197b7c0 JavaThread "LocalFile Deleter"          daemon [_thread_blocked, id=21276, stack(0x0000007488f00000,0x0000007489000000) (1024K)]
  0x000001814197be50 JavaThread "LocalFile Deleter"          daemon [_thread_blocked, id=20164, stack(0x0000007489000000,0x0000007489100000) (1024K)]
  0x000001814197c4e0 JavaThread "LocalFile Deleter"          daemon [_thread_blocked, id=20176, stack(0x0000007489100000,0x0000007489200000) (1024K)]
  0x000001814197d200 JavaThread "LocalFile Deleter"          daemon [_thread_blocked, id=8180, stack(0x0000007489200000,0x0000007489300000) (1024K)]
  0x000001814197d890 JavaThread "LocalFile Deleter"          daemon [_thread_blocked, id=17724, stack(0x0000007489300000,0x0000007489400000) (1024K)]
  0x00000181434010f0 JavaThread "LocalFile Deleter"          daemon [_thread_blocked, id=26420, stack(0x0000007489400000,0x0000007489500000) (1024K)]
  0x0000018143400a60 JavaThread "LocalFile Deleter"          daemon [_thread_blocked, id=17112, stack(0x0000007489500000,0x0000007489600000) (1024K)]
  0x00000181434024a0 JavaThread "LocalFile Deleter"          daemon [_thread_blocked, id=13840, stack(0x0000007489600000,0x0000007489700000) (1024K)]
  0x00000181433ff6b0 JavaThread "ForkJoinPool.commonPool-worker-3" daemon [_thread_blocked, id=3884, stack(0x0000007487c00000,0x0000007487d00000) (1024K)]
  0x000001817f96d960 JavaThread "C2 CompilerThread1"         daemon [_thread_in_vm, id=20072, stack(0x0000007488900000,0x0000007488a00000) (1024K)]
  0x00000181433ffd40 JavaThread "Worker-3"                          [_thread_blocked, id=13668, stack(0x0000007489700000,0x0000007489800000) (1024K)]
  0x00000181430ce830 JavaThread "C2 CompilerThread2"         daemon [_thread_in_native, id=26008, stack(0x0000007489800000,0x0000007489900000) (1024K)]
Total: 46

Other Threads:
  0x0000018162c80fd0 VMThread "VM Thread"                           [id=21464, stack(0x0000007486200000,0x0000007486300000) (1024K)]
  0x0000018162c4d0f0 WatcherThread "VM Periodic Task Thread"        [id=21644, stack(0x0000007486100000,0x0000007486200000) (1024K)]
  0x0000018162bfdc60 WorkerThread "GC Thread#0"                     [id=10384, stack(0x0000007486000000,0x0000007486100000) (1024K)]
  0x000001817f947cb0 WorkerThread "GC Thread#1"                     [id=12180, stack(0x0000007486e00000,0x0000007486f00000) (1024K)]
  0x0000018141103010 WorkerThread "GC Thread#2"                     [id=19280, stack(0x0000007486f00000,0x0000007487000000) (1024K)]
  0x00000181411033c0 WorkerThread "GC Thread#3"                     [id=6912, stack(0x0000007487000000,0x0000007487100000) (1024K)]
  0x0000018141103770 WorkerThread "GC Thread#4"                     [id=20564, stack(0x0000007487100000,0x0000007487200000) (1024K)]
  0x0000018141103b20 WorkerThread "GC Thread#5"                     [id=3528, stack(0x0000007487200000,0x0000007487300000) (1024K)]
  0x000001817fadffc0 WorkerThread "GC Thread#6"                     [id=13344, stack(0x0000007487300000,0x0000007487400000) (1024K)]
  0x000001814112f1b0 WorkerThread "GC Thread#7"                     [id=24368, stack(0x0000007487700000,0x0000007487800000) (1024K)]
Total: 10

Threads with active compile tasks:
C2 CompilerThread0  20090 8332       4       org.eclipse.jdt.internal.compiler.lookup.TypeSystem::getParameterizedType (258 bytes)
C1 CompilerThread0  20090 8459       3       org.eclipse.jdt.internal.compiler.SourceElementNotifier::notifySourceElementRequestor (601 bytes)
C2 CompilerThread1  20090 8458       4       org.eclipse.jdt.internal.core.util.WeakHashSet::rehash (90 bytes)
C2 CompilerThread2  20090 8091       4       org.eclipse.jdt.internal.compiler.lookup.LookupEnvironment::getTypeFromTypeSignature (770 bytes)
Total: 4

VM state: not at safepoint (normal execution)

VM Mutex/Monitor currently owned by a thread: None

Heap address: 0x0000000080000000, size: 2048 MB, Compressed Oops mode: 32-bit

CDS archive(s) mapped at: [0x0000018100000000-0x0000018100ba0000-0x0000018100ba0000), size 12189696, SharedBaseAddress: 0x0000018100000000, ArchiveRelocationMode: 1.
Compressed class space mapped at: 0x0000018101000000-0x0000018141000000, reserved size: 1073741824
Narrow klass base: 0x0000018100000000, Narrow klass shift: 0, Narrow klass range: 0x100000000

GC Precious Log:
 CardTable entry size: 512
 CPUs: 8 total, 8 available
 Memory: 16167M
 Large Page Support: Disabled
 NUMA Support: Disabled
 Compressed Oops: Enabled (32-bit)
 Alignments: Space 512K, Generation 512K, Heap 2M
 Heap Min Capacity: 100M
 Heap Initial Capacity: 100M
 Heap Max Capacity: 2G
 Pre-touch: Disabled
 Parallel Workers: 8

Heap:
 PSYoungGen      total 21504K, used 16339K [0x00000000d5580000, 0x00000000d6f00000, 0x0000000100000000)
  eden space 19968K, 74% used [0x00000000d5580000,0x00000000d63f6448,0x00000000d6900000)
  from space 1536K, 99% used [0x00000000d6900000,0x00000000d6a7e858,0x00000000d6a80000)
  to   space 3072K, 0% used [0x00000000d6c00000,0x00000000d6c00000,0x00000000d6f00000)
 ParOldGen       total 68608K, used 44320K [0x0000000080000000, 0x0000000084300000, 0x00000000d5580000)
  object space 68608K, 64% used [0x0000000080000000,0x0000000082b48310,0x0000000084300000)
 Metaspace       used 44776K, committed 45824K, reserved 1114112K
  class space    used 4388K, committed 4864K, reserved 1048576K

Card table byte_map: [0x00000181625a0000,0x00000181629b0000] _byte_map_base: 0x00000181621a0000

Marking Bits: (ParMarkBitMap*) 0x00007ffd09163450
 Begin Bits: [0x0000018175090000, 0x0000018177090000)
 End Bits:   [0x0000018177090000, 0x0000018179090000)

Polling page: 0x0000018160f70000

Metaspace:

Usage:
  Non-class:     39.44 MB used.
      Class:      4.29 MB used.
       Both:     43.73 MB used.

Virtual space:
  Non-class space:       64.00 MB reserved,      40.00 MB ( 62%) committed,  1 nodes.
      Class space:        1.00 GB reserved,       4.75 MB ( <1%) committed,  1 nodes.
             Both:        1.06 GB reserved,      44.75 MB (  4%) committed. 

Chunk freelists:
   Non-Class:  7.39 MB
       Class:  11.25 MB
        Both:  18.64 MB

MaxMetaspaceSize: unlimited
CompressedClassSpaceSize: 1.00 GB
Initial GC threshold: 21.00 MB
Current GC threshold: 58.38 MB
CDS: on
 - commit_granule_bytes: 65536.
 - commit_granule_words: 8192.
 - virtual_space_node_default_size: 8388608.
 - enlarge_chunks_in_place: 1.
 - use_allocation_guard: 0.


Internal statistics:

num_allocs_failed_limit: 6.
num_arena_births: 1022.
num_arena_deaths: 80.
num_vsnodes_births: 2.
num_vsnodes_deaths: 0.
num_space_committed: 716.
num_space_uncommitted: 0.
num_chunks_returned_to_freelist: 116.
num_chunks_taken_from_freelist: 3082.
num_chunk_merges: 31.
num_chunk_splits: 1879.
num_chunks_enlarged: 1078.
num_inconsistent_stats: 0.

CodeHeap 'non-profiled nmethods': size=120000Kb used=6826Kb max_used=6826Kb free=113173Kb
 bounds [0x000001816d8b0000, 0x000001816df60000, 0x0000018174de0000]
CodeHeap 'profiled nmethods': size=120000Kb used=19346Kb max_used=19346Kb free=100653Kb
 bounds [0x0000018165de0000, 0x00000181670d0000, 0x000001816d310000]
CodeHeap 'non-nmethods': size=5760Kb used=1414Kb max_used=1491Kb free=4345Kb
 bounds [0x000001816d310000, 0x000001816d580000, 0x000001816d8b0000]
CodeCache: size=245760Kb, used=27586Kb, max_used=27663Kb, free=218171Kb
 total_blobs=8748, nmethods=8039, adapters=614, full_count=0
Compilation: enabled, stopped_count=0, restarted_count=0

Compilation events (20 events):
Event: 19.054 Thread 0x000001817f008120 8431       3       org.eclipse.jdt.internal.compiler.ast.ThisReference::traverse (14 bytes)
Event: 19.054 Thread 0x000001817f008120 nmethod 8431 0x00000181670a2a10 code [0x00000181670a2bc0, 0x00000181670a2e90]
Event: 19.054 Thread 0x000001817f008120 8433       3       org.eclipse.jdt.internal.compiler.ASTVisitor::endVisit (1 bytes)
Event: 19.054 Thread 0x000001817f008120 nmethod 8433 0x00000181670a2f90 code [0x00000181670a3120, 0x00000181670a3228]
Event: 19.054 Thread 0x000001817f008120 8434       1       org.eclipse.jdt.internal.compiler.ASTVisitor::visit (2 bytes)
Event: 19.054 Thread 0x000001817f008120 nmethod 8434 0x000001816df55490 code [0x000001816df55620, 0x000001816df556e8]
Event: 19.055 Thread 0x000001817f008120 8435       3       java.lang.invoke.InvokerBytecodeGenerator::emitReturnInsn (122 bytes)
Event: 19.056 Thread 0x000001817f008120 nmethod 8435 0x00000181670a3290 code [0x00000181670a3500, 0x00000181670a3ec0]
Event: 19.058 Thread 0x000001817f008120 8436       1       lombok.eclipse.handlers.EclipseHandlerUtil$GetterMethod::access$1 (5 bytes)
Event: 19.058 Thread 0x000001817f008120 nmethod 8436 0x000001816df55790 code [0x000001816df55920, 0x000001816df559d0]
Event: 19.059 Thread 0x000001817f008120 8437       1       org.eclipse.jdt.internal.compiler.ASTVisitor::visit (2 bytes)
Event: 19.059 Thread 0x000001817f008120 nmethod 8437 0x000001816df55a90 code [0x000001816df55c20, 0x000001816df55ce8]
Event: 19.059 Thread 0x000001817f008120 8438       1       org.eclipse.jdt.internal.compiler.ASTVisitor::visit (2 bytes)
Event: 19.059 Thread 0x000001817f008120 nmethod 8438 0x000001816df55d90 code [0x000001816df55f20, 0x000001816df55fe8]
Event: 19.059 Thread 0x000001817f008120 8439       1       lombok.core.LombokNode::directUp (5 bytes)
Event: 19.059 Thread 0x000001817f008120 nmethod 8439 0x000001816df56090 code [0x000001816df56220, 0x000001816df562e8]
Event: 19.059 Thread 0x000001817f008120 8440       3       lombok.eclipse.EclipseNode::isEnumMember (30 bytes)
Event: 19.060 Thread 0x000001817f008120 nmethod 8440 0x00000181670a4210 code [0x00000181670a43e0, 0x00000181670a4878]
Event: 19.060 Thread 0x000001817f008120 8441       3       lombok.eclipse.handlers.EclipseHandlerUtil::findGetter (511 bytes)
Event: 19.063 Thread 0x000001817f96d960 nmethod 8415 0x000001816df56390 code [0x000001816df565c0, 0x000001816df57568]

GC Heap History (20 events):
Event: 7.340 GC heap before
{Heap before GC invocations=24 (full 2):
 PSYoungGen      total 23040K, used 23008K [0x00000000d5580000, 0x00000000d6f80000, 0x0000000100000000)
  eden space 21504K, 100% used [0x00000000d5580000,0x00000000d6a80000,0x00000000d6a80000)
  from space 1536K, 97% used [0x00000000d6a80000,0x00000000d6bf8308,0x00000000d6c00000)
  to   space 2560K, 0% used [0x00000000d6d00000,0x00000000d6d00000,0x00000000d6f80000)
 ParOldGen       total 68608K, used 36475K [0x0000000080000000, 0x0000000084300000, 0x00000000d5580000)
  object space 68608K, 53% used [0x0000000080000000,0x000000008239ec90,0x0000000084300000)
 Metaspace       used 35981K, committed 36992K, reserved 1114112K
  class space    used 3608K, committed 4032K, reserved 1048576K
}
Event: 7.342 GC heap after
{Heap after GC invocations=24 (full 2):
 PSYoungGen      total 23040K, used 1513K [0x00000000d5580000, 0x00000000d6e80000, 0x0000000100000000)
  eden space 21504K, 0% used [0x00000000d5580000,0x00000000d5580000,0x00000000d6a80000)
  from space 1536K, 98% used [0x00000000d6d00000,0x00000000d6e7a730,0x00000000d6e80000)
  to   space 2048K, 0% used [0x00000000d6a80000,0x00000000d6a80000,0x00000000d6c80000)
 ParOldGen       total 68608K, used 37393K [0x0000000080000000, 0x0000000084300000, 0x00000000d5580000)
  object space 68608K, 54% used [0x0000000080000000,0x00000000824847c8,0x0000000084300000)
 Metaspace       used 35981K, committed 36992K, reserved 1114112K
  class space    used 3608K, committed 4032K, reserved 1048576K
}
Event: 7.860 GC heap before
{Heap before GC invocations=25 (full 2):
 PSYoungGen      total 23040K, used 22968K [0x00000000d5580000, 0x00000000d6e80000, 0x0000000100000000)
  eden space 21504K, 99% used [0x00000000d5580000,0x00000000d6a73c30,0x00000000d6a80000)
  from space 1536K, 98% used [0x00000000d6d00000,0x00000000d6e7a730,0x00000000d6e80000)
  to   space 2048K, 0% used [0x00000000d6a80000,0x00000000d6a80000,0x00000000d6c80000)
 ParOldGen       total 68608K, used 37393K [0x0000000080000000, 0x0000000084300000, 0x00000000d5580000)
  object space 68608K, 54% used [0x0000000080000000,0x00000000824847c8,0x0000000084300000)
 Metaspace       used 37458K, committed 38400K, reserved 1114112K
  class space    used 3745K, committed 4160K, reserved 1048576K
}
Event: 7.861 GC heap after
{Heap after GC invocations=25 (full 2):
 PSYoungGen      total 23552K, used 640K [0x00000000d5580000, 0x00000000d6d80000, 0x0000000100000000)
  eden space 21504K, 0% used [0x00000000d5580000,0x00000000d5580000,0x00000000d6a80000)
  from space 2048K, 31% used [0x00000000d6a80000,0x00000000d6b20000,0x00000000d6c80000)
  to   space 1024K, 0% used [0x00000000d6c80000,0x00000000d6c80000,0x00000000d6d80000)
 ParOldGen       total 68608K, used 38073K [0x0000000080000000, 0x0000000084300000, 0x00000000d5580000)
  object space 68608K, 55% used [0x0000000080000000,0x000000008252e7d8,0x0000000084300000)
 Metaspace       used 37458K, committed 38400K, reserved 1114112K
  class space    used 3745K, committed 4160K, reserved 1048576K
}
Event: 8.559 GC heap before
{Heap before GC invocations=26 (full 2):
 PSYoungGen      total 23552K, used 22144K [0x00000000d5580000, 0x00000000d6d80000, 0x0000000100000000)
  eden space 21504K, 100% used [0x00000000d5580000,0x00000000d6a80000,0x00000000d6a80000)
  from space 2048K, 31% used [0x00000000d6a80000,0x00000000d6b20000,0x00000000d6c80000)
  to   space 1024K, 0% used [0x00000000d6c80000,0x00000000d6c80000,0x00000000d6d80000)
 ParOldGen       total 68608K, used 38073K [0x0000000080000000, 0x0000000084300000, 0x00000000d5580000)
  object space 68608K, 55% used [0x0000000080000000,0x000000008252e7d8,0x0000000084300000)
 Metaspace       used 38154K, committed 39104K, reserved 1114112K
  class space    used 3834K, committed 4224K, reserved 1048576K
}
Event: 8.561 GC heap after
{Heap after GC invocations=26 (full 2):
 PSYoungGen      total 22016K, used 992K [0x00000000d5580000, 0x00000000d6f80000, 0x0000000100000000)
  eden space 20992K, 0% used [0x00000000d5580000,0x00000000d5580000,0x00000000d6a00000)
  from space 1024K, 96% used [0x00000000d6c80000,0x00000000d6d78010,0x00000000d6d80000)
  to   space 2560K, 0% used [0x00000000d6a00000,0x00000000d6a00000,0x00000000d6c80000)
 ParOldGen       total 68608K, used 39308K [0x0000000080000000, 0x0000000084300000, 0x00000000d5580000)
  object space 68608K, 57% used [0x0000000080000000,0x0000000082663358,0x0000000084300000)
 Metaspace       used 38154K, committed 39104K, reserved 1114112K
  class space    used 3834K, committed 4224K, reserved 1048576K
}
Event: 9.125 GC heap before
{Heap before GC invocations=27 (full 2):
 PSYoungGen      total 22016K, used 21984K [0x00000000d5580000, 0x00000000d6f80000, 0x0000000100000000)
  eden space 20992K, 100% used [0x00000000d5580000,0x00000000d6a00000,0x00000000d6a00000)
  from space 1024K, 96% used [0x00000000d6c80000,0x00000000d6d78010,0x00000000d6d80000)
  to   space 2560K, 0% used [0x00000000d6a00000,0x00000000d6a00000,0x00000000d6c80000)
 ParOldGen       total 68608K, used 39308K [0x0000000080000000, 0x0000000084300000, 0x00000000d5580000)
  object space 68608K, 57% used [0x0000000080000000,0x0000000082663358,0x0000000084300000)
 Metaspace       used 39814K, committed 40768K, reserved 1114112K
  class space    used 4004K, committed 4416K, reserved 1048576K
}
Event: 9.126 GC heap after
{Heap after GC invocations=27 (full 2):
 PSYoungGen      total 22016K, used 640K [0x00000000d5580000, 0x00000000d6d00000, 0x0000000100000000)
  eden space 20992K, 0% used [0x00000000d5580000,0x00000000d5580000,0x00000000d6a00000)
  from space 1024K, 62% used [0x00000000d6a00000,0x00000000d6aa0000,0x00000000d6b00000)
  to   space 1536K, 0% used [0x00000000d6b80000,0x00000000d6b80000,0x00000000d6d00000)
 ParOldGen       total 68608K, used 39999K [0x0000000080000000, 0x0000000084300000, 0x00000000d5580000)
  object space 68608K, 58% used [0x0000000080000000,0x000000008270fec8,0x0000000084300000)
 Metaspace       used 39814K, committed 40768K, reserved 1114112K
  class space    used 4004K, committed 4416K, reserved 1048576K
}
Event: 10.506 GC heap before
{Heap before GC invocations=28 (full 2):
 PSYoungGen      total 22016K, used 21581K [0x00000000d5580000, 0x00000000d6d00000, 0x0000000100000000)
  eden space 20992K, 99% used [0x00000000d5580000,0x00000000d69f3450,0x00000000d6a00000)
  from space 1024K, 62% used [0x00000000d6a00000,0x00000000d6aa0000,0x00000000d6b00000)
  to   space 1536K, 0% used [0x00000000d6b80000,0x00000000d6b80000,0x00000000d6d00000)
 ParOldGen       total 68608K, used 39999K [0x0000000080000000, 0x0000000084300000, 0x00000000d5580000)
  object space 68608K, 58% used [0x0000000080000000,0x000000008270fec8,0x0000000084300000)
 Metaspace       used 40797K, committed 41856K, reserved 1114112K
  class space    used 4080K, committed 4544K, reserved 1048576K
}
Event: 10.508 GC heap after
{Heap after GC invocations=28 (full 2):
 PSYoungGen      total 22016K, used 928K [0x00000000d5580000, 0x00000000d6c80000, 0x0000000100000000)
  eden space 20992K, 0% used [0x00000000d5580000,0x00000000d5580000,0x00000000d6a00000)
  from space 1024K, 90% used [0x00000000d6b80000,0x00000000d6c68000,0x00000000d6c80000)
  to   space 1024K, 0% used [0x00000000d6a00000,0x00000000d6a00000,0x00000000d6b00000)
 ParOldGen       total 68608K, used 40451K [0x0000000080000000, 0x0000000084300000, 0x00000000d5580000)
  object space 68608K, 58% used [0x0000000080000000,0x0000000082780f18,0x0000000084300000)
 Metaspace       used 40797K, committed 41856K, reserved 1114112K
  class space    used 4080K, committed 4544K, reserved 1048576K
}
Event: 13.411 GC heap before
{Heap before GC invocations=29 (full 2):
 PSYoungGen      total 22016K, used 21897K [0x00000000d5580000, 0x00000000d6c80000, 0x0000000100000000)
  eden space 20992K, 99% used [0x00000000d5580000,0x00000000d69fa708,0x00000000d6a00000)
  from space 1024K, 90% used [0x00000000d6b80000,0x00000000d6c68000,0x00000000d6c80000)
  to   space 1024K, 0% used [0x00000000d6a00000,0x00000000d6a00000,0x00000000d6b00000)
 ParOldGen       total 68608K, used 40451K [0x0000000080000000, 0x0000000084300000, 0x00000000d5580000)
  object space 68608K, 58% used [0x0000000080000000,0x0000000082780f18,0x0000000084300000)
 Metaspace       used 41526K, committed 42560K, reserved 1114112K
  class space    used 4152K, committed 4608K, reserved 1048576K
}
Event: 13.414 GC heap after
{Heap after GC invocations=29 (full 2):
 PSYoungGen      total 22016K, used 757K [0x00000000d5580000, 0x00000000d6c00000, 0x0000000100000000)
  eden space 20992K, 0% used [0x00000000d5580000,0x00000000d5580000,0x00000000d6a00000)
  from space 1024K, 73% used [0x00000000d6a00000,0x00000000d6abd6a8,0x00000000d6b00000)
  to   space 1024K, 0% used [0x00000000d6b00000,0x00000000d6b00000,0x00000000d6c00000)
 ParOldGen       total 68608K, used 41133K [0x0000000080000000, 0x0000000084300000, 0x00000000d5580000)
  object space 68608K, 59% used [0x0000000080000000,0x000000008282b6c8,0x0000000084300000)
 Metaspace       used 41526K, committed 42560K, reserved 1114112K
  class space    used 4152K, committed 4608K, reserved 1048576K
}
Event: 15.216 GC heap before
{Heap before GC invocations=30 (full 2):
 PSYoungGen      total 22016K, used 21749K [0x00000000d5580000, 0x00000000d6c00000, 0x0000000100000000)
  eden space 20992K, 100% used [0x00000000d5580000,0x00000000d6a00000,0x00000000d6a00000)
  from space 1024K, 73% used [0x00000000d6a00000,0x00000000d6abd6a8,0x00000000d6b00000)
  to   space 1024K, 0% used [0x00000000d6b00000,0x00000000d6b00000,0x00000000d6c00000)
 ParOldGen       total 68608K, used 41133K [0x0000000080000000, 0x0000000084300000, 0x00000000d5580000)
  object space 68608K, 59% used [0x0000000080000000,0x000000008282b6c8,0x0000000084300000)
 Metaspace       used 43153K, committed 44096K, reserved 1114112K
  class space    used 4317K, committed 4736K, reserved 1048576K
}
Event: 15.218 GC heap after
{Heap after GC invocations=30 (full 2):
 PSYoungGen      total 20992K, used 1018K [0x00000000d5580000, 0x00000000d6e00000, 0x0000000100000000)
  eden space 19968K, 0% used [0x00000000d5580000,0x00000000d5580000,0x00000000d6900000)
  from space 1024K, 99% used [0x00000000d6b00000,0x00000000d6bfe820,0x00000000d6c00000)
  to   space 2048K, 0% used [0x00000000d6900000,0x00000000d6900000,0x00000000d6b00000)
 ParOldGen       total 68608K, used 41704K [0x0000000080000000, 0x0000000084300000, 0x00000000d5580000)
  object space 68608K, 60% used [0x0000000080000000,0x00000000828ba188,0x0000000084300000)
 Metaspace       used 43153K, committed 44096K, reserved 1114112K
  class space    used 4317K, committed 4736K, reserved 1048576K
}
Event: 16.050 GC heap before
{Heap before GC invocations=31 (full 2):
 PSYoungGen      total 20992K, used 20986K [0x00000000d5580000, 0x00000000d6e00000, 0x0000000100000000)
  eden space 19968K, 100% used [0x00000000d5580000,0x00000000d6900000,0x00000000d6900000)
  from space 1024K, 99% used [0x00000000d6b00000,0x00000000d6bfe820,0x00000000d6c00000)
  to   space 2048K, 0% used [0x00000000d6900000,0x00000000d6900000,0x00000000d6b00000)
 ParOldGen       total 68608K, used 41704K [0x0000000080000000, 0x0000000084300000, 0x00000000d5580000)
  object space 68608K, 60% used [0x0000000080000000,0x00000000828ba188,0x0000000084300000)
 Metaspace       used 43759K, committed 44864K, reserved 1114112K
  class space    used 4337K, committed 4864K, reserved 1048576K
}
Event: 16.052 GC heap after
{Heap after GC invocations=31 (full 2):
 PSYoungGen      total 21504K, used 1175K [0x00000000d5580000, 0x00000000d6c00000, 0x0000000100000000)
  eden space 19968K, 0% used [0x00000000d5580000,0x00000000d5580000,0x00000000d6900000)
  from space 1536K, 76% used [0x00000000d6900000,0x00000000d6a25ed8,0x00000000d6a80000)
  to   space 1536K, 0% used [0x00000000d6a80000,0x00000000d6a80000,0x00000000d6c00000)
 ParOldGen       total 68608K, used 42635K [0x0000000080000000, 0x0000000084300000, 0x00000000d5580000)
  object space 68608K, 62% used [0x0000000080000000,0x00000000829a2d98,0x0000000084300000)
 Metaspace       used 43759K, committed 44864K, reserved 1114112K
  class space    used 4337K, committed 4864K, reserved 1048576K
}
Event: 17.216 GC heap before
{Heap before GC invocations=32 (full 2):
 PSYoungGen      total 21504K, used 21143K [0x00000000d5580000, 0x00000000d6c00000, 0x0000000100000000)
  eden space 19968K, 100% used [0x00000000d5580000,0x00000000d6900000,0x00000000d6900000)
  from space 1536K, 76% used [0x00000000d6900000,0x00000000d6a25ed8,0x00000000d6a80000)
  to   space 1536K, 0% used [0x00000000d6a80000,0x00000000d6a80000,0x00000000d6c00000)
 ParOldGen       total 68608K, used 42635K [0x0000000080000000, 0x0000000084300000, 0x00000000d5580000)
  object space 68608K, 62% used [0x0000000080000000,0x00000000829a2d98,0x0000000084300000)
 Metaspace       used 44102K, committed 45184K, reserved 1114112K
  class space    used 4354K, committed 4864K, reserved 1048576K
}
Event: 17.225 GC heap after
{Heap after GC invocations=32 (full 2):
 PSYoungGen      total 21504K, used 1253K [0x00000000d5580000, 0x00000000d6c00000, 0x0000000100000000)
  eden space 19968K, 0% used [0x00000000d5580000,0x00000000d5580000,0x00000000d6900000)
  from space 1536K, 81% used [0x00000000d6a80000,0x00000000d6bb9438,0x00000000d6c00000)
  to   space 1536K, 0% used [0x00000000d6900000,0x00000000d6900000,0x00000000d6a80000)
 ParOldGen       total 68608K, used 43303K [0x0000000080000000, 0x0000000084300000, 0x00000000d5580000)
  object space 68608K, 63% used [0x0000000080000000,0x0000000082a49fd0,0x0000000084300000)
 Metaspace       used 44102K, committed 45184K, reserved 1114112K
  class space    used 4354K, committed 4864K, reserved 1048576K
}
Event: 18.881 GC heap before
{Heap before GC invocations=33 (full 2):
 PSYoungGen      total 21504K, used 21221K [0x00000000d5580000, 0x00000000d6c00000, 0x0000000100000000)
  eden space 19968K, 100% used [0x00000000d5580000,0x00000000d6900000,0x00000000d6900000)
  from space 1536K, 81% used [0x00000000d6a80000,0x00000000d6bb9438,0x00000000d6c00000)
  to   space 1536K, 0% used [0x00000000d6900000,0x00000000d6900000,0x00000000d6a80000)
 ParOldGen       total 68608K, used 43303K [0x0000000080000000, 0x0000000084300000, 0x00000000d5580000)
  object space 68608K, 63% used [0x0000000080000000,0x0000000082a49fd0,0x0000000084300000)
 Metaspace       used 44596K, committed 45696K, reserved 1114112K
  class space    used 4376K, committed 4864K, reserved 1048576K
}
Event: 18.884 GC heap after
{Heap after GC invocations=33 (full 2):
 PSYoungGen      total 21504K, used 1530K [0x00000000d5580000, 0x00000000d6f00000, 0x0000000100000000)
  eden space 19968K, 0% used [0x00000000d5580000,0x00000000d5580000,0x00000000d6900000)
  from space 1536K, 99% used [0x00000000d6900000,0x00000000d6a7e858,0x00000000d6a80000)
  to   space 3072K, 0% used [0x00000000d6c00000,0x00000000d6c00000,0x00000000d6f00000)
 ParOldGen       total 68608K, used 44320K [0x0000000080000000, 0x0000000084300000, 0x00000000d5580000)
  object space 68608K, 64% used [0x0000000080000000,0x0000000082b48310,0x0000000084300000)
 Metaspace       used 44596K, committed 45696K, reserved 1114112K
  class space    used 4376K, committed 4864K, reserved 1048576K
}

Dll operation events (10 events):
Event: 0.011 Loaded shared library c:\Users\LENOVO\.antigravity\extensions\redhat.java-1.54.0-win32-x64\jre\21.0.10-win32-x86_64\bin\java.dll
Event: 0.088 Loaded shared library c:\Users\LENOVO\.antigravity\extensions\redhat.java-1.54.0-win32-x64\jre\21.0.10-win32-x86_64\bin\zip.dll
Event: 0.157 Loaded shared library C:\Users\LENOVO\.antigravity\extensions\redhat.java-1.54.0-win32-x64\jre\21.0.10-win32-x86_64\bin\instrument.dll
Event: 0.182 Loaded shared library C:\Users\LENOVO\.antigravity\extensions\redhat.java-1.54.0-win32-x64\jre\21.0.10-win32-x86_64\bin\net.dll
Event: 0.203 Loaded shared library C:\Users\LENOVO\.antigravity\extensions\redhat.java-1.54.0-win32-x64\jre\21.0.10-win32-x86_64\bin\nio.dll
Event: 0.207 Loaded shared library C:\Users\LENOVO\.antigravity\extensions\redhat.java-1.54.0-win32-x64\jre\21.0.10-win32-x86_64\bin\zip.dll
Event: 0.228 Loaded shared library C:\Users\LENOVO\.antigravity\extensions\redhat.java-1.54.0-win32-x64\jre\21.0.10-win32-x86_64\bin\jimage.dll
Event: 0.457 Loaded shared library c:\Users\LENOVO\.antigravity\extensions\redhat.java-1.54.0-win32-x64\jre\21.0.10-win32-x86_64\bin\verify.dll
Event: 2.649 Loaded shared library C:\Users\LENOVO\AppData\Roaming\Antigravity\User\globalStorage\redhat.java\1.54.0\config_ss_win\org.eclipse.equinox.launcher\org.eclipse.equinox.launcher.win32.win32.x86_64_1.3.0.v20260203-2149\eclipse_11919.dll
Event: 4.236 Loaded shared library C:\Users\LENOVO\AppData\Local\Temp\jna--2053026509\jna18361985900876389516.dll

Deoptimization events (20 events):
Event: 18.973 Thread 0x0000018141979d80 Uncommon trap: reason=bimorphic_or_optimized_type_check action=maybe_recompile pc=0x000001816d9122ac method=java.util.regex.Pattern$Begin.match(Ljava/util/regex/Matcher;ILjava/lang/CharSequence;)Z @ 30 c2
Event: 18.973 Thread 0x0000018141979d80 DEOPT PACKING pc=0x000001816d9122ac sp=0x0000007488afca40
Event: 18.973 Thread 0x0000018141979d80 DEOPT UNPACKING pc=0x000001816d366da2 sp=0x0000007488afc998 mode 2
Event: 18.973 Thread 0x0000018141979d80 Uncommon trap: trap_request=0xffffffc6 fr.pc=0x000001816d9122ac relative=0x00000000000009ac
Event: 18.973 Thread 0x0000018141979d80 Uncommon trap: reason=bimorphic_or_optimized_type_check action=maybe_recompile pc=0x000001816d9122ac method=java.util.regex.Pattern$Begin.match(Ljava/util/regex/Matcher;ILjava/lang/CharSequence;)Z @ 30 c2
Event: 18.973 Thread 0x0000018141979d80 DEOPT PACKING pc=0x000001816d9122ac sp=0x0000007488afc9e0
Event: 18.973 Thread 0x0000018141979d80 DEOPT UNPACKING pc=0x000001816d366da2 sp=0x0000007488afc938 mode 2
Event: 18.973 Thread 0x0000018141979d80 Uncommon trap: trap_request=0xffffffc6 fr.pc=0x000001816d9122ac relative=0x00000000000009ac
Event: 18.973 Thread 0x0000018141979d80 Uncommon trap: reason=bimorphic_or_optimized_type_check action=maybe_recompile pc=0x000001816d9122ac method=java.util.regex.Pattern$Begin.match(Ljava/util/regex/Matcher;ILjava/lang/CharSequence;)Z @ 30 c2
Event: 18.973 Thread 0x0000018141979d80 DEOPT PACKING pc=0x000001816d9122ac sp=0x0000007488afca40
Event: 18.973 Thread 0x0000018141979d80 DEOPT UNPACKING pc=0x000001816d366da2 sp=0x0000007488afc998 mode 2
Event: 19.000 Thread 0x0000018141979d80 Uncommon trap: trap_request=0xffffffc6 fr.pc=0x000001816df35658 relative=0x00000000000004f8
Event: 19.000 Thread 0x0000018141979d80 Uncommon trap: reason=bimorphic_or_optimized_type_check action=maybe_recompile pc=0x000001816df35658 method=org.eclipse.jdt.internal.compiler.parser.Parser.consumeRule(I)V @ 4137 c2
Event: 19.000 Thread 0x0000018141979d80 DEOPT PACKING pc=0x000001816df35658 sp=0x0000007488afe180
Event: 19.000 Thread 0x0000018141979d80 DEOPT UNPACKING pc=0x000001816d366da2 sp=0x0000007488afe110 mode 2
Event: 19.000 Thread 0x0000018141979d80 Uncommon trap: trap_request=0xffffffc6 fr.pc=0x000001816df35658 relative=0x00000000000004f8
Event: 19.000 Thread 0x0000018141979d80 Uncommon trap: reason=bimorphic_or_optimized_type_check action=maybe_recompile pc=0x000001816df35658 method=org.eclipse.jdt.internal.compiler.parser.Parser.consumeRule(I)V @ 4137 c2
Event: 19.000 Thread 0x0000018141979d80 DEOPT PACKING pc=0x000001816df35658 sp=0x0000007488afe180
Event: 19.001 Thread 0x0000018141979d80 DEOPT UNPACKING pc=0x000001816d366da2 sp=0x0000007488afe110 mode 2
Event: 19.064 Thread 0x0000018141979d80 Uncommon trap: trap_request=0xffffff45 fr.pc=0x000001816de16150 relative=0x0000000000001eb0

Classes loaded (20 events):
Event: 12.525 Loading class sun/util/logging/resources/logging_fr_FR
Event: 12.525 Loading class sun/util/logging/resources/logging_fr_FR done
Event: 12.525 Loading class sun/util/logging/resources/logging_fr_FR
Event: 12.525 Loading class sun/util/logging/resources/logging_fr_FR done
Event: 12.525 Loading class java/util/Formatter$DateTime
Event: 12.525 Loading class java/util/Formatter$DateTime done
Event: 12.526 Loading class java/time/ZonedDateTime$1
Event: 12.526 Loading class java/time/ZonedDateTime$1 done
Event: 12.561 Loading class java/util/concurrent/CompletionException
Event: 12.561 Loading class java/util/concurrent/CompletionException done
Event: 13.728 Loading class java/util/stream/ReduceOps$4
Event: 13.728 Loading class java/util/stream/ReduceOps$4 done
Event: 13.728 Loading class java/util/stream/ReduceOps$4ReducingSink
Event: 13.749 Loading class java/util/stream/ReduceOps$4ReducingSink done
Event: 14.887 Loading class java/util/stream/DistinctOps
Event: 14.894 Loading class java/util/stream/DistinctOps done
Event: 14.894 Loading class java/util/stream/DistinctOps$1
Event: 14.896 Loading class java/util/stream/DistinctOps$1 done
Event: 14.900 Loading class java/util/stream/DistinctOps$1$2
Event: 14.901 Loading class java/util/stream/DistinctOps$1$2 done

Classes unloaded (20 events):
Event: 6.933 Thread 0x0000018162c80fd0 Unloading class 0x000001810138ac00 'java/lang/invoke/LambdaForm$DMH+0x000001810138ac00'
Event: 6.933 Thread 0x0000018162c80fd0 Unloading class 0x000001810138a400 'java/lang/invoke/LambdaForm$DMH+0x000001810138a400'
Event: 6.933 Thread 0x0000018162c80fd0 Unloading class 0x0000018101386400 'java/lang/invoke/LambdaForm$MH+0x0000018101386400'
Event: 6.933 Thread 0x0000018162c80fd0 Unloading class 0x0000018101386000 'java/lang/invoke/LambdaForm$MH+0x0000018101386000'
Event: 6.933 Thread 0x0000018162c80fd0 Unloading class 0x0000018101385800 'java/lang/invoke/LambdaForm$MH+0x0000018101385800'
Event: 6.933 Thread 0x0000018162c80fd0 Unloading class 0x0000018101385c00 'java/lang/invoke/LambdaForm$MH+0x0000018101385c00'
Event: 6.933 Thread 0x0000018162c80fd0 Unloading class 0x0000018101384c00 'java/lang/invoke/LambdaForm$MH+0x0000018101384c00'
Event: 6.933 Thread 0x0000018162c80fd0 Unloading class 0x0000018101384800 'java/lang/invoke/LambdaForm$MH+0x0000018101384800'
Event: 6.933 Thread 0x0000018162c80fd0 Unloading class 0x0000018101384400 'java/lang/invoke/LambdaForm$MH+0x0000018101384400'
Event: 6.933 Thread 0x0000018162c80fd0 Unloading class 0x0000018101383c00 'java/lang/invoke/LambdaForm$MH+0x0000018101383c00'
Event: 6.933 Thread 0x0000018162c80fd0 Unloading class 0x0000018101383000 'java/lang/invoke/LambdaForm$MH+0x0000018101383000'
Event: 6.933 Thread 0x0000018162c80fd0 Unloading class 0x0000018101383400 'java/lang/invoke/LambdaForm$MH+0x0000018101383400'
Event: 6.933 Thread 0x0000018162c80fd0 Unloading class 0x0000018101382800 'java/lang/invoke/LambdaForm$MH+0x0000018101382800'
Event: 6.933 Thread 0x0000018162c80fd0 Unloading class 0x0000018101382400 'java/lang/invoke/LambdaForm$MH+0x0000018101382400'
Event: 6.933 Thread 0x0000018162c80fd0 Unloading class 0x0000018101381c00 'java/lang/invoke/LambdaForm$MH+0x0000018101381c00'
Event: 6.933 Thread 0x0000018162c80fd0 Unloading class 0x0000018101381800 'java/lang/invoke/LambdaForm$MH+0x0000018101381800'
Event: 6.933 Thread 0x0000018162c80fd0 Unloading class 0x0000018101381400 'java/lang/invoke/LambdaForm$MH+0x0000018101381400'
Event: 6.933 Thread 0x0000018162c80fd0 Unloading class 0x0000018101381000 'java/lang/invoke/LambdaForm$MH+0x0000018101381000'
Event: 6.933 Thread 0x0000018162c80fd0 Unloading class 0x0000018101380800 'java/lang/invoke/LambdaForm$DMH+0x0000018101380800'
Event: 6.933 Thread 0x0000018162c80fd0 Unloading class 0x0000018101380000 'java/lang/invoke/LambdaForm$DMH+0x0000018101380000'

Classes redefined (0 events):
No events

Internal exceptions (20 events):
Event: 17.619 Thread 0x0000018141335480 Exception <a 'sun/nio/fs/WindowsException'{0x00000000d5b10448}> (0x00000000d5b10448) 
thrown [s\src\hotspot\share\prims\jni.cpp, line 520]
Event: 18.636 Thread 0x0000018141335480 Exception <a 'sun/nio/fs/WindowsException'{0x00000000d5c4c5e0}> (0x00000000d5c4c5e0) 
thrown [s\src\hotspot\share\prims\jni.cpp, line 520]
Event: 18.660 Thread 0x0000018141335480 Exception <a 'sun/nio/fs/WindowsException'{0x00000000d5e762a0}> (0x00000000d5e762a0) 
thrown [s\src\hotspot\share\prims\jni.cpp, line 520]
Event: 18.694 Thread 0x0000018141335480 Exception <a 'sun/nio/fs/WindowsException'{0x00000000d6019b68}> (0x00000000d6019b68) 
thrown [s\src\hotspot\share\prims\jni.cpp, line 520]
Event: 18.733 Thread 0x0000018141335480 Exception <a 'sun/nio/fs/WindowsException'{0x00000000d61388b0}> (0x00000000d61388b0) 
thrown [s\src\hotspot\share\prims\jni.cpp, line 520]
Event: 18.759 Thread 0x0000018141335480 Exception <a 'sun/nio/fs/WindowsException'{0x00000000d636ad58}> (0x00000000d636ad58) 
thrown [s\src\hotspot\share\prims\jni.cpp, line 520]
Event: 18.783 Thread 0x0000018141335480 Exception <a 'sun/nio/fs/WindowsException'{0x00000000d6488720}> (0x00000000d6488720) 
thrown [s\src\hotspot\share\prims\jni.cpp, line 520]
Event: 18.814 Thread 0x0000018141335480 Exception <a 'sun/nio/fs/WindowsException'{0x00000000d6521fe0}> (0x00000000d6521fe0) 
thrown [s\src\hotspot\share\prims\jni.cpp, line 520]
Event: 18.841 Thread 0x0000018141335480 Exception <a 'sun/nio/fs/WindowsException'{0x00000000d6682fd0}> (0x00000000d6682fd0) 
thrown [s\src\hotspot\share\prims\jni.cpp, line 520]
Event: 18.866 Thread 0x0000018141335480 Exception <a 'sun/nio/fs/WindowsException'{0x00000000d6827320}> (0x00000000d6827320) 
thrown [s\src\hotspot\share\prims\jni.cpp, line 520]
Event: 18.901 Thread 0x0000018141335480 Exception <a 'sun/nio/fs/WindowsException'{0x00000000d562bab0}> (0x00000000d562bab0) 
thrown [s\src\hotspot\share\prims\jni.cpp, line 520]
Event: 18.927 Thread 0x0000018141335480 Exception <a 'sun/nio/fs/WindowsException'{0x00000000d56d9fe0}> (0x00000000d56d9fe0) 
thrown [s\src\hotspot\share\prims\jni.cpp, line 520]
Event: 18.957 Thread 0x0000018141335480 Exception <a 'sun/nio/fs/WindowsException'{0x00000000d59a5680}> (0x00000000d59a5680) 
thrown [s\src\hotspot\share\prims\jni.cpp, line 520]
Event: 18.983 Thread 0x0000018141335480 Exception <a 'sun/nio/fs/WindowsException'{0x00000000d5acde28}> (0x00000000d5acde28) 
thrown [s\src\hotspot\share\prims\jni.cpp, line 520]
Event: 18.985 Thread 0x0000018141979d80 Exception <a 'java/lang/NoSuchMethodError'{0x00000000d5b461b8}: 'java.lang.Object java.lang.invoke.DirectMethodHandle$Holder.invokeStatic(java.lang.Object, java.lang.Object, int, int)'> (0x00000000d5b461b8) 
thrown [s\src\hotspot\share\interpreter\linkResolver.cpp, line 773]
Event: 18.986 Thread 0x0000018141979d80 Exception <a 'java/lang/NoSuchMethodError'{0x00000000d5b4a4c8}: 'java.lang.Object java.lang.invoke.DirectMethodHandle$Holder.invokeSpecial(java.lang.Object, java.lang.Object, java.lang.Object, int, int)'> (0x00000000d5b4a4c8) 
thrown [s\src\hotspot\share\interpreter\linkResolver.cpp, line 773]
Event: 19.004 Thread 0x0000018141335480 Exception <a 'sun/nio/fs/WindowsException'{0x00000000d5c7e908}> (0x00000000d5c7e908) 
thrown [s\src\hotspot\share\prims\jni.cpp, line 520]
Event: 19.030 Thread 0x0000018141335480 Exception <a 'sun/nio/fs/WindowsException'{0x00000000d5ea98e8}> (0x00000000d5ea98e8) 
thrown [s\src\hotspot\share\prims\jni.cpp, line 520]
Event: 19.058 Thread 0x0000018141335480 Exception <a 'sun/nio/fs/WindowsException'{0x00000000d6205858}> (0x00000000d6205858) 
thrown [s\src\hotspot\share\prims\jni.cpp, line 520]
Event: 19.086 Thread 0x0000018141335480 Exception <a 'sun/nio/fs/WindowsException'{0x00000000d62fe668}> (0x00000000d62fe668) 
thrown [s\src\hotspot\share\prims\jni.cpp, line 520]

ZGC Phase Switch (0 events):
No events

VM Operations (20 events):
Event: 15.193 Executing safepoint VM operation: ICBufferFull done
Event: 15.216 Executing safepoint VM operation: ParallelGCFailedAllocation (Allocation Failure)
Event: 15.218 Executing safepoint VM operation: ParallelGCFailedAllocation (Allocation Failure) done
Event: 15.769 Executing safepoint VM operation: ICBufferFull
Event: 15.769 Executing safepoint VM operation: ICBufferFull done
Event: 16.010 Executing non-safepoint VM operation: HandshakeAllThreads (Deoptimize)
Event: 16.011 Executing non-safepoint VM operation: HandshakeAllThreads (Deoptimize) done
Event: 16.050 Executing safepoint VM operation: ParallelGCFailedAllocation (Allocation Failure)
Event: 16.052 Executing safepoint VM operation: ParallelGCFailedAllocation (Allocation Failure) done
Event: 16.460 Executing non-safepoint VM operation: HandshakeAllThreads (Deoptimize)
Event: 16.461 Executing non-safepoint VM operation: HandshakeAllThreads (Deoptimize) done
Event: 16.693 Executing safepoint VM operation: ICBufferFull
Event: 16.693 Executing safepoint VM operation: ICBufferFull done
Event: 17.216 Executing safepoint VM operation: ParallelGCFailedAllocation (Allocation Failure)
Event: 17.225 Executing safepoint VM operation: ParallelGCFailedAllocation (Allocation Failure) done
Event: 18.674 Executing safepoint VM operation: ICBufferFull
Event: 18.674 Executing safepoint VM operation: ICBufferFull done
Event: 18.881 Executing safepoint VM operation: ParallelGCFailedAllocation (Allocation Failure)
Event: 18.884 Executing safepoint VM operation: ParallelGCFailedAllocation (Allocation Failure) done
Event: 19.884 Executing safepoint VM operation: Cleanup

Memory protections (0 events):
No events

Nmethod flushes (20 events):
Event: 6.943 Thread 0x0000018162c80fd0 flushing  nmethod 0x0000018166268a10
Event: 6.943 Thread 0x0000018162c80fd0 flushing  nmethod 0x0000018166269d10
Event: 6.943 Thread 0x0000018162c80fd0 flushing  nmethod 0x000001816626d090
Event: 6.943 Thread 0x0000018162c80fd0 flushing  nmethod 0x000001816626d410
Event: 6.943 Thread 0x0000018162c80fd0 flushing  nmethod 0x000001816626ea10
Event: 6.943 Thread 0x0000018162c80fd0 flushing  nmethod 0x000001816626f390
Event: 6.943 Thread 0x0000018162c80fd0 flushing  nmethod 0x000001816626f710
Event: 6.943 Thread 0x0000018162c80fd0 flushing  nmethod 0x0000018166270910
Event: 6.943 Thread 0x0000018162c80fd0 flushing  nmethod 0x0000018166270e10
Event: 6.943 Thread 0x0000018162c80fd0 flushing  nmethod 0x0000018166272190
Event: 6.943 Thread 0x0000018162c80fd0 flushing  nmethod 0x0000018166288310
Event: 6.943 Thread 0x0000018162c80fd0 flushing  nmethod 0x000001816628ba10
Event: 6.943 Thread 0x0000018162c80fd0 flushing  nmethod 0x000001816628c710
Event: 6.943 Thread 0x0000018162c80fd0 flushing  nmethod 0x00000181662bd290
Event: 6.943 Thread 0x0000018162c80fd0 flushing  nmethod 0x00000181662bd690
Event: 6.943 Thread 0x0000018162c80fd0 flushing  nmethod 0x00000181662be010
Event: 6.943 Thread 0x0000018162c80fd0 flushing  nmethod 0x00000181662c6590
Event: 6.943 Thread 0x0000018162c80fd0 flushing  nmethod 0x00000181662cdd90
Event: 6.943 Thread 0x0000018162c80fd0 flushing  nmethod 0x00000181662d0790
Event: 6.943 Thread 0x0000018162c80fd0 flushing  nmethod 0x00000181662d7810

Events (20 events):
Event: 9.432 Thread 0x000001817965b150 Thread added: 0x0000018141c664e0
Event: 9.448 Thread 0x000001817f008120 Thread added: 0x00000181428fed80
Event: 10.141 Thread 0x00000181428fed80 Thread exited: 0x00000181428fed80
Event: 10.142 Thread 0x0000018141c664e0 Thread exited: 0x0000018141c664e0
Event: 10.654 Thread 0x000001817965b150 Thread added: 0x0000018141c664e0
Event: 10.844 Thread 0x0000018141c664e0 Thread exited: 0x0000018141c664e0
Event: 10.892 Thread 0x000001817f008120 Thread added: 0x0000018141c664e0
Event: 11.370 Thread 0x0000018141c664e0 Thread exited: 0x0000018141c664e0
Event: 11.391 Thread 0x000001817f008120 Thread added: 0x0000018141c664e0
Event: 11.862 Thread 0x0000018141c664e0 Thread exited: 0x0000018141c664e0
Event: 11.882 Thread 0x000001817f008120 Thread added: 0x0000018141c664e0
Event: 12.254 Thread 0x0000018141c664e0 Thread exited: 0x0000018141c664e0
Event: 12.714 Thread 0x0000018141976f90 Thread added: 0x00000181433ff6b0
Event: 13.578 Thread 0x000001817f008120 Thread added: 0x00000181419e0a30
Event: 13.720 Thread 0x00000181419e0a30 Thread exited: 0x00000181419e0a30
Event: 14.469 Thread 0x000001817f008120 Thread added: 0x000001817f96d960
Event: 14.686 Thread 0x0000018141449260 Thread added: 0x00000181433ffd40
Event: 14.793 Thread 0x000001817f008120 Thread added: 0x0000018143456500
Event: 15.332 Thread 0x0000018143456500 Thread exited: 0x0000018143456500
Event: 15.396 Thread 0x000001817f008120 Thread added: 0x00000181430ce830


Dynamic libraries:
0x00007ff759840000 - 0x00007ff75984e000 	c:\Users\LENOVO\.antigravity\extensions\redhat.java-1.54.0-win32-x64\jre\21.0.10-win32-x86_64\bin\java.exe
0x00007ffd98dc0000 - 0x00007ffd99027000 	C:\WINDOWS\SYSTEM32\ntdll.dll
0x00007ffd97a40000 - 0x00007ffd97b09000 	C:\WINDOWS\System32\KERNEL32.DLL
0x00007ffd96240000 - 0x00007ffd96634000 	C:\WINDOWS\System32\KERNELBASE.dll
0x00007ffd96060000 - 0x00007ffd961ab000 	C:\WINDOWS\System32\ucrtbase.dll
0x00007ffd47e50000 - 0x00007ffd47e6e000 	c:\Users\LENOVO\.antigravity\extensions\redhat.java-1.54.0-win32-x64\jre\21.0.10-win32-x86_64\bin\VCRUNTIME140.dll
0x00007ffd4f900000 - 0x00007ffd4f918000 	c:\Users\LENOVO\.antigravity\extensions\redhat.java-1.54.0-win32-x64\jre\21.0.10-win32-x86_64\bin\jli.dll
0x00007ffd96f30000 - 0x00007ffd970f5000 	C:\WINDOWS\System32\USER32.dll
0x00007ffd79530000 - 0x00007ffd797c3000 	C:\WINDOWS\WinSxS\amd64_microsoft.windows.common-controls_6595b64144ccf1df_6.0.26100.8115_none_3e075c82e3354f9c\COMCTL32.dll
0x00007ffd96b20000 - 0x00007ffd96b47000 	C:\WINDOWS\System32\win32u.dll
0x00007ffd98a50000 - 0x00007ffd98af9000 	C:\WINDOWS\System32\msvcrt.dll
0x00007ffd98430000 - 0x00007ffd9845b000 	C:\WINDOWS\System32\GDI32.dll
0x00007ffd96640000 - 0x00007ffd9676b000 	C:\WINDOWS\System32\gdi32full.dll
0x00007ffd95fb0000 - 0x00007ffd96053000 	C:\WINDOWS\System32\msvcp_win.dll
0x00007ffd98b60000 - 0x00007ffd98b92000 	C:\WINDOWS\System32\IMM32.DLL
0x00007ffd90960000 - 0x00007ffd9096c000 	c:\Users\LENOVO\.antigravity\extensions\redhat.java-1.54.0-win32-x64\jre\21.0.10-win32-x86_64\bin\vcruntime140_1.dll
0x00007ffd226c0000 - 0x00007ffd2274d000 	c:\Users\LENOVO\.antigravity\extensions\redhat.java-1.54.0-win32-x64\jre\21.0.10-win32-x86_64\bin\msvcp140.dll
0x00007ffd084a0000 - 0x00007ffd09241000 	c:\Users\LENOVO\.antigravity\extensions\redhat.java-1.54.0-win32-x64\jre\21.0.10-win32-x86_64\bin\server\jvm.dll
0x00007ffd98460000 - 0x00007ffd98516000 	C:\WINDOWS\System32\ADVAPI32.dll
0x00007ffd96c00000 - 0x00007ffd96ca7000 	C:\WINDOWS\System32\sechost.dll
0x00007ffd97b10000 - 0x00007ffd97c28000 	C:\WINDOWS\System32\RPCRT4.dll
0x00007ffd97100000 - 0x00007ffd97180000 	C:\WINDOWS\System32\WS2_32.dll
0x00007ffd954f0000 - 0x00007ffd9554e000 	C:\WINDOWS\SYSTEM32\POWRPROF.dll
0x00007ffd86690000 - 0x00007ffd8669b000 	C:\WINDOWS\SYSTEM32\VERSION.dll
0x00007ffd8cde0000 - 0x00007ffd8ce16000 	C:\WINDOWS\SYSTEM32\WINMM.dll
0x00007ffd954d0000 - 0x00007ffd954e4000 	C:\WINDOWS\SYSTEM32\UMPDC.dll
0x00007ffd94420000 - 0x00007ffd9443b000 	C:\WINDOWS\SYSTEM32\kernel.appcore.dll
0x00007ffd8f6f0000 - 0x00007ffd8f6fa000 	c:\Users\LENOVO\.antigravity\extensions\redhat.java-1.54.0-win32-x64\jre\21.0.10-win32-x86_64\bin\jimage.dll
0x00007ffd90ae0000 - 0x00007ffd90d22000 	C:\WINDOWS\SYSTEM32\DBGHELP.DLL
0x00007ffd976b0000 - 0x00007ffd97a32000 	C:\WINDOWS\System32\combase.dll
0x00007ffd96e50000 - 0x00007ffd96f28000 	C:\WINDOWS\System32\OLEAUT32.dll
0x00007ffd74350000 - 0x00007ffd7438b000 	C:\WINDOWS\SYSTEM32\dbgcore.DLL
0x00007ffd95f00000 - 0x00007ffd95fa5000 	C:\WINDOWS\System32\bcryptPrimitives.dll
0x00007ffd83c90000 - 0x00007ffd83c9f000 	c:\Users\LENOVO\.antigravity\extensions\redhat.java-1.54.0-win32-x64\jre\21.0.10-win32-x86_64\bin\instrument.dll
0x00007ffd47e30000 - 0x00007ffd47e50000 	c:\Users\LENOVO\.antigravity\extensions\redhat.java-1.54.0-win32-x64\jre\21.0.10-win32-x86_64\bin\java.dll
0x00007ffd97cc0000 - 0x00007ffd98427000 	C:\WINDOWS\System32\SHELL32.dll
0x00007ffd96770000 - 0x00007ffd968da000 	C:\WINDOWS\System32\wintypes.dll
0x00007ffd95690000 - 0x00007ffd95ef8000 	C:\WINDOWS\System32\windows.storage.dll
0x00007ffd975b0000 - 0x00007ffd976a8000 	C:\WINDOWS\System32\SHCORE.dll
0x00007ffd97360000 - 0x00007ffd973c6000 	C:\WINDOWS\System32\shlwapi.dll
0x00007ffd955b0000 - 0x00007ffd955d9000 	C:\WINDOWS\SYSTEM32\profapi.dll
0x00007ffd45930000 - 0x00007ffd45948000 	c:\Users\LENOVO\.antigravity\extensions\redhat.java-1.54.0-win32-x64\jre\21.0.10-win32-x86_64\bin\zip.dll
0x00007ffd81140000 - 0x00007ffd81150000 	C:\Users\LENOVO\.antigravity\extensions\redhat.java-1.54.0-win32-x64\jre\21.0.10-win32-x86_64\bin\net.dll
0x00007ffd8c4a0000 - 0x00007ffd8c5cd000 	C:\WINDOWS\SYSTEM32\WINHTTP.dll
0x00007ffd94990000 - 0x00007ffd949fc000 	C:\WINDOWS\system32\mswsock.dll
0x00007ffd45910000 - 0x00007ffd45926000 	C:\Users\LENOVO\.antigravity\extensions\redhat.java-1.54.0-win32-x64\jre\21.0.10-win32-x86_64\bin\nio.dll
0x00007ffd80560000 - 0x00007ffd80570000 	c:\Users\LENOVO\.antigravity\extensions\redhat.java-1.54.0-win32-x64\jre\21.0.10-win32-x86_64\bin\verify.dll
0x00007ffd2d440000 - 0x00007ffd2d485000 	C:\Users\LENOVO\AppData\Roaming\Antigravity\User\globalStorage\redhat.java\1.54.0\config_ss_win\org.eclipse.equinox.launcher\org.eclipse.equinox.launcher.win32.win32.x86_64_1.3.0.v20260203-2149\eclipse_11919.dll
0x00007ffd96cb0000 - 0x00007ffd96e47000 	C:\WINDOWS\System32\ole32.dll
0x00007ffd94c70000 - 0x00007ffd94c8b000 	C:\WINDOWS\SYSTEM32\CRYPTSP.dll
0x00007ffd94380000 - 0x00007ffd943b9000 	C:\WINDOWS\system32\rsaenh.dll
0x00007ffd94a40000 - 0x00007ffd94a73000 	C:\WINDOWS\SYSTEM32\USERENV.dll
0x00007ffd95580000 - 0x00007ffd955aa000 	C:\WINDOWS\SYSTEM32\bcrypt.dll
0x00007ffd94c90000 - 0x00007ffd94c9c000 	C:\WINDOWS\SYSTEM32\CRYPTBASE.dll
0x00007ffd93e90000 - 0x00007ffd93ec2000 	C:\WINDOWS\SYSTEM32\IPHLPAPI.DLL
0x00007ffd97290000 - 0x00007ffd9729a000 	C:\WINDOWS\System32\NSI.dll
0x00007ffd20d20000 - 0x00007ffd20d69000 	C:\Users\LENOVO\AppData\Local\Temp\jna--2053026509\jna18361985900876389516.dll
0x00007ffd96bf0000 - 0x00007ffd96bf8000 	C:\WINDOWS\System32\PSAPI.DLL
0x00007ffd8cc90000 - 0x00007ffd8ccad000 	C:\WINDOWS\SYSTEM32\dhcpcsvc6.DLL
0x00007ffd8cbc0000 - 0x00007ffd8cbe5000 	C:\WINDOWS\SYSTEM32\dhcpcsvc.DLL
0x00007ffd94540000 - 0x00007ffd94576000 	C:\WINDOWS\SYSTEM32\ntmarta.dll

JVMTI agents:
c:\Users\LENOVO\.antigravity\extensions\redhat.java-1.54.0-win32-x64\lombok\lombok-1.18.39-4050.jar path:c:\Users\LENOVO\.antigravity\extensions\redhat.java-1.54.0-win32-x64\jre\21.0.10-win32-x86_64\bin\instrument.dll, loaded, initialized, instrumentlib options:none

dbghelp: loaded successfully - version: 4.0.5 - missing functions: none
symbol engine: initialized successfully - sym options: 0x614 - pdb path: .;c:\Users\LENOVO\.antigravity\extensions\redhat.java-1.54.0-win32-x64\jre\21.0.10-win32-x86_64\bin;C:\WINDOWS\SYSTEM32;C:\WINDOWS\WinSxS\amd64_microsoft.windows.common-controls_6595b64144ccf1df_6.0.26100.8115_none_3e075c82e3354f9c;c:\Users\LENOVO\.antigravity\extensions\redhat.java-1.54.0-win32-x64\jre\21.0.10-win32-x86_64\bin\server;C:\Users\LENOVO\AppData\Roaming\Antigravity\User\globalStorage\redhat.java\1.54.0\config_ss_win\org.eclipse.equinox.launcher\org.eclipse.equinox.launcher.win32.win32.x86_64_1.3.0.v20260203-2149;C:\Users\LENOVO\AppData\Local\Temp\jna--2053026509

VM Arguments:
jvm_args: --add-modules=ALL-SYSTEM --add-opens=java.base/java.util=ALL-UNNAMED --add-opens=java.base/java.lang=ALL-UNNAMED --add-opens=java.base/sun.nio.fs=ALL-UNNAMED -Declipse.application=org.eclipse.jdt.ls.core.id1 -Dosgi.bundles.defaultStartLevel=4 -Declipse.product=org.eclipse.jdt.ls.core.product -Djava.import.generatesMetadataFilesAtProjectRoot=false -DDetectVMInstallationsJob.disabled=true -Dfile.encoding=utf8 -XX:+UseParallelGC -XX:GCTimeRatio=4 -XX:AdaptiveSizePolicyWeight=90 -Dsun.zip.disableMemoryMapping=true -Xmx2G -Xms100m -Xlog:disable -javaagent:c:\Users\LENOVO\.antigravity\extensions\redhat.java-1.54.0-win32-x64\lombok\lombok-1.18.39-4050.jar 
java_command: c:\Users\LENOVO\.antigravity\extensions\redhat.java-1.54.0-win32-x64\server\plugins\org.eclipse.equinox.launcher_1.7.100.v20251111-0406.jar -configuration c:\Users\LENOVO\AppData\Roaming\Antigravity\User\globalStorage\redhat.java\1.54.0\config_ss_win -data c:\Users\LENOVO\AppData\Roaming\Antigravity\User\workspaceStorage\c32ad2883d698218fc90bdae50dd7373\redhat.java\ss_ws --pipe=\\.\pipe\lsp-38133fe68f8bd5d5316919e79ca45475-sock
java_class_path (initial): c:\Users\LENOVO\.antigravity\extensions\redhat.java-1.54.0-win32-x64\server\plugins\org.eclipse.equinox.launcher_1.7.100.v20251111-0406.jar
Launcher Type: SUN_STANDARD

[Global flags]
    uintx AdaptiveSizePolicyWeight                 = 90                                        {product} {command line}
     intx CICompilerCount                          = 4                                         {product} {ergonomic}
    uintx GCTimeRatio                              = 4                                         {product} {command line}
   size_t InitialHeapSize                          = 104857600                                 {product} {command line}
   size_t MaxHeapSize                              = 2147483648                                {product} {command line}
   size_t MaxNewSize                               = 715653120                                 {product} {ergonomic}
   size_t MinHeapDeltaBytes                        = 524288                                    {product} {ergonomic}
   size_t MinHeapSize                              = 104857600                                 {product} {command line}
   size_t NewSize                                  = 34603008                                  {product} {ergonomic}
    uintx NonNMethodCodeHeapSize                   = 5839372                                {pd product} {ergonomic}
    uintx NonProfiledCodeHeapSize                  = 122909434                              {pd product} {ergonomic}
   size_t OldSize                                  = 70254592                                  {product} {ergonomic}
    uintx ProfiledCodeHeapSize                     = 122909434                              {pd product} {ergonomic}
    uintx ReservedCodeCacheSize                    = 251658240                              {pd product} {ergonomic}
     bool SegmentedCodeCache                       = true                                      {product} {ergonomic}
   size_t SoftMaxHeapSize                          = 2147483648                             {manageable} {ergonomic}
     bool UseCompressedOops                        = true                           {product lp64_product} {ergonomic}
     bool UseLargePagesIndividualAllocation        = false                                  {pd product} {ergonomic}
     bool UseParallelGC                            = true                                      {product} {command line}

Logging:
Log output configuration:
 #0: stdout all=off uptime,level,tags foldmultilines=false
 #1: stderr all=off uptime,level,tags foldmultilines=false

Release file:
JAVA_VERSION="21.0.10" 
MODULES="java.base java.compiler java.datatransfer java.xml java.prefs java.desktop java.instrument java.logging java.management java.security.sasl java.naming java.rmi java.management.rmi java.net.http java.scripting java.security.jgss java.transaction.xa java.sql java.sql.rowset java.xml.crypto java.se java.smartcardio jdk.accessibility jdk.internal.jvmstat jdk.attach jdk.charsets jdk.internal.opt jdk.zipfs jdk.compiler jdk.crypto.ec jdk.crypto.cryptoki jdk.crypto.mscapi jdk.dynalink jdk.internal.ed jdk.editpad jdk.hotspot.agent jdk.httpserver jdk.internal.le jdk.internal.vm.ci jdk.internal.vm.compiler jdk.internal.vm.compiler.management jdk.jartool jdk.javadoc jdk.jcmd jdk.management jdk.management.agent jdk.jconsole jdk.jdeps jdk.jdwp.agent jdk.jdi jdk.jfr jdk.jshell jdk.jsobject jdk.jstatd jdk.localedata jdk.management.jfr jdk.naming.dns jdk.naming.rmi jdk.net jdk.nio.mapmode jdk.random jdk.sctp jdk.security.auth jdk.security.jgss jdk.unsupported jdk.unsupported.desktop jdk.xml.dom" 

Environment Variables:
JAVA_HOME=C:\Program Files\Java\jdk-20
PATH=C:\Users\LENOVO\Downloads\apache-maven-3.9.14-bin\apache-maven-3.9.14\bin;C:\Program Files\MongoDB\Server\8.2\bin;C:\Program Files\Eclipse Adoptium\jdk-17.0.17.10-hotspot\bin;C:\oraclexe\app\oracle\product\11.2.0\server\bin;C:\xampp\php;C:\Program Files\MySQL\MySQL Server 8.0\bin;C:\Python 3.12\Python 3.12.exe;C:\Users\LENOVO\AppData\Local\Programs\Python\Python312\python.exe;C:\Users\LENOVO\Downloads\flutter_windows_3.16.0-stable\flutter\bin;C:\ProgramData\Oracle\Java\javapath;C:\Program Files\Java\jdk-21.0.1\bin;C:\Program Files\Common Files\Oracle\Java\javapath;C:\Program Files\Java\jdk-20\bin;C:\Users\LENOVO\Downloads\sqldeveloper-23.1.0.097.1607-x64\sqldeveloper\sqldeveloper\bin;C:\Users\LENOVO\Downloads\msys2-x86_64-20230318.exe;C:\WINDOWS\system32;C:\WINDOWS;C:\WINDOWS\System32\Wbem;C:\WINDOWS\System32\WindowsPowerShell\v1.0\;C:\WINDOWS\System32\OpenSSH\;C:\Program Files\Git\cmd;C:\Program Files\Git\bin;C:\Program Files\dotnet\;C:\Users\LENOVO\AppData\Local\Android\Sdk\platform-tools;C:\Users\LENOVO\AppData\Local\Android\Sdk\emulator;C:\Users\LENOVO\Downloads\php-8.3.11-nts-Win32-vs16-x64;C:\ProgramData\ComposerSetup\bin;C:\Program Files\nodejs\;C:\Program Files\Microsoft SQL Server\150\Tools\Binn\;C:\Program Files\Docker\Docker\resources\bin;C:\Program Files\Vagrant\bin;C:\Program Files\Cloudflare\Cloudflare WARP\;C:\Users\LENOVO\scoop\shims;C:\Program Files\MySQL\MySQL Shell 8.0\bin\;C:\Users\LENOVO\AppData\Local\Programs\Python\Launcher\;C:\Python27\python.exe;C:\Users\LENOVO\AppData\Local\Programs\Python\Python311;C:\Users\LENOVO\AppData\Local\Programs\Python\Python311\Scripts\;C:\Python27;C:\Users\LENOVO\AppData\Local\Microsoft\WindowsApps;C:\Program Files\JetBrains\PyCharm Community Edition 2023.1\bin;;C:\Users\LENOVO\AppData\Local\GitHubDesktop\bin;C:\Users\LENOVO\.dotnet\tools;C:\Program Files (x86)\Nmap;C:\Users\LENOVO\AppData\Local\Programs\MiKTeX\miktex\bin\x64\;C:\Users\LENOVO\AppData\Roaming\Composer\vendor\bin;C:\xampp\php;C:\Program Files\JetBrains\IntelliJ IDEA 2024.2.1\bin;;C:\Flex Windows\gcc\bin;C:\Flex Windows\Lex\bin;C:\Flex Windows\bison\bin;C:\Users\LENOVO\AppData\Local\Muse Hub\lib;C:\Users\LENOVO\AppData\Local\Programs\Microsoft VS Code\bin;C:\Users\LENOVO\AppData\Local\Programs\cursor\resources\app\bin;C:\Users\LENOVO\AppData\Roaming\npm;C:\Users\LENOVO\AppData\Local\Programs\Antigravity\bin;
USERNAME=LENOVO
OS=Windows_NT
PROCESSOR_IDENTIFIER=Intel64 Family 6 Model 140 Stepping 2, GenuineIntel
TMP=C:\Users\LENOVO\AppData\Local\Temp
TEMP=C:\Users\LENOVO\AppData\Local\Temp




Periodic native trim disabled

---------------  S Y S T E M  ---------------

OS:
 Windows 11 , 64 bit Build 26100 (10.0.26100.8246)
OS uptime: 0 days 7:01 hours
Hyper-V role detected

CPU: total 8 (initial active 8) (4 cores per cpu, 2 threads per core) family 6 model 140 stepping 2 microcode 0x26, cx8, cmov, fxsr, ht, mmx, 3dnowpref, sse, sse2, sse3, ssse3, sse4.1, sse4.2, popcnt, lzcnt, tsc, tscinvbit, avx, avx2, aes, erms, clmul, bmi1, bmi2, adx, avx512f, avx512dq, avx512cd, avx512bw, avx512vl, sha, fma, vzeroupper, avx512_vpopcntdq, avx512_vpclmulqdq, avx512_vaes, avx512_vnni, clflush, clflushopt, clwb, avx512_vbmi2, avx512_vbmi, hv, rdtscp, rdpid, fsrm, gfni, avx512_bitalg, f16c, cet_ibt, cet_ss, avx512_ifma
Processor Information for the first 8 processors :
  Max Mhz: 3187, Current Mhz: 3187, Mhz Limit: 3187

Memory: 4k page, system-wide physical 16167M (1359M free)
TotalPageFile size 21167M (AvailPageFile size 3M)
current process WorkingSet (physical memory assigned to process): 271M, peak: 281M
current process commit charge ("private bytes"): 368M, peak: 375M

vm_info: OpenJDK 64-Bit Server VM (21.0.10+7-LTS) for windows-amd64 JRE (21.0.10+7-LTS), built on 2026-01-20T00:00:00Z by "admin" with MS VC++ 17.12 (VS2022)

END.
