#
# There is insufficient memory for the Java Runtime Environment to continue.
# Native memory allocation (malloc) failed to allocate 1346592 bytes. Error detail: Chunk::new
# Possible reasons:
#   The system is out of physical RAM or swap space
#   This process is running with CompressedOops enabled, and the Java Heap may be blocking the growth of the native heap
# Possible solutions:
#   Reduce memory load on the system
#   Increase physical memory or swap space
#   Check if swap backing store is full
#   Decrease Java heap size (-Xmx/-Xms)
#   Decrease number of Java threads
#   Decrease Java thread stack sizes (-Xss)
#   Set larger code cache with -XX:ReservedCodeCacheSize=
#   JVM is running with Unscaled Compressed Oops mode in which the Java heap is
#     placed in the first 4GB address space. The Java Heap base address is the
#     maximum limit for the native heap growth. Please use -XX:HeapBaseMinAddress
#     to set the Java Heap base and to place the Java Heap above 4GB virtual address.
# This output file may be truncated or incomplete.
#
#  Out of Memory Error (arena.cpp:168), pid=25512, tid=17764
#
# JRE version: OpenJDK Runtime Environment Temurin-21.0.10+7 (21.0.10+7) (build 21.0.10+7-LTS)
# Java VM: OpenJDK 64-Bit Server VM Temurin-21.0.10+7 (21.0.10+7-LTS, mixed mode, sharing, tiered, compressed oops, compressed class ptrs, parallel gc, windows-amd64)
# No core dump will be written. Minidumps are not enabled by default on client versions of Windows
#

---------------  S U M M A R Y ------------

Command Line: --add-modules=ALL-SYSTEM --add-opens=java.base/java.util=ALL-UNNAMED --add-opens=java.base/java.lang=ALL-UNNAMED --add-opens=java.base/sun.nio.fs=ALL-UNNAMED -Declipse.application=org.eclipse.jdt.ls.core.id1 -Dosgi.bundles.defaultStartLevel=4 -Declipse.product=org.eclipse.jdt.ls.core.product -Djava.import.generatesMetadataFilesAtProjectRoot=false -DDetectVMInstallationsJob.disabled=true -Dfile.encoding=utf8 -XX:+UseParallelGC -XX:GCTimeRatio=4 -XX:AdaptiveSizePolicyWeight=90 -Dsun.zip.disableMemoryMapping=true -Xmx2G -Xms100m -Xlog:disable -javaagent:c:\Users\LENOVO\.antigravity\extensions\redhat.java-1.54.0-win32-x64\lombok\lombok-1.18.39-4050.jar c:\Users\LENOVO\.antigravity\extensions\redhat.java-1.54.0-win32-x64\server\plugins\org.eclipse.equinox.launcher_1.7.100.v20251111-0406.jar -configuration c:\Users\LENOVO\AppData\Roaming\Antigravity\User\globalStorage\redhat.java\1.54.0\config_ss_win -data c:\Users\LENOVO\AppData\Roaming\Antigravity\User\workspaceStorage\c32ad2883d698218fc90bdae50dd7373\redhat.java\ss_ws --pipe=\\.\pipe\lsp-740236a1a2312f89886f7ebcb7a05bab-sock

Host: 11th Gen Intel(R) Core(TM) i5-11320H @ 3.20GHz, 8 cores, 15G,  Windows 11 , 64 bit Build 26100 (10.0.26100.8246)
Time: Thu Apr 16 08:59:12 2026 Paris, Madrid elapsed time: 8.118406 seconds (0d 0h 0m 8s)

---------------  T H R E A D  ---------------

Current thread (0x0000020b212ba270):  JavaThread "C2 CompilerThread2" daemon [_thread_in_native, id=17764, stack(0x0000002d30900000,0x0000002d30a00000) (1024K)]


Current CompileTask:
C2:8118 2428       4       org.eclipse.core.internal.dtree.DataTreeReader::readNode (248 bytes)

Stack: [0x0000002d30900000,0x0000002d30a00000]
Native frames: (J=compiled Java code, j=interpreted, Vv=VM code, C=native code)
V  [jvm.dll+0x6d7a39]
V  [jvm.dll+0x8b4b26]
V  [jvm.dll+0x8b70de]
V  [jvm.dll+0x8b77c3]
V  [jvm.dll+0x284346]
V  [jvm.dll+0xc66ed]
V  [jvm.dll+0xc6c31]
V  [jvm.dll+0x3bec3b]
V  [jvm.dll+0x1e3d62]
V  [jvm.dll+0x24c6b3]
V  [jvm.dll+0x24bb40]
V  [jvm.dll+0x1cb34e]
V  [jvm.dll+0x25b85d]
V  [jvm.dll+0x259dea]
V  [jvm.dll+0x3f857e]
V  [jvm.dll+0x85f59d]
V  [jvm.dll+0x6d626d]
C  [ucrtbase.dll+0x37b0]
C  [KERNEL32.DLL+0x2e8d7]
C  [ntdll.dll+0x8c3fc]


---------------  P R O C E S S  ---------------

Threads class SMR info:
_java_thread_list=0x0000020b21295b00, length=18, elements={
0x0000020ac2ed4dd0, 0x0000020ac2e43fa0, 0x0000020ac2e482f0, 0x0000020ac2e4bee0,
0x0000020ac2e4c940, 0x0000020ac2e4d3a0, 0x0000020ac2e51520, 0x0000020ac2e54370,
0x0000020b1c14afc0, 0x0000020b1c367810, 0x0000020b1c4020d0, 0x0000020b1c64f880,
0x0000020b2102e110, 0x0000020b2102e780, 0x0000020b21143650, 0x0000020b2123f420,
0x0000020b212bbbe0, 0x0000020b212ba270
}

Java Threads: ( => current thread )
  0x0000020ac2ed4dd0 JavaThread "main"                              [_thread_blocked, id=14084, stack(0x0000002d2ee00000,0x0000002d2ef00000) (1024K)]
  0x0000020ac2e43fa0 JavaThread "Reference Handler"          daemon [_thread_blocked, id=12792, stack(0x0000002d2f200000,0x0000002d2f300000) (1024K)]
  0x0000020ac2e482f0 JavaThread "Finalizer"                  daemon [_thread_blocked, id=10788, stack(0x0000002d2f300000,0x0000002d2f400000) (1024K)]
  0x0000020ac2e4bee0 JavaThread "Signal Dispatcher"          daemon [_thread_blocked, id=18480, stack(0x0000002d2f400000,0x0000002d2f500000) (1024K)]
  0x0000020ac2e4c940 JavaThread "Attach Listener"            daemon [_thread_blocked, id=7672, stack(0x0000002d2f500000,0x0000002d2f600000) (1024K)]
  0x0000020ac2e4d3a0 JavaThread "Service Thread"             daemon [_thread_blocked, id=25796, stack(0x0000002d2f600000,0x0000002d2f700000) (1024K)]
  0x0000020ac2e51520 JavaThread "Monitor Deflation Thread"   daemon [_thread_blocked, id=5448, stack(0x0000002d2f700000,0x0000002d2f800000) (1024K)]
  0x0000020ac2e54370 JavaThread "C2 CompilerThread0"         daemon [_thread_in_native, id=25744, stack(0x0000002d2f800000,0x0000002d2f900000) (1024K)]
  0x0000020b1c14afc0 JavaThread "C1 CompilerThread0"         daemon [_thread_blocked, id=7072, stack(0x0000002d2f900000,0x0000002d2fa00000) (1024K)]
  0x0000020b1c367810 JavaThread "Common-Cleaner"             daemon [_thread_blocked, id=9864, stack(0x0000002d2fa00000,0x0000002d2fb00000) (1024K)]
  0x0000020b1c4020d0 JavaThread "Notification Thread"        daemon [_thread_blocked, id=15908, stack(0x0000002d2fb00000,0x0000002d2fc00000) (1024K)]
  0x0000020b1c64f880 JavaThread "Active Thread: Equinox Container: 68a4b4bc-43d5-4e6b-a7ae-ce1fe4c7befd"        [_thread_blocked, id=5080, stack(0x0000002d2fd00000,0x0000002d2fe00000) (1024K)]
  0x0000020b2102e110 JavaThread "Framework Event Dispatcher: Equinox Container: 68a4b4bc-43d5-4e6b-a7ae-ce1fe4c7befd" daemon [_thread_blocked, id=14564, stack(0x0000002d30400000,0x0000002d30500000) (1024K)]
  0x0000020b2102e780 JavaThread "Start Level: Equinox Container: 68a4b4bc-43d5-4e6b-a7ae-ce1fe4c7befd" daemon [_thread_in_native, id=25180, stack(0x0000002d30500000,0x0000002d30600000) (1024K)]
  0x0000020b21143650 JavaThread "SCR Component Actor"        daemon [_thread_blocked, id=21312, stack(0x0000002d30700000,0x0000002d30800000) (1024K)]
  0x0000020b2123f420 JavaThread "Worker-JM"                         [_thread_blocked, id=16568, stack(0x0000002d30800000,0x0000002d30900000) (1024K)]
  0x0000020b212bbbe0 JavaThread "C2 CompilerThread1"         daemon [_thread_blocked, id=20228, stack(0x0000002d2fc00000,0x0000002d2fd00000) (1024K)]
=>0x0000020b212ba270 JavaThread "C2 CompilerThread2"         daemon [_thread_in_native, id=17764, stack(0x0000002d30900000,0x0000002d30a00000) (1024K)]
Total: 18

Other Threads:
  0x0000020ac2f72770 VMThread "VM Thread"                           [id=17936, stack(0x0000002d2f100000,0x0000002d2f200000) (1024K)]
  0x0000020ac2f44c10 WatcherThread "VM Periodic Task Thread"        [id=22320, stack(0x0000002d2f000000,0x0000002d2f100000) (1024K)]
  0x0000020ac2ef5e20 WorkerThread "GC Thread#0"                     [id=25108, stack(0x0000002d2ef00000,0x0000002d2f000000) (1024K)]
  0x0000020b1c54f4a0 WorkerThread "GC Thread#1"                     [id=25372, stack(0x0000002d2fe00000,0x0000002d2ff00000) (1024K)]
  0x0000020b1c54f850 WorkerThread "GC Thread#2"                     [id=20192, stack(0x0000002d2ff00000,0x0000002d30000000) (1024K)]
  0x0000020b1c54fc00 WorkerThread "GC Thread#3"                     [id=13108, stack(0x0000002d30000000,0x0000002d30100000) (1024K)]
  0x0000020b1c7ecb30 WorkerThread "GC Thread#4"                     [id=16328, stack(0x0000002d30100000,0x0000002d30200000) (1024K)]
  0x0000020b1c7ecee0 WorkerThread "GC Thread#5"                     [id=25140, stack(0x0000002d30200000,0x0000002d30300000) (1024K)]
  0x0000020b1c7ed290 WorkerThread "GC Thread#6"                     [id=17596, stack(0x0000002d30300000,0x0000002d30400000) (1024K)]
  0x0000020b1ca68d80 WorkerThread "GC Thread#7"                     [id=22880, stack(0x0000002d30600000,0x0000002d30700000) (1024K)]
Total: 10

Threads with active compile tasks:
C2 CompilerThread0  8156 2477 %     4       java.util.Properties$LineReader::readLine @ 224 (584 bytes)
C2 CompilerThread2  8156 2428       4       org.eclipse.core.internal.dtree.DataTreeReader::readNode (248 bytes)
Total: 2

VM state: not at safepoint (normal execution)

VM Mutex/Monitor currently owned by a thread: None

Heap address: 0x0000000080000000, size: 2048 MB, Compressed Oops mode: 32-bit

CDS archive(s) mapped at: [0x0000020ada000000-0x0000020adaba0000-0x0000020adaba0000), size 12189696, SharedBaseAddress: 0x0000020ada000000, ArchiveRelocationMode: 1.
Compressed class space mapped at: 0x0000020adb000000-0x0000020b1b000000, reserved size: 1073741824
Narrow klass base: 0x0000020ada000000, Narrow klass shift: 0, Narrow klass range: 0x100000000

GC Precious Log:
 CardTable entry size: 512
 CPUs: 8 total, 8 available
 Memory: 16167M
 Large Page Support: Disabled
 NUMA Support: Disabled
 Compressed Oops: Enabled (32-bit)
 Alignments: Space 512K, Generation 512K, Heap 2M
 Heap Min Capacity: 100M
 Heap Initial Capacity: 100M
 Heap Max Capacity: 2G
 Pre-touch: Disabled
 Parallel Workers: 8

Heap:
 PSYoungGen      total 29696K, used 28301K [0x00000000d5580000, 0x00000000d7680000, 0x0000000100000000)
  eden space 25600K, 94% used [0x00000000d5580000,0x00000000d6d2abb0,0x00000000d6e80000)
  from space 4096K, 99% used [0x00000000d6e80000,0x00000000d7278870,0x00000000d7280000)
  to   space 4096K, 0% used [0x00000000d7280000,0x00000000d7280000,0x00000000d7680000)
 ParOldGen       total 68608K, used 2749K [0x0000000080000000, 0x0000000084300000, 0x00000000d5580000)
  object space 68608K, 4% used [0x0000000080000000,0x00000000802af5e8,0x0000000084300000)
 Metaspace       used 14908K, committed 15488K, reserved 1114112K
  class space    used 1565K, committed 1792K, reserved 1048576K

Card table byte_map: [0x0000020ac2870000,0x0000020ac2c80000] _byte_map_base: 0x0000020ac2470000

Marking Bits: (ParMarkBitMap*) 0x00007ffd09163450
 Begin Bits: [0x0000020ad5380000, 0x0000020ad7380000)
 End Bits:   [0x0000020ad7380000, 0x0000020ad9380000)

Polling page: 0x0000020ac0cc0000

Metaspace:

Usage:
  Non-class:     13.03 MB used.
      Class:      1.53 MB used.
       Both:     14.56 MB used.

Virtual space:
  Non-class space:       64.00 MB reserved,      13.38 MB ( 21%) committed,  1 nodes.
      Class space:        1.00 GB reserved,       1.75 MB ( <1%) committed,  1 nodes.
             Both:        1.06 GB reserved,      15.12 MB (  1%) committed. 

Chunk freelists:
   Non-Class:  2.00 MB
       Class:  14.27 MB
        Both:  16.27 MB

MaxMetaspaceSize: unlimited
CompressedClassSpaceSize: 1.00 GB
Initial GC threshold: 21.00 MB
Current GC threshold: 21.00 MB
CDS: on
 - commit_granule_bytes: 65536.
 - commit_granule_words: 8192.
 - virtual_space_node_default_size: 8388608.
 - enlarge_chunks_in_place: 1.
 - use_allocation_guard: 0.


Internal statistics:

num_allocs_failed_limit: 0.
num_arena_births: 428.
num_arena_deaths: 0.
num_vsnodes_births: 2.
num_vsnodes_deaths: 0.
num_space_committed: 242.
num_space_uncommitted: 0.
num_chunks_returned_to_freelist: 0.
num_chunks_taken_from_freelist: 960.
num_chunk_merges: 0.
num_chunk_splits: 605.
num_chunks_enlarged: 380.
num_inconsistent_stats: 0.

CodeHeap 'non-profiled nmethods': size=120000Kb used=1079Kb max_used=1079Kb free=118920Kb
 bounds [0x0000020acdba0000, 0x0000020acde10000, 0x0000020ad50d0000]
CodeHeap 'profiled nmethods': size=120000Kb used=4700Kb max_used=4700Kb free=115300Kb
 bounds [0x0000020ac60d0000, 0x0000020ac6570000, 0x0000020acd600000]
CodeHeap 'non-nmethods': size=5760Kb used=1281Kb max_used=1290Kb free=4478Kb
 bounds [0x0000020acd600000, 0x0000020acd870000, 0x0000020acdba0000]
CodeCache: size=245760Kb, used=7060Kb, max_used=7069Kb, free=238698Kb
 total_blobs=3022, nmethods=2479, adapters=449, full_count=0
Compilation: enabled, stopped_count=0, restarted_count=0

Compilation events (20 events):
Event: 7.093 Thread 0x0000020b1c14afc0 nmethod 2468 0x0000020ac655fb10 code [0x0000020ac655fcc0, 0x0000020ac655fe28]
Event: 7.093 Thread 0x0000020b1c14afc0 2469       1       com.sun.org.apache.xerces.internal.impl.XMLDocumentFragmentScannerImpl::setScannerState (6 bytes)
Event: 7.093 Thread 0x0000020b1c14afc0 nmethod 2469 0x0000020acdcab710 code [0x0000020acdcab8a0, 0x0000020acdcab968]
Event: 7.095 Thread 0x0000020b1c14afc0 2470       1       sun.nio.fs.WindowsPath::getFileSystem (5 bytes)
Event: 7.096 Thread 0x0000020b1c14afc0 nmethod 2470 0x0000020acdcaba10 code [0x0000020acdcabba0, 0x0000020acdcabc68]
Event: 7.096 Thread 0x0000020b1c14afc0 2471       3       java.util.LinkedHashMap::getOrDefault (29 bytes)
Event: 7.096 Thread 0x0000020b1c14afc0 nmethod 2471 0x0000020ac655ff10 code [0x0000020ac65600e0, 0x0000020ac6560328]
Event: 7.097 Thread 0x0000020b1c14afc0 2472       3       java.util.ArrayDeque::toArray (7 bytes)
Event: 7.097 Thread 0x0000020b1c14afc0 nmethod 2472 0x0000020ac6560410 code [0x0000020ac65605c0, 0x0000020ac6560708]
Event: 7.097 Thread 0x0000020b1c14afc0 2473       3       java.util.ArrayDeque::toArray (99 bytes)
Event: 7.097 Thread 0x0000020b1c14afc0 nmethod 2473 0x0000020ac6560790 code [0x0000020ac6560980, 0x0000020ac6560f68]
Event: 7.098 Thread 0x0000020b212bbbe0 2474   !   4       java.util.zip.ZipFile$Source::checkAndAddEntry (295 bytes)
Event: 7.105 Thread 0x0000020b1c14afc0 2475   !   3       java.lang.invoke.MethodHandleNatives::linkMethodHandleConstant (50 bytes)
Event: 7.105 Thread 0x0000020b212bbbe0 nmethod 2474 0x0000020acdcabd10 code [0x0000020acdcabf40, 0x0000020acdcacbb8]
Event: 7.105 Thread 0x0000020b1c14afc0 nmethod 2475 0x0000020ac6561110 code [0x0000020ac65612e0, 0x0000020ac65614e8]
Event: 7.105 Thread 0x0000020b1c14afc0 2476       3       java.lang.invoke.MethodHandles$Lookup::linkMethodHandleConstant (223 bytes)
Event: 7.106 Thread 0x0000020ac2e54370 2477 %     4       java.util.Properties$LineReader::readLine @ 224 (584 bytes)
Event: 7.106 Thread 0x0000020b1c14afc0 nmethod 2476 0x0000020ac6561690 code [0x0000020ac6561a80, 0x0000020ac6563230]
Event: 7.107 Thread 0x0000020b212bbbe0 2478       4       java.lang.Class::getName (18 bytes)
Event: 7.107 Thread 0x0000020b212bbbe0 nmethod 2478 0x0000020acdcad410 code [0x0000020acdcad5a0, 0x0000020acdcad660]

GC Heap History (6 events):
Event: 1.217 GC heap before
{Heap before GC invocations=1 (full 0):
 PSYoungGen      total 29696K, used 25600K [0x00000000d5580000, 0x00000000d7680000, 0x0000000100000000)
  eden space 25600K, 100% used [0x00000000d5580000,0x00000000d6e80000,0x00000000d6e80000)
  from space 4096K, 0% used [0x00000000d7280000,0x00000000d7280000,0x00000000d7680000)
  to   space 4096K, 0% used [0x00000000d6e80000,0x00000000d6e80000,0x00000000d7280000)
 ParOldGen       total 68608K, used 0K [0x0000000080000000, 0x0000000084300000, 0x00000000d5580000)
  object space 68608K, 0% used [0x0000000080000000,0x0000000080000000,0x0000000084300000)
 Metaspace       used 4353K, committed 4608K, reserved 1114112K
  class space    used 474K, committed 576K, reserved 1048576K
}
Event: 1.223 GC heap after
{Heap after GC invocations=1 (full 0):
 PSYoungGen      total 29696K, used 3287K [0x00000000d5580000, 0x00000000d7680000, 0x0000000100000000)
  eden space 25600K, 0% used [0x00000000d5580000,0x00000000d5580000,0x00000000d6e80000)
  from space 4096K, 80% used [0x00000000d6e80000,0x00000000d71b5ea8,0x00000000d7280000)
  to   space 4096K, 0% used [0x00000000d7280000,0x00000000d7280000,0x00000000d7680000)
 ParOldGen       total 68608K, used 16K [0x0000000080000000, 0x0000000084300000, 0x00000000d5580000)
  object space 68608K, 0% used [0x0000000080000000,0x0000000080004000,0x0000000084300000)
 Metaspace       used 4353K, committed 4608K, reserved 1114112K
  class space    used 474K, committed 576K, reserved 1048576K
}
Event: 2.103 GC heap before
{Heap before GC invocations=2 (full 0):
 PSYoungGen      total 29696K, used 28887K [0x00000000d5580000, 0x00000000d7680000, 0x0000000100000000)
  eden space 25600K, 100% used [0x00000000d5580000,0x00000000d6e80000,0x00000000d6e80000)
  from space 4096K, 80% used [0x00000000d6e80000,0x00000000d71b5ea8,0x00000000d7280000)
  to   space 4096K, 0% used [0x00000000d7280000,0x00000000d7280000,0x00000000d7680000)
 ParOldGen       total 68608K, used 16K [0x0000000080000000, 0x0000000084300000, 0x00000000d5580000)
  object space 68608K, 0% used [0x0000000080000000,0x0000000080004000,0x0000000084300000)
 Metaspace       used 8170K, committed 8512K, reserved 1114112K
  class space    used 870K, committed 1024K, reserved 1048576K
}
Event: 2.108 GC heap after
{Heap after GC invocations=2 (full 0):
 PSYoungGen      total 29696K, used 4083K [0x00000000d5580000, 0x00000000d7680000, 0x0000000100000000)
  eden space 25600K, 0% used [0x00000000d5580000,0x00000000d5580000,0x00000000d6e80000)
  from space 4096K, 99% used [0x00000000d7280000,0x00000000d767cd38,0x00000000d7680000)
  to   space 4096K, 0% used [0x00000000d6e80000,0x00000000d6e80000,0x00000000d7280000)
 ParOldGen       total 68608K, used 1148K [0x0000000080000000, 0x0000000084300000, 0x00000000d5580000)
  object space 68608K, 1% used [0x0000000080000000,0x000000008011f120,0x0000000084300000)
 Metaspace       used 8170K, committed 8512K, reserved 1114112K
  class space    used 870K, committed 1024K, reserved 1048576K
}
Event: 2.672 GC heap before
{Heap before GC invocations=3 (full 0):
 PSYoungGen      total 29696K, used 29683K [0x00000000d5580000, 0x00000000d7680000, 0x0000000100000000)
  eden space 25600K, 100% used [0x00000000d5580000,0x00000000d6e80000,0x00000000d6e80000)
  from space 4096K, 99% used [0x00000000d7280000,0x00000000d767cd38,0x00000000d7680000)
  to   space 4096K, 0% used [0x00000000d6e80000,0x00000000d6e80000,0x00000000d7280000)
 ParOldGen       total 68608K, used 1148K [0x0000000080000000, 0x0000000084300000, 0x00000000d5580000)
  object space 68608K, 1% used [0x0000000080000000,0x000000008011f120,0x0000000084300000)
 Metaspace       used 13040K, committed 13632K, reserved 1114112K
  class space    used 1382K, committed 1664K, reserved 1048576K
}
Event: 2.676 GC heap after
{Heap after GC invocations=3 (full 0):
 PSYoungGen      total 29696K, used 4066K [0x00000000d5580000, 0x00000000d7680000, 0x0000000100000000)
  eden space 25600K, 0% used [0x00000000d5580000,0x00000000d5580000,0x00000000d6e80000)
  from space 4096K, 99% used [0x00000000d6e80000,0x00000000d7278870,0x00000000d7280000)
  to   space 4096K, 0% used [0x00000000d7280000,0x00000000d7280000,0x00000000d7680000)
 ParOldGen       total 68608K, used 2749K [0x0000000080000000, 0x0000000084300000, 0x00000000d5580000)
  object space 68608K, 4% used [0x0000000080000000,0x00000000802af5e8,0x0000000084300000)
 Metaspace       used 13040K, committed 13632K, reserved 1114112K
  class space    used 1382K, committed 1664K, reserved 1048576K
}

Dll operation events (9 events):
Event: 0.018 Loaded shared library c:\Users\LENOVO\.antigravity\extensions\redhat.java-1.54.0-win32-x64\jre\21.0.10-win32-x86_64\bin\java.dll
Event: 0.189 Loaded shared library c:\Users\LENOVO\.antigravity\extensions\redhat.java-1.54.0-win32-x64\jre\21.0.10-win32-x86_64\bin\zip.dll
Event: 0.222 Loaded shared library C:\Users\LENOVO\.antigravity\extensions\redhat.java-1.54.0-win32-x64\jre\21.0.10-win32-x86_64\bin\instrument.dll
Event: 0.230 Loaded shared library C:\Users\LENOVO\.antigravity\extensions\redhat.java-1.54.0-win32-x64\jre\21.0.10-win32-x86_64\bin\net.dll
Event: 0.234 Loaded shared library C:\Users\LENOVO\.antigravity\extensions\redhat.java-1.54.0-win32-x64\jre\21.0.10-win32-x86_64\bin\nio.dll
Event: 0.237 Loaded shared library C:\Users\LENOVO\.antigravity\extensions\redhat.java-1.54.0-win32-x64\jre\21.0.10-win32-x86_64\bin\zip.dll
Event: 0.277 Loaded shared library C:\Users\LENOVO\.antigravity\extensions\redhat.java-1.54.0-win32-x64\jre\21.0.10-win32-x86_64\bin\jimage.dll
Event: 0.452 Loaded shared library c:\Users\LENOVO\.antigravity\extensions\redhat.java-1.54.0-win32-x64\jre\21.0.10-win32-x86_64\bin\verify.dll
Event: 2.084 Loaded shared library C:\Users\LENOVO\AppData\Roaming\Antigravity\User\globalStorage\redhat.java\1.54.0\config_ss_win\org.eclipse.equinox.launcher\org.eclipse.equinox.launcher.win32.win32.x86_64_1.3.0.v20260203-2149\eclipse_11919.dll

Deoptimization events (20 events):
Event: 4.007 Thread 0x0000020b2102e780 Uncommon trap: trap_request=0xffffffcc fr.pc=0x0000020acdca461c relative=0x000000000000035c
Event: 4.007 Thread 0x0000020b2102e780 Uncommon trap: reason=intrinsic_or_type_checked_inlining action=make_not_entrant pc=0x0000020acdca461c method=java.util.Arrays.copyOf([Ljava/lang/Object;ILjava/lang/Class;)[Ljava/lang/Object; @ 35 c2
Event: 4.007 Thread 0x0000020b2102e780 DEOPT PACKING pc=0x0000020acdca461c sp=0x0000002d305f8d50
Event: 4.007 Thread 0x0000020b2102e780 DEOPT UNPACKING pc=0x0000020acd656da2 sp=0x0000002d305f8ce0 mode 2
Event: 4.023 Thread 0x0000020b2102e780 Uncommon trap: trap_request=0xffffffde fr.pc=0x0000020acdca39a0 relative=0x0000000000000380
Event: 4.023 Thread 0x0000020b2102e780 Uncommon trap: reason=class_check action=maybe_recompile pc=0x0000020acdca39a0 method=java.io.FilterInputStream.read()I @ 4 c2
Event: 4.023 Thread 0x0000020b2102e780 DEOPT PACKING pc=0x0000020acdca39a0 sp=0x0000002d305f92f0
Event: 4.023 Thread 0x0000020b2102e780 DEOPT UNPACKING pc=0x0000020acd656da2 sp=0x0000002d305f92a0 mode 2
Event: 4.036 Thread 0x0000020b2102e780 Uncommon trap: trap_request=0xffffff45 fr.pc=0x0000020acdc6056c relative=0x000000000000004c
Event: 4.036 Thread 0x0000020b2102e780 Uncommon trap: reason=unstable_if action=reinterpret pc=0x0000020acdc6056c method=sun.nio.fs.WindowsPathParser.isSlash(C)Z @ 9 c2
Event: 4.036 Thread 0x0000020b2102e780 DEOPT PACKING pc=0x0000020acdc6056c sp=0x0000002d305f8db0
Event: 4.036 Thread 0x0000020b2102e780 DEOPT UNPACKING pc=0x0000020acd656da2 sp=0x0000002d305f8d38 mode 2
Event: 4.041 Thread 0x0000020b2102e780 Uncommon trap: trap_request=0xffffff45 fr.pc=0x0000020acdca513c relative=0x000000000000009c
Event: 4.041 Thread 0x0000020b2102e780 Uncommon trap: reason=unstable_if action=reinterpret pc=0x0000020acdca513c method=org.eclipse.core.runtime.Path.<init>(Ljava/lang/String;[Ljava/lang/String;I)V @ 9 c2
Event: 4.041 Thread 0x0000020b2102e780 DEOPT PACKING pc=0x0000020acdca513c sp=0x0000002d305f92e0
Event: 4.041 Thread 0x0000020b2102e780 DEOPT UNPACKING pc=0x0000020acd656da2 sp=0x0000002d305f9288 mode 2
Event: 7.094 Thread 0x0000020b2102e780 Uncommon trap: trap_request=0xffffff45 fr.pc=0x0000020acdc72da4 relative=0x00000000000009e4
Event: 7.094 Thread 0x0000020b2102e780 Uncommon trap: reason=unstable_if action=reinterpret pc=0x0000020acdc72da4 method=java.io.BufferedInputStream.implRead([BII)I @ 55 c2
Event: 7.094 Thread 0x0000020b2102e780 DEOPT PACKING pc=0x0000020acdc72da4 sp=0x0000002d305f8ce0
Event: 7.094 Thread 0x0000020b2102e780 DEOPT UNPACKING pc=0x0000020acd656da2 sp=0x0000002d305f8c38 mode 2

Classes loaded (20 events):
Event: 7.086 Loading class jdk/xml/internal/XMLSecurityManager$NameMap
Event: 7.086 Loading class jdk/xml/internal/XMLSecurityManager$NameMap done
Event: 7.086 Loading class com/sun/org/apache/xerces/internal/jaxp/DocumentBuilderImpl
Event: 7.087 Loading class javax/xml/parsers/DocumentBuilder
Event: 7.087 Loading class javax/xml/parsers/DocumentBuilder done
Event: 7.087 Loading class com/sun/org/apache/xerces/internal/jaxp/DocumentBuilderImpl done
Event: 7.087 Loading class com/sun/org/apache/xerces/internal/parsers/DOMParser
Event: 7.087 Loading class com/sun/org/apache/xerces/internal/parsers/AbstractDOMParser
Event: 7.088 Loading class com/sun/org/apache/xerces/internal/parsers/AbstractDOMParser done
Event: 7.088 Loading class com/sun/org/apache/xerces/internal/parsers/DOMParser done
Event: 7.106 Loading class jdk/internal/logger/LoggerFinderLoader
Event: 7.107 Loading class jdk/internal/logger/LoggerFinderLoader done
Event: 7.107 Loading class jdk/internal/logger/LoggerFinderLoader$TemporaryLoggerFinder
Event: 7.107 Loading class jdk/internal/logger/LoggerFinderLoader$TemporaryLoggerFinder done
Event: 7.107 Loading class sun/util/logging/internal/LoggingProviderImpl$JULWrapper
Event: 7.107 Loading class sun/util/logging/internal/LoggingProviderImpl$JULWrapper done
Event: 7.109 Loading class java/nio/charset/IllegalCharsetNameException
Event: 7.109 Loading class java/nio/charset/IllegalCharsetNameException done
Event: 7.110 Loading class java/nio/charset/UnsupportedCharsetException
Event: 7.110 Loading class java/nio/charset/UnsupportedCharsetException done

Classes unloaded (0 events):
No events

Classes redefined (0 events):
No events

Internal exceptions (20 events):
Event: 1.732 Thread 0x0000020ac2ed4dd0 Exception <a 'java/lang/NoSuchMethodError'{0x00000000d6458248}: 'int java.lang.invoke.DirectMethodHandle$Holder.invokeStaticInit(java.lang.Object, java.lang.Object)'> (0x00000000d6458248) 
thrown [s\src\hotspot\share\interpreter\linkResolver.cpp, line 773]
Event: 1.820 Thread 0x0000020ac2ed4dd0 Exception <a 'java/lang/NoSuchMethodError'{0x00000000d669f5c0}: 'java.lang.Object java.lang.invoke.DirectMethodHandle$Holder.newInvokeSpecial(java.lang.Object, int, java.lang.Object)'> (0x00000000d669f5c0) 
thrown [s\src\hotspot\share\interpreter\linkResolver.cpp, line 773]
Event: 1.870 Thread 0x0000020ac2ed4dd0 Exception <a 'java/lang/ClassNotFoundException'{0x00000000d68b8b80}: sun/net/www/protocol/plurl/Handler> (0x00000000d68b8b80) 
thrown [s\src\hotspot\share\classfile\systemDictionary.cpp, line 312]
Event: 1.870 Thread 0x0000020ac2ed4dd0 Exception <a 'java/lang/ClassNotFoundException'{0x00000000d68b9a00}: sun/net/www/protocol/plurl/Handler> (0x00000000d68b9a00) 
thrown [s\src\hotspot\share\classfile\systemDictionary.cpp, line 312]
Event: 2.080 Thread 0x0000020ac2ed4dd0 Exception <a 'java/lang/UnsatisfiedLinkError'{0x00000000d6d12330}: 'void org.eclipse.equinox.launcher.JNIBridge._update_splash()'> (0x00000000d6d12330) 
thrown [s\src\hotspot\share\prims\nativeLookup.cpp, line 415]
Event: 2.145 Thread 0x0000020b2102e780 Exception <a 'java/lang/NullPointerException'{0x00000000d5807148}> (0x00000000d5807148) 
thrown [s\src\hotspot\share\interpreter\linkResolver.cpp, line 1372]
Event: 2.145 Thread 0x0000020b2102e780 Exception <a 'java/lang/NullPointerException'{0x00000000d5807428}> (0x00000000d5807428) 
thrown [s\src\hotspot\share\interpreter\linkResolver.cpp, line 1372]
Event: 2.313 Thread 0x0000020b2102e780 Exception <a 'java/lang/NoSuchMethodError'{0x00000000d61004a0}: 'long java.lang.invoke.DirectMethodHandle$Holder.invokeSpecial(java.lang.Object, java.lang.Object)'> (0x00000000d61004a0) 
thrown [s\src\hotspot\share\interpreter\linkResolver.cpp, line 773]
Event: 2.372 Thread 0x0000020b2102e780 Exception <a 'java/io/FileNotFoundException'{0x00000000d62eeb70}> (0x00000000d62eeb70) 
thrown [s\src\hotspot\share\prims\jni.cpp, line 520]
Event: 2.469 Thread 0x0000020b2102e780 Exception <a 'java/lang/NoSuchMethodError'{0x00000000d65e98e0}: 'java.lang.Object java.lang.invoke.Invokers$Holder.linkToTargetMethod(java.lang.Object, long, java.lang.Object)'> (0x00000000d65e98e0) 
thrown [s\src\hotspot\share\interpreter\linkResolver.cpp, line 773]
Event: 2.528 Thread 0x0000020b2102e780 Exception <a 'java/lang/NoSuchMethodError'{0x00000000d6918e90}: 'void java.lang.invoke.DirectMethodHandle$Holder.invokeInterface(java.lang.Object, java.lang.Object, java.lang.Object)'> (0x00000000d6918e90) 
thrown [s\src\hotspot\share\interpreter\linkResolver.cpp, line 773]
Event: 2.582 Thread 0x0000020b2102e780 Exception <a 'java/lang/NoSuchMethodError'{0x00000000d6b2c0f0}: 'void java.lang.invoke.Invokers$Holder.invokeExact_MT(java.lang.Object, java.lang.Object, java.lang.Object)'> (0x00000000d6b2c0f0) 
thrown [s\src\hotspot\share\interpreter\linkResolver.cpp, line 773]
Event: 2.660 Thread 0x0000020b2102e780 Exception <a 'java/lang/NoSuchMethodError'{0x00000000d6dfac60}: 'java.lang.Object java.lang.invoke.DirectMethodHandle$Holder.invokeVirtual(java.lang.Object, java.lang.Object, java.lang.Object)'> (0x00000000d6dfac60) 
thrown [s\src\hotspot\share\interpreter\linkResolver.cpp, line 773]
Event: 2.662 Thread 0x0000020b2102e780 Exception <a 'java/lang/NoSuchMethodError'{0x00000000d6e13240}: 'java.lang.Object java.lang.invoke.DelegatingMethodHandle$Holder.reinvoke_L(java.lang.Object, java.lang.Object, java.lang.Object, java.lang.Object, int, int)'> (0x00000000d6e13240) 
thrown [s\src\hotspot\share\interpreter\linkResolver.cpp, line 773]
Event: 2.667 Thread 0x0000020b2102e780 Exception <a 'java/lang/NoSuchMethodError'{0x00000000d6e30178}: 'java.lang.Object java.lang.invoke.DirectMethodHandle$Holder.newInvokeSpecial(java.lang.Object, java.lang.Object, java.lang.Object, java.lang.Object, java.lang.Object, java.lang.Object)'> (0x00000000d6e30178) 
thrown [s\src\hotspot\share\interpreter\linkResolver.cpp, line 773]
Event: 2.670 Thread 0x0000020b2102e780 Exception <a 'java/lang/NoSuchMethodError'{0x00000000d6e5c830}: 'void java.lang.invoke.Invokers$Holder.invokeExact_MT(java.lang.Object, java.lang.Object, java.lang.Object, java.lang.Object)'> (0x00000000d6e5c830) 
thrown [s\src\hotspot\share\interpreter\linkResolver.cpp, line 773]
Event: 2.757 Thread 0x0000020b2102e780 Exception <a 'java/io/FileNotFoundException'{0x00000000d59d3e90}> (0x00000000d59d3e90) 
thrown [s\src\hotspot\share\prims\jni.cpp, line 520]
Event: 2.758 Thread 0x0000020b2102e780 Exception <a 'java/io/FileNotFoundException'{0x00000000d59f38d8}> (0x00000000d59f38d8) 
thrown [s\src\hotspot\share\prims\jni.cpp, line 520]
Event: 4.012 Thread 0x0000020b2102e780 Exception <a 'java/lang/NoSuchMethodError'{0x00000000d68c1510}: 'java.lang.Object java.lang.invoke.DirectMethodHandle$Holder.newInvokeSpecial(java.lang.Object, java.lang.Object, java.lang.Object, java.lang.Object, java.lang.Object)'> (0x00000000d68c1510) 
thrown [s\src\hotspot\share\interpreter\linkResolver.cpp, line 773]
Event: 4.048 Thread 0x0000020b2102e780 Exception <a 'java/lang/NoSuchMethodError'{0x00000000d6a0a200}: 'java.lang.Object java.lang.invoke.DirectMethodHandle$Holder.invokeStaticInit(java.lang.Object, int)'> (0x00000000d6a0a200) 
thrown [s\src\hotspot\share\interpreter\linkResolver.cpp, line 773]

ZGC Phase Switch (0 events):
No events

VM Operations (20 events):
Event: 1.865 Executing non-safepoint VM operation: HandshakeAllThreads (Deoptimize) done
Event: 1.970 Executing safepoint VM operation: ICBufferFull
Event: 1.970 Executing safepoint VM operation: ICBufferFull done
Event: 2.103 Executing safepoint VM operation: ParallelGCFailedAllocation (Allocation Failure)
Event: 2.108 Executing safepoint VM operation: ParallelGCFailedAllocation (Allocation Failure) done
Event: 2.237 Executing non-safepoint VM operation: HandshakeAllThreads (Deoptimize)
Event: 2.237 Executing non-safepoint VM operation: HandshakeAllThreads (Deoptimize) done
Event: 2.672 Executing safepoint VM operation: ParallelGCFailedAllocation (Allocation Failure)
Event: 2.676 Executing safepoint VM operation: ParallelGCFailedAllocation (Allocation Failure) done
Event: 2.734 Executing non-safepoint VM operation: HandshakeAllThreads (Deoptimize)
Event: 2.734 Executing non-safepoint VM operation: HandshakeAllThreads (Deoptimize) done
Event: 2.739 Executing non-safepoint VM operation: HandshakeAllThreads (Deoptimize)
Event: 2.739 Executing non-safepoint VM operation: HandshakeAllThreads (Deoptimize) done
Event: 2.751 Executing non-safepoint VM operation: HandshakeAllThreads (Deoptimize)
Event: 2.751 Executing non-safepoint VM operation: HandshakeAllThreads (Deoptimize) done
Event: 3.763 Executing safepoint VM operation: Cleanup
Event: 3.764 Executing safepoint VM operation: Cleanup done
Event: 4.768 Executing safepoint VM operation: Cleanup
Event: 5.072 Executing safepoint VM operation: Cleanup done
Event: 8.099 Executing safepoint VM operation: Cleanup

Memory protections (0 events):
No events

Nmethod flushes (0 events):
No events

Events (20 events):
Event: 0.089 Thread 0x0000020ac2ed4dd0 Thread added: 0x0000020ac2e4c940
Event: 0.090 Thread 0x0000020ac2ed4dd0 Thread added: 0x0000020ac2e4d3a0
Event: 0.090 Thread 0x0000020ac2ed4dd0 Thread added: 0x0000020ac2e51520
Event: 0.090 Thread 0x0000020ac2ed4dd0 Thread added: 0x0000020ac2e54370
Event: 0.093 Thread 0x0000020ac2ed4dd0 Thread added: 0x0000020b1c14afc0
Event: 0.225 Thread 0x0000020ac2ed4dd0 Thread added: 0x0000020b1c367810
Event: 0.445 Thread 0x0000020b1c14afc0 Thread added: 0x0000020b1c4010e0
Event: 0.560 Thread 0x0000020b1c4010e0 Thread exited: 0x0000020b1c4010e0
Event: 0.655 Thread 0x0000020ac2ed4dd0 Thread added: 0x0000020b1c4020d0
Event: 0.685 Thread 0x0000020b1c14afc0 Thread added: 0x0000020b1c42c570
Event: 0.770 Thread 0x0000020b1c14afc0 Thread added: 0x0000020b1c5809d0
Event: 1.719 Thread 0x0000020b1c5809d0 Thread exited: 0x0000020b1c5809d0
Event: 1.744 Thread 0x0000020ac2ed4dd0 Thread added: 0x0000020b1c64f880
Event: 2.075 Thread 0x0000020ac2ed4dd0 Thread added: 0x0000020b2102e110
Event: 2.079 Thread 0x0000020ac2ed4dd0 Thread added: 0x0000020b2102e780
Event: 2.226 Thread 0x0000020b2102e780 Thread added: 0x0000020b21143650
Event: 2.538 Thread 0x0000020b2102e780 Thread added: 0x0000020b2123f420
Event: 2.543 Thread 0x0000020b1c42c570 Thread exited: 0x0000020b1c42c570
Event: 2.765 Thread 0x0000020b1c14afc0 Thread added: 0x0000020b212bbbe0
Event: 2.840 Thread 0x0000020b212bbbe0 Thread added: 0x0000020b212ba270


Dynamic libraries:
0x00007ff759840000 - 0x00007ff75984e000 	c:\Users\LENOVO\.antigravity\extensions\redhat.java-1.54.0-win32-x64\jre\21.0.10-win32-x86_64\bin\java.exe
0x00007ffd98dc0000 - 0x00007ffd99027000 	C:\WINDOWS\SYSTEM32\ntdll.dll
0x00007ffd97a40000 - 0x00007ffd97b09000 	C:\WINDOWS\System32\KERNEL32.DLL
0x00007ffd96240000 - 0x00007ffd96634000 	C:\WINDOWS\System32\KERNELBASE.dll
0x00007ffd96060000 - 0x00007ffd961ab000 	C:\WINDOWS\System32\ucrtbase.dll
0x00007ffd4f900000 - 0x00007ffd4f918000 	c:\Users\LENOVO\.antigravity\extensions\redhat.java-1.54.0-win32-x64\jre\21.0.10-win32-x86_64\bin\jli.dll
0x00007ffd96f30000 - 0x00007ffd970f5000 	C:\WINDOWS\System32\USER32.dll
0x00007ffd96b20000 - 0x00007ffd96b47000 	C:\WINDOWS\System32\win32u.dll
0x00007ffd98430000 - 0x00007ffd9845b000 	C:\WINDOWS\System32\GDI32.dll
0x00007ffd96640000 - 0x00007ffd9676b000 	C:\WINDOWS\System32\gdi32full.dll
0x00007ffd95fb0000 - 0x00007ffd96053000 	C:\WINDOWS\System32\msvcp_win.dll
0x00007ffd47e50000 - 0x00007ffd47e6e000 	c:\Users\LENOVO\.antigravity\extensions\redhat.java-1.54.0-win32-x64\jre\21.0.10-win32-x86_64\bin\VCRUNTIME140.dll
0x00007ffd79530000 - 0x00007ffd797c3000 	C:\WINDOWS\WinSxS\amd64_microsoft.windows.common-controls_6595b64144ccf1df_6.0.26100.8115_none_3e075c82e3354f9c\COMCTL32.dll
0x00007ffd98a50000 - 0x00007ffd98af9000 	C:\WINDOWS\System32\msvcrt.dll
0x00007ffd98b60000 - 0x00007ffd98b92000 	C:\WINDOWS\System32\IMM32.DLL
0x00007ffd90960000 - 0x00007ffd9096c000 	c:\Users\LENOVO\.antigravity\extensions\redhat.java-1.54.0-win32-x64\jre\21.0.10-win32-x86_64\bin\vcruntime140_1.dll
0x00007ffd226c0000 - 0x00007ffd2274d000 	c:\Users\LENOVO\.antigravity\extensions\redhat.java-1.54.0-win32-x64\jre\21.0.10-win32-x86_64\bin\msvcp140.dll
0x00007ffd084a0000 - 0x00007ffd09241000 	c:\Users\LENOVO\.antigravity\extensions\redhat.java-1.54.0-win32-x64\jre\21.0.10-win32-x86_64\bin\server\jvm.dll
0x00007ffd98460000 - 0x00007ffd98516000 	C:\WINDOWS\System32\ADVAPI32.dll
0x00007ffd96c00000 - 0x00007ffd96ca7000 	C:\WINDOWS\System32\sechost.dll
0x00007ffd97b10000 - 0x00007ffd97c28000 	C:\WINDOWS\System32\RPCRT4.dll
0x00007ffd97100000 - 0x00007ffd97180000 	C:\WINDOWS\System32\WS2_32.dll
0x00007ffd954f0000 - 0x00007ffd9554e000 	C:\WINDOWS\SYSTEM32\POWRPROF.dll
0x00007ffd8cde0000 - 0x00007ffd8ce16000 	C:\WINDOWS\SYSTEM32\WINMM.dll
0x00007ffd86690000 - 0x00007ffd8669b000 	C:\WINDOWS\SYSTEM32\VERSION.dll
0x00007ffd954d0000 - 0x00007ffd954e4000 	C:\WINDOWS\SYSTEM32\UMPDC.dll
0x00007ffd94420000 - 0x00007ffd9443b000 	C:\WINDOWS\SYSTEM32\kernel.appcore.dll
0x00007ffd8f6f0000 - 0x00007ffd8f6fa000 	c:\Users\LENOVO\.antigravity\extensions\redhat.java-1.54.0-win32-x64\jre\21.0.10-win32-x86_64\bin\jimage.dll
0x00007ffd90ae0000 - 0x00007ffd90d22000 	C:\WINDOWS\SYSTEM32\DBGHELP.DLL
0x00007ffd976b0000 - 0x00007ffd97a32000 	C:\WINDOWS\System32\combase.dll
0x00007ffd96e50000 - 0x00007ffd96f28000 	C:\WINDOWS\System32\OLEAUT32.dll
0x00007ffd74350000 - 0x00007ffd7438b000 	C:\WINDOWS\SYSTEM32\dbgcore.DLL
0x00007ffd95f00000 - 0x00007ffd95fa5000 	C:\WINDOWS\System32\bcryptPrimitives.dll
0x00007ffd83c90000 - 0x00007ffd83c9f000 	c:\Users\LENOVO\.antigravity\extensions\redhat.java-1.54.0-win32-x64\jre\21.0.10-win32-x86_64\bin\instrument.dll
0x00007ffd47e30000 - 0x00007ffd47e50000 	c:\Users\LENOVO\.antigravity\extensions\redhat.java-1.54.0-win32-x64\jre\21.0.10-win32-x86_64\bin\java.dll
0x00007ffd97cc0000 - 0x00007ffd98427000 	C:\WINDOWS\System32\SHELL32.dll
0x00007ffd96770000 - 0x00007ffd968da000 	C:\WINDOWS\System32\wintypes.dll
0x00007ffd95690000 - 0x00007ffd95ef8000 	C:\WINDOWS\System32\windows.storage.dll
0x00007ffd975b0000 - 0x00007ffd976a8000 	C:\WINDOWS\System32\SHCORE.dll
0x00007ffd97360000 - 0x00007ffd973c6000 	C:\WINDOWS\System32\shlwapi.dll
0x00007ffd955b0000 - 0x00007ffd955d9000 	C:\WINDOWS\SYSTEM32\profapi.dll
0x00007ffd45930000 - 0x00007ffd45948000 	c:\Users\LENOVO\.antigravity\extensions\redhat.java-1.54.0-win32-x64\jre\21.0.10-win32-x86_64\bin\zip.dll
0x00007ffd81140000 - 0x00007ffd81150000 	C:\Users\LENOVO\.antigravity\extensions\redhat.java-1.54.0-win32-x64\jre\21.0.10-win32-x86_64\bin\net.dll
0x00007ffd8c4a0000 - 0x00007ffd8c5cd000 	C:\WINDOWS\SYSTEM32\WINHTTP.dll
0x00007ffd94990000 - 0x00007ffd949fc000 	C:\WINDOWS\system32\mswsock.dll
0x00007ffd45910000 - 0x00007ffd45926000 	C:\Users\LENOVO\.antigravity\extensions\redhat.java-1.54.0-win32-x64\jre\21.0.10-win32-x86_64\bin\nio.dll
0x00007ffd80560000 - 0x00007ffd80570000 	c:\Users\LENOVO\.antigravity\extensions\redhat.java-1.54.0-win32-x64\jre\21.0.10-win32-x86_64\bin\verify.dll
0x00007ffd80410000 - 0x00007ffd80455000 	C:\Users\LENOVO\AppData\Roaming\Antigravity\User\globalStorage\redhat.java\1.54.0\config_ss_win\org.eclipse.equinox.launcher\org.eclipse.equinox.launcher.win32.win32.x86_64_1.3.0.v20260203-2149\eclipse_11919.dll
0x00007ffd96cb0000 - 0x00007ffd96e47000 	C:\WINDOWS\System32\ole32.dll
0x00007ffd94c70000 - 0x00007ffd94c8b000 	C:\WINDOWS\SYSTEM32\CRYPTSP.dll
0x00007ffd94380000 - 0x00007ffd943b9000 	C:\WINDOWS\system32\rsaenh.dll
0x00007ffd94a40000 - 0x00007ffd94a73000 	C:\WINDOWS\SYSTEM32\USERENV.dll
0x00007ffd95580000 - 0x00007ffd955aa000 	C:\WINDOWS\SYSTEM32\bcrypt.dll
0x00007ffd94c90000 - 0x00007ffd94c9c000 	C:\WINDOWS\SYSTEM32\CRYPTBASE.dll

JVMTI agents:
c:\Users\LENOVO\.antigravity\extensions\redhat.java-1.54.0-win32-x64\lombok\lombok-1.18.39-4050.jar path:c:\Users\LENOVO\.antigravity\extensions\redhat.java-1.54.0-win32-x64\jre\21.0.10-win32-x86_64\bin\instrument.dll, loaded, initialized, instrumentlib options:none

dbghelp: loaded successfully - version: 4.0.5 - missing functions: none
symbol engine: initialized successfully - sym options: 0x614 - pdb path: .;c:\Users\LENOVO\.antigravity\extensions\redhat.java-1.54.0-win32-x64\jre\21.0.10-win32-x86_64\bin;C:\WINDOWS\SYSTEM32;C:\WINDOWS\WinSxS\amd64_microsoft.windows.common-controls_6595b64144ccf1df_6.0.26100.8115_none_3e075c82e3354f9c;c:\Users\LENOVO\.antigravity\extensions\redhat.java-1.54.0-win32-x64\jre\21.0.10-win32-x86_64\bin\server;C:\Users\LENOVO\AppData\Roaming\Antigravity\User\globalStorage\redhat.java\1.54.0\config_ss_win\org.eclipse.equinox.launcher\org.eclipse.equinox.launcher.win32.win32.x86_64_1.3.0.v20260203-2149

VM Arguments:
jvm_args: --add-modules=ALL-SYSTEM --add-opens=java.base/java.util=ALL-UNNAMED --add-opens=java.base/java.lang=ALL-UNNAMED --add-opens=java.base/sun.nio.fs=ALL-UNNAMED -Declipse.application=org.eclipse.jdt.ls.core.id1 -Dosgi.bundles.defaultStartLevel=4 -Declipse.product=org.eclipse.jdt.ls.core.product -Djava.import.generatesMetadataFilesAtProjectRoot=false -DDetectVMInstallationsJob.disabled=true -Dfile.encoding=utf8 -XX:+UseParallelGC -XX:GCTimeRatio=4 -XX:AdaptiveSizePolicyWeight=90 -Dsun.zip.disableMemoryMapping=true -Xmx2G -Xms100m -Xlog:disable -javaagent:c:\Users\LENOVO\.antigravity\extensions\redhat.java-1.54.0-win32-x64\lombok\lombok-1.18.39-4050.jar 
java_command: c:\Users\LENOVO\.antigravity\extensions\redhat.java-1.54.0-win32-x64\server\plugins\org.eclipse.equinox.launcher_1.7.100.v20251111-0406.jar -configuration c:\Users\LENOVO\AppData\Roaming\Antigravity\User\globalStorage\redhat.java\1.54.0\config_ss_win -data c:\Users\LENOVO\AppData\Roaming\Antigravity\User\workspaceStorage\c32ad2883d698218fc90bdae50dd7373\redhat.java\ss_ws --pipe=\\.\pipe\lsp-740236a1a2312f89886f7ebcb7a05bab-sock
java_class_path (initial): c:\Users\LENOVO\.antigravity\extensions\redhat.java-1.54.0-win32-x64\server\plugins\org.eclipse.equinox.launcher_1.7.100.v20251111-0406.jar
Launcher Type: SUN_STANDARD

[Global flags]
    uintx AdaptiveSizePolicyWeight                 = 90                                        {product} {command line}
     intx CICompilerCount                          = 4                                         {product} {ergonomic}
    uintx GCTimeRatio                              = 4                                         {product} {command line}
   size_t InitialHeapSize                          = 104857600                                 {product} {command line}
   size_t MaxHeapSize                              = 2147483648                                {product} {command line}
   size_t MaxNewSize                               = 715653120                                 {product} {ergonomic}
   size_t MinHeapDeltaBytes                        = 524288                                    {product} {ergonomic}
   size_t MinHeapSize                              = 104857600                                 {product} {command line}
   size_t NewSize                                  = 34603008                                  {product} {ergonomic}
    uintx NonNMethodCodeHeapSize                   = 5839372                                {pd product} {ergonomic}
    uintx NonProfiledCodeHeapSize                  = 122909434                              {pd product} {ergonomic}
   size_t OldSize                                  = 70254592                                  {product} {ergonomic}
    uintx ProfiledCodeHeapSize                     = 122909434                              {pd product} {ergonomic}
    uintx ReservedCodeCacheSize                    = 251658240                              {pd product} {ergonomic}
     bool SegmentedCodeCache                       = true                                      {product} {ergonomic}
   size_t SoftMaxHeapSize                          = 2147483648                             {manageable} {ergonomic}
     bool UseCompressedOops                        = true                           {product lp64_product} {ergonomic}
     bool UseLargePagesIndividualAllocation        = false                                  {pd product} {ergonomic}
     bool UseParallelGC                            = true                                      {product} {command line}

Logging:
Log output configuration:
 #0: stdout all=off uptime,level,tags foldmultilines=false
 #1: stderr all=off uptime,level,tags foldmultilines=false

Release file:
JAVA_VERSION="21.0.10" 
MODULES="java.base java.compiler java.datatransfer java.xml java.prefs java.desktop java.instrument java.logging java.management java.security.sasl java.naming java.rmi java.management.rmi java.net.http java.scripting java.security.jgss java.transaction.xa java.sql java.sql.rowset java.xml.crypto java.se java.smartcardio jdk.accessibility jdk.internal.jvmstat jdk.attach jdk.charsets jdk.internal.opt jdk.zipfs jdk.compiler jdk.crypto.ec jdk.crypto.cryptoki jdk.crypto.mscapi jdk.dynalink jdk.internal.ed jdk.editpad jdk.hotspot.agent jdk.httpserver jdk.internal.le jdk.internal.vm.ci jdk.internal.vm.compiler jdk.internal.vm.compiler.management jdk.jartool jdk.javadoc jdk.jcmd jdk.management jdk.management.agent jdk.jconsole jdk.jdeps jdk.jdwp.agent jdk.jdi jdk.jfr jdk.jshell jdk.jsobject jdk.jstatd jdk.localedata jdk.management.jfr jdk.naming.dns jdk.naming.rmi jdk.net jdk.nio.mapmode jdk.random jdk.sctp jdk.security.auth jdk.security.jgss jdk.unsupported jdk.unsupported.desktop jdk.xml.dom" 

Environment Variables:
JAVA_HOME=C:\Program Files\Java\jdk-20
PATH=C:\Users\LENOVO\Downloads\apache-maven-3.9.14-bin\apache-maven-3.9.14\bin;C:\Program Files\MongoDB\Server\8.2\bin;C:\Program Files\Eclipse Adoptium\jdk-17.0.17.10-hotspot\bin;C:\oraclexe\app\oracle\product\11.2.0\server\bin;C:\xampp\php;C:\Program Files\MySQL\MySQL Server 8.0\bin;C:\Python 3.12\Python 3.12.exe;C:\Users\LENOVO\AppData\Local\Programs\Python\Python312\python.exe;C:\Users\LENOVO\Downloads\flutter_windows_3.16.0-stable\flutter\bin;C:\ProgramData\Oracle\Java\javapath;C:\Program Files\Java\jdk-21.0.1\bin;C:\Program Files\Common Files\Oracle\Java\javapath;C:\Program Files\Java\jdk-20\bin;C:\Users\LENOVO\Downloads\sqldeveloper-23.1.0.097.1607-x64\sqldeveloper\sqldeveloper\bin;C:\Users\LENOVO\Downloads\msys2-x86_64-20230318.exe;C:\WINDOWS\system32;C:\WINDOWS;C:\WINDOWS\System32\Wbem;C:\WINDOWS\System32\WindowsPowerShell\v1.0\;C:\WINDOWS\System32\OpenSSH\;C:\Program Files\Git\cmd;C:\Program Files\Git\bin;C:\Program Files\dotnet\;C:\Users\LENOVO\AppData\Local\Android\Sdk\platform-tools;C:\Users\LENOVO\AppData\Local\Android\Sdk\emulator;C:\Users\LENOVO\Downloads\php-8.3.11-nts-Win32-vs16-x64;C:\ProgramData\ComposerSetup\bin;C:\Program Files\nodejs\;C:\Program Files\Microsoft SQL Server\150\Tools\Binn\;C:\Program Files\Docker\Docker\resources\bin;C:\Program Files\Vagrant\bin;C:\Program Files\Cloudflare\Cloudflare WARP\;C:\Users\LENOVO\scoop\shims;C:\Program Files\MySQL\MySQL Shell 8.0\bin\;C:\Users\LENOVO\AppData\Local\Programs\Python\Launcher\;C:\Python27\python.exe;C:\Users\LENOVO\AppData\Local\Programs\Python\Python311;C:\Users\LENOVO\AppData\Local\Programs\Python\Python311\Scripts\;C:\Python27;C:\Users\LENOVO\AppData\Local\Microsoft\WindowsApps;C:\Program Files\JetBrains\PyCharm Community Edition 2023.1\bin;;C:\Users\LENOVO\AppData\Local\GitHubDesktop\bin;C:\Users\LENOVO\.dotnet\tools;C:\Program Files (x86)\Nmap;C:\Users\LENOVO\AppData\Local\Programs\MiKTeX\miktex\bin\x64\;C:\Users\LENOVO\AppData\Roaming\Composer\vendor\bin;C:\xampp\php;C:\Program Files\JetBrains\IntelliJ IDEA 2024.2.1\bin;;C:\Flex Windows\gcc\bin;C:\Flex Windows\Lex\bin;C:\Flex Windows\bison\bin;C:\Users\LENOVO\AppData\Local\Muse Hub\lib;C:\Users\LENOVO\AppData\Local\Programs\Microsoft VS Code\bin;C:\Users\LENOVO\AppData\Local\Programs\cursor\resources\app\bin;C:\Users\LENOVO\AppData\Roaming\npm;C:\Users\LENOVO\AppData\Local\Programs\Antigravity\bin;
USERNAME=LENOVO
OS=Windows_NT
PROCESSOR_IDENTIFIER=Intel64 Family 6 Model 140 Stepping 2, GenuineIntel
TMP=C:\Users\LENOVO\AppData\Local\Temp
TEMP=C:\Users\LENOVO\AppData\Local\Temp




Periodic native trim disabled

---------------  S Y S T E M  ---------------

OS:
 Windows 11 , 64 bit Build 26100 (10.0.26100.8246)
OS uptime: 0 days 7:01 hours
Hyper-V role detected

CPU: total 8 (initial active 8) (4 cores per cpu, 2 threads per core) family 6 model 140 stepping 2 microcode 0x26, cx8, cmov, fxsr, ht, mmx, 3dnowpref, sse, sse2, sse3, ssse3, sse4.1, sse4.2, popcnt, lzcnt, tsc, tscinvbit, avx, avx2, aes, erms, clmul, bmi1, bmi2, adx, avx512f, avx512dq, avx512cd, avx512bw, avx512vl, sha, fma, vzeroupper, avx512_vpopcntdq, avx512_vpclmulqdq, avx512_vaes, avx512_vnni, clflush, clflushopt, clwb, avx512_vbmi2, avx512_vbmi, hv, rdtscp, rdpid, fsrm, gfni, avx512_bitalg, f16c, cet_ibt, cet_ss, avx512_ifma
Processor Information for processor 0
  Max Mhz: 3187, Current Mhz: 995, Mhz Limit: 3187
Processor Information for processor 1
  Max Mhz: 3187, Current Mhz: 995, Mhz Limit: 3187
Processor Information for processor 2
  Max Mhz: 3187, Current Mhz: 3187, Mhz Limit: 3187
Processor Information for processor 3
  Max Mhz: 3187, Current Mhz: 3187, Mhz Limit: 3187
Processor Information for processor 4
  Max Mhz: 3187, Current Mhz: 3187, Mhz Limit: 3187
Processor Information for processor 5
  Max Mhz: 3187, Current Mhz: 3187, Mhz Limit: 3187
Processor Information for processor 6
  Max Mhz: 3187, Current Mhz: 3187, Mhz Limit: 3187
Processor Information for processor 7
  Max Mhz: 3187, Current Mhz: 3187, Mhz Limit: 3187

Memory: 4k page, system-wide physical 16167M (1403M free)
TotalPageFile size 21167M (AvailPageFile size 0M)
current process WorkingSet (physical memory assigned to process): 121M, peak: 121M
current process commit charge ("private bytes"): 263M, peak: 263M

vm_info: OpenJDK 64-Bit Server VM (21.0.10+7-LTS) for windows-amd64 JRE (21.0.10+7-LTS), built on 2026-01-20T00:00:00Z by "admin" with MS VC++ 17.12 (VS2022)

END.
