#
# There is insufficient memory for the Java Runtime Environment to continue.
# Native memory allocation (malloc) failed to allocate 602736 bytes. Error detail: Chunk::new
# Possible reasons:
#   The system is out of physical RAM or swap space
#   This process is running with CompressedOops enabled, and the Java Heap may be blocking the growth of the native heap
# Possible solutions:
#   Reduce memory load on the system
#   Increase physical memory or swap space
#   Check if swap backing store is full
#   Decrease Java heap size (-Xmx/-Xms)
#   Decrease number of Java threads
#   Decrease Java thread stack sizes (-Xss)
#   Set larger code cache with -XX:ReservedCodeCacheSize=
#   JVM is running with Unscaled Compressed Oops mode in which the Java heap is
#     placed in the first 4GB address space. The Java Heap base address is the
#     maximum limit for the native heap growth. Please use -XX:HeapBaseMinAddress
#     to set the Java Heap base and to place the Java Heap above 4GB virtual address.
# This output file may be truncated or incomplete.
#
#  Out of Memory Error (arena.cpp:168), pid=18692, tid=2636
#
# JRE version: OpenJDK Runtime Environment Temurin-21.0.10+7 (21.0.10+7) (build 21.0.10+7-LTS)
# Java VM: OpenJDK 64-Bit Server VM Temurin-21.0.10+7 (21.0.10+7-LTS, mixed mode, sharing, tiered, compressed oops, compressed class ptrs, parallel gc, windows-amd64)
# No core dump will be written. Minidumps are not enabled by default on client versions of Windows
#

---------------  S U M M A R Y ------------

Command Line: --add-modules=ALL-SYSTEM --add-opens=java.base/java.util=ALL-UNNAMED --add-opens=java.base/java.lang=ALL-UNNAMED --add-opens=java.base/sun.nio.fs=ALL-UNNAMED -Declipse.application=org.eclipse.jdt.ls.core.id1 -Dosgi.bundles.defaultStartLevel=4 -Declipse.product=org.eclipse.jdt.ls.core.product -Djava.import.generatesMetadataFilesAtProjectRoot=false -DDetectVMInstallationsJob.disabled=true -Dfile.encoding=utf8 -XX:+UseParallelGC -XX:GCTimeRatio=4 -XX:AdaptiveSizePolicyWeight=90 -Dsun.zip.disableMemoryMapping=true -Xmx2G -Xms100m -Xlog:disable -javaagent:c:\Users\LENOVO\.antigravity\extensions\redhat.java-1.54.0-win32-x64\lombok\lombok-1.18.39-4050.jar -XX:+HeapDumpOnOutOfMemoryError -XX:HeapDumpPath=c:\Users\LENOVO\AppData\Roaming\Antigravity\User\workspaceStorage\c32ad2883d698218fc90bdae50dd7373\redhat.java -Daether.dependencyCollector.impl=bf c:\Users\LENOVO\.antigravity\extensions\redhat.java-1.54.0-win32-x64\server\plugins\org.eclipse.equinox.launcher_1.7.100.v20251111-0406.jar -configuration c:\Users\LENOVO\AppData\Roaming\Antigravity\User\globalStorage\redhat.java\1.54.0\config_win -data c:\Users\LENOVO\AppData\Roaming\Antigravity\User\workspaceStorage\c32ad2883d698218fc90bdae50dd7373\redhat.java\jdt_ws --pipe=\\.\pipe\lsp-02da5316a5bf4fa6d4980143b9b1fd8c-sock

Host: 11th Gen Intel(R) Core(TM) i5-11320H @ 3.20GHz, 8 cores, 15G,  Windows 11 , 64 bit Build 26100 (10.0.26100.8246)
Time: Thu Apr 16 12:36:28 2026 Paris, Madrid elapsed time: 10.779632 seconds (0d 0h 0m 10s)

---------------  T H R E A D  ---------------

Current thread (0x000001eefe9703b0):  JavaThread "C2 CompilerThread2" daemon [_thread_in_native, id=2636, stack(0x000000e513500000,0x000000e513600000) (1024K)]


Current CompileTask:
C2:10779 2170       4       org.eclipse.osgi.util.ManifestElement::readLine (122 bytes)

Stack: [0x000000e513500000,0x000000e513600000]
Native frames: (J=compiled Java code, j=interpreted, Vv=VM code, C=native code)
V  [jvm.dll+0x6d7a39]
V  [jvm.dll+0x8b4b26]
V  [jvm.dll+0x8b70de]
V  [jvm.dll+0x8b77c3]
V  [jvm.dll+0x284346]
V  [jvm.dll+0xc66ed]
V  [jvm.dll+0xc6c31]
V  [jvm.dll+0x3bec01]
V  [jvm.dll+0x38b162]
V  [jvm.dll+0x38a5aa]
V  [jvm.dll+0x24c560]
V  [jvm.dll+0x24bb40]
V  [jvm.dll+0x1cb34e]
V  [jvm.dll+0x25b85d]
V  [jvm.dll+0x259dea]
V  [jvm.dll+0x3f857e]
V  [jvm.dll+0x85f59d]
V  [jvm.dll+0x6d626d]
C  [ucrtbase.dll+0x37b0]
C  [KERNEL32.DLL+0x2e8d7]
C  [ntdll.dll+0x8c3fc]


---------------  P R O C E S S  ---------------

Threads class SMR info:
_java_thread_list=0x000001eefe741010, length=17, elements={
0x000001eef220c320, 0x000001eef4643fd0, 0x000001eef4649330, 0x000001eef464be20,
0x000001eef464cb00, 0x000001eef4652f20, 0x000001eef4650730, 0x000001eef4655ed0,
0x000001eef465d540, 0x000001eefdbc0260, 0x000001eefdaae740, 0x000001eefe6dc0f0,
0x000001eefe79f320, 0x000001eefe796e20, 0x000001eefe7994a0, 0x000001eefdb89c40,
0x000001eefe9703b0
}

Java Threads: ( => current thread )
  0x000001eef220c320 JavaThread "main"                              [_thread_blocked, id=21264, stack(0x000000e511b00000,0x000000e511c00000) (1024K)]
  0x000001eef4643fd0 JavaThread "Reference Handler"          daemon [_thread_blocked, id=8792, stack(0x000000e511f00000,0x000000e512000000) (1024K)]
  0x000001eef4649330 JavaThread "Finalizer"                  daemon [_thread_blocked, id=5688, stack(0x000000e512000000,0x000000e512100000) (1024K)]
  0x000001eef464be20 JavaThread "Signal Dispatcher"          daemon [_thread_blocked, id=23400, stack(0x000000e512100000,0x000000e512200000) (1024K)]
  0x000001eef464cb00 JavaThread "Attach Listener"            daemon [_thread_blocked, id=24172, stack(0x000000e512200000,0x000000e512300000) (1024K)]
  0x000001eef4652f20 JavaThread "Service Thread"             daemon [_thread_blocked, id=6112, stack(0x000000e512300000,0x000000e512400000) (1024K)]
  0x000001eef4650730 JavaThread "Monitor Deflation Thread"   daemon [_thread_blocked, id=23208, stack(0x000000e512400000,0x000000e512500000) (1024K)]
  0x000001eef4655ed0 JavaThread "C2 CompilerThread0"         daemon [_thread_blocked, id=15552, stack(0x000000e512500000,0x000000e512600000) (1024K)]
  0x000001eef465d540 JavaThread "C1 CompilerThread0"         daemon [_thread_blocked, id=10772, stack(0x000000e512600000,0x000000e512700000) (1024K)]
  0x000001eefdbc0260 JavaThread "Common-Cleaner"             daemon [_thread_blocked, id=7488, stack(0x000000e512800000,0x000000e512900000) (1024K)]
  0x000001eefdaae740 JavaThread "Notification Thread"        daemon [_thread_blocked, id=7740, stack(0x000000e512700000,0x000000e512800000) (1024K)]
  0x000001eefe6dc0f0 JavaThread "Active Thread: Equinox Container: 53567fce-c754-44ea-870f-75a0f6cb6cd3"        [_thread_blocked, id=19344, stack(0x000000e513100000,0x000000e513200000) (1024K)]
  0x000001eefe79f320 JavaThread "Refresh Thread: Equinox Container: 53567fce-c754-44ea-870f-75a0f6cb6cd3" daemon [_thread_blocked, id=10196, stack(0x000000e513200000,0x000000e513300000) (1024K)]
  0x000001eefe796e20 JavaThread "Framework Event Dispatcher: Equinox Container: 53567fce-c754-44ea-870f-75a0f6cb6cd3" daemon [_thread_blocked, id=19128, stack(0x000000e513300000,0x000000e513400000) (1024K)]
  0x000001eefe7994a0 JavaThread "Start Level: Equinox Container: 53567fce-c754-44ea-870f-75a0f6cb6cd3" daemon [_thread_in_Java, id=18564, stack(0x000000e513400000,0x000000e513500000) (1024K)]
  0x000001eefdb89c40 JavaThread "C2 CompilerThread1"         daemon [_thread_in_native, id=21936, stack(0x000000e512900000,0x000000e512a00000) (1024K)]
=>0x000001eefe9703b0 JavaThread "C2 CompilerThread2"         daemon [_thread_in_native, id=2636, stack(0x000000e513500000,0x000000e513600000) (1024K)]
Total: 17

Other Threads:
  0x000001eef47747e0 VMThread "VM Thread"                           [id=13704, stack(0x000000e511e00000,0x000000e511f00000) (1024K)]
  0x000001eef4744430 WatcherThread "VM Periodic Task Thread"        [id=23488, stack(0x000000e511d00000,0x000000e511e00000) (1024K)]
  0x000001eef46f2780 WorkerThread "GC Thread#0"                     [id=7672, stack(0x000000e511c00000,0x000000e511d00000) (1024K)]
  0x000001eefe2cc2f0 WorkerThread "GC Thread#1"                     [id=7888, stack(0x000000e512b00000,0x000000e512c00000) (1024K)]
  0x000001eefe2cc6a0 WorkerThread "GC Thread#2"                     [id=23484, stack(0x000000e512c00000,0x000000e512d00000) (1024K)]
  0x000001eefe35b420 WorkerThread "GC Thread#3"                     [id=21792, stack(0x000000e512d00000,0x000000e512e00000) (1024K)]
  0x000001eefe35b7d0 WorkerThread "GC Thread#4"                     [id=23764, stack(0x000000e512e00000,0x000000e512f00000) (1024K)]
  0x000001eefe35bb80 WorkerThread "GC Thread#5"                     [id=8544, stack(0x000000e512f00000,0x000000e513000000) (1024K)]
  0x000001eefe35bf30 WorkerThread "GC Thread#6"                     [id=22796, stack(0x000000e513000000,0x000000e513100000) (1024K)]
  0x000001eefe3061d0 WorkerThread "GC Thread#7"                     [id=23736, stack(0x000000e512a00000,0x000000e512b00000) (1024K)]
Total: 10

Threads with active compile tasks:
C2 CompilerThread1  10795 2210 %     4       java.util.Properties$LineReader::readLine @ 53 (584 bytes)
C2 CompilerThread2  10795 2170       4       org.eclipse.osgi.util.ManifestElement::readLine (122 bytes)
Total: 2

VM state: not at safepoint (normal execution)

VM Mutex/Monitor currently owned by a thread: None

Heap address: 0x0000000080000000, size: 2048 MB, Compressed Oops mode: 32-bit

CDS archive(s) mapped at: [0x000001ee8f000000-0x000001ee8fba0000-0x000001ee8fba0000), size 12189696, SharedBaseAddress: 0x000001ee8f000000, ArchiveRelocationMode: 1.
Compressed class space mapped at: 0x000001ee90000000-0x000001eed0000000, reserved size: 1073741824
Narrow klass base: 0x000001ee8f000000, Narrow klass shift: 0, Narrow klass range: 0x100000000

GC Precious Log:
 CardTable entry size: 512
 CPUs: 8 total, 8 available
 Memory: 16167M
 Large Page Support: Disabled
 NUMA Support: Disabled
 Compressed Oops: Enabled (32-bit)
 Alignments: Space 512K, Generation 512K, Heap 2M
 Heap Min Capacity: 100M
 Heap Initial Capacity: 100M
 Heap Max Capacity: 2G
 Pre-touch: Disabled
 Parallel Workers: 8

Heap:
 PSYoungGen      total 29696K, used 28832K [0x00000000d5580000, 0x00000000d7680000, 0x0000000100000000)
  eden space 25600K, 96% used [0x00000000d5580000,0x00000000d6daaa60,0x00000000d6e80000)
  from space 4096K, 99% used [0x00000000d7280000,0x00000000d767d810,0x00000000d7680000)
  to   space 4096K, 0% used [0x00000000d6e80000,0x00000000d6e80000,0x00000000d7280000)
 ParOldGen       total 68608K, used 2039K [0x0000000080000000, 0x0000000084300000, 0x00000000d5580000)
  object space 68608K, 2% used [0x0000000080000000,0x00000000801fdeb8,0x0000000084300000)
 Metaspace       used 9427K, committed 9728K, reserved 1114112K
  class space    used 1001K, committed 1152K, reserved 1048576K

Card table byte_map: [0x000001eef4070000,0x000001eef4480000] _byte_map_base: 0x000001eef3c70000

Marking Bits: (ParMarkBitMap*) 0x00007fff505f3450
 Begin Bits: [0x000001eef7b80000, 0x000001eef9b80000)
 End Bits:   [0x000001eef9b80000, 0x000001eefbb80000)

Polling page: 0x000001eef2490000

Metaspace:

Usage:
  Non-class:      8.23 MB used.
      Class:   1001.73 KB used.
       Both:      9.21 MB used.

Virtual space:
  Non-class space:       64.00 MB reserved,       8.38 MB ( 13%) committed,  1 nodes.
      Class space:        1.00 GB reserved,       1.12 MB ( <1%) committed,  1 nodes.
             Both:        1.06 GB reserved,       9.50 MB ( <1%) committed. 

Chunk freelists:
   Non-Class:  6.70 MB
       Class:  14.79 MB
        Both:  21.49 MB

MaxMetaspaceSize: unlimited
CompressedClassSpaceSize: 1.00 GB
Initial GC threshold: 21.00 MB
Current GC threshold: 21.00 MB
CDS: on
 - commit_granule_bytes: 65536.
 - commit_granule_words: 8192.
 - virtual_space_node_default_size: 8388608.
 - enlarge_chunks_in_place: 1.
 - use_allocation_guard: 0.


Internal statistics:

num_allocs_failed_limit: 0.
num_arena_births: 258.
num_arena_deaths: 0.
num_vsnodes_births: 2.
num_vsnodes_deaths: 0.
num_space_committed: 152.
num_space_uncommitted: 0.
num_chunks_returned_to_freelist: 0.
num_chunks_taken_from_freelist: 509.
num_chunk_merges: 0.
num_chunk_splits: 319.
num_chunks_enlarged: 210.
num_inconsistent_stats: 0.

CodeHeap 'non-profiled nmethods': size=120000Kb used=1028Kb max_used=1028Kb free=118971Kb
 bounds [0x000001ee87ad0000, 0x000001ee87d40000, 0x000001ee8f000000]
CodeHeap 'profiled nmethods': size=120000Kb used=4104Kb max_used=4104Kb free=115896Kb
 bounds [0x000001ee80000000, 0x000001ee80410000, 0x000001ee87530000]
CodeHeap 'non-nmethods': size=5760Kb used=1239Kb max_used=1271Kb free=4520Kb
 bounds [0x000001ee87530000, 0x000001ee877a0000, 0x000001ee87ad0000]
CodeCache: size=245760Kb, used=6371Kb, max_used=6403Kb, free=239387Kb
 total_blobs=2698, nmethods=2206, adapters=398, full_count=0
Compilation: enabled, stopped_count=0, restarted_count=0

Compilation events (20 events):
Event: 7.732 Thread 0x000001eef465d540 nmethod 2191 0x000001ee803fe490 code [0x000001ee803fe660, 0x000001ee803fe918]
Event: 7.735 Thread 0x000001eef4655ed0 nmethod 2164% 0x000001ee87bcd190 code [0x000001ee87bcd440, 0x000001ee87bcea80]
Event: 7.735 Thread 0x000001eefdb89c40 2193       4       java.util.concurrent.locks.ReentrantLock$NonfairSync::initialTryLock (58 bytes)
Event: 7.736 Thread 0x000001eefdb89c40 nmethod 2193 0x000001ee87bcf890 code [0x000001ee87bcfa20, 0x000001ee87bcfb38]
Event: 8.518 Thread 0x000001eef465d540 2194       3       jdk.internal.misc.Unsafe::weakCompareAndSetReference (11 bytes)
Event: 8.519 Thread 0x000001eef465d540 nmethod 2194 0x000001ee803fea10 code [0x000001ee803feba0, 0x000001ee803fece0]
Event: 8.751 Thread 0x000001eef465d540 2195       1       org.eclipse.osgi.internal.loader.classpath.ClasspathManager::getFragmentClasspaths (5 bytes)
Event: 8.751 Thread 0x000001eef465d540 nmethod 2195 0x000001ee87bcfc10 code [0x000001ee87bcfda0, 0x000001ee87bcfe68]
Event: 8.751 Thread 0x000001eef465d540 2196       3       java.util.stream.AbstractSpinedBuffer::count (31 bytes)
Event: 8.752 Thread 0x000001eef465d540 nmethod 2196 0x000001ee803fed90 code [0x000001ee803fef40, 0x000001ee803ff0f8]
Event: 9.079 Thread 0x000001eef465d540 2199       3       java.util.concurrent.locks.LockSupport::setBlocker (12 bytes)
Event: 9.080 Thread 0x000001eef465d540 nmethod 2199 0x000001ee803ff210 code [0x000001ee803ff3c0, 0x000001ee803ff5c8]
Event: 9.080 Thread 0x000001eef465d540 2200       3       jdk.internal.misc.Unsafe::putReferenceOpaque (9 bytes)
Event: 9.080 Thread 0x000001eef465d540 nmethod 2200 0x000001ee803ff690 code [0x000001ee803ff820, 0x000001ee803ff950]
Event: 9.762 Thread 0x000001eef465d540 2203       3       java.lang.invoke.InvokerBytecodeGenerator::isStaticallyNameable (148 bytes)
Event: 9.763 Thread 0x000001eef465d540 nmethod 2203 0x000001ee803ffa10 code [0x000001ee803ffcc0, 0x000001ee80400750]
Event: 9.763 Thread 0x000001eef465d540 2204       3       java.lang.invoke.MethodHandles$Lookup$ClassFile::newInstanceNoCheck (11 bytes)
Event: 9.763 Thread 0x000001eef465d540 nmethod 2204 0x000001ee80400a90 code [0x000001ee80400c40, 0x000001ee80400e78]
Event: 9.763 Thread 0x000001eef465d540 2205       3       java.lang.invoke.MethodHandles$Lookup$ClassFile::<init> (20 bytes)
Event: 9.763 Thread 0x000001eef465d540 nmethod 2205 0x000001ee80400f90 code [0x000001ee80401140, 0x000001ee804012e0]

GC Heap History (4 events):
Event: 1.056 GC heap before
{Heap before GC invocations=1 (full 0):
 PSYoungGen      total 29696K, used 25600K [0x00000000d5580000, 0x00000000d7680000, 0x0000000100000000)
  eden space 25600K, 100% used [0x00000000d5580000,0x00000000d6e80000,0x00000000d6e80000)
  from space 4096K, 0% used [0x00000000d7280000,0x00000000d7280000,0x00000000d7680000)
  to   space 4096K, 0% used [0x00000000d6e80000,0x00000000d6e80000,0x00000000d7280000)
 ParOldGen       total 68608K, used 0K [0x0000000080000000, 0x0000000084300000, 0x00000000d5580000)
  object space 68608K, 0% used [0x0000000080000000,0x0000000080000000,0x0000000084300000)
 Metaspace       used 4352K, committed 4608K, reserved 1114112K
  class space    used 473K, committed 576K, reserved 1048576K
}
Event: 1.063 GC heap after
{Heap after GC invocations=1 (full 0):
 PSYoungGen      total 29696K, used 3335K [0x00000000d5580000, 0x00000000d7680000, 0x0000000100000000)
  eden space 25600K, 0% used [0x00000000d5580000,0x00000000d5580000,0x00000000d6e80000)
  from space 4096K, 81% used [0x00000000d6e80000,0x00000000d71c1e98,0x00000000d7280000)
  to   space 4096K, 0% used [0x00000000d7280000,0x00000000d7280000,0x00000000d7680000)
 ParOldGen       total 68608K, used 8K [0x0000000080000000, 0x0000000084300000, 0x00000000d5580000)
  object space 68608K, 0% used [0x0000000080000000,0x0000000080002000,0x0000000084300000)
 Metaspace       used 4352K, committed 4608K, reserved 1114112K
  class space    used 473K, committed 576K, reserved 1048576K
}
Event: 2.212 GC heap before
{Heap before GC invocations=2 (full 0):
 PSYoungGen      total 29696K, used 28935K [0x00000000d5580000, 0x00000000d7680000, 0x0000000100000000)
  eden space 25600K, 100% used [0x00000000d5580000,0x00000000d6e80000,0x00000000d6e80000)
  from space 4096K, 81% used [0x00000000d6e80000,0x00000000d71c1e98,0x00000000d7280000)
  to   space 4096K, 0% used [0x00000000d7280000,0x00000000d7280000,0x00000000d7680000)
 ParOldGen       total 68608K, used 8K [0x0000000080000000, 0x0000000084300000, 0x00000000d5580000)
  object space 68608K, 0% used [0x0000000080000000,0x0000000080002000,0x0000000084300000)
 Metaspace       used 8009K, committed 8256K, reserved 1114112K
  class space    used 829K, committed 960K, reserved 1048576K
}
Event: 2.217 GC heap after
{Heap after GC invocations=2 (full 0):
 PSYoungGen      total 29696K, used 4086K [0x00000000d5580000, 0x00000000d7680000, 0x0000000100000000)
  eden space 25600K, 0% used [0x00000000d5580000,0x00000000d5580000,0x00000000d6e80000)
  from space 4096K, 99% used [0x00000000d7280000,0x00000000d767d810,0x00000000d7680000)
  to   space 4096K, 0% used [0x00000000d6e80000,0x00000000d6e80000,0x00000000d7280000)
 ParOldGen       total 68608K, used 2039K [0x0000000080000000, 0x0000000084300000, 0x00000000d5580000)
  object space 68608K, 2% used [0x0000000080000000,0x00000000801fdeb8,0x0000000084300000)
 Metaspace       used 8009K, committed 8256K, reserved 1114112K
  class space    used 829K, committed 960K, reserved 1048576K
}

Dll operation events (9 events):
Event: 0.015 Loaded shared library c:\Users\LENOVO\.antigravity\extensions\redhat.java-1.54.0-win32-x64\jre\21.0.10-win32-x86_64\bin\java.dll
Event: 0.081 Loaded shared library c:\Users\LENOVO\.antigravity\extensions\redhat.java-1.54.0-win32-x64\jre\21.0.10-win32-x86_64\bin\zip.dll
Event: 0.133 Loaded shared library C:\Users\LENOVO\.antigravity\extensions\redhat.java-1.54.0-win32-x64\jre\21.0.10-win32-x86_64\bin\instrument.dll
Event: 0.139 Loaded shared library C:\Users\LENOVO\.antigravity\extensions\redhat.java-1.54.0-win32-x64\jre\21.0.10-win32-x86_64\bin\net.dll
Event: 0.142 Loaded shared library C:\Users\LENOVO\.antigravity\extensions\redhat.java-1.54.0-win32-x64\jre\21.0.10-win32-x86_64\bin\nio.dll
Event: 0.145 Loaded shared library C:\Users\LENOVO\.antigravity\extensions\redhat.java-1.54.0-win32-x64\jre\21.0.10-win32-x86_64\bin\zip.dll
Event: 0.172 Loaded shared library C:\Users\LENOVO\.antigravity\extensions\redhat.java-1.54.0-win32-x64\jre\21.0.10-win32-x86_64\bin\jimage.dll
Event: 0.318 Loaded shared library c:\Users\LENOVO\.antigravity\extensions\redhat.java-1.54.0-win32-x64\jre\21.0.10-win32-x86_64\bin\verify.dll
Event: 2.250 Loaded shared library C:\Users\LENOVO\AppData\Roaming\Antigravity\User\globalStorage\redhat.java\1.54.0\config_win\org.eclipse.equinox.launcher\org.eclipse.equinox.launcher.win32.win32.x86_64_1.3.0.v20260203-2149\eclipse_11919.dll

Deoptimization events (20 events):
Event: 5.667 Thread 0x000001eefe7994a0 Uncommon trap: trap_request=0xffffffde fr.pc=0x000001ee87bae2e4 relative=0x0000000000000304
Event: 5.667 Thread 0x000001eefe7994a0 Uncommon trap: reason=class_check action=maybe_recompile pc=0x000001ee87bae2e4 method=java.util.regex.Pattern$BmpCharPropertyGreedy.match(Ljava/util/regex/Matcher;ILjava/lang/CharSequence;)Z @ 26 c2
Event: 5.667 Thread 0x000001eefe7994a0 DEOPT PACKING pc=0x000001ee87bae2e4 sp=0x000000e5134fdab0
Event: 5.667 Thread 0x000001eefe7994a0 DEOPT UNPACKING pc=0x000001ee87586da2 sp=0x000000e5134fda68 mode 2
Event: 5.667 Thread 0x000001eefe7994a0 Uncommon trap: trap_request=0xffffffde fr.pc=0x000001ee87bae2e4 relative=0x0000000000000304
Event: 5.667 Thread 0x000001eefe7994a0 Uncommon trap: reason=class_check action=maybe_recompile pc=0x000001ee87bae2e4 method=java.util.regex.Pattern$BmpCharPropertyGreedy.match(Ljava/util/regex/Matcher;ILjava/lang/CharSequence;)Z @ 26 c2
Event: 5.667 Thread 0x000001eefe7994a0 DEOPT PACKING pc=0x000001ee87bae2e4 sp=0x000000e5134fd9b0
Event: 5.667 Thread 0x000001eefe7994a0 DEOPT UNPACKING pc=0x000001ee87586da2 sp=0x000000e5134fd948 mode 2
Event: 5.667 Thread 0x000001eefe7994a0 Uncommon trap: trap_request=0xffffffde fr.pc=0x000001ee87bae2e4 relative=0x0000000000000304
Event: 5.667 Thread 0x000001eefe7994a0 Uncommon trap: reason=class_check action=maybe_recompile pc=0x000001ee87bae2e4 method=java.util.regex.Pattern$BmpCharPropertyGreedy.match(Ljava/util/regex/Matcher;ILjava/lang/CharSequence;)Z @ 26 c2
Event: 5.667 Thread 0x000001eefe7994a0 DEOPT PACKING pc=0x000001ee87bae2e4 sp=0x000000e5134fdab0
Event: 5.667 Thread 0x000001eefe7994a0 DEOPT UNPACKING pc=0x000001ee87586da2 sp=0x000000e5134fda68 mode 2
Event: 5.667 Thread 0x000001eefe7994a0 Uncommon trap: trap_request=0xffffffde fr.pc=0x000001ee87bae2e4 relative=0x0000000000000304
Event: 5.667 Thread 0x000001eefe7994a0 Uncommon trap: reason=class_check action=maybe_recompile pc=0x000001ee87bae2e4 method=java.util.regex.Pattern$BmpCharPropertyGreedy.match(Ljava/util/regex/Matcher;ILjava/lang/CharSequence;)Z @ 26 c2
Event: 5.667 Thread 0x000001eefe7994a0 DEOPT PACKING pc=0x000001ee87bae2e4 sp=0x000000e5134fd9b0
Event: 5.667 Thread 0x000001eefe7994a0 DEOPT UNPACKING pc=0x000001ee87586da2 sp=0x000000e5134fd948 mode 2
Event: 6.718 Thread 0x000001eefe7994a0 DEOPT PACKING pc=0x000001ee803c9275 sp=0x000000e5134fdfe0
Event: 6.718 Thread 0x000001eefe7994a0 DEOPT UNPACKING pc=0x000001ee875878e2 sp=0x000000e5134fd4c0 mode 0
Event: 7.731 Thread 0x000001eefe7994a0 DEOPT PACKING pc=0x000001ee803c9275 sp=0x000000e5134fdfe0
Event: 7.731 Thread 0x000001eefe7994a0 DEOPT UNPACKING pc=0x000001ee875878e2 sp=0x000000e5134fd4c0 mode 0

Classes loaded (20 events):
Event: 2.468 Loading class java/util/ResourceBundle$BundleReference
Event: 2.469 Loading class java/util/ResourceBundle$BundleReference done
Event: 2.469 Loading class sun/util/logging/resources/logging_fr
Event: 2.469 Loading class sun/util/logging/resources/logging_fr done
Event: 2.470 Loading class sun/util/logging/resources/logging_fr_FR
Event: 2.470 Loading class sun/util/logging/resources/logging_fr_FR done
Event: 2.470 Loading class sun/util/logging/resources/logging_fr_FR
Event: 2.470 Loading class sun/util/logging/resources/logging_fr_FR done
Event: 2.473 Loading class java/util/Formatter$DateTime
Event: 2.473 Loading class java/util/Formatter$DateTime done
Event: 2.474 Loading class java/util/Formatter$FixedString
Event: 2.474 Loading class java/util/Formatter$FixedString done
Event: 2.474 Loading class java/time/ZonedDateTime$1
Event: 2.474 Loading class java/time/ZonedDateTime$1 done
Event: 2.478 Loading class jdk/internal/module/ModulePatcher$PatchedModuleReader
Event: 2.478 Loading class jdk/internal/module/ModulePatcher$PatchedModuleReader done
Event: 2.485 Loading class sun/text/resources/cldr/FormatData_en
Event: 2.486 Loading class sun/text/resources/cldr/FormatData_en done
Event: 2.487 Loading class sun/text/resources/cldr/FormatData_en_US
Event: 2.487 Loading class sun/text/resources/cldr/FormatData_en_US done

Classes unloaded (0 events):
No events

Classes redefined (0 events):
No events

Internal exceptions (20 events):
Event: 1.142 Thread 0x000001eef220c320 Implicit null exception at 0x000001ee87b344c9 to 0x000001ee87b34e5c
Event: 1.143 Thread 0x000001eef220c320 Implicit null exception at 0x000001ee87b3b79a to 0x000001ee87b3b9a0
Event: 1.143 Thread 0x000001eef220c320 Exception <a 'java/lang/NoSuchMethodError'{0x00000000d573b7c0}: 'void java.lang.invoke.DirectMethodHandle$Holder.invokeStatic(java.lang.Object, java.lang.Object, java.lang.Object, java.lang.Object)'> (0x00000000d573b7c0) 
thrown [s\src\hotspot\share\interpreter\linkResolver.cpp, line 773]
Event: 1.146 Thread 0x000001eef220c320 Implicit null exception at 0x000001ee87b4301a to 0x000001ee87b43224
Event: 1.146 Thread 0x000001eef220c320 Implicit null exception at 0x000001ee87b3673d to 0x000001ee87b367c1
Event: 1.281 Thread 0x000001eef220c320 Exception <a 'java/lang/NoSuchMethodError'{0x00000000d59e63e8}: 'void java.lang.invoke.DirectMethodHandle$Holder.invokeSpecial(java.lang.Object, java.lang.Object, java.lang.Object)'> (0x00000000d59e63e8) 
thrown [s\src\hotspot\share\interpreter\linkResolver.cpp, line 773]
Event: 1.622 Thread 0x000001eef220c320 Exception <a 'java/lang/NoSuchMethodError'{0x00000000d645c458}: 'int java.lang.invoke.DirectMethodHandle$Holder.invokeVirtual(java.lang.Object, java.lang.Object)'> (0x00000000d645c458) 
thrown [s\src\hotspot\share\interpreter\linkResolver.cpp, line 773]
Event: 1.661 Thread 0x000001eef220c320 Exception <a 'java/lang/NoSuchMethodError'{0x00000000d65d3940}: 'int java.lang.invoke.DirectMethodHandle$Holder.invokeStaticInit(java.lang.Object, java.lang.Object, java.lang.Object, java.lang.Object)'> (0x00000000d65d3940) 
thrown [s\src\hotspot\share\interpreter\linkResolver.cpp, line 773]
Event: 1.662 Thread 0x000001eef220c320 Exception <a 'java/lang/IncompatibleClassChangeError'{0x00000000d65dbd48}: Found class java.lang.Object, but interface was expected> (0x00000000d65dbd48) 
thrown [s\src\hotspot\share\interpreter\linkResolver.cpp, line 840]
Event: 1.662 Thread 0x000001eef220c320 Exception <a 'java/lang/NoSuchMethodError'{0x00000000d65e22f8}: 'void java.lang.invoke.DirectMethodHandle$Holder.invokeStaticInit(java.lang.Object, java.lang.Object)'> (0x00000000d65e22f8) 
thrown [s\src\hotspot\share\interpreter\linkResolver.cpp, line 773]
Event: 1.663 Thread 0x000001eef220c320 Exception <a 'java/lang/NoSuchMethodError'{0x00000000d65eb4d0}: 'int java.lang.invoke.DirectMethodHandle$Holder.invokeStaticInit(java.lang.Object, java.lang.Object)'> (0x00000000d65eb4d0) 
thrown [s\src\hotspot\share\interpreter\linkResolver.cpp, line 773]
Event: 1.776 Thread 0x000001eef220c320 Exception <a 'java/lang/NoSuchMethodError'{0x00000000d6831ee8}: 'java.lang.Object java.lang.invoke.DirectMethodHandle$Holder.newInvokeSpecial(java.lang.Object, int, java.lang.Object)'> (0x00000000d6831ee8) 
thrown [s\src\hotspot\share\interpreter\linkResolver.cpp, line 773]
Event: 1.831 Thread 0x000001eef220c320 Exception <a 'java/lang/ClassNotFoundException'{0x00000000d6a4b228}: sun/net/www/protocol/plurl/Handler> (0x00000000d6a4b228) 
thrown [s\src\hotspot\share\classfile\systemDictionary.cpp, line 312]
Event: 1.832 Thread 0x000001eef220c320 Exception <a 'java/lang/ClassNotFoundException'{0x00000000d6a4c0a8}: sun/net/www/protocol/plurl/Handler> (0x00000000d6a4c0a8) 
thrown [s\src\hotspot\share\classfile\systemDictionary.cpp, line 312]
Event: 2.243 Thread 0x000001eef220c320 Exception <a 'java/lang/UnsatisfiedLinkError'{0x00000000d55f4440}: 'void org.eclipse.equinox.launcher.JNIBridge._update_splash()'> (0x00000000d55f4440) 
thrown [s\src\hotspot\share\prims\nativeLookup.cpp, line 415]
Event: 2.293 Thread 0x000001eefe79f320 Exception <a 'java/lang/NoSuchMethodError'{0x00000000d586b130}: 'void java.lang.invoke.DirectMethodHandle$Holder.invokeInterface(java.lang.Object, java.lang.Object, java.lang.Object)'> (0x00000000d586b130) 
thrown [s\src\hotspot\share\interpreter\linkResolver.cpp, line 773]
Event: 2.425 Thread 0x000001eefe7994a0 Exception <a 'java/lang/NoSuchMethodError'{0x00000000d5ccde78}: 'java.lang.Object java.lang.invoke.DirectMethodHandle$Holder.newInvokeSpecial(java.lang.Object, java.lang.Object, int, java.lang.Object)'> (0x00000000d5ccde78) 
thrown [s\src\hotspot\share\interpreter\linkResolver.cpp, line 773]
Event: 2.425 Thread 0x000001eefe7994a0 Exception <a 'java/lang/NoSuchMethodError'{0x00000000d5cd1ca8}: 'java.lang.Object java.lang.invoke.DirectMethodHandle$Holder.invokeSpecial(java.lang.Object, java.lang.Object, java.lang.Object, int, java.lang.Object)'> (0x00000000d5cd1ca8) 
thrown [s\src\hotspot\share\interpreter\linkResolver.cpp, line 773]
Event: 2.447 Thread 0x000001eefe7994a0 Exception <a 'java/lang/NoClassDefFoundError'{0x00000000d5d78d80}: jakarta/servlet/ServletContainerInitializer> (0x00000000d5d78d80) 
thrown [s\src\hotspot\share\classfile\systemDictionary.cpp, line 301]
Event: 2.467 Thread 0x000001eefe7994a0 Exception <a 'java/lang/ClassNotFoundException'{0x00000000d5e7c910}: sun/util/logging/resources/spi/loggingProvider> (0x00000000d5e7c910) 
thrown [s\src\hotspot\share\classfile\systemDictionary.cpp, line 312]

ZGC Phase Switch (0 events):
No events

VM Operations (20 events):
Event: 1.819 Executing non-safepoint VM operation: HandshakeAllThreads (Deoptimize)
Event: 1.819 Executing non-safepoint VM operation: HandshakeAllThreads (Deoptimize) done
Event: 1.951 Executing safepoint VM operation: ICBufferFull
Event: 1.951 Executing safepoint VM operation: ICBufferFull done
Event: 2.212 Executing safepoint VM operation: ParallelGCFailedAllocation (Allocation Failure)
Event: 2.217 Executing safepoint VM operation: ParallelGCFailedAllocation (Allocation Failure) done
Event: 2.478 Executing non-safepoint VM operation: HandshakeAllThreads (Deoptimize)
Event: 2.479 Executing non-safepoint VM operation: HandshakeAllThreads (Deoptimize) done
Event: 2.490 Executing non-safepoint VM operation: HandshakeAllThreads (Deoptimize)
Event: 2.490 Executing non-safepoint VM operation: HandshakeAllThreads (Deoptimize) done
Event: 2.509 Executing non-safepoint VM operation: HandshakeAllThreads (Deoptimize)
Event: 2.509 Executing non-safepoint VM operation: HandshakeAllThreads (Deoptimize) done
Event: 3.519 Executing safepoint VM operation: Cleanup
Event: 3.520 Executing safepoint VM operation: Cleanup done
Event: 6.559 Executing safepoint VM operation: Cleanup
Event: 6.559 Executing safepoint VM operation: Cleanup done
Event: 7.561 Executing safepoint VM operation: Cleanup
Event: 7.561 Executing safepoint VM operation: Cleanup done
Event: 9.569 Executing safepoint VM operation: Cleanup
Event: 9.569 Executing safepoint VM operation: Cleanup done

Memory protections (0 events):
No events

Nmethod flushes (0 events):
No events

Events (20 events):
Event: 0.046 Thread 0x000001eef220c320 Thread added: 0x000001eef4652f20
Event: 0.046 Thread 0x000001eef220c320 Thread added: 0x000001eef4650730
Event: 0.046 Thread 0x000001eef220c320 Thread added: 0x000001eef4655ed0
Event: 0.046 Thread 0x000001eef220c320 Thread added: 0x000001eef465d540
Event: 0.122 Thread 0x000001eef465d540 Thread added: 0x000001eefdae2f60
Event: 0.135 Thread 0x000001eef220c320 Thread added: 0x000001eefdbc0260
Event: 0.494 Thread 0x000001eefdae2f60 Thread exited: 0x000001eefdae2f60
Event: 0.525 Thread 0x000001eef220c320 Thread added: 0x000001eefdaae740
Event: 0.535 Thread 0x000001eef465d540 Thread added: 0x000001eefdd120d0
Event: 0.623 Thread 0x000001eef465d540 Thread added: 0x000001eefdcda480
Event: 1.249 Thread 0x000001eefdcda480 Thread exited: 0x000001eefdcda480
Event: 1.377 Thread 0x000001eef465d540 Thread added: 0x000001eefe2bf630
Event: 1.674 Thread 0x000001eef220c320 Thread added: 0x000001eefe6dc0f0
Event: 2.168 Thread 0x000001eefe2bf630 Thread exited: 0x000001eefe2bf630
Event: 2.240 Thread 0x000001eef220c320 Thread added: 0x000001eefe79f320
Event: 2.297 Thread 0x000001eefe79f320 Thread added: 0x000001eefe796e20
Event: 2.300 Thread 0x000001eef220c320 Thread added: 0x000001eefe7994a0
Event: 2.339 Thread 0x000001eefdd120d0 Thread exited: 0x000001eefdd120d0
Event: 2.517 Thread 0x000001eef465d540 Thread added: 0x000001eefdb89c40
Event: 2.517 Thread 0x000001eef465d540 Thread added: 0x000001eefe9703b0


Dynamic libraries:
0x00007ff6038f0000 - 0x00007ff6038fe000 	c:\Users\LENOVO\.antigravity\extensions\redhat.java-1.54.0-win32-x64\jre\21.0.10-win32-x86_64\bin\java.exe
0x00007ff8033a0000 - 0x00007ff803607000 	C:\WINDOWS\SYSTEM32\ntdll.dll
0x00007ff8027d0000 - 0x00007ff802899000 	C:\WINDOWS\System32\KERNEL32.DLL
0x00007ff800140000 - 0x00007ff800534000 	C:\WINDOWS\System32\KERNELBASE.dll
0x00007ff800770000 - 0x00007ff8008bb000 	C:\WINDOWS\System32\ucrtbase.dll
0x00007fffe83f0000 - 0x00007fffe8408000 	c:\Users\LENOVO\.antigravity\extensions\redhat.java-1.54.0-win32-x64\jre\21.0.10-win32-x86_64\bin\jli.dll
0x00007ff8021b0000 - 0x00007ff802375000 	C:\WINDOWS\System32\USER32.dll
0x00007ff800050000 - 0x00007ff800077000 	C:\WINDOWS\System32\win32u.dll
0x00007ff802b10000 - 0x00007ff802b3b000 	C:\WINDOWS\System32\GDI32.dll
0x00007fffffec0000 - 0x00007ffffffeb000 	C:\WINDOWS\System32\gdi32full.dll
0x00007fffffca0000 - 0x00007fffffd43000 	C:\WINDOWS\System32\msvcp_win.dll
0x00007fffe83d0000 - 0x00007fffe83ee000 	c:\Users\LENOVO\.antigravity\extensions\redhat.java-1.54.0-win32-x64\jre\21.0.10-win32-x86_64\bin\VCRUNTIME140.dll
0x00007fffe2d50000 - 0x00007fffe2fe3000 	C:\WINDOWS\WinSxS\amd64_microsoft.windows.common-controls_6595b64144ccf1df_6.0.26100.8115_none_3e075c82e3354f9c\COMCTL32.dll
0x00007ff8032b0000 - 0x00007ff803359000 	C:\WINDOWS\System32\msvcrt.dll
0x00007ff802170000 - 0x00007ff8021a2000 	C:\WINDOWS\System32\IMM32.DLL
0x00007fffe83c0000 - 0x00007fffe83cc000 	c:\Users\LENOVO\.antigravity\extensions\redhat.java-1.54.0-win32-x64\jre\21.0.10-win32-x86_64\bin\vcruntime140_1.dll
0x00007fffc5a20000 - 0x00007fffc5aad000 	c:\Users\LENOVO\.antigravity\extensions\redhat.java-1.54.0-win32-x64\jre\21.0.10-win32-x86_64\bin\msvcp140.dll
0x00007fff4f930000 - 0x00007fff506d1000 	c:\Users\LENOVO\.antigravity\extensions\redhat.java-1.54.0-win32-x64\jre\21.0.10-win32-x86_64\bin\server\jvm.dll
0x00007ff802b40000 - 0x00007ff802bf6000 	C:\WINDOWS\System32\ADVAPI32.dll
0x00007ff8030a0000 - 0x00007ff803147000 	C:\WINDOWS\System32\sechost.dll
0x00007ff8026b0000 - 0x00007ff8027c8000 	C:\WINDOWS\System32\RPCRT4.dll
0x00007ff802e70000 - 0x00007ff802ef0000 	C:\WINDOWS\System32\WS2_32.dll
0x00007ffff7240000 - 0x00007ffff7276000 	C:\WINDOWS\SYSTEM32\WINMM.dll
0x00007fffffab0000 - 0x00007fffffb0e000 	C:\WINDOWS\SYSTEM32\POWRPROF.dll
0x00007ffff6e80000 - 0x00007ffff6e8b000 	C:\WINDOWS\SYSTEM32\VERSION.dll
0x00007fffffa90000 - 0x00007fffffaa4000 	C:\WINDOWS\SYSTEM32\UMPDC.dll
0x00007ffffe9f0000 - 0x00007ffffea0b000 	C:\WINDOWS\SYSTEM32\kernel.appcore.dll
0x00007fffe8350000 - 0x00007fffe835a000 	c:\Users\LENOVO\.antigravity\extensions\redhat.java-1.54.0-win32-x64\jre\21.0.10-win32-x86_64\bin\jimage.dll
0x00007ffffb0b0000 - 0x00007ffffb2f2000 	C:\WINDOWS\SYSTEM32\DBGHELP.DLL
0x00007ff801de0000 - 0x00007ff802162000 	C:\WINDOWS\System32\combase.dll
0x00007ff802f00000 - 0x00007ff802fd8000 	C:\WINDOWS\System32\OLEAUT32.dll
0x00007fffdd500000 - 0x00007fffdd53b000 	C:\WINDOWS\SYSTEM32\dbgcore.DLL
0x00007ff8006c0000 - 0x00007ff800765000 	C:\WINDOWS\System32\bcryptPrimitives.dll
0x00007fffe8340000 - 0x00007fffe834f000 	c:\Users\LENOVO\.antigravity\extensions\redhat.java-1.54.0-win32-x64\jre\21.0.10-win32-x86_64\bin\instrument.dll
0x00007fffdbbc0000 - 0x00007fffdbbe0000 	c:\Users\LENOVO\.antigravity\extensions\redhat.java-1.54.0-win32-x64\jre\21.0.10-win32-x86_64\bin\java.dll
0x00007ff801670000 - 0x00007ff801dd7000 	C:\WINDOWS\System32\SHELL32.dll
0x00007fffffd50000 - 0x00007fffffeba000 	C:\WINDOWS\System32\wintypes.dll
0x00007ff8008c0000 - 0x00007ff801128000 	C:\WINDOWS\System32\windows.storage.dll
0x00007ff802520000 - 0x00007ff802618000 	C:\WINDOWS\System32\SHCORE.dll
0x00007ff802640000 - 0x00007ff8026a6000 	C:\WINDOWS\System32\shlwapi.dll
0x00007fffffb70000 - 0x00007fffffb99000 	C:\WINDOWS\SYSTEM32\profapi.dll
0x00007fffd4d10000 - 0x00007fffd4d28000 	c:\Users\LENOVO\.antigravity\extensions\redhat.java-1.54.0-win32-x64\jre\21.0.10-win32-x86_64\bin\zip.dll
0x00007fffe8330000 - 0x00007fffe8340000 	C:\Users\LENOVO\.antigravity\extensions\redhat.java-1.54.0-win32-x64\jre\21.0.10-win32-x86_64\bin\net.dll
0x00007ffff7050000 - 0x00007ffff717d000 	C:\WINDOWS\SYSTEM32\WINHTTP.dll
0x00007ffffef60000 - 0x00007ffffefcc000 	C:\WINDOWS\system32\mswsock.dll
0x00007fffd4cf0000 - 0x00007fffd4d06000 	C:\Users\LENOVO\.antigravity\extensions\redhat.java-1.54.0-win32-x64\jre\21.0.10-win32-x86_64\bin\nio.dll
0x00007fffe76e0000 - 0x00007fffe76f0000 	c:\Users\LENOVO\.antigravity\extensions\redhat.java-1.54.0-win32-x64\jre\21.0.10-win32-x86_64\bin\verify.dll
0x00007fffc5980000 - 0x00007fffc59c5000 	C:\Users\LENOVO\AppData\Roaming\Antigravity\User\globalStorage\redhat.java\1.54.0\config_win\org.eclipse.equinox.launcher\org.eclipse.equinox.launcher.win32.win32.x86_64_1.3.0.v20260203-2149\eclipse_11919.dll
0x00007ff802380000 - 0x00007ff802517000 	C:\WINDOWS\System32\ole32.dll

JVMTI agents:
c:\Users\LENOVO\.antigravity\extensions\redhat.java-1.54.0-win32-x64\lombok\lombok-1.18.39-4050.jar path:c:\Users\LENOVO\.antigravity\extensions\redhat.java-1.54.0-win32-x64\jre\21.0.10-win32-x86_64\bin\instrument.dll, loaded, initialized, instrumentlib options:none

dbghelp: loaded successfully - version: 4.0.5 - missing functions: none
symbol engine: initialized successfully - sym options: 0x614 - pdb path: .;c:\Users\LENOVO\.antigravity\extensions\redhat.java-1.54.0-win32-x64\jre\21.0.10-win32-x86_64\bin;C:\WINDOWS\SYSTEM32;C:\WINDOWS\WinSxS\amd64_microsoft.windows.common-controls_6595b64144ccf1df_6.0.26100.8115_none_3e075c82e3354f9c;c:\Users\LENOVO\.antigravity\extensions\redhat.java-1.54.0-win32-x64\jre\21.0.10-win32-x86_64\bin\server;C:\Users\LENOVO\AppData\Roaming\Antigravity\User\globalStorage\redhat.java\1.54.0\config_win\org.eclipse.equinox.launcher\org.eclipse.equinox.launcher.win32.win32.x86_64_1.3.0.v20260203-2149

VM Arguments:
jvm_args: --add-modules=ALL-SYSTEM --add-opens=java.base/java.util=ALL-UNNAMED --add-opens=java.base/java.lang=ALL-UNNAMED --add-opens=java.base/sun.nio.fs=ALL-UNNAMED -Declipse.application=org.eclipse.jdt.ls.core.id1 -Dosgi.bundles.defaultStartLevel=4 -Declipse.product=org.eclipse.jdt.ls.core.product -Djava.import.generatesMetadataFilesAtProjectRoot=false -DDetectVMInstallationsJob.disabled=true -Dfile.encoding=utf8 -XX:+UseParallelGC -XX:GCTimeRatio=4 -XX:AdaptiveSizePolicyWeight=90 -Dsun.zip.disableMemoryMapping=true -Xmx2G -Xms100m -Xlog:disable -javaagent:c:\Users\LENOVO\.antigravity\extensions\redhat.java-1.54.0-win32-x64\lombok\lombok-1.18.39-4050.jar -XX:+HeapDumpOnOutOfMemoryError -XX:HeapDumpPath=c:\Users\LENOVO\AppData\Roaming\Antigravity\User\workspaceStorage\c32ad2883d698218fc90bdae50dd7373\redhat.java -Daether.dependencyCollector.impl=bf 
java_command: c:\Users\LENOVO\.antigravity\extensions\redhat.java-1.54.0-win32-x64\server\plugins\org.eclipse.equinox.launcher_1.7.100.v20251111-0406.jar -configuration c:\Users\LENOVO\AppData\Roaming\Antigravity\User\globalStorage\redhat.java\1.54.0\config_win -data c:\Users\LENOVO\AppData\Roaming\Antigravity\User\workspaceStorage\c32ad2883d698218fc90bdae50dd7373\redhat.java\jdt_ws --pipe=\\.\pipe\lsp-02da5316a5bf4fa6d4980143b9b1fd8c-sock
java_class_path (initial): c:\Users\LENOVO\.antigravity\extensions\redhat.java-1.54.0-win32-x64\server\plugins\org.eclipse.equinox.launcher_1.7.100.v20251111-0406.jar
Launcher Type: SUN_STANDARD

[Global flags]
    uintx AdaptiveSizePolicyWeight                 = 90                                        {product} {command line}
     intx CICompilerCount                          = 4                                         {product} {ergonomic}
    uintx GCTimeRatio                              = 4                                         {product} {command line}
     bool HeapDumpOnOutOfMemoryError               = true                                   {manageable} {command line}
    ccstr HeapDumpPath                             = c:\Users\LENOVO\AppData\Roaming\Antigravity\User\workspaceStorage\c32ad2883d698218fc90bdae50dd7373\redhat.java         {manageable} {command line}
   size_t InitialHeapSize                          = 104857600                                 {product} {command line}
   size_t MaxHeapSize                              = 2147483648                                {product} {command line}
   size_t MaxNewSize                               = 715653120                                 {product} {ergonomic}
   size_t MinHeapDeltaBytes                        = 524288                                    {product} {ergonomic}
   size_t MinHeapSize                              = 104857600                                 {product} {command line}
   size_t NewSize                                  = 34603008                                  {product} {ergonomic}
    uintx NonNMethodCodeHeapSize                   = 5839372                                {pd product} {ergonomic}
    uintx NonProfiledCodeHeapSize                  = 122909434                              {pd product} {ergonomic}
   size_t OldSize                                  = 70254592                                  {product} {ergonomic}
    uintx ProfiledCodeHeapSize                     = 122909434                              {pd product} {ergonomic}
    uintx ReservedCodeCacheSize                    = 251658240                              {pd product} {ergonomic}
     bool SegmentedCodeCache                       = true                                      {product} {ergonomic}
   size_t SoftMaxHeapSize                          = 2147483648                             {manageable} {ergonomic}
     bool UseCompressedOops                        = true                           {product lp64_product} {ergonomic}
     bool UseLargePagesIndividualAllocation        = false                                  {pd product} {ergonomic}
     bool UseParallelGC                            = true                                      {product} {command line}

Logging:
Log output configuration:
 #0: stdout all=off uptime,level,tags foldmultilines=false
 #1: stderr all=off uptime,level,tags foldmultilines=false

Release file:
JAVA_VERSION="21.0.10" 
MODULES="java.base java.compiler java.datatransfer java.xml java.prefs java.desktop java.instrument java.logging java.management java.security.sasl java.naming java.rmi java.management.rmi java.net.http java.scripting java.security.jgss java.transaction.xa java.sql java.sql.rowset java.xml.crypto java.se java.smartcardio jdk.accessibility jdk.internal.jvmstat jdk.attach jdk.charsets jdk.internal.opt jdk.zipfs jdk.compiler jdk.crypto.ec jdk.crypto.cryptoki jdk.crypto.mscapi jdk.dynalink jdk.internal.ed jdk.editpad jdk.hotspot.agent jdk.httpserver jdk.internal.le jdk.internal.vm.ci jdk.internal.vm.compiler jdk.internal.vm.compiler.management jdk.jartool jdk.javadoc jdk.jcmd jdk.management jdk.management.agent jdk.jconsole jdk.jdeps jdk.jdwp.agent jdk.jdi jdk.jfr jdk.jshell jdk.jsobject jdk.jstatd jdk.localedata jdk.management.jfr jdk.naming.dns jdk.naming.rmi jdk.net jdk.nio.mapmode jdk.random jdk.sctp jdk.security.auth jdk.security.jgss jdk.unsupported jdk.unsupported.desktop jdk.xml.dom" 

Environment Variables:
JAVA_HOME=C:\Program Files\Java\jdk-20
PATH=C:\Users\LENOVO\Downloads\apache-maven-3.9.14-bin\apache-maven-3.9.14\bin;C:\Program Files\MongoDB\Server\8.2\bin;C:\Program Files\Eclipse Adoptium\jdk-17.0.17.10-hotspot\bin;C:\oraclexe\app\oracle\product\11.2.0\server\bin;C:\xampp\php;C:\Program Files\MySQL\MySQL Server 8.0\bin;C:\Python 3.12\Python 3.12.exe;C:\Users\LENOVO\AppData\Local\Programs\Python\Python312\python.exe;C:\Users\LENOVO\Downloads\flutter_windows_3.16.0-stable\flutter\bin;C:\ProgramData\Oracle\Java\javapath;C:\Program Files\Java\jdk-21.0.1\bin;C:\Program Files\Common Files\Oracle\Java\javapath;C:\Program Files\Java\jdk-20\bin;C:\Users\LENOVO\Downloads\sqldeveloper-23.1.0.097.1607-x64\sqldeveloper\sqldeveloper\bin;C:\Users\LENOVO\Downloads\msys2-x86_64-20230318.exe;C:\WINDOWS\system32;C:\WINDOWS;C:\WINDOWS\System32\Wbem;C:\WINDOWS\System32\WindowsPowerShell\v1.0\;C:\WINDOWS\System32\OpenSSH\;C:\Program Files\Git\cmd;C:\Program Files\Git\bin;C:\Program Files\dotnet\;C:\Users\LENOVO\AppData\Local\Android\Sdk\platform-tools;C:\Users\LENOVO\AppData\Local\Android\Sdk\emulator;C:\Users\LENOVO\Downloads\php-8.3.11-nts-Win32-vs16-x64;C:\ProgramData\ComposerSetup\bin;C:\Program Files\nodejs\;C:\Program Files\Microsoft SQL Server\150\Tools\Binn\;C:\Program Files\Docker\Docker\resources\bin;C:\Program Files\Vagrant\bin;C:\Program Files\Cloudflare\Cloudflare WARP\;C:\Users\LENOVO\scoop\shims;C:\Program Files\MySQL\MySQL Shell 8.0\bin\;C:\Users\LENOVO\AppData\Local\Programs\Python\Launcher\;C:\Python27\python.exe;C:\Users\LENOVO\AppData\Local\Programs\Python\Python311;C:\Users\LENOVO\AppData\Local\Programs\Python\Python311\Scripts\;C:\Python27;C:\Users\LENOVO\AppData\Local\Microsoft\WindowsApps;C:\Program Files\JetBrains\PyCharm Community Edition 2023.1\bin;;C:\Users\LENOVO\AppData\Local\GitHubDesktop\bin;C:\Users\LENOVO\.dotnet\tools;C:\Program Files (x86)\Nmap;C:\Users\LENOVO\AppData\Local\Programs\MiKTeX\miktex\bin\x64\;C:\Users\LENOVO\AppData\Roaming\Composer\vendor\bin;C:\xampp\php;C:\Program Files\JetBrains\IntelliJ IDEA 2024.2.1\bin;;C:\Flex Windows\gcc\bin;C:\Flex Windows\Lex\bin;C:\Flex Windows\bison\bin;C:\Users\LENOVO\AppData\Local\Muse Hub\lib;C:\Users\LENOVO\AppData\Local\Programs\Microsoft VS Code\bin;C:\Users\LENOVO\AppData\Local\Programs\cursor\resources\app\bin;C:\Users\LENOVO\AppData\Roaming\npm;C:\Users\LENOVO\AppData\Local\Programs\Antigravity\bin;
USERNAME=LENOVO
OS=Windows_NT
PROCESSOR_IDENTIFIER=Intel64 Family 6 Model 140 Stepping 2, GenuineIntel
TMP=C:\Users\LENOVO\AppData\Local\Temp
TEMP=C:\Users\LENOVO\AppData\Local\Temp




Periodic native trim disabled

---------------  S Y S T E M  ---------------

OS:
 Windows 11 , 64 bit Build 26100 (10.0.26100.8246)
OS uptime: 0 days 2:27 hours
Hyper-V role detected

CPU: total 8 (initial active 8) (4 cores per cpu, 2 threads per core) family 6 model 140 stepping 2 microcode 0x26, cx8, cmov, fxsr, ht, mmx, 3dnowpref, sse, sse2, sse3, ssse3, sse4.1, sse4.2, popcnt, lzcnt, tsc, tscinvbit, avx, avx2, aes, erms, clmul, bmi1, bmi2, adx, avx512f, avx512dq, avx512cd, avx512bw, avx512vl, sha, fma, vzeroupper, avx512_vpopcntdq, avx512_vpclmulqdq, avx512_vaes, avx512_vnni, clflush, clflushopt, clwb, avx512_vbmi2, avx512_vbmi, hv, rdtscp, rdpid, fsrm, gfni, avx512_bitalg, f16c, cet_ibt, cet_ss, avx512_ifma
Processor Information for the first 8 processors :
  Max Mhz: 3187, Current Mhz: 3187, Mhz Limit: 3187

Memory: 4k page, system-wide physical 16167M (1423M free)
TotalPageFile size 21167M (AvailPageFile size 51M)
current process WorkingSet (physical memory assigned to process): 102M, peak: 104M
current process commit charge ("private bytes"): 247M, peak: 248M

vm_info: OpenJDK 64-Bit Server VM (21.0.10+7-LTS) for windows-amd64 JRE (21.0.10+7-LTS), built on 2026-01-20T00:00:00Z by "admin" with MS VC++ 17.12 (VS2022)

END.
