#
# There is insufficient memory for the Java Runtime Environment to continue.
# Native memory allocation (malloc) failed to allocate 1581552 bytes. Error detail: Chunk::new
# Possible reasons:
#   The system is out of physical RAM or swap space
#   This process is running with CompressedOops enabled, and the Java Heap may be blocking the growth of the native heap
# Possible solutions:
#   Reduce memory load on the system
#   Increase physical memory or swap space
#   Check if swap backing store is full
#   Decrease Java heap size (-Xmx/-Xms)
#   Decrease number of Java threads
#   Decrease Java thread stack sizes (-Xss)
#   Set larger code cache with -XX:ReservedCodeCacheSize=
#   JVM is running with Unscaled Compressed Oops mode in which the Java heap is
#     placed in the first 4GB address space. The Java Heap base address is the
#     maximum limit for the native heap growth. Please use -XX:HeapBaseMinAddress
#     to set the Java Heap base and to place the Java Heap above 4GB virtual address.
# This output file may be truncated or incomplete.
#
#  Out of Memory Error (arena.cpp:168), pid=13064, tid=15044
#
# JRE version: OpenJDK Runtime Environment Temurin-21.0.10+7 (21.0.10+7) (build 21.0.10+7-LTS)
# Java VM: OpenJDK 64-Bit Server VM Temurin-21.0.10+7 (21.0.10+7-LTS, mixed mode, sharing, tiered, compressed oops, compressed class ptrs, parallel gc, windows-amd64)
# No core dump will be written. Minidumps are not enabled by default on client versions of Windows
#

---------------  S U M M A R Y ------------

Command Line: --add-modules=ALL-SYSTEM --add-opens=java.base/java.util=ALL-UNNAMED --add-opens=java.base/java.lang=ALL-UNNAMED --add-opens=java.base/sun.nio.fs=ALL-UNNAMED -Declipse.application=org.eclipse.jdt.ls.core.id1 -Dosgi.bundles.defaultStartLevel=4 -Declipse.product=org.eclipse.jdt.ls.core.product -Djava.import.generatesMetadataFilesAtProjectRoot=false -DDetectVMInstallationsJob.disabled=true -Dfile.encoding=utf8 -XX:+UseParallelGC -XX:GCTimeRatio=4 -XX:AdaptiveSizePolicyWeight=90 -Dsun.zip.disableMemoryMapping=true -Xmx2G -Xms100m -Xlog:disable -javaagent:c:\Users\LENOVO\.antigravity\extensions\redhat.java-1.54.0-win32-x64\lombok\lombok-1.18.39-4050.jar -XX:+HeapDumpOnOutOfMemoryError -XX:HeapDumpPath=c:\Users\LENOVO\AppData\Roaming\Antigravity\User\workspaceStorage\c32ad2883d698218fc90bdae50dd7373\redhat.java -Daether.dependencyCollector.impl=bf c:\Users\LENOVO\.antigravity\extensions\redhat.java-1.54.0-win32-x64\server\plugins\org.eclipse.equinox.launcher_1.7.100.v20251111-0406.jar -configuration c:\Users\LENOVO\AppData\Roaming\Antigravity\User\globalStorage\redhat.java\1.54.0\config_win -data c:\Users\LENOVO\AppData\Roaming\Antigravity\User\workspaceStorage\c32ad2883d698218fc90bdae50dd7373\redhat.java\jdt_ws --pipe=\\.\pipe\lsp-aca753e8961a914ea15d940fda4aaca9-sock

Host: 11th Gen Intel(R) Core(TM) i5-11320H @ 3.20GHz, 8 cores, 15G,  Windows 11 , 64 bit Build 26100 (10.0.26100.8246)
Time: Thu Apr 16 08:58:57 2026 Paris, Madrid elapsed time: 12.954535 seconds (0d 0h 0m 12s)

---------------  T H R E A D  ---------------

Current thread (0x000002423dd614a0):  JavaThread "C2 CompilerThread0" daemon [_thread_in_native, id=15044, stack(0x0000006c1e900000,0x0000006c1ea00000) (1024K)]


Current CompileTask:
C2:12954 5569   !   4       org.eclipse.osgi.internal.loader.BundleLoader::findClass0 (490 bytes)

Stack: [0x0000006c1e900000,0x0000006c1ea00000]
Native frames: (J=compiled Java code, j=interpreted, Vv=VM code, C=native code)
V  [jvm.dll+0x6d7a39]
V  [jvm.dll+0x8b4b26]
V  [jvm.dll+0x8b70de]
V  [jvm.dll+0x8b77c3]
V  [jvm.dll+0x284346]
V  [jvm.dll+0xc66ed]
V  [jvm.dll+0xc6c31]
V  [jvm.dll+0x3bec3b]
V  [jvm.dll+0x1e3d62]
V  [jvm.dll+0x24c6b3]
V  [jvm.dll+0x24bb40]
V  [jvm.dll+0x1cb34e]
V  [jvm.dll+0x25b85d]
V  [jvm.dll+0x259dea]
V  [jvm.dll+0x3f857e]
V  [jvm.dll+0x85f59d]
V  [jvm.dll+0x6d626d]
C  [ucrtbase.dll+0x37b0]
C  [KERNEL32.DLL+0x2e8d7]
C  [ntdll.dll+0x8c3fc]


---------------  P R O C E S S  ---------------

Threads class SMR info:
_java_thread_list=0x000002429e041920, length=39, elements={
0x000002423dde4d90, 0x000002423de9e4f0, 0x000002423dd585c0, 0x000002423dd5c010,
0x000002423dd59540, 0x000002423dd59e30, 0x000002423dd5a4a0, 0x000002423dd614a0,
0x000002429715d380, 0x00000242973211e0, 0x000002429746b500, 0x000002429c0bced0,
0x0000024297d04f10, 0x0000024297a99f60, 0x0000024297a9a9a0, 0x000002429c6ab870,
0x000002429c6a7e30, 0x000002429c1da450, 0x000002429774c560, 0x000002429774d280,
0x000002429774cbf0, 0x000002429cd61340, 0x000002429e421330, 0x000002429774d910,
0x000002429da2a8a0, 0x000002429da2a210, 0x000002429da2af30, 0x000002429da287d0,
0x000002429da27ab0, 0x000002429da294f0, 0x000002429da28e60, 0x000002429da29b80,
0x000002429da2b5c0, 0x000002429da28140, 0x000002429da2d690, 0x000002429da2d000,
0x000002429da2bc50, 0x000002429da2dd20, 0x000002429da2f0d0
}

Java Threads: ( => current thread )
  0x000002423dde4d90 JavaThread "main"                              [_thread_blocked, id=20224, stack(0x0000006c1df00000,0x0000006c1e000000) (1024K)]
  0x000002423de9e4f0 JavaThread "Reference Handler"          daemon [_thread_blocked, id=12504, stack(0x0000006c1e300000,0x0000006c1e400000) (1024K)]
  0x000002423dd585c0 JavaThread "Finalizer"                  daemon [_thread_blocked, id=17688, stack(0x0000006c1e400000,0x0000006c1e500000) (1024K)]
  0x000002423dd5c010 JavaThread "Signal Dispatcher"          daemon [_thread_blocked, id=19772, stack(0x0000006c1e500000,0x0000006c1e600000) (1024K)]
  0x000002423dd59540 JavaThread "Attach Listener"            daemon [_thread_blocked, id=19964, stack(0x0000006c1e600000,0x0000006c1e700000) (1024K)]
  0x000002423dd59e30 JavaThread "Service Thread"             daemon [_thread_blocked, id=20724, stack(0x0000006c1e700000,0x0000006c1e800000) (1024K)]
  0x000002423dd5a4a0 JavaThread "Monitor Deflation Thread"   daemon [_thread_blocked, id=23860, stack(0x0000006c1e800000,0x0000006c1e900000) (1024K)]
=>0x000002423dd614a0 JavaThread "C2 CompilerThread0"         daemon [_thread_in_native, id=15044, stack(0x0000006c1e900000,0x0000006c1ea00000) (1024K)]
  0x000002429715d380 JavaThread "C1 CompilerThread0"         daemon [_thread_blocked, id=14452, stack(0x0000006c1ea00000,0x0000006c1eb00000) (1024K)]
  0x00000242973211e0 JavaThread "Common-Cleaner"             daemon [_thread_blocked, id=20844, stack(0x0000006c1eb00000,0x0000006c1ec00000) (1024K)]
  0x000002429746b500 JavaThread "Notification Thread"        daemon [_thread_blocked, id=7404, stack(0x0000006c1ed00000,0x0000006c1ee00000) (1024K)]
  0x000002429c0bced0 JavaThread "Active Thread: Equinox Container: 1e4fd89b-4084-446e-b7b1-43f76652dac3"        [_thread_blocked, id=11064, stack(0x0000006c1f500000,0x0000006c1f600000) (1024K)]
  0x0000024297d04f10 JavaThread "Refresh Thread: Equinox Container: 1e4fd89b-4084-446e-b7b1-43f76652dac3" daemon [_thread_blocked, id=22924, stack(0x0000006c1f700000,0x0000006c1f800000) (1024K)]
  0x0000024297a99f60 JavaThread "Framework Event Dispatcher: Equinox Container: 1e4fd89b-4084-446e-b7b1-43f76652dac3" daemon [_thread_blocked, id=23268, stack(0x0000006c1ec00000,0x0000006c1ed00000) (1024K)]
  0x0000024297a9a9a0 JavaThread "Start Level: Equinox Container: 1e4fd89b-4084-446e-b7b1-43f76652dac3" daemon [_thread_blocked, id=19180, stack(0x0000006c1f400000,0x0000006c1f500000) (1024K)]
  0x000002429c6ab870 JavaThread "Bundle File Closer"         daemon [_thread_blocked, id=26264, stack(0x0000006c1fa00000,0x0000006c1fb00000) (1024K)]
  0x000002429c6a7e30 JavaThread "SCR Component Actor"        daemon [_thread_blocked, id=4108, stack(0x0000006c1f800000,0x0000006c1f900000) (1024K)]
  0x000002429c1da450 JavaThread "Worker-JM"                         [_thread_blocked, id=7140, stack(0x0000006c1fc00000,0x0000006c1fd00000) (1024K)]
  0x000002429774c560 JavaThread "JNA Cleaner"                daemon [_thread_blocked, id=4076, stack(0x0000006c1f900000,0x0000006c1fa00000) (1024K)]
  0x000002429774d280 JavaThread "Worker-0: Repository registry initialization"        [_thread_in_Java, id=25724, stack(0x0000006c1fb00000,0x0000006c1fc00000) (1024K)]
  0x000002429774cbf0 JavaThread "Worker-1"                          [_thread_blocked, id=12560, stack(0x0000006c1fd00000,0x0000006c1fe00000) (1024K)]
  0x000002429cd61340 JavaThread "C2 CompilerThread1"         daemon [_thread_in_native, id=4436, stack(0x0000006c1fe00000,0x0000006c1ff00000) (1024K)]
  0x000002429e421330 JavaThread "C2 CompilerThread2"         daemon [_thread_in_native, id=25772, stack(0x0000006c1ff00000,0x0000006c20000000) (1024K)]
  0x000002429774d910 JavaThread "Java indexing"              daemon [_thread_blocked, id=13220, stack(0x0000006c20000000,0x0000006c20100000) (1024K)]
  0x000002429da2a8a0 JavaThread "Worker-2: Initialize After Load"        [_thread_in_native, id=25356, stack(0x0000006c20100000,0x0000006c20200000) (1024K)]
  0x000002429da2a210 JavaThread "Worker-3"                          [_thread_blocked, id=24768, stack(0x0000006c20400000,0x0000006c20500000) (1024K)]
  0x000002429da2af30 JavaThread "Thread-1"                   daemon [_thread_in_native, id=25168, stack(0x0000006c20500000,0x0000006c20600000) (1024K)]
  0x000002429da287d0 JavaThread "Thread-2"                   daemon [_thread_in_native, id=15316, stack(0x0000006c20600000,0x0000006c20700000) (1024K)]
  0x000002429da27ab0 JavaThread "Thread-3"                   daemon [_thread_in_native, id=26212, stack(0x0000006c20700000,0x0000006c20800000) (1024K)]
  0x000002429da294f0 JavaThread "Thread-4"                   daemon [_thread_in_native, id=18584, stack(0x0000006c20800000,0x0000006c20900000) (1024K)]
  0x000002429da28e60 JavaThread "Thread-5"                   daemon [_thread_in_native, id=25732, stack(0x0000006c20900000,0x0000006c20a00000) (1024K)]
  0x000002429da29b80 JavaThread "Thread-6"                   daemon [_thread_in_native, id=8828, stack(0x0000006c20a00000,0x0000006c20b00000) (1024K)]
  0x000002429da2b5c0 JavaThread "Thread-7"                   daemon [_thread_in_native, id=12812, stack(0x0000006c20b00000,0x0000006c20c00000) (1024K)]
  0x000002429da28140 JavaThread "Thread-8"                   daemon [_thread_in_native, id=11788, stack(0x0000006c20c00000,0x0000006c20d00000) (1024K)]
  0x000002429da2d690 JavaThread "Thread-9"                   daemon [_thread_in_native, id=19780, stack(0x0000006c20d00000,0x0000006c20e00000) (1024K)]
  0x000002429da2d000 JavaThread "Worker-4"                          [_thread_blocked, id=11204, stack(0x0000006c20e00000,0x0000006c20f00000) (1024K)]
  0x000002429da2bc50 JavaThread "pool-2-thread-1"                   [_thread_blocked, id=22580, stack(0x0000006c20f00000,0x0000006c21000000) (1024K)]
  0x000002429da2dd20 JavaThread "WorkspaceEventsHandler"            [_thread_blocked, id=23264, stack(0x0000006c21000000,0x0000006c21100000) (1024K)]
  0x000002429da2f0d0 JavaThread "pool-1-thread-1"                   [_thread_blocked, id=18728, stack(0x0000006c21100000,0x0000006c21200000) (1024K)]
Total: 39

Other Threads:
  0x000002423de82c00 VMThread "VM Thread"                           [id=19648, stack(0x0000006c1e200000,0x0000006c1e300000) (1024K)]
  0x000002423de551d0 WatcherThread "VM Periodic Task Thread"        [id=13128, stack(0x0000006c1e100000,0x0000006c1e200000) (1024K)]
  0x000002423de03470 WorkerThread "GC Thread#0"                     [id=25928, stack(0x0000006c1e000000,0x0000006c1e100000) (1024K)]
  0x0000024297be1570 WorkerThread "GC Thread#1"                     [id=26208, stack(0x0000006c1ee00000,0x0000006c1ef00000) (1024K)]
  0x0000024297752e40 WorkerThread "GC Thread#2"                     [id=23624, stack(0x0000006c1ef00000,0x0000006c1f000000) (1024K)]
  0x0000024297ce2230 WorkerThread "GC Thread#3"                     [id=4208, stack(0x0000006c1f000000,0x0000006c1f100000) (1024K)]
  0x0000024297ce25e0 WorkerThread "GC Thread#4"                     [id=1256, stack(0x0000006c1f100000,0x0000006c1f200000) (1024K)]
  0x0000024297ce2990 WorkerThread "GC Thread#5"                     [id=21616, stack(0x0000006c1f200000,0x0000006c1f300000) (1024K)]
  0x0000024297898520 WorkerThread "GC Thread#6"                     [id=22928, stack(0x0000006c1f300000,0x0000006c1f400000) (1024K)]
  0x0000024297599c20 WorkerThread "GC Thread#7"                     [id=5352, stack(0x0000006c1f600000,0x0000006c1f700000) (1024K)]
Total: 10

Threads with active compile tasks:
C2 CompilerThread0  12993 5569   !   4       org.eclipse.osgi.internal.loader.BundleLoader::findClass0 (490 bytes)
C2 CompilerThread1  12993 5732       4       org.eclipse.core.runtime.Path::<init> (161 bytes)
C2 CompilerThread2  12993 5760       4       org.objectweb.asm.ClassReader::readUtf (161 bytes)
Total: 3

VM state: not at safepoint (normal execution)

VM Mutex/Monitor currently owned by a thread: None

Heap address: 0x0000000080000000, size: 2048 MB, Compressed Oops mode: 32-bit

CDS archive(s) mapped at: [0x0000024255000000-0x0000024255ba0000-0x0000024255ba0000), size 12189696, SharedBaseAddress: 0x0000024255000000, ArchiveRelocationMode: 1.
Compressed class space mapped at: 0x0000024256000000-0x0000024296000000, reserved size: 1073741824
Narrow klass base: 0x0000024255000000, Narrow klass shift: 0, Narrow klass range: 0x100000000

GC Precious Log:
 CardTable entry size: 512
 CPUs: 8 total, 8 available
 Memory: 16167M
 Large Page Support: Disabled
 NUMA Support: Disabled
 Compressed Oops: Enabled (32-bit)
 Alignments: Space 512K, Generation 512K, Heap 2M
 Heap Min Capacity: 100M
 Heap Initial Capacity: 100M
 Heap Max Capacity: 2G
 Pre-touch: Disabled
 Parallel Workers: 8

Heap:
 PSYoungGen      total 22528K, used 19372K [0x00000000d5580000, 0x00000000d6f00000, 0x0000000100000000)
  eden space 20992K, 87% used [0x00000000d5580000,0x00000000d675bcc0,0x00000000d6a00000)
  from space 1536K, 70% used [0x00000000d6a00000,0x00000000d6b0f6b0,0x00000000d6b80000)
  to   space 2048K, 0% used [0x00000000d6d00000,0x00000000d6d00000,0x00000000d6f00000)
 ParOldGen       total 68608K, used 24786K [0x0000000080000000, 0x0000000084300000, 0x00000000d5580000)
  object space 68608K, 36% used [0x0000000080000000,0x00000000818348a0,0x0000000084300000)
 Metaspace       used 39023K, committed 40256K, reserved 1114112K
  class space    used 4101K, committed 4672K, reserved 1048576K

Card table byte_map: [0x000002423d780000,0x000002423db90000] _byte_map_base: 0x000002423d380000

Marking Bits: (ParMarkBitMap*) 0x00007ffd09163450
 Begin Bits: [0x0000024250290000, 0x0000024252290000)
 End Bits:   [0x0000024252290000, 0x0000024254290000)

Polling page: 0x000002423bb70000

Metaspace:

Usage:
  Non-class:     34.10 MB used.
      Class:      4.00 MB used.
       Both:     38.11 MB used.

Virtual space:
  Non-class space:       64.00 MB reserved,      34.75 MB ( 54%) committed,  1 nodes.
      Class space:        1.00 GB reserved,       4.56 MB ( <1%) committed,  1 nodes.
             Both:        1.06 GB reserved,      39.31 MB (  4%) committed. 

Chunk freelists:
   Non-Class:  12.52 MB
       Class:  11.47 MB
        Both:  23.99 MB

MaxMetaspaceSize: unlimited
CompressedClassSpaceSize: 1.00 GB
Initial GC threshold: 21.00 MB
Current GC threshold: 58.38 MB
CDS: on
 - commit_granule_bytes: 65536.
 - commit_granule_words: 8192.
 - virtual_space_node_default_size: 8388608.
 - enlarge_chunks_in_place: 1.
 - use_allocation_guard: 0.


Internal statistics:

num_allocs_failed_limit: 6.
num_arena_births: 918.
num_arena_deaths: 14.
num_vsnodes_births: 2.
num_vsnodes_deaths: 0.
num_space_committed: 629.
num_space_uncommitted: 0.
num_chunks_returned_to_freelist: 20.
num_chunks_taken_from_freelist: 2680.
num_chunk_merges: 9.
num_chunk_splits: 1647.
num_chunks_enlarged: 920.
num_inconsistent_stats: 0.

CodeHeap 'non-profiled nmethods': size=120000Kb used=3002Kb max_used=3002Kb free=116998Kb
 bounds [0x0000024248ab0000, 0x0000024248da0000, 0x000002424ffe0000]
CodeHeap 'profiled nmethods': size=120000Kb used=10983Kb max_used=10983Kb free=109016Kb
 bounds [0x0000024240fe0000, 0x0000024241aa0000, 0x0000024248510000]
CodeHeap 'non-nmethods': size=5760Kb used=1372Kb max_used=1449Kb free=4387Kb
 bounds [0x0000024248510000, 0x0000024248780000, 0x0000024248ab0000]
CodeCache: size=245760Kb, used=15357Kb, max_used=15434Kb, free=230401Kb
 total_blobs=5852, nmethods=5194, adapters=564, full_count=0
Compilation: enabled, stopped_count=0, restarted_count=0

Compilation events (20 events):
Event: 12.658 Thread 0x000002429715d380 5722       3       java.lang.reflect.Method::getParameterTypes (11 bytes)
Event: 12.658 Thread 0x000002429715d380 nmethod 5722 0x0000024241a80f10 code [0x0000024241a810c0, 0x0000024241a81388]
Event: 12.658 Thread 0x000002429715d380 5723       3       com.google.common.collect.AbstractIndexedListIterator::next (31 bytes)
Event: 12.659 Thread 0x000002429715d380 nmethod 5723 0x0000024241a81490 code [0x0000024241a81660, 0x0000024241a819c0]
Event: 12.660 Thread 0x000002429715d380 5724       3       sun.reflect.generics.visitor.Reifier::reifyTypeArguments (38 bytes)
Event: 12.660 Thread 0x000002429715d380 nmethod 5724 0x0000024241a81b90 code [0x0000024241a81d60, 0x0000024241a82218]
Event: 12.662 Thread 0x000002429715d380 5725       3       org.eclipse.jdt.internal.core.index.FileIndexLocation::<init> (19 bytes)
Event: 12.662 Thread 0x000002429715d380 nmethod 5725 0x0000024241a82390 code [0x0000024241a82560, 0x0000024241a82900]
Event: 12.662 Thread 0x000002429715d380 5726   !   3       org.eclipse.jdt.internal.core.index.IndexLocation::<init> (41 bytes)
Event: 12.662 Thread 0x000002429cd61340 5727   !   4       org.eclipse.osgi.internal.weaving.WovenClassImpl::notifyWovenClassListeners (54 bytes)
Event: 12.662 Thread 0x000002429715d380 nmethod 5726 0x0000024241a82b10 code [0x0000024241a82d00, 0x0000024241a83058]
Event: 12.664 Thread 0x000002429cd61340 nmethod 5727 0x0000024248d87710 code [0x0000024248d878c0, 0x0000024248d87a10]
Event: 12.672 Thread 0x000002429cd61340 5728       4       java.lang.String::<init> (10 bytes)
Event: 12.749 Thread 0x000002429715d380 5729       3       org.eclipse.core.internal.resources.Workspace::newResource (168 bytes)
Event: 12.751 Thread 0x000002429715d380 nmethod 5729 0x0000024241a83290 code [0x0000024241a83620, 0x0000024241a84a50]
Event: 12.751 Thread 0x000002429715d380 5731       3       org.eclipse.core.runtime.Path::makeAbsolute (66 bytes)
Event: 12.751 Thread 0x000002429715d380 nmethod 5731 0x0000024241a85290 code [0x0000024241a854a0, 0x0000024241a85938]
Event: 12.774 Thread 0x000002429715d380 5733       3       org.eclipse.jdt.internal.core.search.indexing.IndexManager::getJavaPluginWorkingLocation (26 bytes)
Event: 12.951 Thread 0x000002429715d380 nmethod 5733 0x0000024241a85b10 code [0x0000024241a85e40, 0x0000024241a86d58]
Event: 12.951 Thread 0x000002429715d380 5734       3       org.eclipse.jdt.internal.core.search.indexing.IndexManager::getSavedIndexesDirectory (17 bytes)

GC Heap History (20 events):
Event: 7.994 GC heap before
{Heap before GC invocations=8 (full 1):
 PSYoungGen      total 29184K, used 4315K [0x00000000d5580000, 0x00000000d7780000, 0x0000000100000000)
  eden space 24576K, 0% used [0x00000000d5580000,0x00000000d5580000,0x00000000d6d80000)
  from space 4608K, 93% used [0x00000000d6e00000,0x00000000d7236dc0,0x00000000d7280000)
  to   space 5120K, 0% used [0x00000000d7280000,0x00000000d7280000,0x00000000d7780000)
 ParOldGen       total 68608K, used 9234K [0x0000000080000000, 0x0000000084300000, 0x00000000d5580000)
  object space 68608K, 13% used [0x0000000080000000,0x0000000080904b40,0x0000000084300000)
 Metaspace       used 20569K, committed 21504K, reserved 1114112K
  class space    used 2195K, committed 2624K, reserved 1048576K
}
Event: 8.027 GC heap after
{Heap after GC invocations=8 (full 1):
 PSYoungGen      total 29184K, used 0K [0x00000000d5580000, 0x00000000d7780000, 0x0000000100000000)
  eden space 24576K, 0% used [0x00000000d5580000,0x00000000d5580000,0x00000000d6d80000)
  from space 4608K, 0% used [0x00000000d6e00000,0x00000000d6e00000,0x00000000d7280000)
  to   space 5120K, 0% used [0x00000000d7280000,0x00000000d7280000,0x00000000d7780000)
 ParOldGen       total 68608K, used 13055K [0x0000000080000000, 0x0000000084300000, 0x00000000d5580000)
  object space 68608K, 19% used [0x0000000080000000,0x0000000080cbfe28,0x0000000084300000)
 Metaspace       used 20556K, committed 21504K, reserved 1114112K
  class space    used 2191K, committed 2624K, reserved 1048576K
}
Event: 8.790 GC heap before
{Heap before GC invocations=9 (full 1):
 PSYoungGen      total 29184K, used 24576K [0x00000000d5580000, 0x00000000d7780000, 0x0000000100000000)
  eden space 24576K, 100% used [0x00000000d5580000,0x00000000d6d80000,0x00000000d6d80000)
  from space 4608K, 0% used [0x00000000d6e00000,0x00000000d6e00000,0x00000000d7280000)
  to   space 5120K, 0% used [0x00000000d7280000,0x00000000d7280000,0x00000000d7780000)
 ParOldGen       total 68608K, used 13055K [0x0000000080000000, 0x0000000084300000, 0x00000000d5580000)
  object space 68608K, 19% used [0x0000000080000000,0x0000000080cbfe28,0x0000000084300000)
 Metaspace       used 22504K, committed 23488K, reserved 1114112K
  class space    used 2365K, committed 2752K, reserved 1048576K
}
Event: 8.793 GC heap after
{Heap after GC invocations=9 (full 1):
 PSYoungGen      total 28160K, used 3606K [0x00000000d5580000, 0x00000000d7680000, 0x0000000100000000)
  eden space 24064K, 0% used [0x00000000d5580000,0x00000000d5580000,0x00000000d6d00000)
  from space 4096K, 88% used [0x00000000d7280000,0x00000000d76059d8,0x00000000d7680000)
  to   space 4096K, 0% used [0x00000000d6e80000,0x00000000d6e80000,0x00000000d7280000)
 ParOldGen       total 68608K, used 13063K [0x0000000080000000, 0x0000000084300000, 0x00000000d5580000)
  object space 68608K, 19% used [0x0000000080000000,0x0000000080cc1e28,0x0000000084300000)
 Metaspace       used 22504K, committed 23488K, reserved 1114112K
  class space    used 2365K, committed 2752K, reserved 1048576K
}
Event: 9.145 GC heap before
{Heap before GC invocations=10 (full 1):
 PSYoungGen      total 28160K, used 27670K [0x00000000d5580000, 0x00000000d7680000, 0x0000000100000000)
  eden space 24064K, 100% used [0x00000000d5580000,0x00000000d6d00000,0x00000000d6d00000)
  from space 4096K, 88% used [0x00000000d7280000,0x00000000d76059d8,0x00000000d7680000)
  to   space 4096K, 0% used [0x00000000d6e80000,0x00000000d6e80000,0x00000000d7280000)
 ParOldGen       total 68608K, used 13063K [0x0000000080000000, 0x0000000084300000, 0x00000000d5580000)
  object space 68608K, 19% used [0x0000000080000000,0x0000000080cc1e28,0x0000000084300000)
 Metaspace       used 25871K, committed 26816K, reserved 1114112K
  class space    used 2616K, committed 3008K, reserved 1048576K
}
Event: 9.146 GC heap after
{Heap after GC invocations=10 (full 1):
 PSYoungGen      total 27648K, used 4075K [0x00000000d5580000, 0x00000000d7580000, 0x0000000100000000)
  eden space 23552K, 0% used [0x00000000d5580000,0x00000000d5580000,0x00000000d6c80000)
  from space 4096K, 99% used [0x00000000d6e80000,0x00000000d727ad28,0x00000000d7280000)
  to   space 3072K, 0% used [0x00000000d7280000,0x00000000d7280000,0x00000000d7580000)
 ParOldGen       total 68608K, used 13119K [0x0000000080000000, 0x0000000084300000, 0x00000000d5580000)
  object space 68608K, 19% used [0x0000000080000000,0x0000000080ccfe28,0x0000000084300000)
 Metaspace       used 25871K, committed 26816K, reserved 1114112K
  class space    used 2616K, committed 3008K, reserved 1048576K
}
Event: 9.402 GC heap before
{Heap before GC invocations=11 (full 1):
 PSYoungGen      total 27648K, used 27627K [0x00000000d5580000, 0x00000000d7580000, 0x0000000100000000)
  eden space 23552K, 100% used [0x00000000d5580000,0x00000000d6c80000,0x00000000d6c80000)
  from space 4096K, 99% used [0x00000000d6e80000,0x00000000d727ad28,0x00000000d7280000)
  to   space 3072K, 0% used [0x00000000d7280000,0x00000000d7280000,0x00000000d7580000)
 ParOldGen       total 68608K, used 13119K [0x0000000080000000, 0x0000000084300000, 0x00000000d5580000)
  object space 68608K, 19% used [0x0000000080000000,0x0000000080ccfe28,0x0000000084300000)
 Metaspace       used 27408K, committed 28416K, reserved 1114112K
  class space    used 2711K, committed 3136K, reserved 1048576K
}
Event: 9.405 GC heap after
{Heap after GC invocations=11 (full 1):
 PSYoungGen      total 26112K, used 3048K [0x00000000d5580000, 0x00000000d7600000, 0x0000000100000000)
  eden space 23040K, 0% used [0x00000000d5580000,0x00000000d5580000,0x00000000d6c00000)
  from space 3072K, 99% used [0x00000000d7280000,0x00000000d757a2b0,0x00000000d7580000)
  to   space 5120K, 0% used [0x00000000d6c00000,0x00000000d6c00000,0x00000000d7100000)
 ParOldGen       total 68608K, used 14804K [0x0000000080000000, 0x0000000084300000, 0x00000000d5580000)
  object space 68608K, 21% used [0x0000000080000000,0x0000000080e75240,0x0000000084300000)
 Metaspace       used 27408K, committed 28416K, reserved 1114112K
  class space    used 2711K, committed 3136K, reserved 1048576K
}
Event: 9.981 GC heap before
{Heap before GC invocations=12 (full 1):
 PSYoungGen      total 26112K, used 26088K [0x00000000d5580000, 0x00000000d7600000, 0x0000000100000000)
  eden space 23040K, 100% used [0x00000000d5580000,0x00000000d6c00000,0x00000000d6c00000)
  from space 3072K, 99% used [0x00000000d7280000,0x00000000d757a2b0,0x00000000d7580000)
  to   space 5120K, 0% used [0x00000000d6c00000,0x00000000d6c00000,0x00000000d7100000)
 ParOldGen       total 68608K, used 14804K [0x0000000080000000, 0x0000000084300000, 0x00000000d5580000)
  object space 68608K, 21% used [0x0000000080000000,0x0000000080e75240,0x0000000084300000)
 Metaspace       used 30373K, committed 31424K, reserved 1114112K
  class space    used 3001K, committed 3456K, reserved 1048576K
}
Event: 9.986 GC heap after
{Heap after GC invocations=12 (full 1):
 PSYoungGen      total 25088K, used 2518K [0x00000000d5580000, 0x00000000d7300000, 0x0000000100000000)
  eden space 22528K, 0% used [0x00000000d5580000,0x00000000d5580000,0x00000000d6b80000)
  from space 2560K, 98% used [0x00000000d6c00000,0x00000000d6e75ae8,0x00000000d6e80000)
  to   space 3584K, 0% used [0x00000000d6f80000,0x00000000d6f80000,0x00000000d7300000)
 ParOldGen       total 68608K, used 17773K [0x0000000080000000, 0x0000000084300000, 0x00000000d5580000)
  object space 68608K, 25% used [0x0000000080000000,0x000000008115b4a0,0x0000000084300000)
 Metaspace       used 30373K, committed 31424K, reserved 1114112K
  class space    used 3001K, committed 3456K, reserved 1048576K
}
Event: 10.595 GC heap before
{Heap before GC invocations=13 (full 1):
 PSYoungGen      total 25088K, used 25046K [0x00000000d5580000, 0x00000000d7300000, 0x0000000100000000)
  eden space 22528K, 100% used [0x00000000d5580000,0x00000000d6b80000,0x00000000d6b80000)
  from space 2560K, 98% used [0x00000000d6c00000,0x00000000d6e75ae8,0x00000000d6e80000)
  to   space 3584K, 0% used [0x00000000d6f80000,0x00000000d6f80000,0x00000000d7300000)
 ParOldGen       total 68608K, used 17773K [0x0000000080000000, 0x0000000084300000, 0x00000000d5580000)
  object space 68608K, 25% used [0x0000000080000000,0x000000008115b4a0,0x0000000084300000)
 Metaspace       used 32927K, committed 34112K, reserved 1114112K
  class space    used 3340K, committed 3840K, reserved 1048576K
}
Event: 10.599 GC heap after
{Heap after GC invocations=13 (full 1):
 PSYoungGen      total 24064K, used 1541K [0x00000000d5580000, 0x00000000d7180000, 0x0000000100000000)
  eden space 22016K, 0% used [0x00000000d5580000,0x00000000d5580000,0x00000000d6b00000)
  from space 2048K, 75% used [0x00000000d6f80000,0x00000000d7101700,0x00000000d7180000)
  to   space 2048K, 0% used [0x00000000d6d80000,0x00000000d6d80000,0x00000000d6f80000)
 ParOldGen       total 68608K, used 20133K [0x0000000080000000, 0x0000000084300000, 0x00000000d5580000)
  object space 68608K, 29% used [0x0000000080000000,0x00000000813a9488,0x0000000084300000)
 Metaspace       used 32927K, committed 34112K, reserved 1114112K
  class space    used 3340K, committed 3840K, reserved 1048576K
}
Event: 10.844 GC heap before
{Heap before GC invocations=14 (full 1):
 PSYoungGen      total 24064K, used 15293K [0x00000000d5580000, 0x00000000d7180000, 0x0000000100000000)
  eden space 22016K, 62% used [0x00000000d5580000,0x00000000d62ede40,0x00000000d6b00000)
  from space 2048K, 75% used [0x00000000d6f80000,0x00000000d7101700,0x00000000d7180000)
  to   space 2048K, 0% used [0x00000000d6d80000,0x00000000d6d80000,0x00000000d6f80000)
 ParOldGen       total 68608K, used 20133K [0x0000000080000000, 0x0000000084300000, 0x00000000d5580000)
  object space 68608K, 29% used [0x0000000080000000,0x00000000813a9488,0x0000000084300000)
 Metaspace       used 34688K, committed 35840K, reserved 1114112K
  class space    used 3559K, committed 4096K, reserved 1048576K
}
Event: 10.846 GC heap after
{Heap after GC invocations=14 (full 1):
 PSYoungGen      total 23040K, used 914K [0x00000000d5580000, 0x00000000d7000000, 0x0000000100000000)
  eden space 22016K, 0% used [0x00000000d5580000,0x00000000d5580000,0x00000000d6b00000)
  from space 1024K, 89% used [0x00000000d6d80000,0x00000000d6e64990,0x00000000d6e80000)
  to   space 1536K, 0% used [0x00000000d6e80000,0x00000000d6e80000,0x00000000d7000000)
 ParOldGen       total 68608K, used 21464K [0x0000000080000000, 0x0000000084300000, 0x00000000d5580000)
  object space 68608K, 31% used [0x0000000080000000,0x00000000814f6070,0x0000000084300000)
 Metaspace       used 34688K, committed 35840K, reserved 1114112K
  class space    used 3559K, committed 4096K, reserved 1048576K
}
Event: 10.846 GC heap before
{Heap before GC invocations=15 (full 2):
 PSYoungGen      total 23040K, used 914K [0x00000000d5580000, 0x00000000d7000000, 0x0000000100000000)
  eden space 22016K, 0% used [0x00000000d5580000,0x00000000d5580000,0x00000000d6b00000)
  from space 1024K, 89% used [0x00000000d6d80000,0x00000000d6e64990,0x00000000d6e80000)
  to   space 1536K, 0% used [0x00000000d6e80000,0x00000000d6e80000,0x00000000d7000000)
 ParOldGen       total 68608K, used 21464K [0x0000000080000000, 0x0000000084300000, 0x00000000d5580000)
  object space 68608K, 31% used [0x0000000080000000,0x00000000814f6070,0x0000000084300000)
 Metaspace       used 34688K, committed 35840K, reserved 1114112K
  class space    used 3559K, committed 4096K, reserved 1048576K
}
Event: 10.881 GC heap after
{Heap after GC invocations=15 (full 2):
 PSYoungGen      total 23040K, used 0K [0x00000000d5580000, 0x00000000d7000000, 0x0000000100000000)
  eden space 22016K, 0% used [0x00000000d5580000,0x00000000d5580000,0x00000000d6b00000)
  from space 1024K, 0% used [0x00000000d6d80000,0x00000000d6d80000,0x00000000d6e80000)
  to   space 1536K, 0% used [0x00000000d6e80000,0x00000000d6e80000,0x00000000d7000000)
 ParOldGen       total 68608K, used 21192K [0x0000000080000000, 0x0000000084300000, 0x00000000d5580000)
  object space 68608K, 30% used [0x0000000080000000,0x00000000814b2138,0x0000000084300000)
 Metaspace       used 34688K, committed 35840K, reserved 1114112K
  class space    used 3559K, committed 4096K, reserved 1048576K
}
Event: 11.190 GC heap before
{Heap before GC invocations=16 (full 2):
 PSYoungGen      total 23040K, used 22016K [0x00000000d5580000, 0x00000000d7000000, 0x0000000100000000)
  eden space 22016K, 100% used [0x00000000d5580000,0x00000000d6b00000,0x00000000d6b00000)
  from space 1024K, 0% used [0x00000000d6d80000,0x00000000d6d80000,0x00000000d6e80000)
  to   space 1536K, 0% used [0x00000000d6e80000,0x00000000d6e80000,0x00000000d7000000)
 ParOldGen       total 68608K, used 21192K [0x0000000080000000, 0x0000000084300000, 0x00000000d5580000)
  object space 68608K, 30% used [0x0000000080000000,0x00000000814b2138,0x0000000084300000)
 Metaspace       used 36328K, committed 37504K, reserved 1114112K
  class space    used 3754K, committed 4288K, reserved 1048576K
}
Event: 11.193 GC heap after
{Heap after GC invocations=16 (full 2):
 PSYoungGen      total 22528K, used 1520K [0x00000000d5580000, 0x00000000d7400000, 0x0000000100000000)
  eden space 20992K, 0% used [0x00000000d5580000,0x00000000d5580000,0x00000000d6a00000)
  from space 1536K, 98% used [0x00000000d6e80000,0x00000000d6ffc010,0x00000000d7000000)
  to   space 4608K, 0% used [0x00000000d6a00000,0x00000000d6a00000,0x00000000d6e80000)
 ParOldGen       total 68608K, used 23409K [0x0000000080000000, 0x0000000084300000, 0x00000000d5580000)
  object space 68608K, 34% used [0x0000000080000000,0x00000000816dc5d8,0x0000000084300000)
 Metaspace       used 36328K, committed 37504K, reserved 1114112K
  class space    used 3754K, committed 4288K, reserved 1048576K
}
Event: 12.099 GC heap before
{Heap before GC invocations=17 (full 2):
 PSYoungGen      total 22528K, used 22512K [0x00000000d5580000, 0x00000000d7400000, 0x0000000100000000)
  eden space 20992K, 100% used [0x00000000d5580000,0x00000000d6a00000,0x00000000d6a00000)
  from space 1536K, 98% used [0x00000000d6e80000,0x00000000d6ffc010,0x00000000d7000000)
  to   space 4608K, 0% used [0x00000000d6a00000,0x00000000d6a00000,0x00000000d6e80000)
 ParOldGen       total 68608K, used 23409K [0x0000000080000000, 0x0000000084300000, 0x00000000d5580000)
  object space 68608K, 34% used [0x0000000080000000,0x00000000816dc5d8,0x0000000084300000)
 Metaspace       used 37884K, committed 39040K, reserved 1114112K
  class space    used 3987K, committed 4544K, reserved 1048576K
}
Event: 12.102 GC heap after
{Heap after GC invocations=17 (full 2):
 PSYoungGen      total 22528K, used 1085K [0x00000000d5580000, 0x00000000d6f00000, 0x0000000100000000)
  eden space 20992K, 0% used [0x00000000d5580000,0x00000000d5580000,0x00000000d6a00000)
  from space 1536K, 70% used [0x00000000d6a00000,0x00000000d6b0f6b0,0x00000000d6b80000)
  to   space 2048K, 0% used [0x00000000d6d00000,0x00000000d6d00000,0x00000000d6f00000)
 ParOldGen       total 68608K, used 24786K [0x0000000080000000, 0x0000000084300000, 0x00000000d5580000)
  object space 68608K, 36% used [0x0000000080000000,0x00000000818348a0,0x0000000084300000)
 Metaspace       used 37884K, committed 39040K, reserved 1114112K
  class space    used 3987K, committed 4544K, reserved 1048576K
}

Dll operation events (10 events):
Event: 0.018 Loaded shared library c:\Users\LENOVO\.antigravity\extensions\redhat.java-1.54.0-win32-x64\jre\21.0.10-win32-x86_64\bin\java.dll
Event: 0.112 Loaded shared library c:\Users\LENOVO\.antigravity\extensions\redhat.java-1.54.0-win32-x64\jre\21.0.10-win32-x86_64\bin\zip.dll
Event: 0.141 Loaded shared library C:\Users\LENOVO\.antigravity\extensions\redhat.java-1.54.0-win32-x64\jre\21.0.10-win32-x86_64\bin\instrument.dll
Event: 0.149 Loaded shared library C:\Users\LENOVO\.antigravity\extensions\redhat.java-1.54.0-win32-x64\jre\21.0.10-win32-x86_64\bin\net.dll
Event: 0.153 Loaded shared library C:\Users\LENOVO\.antigravity\extensions\redhat.java-1.54.0-win32-x64\jre\21.0.10-win32-x86_64\bin\nio.dll
Event: 0.157 Loaded shared library C:\Users\LENOVO\.antigravity\extensions\redhat.java-1.54.0-win32-x64\jre\21.0.10-win32-x86_64\bin\zip.dll
Event: 0.177 Loaded shared library C:\Users\LENOVO\.antigravity\extensions\redhat.java-1.54.0-win32-x64\jre\21.0.10-win32-x86_64\bin\jimage.dll
Event: 0.266 Loaded shared library c:\Users\LENOVO\.antigravity\extensions\redhat.java-1.54.0-win32-x64\jre\21.0.10-win32-x86_64\bin\verify.dll
Event: 1.877 Loaded shared library C:\Users\LENOVO\AppData\Roaming\Antigravity\User\globalStorage\redhat.java\1.54.0\config_win\org.eclipse.equinox.launcher\org.eclipse.equinox.launcher.win32.win32.x86_64_1.3.0.v20260203-2149\eclipse_11919.dll
Event: 6.110 Loaded shared library C:\Users\LENOVO\AppData\Local\Temp\jna--2053026509\jna3235973482400611810.dll

Deoptimization events (20 events):
Event: 12.104 Thread 0x000002429774d280 Uncommon trap: trap_request=0xffffff45 fr.pc=0x0000024248d741b4 relative=0x0000000000000a54
Event: 12.104 Thread 0x000002429774d280 Uncommon trap: reason=unstable_if action=reinterpret pc=0x0000024248d741b4 method=org.codehaus.plexus.util.xml.pull.MXParser.nextImpl()I @ 241 c2
Event: 12.104 Thread 0x000002429774d280 DEOPT PACKING pc=0x0000024248d741b4 sp=0x0000006c1fbfe4f0
Event: 12.104 Thread 0x000002429774d280 DEOPT UNPACKING pc=0x0000024248566da2 sp=0x0000006c1fbfe450 mode 2
Event: 12.106 Thread 0x000002429774d280 Uncommon trap: trap_request=0xffffff45 fr.pc=0x0000024248d5f710 relative=0x0000000000001b50
Event: 12.106 Thread 0x000002429774d280 Uncommon trap: reason=unstable_if action=reinterpret pc=0x0000024248d5f710 method=sun.nio.cs.StreamDecoder.lockedRead0()I @ 30 c2
Event: 12.106 Thread 0x000002429774d280 DEOPT PACKING pc=0x0000024248d5f710 sp=0x0000006c1fbfe0b0
Event: 12.106 Thread 0x000002429774d280 DEOPT UNPACKING pc=0x0000024248566da2 sp=0x0000006c1fbfdf98 mode 2
Event: 12.107 Thread 0x000002429774d280 Uncommon trap: trap_request=0xffffff45 fr.pc=0x0000024248d6ce90 relative=0x0000000000002570
Event: 12.107 Thread 0x000002429774d280 Uncommon trap: reason=unstable_if action=reinterpret pc=0x0000024248d6ce90 method=sun.nio.cs.StreamDecoder.implRead([CII)I @ 186 c2
Event: 12.107 Thread 0x000002429774d280 DEOPT PACKING pc=0x0000024248d6ce90 sp=0x0000006c1fbfdff0
Event: 12.107 Thread 0x000002429774d280 DEOPT UNPACKING pc=0x0000024248566da2 sp=0x0000006c1fbfddc8 mode 2
Event: 12.495 Thread 0x000002429da2a8a0 Uncommon trap: trap_request=0xffffff45 fr.pc=0x0000024248bb886c relative=0x000000000000050c
Event: 12.495 Thread 0x000002429da2a8a0 Uncommon trap: reason=unstable_if action=reinterpret pc=0x0000024248bb886c method=java.nio.charset.CharsetDecoder.decode(Ljava/nio/ByteBuffer;Ljava/nio/CharBuffer;Z)Ljava/nio/charset/CoderResult; @ 1 c2
Event: 12.495 Thread 0x000002429da2a8a0 DEOPT PACKING pc=0x0000024248bb886c sp=0x0000006c201fea40
Event: 12.495 Thread 0x000002429da2a8a0 DEOPT UNPACKING pc=0x0000024248566da2 sp=0x0000006c201fe9f8 mode 2
Event: 12.545 Thread 0x000002429da2a8a0 DEOPT PACKING pc=0x000002424108a1f8 sp=0x0000006c201fe7e0
Event: 12.545 Thread 0x000002429da2a8a0 DEOPT UNPACKING pc=0x00000242485678e2 sp=0x0000006c201fdcc8 mode 0
Event: 12.653 Thread 0x000002429da2a8a0 DEOPT PACKING pc=0x000002424121df7b sp=0x0000006c201fe830
Event: 12.653 Thread 0x000002429da2a8a0 DEOPT UNPACKING pc=0x00000242485678e2 sp=0x0000006c201fdd68 mode 0

Classes loaded (20 events):
Event: 11.088 Loading class java/time/format/DateTimeParseContext
Event: 11.088 Loading class java/time/format/DateTimeParseContext done
Event: 11.088 Loading class java/time/format/Parsed
Event: 11.089 Loading class java/time/format/Parsed done
Event: 11.242 Loading class sun/reflect/generics/repository/FieldRepository
Event: 11.243 Loading class sun/reflect/generics/repository/FieldRepository done
Event: 11.514 Loading class java/lang/annotation/ElementType
Event: 11.514 Loading class java/lang/annotation/ElementType done
Event: 11.676 Loading class java/lang/annotation/IncompleteAnnotationException
Event: 11.676 Loading class java/lang/annotation/IncompleteAnnotationException done
Event: 11.821 Loading class java/lang/foreign/MemorySegment
Event: 11.822 Loading class java/lang/foreign/MemorySegment done
Event: 12.494 Loading class sun/nio/cs/ThreadLocalCoders
Event: 12.494 Loading class sun/nio/cs/ThreadLocalCoders done
Event: 12.494 Loading class sun/nio/cs/ThreadLocalCoders$1
Event: 12.495 Loading class sun/nio/cs/ThreadLocalCoders$Cache
Event: 12.495 Loading class sun/nio/cs/ThreadLocalCoders$Cache done
Event: 12.495 Loading class sun/nio/cs/ThreadLocalCoders$1 done
Event: 12.495 Loading class sun/nio/cs/ThreadLocalCoders$2
Event: 12.495 Loading class sun/nio/cs/ThreadLocalCoders$2 done

Classes unloaded (7 events):
Event: 8.000 Thread 0x000002423de82c00 Unloading class 0x00000242561ab400 'java/lang/invoke/LambdaForm$MH+0x00000242561ab400'
Event: 8.000 Thread 0x000002423de82c00 Unloading class 0x00000242561ab000 'java/lang/invoke/LambdaForm$MH+0x00000242561ab000'
Event: 8.000 Thread 0x000002423de82c00 Unloading class 0x00000242561aac00 'java/lang/invoke/LambdaForm$MH+0x00000242561aac00'
Event: 8.000 Thread 0x000002423de82c00 Unloading class 0x00000242561aa800 'java/lang/invoke/LambdaForm$MH+0x00000242561aa800'
Event: 8.000 Thread 0x000002423de82c00 Unloading class 0x00000242561aa400 'java/lang/invoke/LambdaForm$BMH+0x00000242561aa400'
Event: 8.000 Thread 0x000002423de82c00 Unloading class 0x00000242561aa000 'java/lang/invoke/LambdaForm$DMH+0x00000242561aa000'
Event: 8.000 Thread 0x000002423de82c00 Unloading class 0x00000242561a8c00 'java/lang/invoke/LambdaForm$DMH+0x00000242561a8c00'

Classes redefined (0 events):
No events

Internal exceptions (20 events):
Event: 10.914 Thread 0x000002429da2a8a0 Exception <a 'sun/nio/fs/WindowsException'{0x00000000d58be280}> (0x00000000d58be280) 
thrown [s\src\hotspot\share\prims\jni.cpp, line 520]
Event: 10.914 Thread 0x000002429da2a8a0 Exception <a 'sun/nio/fs/WindowsException'{0x00000000d58be990}> (0x00000000d58be990) 
thrown [s\src\hotspot\share\prims\jni.cpp, line 520]
Event: 10.915 Thread 0x000002429da2a8a0 Exception <a 'sun/nio/fs/WindowsException'{0x00000000d58c22e8}> (0x00000000d58c22e8) 
thrown [s\src\hotspot\share\prims\jni.cpp, line 520]
Event: 10.915 Thread 0x000002429da2a8a0 Exception <a 'sun/nio/fs/WindowsException'{0x00000000d58c2a10}> (0x00000000d58c2a10) 
thrown [s\src\hotspot\share\prims\jni.cpp, line 520]
Event: 10.956 Thread 0x000002423dde4d90 Exception <a 'java/lang/NoSuchMethodError'{0x00000000d5d413a0}: 'void java.lang.invoke.DirectMethodHandle$Holder.invokeSpecial(java.lang.Object, java.lang.Object, java.lang.Object, java.lang.Object, java.lang.Object, java.lang.Object)'> (0x00000000d5d413a0) 
thrown [s\src\hotspot\share\interpreter\linkResolver.cpp, line 773]
Event: 10.961 Thread 0x000002423dde4d90 Exception <a 'java/lang/IncompatibleClassChangeError'{0x00000000d5d49898}: Found class java.lang.Object, but interface was expected> (0x00000000d5d49898) 
thrown [s\src\hotspot\share\interpreter\linkResolver.cpp, line 840]
Event: 10.961 Thread 0x000002423dde4d90 Exception <a 'java/lang/IncompatibleClassChangeError'{0x00000000d5d4b5f0}: Found class java.lang.Object, but interface was expected> (0x00000000d5d4b5f0) 
thrown [s\src\hotspot\share\interpreter\linkResolver.cpp, line 840]
Event: 10.990 Thread 0x000002429da2a8a0 Exception <a 'sun/nio/fs/WindowsException'{0x00000000d6059d58}> (0x00000000d6059d58) 
thrown [s\src\hotspot\share\prims\jni.cpp, line 520]
Event: 10.990 Thread 0x000002429da2a8a0 Exception <a 'sun/nio/fs/WindowsException'{0x00000000d607b928}> (0x00000000d607b928) 
thrown [s\src\hotspot\share\prims\jni.cpp, line 520]
Event: 11.001 Thread 0x000002429da2a8a0 Exception <a 'sun/nio/fs/WindowsException'{0x00000000d614fdd0}> (0x00000000d614fdd0) 
thrown [s\src\hotspot\share\prims\jni.cpp, line 520]
Event: 11.001 Thread 0x000002429da2a8a0 Exception <a 'sun/nio/fs/WindowsException'{0x00000000d61504f8}> (0x00000000d61504f8) 
thrown [s\src\hotspot\share\prims\jni.cpp, line 520]
Event: 11.083 Thread 0x000002429da2a8a0 Exception <a 'sun/nio/fs/WindowsException'{0x00000000d615df50}> (0x00000000d615df50) 
thrown [s\src\hotspot\share\prims\jni.cpp, line 520]
Event: 11.083 Thread 0x000002429da2a8a0 Exception <a 'sun/nio/fs/WindowsException'{0x00000000d6397bf8}> (0x00000000d6397bf8) 
thrown [s\src\hotspot\share\prims\jni.cpp, line 520]
Event: 11.087 Thread 0x000002429da2a8a0 Exception <a 'sun/nio/fs/WindowsException'{0x00000000d63c0958}> (0x00000000d63c0958) 
thrown [s\src\hotspot\share\prims\jni.cpp, line 520]
Event: 11.087 Thread 0x000002429da2a8a0 Exception <a 'sun/nio/fs/WindowsException'{0x00000000d63c1080}> (0x00000000d63c1080) 
thrown [s\src\hotspot\share\prims\jni.cpp, line 520]
Event: 11.089 Thread 0x000002429da2a8a0 Exception <a 'sun/nio/fs/WindowsException'{0x00000000d63ce198}> (0x00000000d63ce198) 
thrown [s\src\hotspot\share\prims\jni.cpp, line 520]
Event: 11.089 Thread 0x000002429da2a8a0 Exception <a 'sun/nio/fs/WindowsException'{0x00000000d63ce8c0}> (0x00000000d63ce8c0) 
thrown [s\src\hotspot\share\prims\jni.cpp, line 520]
Event: 11.092 Thread 0x000002429da2a8a0 Exception <a 'sun/nio/fs/WindowsException'{0x00000000d63f4710}> (0x00000000d63f4710) 
thrown [s\src\hotspot\share\prims\jni.cpp, line 520]
Event: 11.092 Thread 0x000002429da2a8a0 Exception <a 'sun/nio/fs/WindowsException'{0x00000000d63f4e38}> (0x00000000d63f4e38) 
thrown [s\src\hotspot\share\prims\jni.cpp, line 520]
Event: 11.676 Thread 0x000002429774d280 Exception <a 'java/lang/NoClassDefFoundError'{0x00000000d60d4e90}: javax/enterprise/inject/Typed> (0x00000000d60d4e90) 
thrown [s\src\hotspot\share\classfile\systemDictionary.cpp, line 301]

ZGC Phase Switch (0 events):
No events

VM Operations (20 events):
Event: 9.402 Executing safepoint VM operation: ParallelGCFailedAllocation (Allocation Failure)
Event: 9.405 Executing safepoint VM operation: ParallelGCFailedAllocation (Allocation Failure) done
Event: 9.485 Executing non-safepoint VM operation: HandshakeAllThreads (Deoptimize)
Event: 9.485 Executing non-safepoint VM operation: HandshakeAllThreads (Deoptimize) done
Event: 9.665 Executing non-safepoint VM operation: HandshakeAllThreads (Deoptimize)
Event: 9.687 Executing non-safepoint VM operation: HandshakeAllThreads (Deoptimize) done
Event: 9.835 Executing non-safepoint VM operation: HandshakeAllThreads (Deoptimize)
Event: 9.836 Executing non-safepoint VM operation: HandshakeAllThreads (Deoptimize) done
Event: 9.972 Executing safepoint VM operation: ParallelGCFailedAllocation (Allocation Failure)
Event: 9.986 Executing safepoint VM operation: ParallelGCFailedAllocation (Allocation Failure) done
Event: 10.595 Executing safepoint VM operation: ParallelGCFailedAllocation (Allocation Failure)
Event: 10.599 Executing safepoint VM operation: ParallelGCFailedAllocation (Allocation Failure) done
Event: 10.843 Executing safepoint VM operation: CollectForMetadataAllocation (Metadata GC Threshold)
Event: 10.881 Executing safepoint VM operation: CollectForMetadataAllocation (Metadata GC Threshold) done
Event: 11.189 Executing safepoint VM operation: ParallelGCFailedAllocation (Allocation Failure)
Event: 11.193 Executing safepoint VM operation: ParallelGCFailedAllocation (Allocation Failure) done
Event: 11.664 Executing non-safepoint VM operation: HandshakeAllThreads (Deoptimize)
Event: 11.664 Executing non-safepoint VM operation: HandshakeAllThreads (Deoptimize) done
Event: 12.098 Executing safepoint VM operation: ParallelGCFailedAllocation (Allocation Failure)
Event: 12.102 Executing safepoint VM operation: ParallelGCFailedAllocation (Allocation Failure) done

Memory protections (0 events):
No events

Nmethod flushes (20 events):
Event: 10.863 Thread 0x000002423de82c00 flushing  nmethod 0x0000024241654110
Event: 10.863 Thread 0x000002423de82c00 flushing  nmethod 0x0000024241656310
Event: 10.863 Thread 0x000002423de82c00 flushing  nmethod 0x0000024241656a90
Event: 10.863 Thread 0x000002423de82c00 flushing  nmethod 0x0000024241658010
Event: 10.863 Thread 0x000002423de82c00 flushing  nmethod 0x0000024241659490
Event: 10.863 Thread 0x000002423de82c00 flushing  nmethod 0x0000024241659d10
Event: 10.863 Thread 0x000002423de82c00 flushing  nmethod 0x000002424165b790
Event: 10.863 Thread 0x000002423de82c00 flushing  nmethod 0x0000024241666210
Event: 10.863 Thread 0x000002423de82c00 flushing  nmethod 0x0000024241666710
Event: 10.863 Thread 0x000002423de82c00 flushing  nmethod 0x000002424166c010
Event: 10.863 Thread 0x000002423de82c00 flushing  nmethod 0x0000024241686610
Event: 10.863 Thread 0x000002423de82c00 flushing  nmethod 0x000002424169a210
Event: 10.863 Thread 0x000002423de82c00 flushing  nmethod 0x000002424169c410
Event: 10.863 Thread 0x000002423de82c00 flushing  nmethod 0x00000242416a3f10
Event: 10.863 Thread 0x000002423de82c00 flushing  nmethod 0x00000242416ae610
Event: 10.863 Thread 0x000002423de82c00 flushing  nmethod 0x0000024241719910
Event: 10.863 Thread 0x000002423de82c00 flushing  nmethod 0x000002424171a290
Event: 10.863 Thread 0x000002423de82c00 flushing  nmethod 0x000002424171bc10
Event: 10.863 Thread 0x000002423de82c00 flushing  nmethod 0x0000024241741690
Event: 10.863 Thread 0x000002423de82c00 flushing  nmethod 0x000002424175f790

Events (20 events):
Event: 8.579 Thread 0x000002429790f2c0 Thread exited: 0x000002429790f2c0
Event: 8.906 Thread 0x000002429790e680 Thread exited: 0x000002429790e680
Event: 9.302 Thread 0x000002429715d380 Thread added: 0x000002429cd61340
Event: 9.500 Thread 0x000002429715d380 Thread added: 0x000002429e421330
Event: 9.612 Thread 0x0000024297a9a9a0 Thread added: 0x000002429774d910
Event: 9.617 Thread 0x000002429774cbf0 Thread added: 0x000002429da2a8a0
Event: 10.279 Thread 0x000002429774cbf0 Thread added: 0x000002429da2a210
Event: 10.320 Thread 0x000002423dde4d90 Thread added: 0x000002429da2af30
Event: 10.330 Thread 0x000002423dde4d90 Thread added: 0x000002429da287d0
Event: 10.333 Thread 0x000002423dde4d90 Thread added: 0x000002429da27ab0
Event: 10.335 Thread 0x000002423dde4d90 Thread added: 0x000002429da294f0
Event: 10.336 Thread 0x000002423dde4d90 Thread added: 0x000002429da28e60
Event: 10.337 Thread 0x000002423dde4d90 Thread added: 0x000002429da29b80
Event: 10.337 Thread 0x000002423dde4d90 Thread added: 0x000002429da2b5c0
Event: 10.338 Thread 0x000002423dde4d90 Thread added: 0x000002429da28140
Event: 10.342 Thread 0x000002423dde4d90 Thread added: 0x000002429da2d690
Event: 10.376 Thread 0x000002429da2a210 Thread added: 0x000002429da2d000
Event: 10.430 Thread 0x000002423dde4d90 Thread added: 0x000002429da2bc50
Event: 11.008 Thread 0x000002423dde4d90 Thread added: 0x000002429da2dd20
Event: 11.008 Thread 0x000002423dde4d90 Thread added: 0x000002429da2f0d0


Dynamic libraries:
0x00007ff759840000 - 0x00007ff75984e000 	c:\Users\LENOVO\.antigravity\extensions\redhat.java-1.54.0-win32-x64\jre\21.0.10-win32-x86_64\bin\java.exe
0x00007ffd98dc0000 - 0x00007ffd99027000 	C:\WINDOWS\SYSTEM32\ntdll.dll
0x00007ffd97a40000 - 0x00007ffd97b09000 	C:\WINDOWS\System32\KERNEL32.DLL
0x00007ffd96240000 - 0x00007ffd96634000 	C:\WINDOWS\System32\KERNELBASE.dll
0x00007ffd96060000 - 0x00007ffd961ab000 	C:\WINDOWS\System32\ucrtbase.dll
0x00007ffd4f900000 - 0x00007ffd4f918000 	c:\Users\LENOVO\.antigravity\extensions\redhat.java-1.54.0-win32-x64\jre\21.0.10-win32-x86_64\bin\jli.dll
0x00007ffd96f30000 - 0x00007ffd970f5000 	C:\WINDOWS\System32\USER32.dll
0x00007ffd96b20000 - 0x00007ffd96b47000 	C:\WINDOWS\System32\win32u.dll
0x00007ffd98430000 - 0x00007ffd9845b000 	C:\WINDOWS\System32\GDI32.dll
0x00007ffd47e50000 - 0x00007ffd47e6e000 	c:\Users\LENOVO\.antigravity\extensions\redhat.java-1.54.0-win32-x64\jre\21.0.10-win32-x86_64\bin\VCRUNTIME140.dll
0x00007ffd96640000 - 0x00007ffd9676b000 	C:\WINDOWS\System32\gdi32full.dll
0x00007ffd79530000 - 0x00007ffd797c3000 	C:\WINDOWS\WinSxS\amd64_microsoft.windows.common-controls_6595b64144ccf1df_6.0.26100.8115_none_3e075c82e3354f9c\COMCTL32.dll
0x00007ffd95fb0000 - 0x00007ffd96053000 	C:\WINDOWS\System32\msvcp_win.dll
0x00007ffd98a50000 - 0x00007ffd98af9000 	C:\WINDOWS\System32\msvcrt.dll
0x00007ffd98b60000 - 0x00007ffd98b92000 	C:\WINDOWS\System32\IMM32.DLL
0x00007ffd90960000 - 0x00007ffd9096c000 	c:\Users\LENOVO\.antigravity\extensions\redhat.java-1.54.0-win32-x64\jre\21.0.10-win32-x86_64\bin\vcruntime140_1.dll
0x00007ffd226c0000 - 0x00007ffd2274d000 	c:\Users\LENOVO\.antigravity\extensions\redhat.java-1.54.0-win32-x64\jre\21.0.10-win32-x86_64\bin\msvcp140.dll
0x00007ffd084a0000 - 0x00007ffd09241000 	c:\Users\LENOVO\.antigravity\extensions\redhat.java-1.54.0-win32-x64\jre\21.0.10-win32-x86_64\bin\server\jvm.dll
0x00007ffd98460000 - 0x00007ffd98516000 	C:\WINDOWS\System32\ADVAPI32.dll
0x00007ffd96c00000 - 0x00007ffd96ca7000 	C:\WINDOWS\System32\sechost.dll
0x00007ffd97b10000 - 0x00007ffd97c28000 	C:\WINDOWS\System32\RPCRT4.dll
0x00007ffd97100000 - 0x00007ffd97180000 	C:\WINDOWS\System32\WS2_32.dll
0x00007ffd954f0000 - 0x00007ffd9554e000 	C:\WINDOWS\SYSTEM32\POWRPROF.dll
0x00007ffd8cde0000 - 0x00007ffd8ce16000 	C:\WINDOWS\SYSTEM32\WINMM.dll
0x00007ffd86690000 - 0x00007ffd8669b000 	C:\WINDOWS\SYSTEM32\VERSION.dll
0x00007ffd954d0000 - 0x00007ffd954e4000 	C:\WINDOWS\SYSTEM32\UMPDC.dll
0x00007ffd94420000 - 0x00007ffd9443b000 	C:\WINDOWS\SYSTEM32\kernel.appcore.dll
0x00007ffd8f6f0000 - 0x00007ffd8f6fa000 	c:\Users\LENOVO\.antigravity\extensions\redhat.java-1.54.0-win32-x64\jre\21.0.10-win32-x86_64\bin\jimage.dll
0x00007ffd90ae0000 - 0x00007ffd90d22000 	C:\WINDOWS\SYSTEM32\DBGHELP.DLL
0x00007ffd976b0000 - 0x00007ffd97a32000 	C:\WINDOWS\System32\combase.dll
0x00007ffd96e50000 - 0x00007ffd96f28000 	C:\WINDOWS\System32\OLEAUT32.dll
0x00007ffd74350000 - 0x00007ffd7438b000 	C:\WINDOWS\SYSTEM32\dbgcore.DLL
0x00007ffd95f00000 - 0x00007ffd95fa5000 	C:\WINDOWS\System32\bcryptPrimitives.dll
0x00007ffd83c90000 - 0x00007ffd83c9f000 	c:\Users\LENOVO\.antigravity\extensions\redhat.java-1.54.0-win32-x64\jre\21.0.10-win32-x86_64\bin\instrument.dll
0x00007ffd47e30000 - 0x00007ffd47e50000 	c:\Users\LENOVO\.antigravity\extensions\redhat.java-1.54.0-win32-x64\jre\21.0.10-win32-x86_64\bin\java.dll
0x00007ffd97cc0000 - 0x00007ffd98427000 	C:\WINDOWS\System32\SHELL32.dll
0x00007ffd96770000 - 0x00007ffd968da000 	C:\WINDOWS\System32\wintypes.dll
0x00007ffd95690000 - 0x00007ffd95ef8000 	C:\WINDOWS\System32\windows.storage.dll
0x00007ffd975b0000 - 0x00007ffd976a8000 	C:\WINDOWS\System32\SHCORE.dll
0x00007ffd97360000 - 0x00007ffd973c6000 	C:\WINDOWS\System32\shlwapi.dll
0x00007ffd955b0000 - 0x00007ffd955d9000 	C:\WINDOWS\SYSTEM32\profapi.dll
0x00007ffd45930000 - 0x00007ffd45948000 	c:\Users\LENOVO\.antigravity\extensions\redhat.java-1.54.0-win32-x64\jre\21.0.10-win32-x86_64\bin\zip.dll
0x00007ffd81140000 - 0x00007ffd81150000 	C:\Users\LENOVO\.antigravity\extensions\redhat.java-1.54.0-win32-x64\jre\21.0.10-win32-x86_64\bin\net.dll
0x00007ffd8c4a0000 - 0x00007ffd8c5cd000 	C:\WINDOWS\SYSTEM32\WINHTTP.dll
0x00007ffd94990000 - 0x00007ffd949fc000 	C:\WINDOWS\system32\mswsock.dll
0x00007ffd45910000 - 0x00007ffd45926000 	C:\Users\LENOVO\.antigravity\extensions\redhat.java-1.54.0-win32-x64\jre\21.0.10-win32-x86_64\bin\nio.dll
0x00007ffd80560000 - 0x00007ffd80570000 	c:\Users\LENOVO\.antigravity\extensions\redhat.java-1.54.0-win32-x64\jre\21.0.10-win32-x86_64\bin\verify.dll
0x00007ffd2c5e0000 - 0x00007ffd2c625000 	C:\Users\LENOVO\AppData\Roaming\Antigravity\User\globalStorage\redhat.java\1.54.0\config_win\org.eclipse.equinox.launcher\org.eclipse.equinox.launcher.win32.win32.x86_64_1.3.0.v20260203-2149\eclipse_11919.dll
0x00007ffd96cb0000 - 0x00007ffd96e47000 	C:\WINDOWS\System32\ole32.dll
0x00007ffd94c70000 - 0x00007ffd94c8b000 	C:\WINDOWS\SYSTEM32\CRYPTSP.dll
0x00007ffd94380000 - 0x00007ffd943b9000 	C:\WINDOWS\system32\rsaenh.dll
0x00007ffd94a40000 - 0x00007ffd94a73000 	C:\WINDOWS\SYSTEM32\USERENV.dll
0x00007ffd95580000 - 0x00007ffd955aa000 	C:\WINDOWS\SYSTEM32\bcrypt.dll
0x00007ffd94c90000 - 0x00007ffd94c9c000 	C:\WINDOWS\SYSTEM32\CRYPTBASE.dll
0x00007ffd93e90000 - 0x00007ffd93ec2000 	C:\WINDOWS\SYSTEM32\IPHLPAPI.DLL
0x00007ffd97290000 - 0x00007ffd9729a000 	C:\WINDOWS\System32\NSI.dll
0x00007ffd8f640000 - 0x00007ffd8f689000 	C:\Users\LENOVO\AppData\Local\Temp\jna--2053026509\jna3235973482400611810.dll
0x00007ffd96bf0000 - 0x00007ffd96bf8000 	C:\WINDOWS\System32\PSAPI.DLL
0x00007ffd8cc90000 - 0x00007ffd8ccad000 	C:\WINDOWS\SYSTEM32\dhcpcsvc6.DLL
0x00007ffd8cbc0000 - 0x00007ffd8cbe5000 	C:\WINDOWS\SYSTEM32\dhcpcsvc.DLL

JVMTI agents:
c:\Users\LENOVO\.antigravity\extensions\redhat.java-1.54.0-win32-x64\lombok\lombok-1.18.39-4050.jar path:c:\Users\LENOVO\.antigravity\extensions\redhat.java-1.54.0-win32-x64\jre\21.0.10-win32-x86_64\bin\instrument.dll, loaded, initialized, instrumentlib options:none

dbghelp: loaded successfully - version: 4.0.5 - missing functions: none
symbol engine: initialized successfully - sym options: 0x614 - pdb path: .;c:\Users\LENOVO\.antigravity\extensions\redhat.java-1.54.0-win32-x64\jre\21.0.10-win32-x86_64\bin;C:\WINDOWS\SYSTEM32;C:\WINDOWS\WinSxS\amd64_microsoft.windows.common-controls_6595b64144ccf1df_6.0.26100.8115_none_3e075c82e3354f9c;c:\Users\LENOVO\.antigravity\extensions\redhat.java-1.54.0-win32-x64\jre\21.0.10-win32-x86_64\bin\server;C:\Users\LENOVO\AppData\Roaming\Antigravity\User\globalStorage\redhat.java\1.54.0\config_win\org.eclipse.equinox.launcher\org.eclipse.equinox.launcher.win32.win32.x86_64_1.3.0.v20260203-2149;C:\Users\LENOVO\AppData\Local\Temp\jna--2053026509

VM Arguments:
jvm_args: --add-modules=ALL-SYSTEM --add-opens=java.base/java.util=ALL-UNNAMED --add-opens=java.base/java.lang=ALL-UNNAMED --add-opens=java.base/sun.nio.fs=ALL-UNNAMED -Declipse.application=org.eclipse.jdt.ls.core.id1 -Dosgi.bundles.defaultStartLevel=4 -Declipse.product=org.eclipse.jdt.ls.core.product -Djava.import.generatesMetadataFilesAtProjectRoot=false -DDetectVMInstallationsJob.disabled=true -Dfile.encoding=utf8 -XX:+UseParallelGC -XX:GCTimeRatio=4 -XX:AdaptiveSizePolicyWeight=90 -Dsun.zip.disableMemoryMapping=true -Xmx2G -Xms100m -Xlog:disable -javaagent:c:\Users\LENOVO\.antigravity\extensions\redhat.java-1.54.0-win32-x64\lombok\lombok-1.18.39-4050.jar -XX:+HeapDumpOnOutOfMemoryError -XX:HeapDumpPath=c:\Users\LENOVO\AppData\Roaming\Antigravity\User\workspaceStorage\c32ad2883d698218fc90bdae50dd7373\redhat.java -Daether.dependencyCollector.impl=bf 
java_command: c:\Users\LENOVO\.antigravity\extensions\redhat.java-1.54.0-win32-x64\server\plugins\org.eclipse.equinox.launcher_1.7.100.v20251111-0406.jar -configuration c:\Users\LENOVO\AppData\Roaming\Antigravity\User\globalStorage\redhat.java\1.54.0\config_win -data c:\Users\LENOVO\AppData\Roaming\Antigravity\User\workspaceStorage\c32ad2883d698218fc90bdae50dd7373\redhat.java\jdt_ws --pipe=\\.\pipe\lsp-aca753e8961a914ea15d940fda4aaca9-sock
java_class_path (initial): c:\Users\LENOVO\.antigravity\extensions\redhat.java-1.54.0-win32-x64\server\plugins\org.eclipse.equinox.launcher_1.7.100.v20251111-0406.jar
Launcher Type: SUN_STANDARD

[Global flags]
    uintx AdaptiveSizePolicyWeight                 = 90                                        {product} {command line}
     intx CICompilerCount                          = 4                                         {product} {ergonomic}
    uintx GCTimeRatio                              = 4                                         {product} {command line}
     bool HeapDumpOnOutOfMemoryError               = true                                   {manageable} {command line}
    ccstr HeapDumpPath                             = c:\Users\LENOVO\AppData\Roaming\Antigravity\User\workspaceStorage\c32ad2883d698218fc90bdae50dd7373\redhat.java         {manageable} {command line}
   size_t InitialHeapSize                          = 104857600                                 {product} {command line}
   size_t MaxHeapSize                              = 2147483648                                {product} {command line}
   size_t MaxNewSize                               = 715653120                                 {product} {ergonomic}
   size_t MinHeapDeltaBytes                        = 524288                                    {product} {ergonomic}
   size_t MinHeapSize                              = 104857600                                 {product} {command line}
   size_t NewSize                                  = 34603008                                  {product} {ergonomic}
    uintx NonNMethodCodeHeapSize                   = 5839372                                {pd product} {ergonomic}
    uintx NonProfiledCodeHeapSize                  = 122909434                              {pd product} {ergonomic}
   size_t OldSize                                  = 70254592                                  {product} {ergonomic}
    uintx ProfiledCodeHeapSize                     = 122909434                              {pd product} {ergonomic}
    uintx ReservedCodeCacheSize                    = 251658240                              {pd product} {ergonomic}
     bool SegmentedCodeCache                       = true                                      {product} {ergonomic}
   size_t SoftMaxHeapSize                          = 2147483648                             {manageable} {ergonomic}
     bool UseCompressedOops                        = true                           {product lp64_product} {ergonomic}
     bool UseLargePagesIndividualAllocation        = false                                  {pd product} {ergonomic}
     bool UseParallelGC                            = true                                      {product} {command line}

Logging:
Log output configuration:
 #0: stdout all=off uptime,level,tags foldmultilines=false
 #1: stderr all=off uptime,level,tags foldmultilines=false

Release file:
JAVA_VERSION="21.0.10" 
MODULES="java.base java.compiler java.datatransfer java.xml java.prefs java.desktop java.instrument java.logging java.management java.security.sasl java.naming java.rmi java.management.rmi java.net.http java.scripting java.security.jgss java.transaction.xa java.sql java.sql.rowset java.xml.crypto java.se java.smartcardio jdk.accessibility jdk.internal.jvmstat jdk.attach jdk.charsets jdk.internal.opt jdk.zipfs jdk.compiler jdk.crypto.ec jdk.crypto.cryptoki jdk.crypto.mscapi jdk.dynalink jdk.internal.ed jdk.editpad jdk.hotspot.agent jdk.httpserver jdk.internal.le jdk.internal.vm.ci jdk.internal.vm.compiler jdk.internal.vm.compiler.management jdk.jartool jdk.javadoc jdk.jcmd jdk.management jdk.management.agent jdk.jconsole jdk.jdeps jdk.jdwp.agent jdk.jdi jdk.jfr jdk.jshell jdk.jsobject jdk.jstatd jdk.localedata jdk.management.jfr jdk.naming.dns jdk.naming.rmi jdk.net jdk.nio.mapmode jdk.random jdk.sctp jdk.security.auth jdk.security.jgss jdk.unsupported jdk.unsupported.desktop jdk.xml.dom" 

Environment Variables:
JAVA_HOME=C:\Program Files\Java\jdk-20
PATH=C:\Users\LENOVO\Downloads\apache-maven-3.9.14-bin\apache-maven-3.9.14\bin;C:\Program Files\MongoDB\Server\8.2\bin;C:\Program Files\Eclipse Adoptium\jdk-17.0.17.10-hotspot\bin;C:\oraclexe\app\oracle\product\11.2.0\server\bin;C:\xampp\php;C:\Program Files\MySQL\MySQL Server 8.0\bin;C:\Python 3.12\Python 3.12.exe;C:\Users\LENOVO\AppData\Local\Programs\Python\Python312\python.exe;C:\Users\LENOVO\Downloads\flutter_windows_3.16.0-stable\flutter\bin;C:\ProgramData\Oracle\Java\javapath;C:\Program Files\Java\jdk-21.0.1\bin;C:\Program Files\Common Files\Oracle\Java\javapath;C:\Program Files\Java\jdk-20\bin;C:\Users\LENOVO\Downloads\sqldeveloper-23.1.0.097.1607-x64\sqldeveloper\sqldeveloper\bin;C:\Users\LENOVO\Downloads\msys2-x86_64-20230318.exe;C:\WINDOWS\system32;C:\WINDOWS;C:\WINDOWS\System32\Wbem;C:\WINDOWS\System32\WindowsPowerShell\v1.0\;C:\WINDOWS\System32\OpenSSH\;C:\Program Files\Git\cmd;C:\Program Files\Git\bin;C:\Program Files\dotnet\;C:\Users\LENOVO\AppData\Local\Android\Sdk\platform-tools;C:\Users\LENOVO\AppData\Local\Android\Sdk\emulator;C:\Users\LENOVO\Downloads\php-8.3.11-nts-Win32-vs16-x64;C:\ProgramData\ComposerSetup\bin;C:\Program Files\nodejs\;C:\Program Files\Microsoft SQL Server\150\Tools\Binn\;C:\Program Files\Docker\Docker\resources\bin;C:\Program Files\Vagrant\bin;C:\Program Files\Cloudflare\Cloudflare WARP\;C:\Users\LENOVO\scoop\shims;C:\Program Files\MySQL\MySQL Shell 8.0\bin\;C:\Users\LENOVO\AppData\Local\Programs\Python\Launcher\;C:\Python27\python.exe;C:\Users\LENOVO\AppData\Local\Programs\Python\Python311;C:\Users\LENOVO\AppData\Local\Programs\Python\Python311\Scripts\;C:\Python27;C:\Users\LENOVO\AppData\Local\Microsoft\WindowsApps;C:\Program Files\JetBrains\PyCharm Community Edition 2023.1\bin;;C:\Users\LENOVO\AppData\Local\GitHubDesktop\bin;C:\Users\LENOVO\.dotnet\tools;C:\Program Files (x86)\Nmap;C:\Users\LENOVO\AppData\Local\Programs\MiKTeX\miktex\bin\x64\;C:\Users\LENOVO\AppData\Roaming\Composer\vendor\bin;C:\xampp\php;C:\Program Files\JetBrains\IntelliJ IDEA 2024.2.1\bin;;C:\Flex Windows\gcc\bin;C:\Flex Windows\Lex\bin;C:\Flex Windows\bison\bin;C:\Users\LENOVO\AppData\Local\Muse Hub\lib;C:\Users\LENOVO\AppData\Local\Programs\Microsoft VS Code\bin;C:\Users\LENOVO\AppData\Local\Programs\cursor\resources\app\bin;C:\Users\LENOVO\AppData\Roaming\npm;C:\Users\LENOVO\AppData\Local\Programs\Antigravity\bin;
USERNAME=LENOVO
OS=Windows_NT
PROCESSOR_IDENTIFIER=Intel64 Family 6 Model 140 Stepping 2, GenuineIntel
TMP=C:\Users\LENOVO\AppData\Local\Temp
TEMP=C:\Users\LENOVO\AppData\Local\Temp




Periodic native trim disabled

---------------  S Y S T E M  ---------------

OS:
 Windows 11 , 64 bit Build 26100 (10.0.26100.8246)
OS uptime: 0 days 7:01 hours
Hyper-V role detected

CPU: total 8 (initial active 8) (4 cores per cpu, 2 threads per core) family 6 model 140 stepping 2 microcode 0x26, cx8, cmov, fxsr, ht, mmx, 3dnowpref, sse, sse2, sse3, ssse3, sse4.1, sse4.2, popcnt, lzcnt, tsc, tscinvbit, avx, avx2, aes, erms, clmul, bmi1, bmi2, adx, avx512f, avx512dq, avx512cd, avx512bw, avx512vl, sha, fma, vzeroupper, avx512_vpopcntdq, avx512_vpclmulqdq, avx512_vaes, avx512_vnni, clflush, clflushopt, clwb, avx512_vbmi2, avx512_vbmi, hv, rdtscp, rdpid, fsrm, gfni, avx512_bitalg, f16c, cet_ibt, cet_ss, avx512_ifma
Processor Information for processor 0
  Max Mhz: 3187, Current Mhz: 3187, Mhz Limit: 3187
Processor Information for processor 1
  Max Mhz: 3187, Current Mhz: 3187, Mhz Limit: 3187
Processor Information for processor 2
  Max Mhz: 3187, Current Mhz: 995, Mhz Limit: 3187
Processor Information for processor 3
  Max Mhz: 3187, Current Mhz: 995, Mhz Limit: 3187
Processor Information for processor 4
  Max Mhz: 3187, Current Mhz: 3187, Mhz Limit: 3187
Processor Information for processor 5
  Max Mhz: 3187, Current Mhz: 3187, Mhz Limit: 3187
Processor Information for processor 6
  Max Mhz: 3187, Current Mhz: 3187, Mhz Limit: 3187
Processor Information for processor 7
  Max Mhz: 3187, Current Mhz: 3187, Mhz Limit: 3187

Memory: 4k page, system-wide physical 16167M (1174M free)
TotalPageFile size 21167M (AvailPageFile size 25M)
current process WorkingSet (physical memory assigned to process): 221M, peak: 231M
current process commit charge ("private bytes"): 337M, peak: 346M

vm_info: OpenJDK 64-Bit Server VM (21.0.10+7-LTS) for windows-amd64 JRE (21.0.10+7-LTS), built on 2026-01-20T00:00:00Z by "admin" with MS VC++ 17.12 (VS2022)

END.
