#
# There is insufficient memory for the Java Runtime Environment to continue.
# Native memory allocation (malloc) failed to allocate 1048576 bytes. Error detail: AllocateHeap
# Possible reasons:
#   The system is out of physical RAM or swap space
#   This process is running with CompressedOops enabled, and the Java Heap may be blocking the growth of the native heap
# Possible solutions:
#   Reduce memory load on the system
#   Increase physical memory or swap space
#   Check if swap backing store is full
#   Decrease Java heap size (-Xmx/-Xms)
#   Decrease number of Java threads
#   Decrease Java thread stack sizes (-Xss)
#   Set larger code cache with -XX:ReservedCodeCacheSize=
#   JVM is running with Unscaled Compressed Oops mode in which the Java heap is
#     placed in the first 4GB address space. The Java Heap base address is the
#     maximum limit for the native heap growth. Please use -XX:HeapBaseMinAddress
#     to set the Java Heap base and to place the Java Heap above 4GB virtual address.
# This output file may be truncated or incomplete.
#
#  Out of Memory Error (allocation.cpp:44), pid=16144, tid=16232
#
# JRE version: OpenJDK Runtime Environment Temurin-21.0.10+7 (21.0.10+7) (build 21.0.10+7-LTS)
# Java VM: OpenJDK 64-Bit Server VM Temurin-21.0.10+7 (21.0.10+7-LTS, mixed mode, sharing, tiered, compressed oops, compressed class ptrs, parallel gc, windows-amd64)
# No core dump will be written. Minidumps are not enabled by default on client versions of Windows
#

---------------  S U M M A R Y ------------

Command Line: --add-modules=ALL-SYSTEM --add-opens=java.base/java.util=ALL-UNNAMED --add-opens=java.base/java.lang=ALL-UNNAMED --add-opens=java.base/sun.nio.fs=ALL-UNNAMED -Declipse.application=org.eclipse.jdt.ls.core.id1 -Dosgi.bundles.defaultStartLevel=4 -Declipse.product=org.eclipse.jdt.ls.core.product -Djava.import.generatesMetadataFilesAtProjectRoot=false -DDetectVMInstallationsJob.disabled=true -Dfile.encoding=utf8 -XX:+UseParallelGC -XX:GCTimeRatio=4 -XX:AdaptiveSizePolicyWeight=90 -Dsun.zip.disableMemoryMapping=true -Xmx2G -Xms100m -Xlog:disable -javaagent:c:\Users\LENOVO\.antigravity\extensions\redhat.java-1.54.0-win32-x64\lombok\lombok-1.18.39-4050.jar -XX:+HeapDumpOnOutOfMemoryError -XX:HeapDumpPath=c:\Users\LENOVO\AppData\Roaming\Antigravity\User\workspaceStorage\c32ad2883d698218fc90bdae50dd7373\redhat.java -Daether.dependencyCollector.impl=bf c:\Users\LENOVO\.antigravity\extensions\redhat.java-1.54.0-win32-x64\server\plugins\org.eclipse.equinox.launcher_1.7.100.v20251111-0406.jar -configuration c:\Users\LENOVO\AppData\Roaming\Antigravity\User\globalStorage\redhat.java\1.54.0\config_win -data c:\Users\LENOVO\AppData\Roaming\Antigravity\User\workspaceStorage\c32ad2883d698218fc90bdae50dd7373\redhat.java\jdt_ws --pipe=\\.\pipe\lsp-5795481ca534f45cf0e241f507296c77-sock

Host: 11th Gen Intel(R) Core(TM) i5-11320H @ 3.20GHz, 8 cores, 15G,  Windows 11 , 64 bit Build 26100 (10.0.26100.8246)
Time: Thu Apr 16 00:01:02 2026 Paris, Madrid elapsed time: 6722.485322 seconds (0d 1h 52m 2s)

---------------  T H R E A D  ---------------

Current thread (0x00000235dc55bf50):  JavaThread "Attach Listener" daemon [_thread_in_vm, id=16232, stack(0x0000006c89200000,0x0000006c89300000) (1024K)]

Stack: [0x0000006c89200000,0x0000006c89300000]
Native frames: (J=compiled Java code, j=interpreted, Vv=VM code, C=native code)
V  [jvm.dll+0x6d7a39]
V  [jvm.dll+0x8b4b26]
V  [jvm.dll+0x8b70de]
V  [jvm.dll+0x8b77c3]
V  [jvm.dll+0x284346]
V  [jvm.dll+0xc1277]
V  [jvm.dll+0x6d82e9]
V  [jvm.dll+0x1334a6]
V  [jvm.dll+0x3f857e]
V  [jvm.dll+0x85f59d]
V  [jvm.dll+0x6d626d]
C  [ucrtbase.dll+0x37b0]
C  [KERNEL32.DLL+0x2e8d7]
C  [ntdll.dll+0x8c3fc]


---------------  P R O C E S S  ---------------

Threads class SMR info:
_java_thread_list=0x00000235fc747060, length=35, elements={
0x00000235da14b830, 0x00000235dc69e0d0, 0x00000235dc55a830, 0x00000235dc55b4f0,
0x00000235dc55bf50, 0x00000235dc55c9b0, 0x00000235dc55d410, 0x00000235dc55e1a0,
0x00000235f4889920, 0x00000235f4a10240, 0x00000235f4ad1260, 0x00000235f97ec3d0,
0x00000235f950a400, 0x00000235f49a77f0, 0x00000235f942c740, 0x00000235f9590a10,
0x00000235f4be6b10, 0x00000235f93727c0, 0x00000235f9ee1610, 0x00000235f9edfbd0,
0x00000235f9edeeb0, 0x00000235f9ee0f80, 0x00000235f9edf540, 0x00000235fb2a62f0,
0x00000235fb2a6980, 0x00000235fb2a3b90, 0x00000235fb2a4220, 0x00000235fb2a55d0,
0x00000235fb2a5c60, 0x00000235fb2a3500, 0x00000235fb2a76a0, 0x00000235fb2a7d30,
0x00000235fb2a48b0, 0x00000235fe8d4d80, 0x00000235fe8daff0
}

Java Threads: ( => current thread )
  0x00000235da14b830 JavaThread "main"                              [_thread_blocked, id=16328, stack(0x0000006c88b00000,0x0000006c88c00000) (1024K)]
  0x00000235dc69e0d0 JavaThread "Reference Handler"          daemon [_thread_blocked, id=16108, stack(0x0000006c88f00000,0x0000006c89000000) (1024K)]
  0x00000235dc55a830 JavaThread "Finalizer"                  daemon [_thread_blocked, id=9884, stack(0x0000006c89000000,0x0000006c89100000) (1024K)]
  0x00000235dc55b4f0 JavaThread "Signal Dispatcher"          daemon [_thread_blocked, id=16112, stack(0x0000006c89100000,0x0000006c89200000) (1024K)]
=>0x00000235dc55bf50 JavaThread "Attach Listener"            daemon [_thread_in_vm, id=16232, stack(0x0000006c89200000,0x0000006c89300000) (1024K)]
  0x00000235dc55c9b0 JavaThread "Service Thread"             daemon [_thread_blocked, id=16320, stack(0x0000006c89300000,0x0000006c89400000) (1024K)]
  0x00000235dc55d410 JavaThread "Monitor Deflation Thread"   daemon [_thread_blocked, id=16224, stack(0x0000006c89400000,0x0000006c89500000) (1024K)]
  0x00000235dc55e1a0 JavaThread "C2 CompilerThread0"         daemon [_thread_blocked, id=1076, stack(0x0000006c89500000,0x0000006c89600000) (1024K)]
  0x00000235f4889920 JavaThread "C1 CompilerThread0"         daemon [_thread_blocked, id=1084, stack(0x0000006c89600000,0x0000006c89700000) (1024K)]
  0x00000235f4a10240 JavaThread "Common-Cleaner"             daemon [_thread_blocked, id=1128, stack(0x0000006c89700000,0x0000006c89800000) (1024K)]
  0x00000235f4ad1260 JavaThread "Notification Thread"        daemon [_thread_blocked, id=20040, stack(0x0000006c89900000,0x0000006c89a00000) (1024K)]
  0x00000235f97ec3d0 JavaThread "Active Thread: Equinox Container: ec8ee977-1f60-4ad5-b56a-d585b7dc9ee1"        [_thread_blocked, id=6260, stack(0x0000006c8a100000,0x0000006c8a200000) (1024K)]
  0x00000235f950a400 JavaThread "Refresh Thread: Equinox Container: ec8ee977-1f60-4ad5-b56a-d585b7dc9ee1" daemon [_thread_blocked, id=6016, stack(0x0000006c89a00000,0x0000006c89b00000) (1024K)]
  0x00000235f49a77f0 JavaThread "Framework Event Dispatcher: Equinox Container: ec8ee977-1f60-4ad5-b56a-d585b7dc9ee1" daemon [_thread_blocked, id=20400, stack(0x0000006c8a200000,0x0000006c8a300000) (1024K)]
  0x00000235f942c740 JavaThread "Start Level: Equinox Container: ec8ee977-1f60-4ad5-b56a-d585b7dc9ee1" daemon [_thread_blocked, id=6392, stack(0x0000006c8a300000,0x0000006c8a400000) (1024K)]
  0x00000235f9590a10 JavaThread "Bundle File Closer"         daemon [_thread_blocked, id=6436, stack(0x0000006c8a500000,0x0000006c8a600000) (1024K)]
  0x00000235f4be6b10 JavaThread "SCR Component Actor"        daemon [_thread_blocked, id=1696, stack(0x0000006c8a400000,0x0000006c8a500000) (1024K)]
  0x00000235f93727c0 JavaThread "Worker-JM"                         [_thread_blocked, id=20008, stack(0x0000006c8a800000,0x0000006c8a900000) (1024K)]
  0x00000235f9ee1610 JavaThread "JNA Cleaner"                daemon [_thread_blocked, id=16080, stack(0x0000006c8a600000,0x0000006c8a700000) (1024K)]
  0x00000235f9edfbd0 JavaThread "Java indexing"              daemon [_thread_blocked, id=2596, stack(0x0000006c8ac00000,0x0000006c8ad00000) (1024K)]
  0x00000235f9edeeb0 JavaThread "Worker-3"                          [_thread_blocked, id=20080, stack(0x0000006c8b000000,0x0000006c8b100000) (1024K)]
  0x00000235f9ee0f80 JavaThread "Thread-1"                   daemon [_thread_in_native, id=1160, stack(0x0000006c8b100000,0x0000006c8b200000) (1024K)]
  0x00000235f9edf540 JavaThread "Thread-2"                   daemon [_thread_in_native, id=2244, stack(0x0000006c8b200000,0x0000006c8b300000) (1024K)]
  0x00000235fb2a62f0 JavaThread "Thread-3"                   daemon [_thread_in_native, id=20048, stack(0x0000006c8b300000,0x0000006c8b400000) (1024K)]
  0x00000235fb2a6980 JavaThread "Thread-4"                   daemon [_thread_in_native, id=3160, stack(0x0000006c8b400000,0x0000006c8b500000) (1024K)]
  0x00000235fb2a3b90 JavaThread "Thread-5"                   daemon [_thread_in_native, id=3144, stack(0x0000006c8b500000,0x0000006c8b600000) (1024K)]
  0x00000235fb2a4220 JavaThread "Thread-6"                   daemon [_thread_in_native, id=7408, stack(0x0000006c8b600000,0x0000006c8b700000) (1024K)]
  0x00000235fb2a55d0 JavaThread "Thread-7"                   daemon [_thread_in_native, id=17596, stack(0x0000006c8b700000,0x0000006c8b800000) (1024K)]
  0x00000235fb2a5c60 JavaThread "Thread-8"                   daemon [_thread_in_native, id=3096, stack(0x0000006c8b800000,0x0000006c8b900000) (1024K)]
  0x00000235fb2a3500 JavaThread "Thread-9"                   daemon [_thread_in_native, id=3016, stack(0x0000006c8b900000,0x0000006c8ba00000) (1024K)]
  0x00000235fb2a76a0 JavaThread "pool-2-thread-1"                   [_thread_blocked, id=3672, stack(0x0000006c8ba00000,0x0000006c8bb00000) (1024K)]
  0x00000235fb2a7d30 JavaThread "WorkspaceEventsHandler"            [_thread_blocked, id=18404, stack(0x0000006c8bb00000,0x0000006c8bc00000) (1024K)]
  0x00000235fb2a48b0 JavaThread "pool-1-thread-1"                   [_thread_blocked, id=19992, stack(0x0000006c8bc00000,0x0000006c8bd00000) (1024K)]
  0x00000235fe8d4d80 JavaThread "Cleaner-0"                  daemon [_thread_blocked, id=13564, stack(0x0000006c8c400000,0x0000006c8c500000) (1024K)]
  0x00000235fe8daff0 JavaThread "Worker-4"                          [_thread_blocked, id=14220, stack(0x0000006c88800000,0x0000006c88900000) (1024K)]
Total: 35

Other Threads:
  0x00000235dc682a40 VMThread "VM Thread"                           [id=19952, stack(0x0000006c88e00000,0x0000006c88f00000) (1024K)]
  0x00000235dc6535d0 WatcherThread "VM Periodic Task Thread"        [id=19972, stack(0x0000006c88d00000,0x0000006c88e00000) (1024K)]
  0x00000235dc602fa0 WorkerThread "GC Thread#0"                     [id=3108, stack(0x0000006c88c00000,0x0000006c88d00000) (1024K)]
  0x00000235f4bac150 WorkerThread "GC Thread#1"                     [id=20196, stack(0x0000006c89b00000,0x0000006c89c00000) (1024K)]
  0x00000235f4bac8b0 WorkerThread "GC Thread#2"                     [id=20136, stack(0x0000006c89c00000,0x0000006c89d00000) (1024K)]
  0x00000235f4bac500 WorkerThread "GC Thread#3"                     [id=14828, stack(0x0000006c89d00000,0x0000006c89e00000) (1024K)]
  0x00000235f4bad3c0 WorkerThread "GC Thread#4"                     [id=10112, stack(0x0000006c89e00000,0x0000006c89f00000) (1024K)]
  0x00000235f4bab9f0 WorkerThread "GC Thread#5"                     [id=17720, stack(0x0000006c89f00000,0x0000006c8a000000) (1024K)]
  0x00000235f4bacc60 WorkerThread "GC Thread#6"                     [id=17204, stack(0x0000006c8a000000,0x0000006c8a100000) (1024K)]
  0x00000235f4c1f360 WorkerThread "GC Thread#7"                     [id=11124, stack(0x0000006c89800000,0x0000006c89900000) (1024K)]
Total: 10

Threads with active compile tasks:
Total: 0

VM state: not at safepoint (normal execution)

VM Mutex/Monitor currently owned by a thread: None

Heap address: 0x0000000080000000, size: 2048 MB, Compressed Oops mode: 32-bit

CDS archive(s) mapped at: [0x0000023580000000-0x0000023580ba0000-0x0000023580ba0000), size 12189696, SharedBaseAddress: 0x0000023580000000, ArchiveRelocationMode: 1.
Compressed class space mapped at: 0x0000023581000000-0x00000235c1000000, reserved size: 1073741824
Narrow klass base: 0x0000023580000000, Narrow klass shift: 0, Narrow klass range: 0x100000000

GC Precious Log:
 CardTable entry size: 512
 CPUs: 8 total, 8 available
 Memory: 16167M
 Large Page Support: Disabled
 NUMA Support: Disabled
 Compressed Oops: Enabled (32-bit)
 Alignments: Space 512K, Generation 512K, Heap 2M
 Heap Min Capacity: 100M
 Heap Initial Capacity: 100M
 Heap Max Capacity: 2G
 Pre-touch: Disabled
 Parallel Workers: 8

Heap:
 PSYoungGen      total 8704K, used 6641K [0x00000000d5580000, 0x00000000d5f00000, 0x0000000100000000)
  eden space 7680K, 83% used [0x00000000d5580000,0x00000000d5bc46f0,0x00000000d5d00000)
  from space 1024K, 21% used [0x00000000d5d80000,0x00000000d5db8000,0x00000000d5e80000)
  to   space 512K, 0% used [0x00000000d5e80000,0x00000000d5e80000,0x00000000d5f00000)
 ParOldGen       total 389632K, used 103023K [0x0000000080000000, 0x0000000097c80000, 0x00000000d5580000)
  object space 389632K, 26% used [0x0000000080000000,0x000000008649bdf8,0x0000000097c80000)
 Metaspace       used 72922K, committed 74560K, reserved 1179648K
  class space    used 7322K, committed 8064K, reserved 1048576K

Card table byte_map: [0x00000235dbf80000,0x00000235dc390000] _byte_map_base: 0x00000235dbb80000

Marking Bits: (ParMarkBitMap*) 0x00007ffdcd313450
 Begin Bits: [0x00000235eea90000, 0x00000235f0a90000)
 End Bits:   [0x00000235f0a90000, 0x00000235f2a90000)

Polling page: 0x00000235da3d0000

Metaspace:

Usage:
  Non-class:     64.06 MB used.
      Class:      7.15 MB used.
       Both:     71.21 MB used.

Virtual space:
  Non-class space:      128.00 MB reserved,      64.94 MB ( 51%) committed,  2 nodes.
      Class space:        1.00 GB reserved,       7.88 MB ( <1%) committed,  1 nodes.
             Both:        1.12 GB reserved,      72.81 MB (  6%) committed. 

Chunk freelists:
   Non-Class:  15.23 MB
       Class:  8.31 MB
        Both:  23.54 MB

MaxMetaspaceSize: unlimited
CompressedClassSpaceSize: 1.00 GB
Initial GC threshold: 21.00 MB
Current GC threshold: 120.94 MB
CDS: on
 - commit_granule_bytes: 65536.
 - commit_granule_words: 8192.
 - virtual_space_node_default_size: 8388608.
 - enlarge_chunks_in_place: 1.
 - use_allocation_guard: 0.


Internal statistics:

num_allocs_failed_limit: 9.
num_arena_births: 1464.
num_arena_deaths: 396.
num_vsnodes_births: 3.
num_vsnodes_deaths: 0.
num_space_committed: 1165.
num_space_uncommitted: 0.
num_chunks_returned_to_freelist: 484.
num_chunks_taken_from_freelist: 5069.
num_chunk_merges: 150.
num_chunk_splits: 3021.
num_chunks_enlarged: 1705.
num_inconsistent_stats: 0.

CodeHeap 'non-profiled nmethods': size=120000Kb used=14493Kb max_used=14997Kb free=105506Kb
 bounds [0x00000235e72b0000, 0x00000235e8160000, 0x00000235ee7e0000]
CodeHeap 'profiled nmethods': size=120000Kb used=35377Kb max_used=38372Kb free=84623Kb
 bounds [0x00000235df7e0000, 0x00000235e1d60000, 0x00000235e6d10000]
CodeHeap 'non-nmethods': size=5760Kb used=1476Kb max_used=1536Kb free=4283Kb
 bounds [0x00000235e6d10000, 0x00000235e6f80000, 0x00000235e72b0000]
CodeCache: size=245760Kb, used=51346Kb, max_used=54905Kb, free=194412Kb
 total_blobs=15899, nmethods=15116, adapters=686, full_count=0
Compilation: enabled, stopped_count=0, restarted_count=0

Compilation events (20 events):
Event: 5717.660 Thread 0x00000235f4889920 16979       3       java.lang.invoke.LambdaForm$DMH/0x0000023581204400::newInvokeSpecial (28 bytes)
Event: 5717.660 Thread 0x00000235f4889920 nmethod 16979 0x00000235dfe23910 code [0x00000235dfe23b00, 0x00000235dfe242a0]
Event: 5810.624 Thread 0x00000235f4889920 16980   !   3       java.util.logging.LogManager::getUserContext (118 bytes)
Event: 5810.625 Thread 0x00000235f4889920 nmethod 16980 0x00000235dfbb2410 code [0x00000235dfbb25c0, 0x00000235dfbb2830]
Event: 5810.625 Thread 0x00000235f4889920 16981       3       jdk.internal.access.SharedSecrets::getJavaAWTAccess (4 bytes)
Event: 5810.625 Thread 0x00000235f4889920 nmethod 16981 0x00000235dfd52090 code [0x00000235dfd52220, 0x00000235dfd52318]
Event: 5843.557 Thread 0x00000235dc55e1a0 16982       4       java.util.concurrent.locks.AbstractQueuedSynchronizer$Node::setStatusRelaxed (12 bytes)
Event: 5843.558 Thread 0x00000235dc55e1a0 nmethod 16982 0x00000235e73b3b10 code [0x00000235e73b3ca0, 0x00000235e73b3d30]
Event: 6500.795 Thread 0x00000235f4889920 16983       3       java.util.logging.LogManager::getLogManager (16 bytes)
Event: 6500.795 Thread 0x00000235f4889920 nmethod 16983 0x00000235dfba3e10 code [0x00000235dfba3fc0, 0x00000235dfba4100]
Event: 6530.795 Thread 0x00000235f4889920 16984   !   3       java.util.logging.LogManager$LoggerContext::findLogger (113 bytes)
Event: 6530.795 Thread 0x00000235f4889920 nmethod 16984 0x00000235dfdfa890 code [0x00000235dfdfab40, 0x00000235dfdfbaa0]
Event: 6617.660 Thread 0x00000235f4889920 16985       3       org.eclipse.core.internal.jobs.JobQueue::canOvertake (69 bytes)
Event: 6617.661 Thread 0x00000235f4889920 nmethod 16985 0x00000235e0560490 code [0x00000235e0560680, 0x00000235e0560c80]
Event: 6617.661 Thread 0x00000235f4889920 16986       3       sun.security.provider.DigestBase::engineUpdate (32 bytes)
Event: 6617.662 Thread 0x00000235f4889920 nmethod 16986 0x00000235dfa23c10 code [0x00000235dfa23dc0, 0x00000235dfa24028]
Event: 6650.816 Thread 0x00000235f4889920 16987       3       jdk.internal.logger.DefaultLoggerFinder::isSystem (18 bytes)
Event: 6650.818 Thread 0x00000235f4889920 nmethod 16987 0x00000235df81f610 code [0x00000235df81f860, 0x00000235df820170]
Event: 6650.818 Thread 0x00000235f4889920 16988       3       jdk.internal.logger.DefaultLoggerFinder$1::<init> (10 bytes)
Event: 6650.818 Thread 0x00000235f4889920 nmethod 16988 0x00000235e02df190 code [0x00000235e02df340, 0x00000235e02df4c8]

GC Heap History (20 events):
Event: 3431.298 GC heap before
{Heap before GC invocations=334 (full 3):
 PSYoungGen      total 8704K, used 8506K [0x00000000d5580000, 0x00000000d5f80000, 0x0000000100000000)
  eden space 8192K, 100% used [0x00000000d5580000,0x00000000d5d80000,0x00000000d5d80000)
  from space 512K, 61% used [0x00000000d5f00000,0x00000000d5f4e900,0x00000000d5f80000)
  to   space 1024K, 0% used [0x00000000d5d80000,0x00000000d5d80000,0x00000000d5e80000)
 ParOldGen       total 388096K, used 387957K [0x0000000080000000, 0x0000000097b00000, 0x00000000d5580000)
  object space 388096K, 99% used [0x0000000080000000,0x0000000097add718,0x0000000097b00000)
 Metaspace       used 72707K, committed 74304K, reserved 1179648K
  class space    used 7377K, committed 8064K, reserved 1048576K
}
Event: 3431.299 GC heap after
{Heap after GC invocations=334 (full 3):
 PSYoungGen      total 9216K, used 512K [0x00000000d5580000, 0x00000000d5f80000, 0x0000000100000000)
  eden space 8192K, 0% used [0x00000000d5580000,0x00000000d5580000,0x00000000d5d80000)
  from space 1024K, 50% used [0x00000000d5d80000,0x00000000d5e00000,0x00000000d5e80000)
  to   space 1024K, 0% used [0x00000000d5e80000,0x00000000d5e80000,0x00000000d5f80000)
 ParOldGen       total 388096K, used 387981K [0x0000000080000000, 0x0000000097b00000, 0x00000000d5580000)
  object space 388096K, 99% used [0x0000000080000000,0x0000000097ae3718,0x0000000097b00000)
 Metaspace       used 72707K, committed 74304K, reserved 1179648K
  class space    used 7377K, committed 8064K, reserved 1048576K
}
Event: 3432.882 GC heap before
{Heap before GC invocations=335 (full 3):
 PSYoungGen      total 9216K, used 8704K [0x00000000d5580000, 0x00000000d5f80000, 0x0000000100000000)
  eden space 8192K, 100% used [0x00000000d5580000,0x00000000d5d80000,0x00000000d5d80000)
  from space 1024K, 50% used [0x00000000d5d80000,0x00000000d5e00000,0x00000000d5e80000)
  to   space 1024K, 0% used [0x00000000d5e80000,0x00000000d5e80000,0x00000000d5f80000)
 ParOldGen       total 388096K, used 387981K [0x0000000080000000, 0x0000000097b00000, 0x00000000d5580000)
  object space 388096K, 99% used [0x0000000080000000,0x0000000097ae3718,0x0000000097b00000)
 Metaspace       used 72718K, committed 74304K, reserved 1179648K
  class space    used 7377K, committed 8064K, reserved 1048576K
}
Event: 3432.884 GC heap after
{Heap after GC invocations=335 (full 3):
 PSYoungGen      total 8704K, used 996K [0x00000000d5580000, 0x00000000d6080000, 0x0000000100000000)
  eden space 7680K, 0% used [0x00000000d5580000,0x00000000d5580000,0x00000000d5d00000)
  from space 1024K, 97% used [0x00000000d5e80000,0x00000000d5f79210,0x00000000d5f80000)
  to   space 1536K, 0% used [0x00000000d5d00000,0x00000000d5d00000,0x00000000d5e80000)
 ParOldGen       total 388608K, used 388330K [0x0000000080000000, 0x0000000097b80000, 0x00000000d5580000)
  object space 388608K, 99% used [0x0000000080000000,0x0000000097b3a928,0x0000000097b80000)
 Metaspace       used 72718K, committed 74304K, reserved 1179648K
  class space    used 7377K, committed 8064K, reserved 1048576K
}
Event: 3432.901 GC heap before
{Heap before GC invocations=336 (full 3):
 PSYoungGen      total 8704K, used 6682K [0x00000000d5580000, 0x00000000d6080000, 0x0000000100000000)
  eden space 7680K, 74% used [0x00000000d5580000,0x00000000d5b0d860,0x00000000d5d00000)
  from space 1024K, 97% used [0x00000000d5e80000,0x00000000d5f79210,0x00000000d5f80000)
  to   space 1536K, 0% used [0x00000000d5d00000,0x00000000d5d00000,0x00000000d5e80000)
 ParOldGen       total 388608K, used 388330K [0x0000000080000000, 0x0000000097b80000, 0x00000000d5580000)
  object space 388608K, 99% used [0x0000000080000000,0x0000000097b3a928,0x0000000097b80000)
 Metaspace       used 72724K, committed 74304K, reserved 1179648K
  class space    used 7377K, committed 8064K, reserved 1048576K
}
Event: 3432.903 GC heap after
{Heap after GC invocations=336 (full 3):
 PSYoungGen      total 9216K, used 852K [0x00000000d5580000, 0x00000000d6080000, 0x0000000100000000)
  eden space 7680K, 0% used [0x00000000d5580000,0x00000000d5580000,0x00000000d5d00000)
  from space 1536K, 55% used [0x00000000d5d00000,0x00000000d5dd5200,0x00000000d5e80000)
  to   space 1536K, 0% used [0x00000000d5f00000,0x00000000d5f00000,0x00000000d6080000)
 ParOldGen       total 389632K, used 389246K [0x0000000080000000, 0x0000000097c80000, 0x00000000d5580000)
  object space 389632K, 99% used [0x0000000080000000,0x0000000097c1fb38,0x0000000097c80000)
 Metaspace       used 72724K, committed 74304K, reserved 1179648K
  class space    used 7377K, committed 8064K, reserved 1048576K
}
Event: 3432.903 GC heap before
{Heap before GC invocations=337 (full 4):
 PSYoungGen      total 9216K, used 852K [0x00000000d5580000, 0x00000000d6080000, 0x0000000100000000)
  eden space 7680K, 0% used [0x00000000d5580000,0x00000000d5580000,0x00000000d5d00000)
  from space 1536K, 55% used [0x00000000d5d00000,0x00000000d5dd5200,0x00000000d5e80000)
  to   space 1536K, 0% used [0x00000000d5f00000,0x00000000d5f00000,0x00000000d6080000)
 ParOldGen       total 389632K, used 389246K [0x0000000080000000, 0x0000000097c80000, 0x00000000d5580000)
  object space 389632K, 99% used [0x0000000080000000,0x0000000097c1fb38,0x0000000097c80000)
 Metaspace       used 72724K, committed 74304K, reserved 1179648K
  class space    used 7377K, committed 8064K, reserved 1048576K
}
Event: 3433.068 GC heap after
{Heap after GC invocations=337 (full 4):
 PSYoungGen      total 9216K, used 0K [0x00000000d5580000, 0x00000000d6080000, 0x0000000100000000)
  eden space 7680K, 0% used [0x00000000d5580000,0x00000000d5580000,0x00000000d5d00000)
  from space 1536K, 0% used [0x00000000d5d00000,0x00000000d5d00000,0x00000000d5e80000)
  to   space 1536K, 0% used [0x00000000d5f00000,0x00000000d5f00000,0x00000000d6080000)
 ParOldGen       total 389632K, used 101369K [0x0000000080000000, 0x0000000097c80000, 0x00000000d5580000)
  object space 389632K, 26% used [0x0000000080000000,0x00000000862fe428,0x0000000097c80000)
 Metaspace       used 72320K, committed 74304K, reserved 1179648K
  class space    used 7279K, committed 8064K, reserved 1048576K
}
Event: 3434.885 GC heap before
{Heap before GC invocations=338 (full 4):
 PSYoungGen      total 9216K, used 7680K [0x00000000d5580000, 0x00000000d6080000, 0x0000000100000000)
  eden space 7680K, 100% used [0x00000000d5580000,0x00000000d5d00000,0x00000000d5d00000)
  from space 1536K, 0% used [0x00000000d5d00000,0x00000000d5d00000,0x00000000d5e80000)
  to   space 1536K, 0% used [0x00000000d5f00000,0x00000000d5f00000,0x00000000d6080000)
 ParOldGen       total 389632K, used 101369K [0x0000000080000000, 0x0000000097c80000, 0x00000000d5580000)
  object space 389632K, 26% used [0x0000000080000000,0x00000000862fe428,0x0000000097c80000)
 Metaspace       used 72326K, committed 74304K, reserved 1179648K
  class space    used 7279K, committed 8064K, reserved 1048576K
}
Event: 3434.886 GC heap after
{Heap after GC invocations=338 (full 4):
 PSYoungGen      total 8704K, used 1002K [0x00000000d5580000, 0x00000000d6000000, 0x0000000100000000)
  eden space 7680K, 0% used [0x00000000d5580000,0x00000000d5580000,0x00000000d5d00000)
  from space 1024K, 97% used [0x00000000d5f00000,0x00000000d5ffa910,0x00000000d6000000)
  to   space 1536K, 0% used [0x00000000d5d00000,0x00000000d5d00000,0x00000000d5e80000)
 ParOldGen       total 389632K, used 101369K [0x0000000080000000, 0x0000000097c80000, 0x00000000d5580000)
  object space 389632K, 26% used [0x0000000080000000,0x00000000862fe428,0x0000000097c80000)
 Metaspace       used 72326K, committed 74304K, reserved 1179648K
  class space    used 7279K, committed 8064K, reserved 1048576K
}
Event: 3434.902 GC heap before
{Heap before GC invocations=339 (full 4):
 PSYoungGen      total 8704K, used 8682K [0x00000000d5580000, 0x00000000d6000000, 0x0000000100000000)
  eden space 7680K, 100% used [0x00000000d5580000,0x00000000d5d00000,0x00000000d5d00000)
  from space 1024K, 97% used [0x00000000d5f00000,0x00000000d5ffa910,0x00000000d6000000)
  to   space 1536K, 0% used [0x00000000d5d00000,0x00000000d5d00000,0x00000000d5e80000)
 ParOldGen       total 389632K, used 101369K [0x0000000080000000, 0x0000000097c80000, 0x00000000d5580000)
  object space 389632K, 26% used [0x0000000080000000,0x00000000862fe428,0x0000000097c80000)
 Metaspace       used 72326K, committed 74304K, reserved 1179648K
  class space    used 7279K, committed 8064K, reserved 1048576K
}
Event: 3434.903 GC heap after
{Heap after GC invocations=339 (full 4):
 PSYoungGen      total 9216K, used 564K [0x00000000d5580000, 0x00000000d5f80000, 0x0000000100000000)
  eden space 7680K, 0% used [0x00000000d5580000,0x00000000d5580000,0x00000000d5d00000)
  from space 1536K, 36% used [0x00000000d5d00000,0x00000000d5d8d200,0x00000000d5e80000)
  to   space 1024K, 0% used [0x00000000d5e80000,0x00000000d5e80000,0x00000000d5f80000)
 ParOldGen       total 389632K, used 101753K [0x0000000080000000, 0x0000000097c80000, 0x00000000d5580000)
  object space 389632K, 26% used [0x0000000080000000,0x000000008635e428,0x0000000097c80000)
 Metaspace       used 72326K, committed 74304K, reserved 1179648K
  class space    used 7279K, committed 8064K, reserved 1048576K
}
Event: 3436.665 GC heap before
{Heap before GC invocations=340 (full 4):
 PSYoungGen      total 9216K, used 8244K [0x00000000d5580000, 0x00000000d5f80000, 0x0000000100000000)
  eden space 7680K, 100% used [0x00000000d5580000,0x00000000d5d00000,0x00000000d5d00000)
  from space 1536K, 36% used [0x00000000d5d00000,0x00000000d5d8d200,0x00000000d5e80000)
  to   space 1024K, 0% used [0x00000000d5e80000,0x00000000d5e80000,0x00000000d5f80000)
 ParOldGen       total 389632K, used 101753K [0x0000000080000000, 0x0000000097c80000, 0x00000000d5580000)
  object space 389632K, 26% used [0x0000000080000000,0x000000008635e428,0x0000000097c80000)
 Metaspace       used 72356K, committed 74304K, reserved 1179648K
  class space    used 7279K, committed 8064K, reserved 1048576K
}
Event: 3436.666 GC heap after
{Heap after GC invocations=340 (full 4):
 PSYoungGen      total 8192K, used 256K [0x00000000d5580000, 0x00000000d5f00000, 0x0000000100000000)
  eden space 7680K, 0% used [0x00000000d5580000,0x00000000d5580000,0x00000000d5d00000)
  from space 512K, 50% used [0x00000000d5e80000,0x00000000d5ec0000,0x00000000d5f00000)
  to   space 512K, 0% used [0x00000000d5e00000,0x00000000d5e00000,0x00000000d5e80000)
 ParOldGen       total 389632K, used 101769K [0x0000000080000000, 0x0000000097c80000, 0x00000000d5580000)
  object space 389632K, 26% used [0x0000000080000000,0x0000000086362428,0x0000000097c80000)
 Metaspace       used 72356K, committed 74304K, reserved 1179648K
  class space    used 7279K, committed 8064K, reserved 1048576K
}
Event: 3436.697 GC heap before
{Heap before GC invocations=341 (full 4):
 PSYoungGen      total 8192K, used 7936K [0x00000000d5580000, 0x00000000d5f00000, 0x0000000100000000)
  eden space 7680K, 100% used [0x00000000d5580000,0x00000000d5d00000,0x00000000d5d00000)
  from space 512K, 50% used [0x00000000d5e80000,0x00000000d5ec0000,0x00000000d5f00000)
  to   space 512K, 0% used [0x00000000d5e00000,0x00000000d5e00000,0x00000000d5e80000)
 ParOldGen       total 389632K, used 101769K [0x0000000080000000, 0x0000000097c80000, 0x00000000d5580000)
  object space 389632K, 26% used [0x0000000080000000,0x0000000086362428,0x0000000097c80000)
 Metaspace       used 72413K, committed 74304K, reserved 1179648K
  class space    used 7279K, committed 8064K, reserved 1048576K
}
Event: 3436.698 GC heap after
{Heap after GC invocations=341 (full 4):
 PSYoungGen      total 8192K, used 500K [0x00000000d5580000, 0x00000000d6000000, 0x0000000100000000)
  eden space 7680K, 0% used [0x00000000d5580000,0x00000000d5580000,0x00000000d5d00000)
  from space 512K, 97% used [0x00000000d5e00000,0x00000000d5e7d200,0x00000000d5e80000)
  to   space 1536K, 0% used [0x00000000d5e80000,0x00000000d5e80000,0x00000000d6000000)
 ParOldGen       total 389632K, used 102444K [0x0000000080000000, 0x0000000097c80000, 0x00000000d5580000)
  object space 389632K, 26% used [0x0000000080000000,0x000000008640b3d8,0x0000000097c80000)
 Metaspace       used 72413K, committed 74304K, reserved 1179648K
  class space    used 7279K, committed 8064K, reserved 1048576K
}
Event: 3438.677 GC heap before
{Heap before GC invocations=342 (full 4):
 PSYoungGen      total 8192K, used 8180K [0x00000000d5580000, 0x00000000d6000000, 0x0000000100000000)
  eden space 7680K, 100% used [0x00000000d5580000,0x00000000d5d00000,0x00000000d5d00000)
  from space 512K, 97% used [0x00000000d5e00000,0x00000000d5e7d200,0x00000000d5e80000)
  to   space 1536K, 0% used [0x00000000d5e80000,0x00000000d5e80000,0x00000000d6000000)
 ParOldGen       total 389632K, used 102444K [0x0000000080000000, 0x0000000097c80000, 0x00000000d5580000)
  object space 389632K, 26% used [0x0000000080000000,0x000000008640b3d8,0x0000000097c80000)
 Metaspace       used 72464K, committed 74368K, reserved 1179648K
  class space    used 7279K, committed 8064K, reserved 1048576K
}
Event: 3438.678 GC heap after
{Heap after GC invocations=342 (full 4):
 PSYoungGen      total 8704K, used 938K [0x00000000d5580000, 0x00000000d5f80000, 0x0000000100000000)
  eden space 7680K, 0% used [0x00000000d5580000,0x00000000d5580000,0x00000000d5d00000)
  from space 1024K, 91% used [0x00000000d5e80000,0x00000000d5f6a910,0x00000000d5f80000)
  to   space 1024K, 0% used [0x00000000d5d80000,0x00000000d5d80000,0x00000000d5e80000)
 ParOldGen       total 389632K, used 102973K [0x0000000080000000, 0x0000000097c80000, 0x00000000d5580000)
  object space 389632K, 26% used [0x0000000080000000,0x000000008648f5e8,0x0000000097c80000)
 Metaspace       used 72464K, committed 74368K, reserved 1179648K
  class space    used 7279K, committed 8064K, reserved 1048576K
}
Event: 3616.754 GC heap before
{Heap before GC invocations=343 (full 4):
 PSYoungGen      total 8704K, used 8618K [0x00000000d5580000, 0x00000000d5f80000, 0x0000000100000000)
  eden space 7680K, 100% used [0x00000000d5580000,0x00000000d5d00000,0x00000000d5d00000)
  from space 1024K, 91% used [0x00000000d5e80000,0x00000000d5f6a910,0x00000000d5f80000)
  to   space 1024K, 0% used [0x00000000d5d80000,0x00000000d5d80000,0x00000000d5e80000)
 ParOldGen       total 389632K, used 102973K [0x0000000080000000, 0x0000000097c80000, 0x00000000d5580000)
  object space 389632K, 26% used [0x0000000080000000,0x000000008648f5e8,0x0000000097c80000)
 Metaspace       used 72519K, committed 74368K, reserved 1179648K
  class space    used 7286K, committed 8064K, reserved 1048576K
}
Event: 3616.755 GC heap after
{Heap after GC invocations=343 (full 4):
 PSYoungGen      total 8704K, used 224K [0x00000000d5580000, 0x00000000d5f00000, 0x0000000100000000)
  eden space 7680K, 0% used [0x00000000d5580000,0x00000000d5580000,0x00000000d5d00000)
  from space 1024K, 21% used [0x00000000d5d80000,0x00000000d5db8000,0x00000000d5e80000)
  to   space 512K, 0% used [0x00000000d5e80000,0x00000000d5e80000,0x00000000d5f00000)
 ParOldGen       total 389632K, used 103023K [0x0000000080000000, 0x0000000097c80000, 0x00000000d5580000)
  object space 389632K, 26% used [0x0000000080000000,0x000000008649bdf8,0x0000000097c80000)
 Metaspace       used 72519K, committed 74368K, reserved 1179648K
  class space    used 7286K, committed 8064K, reserved 1048576K
}

Dll operation events (10 events):
Event: 0.013 Loaded shared library c:\Users\LENOVO\.antigravity\extensions\redhat.java-1.54.0-win32-x64\jre\21.0.10-win32-x86_64\bin\java.dll
Event: 0.074 Loaded shared library c:\Users\LENOVO\.antigravity\extensions\redhat.java-1.54.0-win32-x64\jre\21.0.10-win32-x86_64\bin\zip.dll
Event: 0.093 Loaded shared library C:\Users\LENOVO\.antigravity\extensions\redhat.java-1.54.0-win32-x64\jre\21.0.10-win32-x86_64\bin\instrument.dll
Event: 0.099 Loaded shared library C:\Users\LENOVO\.antigravity\extensions\redhat.java-1.54.0-win32-x64\jre\21.0.10-win32-x86_64\bin\net.dll
Event: 0.101 Loaded shared library C:\Users\LENOVO\.antigravity\extensions\redhat.java-1.54.0-win32-x64\jre\21.0.10-win32-x86_64\bin\nio.dll
Event: 0.104 Loaded shared library C:\Users\LENOVO\.antigravity\extensions\redhat.java-1.54.0-win32-x64\jre\21.0.10-win32-x86_64\bin\zip.dll
Event: 0.122 Loaded shared library C:\Users\LENOVO\.antigravity\extensions\redhat.java-1.54.0-win32-x64\jre\21.0.10-win32-x86_64\bin\jimage.dll
Event: 0.191 Loaded shared library c:\Users\LENOVO\.antigravity\extensions\redhat.java-1.54.0-win32-x64\jre\21.0.10-win32-x86_64\bin\verify.dll
Event: 6.463 Loaded shared library C:\Users\LENOVO\AppData\Roaming\Antigravity\User\globalStorage\redhat.java\1.54.0\config_win\org.eclipse.equinox.launcher\org.eclipse.equinox.launcher.win32.win32.x86_64_1.3.0.v20260203-2149\eclipse_11919.dll
Event: 17.261 Loaded shared library C:\Users\LENOVO\AppData\Local\Temp\jna--2053026509\jna9459732503865544982.dll

Deoptimization events (20 events):
Event: 3616.813 Thread 0x00000235fe8daff0 Uncommon trap: trap_request=0xffffffde fr.pc=0x00000235e7ac9678 relative=0x00000000000002d8
Event: 3616.813 Thread 0x00000235fe8daff0 Uncommon trap: reason=class_check action=maybe_recompile pc=0x00000235e7ac9678 method=java.io.DataOutputStream.writeByte(I)V @ 5 c2
Event: 3616.813 Thread 0x00000235fe8daff0 DEOPT PACKING pc=0x00000235e7ac9678 sp=0x0000006c888ff230
Event: 3616.813 Thread 0x00000235fe8daff0 DEOPT UNPACKING pc=0x00000235e6d66da2 sp=0x0000006c888ff1e8 mode 2
Event: 3616.838 Thread 0x00000235fe8daff0 Uncommon trap: trap_request=0xffffffde fr.pc=0x00000235e7832778 relative=0x0000000000000618
Event: 3616.839 Thread 0x00000235fe8daff0 Uncommon trap: reason=class_check action=maybe_recompile pc=0x00000235e7832778 method=java.io.InputStream.read([BII)I @ 15 c2
Event: 3616.839 Thread 0x00000235fe8daff0 DEOPT PACKING pc=0x00000235e7832778 sp=0x0000006c888ff160
Event: 3616.839 Thread 0x00000235fe8daff0 DEOPT UNPACKING pc=0x00000235e6d66da2 sp=0x0000006c888ff0e8 mode 2
Event: 3616.839 Thread 0x00000235fe8daff0 Uncommon trap: trap_request=0xffffffbe fr.pc=0x00000235e77f2cd4 relative=0x00000000000004d4
Event: 3616.839 Thread 0x00000235fe8daff0 Uncommon trap: reason=profile_predicate action=maybe_recompile pc=0x00000235e77f2cd4 method=java.io.InputStream.read([BII)I @ 37 c2
Event: 3616.839 Thread 0x00000235fe8daff0 DEOPT PACKING pc=0x00000235e77f2cd4 sp=0x0000006c888ff140
Event: 3616.839 Thread 0x00000235fe8daff0 DEOPT UNPACKING pc=0x00000235e6d66da2 sp=0x0000006c888ff0f0 mode 2
Event: 3616.839 Thread 0x00000235fe8daff0 Uncommon trap: trap_request=0xffffffc6 fr.pc=0x00000235e7a4d2f4 relative=0x0000000000004b14
Event: 3616.839 Thread 0x00000235fe8daff0 Uncommon trap: reason=bimorphic_or_optimized_type_check action=maybe_recompile pc=0x00000235e7a4d2f4 method=java.util.Properties.load0(Ljava/util/Properties$LineReader;)V @ 241 c2
Event: 3616.839 Thread 0x00000235fe8daff0 DEOPT PACKING pc=0x00000235e7a4d2f4 sp=0x0000006c888ff280
Event: 3616.839 Thread 0x00000235fe8daff0 DEOPT UNPACKING pc=0x00000235e6d66da2 sp=0x0000006c888ff2a0 mode 2
Event: 3616.839 Thread 0x00000235fe8daff0 Uncommon trap: trap_request=0xffffffde fr.pc=0x00000235e7832778 relative=0x0000000000000618
Event: 3616.839 Thread 0x00000235fe8daff0 Uncommon trap: reason=class_check action=maybe_recompile pc=0x00000235e7832778 method=java.io.InputStream.read([BII)I @ 15 c2
Event: 3616.839 Thread 0x00000235fe8daff0 DEOPT PACKING pc=0x00000235e7832778 sp=0x0000006c888ff1c0
Event: 3616.839 Thread 0x00000235fe8daff0 DEOPT UNPACKING pc=0x00000235e6d66da2 sp=0x0000006c888ff148 mode 2

Classes loaded (20 events):
Event: 3616.753 Loading class java/util/stream/Nodes$CollectorTask$OfRef
Event: 3616.754 Loading class java/util/stream/Nodes$CollectorTask
Event: 3616.755 Loading class java/util/stream/Nodes$CollectorTask done
Event: 3616.755 Loading class java/util/stream/Nodes$CollectorTask$OfRef done
Event: 3616.757 Loading class java/util/function/LongFunction
Event: 3616.757 Loading class java/util/function/LongFunction done
Event: 3616.758 Loading class java/util/stream/Nodes$ConcNode
Event: 3616.758 Loading class java/util/stream/Nodes$AbstractConcNode
Event: 3616.758 Loading class java/util/stream/Nodes$AbstractConcNode done
Event: 3616.758 Loading class java/util/stream/Nodes$ConcNode done
Event: 3616.771 Loading class java/util/stream/Nodes$ToArrayTask$OfRef
Event: 3616.772 Loading class java/util/stream/Nodes$ToArrayTask
Event: 3616.772 Loading class java/util/stream/Nodes$ToArrayTask done
Event: 3616.772 Loading class java/util/stream/Nodes$ToArrayTask$OfRef done
Event: 3616.775 Loading class java/io/ObjectOutputStream$BlockDataOutputStream
Event: 3616.775 Loading class java/io/ObjectOutputStream$BlockDataOutputStream done
Event: 3616.775 Loading class java/io/ObjectOutputStream$HandleTable
Event: 3616.776 Loading class java/io/ObjectOutputStream$HandleTable done
Event: 3616.776 Loading class java/io/ObjectOutputStream$ReplaceTable
Event: 3616.776 Loading class java/io/ObjectOutputStream$ReplaceTable done

Classes unloaded (20 events):
Event: 3432.939 Thread 0x00000235dc682a40 Unloading class 0x0000023581017400 'java/lang/invoke/LambdaForm$MH+0x0000023581017400'
Event: 3432.939 Thread 0x00000235dc682a40 Unloading class 0x0000023581016400 'java/lang/invoke/LambdaForm$MH+0x0000023581016400'
Event: 3432.939 Thread 0x00000235dc682a40 Unloading class 0x000002358100d800 'java/lang/invoke/LambdaForm$MH+0x000002358100d800'
Event: 3432.939 Thread 0x00000235dc682a40 Unloading class 0x000002358100d400 'java/lang/invoke/LambdaForm$MH+0x000002358100d400'
Event: 3432.939 Thread 0x00000235dc682a40 Unloading class 0x000002358100d000 'java/lang/invoke/LambdaForm$MH+0x000002358100d000'
Event: 3432.939 Thread 0x00000235dc682a40 Unloading class 0x000002358100cc00 'java/lang/invoke/LambdaForm$MH+0x000002358100cc00'
Event: 3432.939 Thread 0x00000235dc682a40 Unloading class 0x000002358100c800 'java/lang/invoke/LambdaForm$BMH+0x000002358100c800'
Event: 3432.939 Thread 0x00000235dc682a40 Unloading class 0x000002358100c000 'java/lang/invoke/LambdaForm$DMH+0x000002358100c000'
Event: 3432.939 Thread 0x00000235dc682a40 Unloading class 0x0000023581008c00 'java/lang/invoke/LambdaForm$MH+0x0000023581008c00'
Event: 3432.939 Thread 0x00000235dc682a40 Unloading class 0x0000023581008800 'java/lang/invoke/LambdaForm$MH+0x0000023581008800'
Event: 3432.939 Thread 0x00000235dc682a40 Unloading class 0x0000023581008400 'java/lang/invoke/LambdaForm$MH+0x0000023581008400'
Event: 3432.939 Thread 0x00000235dc682a40 Unloading class 0x0000023581007000 'java/lang/invoke/LambdaForm$MH+0x0000023581007000'
Event: 3432.939 Thread 0x00000235dc682a40 Unloading class 0x0000023581006800 'java/lang/invoke/LambdaForm$MH+0x0000023581006800'
Event: 3432.939 Thread 0x00000235dc682a40 Unloading class 0x0000023581006400 'java/lang/invoke/LambdaForm$MH+0x0000023581006400'
Event: 3432.939 Thread 0x00000235dc682a40 Unloading class 0x0000023581006000 'java/lang/invoke/LambdaForm$MH+0x0000023581006000'
Event: 3432.939 Thread 0x00000235dc682a40 Unloading class 0x0000023581005c00 'java/lang/invoke/LambdaForm$BMH+0x0000023581005c00'
Event: 3432.939 Thread 0x00000235dc682a40 Unloading class 0x0000023581004800 'java/lang/invoke/LambdaForm$DMH+0x0000023581004800'
Event: 3432.939 Thread 0x00000235dc682a40 Unloading class 0x0000023581002400 'java/lang/invoke/LambdaForm$MH+0x0000023581002400'
Event: 3432.939 Thread 0x00000235dc682a40 Unloading class 0x0000023581002000 'java/lang/invoke/LambdaForm$MH+0x0000023581002000'
Event: 3432.939 Thread 0x00000235dc682a40 Unloading class 0x0000023581001800 'java/lang/invoke/LambdaForm$MH+0x0000023581001800'

Classes redefined (0 events):
No events

Internal exceptions (20 events):
Event: 3616.765 Thread 0x00000235fe8daff0 Exception <a 'sun/nio/fs/WindowsException'{0x00000000d5615cf8}> (0x00000000d5615cf8) 
thrown [s\src\hotspot\share\prims\jni.cpp, line 520]
Event: 3616.766 Thread 0x00000235fe8daff0 Exception <a 'sun/nio/fs/WindowsException'{0x00000000d5622ba0}> (0x00000000d5622ba0) 
thrown [s\src\hotspot\share\prims\jni.cpp, line 520]
Event: 3616.766 Thread 0x00000235fe8daff0 Exception <a 'sun/nio/fs/WindowsException'{0x00000000d5623578}> (0x00000000d5623578) 
thrown [s\src\hotspot\share\prims\jni.cpp, line 520]
Event: 3616.767 Thread 0x00000235fe8daff0 Exception <a 'sun/nio/fs/WindowsException'{0x00000000d562e678}> (0x00000000d562e678) 
thrown [s\src\hotspot\share\prims\jni.cpp, line 520]
Event: 3616.768 Thread 0x00000235fe8daff0 Exception <a 'sun/nio/fs/WindowsException'{0x00000000d562f050}> (0x00000000d562f050) 
thrown [s\src\hotspot\share\prims\jni.cpp, line 520]
Event: 3616.768 Thread 0x00000235fe8daff0 Exception <a 'sun/nio/fs/WindowsException'{0x00000000d56359e0}> (0x00000000d56359e0) 
thrown [s\src\hotspot\share\prims\jni.cpp, line 520]
Event: 3616.768 Thread 0x00000235fe8daff0 Exception <a 'sun/nio/fs/WindowsException'{0x00000000d56363b8}> (0x00000000d56363b8) 
thrown [s\src\hotspot\share\prims\jni.cpp, line 520]
Event: 3616.769 Thread 0x00000235fe8daff0 Exception <a 'sun/nio/fs/WindowsException'{0x00000000d5639c80}> (0x00000000d5639c80) 
thrown [s\src\hotspot\share\prims\jni.cpp, line 520]
Event: 3616.769 Thread 0x00000235fe8daff0 Exception <a 'sun/nio/fs/WindowsException'{0x00000000d563a658}> (0x00000000d563a658) 
thrown [s\src\hotspot\share\prims\jni.cpp, line 520]
Event: 3616.769 Thread 0x00000235fe8daff0 Exception <a 'sun/nio/fs/WindowsException'{0x00000000d563cc60}> (0x00000000d563cc60) 
thrown [s\src\hotspot\share\prims\jni.cpp, line 520]
Event: 3616.769 Thread 0x00000235fe8daff0 Exception <a 'sun/nio/fs/WindowsException'{0x00000000d563d900}> (0x00000000d563d900) 
thrown [s\src\hotspot\share\prims\jni.cpp, line 520]
Event: 3616.770 Thread 0x00000235fe8daff0 Implicit null exception at 0x00000235e746ad86 to 0x00000235e746b020
Event: 3616.776 Thread 0x00000235fe8daff0 Implicit null exception at 0x00000235e783b1b5 to 0x00000235e783b42c
Event: 3616.777 Thread 0x00000235fe8daff0 Implicit null exception at 0x00000235e7568a0e to 0x00000235e7568ab5
Event: 3616.778 Thread 0x00000235fe8daff0 Implicit null exception at 0x00000235e768d135 to 0x00000235e768d3b8
Event: 3616.801 Thread 0x00000235fe8daff0 Exception <a 'java/lang/NoSuchMethodError'{0x00000000d5843ff8}: static Lorg/eclipse/m2e/core/internal/lifecyclemapping/model/PluginExecutionMetadata;.<clinit>()V> (0x00000000d5843ff8) 
thrown [s\src\hotspot\share\prims\jni.cpp, line 1111]
Event: 3616.803 Thread 0x00000235fe8daff0 Exception <a 'java/lang/NoSuchMethodError'{0x00000000d5866990}: static Lorg/eclipse/m2e/core/internal/lifecyclemapping/model/PluginExecutionFilter;.<clinit>()V> (0x00000000d5866990) 
thrown [s\src\hotspot\share\prims\jni.cpp, line 1111]
Event: 3616.804 Thread 0x00000235fe8daff0 Exception <a 'java/lang/NoSuchMethodError'{0x00000000d587b898}: static Lorg/eclipse/m2e/core/internal/project/registry/MavenProjectFacade$MavenProjectConfiguration;.<clinit>()V> (0x00000000d587b898) 
thrown [s\src\hotspot\share\prims\jni.cpp, line 1111]
Event: 3616.805 Thread 0x00000235fe8daff0 Exception <a 'java/lang/NoSuchMethodError'{0x00000000d5897288}: static [J.<clinit>()V> (0x00000000d5897288) 
thrown [s\src\hotspot\share\prims\jni.cpp, line 1111]
Event: 3616.816 Thread 0x00000235fe8daff0 Exception <a 'java/lang/NoSuchMethodError'{0x00000000d58e0700}: 'java.lang.Object java.lang.invoke.DirectMethodHandle$Holder.newInvokeSpecial(java.lang.Object, java.lang.Object, java.lang.Object, java.lang.Object, java.lang.Object, java.lang.Object, java.lang.Object, java.lang.Object)'> (0x00000000d58e0700) 
thrown [s\src\hotspot\share\interpreter\linkResolver.cpp, line 773]

ZGC Phase Switch (0 events):
No events

VM Operations (20 events):
Event: 6254.163 Executing non-safepoint VM operation: HandshakeAllThreads (HandshakeForDeflation)
Event: 6254.163 Executing non-safepoint VM operation: HandshakeAllThreads (HandshakeForDeflation) done
Event: 6254.163 Executing non-safepoint VM operation: RendezvousGCThreads
Event: 6254.163 Executing non-safepoint VM operation: RendezvousGCThreads done
Event: 6314.394 Executing non-safepoint VM operation: HandshakeAllThreads (HandshakeForDeflation)
Event: 6314.394 Executing non-safepoint VM operation: HandshakeAllThreads (HandshakeForDeflation) done
Event: 6314.394 Executing non-safepoint VM operation: RendezvousGCThreads
Event: 6314.394 Executing non-safepoint VM operation: RendezvousGCThreads done
Event: 6374.465 Executing non-safepoint VM operation: HandshakeAllThreads (HandshakeForDeflation)
Event: 6374.465 Executing non-safepoint VM operation: HandshakeAllThreads (HandshakeForDeflation) done
Event: 6374.465 Executing non-safepoint VM operation: RendezvousGCThreads
Event: 6374.465 Executing non-safepoint VM operation: RendezvousGCThreads done
Event: 6434.662 Executing non-safepoint VM operation: HandshakeAllThreads (HandshakeForDeflation)
Event: 6434.662 Executing non-safepoint VM operation: HandshakeAllThreads (HandshakeForDeflation) done
Event: 6434.662 Executing non-safepoint VM operation: RendezvousGCThreads
Event: 6434.662 Executing non-safepoint VM operation: RendezvousGCThreads done
Event: 6494.876 Executing non-safepoint VM operation: HandshakeAllThreads (HandshakeForDeflation)
Event: 6494.876 Executing non-safepoint VM operation: HandshakeAllThreads (HandshakeForDeflation) done
Event: 6494.876 Executing non-safepoint VM operation: RendezvousGCThreads
Event: 6494.876 Executing non-safepoint VM operation: RendezvousGCThreads done

Memory protections (0 events):
No events

Nmethod flushes (20 events):
Event: 3432.989 Thread 0x00000235dc682a40 flushing  nmethod 0x00000235e08bf310
Event: 3432.989 Thread 0x00000235dc682a40 flushing  nmethod 0x00000235e08bff90
Event: 3432.989 Thread 0x00000235dc682a40 flushing  nmethod 0x00000235e08c3910
Event: 3432.989 Thread 0x00000235dc682a40 flushing  nmethod 0x00000235e08c3d10
Event: 3432.989 Thread 0x00000235dc682a40 flushing  nmethod 0x00000235e08c5e90
Event: 3432.989 Thread 0x00000235dc682a40 flushing  nmethod 0x00000235e08cf210
Event: 3432.989 Thread 0x00000235dc682a40 flushing  nmethod 0x00000235e08f2090
Event: 3432.990 Thread 0x00000235dc682a40 flushing  nmethod 0x00000235e090ec10
Event: 3432.990 Thread 0x00000235dc682a40 flushing  nmethod 0x00000235e0927790
Event: 3432.990 Thread 0x00000235dc682a40 flushing  nmethod 0x00000235e093c510
Event: 3432.990 Thread 0x00000235dc682a40 flushing  nmethod 0x00000235e0957e90
Event: 3432.990 Thread 0x00000235dc682a40 flushing  nmethod 0x00000235e095c110
Event: 3432.990 Thread 0x00000235dc682a40 flushing  nmethod 0x00000235e09c7c90
Event: 3432.990 Thread 0x00000235dc682a40 flushing  nmethod 0x00000235e0a5b190
Event: 3432.990 Thread 0x00000235dc682a40 flushing osr nmethod 0x00000235e0a5c690
Event: 3432.990 Thread 0x00000235dc682a40 flushing  nmethod 0x00000235e0ac4810
Event: 3432.990 Thread 0x00000235dc682a40 flushing  nmethod 0x00000235e0af9090
Event: 3432.990 Thread 0x00000235dc682a40 flushing  nmethod 0x00000235e16e3c10
Event: 3432.990 Thread 0x00000235dc682a40 flushing  nmethod 0x00000235e1793010
Event: 3432.990 Thread 0x00000235dc682a40 flushing  nmethod 0x00000235e1796110

Events (20 events):
Event: 3616.770 Thread 0x00000235fe8daff0 Thread added: 0x00000235fd269cb0
Event: 3616.771 Thread 0x00000235fd269cb0 Thread added: 0x00000235fd26bd80
Event: 3616.771 Thread 0x00000235fd269cb0 Thread added: 0x00000235fd26c410
Event: 3616.771 Thread 0x00000235fd269cb0 Thread added: 0x00000235fd268f90
Event: 3616.772 Thread 0x00000235fd269cb0 Thread exited: 0x00000235fd269cb0
Event: 3616.772 Thread 0x00000235fd26bd80 Thread exited: 0x00000235fd26bd80
Event: 3616.772 Thread 0x00000235fd268f90 Thread exited: 0x00000235fd268f90
Event: 3616.772 Thread 0x00000235fd26c410 Thread exited: 0x00000235fd26c410
Event: 3616.783 Thread 0x00000235f4889920 Thread added: 0x00000235fc187fa0
Event: 3616.783 Thread 0x00000235f4889920 Thread added: 0x00000235fd023760
Event: 3616.918 Thread 0x00000235fb3fcdd0 Thread exited: 0x00000235fb3fcdd0
Event: 3616.997 Thread 0x00000235fb2a90e0 Thread exited: 0x00000235fb2a90e0
Event: 3621.969 Thread 0x00000235fd023760 Thread exited: 0x00000235fd023760
Event: 3621.969 Thread 0x00000235fc187fa0 Thread exited: 0x00000235fc187fa0
Event: 3622.096 Thread 0x00000235fb4036d0 Thread exited: 0x00000235fb4036d0
Event: 3632.237 Thread 0x00000235f9ee08f0 Thread exited: 0x00000235f9ee08f0
Event: 3632.297 Thread 0x00000235f9ede820 Thread exited: 0x00000235f9ede820
Event: 3642.918 Thread 0x00000235fb402320 Thread exited: 0x00000235fb402320
Event: 3677.012 Thread 0x00000235fb2a8a50 Thread exited: 0x00000235fb2a8a50
Event: 3737.018 Thread 0x00000235fb401c90 Thread exited: 0x00000235fb401c90


Dynamic libraries:
0x00007ff6fe620000 - 0x00007ff6fe62e000 	c:\Users\LENOVO\.antigravity\extensions\redhat.java-1.54.0-win32-x64\jre\21.0.10-win32-x86_64\bin\java.exe
0x00007ffe7fbc0000 - 0x00007ffe7fe27000 	C:\WINDOWS\SYSTEM32\ntdll.dll
0x00007ffe7eff0000 - 0x00007ffe7f0b9000 	C:\WINDOWS\System32\KERNEL32.DLL
0x00007ffe7d550000 - 0x00007ffe7d944000 	C:\WINDOWS\System32\KERNELBASE.dll
0x00007ffe7cb90000 - 0x00007ffe7ccdb000 	C:\WINDOWS\System32\ucrtbase.dll
0x00007ffe67020000 - 0x00007ffe67038000 	c:\Users\LENOVO\.antigravity\extensions\redhat.java-1.54.0-win32-x64\jre\21.0.10-win32-x86_64\bin\jli.dll
0x00007ffe7ddd0000 - 0x00007ffe7df95000 	C:\WINDOWS\System32\USER32.dll
0x00007ffe7c5c0000 - 0x00007ffe7c5e7000 	C:\WINDOWS\System32\win32u.dll
0x00007ffe67040000 - 0x00007ffe6705e000 	c:\Users\LENOVO\.antigravity\extensions\redhat.java-1.54.0-win32-x64\jre\21.0.10-win32-x86_64\bin\VCRUNTIME140.dll
0x00007ffe7f180000 - 0x00007ffe7f1ab000 	C:\WINDOWS\System32\GDI32.dll
0x00007ffe7c490000 - 0x00007ffe7c5bb000 	C:\WINDOWS\System32\gdi32full.dll
0x00007ffe5f940000 - 0x00007ffe5fbd3000 	C:\WINDOWS\WinSxS\amd64_microsoft.windows.common-controls_6595b64144ccf1df_6.0.26100.8115_none_3e075c82e3354f9c\COMCTL32.dll
0x00007ffe7c960000 - 0x00007ffe7ca03000 	C:\WINDOWS\System32\msvcp_win.dll
0x00007ffe7f920000 - 0x00007ffe7f9c9000 	C:\WINDOWS\System32\msvcrt.dll
0x00007ffe7fad0000 - 0x00007ffe7fb02000 	C:\WINDOWS\System32\IMM32.DLL
0x00007ffe79bd0000 - 0x00007ffe79bdc000 	c:\Users\LENOVO\.antigravity\extensions\redhat.java-1.54.0-win32-x64\jre\21.0.10-win32-x86_64\bin\vcruntime140_1.dll
0x00007ffdfa5e0000 - 0x00007ffdfa66d000 	c:\Users\LENOVO\.antigravity\extensions\redhat.java-1.54.0-win32-x64\jre\21.0.10-win32-x86_64\bin\msvcp140.dll
0x00007ffdcc650000 - 0x00007ffdcd3f1000 	c:\Users\LENOVO\.antigravity\extensions\redhat.java-1.54.0-win32-x64\jre\21.0.10-win32-x86_64\bin\server\jvm.dll
0x00007ffe7f0c0000 - 0x00007ffe7f176000 	C:\WINDOWS\System32\ADVAPI32.dll
0x00007ffe7e580000 - 0x00007ffe7e627000 	C:\WINDOWS\System32\sechost.dll
0x00007ffe7dcb0000 - 0x00007ffe7ddc8000 	C:\WINDOWS\System32\RPCRT4.dll
0x00007ffe7e4f0000 - 0x00007ffe7e570000 	C:\WINDOWS\System32\WS2_32.dll
0x00007ffe7c2f0000 - 0x00007ffe7c34e000 	C:\WINDOWS\SYSTEM32\POWRPROF.dll
0x00007ffe73db0000 - 0x00007ffe73de6000 	C:\WINDOWS\SYSTEM32\WINMM.dll
0x00007ffe6e510000 - 0x00007ffe6e51b000 	C:\WINDOWS\SYSTEM32\VERSION.dll
0x00007ffe7c2d0000 - 0x00007ffe7c2e4000 	C:\WINDOWS\SYSTEM32\UMPDC.dll
0x00007ffe7b220000 - 0x00007ffe7b23b000 	C:\WINDOWS\SYSTEM32\kernel.appcore.dll
0x00007ffe6b560000 - 0x00007ffe6b56a000 	c:\Users\LENOVO\.antigravity\extensions\redhat.java-1.54.0-win32-x64\jre\21.0.10-win32-x86_64\bin\jimage.dll
0x00007ffe77a30000 - 0x00007ffe77c72000 	C:\WINDOWS\SYSTEM32\DBGHELP.DLL
0x00007ffe7ec60000 - 0x00007ffe7efe2000 	C:\WINDOWS\System32\combase.dll
0x00007ffe7e630000 - 0x00007ffe7e708000 	C:\WINDOWS\System32\OLEAUT32.dll
0x00007ffe5ce30000 - 0x00007ffe5ce6b000 	C:\WINDOWS\SYSTEM32\dbgcore.DLL
0x00007ffe7c5f0000 - 0x00007ffe7c695000 	C:\WINDOWS\System32\bcryptPrimitives.dll
0x00007ffe67010000 - 0x00007ffe6701f000 	c:\Users\LENOVO\.antigravity\extensions\redhat.java-1.54.0-win32-x64\jre\21.0.10-win32-x86_64\bin\instrument.dll
0x00007ffe66ff0000 - 0x00007ffe67010000 	c:\Users\LENOVO\.antigravity\extensions\redhat.java-1.54.0-win32-x64\jre\21.0.10-win32-x86_64\bin\java.dll
0x00007ffe7f1b0000 - 0x00007ffe7f917000 	C:\WINDOWS\System32\SHELL32.dll
0x00007ffe7c730000 - 0x00007ffe7c89a000 	C:\WINDOWS\System32\wintypes.dll
0x00007ffe7cce0000 - 0x00007ffe7d548000 	C:\WINDOWS\System32\windows.storage.dll
0x00007ffe7f9d0000 - 0x00007ffe7fac8000 	C:\WINDOWS\System32\SHCORE.dll
0x00007ffe7e7b0000 - 0x00007ffe7e816000 	C:\WINDOWS\System32\shlwapi.dll
0x00007ffe7c3b0000 - 0x00007ffe7c3d9000 	C:\WINDOWS\SYSTEM32\profapi.dll
0x00007ffe63b80000 - 0x00007ffe63b98000 	c:\Users\LENOVO\.antigravity\extensions\redhat.java-1.54.0-win32-x64\jre\21.0.10-win32-x86_64\bin\zip.dll
0x00007ffe66fe0000 - 0x00007ffe66ff0000 	C:\Users\LENOVO\.antigravity\extensions\redhat.java-1.54.0-win32-x64\jre\21.0.10-win32-x86_64\bin\net.dll
0x00007ffe6ee10000 - 0x00007ffe6ef3d000 	C:\WINDOWS\SYSTEM32\WINHTTP.dll
0x00007ffe7b790000 - 0x00007ffe7b7fc000 	C:\WINDOWS\system32\mswsock.dll
0x00007ffe63b60000 - 0x00007ffe63b76000 	C:\Users\LENOVO\.antigravity\extensions\redhat.java-1.54.0-win32-x64\jre\21.0.10-win32-x86_64\bin\nio.dll
0x00007ffe63b50000 - 0x00007ffe63b60000 	c:\Users\LENOVO\.antigravity\extensions\redhat.java-1.54.0-win32-x64\jre\21.0.10-win32-x86_64\bin\verify.dll
0x00007ffe77450000 - 0x00007ffe77495000 	C:\Users\LENOVO\AppData\Roaming\Antigravity\User\globalStorage\redhat.java\1.54.0\config_win\org.eclipse.equinox.launcher\org.eclipse.equinox.launcher.win32.win32.x86_64_1.3.0.v20260203-2149\eclipse_11919.dll
0x00007ffe7e960000 - 0x00007ffe7eaf7000 	C:\WINDOWS\System32\ole32.dll
0x00007ffe7ba70000 - 0x00007ffe7ba8b000 	C:\WINDOWS\SYSTEM32\CRYPTSP.dll
0x00007ffe7b180000 - 0x00007ffe7b1b9000 	C:\WINDOWS\system32\rsaenh.dll
0x00007ffe7b840000 - 0x00007ffe7b873000 	C:\WINDOWS\SYSTEM32\USERENV.dll
0x00007ffe7c380000 - 0x00007ffe7c3aa000 	C:\WINDOWS\SYSTEM32\bcrypt.dll
0x00007ffe7ba90000 - 0x00007ffe7ba9c000 	C:\WINDOWS\SYSTEM32\CRYPTBASE.dll
0x00007ffe7ac90000 - 0x00007ffe7acc2000 	C:\WINDOWS\SYSTEM32\IPHLPAPI.DLL
0x00007ffe7e740000 - 0x00007ffe7e74a000 	C:\WINDOWS\System32\NSI.dll
0x00007ffddf760000 - 0x00007ffddf7a9000 	C:\Users\LENOVO\AppData\Local\Temp\jna--2053026509\jna9459732503865544982.dll
0x00007ffe7e440000 - 0x00007ffe7e448000 	C:\WINDOWS\System32\PSAPI.DLL
0x00007ffe736e0000 - 0x00007ffe736fd000 	C:\WINDOWS\SYSTEM32\dhcpcsvc6.DLL
0x00007ffe6f0c0000 - 0x00007ffe6f0e5000 	C:\WINDOWS\SYSTEM32\dhcpcsvc.DLL

JVMTI agents:
c:\Users\LENOVO\.antigravity\extensions\redhat.java-1.54.0-win32-x64\lombok\lombok-1.18.39-4050.jar path:c:\Users\LENOVO\.antigravity\extensions\redhat.java-1.54.0-win32-x64\jre\21.0.10-win32-x86_64\bin\instrument.dll, loaded, initialized, instrumentlib options:none

dbghelp: loaded successfully - version: 4.0.5 - missing functions: none
symbol engine: initialized successfully - sym options: 0x614 - pdb path: .;c:\Users\LENOVO\.antigravity\extensions\redhat.java-1.54.0-win32-x64\jre\21.0.10-win32-x86_64\bin;C:\WINDOWS\SYSTEM32;C:\WINDOWS\WinSxS\amd64_microsoft.windows.common-controls_6595b64144ccf1df_6.0.26100.8115_none_3e075c82e3354f9c;c:\Users\LENOVO\.antigravity\extensions\redhat.java-1.54.0-win32-x64\jre\21.0.10-win32-x86_64\bin\server;C:\Users\LENOVO\AppData\Roaming\Antigravity\User\globalStorage\redhat.java\1.54.0\config_win\org.eclipse.equinox.launcher\org.eclipse.equinox.launcher.win32.win32.x86_64_1.3.0.v20260203-2149;C:\Users\LENOVO\AppData\Local\Temp\jna--2053026509

VM Arguments:
jvm_args: --add-modules=ALL-SYSTEM --add-opens=java.base/java.util=ALL-UNNAMED --add-opens=java.base/java.lang=ALL-UNNAMED --add-opens=java.base/sun.nio.fs=ALL-UNNAMED -Declipse.application=org.eclipse.jdt.ls.core.id1 -Dosgi.bundles.defaultStartLevel=4 -Declipse.product=org.eclipse.jdt.ls.core.product -Djava.import.generatesMetadataFilesAtProjectRoot=false -DDetectVMInstallationsJob.disabled=true -Dfile.encoding=utf8 -XX:+UseParallelGC -XX:GCTimeRatio=4 -XX:AdaptiveSizePolicyWeight=90 -Dsun.zip.disableMemoryMapping=true -Xmx2G -Xms100m -Xlog:disable -javaagent:c:\Users\LENOVO\.antigravity\extensions\redhat.java-1.54.0-win32-x64\lombok\lombok-1.18.39-4050.jar -XX:+HeapDumpOnOutOfMemoryError -XX:HeapDumpPath=c:\Users\LENOVO\AppData\Roaming\Antigravity\User\workspaceStorage\c32ad2883d698218fc90bdae50dd7373\redhat.java -Daether.dependencyCollector.impl=bf 
java_command: c:\Users\LENOVO\.antigravity\extensions\redhat.java-1.54.0-win32-x64\server\plugins\org.eclipse.equinox.launcher_1.7.100.v20251111-0406.jar -configuration c:\Users\LENOVO\AppData\Roaming\Antigravity\User\globalStorage\redhat.java\1.54.0\config_win -data c:\Users\LENOVO\AppData\Roaming\Antigravity\User\workspaceStorage\c32ad2883d698218fc90bdae50dd7373\redhat.java\jdt_ws --pipe=\\.\pipe\lsp-5795481ca534f45cf0e241f507296c77-sock
java_class_path (initial): c:\Users\LENOVO\.antigravity\extensions\redhat.java-1.54.0-win32-x64\server\plugins\org.eclipse.equinox.launcher_1.7.100.v20251111-0406.jar
Launcher Type: SUN_STANDARD

[Global flags]
    uintx AdaptiveSizePolicyWeight                 = 90                                        {product} {command line}
     intx CICompilerCount                          = 4                                         {product} {ergonomic}
    uintx GCTimeRatio                              = 4                                         {product} {command line}
     bool HeapDumpOnOutOfMemoryError               = true                                   {manageable} {command line}
    ccstr HeapDumpPath                             = c:\Users\LENOVO\AppData\Roaming\Antigravity\User\workspaceStorage\c32ad2883d698218fc90bdae50dd7373\redhat.java         {manageable} {command line}
   size_t InitialHeapSize                          = 104857600                                 {product} {command line}
   size_t MaxHeapSize                              = 2147483648                                {product} {command line}
   size_t MaxNewSize                               = 715653120                                 {product} {ergonomic}
   size_t MinHeapDeltaBytes                        = 524288                                    {product} {ergonomic}
   size_t MinHeapSize                              = 104857600                                 {product} {command line}
   size_t NewSize                                  = 34603008                                  {product} {ergonomic}
    uintx NonNMethodCodeHeapSize                   = 5839372                                {pd product} {ergonomic}
    uintx NonProfiledCodeHeapSize                  = 122909434                              {pd product} {ergonomic}
   size_t OldSize                                  = 70254592                                  {product} {ergonomic}
    uintx ProfiledCodeHeapSize                     = 122909434                              {pd product} {ergonomic}
    uintx ReservedCodeCacheSize                    = 251658240                              {pd product} {ergonomic}
     bool SegmentedCodeCache                       = true                                      {product} {ergonomic}
   size_t SoftMaxHeapSize                          = 2147483648                             {manageable} {ergonomic}
     bool UseCompressedOops                        = true                           {product lp64_product} {ergonomic}
     bool UseLargePagesIndividualAllocation        = false                                  {pd product} {ergonomic}
     bool UseParallelGC                            = true                                      {product} {command line}

Logging:
Log output configuration:
 #0: stdout all=off uptime,level,tags foldmultilines=false
 #1: stderr all=off uptime,level,tags foldmultilines=false

Release file:
JAVA_VERSION="21.0.10" 
MODULES="java.base java.compiler java.datatransfer java.xml java.prefs java.desktop java.instrument java.logging java.management java.security.sasl java.naming java.rmi java.management.rmi java.net.http java.scripting java.security.jgss java.transaction.xa java.sql java.sql.rowset java.xml.crypto java.se java.smartcardio jdk.accessibility jdk.internal.jvmstat jdk.attach jdk.charsets jdk.internal.opt jdk.zipfs jdk.compiler jdk.crypto.ec jdk.crypto.cryptoki jdk.crypto.mscapi jdk.dynalink jdk.internal.ed jdk.editpad jdk.hotspot.agent jdk.httpserver jdk.internal.le jdk.internal.vm.ci jdk.internal.vm.compiler jdk.internal.vm.compiler.management jdk.jartool jdk.javadoc jdk.jcmd jdk.management jdk.management.agent jdk.jconsole jdk.jdeps jdk.jdwp.agent jdk.jdi jdk.jfr jdk.jshell jdk.jsobject jdk.jstatd jdk.localedata jdk.management.jfr jdk.naming.dns jdk.naming.rmi jdk.net jdk.nio.mapmode jdk.random jdk.sctp jdk.security.auth jdk.security.jgss jdk.unsupported jdk.unsupported.desktop jdk.xml.dom" 

Environment Variables:
JAVA_HOME=C:\Program Files\Java\jdk-20
PATH=C:\Users\LENOVO\Downloads\apache-maven-3.9.14-bin\apache-maven-3.9.14\bin;C:\Program Files\MongoDB\Server\8.2\bin;C:\Program Files\Eclipse Adoptium\jdk-17.0.17.10-hotspot\bin;C:\oraclexe\app\oracle\product\11.2.0\server\bin;C:\xampp\php;C:\Program Files\MySQL\MySQL Server 8.0\bin;C:\Python 3.12\Python 3.12.exe;C:\Users\LENOVO\AppData\Local\Programs\Python\Python312\python.exe;C:\Users\LENOVO\Downloads\flutter_windows_3.16.0-stable\flutter\bin;C:\ProgramData\Oracle\Java\javapath;C:\Program Files\Java\jdk-21.0.1\bin;C:\Program Files\Common Files\Oracle\Java\javapath;C:\Program Files\Java\jdk-20\bin;C:\Users\LENOVO\Downloads\sqldeveloper-23.1.0.097.1607-x64\sqldeveloper\sqldeveloper\bin;C:\Users\LENOVO\Downloads\msys2-x86_64-20230318.exe;C:\WINDOWS\system32;C:\WINDOWS;C:\WINDOWS\System32\Wbem;C:\WINDOWS\System32\WindowsPowerShell\v1.0\;C:\WINDOWS\System32\OpenSSH\;C:\Program Files\Git\cmd;C:\Program Files\Git\bin;C:\Program Files\dotnet\;C:\Users\LENOVO\AppData\Local\Android\Sdk\platform-tools;C:\Users\LENOVO\AppData\Local\Android\Sdk\emulator;C:\Users\LENOVO\Downloads\php-8.3.11-nts-Win32-vs16-x64;C:\ProgramData\ComposerSetup\bin;C:\Program Files\nodejs\;C:\Program Files\Microsoft SQL Server\150\Tools\Binn\;C:\Program Files\Docker\Docker\resources\bin;C:\Program Files\Vagrant\bin;C:\Program Files\Cloudflare\Cloudflare WARP\;C:\Users\LENOVO\scoop\shims;C:\Program Files\MySQL\MySQL Shell 8.0\bin\;C:\Users\LENOVO\AppData\Local\Programs\Python\Launcher\;C:\Python27\python.exe;C:\Users\LENOVO\AppData\Local\Programs\Python\Python311;C:\Users\LENOVO\AppData\Local\Programs\Python\Python311\Scripts\;C:\Python27;C:\Users\LENOVO\AppData\Local\Microsoft\WindowsApps;C:\Program Files\JetBrains\PyCharm Community Edition 2023.1\bin;;C:\Users\LENOVO\AppData\Local\GitHubDesktop\bin;C:\Users\LENOVO\.dotnet\tools;C:\Program Files (x86)\Nmap;C:\Users\LENOVO\AppData\Local\Programs\MiKTeX\miktex\bin\x64\;C:\Users\LENOVO\AppData\Roaming\Composer\vendor\bin;C:\xampp\php;C:\Program Files\JetBrains\IntelliJ IDEA 2024.2.1\bin;;C:\Flex Windows\gcc\bin;C:\Flex Windows\Lex\bin;C:\Flex Windows\bison\bin;C:\Users\LENOVO\AppData\Local\Muse Hub\lib;C:\Users\LENOVO\AppData\Local\Programs\Microsoft VS Code\bin;C:\Users\LENOVO\AppData\Local\Programs\cursor\resources\app\bin;C:\Users\LENOVO\AppData\Roaming\npm;C:\Users\LENOVO\AppData\Local\Programs\Antigravity\bin;
USERNAME=LENOVO
OS=Windows_NT
PROCESSOR_IDENTIFIER=Intel64 Family 6 Model 140 Stepping 2, GenuineIntel
TMP=C:\Users\LENOVO\AppData\Local\Temp
TEMP=C:\Users\LENOVO\AppData\Local\Temp




Periodic native trim disabled

---------------  S Y S T E M  ---------------

OS:
 Windows 11 , 64 bit Build 26100 (10.0.26100.8246)
OS uptime: 0 days 1:53 hours
Hyper-V role detected

CPU: total 8 (initial active 8) (4 cores per cpu, 2 threads per core) family 6 model 140 stepping 2 microcode 0x26, cx8, cmov, fxsr, ht, mmx, 3dnowpref, sse, sse2, sse3, ssse3, sse4.1, sse4.2, popcnt, lzcnt, tsc, tscinvbit, avx, avx2, aes, erms, clmul, bmi1, bmi2, adx, avx512f, avx512dq, avx512cd, avx512bw, avx512vl, sha, fma, vzeroupper, avx512_vpopcntdq, avx512_vpclmulqdq, avx512_vaes, avx512_vnni, clflush, clflushopt, clwb, avx512_vbmi2, avx512_vbmi, hv, rdtscp, rdpid, fsrm, gfni, avx512_bitalg, f16c, cet_ibt, cet_ss, avx512_ifma
Processor Information for the first 8 processors :
  Max Mhz: 3187, Current Mhz: 3187, Mhz Limit: 3187

Memory: 4k page, system-wide physical 16167M (3383M free)
TotalPageFile size 21167M (AvailPageFile size 26M)
current process WorkingSet (physical memory assigned to process): 103M, peak: 609M
current process commit charge ("private bytes"): 719M, peak: 723M

vm_info: OpenJDK 64-Bit Server VM (21.0.10+7-LTS) for windows-amd64 JRE (21.0.10+7-LTS), built on 2026-01-20T00:00:00Z by "admin" with MS VC++ 17.12 (VS2022)

END.
