#
# There is insufficient memory for the Java Runtime Environment to continue.
# Native memory allocation (malloc) failed to allocate 1854256 bytes. Error detail: Chunk::new
# Possible reasons:
#   The system is out of physical RAM or swap space
#   This process is running with CompressedOops enabled, and the Java Heap may be blocking the growth of the native heap
# Possible solutions:
#   Reduce memory load on the system
#   Increase physical memory or swap space
#   Check if swap backing store is full
#   Decrease Java heap size (-Xmx/-Xms)
#   Decrease number of Java threads
#   Decrease Java thread stack sizes (-Xss)
#   Set larger code cache with -XX:ReservedCodeCacheSize=
#   JVM is running with Unscaled Compressed Oops mode in which the Java heap is
#     placed in the first 4GB address space. The Java Heap base address is the
#     maximum limit for the native heap growth. Please use -XX:HeapBaseMinAddress
#     to set the Java Heap base and to place the Java Heap above 4GB virtual address.
# This output file may be truncated or incomplete.
#
#  Out of Memory Error (arena.cpp:168), pid=13044, tid=21856
#
# JRE version: OpenJDK Runtime Environment Temurin-21.0.10+7 (21.0.10+7) (build 21.0.10+7-LTS)
# Java VM: OpenJDK 64-Bit Server VM Temurin-21.0.10+7 (21.0.10+7-LTS, mixed mode, sharing, tiered, compressed oops, compressed class ptrs, parallel gc, windows-amd64)
# No core dump will be written. Minidumps are not enabled by default on client versions of Windows
#

---------------  S U M M A R Y ------------

Command Line: --add-modules=ALL-SYSTEM --add-opens=java.base/java.util=ALL-UNNAMED --add-opens=java.base/java.lang=ALL-UNNAMED --add-opens=java.base/sun.nio.fs=ALL-UNNAMED -Declipse.application=org.eclipse.jdt.ls.core.id1 -Dosgi.bundles.defaultStartLevel=4 -Declipse.product=org.eclipse.jdt.ls.core.product -Djava.import.generatesMetadataFilesAtProjectRoot=false -DDetectVMInstallationsJob.disabled=true -Dfile.encoding=utf8 -XX:+UseParallelGC -XX:GCTimeRatio=4 -XX:AdaptiveSizePolicyWeight=90 -Dsun.zip.disableMemoryMapping=true -Xmx2G -Xms100m -Xlog:disable -javaagent:c:\Users\LENOVO\.antigravity\extensions\redhat.java-1.54.0-win32-x64\lombok\lombok-1.18.39-4050.jar -XX:+HeapDumpOnOutOfMemoryError -XX:HeapDumpPath=c:\Users\LENOVO\AppData\Roaming\Antigravity\User\workspaceStorage\9683d9bf656d775bf1872cdf0c0a7fac\redhat.java -Daether.dependencyCollector.impl=bf c:\Users\LENOVO\.antigravity\extensions\redhat.java-1.54.0-win32-x64\server\plugins\org.eclipse.equinox.launcher_1.7.100.v20251111-0406.jar -configuration c:\Users\LENOVO\AppData\Roaming\Antigravity\User\globalStorage\redhat.java\1.54.0\config_win -data c:\Users\LENOVO\AppData\Roaming\Antigravity\User\workspaceStorage\9683d9bf656d775bf1872cdf0c0a7fac\redhat.java\jdt_ws --pipe=\\.\pipe\lsp-d12bae6c1cebe9b0791be5cdab753bac-sock

Host: 11th Gen Intel(R) Core(TM) i5-11320H @ 3.20GHz, 8 cores, 15G,  Windows 11 , 64 bit Build 26100 (10.0.26100.8246)
Time: Mon Apr 27 15:27:00 2026 Paris, Madrid elapsed time: 9.043020 seconds (0d 0h 0m 9s)

---------------  T H R E A D  ---------------

Current thread (0x000002db127f5660):  JavaThread "C2 CompilerThread2" daemon [_thread_in_native, id=21856, stack(0x000000e8f8700000,0x000000e8f8800000) (1024K)]


Current CompileTask:
C2:9043 7407       4       org.eclipse.jdt.internal.core.search.indexing.BinaryIndexer::extractReferenceFromConstantPool (358 bytes)

Stack: [0x000000e8f8700000,0x000000e8f8800000]
Native frames: (J=compiled Java code, j=interpreted, Vv=VM code, C=native code)
V  [jvm.dll+0x6d7a39]
V  [jvm.dll+0x8b4b26]
V  [jvm.dll+0x8b70de]
V  [jvm.dll+0x8b77c3]
V  [jvm.dll+0x284346]
V  [jvm.dll+0xc66ed]
V  [jvm.dll+0xc6c31]
V  [jvm.dll+0x3bec01]
V  [jvm.dll+0x1e3f69]
V  [jvm.dll+0x24c6b3]
V  [jvm.dll+0x24bb40]
V  [jvm.dll+0x1cb34e]
V  [jvm.dll+0x25b85d]
V  [jvm.dll+0x259dea]
V  [jvm.dll+0x3f857e]
V  [jvm.dll+0x85f59d]
V  [jvm.dll+0x6d626d]
C  [ucrtbase.dll+0x37b0]
C  [KERNEL32.DLL+0x2e8d7]
C  [ntdll.dll+0x8c3fc]


---------------  P R O C E S S  ---------------

Threads class SMR info:
_java_thread_list=0x000002db11e2cad0, length=40, elements={
0x000002dab161b630, 0x000002dab3a783d0, 0x000002dab3bbde60, 0x000002dab3a7ef60,
0x000002dab3a7fc40, 0x000002dab3a806a0, 0x000002dab3a81100, 0x000002dab3a81f40,
0x000002db1104a600, 0x000002db111abcf0, 0x000002db11314d60, 0x000002db1165c150,
0x000002db11c5bf50, 0x000002db11c7c9d0, 0x000002db11c78210, 0x000002db11f915f0,
0x000002db124d2d30, 0x000002db121c7c10, 0x000002db122d0280, 0x000002db11f48820,
0x000002db11f49540, 0x000002db11f48190, 0x000002db127f5660, 0x000002db11f48eb0,
0x000002db11f47b00, 0x000002db11f4a260, 0x000002db11f49bd0, 0x000002db11f4a8f0,
0x000002db1400c9d0, 0x000002db1400bcb0, 0x000002db1400d060, 0x000002db1400d6f0,
0x000002db1400af90, 0x000002db1400c340, 0x000002db1400e410, 0x000002db1400dd80,
0x000002db1400b620, 0x000002db1400f130, 0x000002db1400f7c0, 0x000002db140125b0
}

Java Threads: ( => current thread )
  0x000002dab161b630 JavaThread "main"                              [_thread_blocked, id=24628, stack(0x000000e8f6700000,0x000000e8f6800000) (1024K)]
  0x000002dab3a783d0 JavaThread "Reference Handler"          daemon [_thread_blocked, id=25468, stack(0x000000e8f6b00000,0x000000e8f6c00000) (1024K)]
  0x000002dab3bbde60 JavaThread "Finalizer"                  daemon [_thread_blocked, id=16280, stack(0x000000e8f6c00000,0x000000e8f6d00000) (1024K)]
  0x000002dab3a7ef60 JavaThread "Signal Dispatcher"          daemon [_thread_blocked, id=1796, stack(0x000000e8f6d00000,0x000000e8f6e00000) (1024K)]
  0x000002dab3a7fc40 JavaThread "Attach Listener"            daemon [_thread_blocked, id=9472, stack(0x000000e8f6e00000,0x000000e8f6f00000) (1024K)]
  0x000002dab3a806a0 JavaThread "Service Thread"             daemon [_thread_blocked, id=4872, stack(0x000000e8f6f00000,0x000000e8f7000000) (1024K)]
  0x000002dab3a81100 JavaThread "Monitor Deflation Thread"   daemon [_thread_blocked, id=26392, stack(0x000000e8f7000000,0x000000e8f7100000) (1024K)]
  0x000002dab3a81f40 JavaThread "C2 CompilerThread0"         daemon [_thread_in_native, id=5584, stack(0x000000e8f7100000,0x000000e8f7200000) (1024K)]
  0x000002db1104a600 JavaThread "C1 CompilerThread0"         daemon [_thread_blocked, id=7340, stack(0x000000e8f7200000,0x000000e8f7300000) (1024K)]
  0x000002db111abcf0 JavaThread "Common-Cleaner"             daemon [_thread_blocked, id=25736, stack(0x000000e8f7400000,0x000000e8f7500000) (1024K)]
  0x000002db11314d60 JavaThread "Notification Thread"        daemon [_thread_blocked, id=26148, stack(0x000000e8f7500000,0x000000e8f7600000) (1024K)]
  0x000002db1165c150 JavaThread "Active Thread: Equinox Container: cfad87eb-6716-4924-b984-a181cf170345"        [_thread_blocked, id=22440, stack(0x000000e8f7600000,0x000000e8f7700000) (1024K)]
  0x000002db11c5bf50 JavaThread "Refresh Thread: Equinox Container: cfad87eb-6716-4924-b984-a181cf170345" daemon [_thread_blocked, id=2532, stack(0x000000e8f7e00000,0x000000e8f7f00000) (1024K)]
  0x000002db11c7c9d0 JavaThread "Framework Event Dispatcher: Equinox Container: cfad87eb-6716-4924-b984-a181cf170345" daemon [_thread_blocked, id=21536, stack(0x000000e8f7f00000,0x000000e8f8000000) (1024K)]
  0x000002db11c78210 JavaThread "Start Level: Equinox Container: cfad87eb-6716-4924-b984-a181cf170345" daemon [_thread_blocked, id=21708, stack(0x000000e8f8000000,0x000000e8f8100000) (1024K)]
  0x000002db11f915f0 JavaThread "Bundle File Closer"         daemon [_thread_blocked, id=19304, stack(0x000000e8f8200000,0x000000e8f8300000) (1024K)]
  0x000002db124d2d30 JavaThread "SCR Component Actor"        daemon [_thread_blocked, id=2776, stack(0x000000e8f7300000,0x000000e8f7400000) (1024K)]
  0x000002db121c7c10 JavaThread "C2 CompilerThread1"         daemon [_thread_in_native, id=3532, stack(0x000000e8f8100000,0x000000e8f8200000) (1024K)]
  0x000002db122d0280 JavaThread "Worker-JM"                         [_thread_blocked, id=5948, stack(0x000000e8f8400000,0x000000e8f8500000) (1024K)]
  0x000002db11f48820 JavaThread "JNA Cleaner"                daemon [_thread_blocked, id=24504, stack(0x000000e8f8500000,0x000000e8f8600000) (1024K)]
  0x000002db11f49540 JavaThread "Worker-0"                          [_thread_blocked, id=7928, stack(0x000000e8f8300000,0x000000e8f8400000) (1024K)]
  0x000002db11f48190 JavaThread "Worker-1"                          [_thread_blocked, id=19696, stack(0x000000e8f8600000,0x000000e8f8700000) (1024K)]
=>0x000002db127f5660 JavaThread "C2 CompilerThread2"         daemon [_thread_in_native, id=21856, stack(0x000000e8f8700000,0x000000e8f8800000) (1024K)]
  0x000002db11f48eb0 JavaThread "Java indexing"              daemon [_thread_in_vm, id=19176, stack(0x000000e8f8800000,0x000000e8f8900000) (1024K)]
  0x000002db11f47b00 JavaThread "Worker-2"                          [_thread_blocked, id=13524, stack(0x000000e8f8b00000,0x000000e8f8c00000) (1024K)]
  0x000002db11f4a260 JavaThread "Worker-3: Initialize Workspace"        [_thread_in_Java, id=8436, stack(0x000000e8f8c00000,0x000000e8f8d00000) (1024K)]
  0x000002db11f49bd0 JavaThread "Thread-1"                   daemon [_thread_in_native, id=13444, stack(0x000000e8f8d00000,0x000000e8f8e00000) (1024K)]
  0x000002db11f4a8f0 JavaThread "Thread-2"                   daemon [_thread_in_native, id=9704, stack(0x000000e8f8e00000,0x000000e8f8f00000) (1024K)]
  0x000002db1400c9d0 JavaThread "Thread-3"                   daemon [_thread_in_native, id=24876, stack(0x000000e8f8f00000,0x000000e8f9000000) (1024K)]
  0x000002db1400bcb0 JavaThread "Thread-4"                   daemon [_thread_in_native, id=23232, stack(0x000000e8f9000000,0x000000e8f9100000) (1024K)]
  0x000002db1400d060 JavaThread "Thread-5"                   daemon [_thread_in_native, id=2516, stack(0x000000e8f9100000,0x000000e8f9200000) (1024K)]
  0x000002db1400d6f0 JavaThread "Thread-6"                   daemon [_thread_in_native, id=24088, stack(0x000000e8f9200000,0x000000e8f9300000) (1024K)]
  0x000002db1400af90 JavaThread "Thread-7"                   daemon [_thread_in_native, id=10936, stack(0x000000e8f9300000,0x000000e8f9400000) (1024K)]
  0x000002db1400c340 JavaThread "Thread-8"                   daemon [_thread_in_native, id=25332, stack(0x000000e8f9400000,0x000000e8f9500000) (1024K)]
  0x000002db1400e410 JavaThread "Thread-9"                   daemon [_thread_in_native, id=25948, stack(0x000000e8f9500000,0x000000e8f9600000) (1024K)]
  0x000002db1400dd80 JavaThread "pool-2-thread-1"                   [_thread_blocked, id=10464, stack(0x000000e8f9600000,0x000000e8f9700000) (1024K)]
  0x000002db1400b620 JavaThread "WorkspaceEventsHandler"            [_thread_blocked, id=25936, stack(0x000000e8f9700000,0x000000e8f9800000) (1024K)]
  0x000002db1400f130 JavaThread "pool-1-thread-1"                   [_thread_blocked, id=14628, stack(0x000000e8f9800000,0x000000e8f9900000) (1024K)]
  0x000002db1400f7c0 JavaThread "Worker-4: Java indexing... "        [_thread_blocked, id=25584, stack(0x000000e8f9900000,0x000000e8f9a00000) (1024K)]
  0x000002db140125b0 JavaThread "ProjectImportProgressReporter" daemon [_thread_blocked, id=5788, stack(0x000000e8f9a00000,0x000000e8f9b00000) (1024K)]
Total: 40

Other Threads:
  0x000002dab3a71de0 VMThread "VM Thread"                           [id=21256, stack(0x000000e8f6a00000,0x000000e8f6b00000) (1024K)]
  0x000002dab3b71670 WatcherThread "VM Periodic Task Thread"        [id=23796, stack(0x000000e8f6900000,0x000000e8f6a00000) (1024K)]
  0x000002dab3b1e8e0 WorkerThread "GC Thread#0"                     [id=8032, stack(0x000000e8f6800000,0x000000e8f6900000) (1024K)]
  0x000002db114f8d70 WorkerThread "GC Thread#1"                     [id=9232, stack(0x000000e8f7700000,0x000000e8f7800000) (1024K)]
  0x000002db1180c460 WorkerThread "GC Thread#2"                     [id=21796, stack(0x000000e8f7800000,0x000000e8f7900000) (1024K)]
  0x000002db1180c810 WorkerThread "GC Thread#3"                     [id=17828, stack(0x000000e8f7900000,0x000000e8f7a00000) (1024K)]
  0x000002db1180cbc0 WorkerThread "GC Thread#4"                     [id=25964, stack(0x000000e8f7a00000,0x000000e8f7b00000) (1024K)]
  0x000002db11869490 WorkerThread "GC Thread#5"                     [id=25244, stack(0x000000e8f7b00000,0x000000e8f7c00000) (1024K)]
  0x000002db11869840 WorkerThread "GC Thread#6"                     [id=22048, stack(0x000000e8f7c00000,0x000000e8f7d00000) (1024K)]
  0x000002db11cd2960 WorkerThread "GC Thread#7"                     [id=2916, stack(0x000000e8f7d00000,0x000000e8f7e00000) (1024K)]
Total: 10

Threads with active compile tasks:
C2 CompilerThread0  9072 7413 % !   4       org.eclipse.jdt.internal.compiler.classfmt.ClassFileReader::<init> @ 81 (1968 bytes)
C2 CompilerThread1  9072 7578       4       org.eclipse.jdt.internal.core.search.indexing.BinaryIndexer::decodeParameterTypes (596 bytes)
C2 CompilerThread2  9072 7407       4       org.eclipse.jdt.internal.core.search.indexing.BinaryIndexer::extractReferenceFromConstantPool (358 bytes)
Total: 3

VM state: not at safepoint (normal execution)

VM Mutex/Monitor currently owned by a thread: None

Heap address: 0x0000000080000000, size: 2048 MB, Compressed Oops mode: 32-bit

CDS archive(s) mapped at: [0x000002dacb000000-0x000002dacbba0000-0x000002dacbba0000), size 12189696, SharedBaseAddress: 0x000002dacb000000, ArchiveRelocationMode: 1.
Compressed class space mapped at: 0x000002dacc000000-0x000002db0c000000, reserved size: 1073741824
Narrow klass base: 0x000002dacb000000, Narrow klass shift: 0, Narrow klass range: 0x100000000

GC Precious Log:
 CardTable entry size: 512
 CPUs: 8 total, 8 available
 Memory: 16167M
 Large Page Support: Disabled
 NUMA Support: Disabled
 Compressed Oops: Enabled (32-bit)
 Alignments: Space 512K, Generation 512K, Heap 2M
 Heap Min Capacity: 100M
 Heap Initial Capacity: 100M
 Heap Max Capacity: 2G
 Pre-touch: Disabled
 Parallel Workers: 8

Heap:
 PSYoungGen      total 18944K, used 2859K [0x00000000d5580000, 0x00000000d6e80000, 0x0000000100000000)
  eden space 16384K, 2% used [0x00000000d5580000,0x00000000d55ebaf0,0x00000000d6580000)
  from space 2560K, 94% used [0x00000000d6580000,0x00000000d67df318,0x00000000d6800000)
  to   space 4608K, 0% used [0x00000000d6a00000,0x00000000d6a00000,0x00000000d6e80000)
 ParOldGen       total 68608K, used 65401K [0x0000000080000000, 0x0000000084300000, 0x00000000d5580000)
  object space 68608K, 95% used [0x0000000080000000,0x0000000083fde5c0,0x0000000084300000)
 Metaspace       used 48513K, committed 49792K, reserved 1114112K
  class space    used 5240K, committed 5824K, reserved 1048576K

Card table byte_map: [0x000002dab34a0000,0x000002dab38b0000] _byte_map_base: 0x000002dab30a0000

Marking Bits: (ParMarkBitMap*) 0x00007ffa080d3450
 Begin Bits: [0x000002dac5fb0000, 0x000002dac7fb0000)
 End Bits:   [0x000002dac7fb0000, 0x000002dac9fb0000)

Polling page: 0x000002dab1860000

Metaspace:

Usage:
  Non-class:     42.26 MB used.
      Class:      5.12 MB used.
       Both:     47.38 MB used.

Virtual space:
  Non-class space:       64.00 MB reserved,      42.94 MB ( 67%) committed,  1 nodes.
      Class space:        1.00 GB reserved,       5.69 MB ( <1%) committed,  1 nodes.
             Both:        1.06 GB reserved,      48.62 MB (  4%) committed. 

Chunk freelists:
   Non-Class:  4.75 MB
       Class:  10.22 MB
        Both:  14.97 MB

MaxMetaspaceSize: unlimited
CompressedClassSpaceSize: 1.00 GB
Initial GC threshold: 21.00 MB
Current GC threshold: 58.38 MB
CDS: on
 - commit_granule_bytes: 65536.
 - commit_granule_words: 8192.
 - virtual_space_node_default_size: 8388608.
 - enlarge_chunks_in_place: 1.
 - use_allocation_guard: 0.


Internal statistics:

num_allocs_failed_limit: 6.
num_arena_births: 1026.
num_arena_deaths: 14.
num_vsnodes_births: 2.
num_vsnodes_deaths: 0.
num_space_committed: 778.
num_space_uncommitted: 0.
num_chunks_returned_to_freelist: 20.
num_chunks_taken_from_freelist: 3246.
num_chunk_merges: 12.
num_chunk_splits: 2015.
num_chunks_enlarged: 1136.
num_inconsistent_stats: 0.

CodeHeap 'non-profiled nmethods': size=120000Kb used=3796Kb max_used=3796Kb free=116203Kb
 bounds [0x000002dabe7d0000, 0x000002dabeb90000, 0x000002dac5d00000]
CodeHeap 'profiled nmethods': size=120000Kb used=14881Kb max_used=14881Kb free=105118Kb
 bounds [0x000002dab6d00000, 0x000002dab7b90000, 0x000002dabe230000]
CodeHeap 'non-nmethods': size=5760Kb used=1405Kb max_used=1471Kb free=4354Kb
 bounds [0x000002dabe230000, 0x000002dabe4a0000, 0x000002dabe7d0000]
CodeCache: size=245760Kb, used=20082Kb, max_used=20148Kb, free=225675Kb
 total_blobs=7678, nmethods=6988, adapters=595, full_count=0
Compilation: enabled, stopped_count=0, restarted_count=0

Compilation events (20 events):
Event: 8.621 Thread 0x000002db1104a600 7577       3       org.eclipse.jdt.internal.compiler.util.SoftClassCache$JdkClasses$$Lambda/0x000002dacc45f998::apply (12 bytes)
Event: 8.621 Thread 0x000002db1104a600 nmethod 7577 0x000002dab7b7b010 code [0x000002dab7b7b1c0, 0x000002dab7b7b510]
Event: 8.621 Thread 0x000002db1104a600 7579       1       org.eclipse.jdt.internal.compiler.classfmt.FieldInfoWithAnnotation::getAnnotations (5 bytes)
Event: 8.622 Thread 0x000002db1104a600 nmethod 7579 0x000002dabeb82990 code [0x000002dabeb82b20, 0x000002dabeb82be8]
Event: 8.626 Thread 0x000002db121c7c10 nmethod 7565 0x000002dabeb82c90 code [0x000002dabeb82e80, 0x000002dabeb839b8]
Event: 8.626 Thread 0x000002db121c7c10 7562       4       org.eclipse.jdt.core.compiler.CharOperation::concatWith (127 bytes)
Event: 8.631 Thread 0x000002db1104a600 7581       3       org.eclipse.jdt.internal.compiler.util.JRTUtil::getClassfileContent (29 bytes)
Event: 8.632 Thread 0x000002db1104a600 nmethod 7581 0x000002dab7b7b610 code [0x000002dab7b7b800, 0x000002dab7b7bcc8]
Event: 8.640 Thread 0x000002db1104a600 7583       2       sun.nio.fs.WindowsPath::needsSlashWhenResolving (37 bytes)
Event: 8.640 Thread 0x000002db1104a600 nmethod 7583 0x000002dab7b7bf10 code [0x000002dab7b7c0c0, 0x000002dab7b7c2b8]
Event: 8.641 Thread 0x000002db1104a600 7584       2       org.eclipse.jdt.ls.core.internal.managers.BasicFileDetector::isExcluded (107 bytes)
Event: 8.641 Thread 0x000002db1104a600 nmethod 7584 0x000002dab7b7c490 code [0x000002dab7b7c780, 0x000002dab7b7d008]
Event: 8.645 Thread 0x000002db1104a600 7585   !   2       java.nio.file.FileTreeWalker::pop (35 bytes)
Event: 8.645 Thread 0x000002db1104a600 nmethod 7585 0x000002dab7b7d690 code [0x000002dab7b7d860, 0x000002dab7b7db28]
Event: 8.691 Thread 0x000002db1104a600 7587       3       java.util.ArrayDeque$DeqIterator::next (62 bytes)
Event: 8.692 Thread 0x000002db1104a600 nmethod 7587 0x000002dab7b7dd10 code [0x000002dab7b7df00, 0x000002dab7b7e368]
Event: 8.692 Thread 0x000002db1104a600 7589   !   3       sun.nio.fs.WindowsFileSystemProvider::isSameFile (180 bytes)
Event: 9.039 Thread 0x000002db1104a600 nmethod 7589 0x000002dab7b7e590 code [0x000002dab7b7e940, 0x000002dab7b80168]
Event: 9.039 Thread 0x000002db1104a600 7588       3       sun.nio.fs.WindowsFileAttributes::isSameFile (39 bytes)
Event: 9.039 Thread 0x000002db1104a600 nmethod 7588 0x000002dab7b80a90 code [0x000002dab7b80c40, 0x000002dab7b80df8]

GC Heap History (20 events):
Event: 7.690 GC heap before
{Heap before GC invocations=23 (full 2):
 PSYoungGen      total 23040K, used 23008K [0x00000000d5580000, 0x00000000d7500000, 0x0000000100000000)
  eden space 20992K, 100% used [0x00000000d5580000,0x00000000d6a00000,0x00000000d6a00000)
  from space 2048K, 98% used [0x00000000d6f00000,0x00000000d70f8010,0x00000000d7100000)
  to   space 5120K, 0% used [0x00000000d6a00000,0x00000000d6a00000,0x00000000d6f00000)
 ParOldGen       total 68608K, used 34887K [0x0000000080000000, 0x0000000084300000, 0x00000000d5580000)
  object space 68608K, 50% used [0x0000000080000000,0x0000000082211c90,0x0000000084300000)
 Metaspace       used 43710K, committed 44992K, reserved 1114112K
  class space    used 4670K, committed 5248K, reserved 1048576K
}
Event: 7.694 GC heap after
{Heap after GC invocations=23 (full 2):
 PSYoungGen      total 23040K, used 1984K [0x00000000d5580000, 0x00000000d7000000, 0x0000000100000000)
  eden space 20992K, 0% used [0x00000000d5580000,0x00000000d5580000,0x00000000d6a00000)
  from space 2048K, 96% used [0x00000000d6a00000,0x00000000d6bf0000,0x00000000d6c00000)
  to   space 3072K, 0% used [0x00000000d6d00000,0x00000000d6d00000,0x00000000d7000000)
 ParOldGen       total 68608K, used 36919K [0x0000000080000000, 0x0000000084300000, 0x00000000d5580000)
  object space 68608K, 53% used [0x0000000080000000,0x000000008240dca0,0x0000000084300000)
 Metaspace       used 43710K, committed 44992K, reserved 1114112K
  class space    used 4670K, committed 5248K, reserved 1048576K
}
Event: 7.742 GC heap before
{Heap before GC invocations=24 (full 2):
 PSYoungGen      total 23040K, used 22976K [0x00000000d5580000, 0x00000000d7000000, 0x0000000100000000)
  eden space 20992K, 100% used [0x00000000d5580000,0x00000000d6a00000,0x00000000d6a00000)
  from space 2048K, 96% used [0x00000000d6a00000,0x00000000d6bf0000,0x00000000d6c00000)
  to   space 3072K, 0% used [0x00000000d6d00000,0x00000000d6d00000,0x00000000d7000000)
 ParOldGen       total 68608K, used 36919K [0x0000000080000000, 0x0000000084300000, 0x00000000d5580000)
  object space 68608K, 53% used [0x0000000080000000,0x000000008240dca0,0x0000000084300000)
 Metaspace       used 44064K, committed 45312K, reserved 1114112K
  class space    used 4716K, committed 5312K, reserved 1048576K
}
Event: 7.746 GC heap after
{Heap after GC invocations=24 (full 2):
 PSYoungGen      total 23552K, used 2272K [0x00000000d5580000, 0x00000000d6f80000, 0x0000000100000000)
  eden space 20992K, 0% used [0x00000000d5580000,0x00000000d5580000,0x00000000d6a00000)
  from space 2560K, 88% used [0x00000000d6d00000,0x00000000d6f38010,0x00000000d6f80000)
  to   space 2560K, 0% used [0x00000000d6a80000,0x00000000d6a80000,0x00000000d6d00000)
 ParOldGen       total 68608K, used 38795K [0x0000000080000000, 0x0000000084300000, 0x00000000d5580000)
  object space 68608K, 56% used [0x0000000080000000,0x00000000825e2cb0,0x0000000084300000)
 Metaspace       used 44064K, committed 45312K, reserved 1114112K
  class space    used 4716K, committed 5312K, reserved 1048576K
}
Event: 7.800 GC heap before
{Heap before GC invocations=25 (full 2):
 PSYoungGen      total 23552K, used 23264K [0x00000000d5580000, 0x00000000d6f80000, 0x0000000100000000)
  eden space 20992K, 100% used [0x00000000d5580000,0x00000000d6a00000,0x00000000d6a00000)
  from space 2560K, 88% used [0x00000000d6d00000,0x00000000d6f38010,0x00000000d6f80000)
  to   space 2560K, 0% used [0x00000000d6a80000,0x00000000d6a80000,0x00000000d6d00000)
 ParOldGen       total 68608K, used 38795K [0x0000000080000000, 0x0000000084300000, 0x00000000d5580000)
  object space 68608K, 56% used [0x0000000080000000,0x00000000825e2cb0,0x0000000084300000)
 Metaspace       used 44589K, committed 45824K, reserved 1114112K
  class space    used 4781K, committed 5376K, reserved 1048576K
}
Event: 7.804 GC heap after
{Heap after GC invocations=25 (full 2):
 PSYoungGen      total 23552K, used 2180K [0x00000000d5580000, 0x00000000d6f00000, 0x0000000100000000)
  eden space 20992K, 0% used [0x00000000d5580000,0x00000000d5580000,0x00000000d6a00000)
  from space 2560K, 85% used [0x00000000d6a80000,0x00000000d6ca1330,0x00000000d6d00000)
  to   space 2048K, 0% used [0x00000000d6d00000,0x00000000d6d00000,0x00000000d6f00000)
 ParOldGen       total 68608K, used 40939K [0x0000000080000000, 0x0000000084300000, 0x00000000d5580000)
  object space 68608K, 59% used [0x0000000080000000,0x00000000827facc0,0x0000000084300000)
 Metaspace       used 44589K, committed 45824K, reserved 1114112K
  class space    used 4781K, committed 5376K, reserved 1048576K
}
Event: 7.974 GC heap before
{Heap before GC invocations=26 (full 2):
 PSYoungGen      total 23552K, used 23172K [0x00000000d5580000, 0x00000000d6f00000, 0x0000000100000000)
  eden space 20992K, 100% used [0x00000000d5580000,0x00000000d6a00000,0x00000000d6a00000)
  from space 2560K, 85% used [0x00000000d6a80000,0x00000000d6ca1330,0x00000000d6d00000)
  to   space 2048K, 0% used [0x00000000d6d00000,0x00000000d6d00000,0x00000000d6f00000)
 ParOldGen       total 68608K, used 40939K [0x0000000080000000, 0x0000000084300000, 0x00000000d5580000)
  object space 68608K, 59% used [0x0000000080000000,0x00000000827facc0,0x0000000084300000)
 Metaspace       used 45885K, committed 47168K, reserved 1114112K
  class space    used 4957K, committed 5568K, reserved 1048576K
}
Event: 7.978 GC heap after
{Heap after GC invocations=26 (full 2):
 PSYoungGen      total 20480K, used 2027K [0x00000000d5580000, 0x00000000d7500000, 0x0000000100000000)
  eden space 18432K, 0% used [0x00000000d5580000,0x00000000d5580000,0x00000000d6780000)
  from space 2048K, 99% used [0x00000000d6d00000,0x00000000d6efaff0,0x00000000d6f00000)
  to   space 5632K, 0% used [0x00000000d6780000,0x00000000d6780000,0x00000000d6d00000)
 ParOldGen       total 68608K, used 43997K [0x0000000080000000, 0x0000000084300000, 0x00000000d5580000)
  object space 68608K, 64% used [0x0000000080000000,0x0000000082af74e8,0x0000000084300000)
 Metaspace       used 45885K, committed 47168K, reserved 1114112K
  class space    used 4957K, committed 5568K, reserved 1048576K
}
Event: 8.106 GC heap before
{Heap before GC invocations=27 (full 2):
 PSYoungGen      total 20480K, used 20459K [0x00000000d5580000, 0x00000000d7500000, 0x0000000100000000)
  eden space 18432K, 100% used [0x00000000d5580000,0x00000000d6780000,0x00000000d6780000)
  from space 2048K, 99% used [0x00000000d6d00000,0x00000000d6efaff0,0x00000000d6f00000)
  to   space 5632K, 0% used [0x00000000d6780000,0x00000000d6780000,0x00000000d6d00000)
 ParOldGen       total 68608K, used 43997K [0x0000000080000000, 0x0000000084300000, 0x00000000d5580000)
  object space 68608K, 64% used [0x0000000080000000,0x0000000082af74e8,0x0000000084300000)
 Metaspace       used 46960K, committed 48320K, reserved 1114112K
  class space    used 5081K, committed 5696K, reserved 1048576K
}
Event: 8.109 GC heap after
{Heap after GC invocations=27 (full 2):
 PSYoungGen      total 21504K, used 2686K [0x00000000d5580000, 0x00000000d6e80000, 0x0000000100000000)
  eden space 18432K, 0% used [0x00000000d5580000,0x00000000d5580000,0x00000000d6780000)
  from space 3072K, 87% used [0x00000000d6780000,0x00000000d6a1fbe8,0x00000000d6a80000)
  to   space 3584K, 0% used [0x00000000d6b00000,0x00000000d6b00000,0x00000000d6e80000)
 ParOldGen       total 68608K, used 46005K [0x0000000080000000, 0x0000000084300000, 0x00000000d5580000)
  object space 68608K, 67% used [0x0000000080000000,0x0000000082ced418,0x0000000084300000)
 Metaspace       used 46960K, committed 48320K, reserved 1114112K
  class space    used 5081K, committed 5696K, reserved 1048576K
}
Event: 8.223 GC heap before
{Heap before GC invocations=28 (full 2):
 PSYoungGen      total 21504K, used 21118K [0x00000000d5580000, 0x00000000d6e80000, 0x0000000100000000)
  eden space 18432K, 100% used [0x00000000d5580000,0x00000000d6780000,0x00000000d6780000)
  from space 3072K, 87% used [0x00000000d6780000,0x00000000d6a1fbe8,0x00000000d6a80000)
  to   space 3584K, 0% used [0x00000000d6b00000,0x00000000d6b00000,0x00000000d6e80000)
 ParOldGen       total 68608K, used 46005K [0x0000000080000000, 0x0000000084300000, 0x00000000d5580000)
  object space 68608K, 67% used [0x0000000080000000,0x0000000082ced418,0x0000000084300000)
 Metaspace       used 47843K, committed 49088K, reserved 1114112K
  class space    used 5190K, committed 5760K, reserved 1048576K
}
Event: 8.226 GC heap after
{Heap after GC invocations=28 (full 2):
 PSYoungGen      total 21504K, used 2989K [0x00000000d5580000, 0x00000000d6e00000, 0x0000000100000000)
  eden space 18432K, 0% used [0x00000000d5580000,0x00000000d5580000,0x00000000d6780000)
  from space 3072K, 97% used [0x00000000d6b00000,0x00000000d6deb468,0x00000000d6e00000)
  to   space 3072K, 0% used [0x00000000d6780000,0x00000000d6780000,0x00000000d6a80000)
 ParOldGen       total 68608K, used 48497K [0x0000000080000000, 0x0000000084300000, 0x00000000d5580000)
  object space 68608K, 70% used [0x0000000080000000,0x0000000082f5c5b8,0x0000000084300000)
 Metaspace       used 47843K, committed 49088K, reserved 1114112K
  class space    used 5190K, committed 5760K, reserved 1048576K
}
Event: 8.288 GC heap before
{Heap before GC invocations=29 (full 2):
 PSYoungGen      total 21504K, used 21419K [0x00000000d5580000, 0x00000000d6e00000, 0x0000000100000000)
  eden space 18432K, 99% used [0x00000000d5580000,0x00000000d677f7a8,0x00000000d6780000)
  from space 3072K, 97% used [0x00000000d6b00000,0x00000000d6deb468,0x00000000d6e00000)
  to   space 3072K, 0% used [0x00000000d6780000,0x00000000d6780000,0x00000000d6a80000)
 ParOldGen       total 68608K, used 48497K [0x0000000080000000, 0x0000000084300000, 0x00000000d5580000)
  object space 68608K, 70% used [0x0000000080000000,0x0000000082f5c5b8,0x0000000084300000)
 Metaspace       used 48252K, committed 49536K, reserved 1114112K
  class space    used 5227K, committed 5824K, reserved 1048576K
}
Event: 8.292 GC heap after
{Heap after GC invocations=29 (full 2):
 PSYoungGen      total 21504K, used 3068K [0x00000000d5580000, 0x00000000d7580000, 0x0000000100000000)
  eden space 18432K, 0% used [0x00000000d5580000,0x00000000d5580000,0x00000000d6780000)
  from space 3072K, 99% used [0x00000000d6780000,0x00000000d6a7f160,0x00000000d6a80000)
  to   space 7168K, 0% used [0x00000000d6e80000,0x00000000d6e80000,0x00000000d7580000)
 ParOldGen       total 68608K, used 51717K [0x0000000080000000, 0x0000000084300000, 0x00000000d5580000)
  object space 68608K, 75% used [0x0000000080000000,0x0000000083281760,0x0000000084300000)
 Metaspace       used 48252K, committed 49536K, reserved 1114112K
  class space    used 5227K, committed 5824K, reserved 1048576K
}
Event: 8.377 GC heap before
{Heap before GC invocations=30 (full 2):
 PSYoungGen      total 21504K, used 21500K [0x00000000d5580000, 0x00000000d7580000, 0x0000000100000000)
  eden space 18432K, 100% used [0x00000000d5580000,0x00000000d6780000,0x00000000d6780000)
  from space 3072K, 99% used [0x00000000d6780000,0x00000000d6a7f160,0x00000000d6a80000)
  to   space 7168K, 0% used [0x00000000d6e80000,0x00000000d6e80000,0x00000000d7580000)
 ParOldGen       total 68608K, used 51717K [0x0000000080000000, 0x0000000084300000, 0x00000000d5580000)
  object space 68608K, 75% used [0x0000000080000000,0x0000000083281760,0x0000000084300000)
 Metaspace       used 48477K, committed 49728K, reserved 1114112K
  class space    used 5240K, committed 5824K, reserved 1048576K
}
Event: 8.380 GC heap after
{Heap after GC invocations=30 (full 2):
 PSYoungGen      total 22528K, used 3660K [0x00000000d5580000, 0x00000000d7280000, 0x0000000100000000)
  eden space 18432K, 0% used [0x00000000d5580000,0x00000000d5580000,0x00000000d6780000)
  from space 4096K, 89% used [0x00000000d6e80000,0x00000000d7213248,0x00000000d7280000)
  to   space 4608K, 0% used [0x00000000d6980000,0x00000000d6980000,0x00000000d6e00000)
 ParOldGen       total 68608K, used 54603K [0x0000000080000000, 0x0000000084300000, 0x00000000d5580000)
  object space 68608K, 79% used [0x0000000080000000,0x0000000083552e28,0x0000000084300000)
 Metaspace       used 48477K, committed 49728K, reserved 1114112K
  class space    used 5240K, committed 5824K, reserved 1048576K
}
Event: 8.517 GC heap before
{Heap before GC invocations=31 (full 2):
 PSYoungGen      total 22528K, used 22092K [0x00000000d5580000, 0x00000000d7280000, 0x0000000100000000)
  eden space 18432K, 100% used [0x00000000d5580000,0x00000000d6780000,0x00000000d6780000)
  from space 4096K, 89% used [0x00000000d6e80000,0x00000000d7213248,0x00000000d7280000)
  to   space 4608K, 0% used [0x00000000d6980000,0x00000000d6980000,0x00000000d6e00000)
 ParOldGen       total 68608K, used 54603K [0x0000000080000000, 0x0000000084300000, 0x00000000d5580000)
  object space 68608K, 79% used [0x0000000080000000,0x0000000083552e28,0x0000000084300000)
 Metaspace       used 48487K, committed 49728K, reserved 1114112K
  class space    used 5240K, committed 5824K, reserved 1048576K
}
Event: 8.522 GC heap after
{Heap after GC invocations=31 (full 2):
 PSYoungGen      total 22528K, used 4006K [0x00000000d5580000, 0x00000000d7080000, 0x0000000100000000)
  eden space 18432K, 0% used [0x00000000d5580000,0x00000000d5580000,0x00000000d6780000)
  from space 4096K, 97% used [0x00000000d6980000,0x00000000d6d69b78,0x00000000d6d80000)
  to   space 3072K, 0% used [0x00000000d6d80000,0x00000000d6d80000,0x00000000d7080000)
 ParOldGen       total 68608K, used 58035K [0x0000000080000000, 0x0000000084300000, 0x00000000d5580000)
  object space 68608K, 84% used [0x0000000080000000,0x00000000838acd08,0x0000000084300000)
 Metaspace       used 48487K, committed 49728K, reserved 1114112K
  class space    used 5240K, committed 5824K, reserved 1048576K
}
Event: 8.604 GC heap before
{Heap before GC invocations=32 (full 2):
 PSYoungGen      total 22528K, used 22438K [0x00000000d5580000, 0x00000000d7080000, 0x0000000100000000)
  eden space 18432K, 100% used [0x00000000d5580000,0x00000000d6780000,0x00000000d6780000)
  from space 4096K, 97% used [0x00000000d6980000,0x00000000d6d69b78,0x00000000d6d80000)
  to   space 3072K, 0% used [0x00000000d6d80000,0x00000000d6d80000,0x00000000d7080000)
 ParOldGen       total 68608K, used 58035K [0x0000000080000000, 0x0000000084300000, 0x00000000d5580000)
  object space 68608K, 84% used [0x0000000080000000,0x00000000838acd08,0x0000000084300000)
 Metaspace       used 48496K, committed 49792K, reserved 1114112K
  class space    used 5240K, committed 5824K, reserved 1048576K
}
Event: 8.608 GC heap after
{Heap after GC invocations=32 (full 2):
 PSYoungGen      total 19456K, used 3071K [0x00000000d5580000, 0x00000000d7780000, 0x0000000100000000)
  eden space 16384K, 0% used [0x00000000d5580000,0x00000000d5580000,0x00000000d6580000)
  from space 3072K, 99% used [0x00000000d6d80000,0x00000000d707fe80,0x00000000d7080000)
  to   space 8192K, 0% used [0x00000000d6580000,0x00000000d6580000,0x00000000d6d80000)
 ParOldGen       total 68608K, used 62466K [0x0000000080000000, 0x0000000084300000, 0x00000000d5580000)
  object space 68608K, 91% used [0x0000000080000000,0x0000000083d00900,0x0000000084300000)
 Metaspace       used 48496K, committed 49792K, reserved 1114112K
  class space    used 5240K, committed 5824K, reserved 1048576K
}

Dll operation events (10 events):
Event: 0.013 Loaded shared library c:\Users\LENOVO\.antigravity\extensions\redhat.java-1.54.0-win32-x64\jre\21.0.10-win32-x86_64\bin\java.dll
Event: 0.149 Loaded shared library c:\Users\LENOVO\.antigravity\extensions\redhat.java-1.54.0-win32-x64\jre\21.0.10-win32-x86_64\bin\zip.dll
Event: 0.175 Loaded shared library C:\Users\LENOVO\.antigravity\extensions\redhat.java-1.54.0-win32-x64\jre\21.0.10-win32-x86_64\bin\instrument.dll
Event: 0.180 Loaded shared library C:\Users\LENOVO\.antigravity\extensions\redhat.java-1.54.0-win32-x64\jre\21.0.10-win32-x86_64\bin\net.dll
Event: 0.183 Loaded shared library C:\Users\LENOVO\.antigravity\extensions\redhat.java-1.54.0-win32-x64\jre\21.0.10-win32-x86_64\bin\nio.dll
Event: 0.186 Loaded shared library C:\Users\LENOVO\.antigravity\extensions\redhat.java-1.54.0-win32-x64\jre\21.0.10-win32-x86_64\bin\zip.dll
Event: 0.224 Loaded shared library C:\Users\LENOVO\.antigravity\extensions\redhat.java-1.54.0-win32-x64\jre\21.0.10-win32-x86_64\bin\jimage.dll
Event: 0.325 Loaded shared library c:\Users\LENOVO\.antigravity\extensions\redhat.java-1.54.0-win32-x64\jre\21.0.10-win32-x86_64\bin\verify.dll
Event: 1.810 Loaded shared library C:\Users\LENOVO\AppData\Roaming\Antigravity\User\globalStorage\redhat.java\1.54.0\config_win\org.eclipse.equinox.launcher\org.eclipse.equinox.launcher.win32.win32.x86_64_1.3.0.v20260203-2149\eclipse_11919.dll
Event: 5.064 Loaded shared library C:\Users\LENOVO\AppData\Local\Temp\jna--2053026509\jna8016323281787070946.dll

Deoptimization events (20 events):
Event: 8.551 Thread 0x000002db11f4a260 DEOPT PACKING pc=0x000002dab7a53bbf sp=0x000000e8f8cfeaa0
Event: 8.551 Thread 0x000002db11f4a260 DEOPT UNPACKING pc=0x000002dabe2878e2 sp=0x000000e8f8cfdf68 mode 0
Event: 8.557 Thread 0x000002db11f4a260 Uncommon trap: trap_request=0xffffffde fr.pc=0x000002dabeb75fb0 relative=0x0000000000000430
Event: 8.557 Thread 0x000002db11f4a260 Uncommon trap: reason=class_check action=maybe_recompile pc=0x000002dabeb75fb0 method=java.util.regex.Pattern$SliceU.match(Ljava/util/regex/Matcher;ILjava/lang/CharSequence;)Z @ 95 c2
Event: 8.557 Thread 0x000002db11f4a260 DEOPT PACKING pc=0x000002dabeb75fb0 sp=0x000000e8f8cfea20
Event: 8.557 Thread 0x000002db11f4a260 DEOPT UNPACKING pc=0x000002dabe286da2 sp=0x000000e8f8cfe9a8 mode 2
Event: 8.575 Thread 0x000002db11f4a260 DEOPT PACKING pc=0x000002dab7aefaf2 sp=0x000000e8f8cfe9e0
Event: 8.575 Thread 0x000002db11f4a260 DEOPT UNPACKING pc=0x000002dabe2878e2 sp=0x000000e8f8cfdf00 mode 0
Event: 8.576 Thread 0x000002db11f48eb0 DEOPT PACKING pc=0x000002dab79ce163 sp=0x000000e8f88febc0
Event: 8.576 Thread 0x000002db11f48eb0 DEOPT UNPACKING pc=0x000002dabe2878e2 sp=0x000000e8f88fe128 mode 0
Event: 8.581 Thread 0x000002db11f4a260 DEOPT PACKING pc=0x000002dab7aea93d sp=0x000000e8f8cfe920
Event: 8.581 Thread 0x000002db11f4a260 DEOPT UNPACKING pc=0x000002dabe2878e2 sp=0x000000e8f8cfde00 mode 0
Event: 8.587 Thread 0x000002db11f48eb0 DEOPT PACKING pc=0x000002dab79ce163 sp=0x000000e8f88febc0
Event: 8.587 Thread 0x000002db11f48eb0 DEOPT UNPACKING pc=0x000002dabe2878e2 sp=0x000000e8f88fe128 mode 0
Event: 8.593 Thread 0x000002db11f48eb0 DEOPT PACKING pc=0x000002dab79ce163 sp=0x000000e8f88febc0
Event: 8.593 Thread 0x000002db11f48eb0 DEOPT UNPACKING pc=0x000002dabe2878e2 sp=0x000000e8f88fe128 mode 0
Event: 8.624 Thread 0x000002db11f48eb0 DEOPT PACKING pc=0x000002dab79ce163 sp=0x000000e8f88febc0
Event: 8.624 Thread 0x000002db11f48eb0 DEOPT UNPACKING pc=0x000002dabe2878e2 sp=0x000000e8f88fe128 mode 0
Event: 8.629 Thread 0x000002db11f48eb0 DEOPT PACKING pc=0x000002dab79ce163 sp=0x000000e8f88febc0
Event: 8.629 Thread 0x000002db11f48eb0 DEOPT UNPACKING pc=0x000002dabe2878e2 sp=0x000000e8f88fe128 mode 0

Classes loaded (20 events):
Event: 8.273 Loading class java/util/TreeMap$ValueSpliterator
Event: 8.273 Loading class java/util/TreeMap$TreeMapSpliterator
Event: 8.273 Loading class java/util/TreeMap$TreeMapSpliterator done
Event: 8.273 Loading class java/util/TreeMap$ValueSpliterator done
Event: 8.282 Loading class java/util/concurrent/Executors$DelegatedScheduledExecutorService
Event: 8.282 Loading class java/util/concurrent/Executors$DelegatedExecutorService
Event: 8.282 Loading class java/util/concurrent/Executors$DelegatedExecutorService done
Event: 8.282 Loading class java/util/concurrent/Executors$DelegatedScheduledExecutorService done
Event: 8.306 Loading class java/util/concurrent/CompletionException
Event: 8.306 Loading class java/util/concurrent/CompletionException done
Event: 8.313 Loading class java/nio/file/FileTreeWalker$1
Event: 8.313 Loading class java/nio/file/FileTreeWalker$1 done
Event: 8.314 Loading class sun/nio/fs/Globs
Event: 8.314 Loading class sun/nio/fs/Globs done
Event: 8.315 Loading class java/util/regex/Pattern$SliceU
Event: 8.315 Loading class java/util/regex/Pattern$SliceU done
Event: 8.315 Loading class sun/nio/fs/WindowsFileSystem$2
Event: 8.315 Loading class java/nio/file/PathMatcher
Event: 8.315 Loading class java/nio/file/PathMatcher done
Event: 8.315 Loading class sun/nio/fs/WindowsFileSystem$2 done

Classes unloaded (7 events):
Event: 5.513 Thread 0x000002dab3a71de0 Unloading class 0x000002dacc1aac00 'java/lang/invoke/LambdaForm$MH+0x000002dacc1aac00'
Event: 5.513 Thread 0x000002dab3a71de0 Unloading class 0x000002dacc1aa800 'java/lang/invoke/LambdaForm$MH+0x000002dacc1aa800'
Event: 5.513 Thread 0x000002dab3a71de0 Unloading class 0x000002dacc1aa400 'java/lang/invoke/LambdaForm$MH+0x000002dacc1aa400'
Event: 5.513 Thread 0x000002dab3a71de0 Unloading class 0x000002dacc1aa000 'java/lang/invoke/LambdaForm$MH+0x000002dacc1aa000'
Event: 5.513 Thread 0x000002dab3a71de0 Unloading class 0x000002dacc1a9c00 'java/lang/invoke/LambdaForm$BMH+0x000002dacc1a9c00'
Event: 5.513 Thread 0x000002dab3a71de0 Unloading class 0x000002dacc1a9800 'java/lang/invoke/LambdaForm$DMH+0x000002dacc1a9800'
Event: 5.513 Thread 0x000002dab3a71de0 Unloading class 0x000002dacc1a8400 'java/lang/invoke/LambdaForm$DMH+0x000002dacc1a8400'

Classes redefined (0 events):
No events

Internal exceptions (20 events):
Event: 8.782 Thread 0x000002db11f4a260 Exception <a 'sun/nio/fs/WindowsException'{0x00000000d6168530}> (0x00000000d6168530) 
thrown [s\src\hotspot\share\prims\jni.cpp, line 520]
Event: 8.782 Thread 0x000002db11f4a260 Exception <a 'sun/nio/fs/WindowsException'{0x00000000d6168c10}> (0x00000000d6168c10) 
thrown [s\src\hotspot\share\prims\jni.cpp, line 520]
Event: 8.782 Thread 0x000002db11f4a260 Exception <a 'sun/nio/fs/WindowsException'{0x00000000d61692f0}> (0x00000000d61692f0) 
thrown [s\src\hotspot\share\prims\jni.cpp, line 520]
Event: 8.782 Thread 0x000002db11f4a260 Exception <a 'sun/nio/fs/WindowsException'{0x00000000d61699e8}> (0x00000000d61699e8) 
thrown [s\src\hotspot\share\prims\jni.cpp, line 520]
Event: 8.782 Thread 0x000002db11f4a260 Exception <a 'sun/nio/fs/WindowsException'{0x00000000d616e3f0}> (0x00000000d616e3f0) 
thrown [s\src\hotspot\share\prims\jni.cpp, line 520]
Event: 8.782 Thread 0x000002db11f4a260 Exception <a 'sun/nio/fs/WindowsException'{0x00000000d616eaa8}> (0x00000000d616eaa8) 
thrown [s\src\hotspot\share\prims\jni.cpp, line 520]
Event: 8.782 Thread 0x000002db11f4a260 Exception <a 'sun/nio/fs/WindowsException'{0x00000000d616f168}> (0x00000000d616f168) 
thrown [s\src\hotspot\share\prims\jni.cpp, line 520]
Event: 8.782 Thread 0x000002db11f4a260 Exception <a 'sun/nio/fs/WindowsException'{0x00000000d616f838}> (0x00000000d616f838) 
thrown [s\src\hotspot\share\prims\jni.cpp, line 520]
Event: 8.782 Thread 0x000002db11f4a260 Exception <a 'sun/nio/fs/WindowsException'{0x00000000d6174580}> (0x00000000d6174580) 
thrown [s\src\hotspot\share\prims\jni.cpp, line 520]
Event: 8.782 Thread 0x000002db11f4a260 Exception <a 'sun/nio/fs/WindowsException'{0x00000000d6174c40}> (0x00000000d6174c40) 
thrown [s\src\hotspot\share\prims\jni.cpp, line 520]
Event: 8.783 Thread 0x000002db11f4a260 Exception <a 'sun/nio/fs/WindowsException'{0x00000000d6175578}> (0x00000000d6175578) 
thrown [s\src\hotspot\share\prims\jni.cpp, line 520]
Event: 8.783 Thread 0x000002db11f4a260 Exception <a 'sun/nio/fs/WindowsException'{0x00000000d6175c58}> (0x00000000d6175c58) 
thrown [s\src\hotspot\share\prims\jni.cpp, line 520]
Event: 8.783 Thread 0x000002db11f4a260 Exception <a 'sun/nio/fs/WindowsException'{0x00000000d61797b0}> (0x00000000d61797b0) 
thrown [s\src\hotspot\share\prims\jni.cpp, line 520]
Event: 8.783 Thread 0x000002db11f4a260 Exception <a 'sun/nio/fs/WindowsException'{0x00000000d6179e90}> (0x00000000d6179e90) 
thrown [s\src\hotspot\share\prims\jni.cpp, line 520]
Event: 8.783 Thread 0x000002db11f4a260 Exception <a 'sun/nio/fs/WindowsException'{0x00000000d617a570}> (0x00000000d617a570) 
thrown [s\src\hotspot\share\prims\jni.cpp, line 520]
Event: 8.783 Thread 0x000002db11f4a260 Exception <a 'sun/nio/fs/WindowsException'{0x00000000d617ac68}> (0x00000000d617ac68) 
thrown [s\src\hotspot\share\prims\jni.cpp, line 520]
Event: 8.784 Thread 0x000002db11f4a260 Exception <a 'sun/nio/fs/WindowsException'{0x00000000d617e6e8}> (0x00000000d617e6e8) 
thrown [s\src\hotspot\share\prims\jni.cpp, line 520]
Event: 8.784 Thread 0x000002db11f4a260 Exception <a 'sun/nio/fs/WindowsException'{0x00000000d617edf8}> (0x00000000d617edf8) 
thrown [s\src\hotspot\share\prims\jni.cpp, line 520]
Event: 8.784 Thread 0x000002db11f4a260 Exception <a 'sun/nio/fs/WindowsException'{0x00000000d617f508}> (0x00000000d617f508) 
thrown [s\src\hotspot\share\prims\jni.cpp, line 520]
Event: 8.784 Thread 0x000002db11f4a260 Exception <a 'sun/nio/fs/WindowsException'{0x00000000d617fc30}> (0x00000000d617fc30) 
thrown [s\src\hotspot\share\prims\jni.cpp, line 520]

ZGC Phase Switch (0 events):
No events

VM Operations (20 events):
Event: 7.788 Executing non-safepoint VM operation: HandshakeAllThreads (Deoptimize)
Event: 7.788 Executing non-safepoint VM operation: HandshakeAllThreads (Deoptimize) done
Event: 7.800 Executing safepoint VM operation: ParallelGCFailedAllocation (Allocation Failure)
Event: 7.804 Executing safepoint VM operation: ParallelGCFailedAllocation (Allocation Failure) done
Event: 7.974 Executing safepoint VM operation: ParallelGCFailedAllocation (Allocation Failure)
Event: 7.978 Executing safepoint VM operation: ParallelGCFailedAllocation (Allocation Failure) done
Event: 8.106 Executing safepoint VM operation: ParallelGCFailedAllocation (Allocation Failure)
Event: 8.110 Executing safepoint VM operation: ParallelGCFailedAllocation (Allocation Failure) done
Event: 8.120 Executing non-safepoint VM operation: HandshakeAllThreads (Deoptimize)
Event: 8.120 Executing non-safepoint VM operation: HandshakeAllThreads (Deoptimize) done
Event: 8.223 Executing safepoint VM operation: ParallelGCFailedAllocation (Allocation Failure)
Event: 8.226 Executing safepoint VM operation: ParallelGCFailedAllocation (Allocation Failure) done
Event: 8.288 Executing safepoint VM operation: ParallelGCFailedAllocation (Allocation Failure)
Event: 8.292 Executing safepoint VM operation: ParallelGCFailedAllocation (Allocation Failure) done
Event: 8.377 Executing safepoint VM operation: ParallelGCFailedAllocation (Allocation Failure)
Event: 8.381 Executing safepoint VM operation: ParallelGCFailedAllocation (Allocation Failure) done
Event: 8.516 Executing safepoint VM operation: ParallelGCFailedAllocation (Allocation Failure)
Event: 8.522 Executing safepoint VM operation: ParallelGCFailedAllocation (Allocation Failure) done
Event: 8.604 Executing safepoint VM operation: ParallelGCFailedAllocation (Allocation Failure)
Event: 8.608 Executing safepoint VM operation: ParallelGCFailedAllocation (Allocation Failure) done

Memory protections (0 events):
No events

Nmethod flushes (20 events):
Event: 6.580 Thread 0x000002dab3a71de0 flushing  nmethod 0x000002dab7316910
Event: 6.580 Thread 0x000002dab3a71de0 flushing  nmethod 0x000002dab7331490
Event: 6.580 Thread 0x000002dab3a71de0 flushing  nmethod 0x000002dab7372c10
Event: 6.580 Thread 0x000002dab3a71de0 flushing  nmethod 0x000002dab7373010
Event: 6.580 Thread 0x000002dab3a71de0 flushing  nmethod 0x000002dab7373910
Event: 6.580 Thread 0x000002dab3a71de0 flushing  nmethod 0x000002dab7374b10
Event: 6.580 Thread 0x000002dab3a71de0 flushing  nmethod 0x000002dab7375310
Event: 6.580 Thread 0x000002dab3a71de0 flushing  nmethod 0x000002dab7375a90
Event: 6.580 Thread 0x000002dab3a71de0 flushing  nmethod 0x000002dab7377b90
Event: 6.580 Thread 0x000002dab3a71de0 flushing  nmethod 0x000002dab7378490
Event: 6.580 Thread 0x000002dab3a71de0 flushing  nmethod 0x000002dab7379590
Event: 6.580 Thread 0x000002dab3a71de0 flushing  nmethod 0x000002dab7379a10
Event: 6.580 Thread 0x000002dab3a71de0 flushing  nmethod 0x000002dab7379f10
Event: 6.580 Thread 0x000002dab3a71de0 flushing  nmethod 0x000002dab737b590
Event: 6.580 Thread 0x000002dab3a71de0 flushing  nmethod 0x000002dab73b1b90
Event: 6.580 Thread 0x000002dab3a71de0 flushing  nmethod 0x000002dab73b3890
Event: 6.580 Thread 0x000002dab3a71de0 flushing  nmethod 0x000002dab73c2b90
Event: 6.580 Thread 0x000002dab3a71de0 flushing  nmethod 0x000002dab7437d90
Event: 6.580 Thread 0x000002dab3a71de0 flushing  nmethod 0x000002dab7459210
Event: 6.580 Thread 0x000002dab3a71de0 flushing  nmethod 0x000002dab746de90

Events (20 events):
Event: 5.186 Thread 0x000002db11c78210 Thread added: 0x000002db11f49540
Event: 5.200 Thread 0x000002db11c78210 Thread added: 0x000002db11f48190
Event: 5.559 Thread 0x000002db1104a600 Thread added: 0x000002db127f5660
Event: 6.121 Thread 0x000002db11c78210 Thread added: 0x000002db11f48eb0
Event: 6.315 Thread 0x000002db11f49540 Thread added: 0x000002db11f47b00
Event: 6.345 Thread 0x000002db11f47b00 Thread added: 0x000002db11f4a260
Event: 6.379 Thread 0x000002dab161b630 Thread added: 0x000002db11f49bd0
Event: 6.380 Thread 0x000002dab161b630 Thread added: 0x000002db11f4a8f0
Event: 6.380 Thread 0x000002dab161b630 Thread added: 0x000002db1400c9d0
Event: 6.380 Thread 0x000002dab161b630 Thread added: 0x000002db1400bcb0
Event: 6.380 Thread 0x000002dab161b630 Thread added: 0x000002db1400d060
Event: 6.381 Thread 0x000002dab161b630 Thread added: 0x000002db1400d6f0
Event: 6.381 Thread 0x000002dab161b630 Thread added: 0x000002db1400af90
Event: 6.381 Thread 0x000002dab161b630 Thread added: 0x000002db1400c340
Event: 6.381 Thread 0x000002dab161b630 Thread added: 0x000002db1400e410
Event: 6.407 Thread 0x000002dab161b630 Thread added: 0x000002db1400dd80
Event: 6.551 Thread 0x000002dab161b630 Thread added: 0x000002db1400b620
Event: 6.551 Thread 0x000002dab161b630 Thread added: 0x000002db1400f130
Event: 6.866 Thread 0x000002db11f47b00 Thread added: 0x000002db1400f7c0
Event: 8.284 Thread 0x000002db11f4a260 Thread added: 0x000002db140125b0


Dynamic libraries:
0x00007ff6b5b40000 - 0x00007ff6b5b4e000 	c:\Users\LENOVO\.antigravity\extensions\redhat.java-1.54.0-win32-x64\jre\21.0.10-win32-x86_64\bin\java.exe
0x00007ffac57c0000 - 0x00007ffac5a27000 	C:\WINDOWS\SYSTEM32\ntdll.dll
0x00007ffac4b10000 - 0x00007ffac4bd9000 	C:\WINDOWS\System32\KERNEL32.DLL
0x00007ffac2c20000 - 0x00007ffac3014000 	C:\WINDOWS\System32\KERNELBASE.dll
0x00007ffac3290000 - 0x00007ffac33db000 	C:\WINDOWS\System32\ucrtbase.dll
0x00007ffa9a730000 - 0x00007ffa9a748000 	c:\Users\LENOVO\.antigravity\extensions\redhat.java-1.54.0-win32-x64\jre\21.0.10-win32-x86_64\bin\jli.dll
0x00007ffac5510000 - 0x00007ffac56d5000 	C:\WINDOWS\System32\USER32.dll
0x00007ffac2bf0000 - 0x00007ffac2c17000 	C:\WINDOWS\System32\win32u.dll
0x00007ffa99500000 - 0x00007ffa9951e000 	c:\Users\LENOVO\.antigravity\extensions\redhat.java-1.54.0-win32-x64\jre\21.0.10-win32-x86_64\bin\VCRUNTIME140.dll
0x00007ffac48d0000 - 0x00007ffac48fb000 	C:\WINDOWS\System32\GDI32.dll
0x00007ffac3020000 - 0x00007ffac314b000 	C:\WINDOWS\System32\gdi32full.dll
0x00007ffaa6b20000 - 0x00007ffaa6db3000 	C:\WINDOWS\WinSxS\amd64_microsoft.windows.common-controls_6595b64144ccf1df_6.0.26100.8115_none_3e075c82e3354f9c\COMCTL32.dll
0x00007ffac34a0000 - 0x00007ffac3543000 	C:\WINDOWS\System32\msvcp_win.dll
0x00007ffac4a60000 - 0x00007ffac4b09000 	C:\WINDOWS\System32\msvcrt.dll
0x00007ffac3580000 - 0x00007ffac35b2000 	C:\WINDOWS\System32\IMM32.DLL
0x00007ffab1ee0000 - 0x00007ffab1eec000 	c:\Users\LENOVO\.antigravity\extensions\redhat.java-1.54.0-win32-x64\jre\21.0.10-win32-x86_64\bin\vcruntime140_1.dll
0x00007ffa3f800000 - 0x00007ffa3f88d000 	c:\Users\LENOVO\.antigravity\extensions\redhat.java-1.54.0-win32-x64\jre\21.0.10-win32-x86_64\bin\msvcp140.dll
0x00007ffa07410000 - 0x00007ffa081b1000 	c:\Users\LENOVO\.antigravity\extensions\redhat.java-1.54.0-win32-x64\jre\21.0.10-win32-x86_64\bin\server\jvm.dll
0x00007ffac4380000 - 0x00007ffac4436000 	C:\WINDOWS\System32\ADVAPI32.dll
0x00007ffac40b0000 - 0x00007ffac4157000 	C:\WINDOWS\System32\sechost.dll
0x00007ffac35c0000 - 0x00007ffac36d8000 	C:\WINDOWS\System32\RPCRT4.dll
0x00007ffac56f0000 - 0x00007ffac5770000 	C:\WINDOWS\System32\WS2_32.dll
0x00007ffac1ef0000 - 0x00007ffac1f4e000 	C:\WINDOWS\SYSTEM32\POWRPROF.dll
0x00007ffab97a0000 - 0x00007ffab97d6000 	C:\WINDOWS\SYSTEM32\WINMM.dll
0x00007ffab4520000 - 0x00007ffab452b000 	C:\WINDOWS\SYSTEM32\VERSION.dll
0x00007ffac1ed0000 - 0x00007ffac1ee4000 	C:\WINDOWS\SYSTEM32\UMPDC.dll
0x00007ffac0e20000 - 0x00007ffac0e3b000 	C:\WINDOWS\SYSTEM32\kernel.appcore.dll
0x00007ffab1c10000 - 0x00007ffab1c1a000 	c:\Users\LENOVO\.antigravity\extensions\redhat.java-1.54.0-win32-x64\jre\21.0.10-win32-x86_64\bin\jimage.dll
0x00007ffabd4e0000 - 0x00007ffabd722000 	C:\WINDOWS\SYSTEM32\DBGHELP.DLL
0x00007ffac4540000 - 0x00007ffac48c2000 	C:\WINDOWS\System32\combase.dll
0x00007ffac4160000 - 0x00007ffac4238000 	C:\WINDOWS\System32\OLEAUT32.dll
0x00007ffaa0c90000 - 0x00007ffaa0ccb000 	C:\WINDOWS\SYSTEM32\dbgcore.DLL
0x00007ffac31e0000 - 0x00007ffac3285000 	C:\WINDOWS\System32\bcryptPrimitives.dll
0x00007ffab1a80000 - 0x00007ffab1a8f000 	c:\Users\LENOVO\.antigravity\extensions\redhat.java-1.54.0-win32-x64\jre\21.0.10-win32-x86_64\bin\instrument.dll
0x00007ffa98710000 - 0x00007ffa98730000 	c:\Users\LENOVO\.antigravity\extensions\redhat.java-1.54.0-win32-x64\jre\21.0.10-win32-x86_64\bin\java.dll
0x00007ffac3940000 - 0x00007ffac40a7000 	C:\WINDOWS\System32\SHELL32.dll
0x00007ffac2a80000 - 0x00007ffac2bea000 	C:\WINDOWS\System32\wintypes.dll
0x00007ffac2210000 - 0x00007ffac2a78000 	C:\WINDOWS\System32\windows.storage.dll
0x00007ffac4280000 - 0x00007ffac4378000 	C:\WINDOWS\System32\SHCORE.dll
0x00007ffac4db0000 - 0x00007ffac4e16000 	C:\WINDOWS\System32\shlwapi.dll
0x00007ffac1fb0000 - 0x00007ffac1fd9000 	C:\WINDOWS\SYSTEM32\profapi.dll
0x00007ffa98080000 - 0x00007ffa98098000 	c:\Users\LENOVO\.antigravity\extensions\redhat.java-1.54.0-win32-x64\jre\21.0.10-win32-x86_64\bin\zip.dll
0x00007ffab1980000 - 0x00007ffab1990000 	C:\Users\LENOVO\.antigravity\extensions\redhat.java-1.54.0-win32-x64\jre\21.0.10-win32-x86_64\bin\net.dll
0x00007ffab4ca0000 - 0x00007ffab4dcd000 	C:\WINDOWS\SYSTEM32\WINHTTP.dll
0x00007ffac1390000 - 0x00007ffac13fc000 	C:\WINDOWS\system32\mswsock.dll
0x00007ffa97200000 - 0x00007ffa97216000 	C:\Users\LENOVO\.antigravity\extensions\redhat.java-1.54.0-win32-x64\jre\21.0.10-win32-x86_64\bin\nio.dll
0x00007ffab17b0000 - 0x00007ffab17c0000 	c:\Users\LENOVO\.antigravity\extensions\redhat.java-1.54.0-win32-x64\jre\21.0.10-win32-x86_64\bin\verify.dll
0x00007ffa87170000 - 0x00007ffa871b5000 	C:\Users\LENOVO\AppData\Roaming\Antigravity\User\globalStorage\redhat.java\1.54.0\config_win\org.eclipse.equinox.launcher\org.eclipse.equinox.launcher.win32.win32.x86_64_1.3.0.v20260203-2149\eclipse_11919.dll
0x00007ffac36e0000 - 0x00007ffac3877000 	C:\WINDOWS\System32\ole32.dll
0x00007ffac1670000 - 0x00007ffac168b000 	C:\WINDOWS\SYSTEM32\CRYPTSP.dll
0x00007ffac0d80000 - 0x00007ffac0db9000 	C:\WINDOWS\system32\rsaenh.dll
0x00007ffac1440000 - 0x00007ffac1473000 	C:\WINDOWS\SYSTEM32\USERENV.dll
0x00007ffac1f80000 - 0x00007ffac1faa000 	C:\WINDOWS\SYSTEM32\bcrypt.dll
0x00007ffac1690000 - 0x00007ffac169c000 	C:\WINDOWS\SYSTEM32\CRYPTBASE.dll
0x00007ffac0890000 - 0x00007ffac08c2000 	C:\WINDOWS\SYSTEM32\IPHLPAPI.DLL
0x00007ffac4da0000 - 0x00007ffac4daa000 	C:\WINDOWS\System32\NSI.dll
0x00007ffa777d0000 - 0x00007ffa77819000 	C:\Users\LENOVO\AppData\Local\Temp\jna--2053026509\jna8016323281787070946.dll
0x00007ffac56e0000 - 0x00007ffac56e8000 	C:\WINDOWS\System32\PSAPI.DLL
0x00007ffab9780000 - 0x00007ffab979d000 	C:\WINDOWS\SYSTEM32\dhcpcsvc6.DLL
0x00007ffab96c0000 - 0x00007ffab96e5000 	C:\WINDOWS\SYSTEM32\dhcpcsvc.DLL

JVMTI agents:
c:\Users\LENOVO\.antigravity\extensions\redhat.java-1.54.0-win32-x64\lombok\lombok-1.18.39-4050.jar path:c:\Users\LENOVO\.antigravity\extensions\redhat.java-1.54.0-win32-x64\jre\21.0.10-win32-x86_64\bin\instrument.dll, loaded, initialized, instrumentlib options:none

dbghelp: loaded successfully - version: 4.0.5 - missing functions: none
symbol engine: initialized successfully - sym options: 0x614 - pdb path: .;c:\Users\LENOVO\.antigravity\extensions\redhat.java-1.54.0-win32-x64\jre\21.0.10-win32-x86_64\bin;C:\WINDOWS\SYSTEM32;C:\WINDOWS\WinSxS\amd64_microsoft.windows.common-controls_6595b64144ccf1df_6.0.26100.8115_none_3e075c82e3354f9c;c:\Users\LENOVO\.antigravity\extensions\redhat.java-1.54.0-win32-x64\jre\21.0.10-win32-x86_64\bin\server;C:\Users\LENOVO\AppData\Roaming\Antigravity\User\globalStorage\redhat.java\1.54.0\config_win\org.eclipse.equinox.launcher\org.eclipse.equinox.launcher.win32.win32.x86_64_1.3.0.v20260203-2149;C:\Users\LENOVO\AppData\Local\Temp\jna--2053026509

VM Arguments:
jvm_args: --add-modules=ALL-SYSTEM --add-opens=java.base/java.util=ALL-UNNAMED --add-opens=java.base/java.lang=ALL-UNNAMED --add-opens=java.base/sun.nio.fs=ALL-UNNAMED -Declipse.application=org.eclipse.jdt.ls.core.id1 -Dosgi.bundles.defaultStartLevel=4 -Declipse.product=org.eclipse.jdt.ls.core.product -Djava.import.generatesMetadataFilesAtProjectRoot=false -DDetectVMInstallationsJob.disabled=true -Dfile.encoding=utf8 -XX:+UseParallelGC -XX:GCTimeRatio=4 -XX:AdaptiveSizePolicyWeight=90 -Dsun.zip.disableMemoryMapping=true -Xmx2G -Xms100m -Xlog:disable -javaagent:c:\Users\LENOVO\.antigravity\extensions\redhat.java-1.54.0-win32-x64\lombok\lombok-1.18.39-4050.jar -XX:+HeapDumpOnOutOfMemoryError -XX:HeapDumpPath=c:\Users\LENOVO\AppData\Roaming\Antigravity\User\workspaceStorage\9683d9bf656d775bf1872cdf0c0a7fac\redhat.java -Daether.dependencyCollector.impl=bf 
java_command: c:\Users\LENOVO\.antigravity\extensions\redhat.java-1.54.0-win32-x64\server\plugins\org.eclipse.equinox.launcher_1.7.100.v20251111-0406.jar -configuration c:\Users\LENOVO\AppData\Roaming\Antigravity\User\globalStorage\redhat.java\1.54.0\config_win -data c:\Users\LENOVO\AppData\Roaming\Antigravity\User\workspaceStorage\9683d9bf656d775bf1872cdf0c0a7fac\redhat.java\jdt_ws --pipe=\\.\pipe\lsp-d12bae6c1cebe9b0791be5cdab753bac-sock
java_class_path (initial): c:\Users\LENOVO\.antigravity\extensions\redhat.java-1.54.0-win32-x64\server\plugins\org.eclipse.equinox.launcher_1.7.100.v20251111-0406.jar
Launcher Type: SUN_STANDARD

[Global flags]
    uintx AdaptiveSizePolicyWeight                 = 90                                        {product} {command line}
     intx CICompilerCount                          = 4                                         {product} {ergonomic}
    uintx GCTimeRatio                              = 4                                         {product} {command line}
     bool HeapDumpOnOutOfMemoryError               = true                                   {manageable} {command line}
    ccstr HeapDumpPath                             = c:\Users\LENOVO\AppData\Roaming\Antigravity\User\workspaceStorage\9683d9bf656d775bf1872cdf0c0a7fac\redhat.java         {manageable} {command line}
   size_t InitialHeapSize                          = 104857600                                 {product} {command line}
   size_t MaxHeapSize                              = 2147483648                                {product} {command line}
   size_t MaxNewSize                               = 715653120                                 {product} {ergonomic}
   size_t MinHeapDeltaBytes                        = 524288                                    {product} {ergonomic}
   size_t MinHeapSize                              = 104857600                                 {product} {command line}
   size_t NewSize                                  = 34603008                                  {product} {ergonomic}
    uintx NonNMethodCodeHeapSize                   = 5839372                                {pd product} {ergonomic}
    uintx NonProfiledCodeHeapSize                  = 122909434                              {pd product} {ergonomic}
   size_t OldSize                                  = 70254592                                  {product} {ergonomic}
    uintx ProfiledCodeHeapSize                     = 122909434                              {pd product} {ergonomic}
    uintx ReservedCodeCacheSize                    = 251658240                              {pd product} {ergonomic}
     bool SegmentedCodeCache                       = true                                      {product} {ergonomic}
   size_t SoftMaxHeapSize                          = 2147483648                             {manageable} {ergonomic}
     bool UseCompressedOops                        = true                           {product lp64_product} {ergonomic}
     bool UseLargePagesIndividualAllocation        = false                                  {pd product} {ergonomic}
     bool UseParallelGC                            = true                                      {product} {command line}

Logging:
Log output configuration:
 #0: stdout all=off uptime,level,tags foldmultilines=false
 #1: stderr all=off uptime,level,tags foldmultilines=false

Release file:
JAVA_VERSION="21.0.10" 
MODULES="java.base java.compiler java.datatransfer java.xml java.prefs java.desktop java.instrument java.logging java.management java.security.sasl java.naming java.rmi java.management.rmi java.net.http java.scripting java.security.jgss java.transaction.xa java.sql java.sql.rowset java.xml.crypto java.se java.smartcardio jdk.accessibility jdk.internal.jvmstat jdk.attach jdk.charsets jdk.internal.opt jdk.zipfs jdk.compiler jdk.crypto.ec jdk.crypto.cryptoki jdk.crypto.mscapi jdk.dynalink jdk.internal.ed jdk.editpad jdk.hotspot.agent jdk.httpserver jdk.internal.le jdk.internal.vm.ci jdk.internal.vm.compiler jdk.internal.vm.compiler.management jdk.jartool jdk.javadoc jdk.jcmd jdk.management jdk.management.agent jdk.jconsole jdk.jdeps jdk.jdwp.agent jdk.jdi jdk.jfr jdk.jshell jdk.jsobject jdk.jstatd jdk.localedata jdk.management.jfr jdk.naming.dns jdk.naming.rmi jdk.net jdk.nio.mapmode jdk.random jdk.sctp jdk.security.auth jdk.security.jgss jdk.unsupported jdk.unsupported.desktop jdk.xml.dom" 

Environment Variables:
JAVA_HOME=C:\Program Files\Java\jdk-20
PATH=C:\Users\LENOVO\Downloads\apache-maven-3.9.14-bin\apache-maven-3.9.14\bin;C:\Program Files\MongoDB\Server\8.2\bin;C:\Program Files\Eclipse Adoptium\jdk-17.0.17.10-hotspot\bin;C:\oraclexe\app\oracle\product\11.2.0\server\bin;C:\xampp\php;C:\Program Files\MySQL\MySQL Server 8.0\bin;C:\Python 3.12\Python 3.12.exe;C:\Users\LENOVO\AppData\Local\Programs\Python\Python312\python.exe;C:\Users\LENOVO\Downloads\flutter_windows_3.16.0-stable\flutter\bin;C:\ProgramData\Oracle\Java\javapath;C:\Program Files\Java\jdk-21.0.1\bin;C:\Program Files\Common Files\Oracle\Java\javapath;C:\Program Files\Java\jdk-20\bin;C:\Users\LENOVO\Downloads\sqldeveloper-23.1.0.097.1607-x64\sqldeveloper\sqldeveloper\bin;C:\Users\LENOVO\Downloads\msys2-x86_64-20230318.exe;C:\WINDOWS\system32;C:\WINDOWS;C:\WINDOWS\System32\Wbem;C:\WINDOWS\System32\WindowsPowerShell\v1.0\;C:\WINDOWS\System32\OpenSSH\;C:\Program Files\Git\cmd;C:\Program Files\Git\bin;C:\Program Files\dotnet\;C:\Users\LENOVO\AppData\Local\Android\Sdk\platform-tools;C:\Users\LENOVO\AppData\Local\Android\Sdk\emulator;C:\Users\LENOVO\Downloads\php-8.3.11-nts-Win32-vs16-x64;C:\ProgramData\ComposerSetup\bin;C:\Program Files\nodejs\;C:\Program Files\Microsoft SQL Server\150\Tools\Binn\;C:\Program Files\Docker\Docker\resources\bin;C:\Program Files\Vagrant\bin;C:\Users\LENOVO\scoop\shims;C:\Program Files\MySQL\MySQL Shell 8.0\bin\;C:\Users\LENOVO\AppData\Local\Programs\Python\Launcher\;C:\Python27\python.exe;C:\Users\LENOVO\AppData\Local\Programs\Python\Python311;C:\Users\LENOVO\AppData\Local\Programs\Python\Python311\Scripts\;C:\Python27;C:\Users\LENOVO\AppData\Local\Microsoft\WindowsApps;C:\Program Files\JetBrains\PyCharm Community Edition 2023.1\bin;;C:\Users\LENOVO\AppData\Local\GitHubDesktop\bin;C:\Users\LENOVO\.dotnet\tools;C:\Program Files (x86)\Nmap;C:\Users\LENOVO\AppData\Local\Programs\MiKTeX\miktex\bin\x64\;C:\Users\LENOVO\AppData\Roaming\Composer\vendor\bin;C:\xampp\php;C:\Program Files\JetBrains\IntelliJ IDEA 2024.2.1\bin;;C:\Flex Windows\gcc\bin;C:\Flex Windows\Lex\bin;C:\Flex Windows\bison\bin;C:\Users\LENOVO\AppData\Local\Muse Hub\lib;C:\Users\LENOVO\AppData\Local\Programs\Microsoft VS Code\bin;C:\Users\LENOVO\AppData\Local\Programs\cursor\resources\app\bin;C:\Users\LENOVO\AppData\Roaming\npm;C:\Users\LENOVO\AppData\Local\Programs\Antigravity\bin;
USERNAME=LENOVO
OS=Windows_NT
PROCESSOR_IDENTIFIER=Intel64 Family 6 Model 140 Stepping 2, GenuineIntel
TMP=C:\Users\LENOVO\AppData\Local\Temp
TEMP=C:\Users\LENOVO\AppData\Local\Temp




Periodic native trim disabled

---------------  S Y S T E M  ---------------

OS:
 Windows 11 , 64 bit Build 26100 (10.0.26100.8246)
OS uptime: 1 days 17:36 hours
Hyper-V role detected

CPU: total 8 (initial active 8) (4 cores per cpu, 2 threads per core) family 6 model 140 stepping 2 microcode 0x26, cx8, cmov, fxsr, ht, mmx, 3dnowpref, sse, sse2, sse3, ssse3, sse4.1, sse4.2, popcnt, lzcnt, tsc, tscinvbit, avx, avx2, aes, erms, clmul, bmi1, bmi2, adx, avx512f, avx512dq, avx512cd, avx512bw, avx512vl, sha, fma, vzeroupper, avx512_vpopcntdq, avx512_vpclmulqdq, avx512_vaes, avx512_vnni, clflush, clflushopt, clwb, avx512_vbmi2, avx512_vbmi, hv, rdtscp, rdpid, fsrm, gfni, avx512_bitalg, f16c, cet_ibt, cet_ss, avx512_ifma
Processor Information for processor 0
  Max Mhz: 3187, Current Mhz: 3187, Mhz Limit: 3187
Processor Information for processor 1
  Max Mhz: 3187, Current Mhz: 3187, Mhz Limit: 3187
Processor Information for processor 2
  Max Mhz: 3187, Current Mhz: 3187, Mhz Limit: 3187
Processor Information for processor 3
  Max Mhz: 3187, Current Mhz: 3187, Mhz Limit: 3187
Processor Information for processor 4
  Max Mhz: 3187, Current Mhz: 1195, Mhz Limit: 3187
Processor Information for processor 5
  Max Mhz: 3187, Current Mhz: 3187, Mhz Limit: 3187
Processor Information for processor 6
  Max Mhz: 3187, Current Mhz: 3187, Mhz Limit: 3187
Processor Information for processor 7
  Max Mhz: 3187, Current Mhz: 3187, Mhz Limit: 3187

Memory: 4k page, system-wide physical 16167M (1835M free)
TotalPageFile size 21167M (AvailPageFile size 35M)
current process WorkingSet (physical memory assigned to process): 302M, peak: 303M
current process commit charge ("private bytes"): 367M, peak: 378M

vm_info: OpenJDK 64-Bit Server VM (21.0.10+7-LTS) for windows-amd64 JRE (21.0.10+7-LTS), built on 2026-01-20T00:00:00Z by "admin" with MS VC++ 17.12 (VS2022)

END.
