#
# There is insufficient memory for the Java Runtime Environment to continue.
# Native memory allocation (malloc) failed to allocate 1048576 bytes. Error detail: AllocateHeap
# Possible reasons:
#   The system is out of physical RAM or swap space
#   This process is running with CompressedOops enabled, and the Java Heap may be blocking the growth of the native heap
# Possible solutions:
#   Reduce memory load on the system
#   Increase physical memory or swap space
#   Check if swap backing store is full
#   Decrease Java heap size (-Xmx/-Xms)
#   Decrease number of Java threads
#   Decrease Java thread stack sizes (-Xss)
#   Set larger code cache with -XX:ReservedCodeCacheSize=
#   JVM is running with Unscaled Compressed Oops mode in which the Java heap is
#     placed in the first 4GB address space. The Java Heap base address is the
#     maximum limit for the native heap growth. Please use -XX:HeapBaseMinAddress
#     to set the Java Heap base and to place the Java Heap above 4GB virtual address.
# This output file may be truncated or incomplete.
#
#  Out of Memory Error (allocation.cpp:44), pid=6232, tid=18912
#
# JRE version: OpenJDK Runtime Environment Temurin-21.0.10+7 (21.0.10+7) (build 21.0.10+7-LTS)
# Java VM: OpenJDK 64-Bit Server VM Temurin-21.0.10+7 (21.0.10+7-LTS, mixed mode, sharing, tiered, compressed oops, compressed class ptrs, parallel gc, windows-amd64)
# No core dump will be written. Minidumps are not enabled by default on client versions of Windows
#

---------------  S U M M A R Y ------------

Command Line: --add-modules=ALL-SYSTEM --add-opens=java.base/java.util=ALL-UNNAMED --add-opens=java.base/java.lang=ALL-UNNAMED --add-opens=java.base/sun.nio.fs=ALL-UNNAMED -Declipse.application=org.eclipse.jdt.ls.core.id1 -Dosgi.bundles.defaultStartLevel=4 -Declipse.product=org.eclipse.jdt.ls.core.product -Djava.import.generatesMetadataFilesAtProjectRoot=false -DDetectVMInstallationsJob.disabled=true -Dfile.encoding=utf8 -XX:+UseParallelGC -XX:GCTimeRatio=4 -XX:AdaptiveSizePolicyWeight=90 -Dsun.zip.disableMemoryMapping=true -Xmx2G -Xms100m -Xlog:disable -javaagent:c:\Users\LENOVO\.antigravity\extensions\redhat.java-1.53.0-win32-x64\lombok\lombok-1.18.39-4050.jar -XX:+HeapDumpOnOutOfMemoryError -XX:HeapDumpPath=c:\Users\LENOVO\AppData\Roaming\Antigravity\User\workspaceStorage\c32ad2883d698218fc90bdae50dd7373\redhat.java -Daether.dependencyCollector.impl=bf c:\Users\LENOVO\.antigravity\extensions\redhat.java-1.53.0-win32-x64\server\plugins\org.eclipse.equinox.launcher_1.7.100.v20251111-0406.jar -configuration c:\Users\LENOVO\AppData\Roaming\Antigravity\User\globalStorage\redhat.java\1.53.0\config_win -data c:\Users\LENOVO\AppData\Roaming\Antigravity\User\workspaceStorage\c32ad2883d698218fc90bdae50dd7373\redhat.java\jdt_ws --pipe=\\.\pipe\lsp-52decb6f14759bc17b10ee3f624bb0d4-sock

Host: 11th Gen Intel(R) Core(TM) i5-11320H @ 3.20GHz, 8 cores, 15G,  Windows 11 , 64 bit Build 26100 (10.0.26100.8115)
Time: Sun Apr 12 15:21:05 2026 Paris, Madrid elapsed time: 634.192812 seconds (0d 0h 10m 34s)

---------------  T H R E A D  ---------------

Current thread (0x0000017d4399c5b0):  JavaThread "Attach Listener" daemon [_thread_in_vm, id=18912, stack(0x0000004e4fe00000,0x0000004e4ff00000) (1024K)]

Stack: [0x0000004e4fe00000,0x0000004e4ff00000]
Native frames: (J=compiled Java code, j=interpreted, Vv=VM code, C=native code)
V  [jvm.dll+0x6d7a39]
V  [jvm.dll+0x8b4b26]
V  [jvm.dll+0x8b70de]
V  [jvm.dll+0x8b77c3]
V  [jvm.dll+0x284346]
V  [jvm.dll+0xc1277]
V  [jvm.dll+0x6d82e9]
V  [jvm.dll+0x1334a6]
V  [jvm.dll+0x3f857e]
V  [jvm.dll+0x85f59d]
V  [jvm.dll+0x6d626d]
C  [ucrtbase.dll+0x37b0]
C  [KERNEL32.DLL+0x2e8d7]
C  [ntdll.dll+0x8c3fc]


---------------  P R O C E S S  ---------------

Threads class SMR info:
_java_thread_list=0x0000017d60826010, length=37, elements={
0x0000017d4166c1b0, 0x0000017d43addf10, 0x0000017d43995f70, 0x0000017d4399b8d0,
0x0000017d4399c5b0, 0x0000017d4399f020, 0x0000017d4399fa80, 0x0000017d439a08c0,
0x0000017d60008120, 0x0000017d601f2980, 0x0000017d60388720, 0x0000017d60e0cac0,
0x0000017d60b5b290, 0x0000017d606ca8c0, 0x0000017d60c08c10, 0x0000017d60af89f0,
0x0000017d609d3ec0, 0x0000017d604aa7b0, 0x0000017d604b3ee0, 0x0000017d604b4570,
0x0000017d604b31c0, 0x0000017d627ca130, 0x0000017d627c9aa0, 0x0000017d627c8060,
0x0000017d627cc200, 0x0000017d627ca7c0, 0x0000017d627c9410, 0x0000017d627cb4e0,
0x0000017d627cae50, 0x0000017d627cbb70, 0x0000017d627c8d80, 0x0000017d627cdc40,
0x0000017d627ccf20, 0x0000017d627cd5b0, 0x0000017d62b839a0, 0x0000017d62c3edf0,
0x0000017d62c40ec0
}

Java Threads: ( => current thread )
  0x0000017d4166c1b0 JavaThread "main"                              [_thread_blocked, id=10684, stack(0x0000004e4f700000,0x0000004e4f800000) (1024K)]
  0x0000017d43addf10 JavaThread "Reference Handler"          daemon [_thread_blocked, id=21668, stack(0x0000004e4fb00000,0x0000004e4fc00000) (1024K)]
  0x0000017d43995f70 JavaThread "Finalizer"                  daemon [_thread_blocked, id=22212, stack(0x0000004e4fc00000,0x0000004e4fd00000) (1024K)]
  0x0000017d4399b8d0 JavaThread "Signal Dispatcher"          daemon [_thread_blocked, id=2360, stack(0x0000004e4fd00000,0x0000004e4fe00000) (1024K)]
=>0x0000017d4399c5b0 JavaThread "Attach Listener"            daemon [_thread_in_vm, id=18912, stack(0x0000004e4fe00000,0x0000004e4ff00000) (1024K)]
  0x0000017d4399f020 JavaThread "Service Thread"             daemon [_thread_blocked, id=22712, stack(0x0000004e4ff00000,0x0000004e50000000) (1024K)]
  0x0000017d4399fa80 JavaThread "Monitor Deflation Thread"   daemon [_thread_blocked, id=18308, stack(0x0000004e50000000,0x0000004e50100000) (1024K)]
  0x0000017d439a08c0 JavaThread "C2 CompilerThread0"         daemon [_thread_blocked, id=24672, stack(0x0000004e50100000,0x0000004e50200000) (1024K)]
  0x0000017d60008120 JavaThread "C1 CompilerThread0"         daemon [_thread_blocked, id=2344, stack(0x0000004e50200000,0x0000004e50300000) (1024K)]
  0x0000017d601f2980 JavaThread "Common-Cleaner"             daemon [_thread_blocked, id=2432, stack(0x0000004e50300000,0x0000004e50400000) (1024K)]
  0x0000017d60388720 JavaThread "Notification Thread"        daemon [_thread_blocked, id=8992, stack(0x0000004e50500000,0x0000004e50600000) (1024K)]
  0x0000017d60e0cac0 JavaThread "Active Thread: Equinox Container: f30636e1-4068-401e-9a9c-968c58b43e05"        [_thread_blocked, id=24880, stack(0x0000004e50600000,0x0000004e50700000) (1024K)]
  0x0000017d60b5b290 JavaThread "Refresh Thread: Equinox Container: f30636e1-4068-401e-9a9c-968c58b43e05" daemon [_thread_blocked, id=24588, stack(0x0000004e50e00000,0x0000004e50f00000) (1024K)]
  0x0000017d606ca8c0 JavaThread "Framework Event Dispatcher: Equinox Container: f30636e1-4068-401e-9a9c-968c58b43e05" daemon [_thread_blocked, id=17796, stack(0x0000004e50f00000,0x0000004e51000000) (1024K)]
  0x0000017d60c08c10 JavaThread "Start Level: Equinox Container: f30636e1-4068-401e-9a9c-968c58b43e05" daemon [_thread_blocked, id=16640, stack(0x0000004e51000000,0x0000004e51100000) (1024K)]
  0x0000017d60af89f0 JavaThread "Bundle File Closer"         daemon [_thread_blocked, id=23640, stack(0x0000004e51200000,0x0000004e51300000) (1024K)]
  0x0000017d609d3ec0 JavaThread "SCR Component Actor"        daemon [_thread_blocked, id=11036, stack(0x0000004e51100000,0x0000004e51200000) (1024K)]
  0x0000017d604aa7b0 JavaThread "Worker-JM"                         [_thread_blocked, id=22980, stack(0x0000004e51500000,0x0000004e51600000) (1024K)]
  0x0000017d604b3ee0 JavaThread "JNA Cleaner"                daemon [_thread_blocked, id=24912, stack(0x0000004e51600000,0x0000004e51700000) (1024K)]
  0x0000017d604b4570 JavaThread "Worker-1"                          [_thread_blocked, id=7060, stack(0x0000004e51800000,0x0000004e51900000) (1024K)]
  0x0000017d604b31c0 JavaThread "Java indexing"              daemon [_thread_blocked, id=18988, stack(0x0000004e51900000,0x0000004e51a00000) (1024K)]
  0x0000017d627ca130 JavaThread "Worker-3"                          [_thread_blocked, id=3788, stack(0x0000004e51c00000,0x0000004e51d00000) (1024K)]
  0x0000017d627c9aa0 JavaThread "Thread-1"                   daemon [_thread_in_native, id=6356, stack(0x0000004e51d00000,0x0000004e51e00000) (1024K)]
  0x0000017d627c8060 JavaThread "Thread-2"                   daemon [_thread_in_native, id=1708, stack(0x0000004e51e00000,0x0000004e51f00000) (1024K)]
  0x0000017d627cc200 JavaThread "Thread-3"                   daemon [_thread_in_native, id=13320, stack(0x0000004e51f00000,0x0000004e52000000) (1024K)]
  0x0000017d627ca7c0 JavaThread "Thread-4"                   daemon [_thread_in_native, id=18832, stack(0x0000004e52000000,0x0000004e52100000) (1024K)]
  0x0000017d627c9410 JavaThread "Thread-5"                   daemon [_thread_in_native, id=19272, stack(0x0000004e52100000,0x0000004e52200000) (1024K)]
  0x0000017d627cb4e0 JavaThread "Thread-6"                   daemon [_thread_in_native, id=17840, stack(0x0000004e52200000,0x0000004e52300000) (1024K)]
  0x0000017d627cae50 JavaThread "Thread-7"                   daemon [_thread_in_native, id=20832, stack(0x0000004e52300000,0x0000004e52400000) (1024K)]
  0x0000017d627cbb70 JavaThread "Thread-8"                   daemon [_thread_in_native, id=21852, stack(0x0000004e52400000,0x0000004e52500000) (1024K)]
  0x0000017d627c8d80 JavaThread "Thread-9"                   daemon [_thread_in_native, id=832, stack(0x0000004e52500000,0x0000004e52600000) (1024K)]
  0x0000017d627cdc40 JavaThread "pool-2-thread-1"                   [_thread_blocked, id=19224, stack(0x0000004e52600000,0x0000004e52700000) (1024K)]
  0x0000017d627ccf20 JavaThread "WorkspaceEventsHandler"            [_thread_blocked, id=11908, stack(0x0000004e52700000,0x0000004e52800000) (1024K)]
  0x0000017d627cd5b0 JavaThread "pool-1-thread-1"                   [_thread_blocked, id=8216, stack(0x0000004e52800000,0x0000004e52900000) (1024K)]
  0x0000017d62b839a0 JavaThread "ForkJoinPool.commonPool-worker-4" daemon [_thread_blocked, id=19364, stack(0x0000004e52c00000,0x0000004e52d00000) (1024K)]
  0x0000017d62c3edf0 JavaThread "Cleaner-0"                  daemon [_thread_blocked, id=9496, stack(0x0000004e53100000,0x0000004e53200000) (1024K)]
  0x0000017d62c40ec0 JavaThread "ForkJoinPool.commonPool-worker-10" daemon [_thread_blocked, id=10860, stack(0x0000004e4f600000,0x0000004e4f700000) (1024K)]
Total: 37

Other Threads:
  0x0000017d439927c0 VMThread "VM Thread"                           [id=11484, stack(0x0000004e4fa00000,0x0000004e4fb00000) (1024K)]
  0x0000017d438ac7e0 WatcherThread "VM Periodic Task Thread"        [id=2516, stack(0x0000004e4f900000,0x0000004e4fa00000) (1024K)]
  0x0000017d43a43970 WorkerThread "GC Thread#0"                     [id=18760, stack(0x0000004e4f800000,0x0000004e4f900000) (1024K)]
  0x0000017d603d0ca0 WorkerThread "GC Thread#1"                     [id=17160, stack(0x0000004e50700000,0x0000004e50800000) (1024K)]
  0x0000017d60931720 WorkerThread "GC Thread#2"                     [id=21908, stack(0x0000004e50800000,0x0000004e50900000) (1024K)]
  0x0000017d60704fe0 WorkerThread "GC Thread#3"                     [id=2556, stack(0x0000004e50900000,0x0000004e50a00000) (1024K)]
  0x0000017d6062d8f0 WorkerThread "GC Thread#4"                     [id=22236, stack(0x0000004e50a00000,0x0000004e50b00000) (1024K)]
  0x0000017d6062e2b0 WorkerThread "GC Thread#5"                     [id=20896, stack(0x0000004e50b00000,0x0000004e50c00000) (1024K)]
  0x0000017d6062ec80 WorkerThread "GC Thread#6"                     [id=100, stack(0x0000004e50c00000,0x0000004e50d00000) (1024K)]
  0x0000017d439cadb0 WorkerThread "GC Thread#7"                     [id=19352, stack(0x0000004e50400000,0x0000004e50500000) (1024K)]
Total: 10

Threads with active compile tasks:
Total: 0

VM state: not at safepoint (normal execution)

VM Mutex/Monitor currently owned by a thread: None

Heap address: 0x0000000080000000, size: 2048 MB, Compressed Oops mode: 32-bit

CDS archive(s) mapped at: [0x0000017d00000000-0x0000017d00ba0000-0x0000017d00ba0000), size 12189696, SharedBaseAddress: 0x0000017d00000000, ArchiveRelocationMode: 1.
Compressed class space mapped at: 0x0000017d01000000-0x0000017d41000000, reserved size: 1073741824
Narrow klass base: 0x0000017d00000000, Narrow klass shift: 0, Narrow klass range: 0x100000000

GC Precious Log:
 CardTable entry size: 512
 CPUs: 8 total, 8 available
 Memory: 16167M
 Large Page Support: Disabled
 NUMA Support: Disabled
 Compressed Oops: Enabled (32-bit)
 Alignments: Space 512K, Generation 512K, Heap 2M
 Heap Min Capacity: 100M
 Heap Initial Capacity: 100M
 Heap Max Capacity: 2G
 Pre-touch: Disabled
 Parallel Workers: 8

Heap:
 PSYoungGen      total 5632K, used 3499K [0x00000000d5580000, 0x00000000d5b80000, 0x0000000100000000)
  eden space 4608K, 71% used [0x00000000d5580000,0x00000000d58b2c70,0x00000000d5a00000)
  from space 1024K, 21% used [0x00000000d5a00000,0x00000000d5a38000,0x00000000d5b00000)
  to   space 512K, 0% used [0x00000000d5b00000,0x00000000d5b00000,0x00000000d5b80000)
 ParOldGen       total 818688K, used 257845K [0x0000000080000000, 0x00000000b1f80000, 0x00000000d5580000)
  object space 818688K, 31% used [0x0000000080000000,0x000000008fbcd480,0x00000000b1f80000)
 Metaspace       used 77188K, committed 78784K, reserved 1179648K
  class space    used 7940K, committed 8640K, reserved 1048576K

Card table byte_map: [0x0000017d433c0000,0x0000017d437d0000] _byte_map_base: 0x0000017d42fc0000

Marking Bits: (ParMarkBitMap*) 0x00007ffd449c3450
 Begin Bits: [0x0000017d55ed0000, 0x0000017d57ed0000)
 End Bits:   [0x0000017d57ed0000, 0x0000017d59ed0000)

Polling page: 0x0000017d417d0000

Metaspace:

Usage:
  Non-class:     67.62 MB used.
      Class:      7.75 MB used.
       Both:     75.38 MB used.

Virtual space:
  Non-class space:      128.00 MB reserved,      68.50 MB ( 54%) committed,  2 nodes.
      Class space:        1.00 GB reserved,       8.44 MB ( <1%) committed,  1 nodes.
             Both:        1.12 GB reserved,      76.94 MB (  7%) committed. 

Chunk freelists:
   Non-Class:  11.33 MB
       Class:  7.58 MB
        Both:  18.92 MB

MaxMetaspaceSize: unlimited
CompressedClassSpaceSize: 1.00 GB
Initial GC threshold: 21.00 MB
Current GC threshold: 128.12 MB
CDS: on
 - commit_granule_bytes: 65536.
 - commit_granule_words: 8192.
 - virtual_space_node_default_size: 8388608.
 - enlarge_chunks_in_place: 1.
 - use_allocation_guard: 0.


Internal statistics:

num_allocs_failed_limit: 9.
num_arena_births: 1490.
num_arena_deaths: 46.
num_vsnodes_births: 3.
num_vsnodes_deaths: 0.
num_space_committed: 1231.
num_space_uncommitted: 0.
num_chunks_returned_to_freelist: 67.
num_chunks_taken_from_freelist: 5117.
num_chunk_merges: 19.
num_chunk_splits: 3152.
num_chunks_enlarged: 1802.
num_inconsistent_stats: 0.

CodeHeap 'non-profiled nmethods': size=120000Kb used=16133Kb max_used=18528Kb free=103866Kb
 bounds [0x0000017d4e6f0000, 0x0000017d4f910000, 0x0000017d55c20000]
CodeHeap 'profiled nmethods': size=120000Kb used=33723Kb max_used=40405Kb free=86276Kb
 bounds [0x0000017d46c20000, 0x0000017d493a0000, 0x0000017d4e150000]
CodeHeap 'non-nmethods': size=5760Kb used=1502Kb max_used=1575Kb free=4257Kb
 bounds [0x0000017d4e150000, 0x0000017d4e3c0000, 0x0000017d4e6f0000]
CodeCache: size=245760Kb, used=51358Kb, max_used=60508Kb, free=194399Kb
 total_blobs=15626, nmethods=14811, adapters=717, full_count=0
Compilation: enabled, stopped_count=0, restarted_count=0

Compilation events (20 events):
Event: 549.581 Thread 0x0000017d60008120 17243       3       com.sun.jna.WString::<init> (24 bytes)
Event: 549.582 Thread 0x0000017d60008120 nmethod 17243 0x0000017d46eb8690 code [0x0000017d46eb8840, 0x0000017d46eb8ac8]
Event: 549.582 Thread 0x0000017d60008120 17244       1       org.eclipse.core.internal.localstore.UnifiedTreeNode::getFirstChild (5 bytes)
Event: 549.582 Thread 0x0000017d60008120 nmethod 17244 0x0000017d4e833e10 code [0x0000017d4e833fa0, 0x0000017d4e834068]
Event: 549.582 Thread 0x0000017d60008120 17245   !   3       org.eclipse.core.internal.jobs.InternalJob::setRunCanceled (43 bytes)
Event: 549.582 Thread 0x0000017d60008120 nmethod 17245 0x0000017d46c24090 code [0x0000017d46c24240, 0x0000017d46c244a8]
Event: 549.582 Thread 0x0000017d60008120 17246       3       org.eclipse.core.runtime.URIUtil::isFileURI (10 bytes)
Event: 549.582 Thread 0x0000017d60008120 nmethod 17246 0x0000017d47584490 code [0x0000017d47584640, 0x0000017d47584788]
Event: 549.584 Thread 0x0000017d60008120 17247   !   3       org.eclipse.core.filesystem.provider.FileStore::fetchInfo (27 bytes)
Event: 549.585 Thread 0x0000017d60008120 nmethod 17247 0x0000017d46c98a10 code [0x0000017d46c98c20, 0x0000017d46c99160]
Event: 549.585 Thread 0x0000017d60008120 17248       3       org.eclipse.core.internal.filesystem.local.LocalFile::fetchInfo (45 bytes)
Event: 549.585 Thread 0x0000017d60008120 nmethod 17248 0x0000017d46c71f90 code [0x0000017d46c721e0, 0x0000017d46c72850]
Event: 549.585 Thread 0x0000017d60008120 17249       3       org.eclipse.core.internal.filesystem.local.Win32Handler::convertFindDataWToFileInfo (188 bytes)
Event: 549.587 Thread 0x0000017d60008120 nmethod 17249 0x0000017d46c75610 code [0x0000017d46c759c0, 0x0000017d46c772c8]
Event: 549.686 Thread 0x0000017d60008120 17250       1       org.eclipse.lsp4j.jsonrpc.messages.NotificationMessage::getMethod (5 bytes)
Event: 549.686 Thread 0x0000017d60008120 nmethod 17250 0x0000017d4eb5f610 code [0x0000017d4eb5f7a0, 0x0000017d4eb5f868]
Event: 549.686 Thread 0x0000017d60008120 17251       3       org.eclipse.core.internal.jobs.OrderedLock::isConflicting (9 bytes)
Event: 549.686 Thread 0x0000017d60008120 nmethod 17251 0x0000017d47692f10 code [0x0000017d476930c0, 0x0000017d47693230]
Event: 618.201 Thread 0x0000017d60008120 17252       3       java.util.concurrent.ScheduledThreadPoolExecutor$ScheduledFutureTask::getDelay (16 bytes)
Event: 618.201 Thread 0x0000017d60008120 nmethod 17252 0x0000017d47696890 code [0x0000017d47696a40, 0x0000017d47696bd8]

GC Heap History (20 events):
Event: 298.928 GC heap before
{Heap before GC invocations=1262 (full 3):
 PSYoungGen      total 6144K, used 5904K [0x00000000d5580000, 0x00000000d5c80000, 0x0000000100000000)
  eden space 5120K, 100% used [0x00000000d5580000,0x00000000d5a80000,0x00000000d5a80000)
  from space 1024K, 76% used [0x00000000d5b80000,0x00000000d5c44010,0x00000000d5c80000)
  to   space 1024K, 0% used [0x00000000d5a80000,0x00000000d5a80000,0x00000000d5b80000)
 ParOldGen       total 818688K, used 404050K [0x0000000080000000, 0x00000000b1f80000, 0x00000000d5580000)
  object space 818688K, 49% used [0x0000000080000000,0x0000000098a94a38,0x00000000b1f80000)
 Metaspace       used 76987K, committed 78656K, reserved 1179648K
  class space    used 7928K, committed 8640K, reserved 1048576K
}
Event: 298.930 GC heap after
{Heap after GC invocations=1262 (full 3):
 PSYoungGen      total 6144K, used 825K [0x00000000d5580000, 0x00000000d5c80000, 0x0000000100000000)
  eden space 5120K, 0% used [0x00000000d5580000,0x00000000d5580000,0x00000000d5a80000)
  from space 1024K, 80% used [0x00000000d5a80000,0x00000000d5b4e410,0x00000000d5b80000)
  to   space 1024K, 0% used [0x00000000d5b80000,0x00000000d5b80000,0x00000000d5c80000)
 ParOldGen       total 818688K, used 404669K [0x0000000080000000, 0x00000000b1f80000, 0x00000000d5580000)
  object space 818688K, 49% used [0x0000000080000000,0x0000000098b2f448,0x00000000b1f80000)
 Metaspace       used 76987K, committed 78656K, reserved 1179648K
  class space    used 7928K, committed 8640K, reserved 1048576K
}
Event: 299.062 GC heap before
{Heap before GC invocations=1263 (full 3):
 PSYoungGen      total 6144K, used 5945K [0x00000000d5580000, 0x00000000d5c80000, 0x0000000100000000)
  eden space 5120K, 100% used [0x00000000d5580000,0x00000000d5a80000,0x00000000d5a80000)
  from space 1024K, 80% used [0x00000000d5a80000,0x00000000d5b4e410,0x00000000d5b80000)
  to   space 1024K, 0% used [0x00000000d5b80000,0x00000000d5b80000,0x00000000d5c80000)
 ParOldGen       total 818688K, used 404669K [0x0000000080000000, 0x00000000b1f80000, 0x00000000d5580000)
  object space 818688K, 49% used [0x0000000080000000,0x0000000098b2f448,0x00000000b1f80000)
 Metaspace       used 77007K, committed 78656K, reserved 1179648K
  class space    used 7928K, committed 8640K, reserved 1048576K
}
Event: 299.063 GC heap after
{Heap after GC invocations=1263 (full 3):
 PSYoungGen      total 6144K, used 745K [0x00000000d5580000, 0x00000000d5c80000, 0x0000000100000000)
  eden space 5120K, 0% used [0x00000000d5580000,0x00000000d5580000,0x00000000d5a80000)
  from space 1024K, 72% used [0x00000000d5b80000,0x00000000d5c3a400,0x00000000d5c80000)
  to   space 1024K, 0% used [0x00000000d5a80000,0x00000000d5a80000,0x00000000d5b80000)
 ParOldGen       total 818688K, used 405374K [0x0000000080000000, 0x00000000b1f80000, 0x00000000d5580000)
  object space 818688K, 49% used [0x0000000080000000,0x0000000098bdf898,0x00000000b1f80000)
 Metaspace       used 77007K, committed 78656K, reserved 1179648K
  class space    used 7928K, committed 8640K, reserved 1048576K
}
Event: 299.070 GC heap before
{Heap before GC invocations=1264 (full 3):
 PSYoungGen      total 6144K, used 5865K [0x00000000d5580000, 0x00000000d5c80000, 0x0000000100000000)
  eden space 5120K, 100% used [0x00000000d5580000,0x00000000d5a80000,0x00000000d5a80000)
  from space 1024K, 72% used [0x00000000d5b80000,0x00000000d5c3a400,0x00000000d5c80000)
  to   space 1024K, 0% used [0x00000000d5a80000,0x00000000d5a80000,0x00000000d5b80000)
 ParOldGen       total 818688K, used 405374K [0x0000000080000000, 0x00000000b1f80000, 0x00000000d5580000)
  object space 818688K, 49% used [0x0000000080000000,0x0000000098bdf898,0x00000000b1f80000)
 Metaspace       used 77031K, committed 78656K, reserved 1179648K
  class space    used 7928K, committed 8640K, reserved 1048576K
}
Event: 299.071 GC heap after
{Heap after GC invocations=1264 (full 3):
 PSYoungGen      total 6144K, used 704K [0x00000000d5580000, 0x00000000d5c80000, 0x0000000100000000)
  eden space 5120K, 0% used [0x00000000d5580000,0x00000000d5580000,0x00000000d5a80000)
  from space 1024K, 68% used [0x00000000d5a80000,0x00000000d5b30000,0x00000000d5b80000)
  to   space 1024K, 0% used [0x00000000d5b80000,0x00000000d5b80000,0x00000000d5c80000)
 ParOldGen       total 818688K, used 406001K [0x0000000080000000, 0x00000000b1f80000, 0x00000000d5580000)
  object space 818688K, 49% used [0x0000000080000000,0x0000000098c7c428,0x00000000b1f80000)
 Metaspace       used 77031K, committed 78656K, reserved 1179648K
  class space    used 7928K, committed 8640K, reserved 1048576K
}
Event: 299.082 GC heap before
{Heap before GC invocations=1265 (full 3):
 PSYoungGen      total 6144K, used 5824K [0x00000000d5580000, 0x00000000d5c80000, 0x0000000100000000)
  eden space 5120K, 100% used [0x00000000d5580000,0x00000000d5a80000,0x00000000d5a80000)
  from space 1024K, 68% used [0x00000000d5a80000,0x00000000d5b30000,0x00000000d5b80000)
  to   space 1024K, 0% used [0x00000000d5b80000,0x00000000d5b80000,0x00000000d5c80000)
 ParOldGen       total 818688K, used 406001K [0x0000000080000000, 0x00000000b1f80000, 0x00000000d5580000)
  object space 818688K, 49% used [0x0000000080000000,0x0000000098c7c428,0x00000000b1f80000)
 Metaspace       used 77037K, committed 78656K, reserved 1179648K
  class space    used 7928K, committed 8640K, reserved 1048576K
}
Event: 299.083 GC heap after
{Heap after GC invocations=1265 (full 3):
 PSYoungGen      total 6144K, used 729K [0x00000000d5580000, 0x00000000d5c80000, 0x0000000100000000)
  eden space 5120K, 0% used [0x00000000d5580000,0x00000000d5580000,0x00000000d5a80000)
  from space 1024K, 71% used [0x00000000d5b80000,0x00000000d5c36410,0x00000000d5c80000)
  to   space 1024K, 0% used [0x00000000d5a80000,0x00000000d5a80000,0x00000000d5b80000)
 ParOldGen       total 818688K, used 406597K [0x0000000080000000, 0x00000000b1f80000, 0x00000000d5580000)
  object space 818688K, 49% used [0x0000000080000000,0x0000000098d11468,0x00000000b1f80000)
 Metaspace       used 77037K, committed 78656K, reserved 1179648K
  class space    used 7928K, committed 8640K, reserved 1048576K
}
Event: 299.091 GC heap before
{Heap before GC invocations=1266 (full 3):
 PSYoungGen      total 6144K, used 5849K [0x00000000d5580000, 0x00000000d5c80000, 0x0000000100000000)
  eden space 5120K, 100% used [0x00000000d5580000,0x00000000d5a80000,0x00000000d5a80000)
  from space 1024K, 71% used [0x00000000d5b80000,0x00000000d5c36410,0x00000000d5c80000)
  to   space 1024K, 0% used [0x00000000d5a80000,0x00000000d5a80000,0x00000000d5b80000)
 ParOldGen       total 818688K, used 406597K [0x0000000080000000, 0x00000000b1f80000, 0x00000000d5580000)
  object space 818688K, 49% used [0x0000000080000000,0x0000000098d11468,0x00000000b1f80000)
 Metaspace       used 77044K, committed 78720K, reserved 1179648K
  class space    used 7928K, committed 8640K, reserved 1048576K
}
Event: 299.092 GC heap after
{Heap after GC invocations=1266 (full 3):
 PSYoungGen      total 6144K, used 640K [0x00000000d5580000, 0x00000000d5c80000, 0x0000000100000000)
  eden space 5120K, 0% used [0x00000000d5580000,0x00000000d5580000,0x00000000d5a80000)
  from space 1024K, 62% used [0x00000000d5a80000,0x00000000d5b20000,0x00000000d5b80000)
  to   space 1024K, 0% used [0x00000000d5b80000,0x00000000d5b80000,0x00000000d5c80000)
 ParOldGen       total 818688K, used 407270K [0x0000000080000000, 0x00000000b1f80000, 0x00000000d5580000)
  object space 818688K, 49% used [0x0000000080000000,0x0000000098db9a78,0x00000000b1f80000)
 Metaspace       used 77044K, committed 78720K, reserved 1179648K
  class space    used 7928K, committed 8640K, reserved 1048576K
}
Event: 299.103 GC heap before
{Heap before GC invocations=1267 (full 3):
 PSYoungGen      total 6144K, used 5760K [0x00000000d5580000, 0x00000000d5c80000, 0x0000000100000000)
  eden space 5120K, 100% used [0x00000000d5580000,0x00000000d5a80000,0x00000000d5a80000)
  from space 1024K, 62% used [0x00000000d5a80000,0x00000000d5b20000,0x00000000d5b80000)
  to   space 1024K, 0% used [0x00000000d5b80000,0x00000000d5b80000,0x00000000d5c80000)
 ParOldGen       total 818688K, used 407270K [0x0000000080000000, 0x00000000b1f80000, 0x00000000d5580000)
  object space 818688K, 49% used [0x0000000080000000,0x0000000098db9a78,0x00000000b1f80000)
 Metaspace       used 77054K, committed 78720K, reserved 1179648K
  class space    used 7928K, committed 8640K, reserved 1048576K
}
Event: 299.105 GC heap after
{Heap after GC invocations=1267 (full 3):
 PSYoungGen      total 5632K, used 1001K [0x00000000d5580000, 0x00000000d5d80000, 0x0000000100000000)
  eden space 4608K, 0% used [0x00000000d5580000,0x00000000d5580000,0x00000000d5a00000)
  from space 1024K, 97% used [0x00000000d5b80000,0x00000000d5c7a400,0x00000000d5c80000)
  to   space 1536K, 0% used [0x00000000d5a00000,0x00000000d5a00000,0x00000000d5b80000)
 ParOldGen       total 818688K, used 407826K [0x0000000080000000, 0x00000000b1f80000, 0x00000000d5580000)
  object space 818688K, 49% used [0x0000000080000000,0x0000000098e44aa8,0x00000000b1f80000)
 Metaspace       used 77054K, committed 78720K, reserved 1179648K
  class space    used 7928K, committed 8640K, reserved 1048576K
}
Event: 299.111 GC heap before
{Heap before GC invocations=1268 (full 3):
 PSYoungGen      total 5632K, used 5609K [0x00000000d5580000, 0x00000000d5d80000, 0x0000000100000000)
  eden space 4608K, 100% used [0x00000000d5580000,0x00000000d5a00000,0x00000000d5a00000)
  from space 1024K, 97% used [0x00000000d5b80000,0x00000000d5c7a400,0x00000000d5c80000)
  to   space 1536K, 0% used [0x00000000d5a00000,0x00000000d5a00000,0x00000000d5b80000)
 ParOldGen       total 818688K, used 407826K [0x0000000080000000, 0x00000000b1f80000, 0x00000000d5580000)
  object space 818688K, 49% used [0x0000000080000000,0x0000000098e44aa8,0x00000000b1f80000)
 Metaspace       used 77055K, committed 78720K, reserved 1179648K
  class space    used 7928K, committed 8640K, reserved 1048576K
}
Event: 299.112 GC heap after
{Heap after GC invocations=1268 (full 3):
 PSYoungGen      total 5120K, used 416K [0x00000000d5580000, 0x00000000d5c00000, 0x0000000100000000)
  eden space 4608K, 0% used [0x00000000d5580000,0x00000000d5580000,0x00000000d5a00000)
  from space 512K, 81% used [0x00000000d5a00000,0x00000000d5a68000,0x00000000d5a80000)
  to   space 1024K, 0% used [0x00000000d5b00000,0x00000000d5b00000,0x00000000d5c00000)
 ParOldGen       total 818688K, used 408720K [0x0000000080000000, 0x00000000b1f80000, 0x00000000d5580000)
  object space 818688K, 49% used [0x0000000080000000,0x0000000098f240c8,0x00000000b1f80000)
 Metaspace       used 77055K, committed 78720K, reserved 1179648K
  class space    used 7928K, committed 8640K, reserved 1048576K
}
Event: 299.124 GC heap before
{Heap before GC invocations=1269 (full 3):
 PSYoungGen      total 5120K, used 4090K [0x00000000d5580000, 0x00000000d5c00000, 0x0000000100000000)
  eden space 4608K, 79% used [0x00000000d5580000,0x00000000d5916b30,0x00000000d5a00000)
  from space 512K, 81% used [0x00000000d5a00000,0x00000000d5a68000,0x00000000d5a80000)
  to   space 1024K, 0% used [0x00000000d5b00000,0x00000000d5b00000,0x00000000d5c00000)
 ParOldGen       total 818688K, used 408720K [0x0000000080000000, 0x00000000b1f80000, 0x00000000d5580000)
  object space 818688K, 49% used [0x0000000080000000,0x0000000098f240c8,0x00000000b1f80000)
 Metaspace       used 77068K, committed 78720K, reserved 1179648K
  class space    used 7928K, committed 8640K, reserved 1048576K
}
Event: 299.126 GC heap after
{Heap after GC invocations=1269 (full 3):
 PSYoungGen      total 5632K, used 704K [0x00000000d5580000, 0x00000000d5c00000, 0x0000000100000000)
  eden space 4608K, 0% used [0x00000000d5580000,0x00000000d5580000,0x00000000d5a00000)
  from space 1024K, 68% used [0x00000000d5b00000,0x00000000d5bb0000,0x00000000d5c00000)
  to   space 1024K, 0% used [0x00000000d5a00000,0x00000000d5a00000,0x00000000d5b00000)
 ParOldGen       total 818688K, used 409060K [0x0000000080000000, 0x00000000b1f80000, 0x00000000d5580000)
  object space 818688K, 49% used [0x0000000080000000,0x0000000098f790f8,0x00000000b1f80000)
 Metaspace       used 77068K, committed 78720K, reserved 1179648K
  class space    used 7928K, committed 8640K, reserved 1048576K
}
Event: 299.127 GC heap before
{Heap before GC invocations=1270 (full 4):
 PSYoungGen      total 5632K, used 704K [0x00000000d5580000, 0x00000000d5c00000, 0x0000000100000000)
  eden space 4608K, 0% used [0x00000000d5580000,0x00000000d5580000,0x00000000d5a00000)
  from space 1024K, 68% used [0x00000000d5b00000,0x00000000d5bb0000,0x00000000d5c00000)
  to   space 1024K, 0% used [0x00000000d5a00000,0x00000000d5a00000,0x00000000d5b00000)
 ParOldGen       total 818688K, used 409060K [0x0000000080000000, 0x00000000b1f80000, 0x00000000d5580000)
  object space 818688K, 49% used [0x0000000080000000,0x0000000098f790f8,0x00000000b1f80000)
 Metaspace       used 77068K, committed 78720K, reserved 1179648K
  class space    used 7928K, committed 8640K, reserved 1048576K
}
Event: 299.252 GC heap after
{Heap after GC invocations=1270 (full 4):
 PSYoungGen      total 5632K, used 0K [0x00000000d5580000, 0x00000000d5c00000, 0x0000000100000000)
  eden space 4608K, 0% used [0x00000000d5580000,0x00000000d5580000,0x00000000d5a00000)
  from space 1024K, 0% used [0x00000000d5b00000,0x00000000d5b00000,0x00000000d5c00000)
  to   space 1024K, 0% used [0x00000000d5a00000,0x00000000d5a00000,0x00000000d5b00000)
 ParOldGen       total 818688K, used 257845K [0x0000000080000000, 0x00000000b1f80000, 0x00000000d5580000)
  object space 818688K, 31% used [0x0000000080000000,0x000000008fbcd480,0x00000000b1f80000)
 Metaspace       used 77039K, committed 78720K, reserved 1179648K
  class space    used 7920K, committed 8640K, reserved 1048576K
}
Event: 299.267 GC heap before
{Heap before GC invocations=1271 (full 4):
 PSYoungGen      total 5632K, used 4608K [0x00000000d5580000, 0x00000000d5c00000, 0x0000000100000000)
  eden space 4608K, 100% used [0x00000000d5580000,0x00000000d5a00000,0x00000000d5a00000)
  from space 1024K, 0% used [0x00000000d5b00000,0x00000000d5b00000,0x00000000d5c00000)
  to   space 1024K, 0% used [0x00000000d5a00000,0x00000000d5a00000,0x00000000d5b00000)
 ParOldGen       total 818688K, used 257845K [0x0000000080000000, 0x00000000b1f80000, 0x00000000d5580000)
  object space 818688K, 31% used [0x0000000080000000,0x000000008fbcd480,0x00000000b1f80000)
 Metaspace       used 77129K, committed 78784K, reserved 1179648K
  class space    used 7932K, committed 8640K, reserved 1048576K
}
Event: 299.268 GC heap after
{Heap after GC invocations=1271 (full 4):
 PSYoungGen      total 5632K, used 224K [0x00000000d5580000, 0x00000000d5b80000, 0x0000000100000000)
  eden space 4608K, 0% used [0x00000000d5580000,0x00000000d5580000,0x00000000d5a00000)
  from space 1024K, 21% used [0x00000000d5a00000,0x00000000d5a38000,0x00000000d5b00000)
  to   space 512K, 0% used [0x00000000d5b00000,0x00000000d5b00000,0x00000000d5b80000)
 ParOldGen       total 818688K, used 257845K [0x0000000080000000, 0x00000000b1f80000, 0x00000000d5580000)
  object space 818688K, 31% used [0x0000000080000000,0x000000008fbcd480,0x00000000b1f80000)
 Metaspace       used 77129K, committed 78784K, reserved 1179648K
  class space    used 7932K, committed 8640K, reserved 1048576K
}

Dll operation events (12 events):
Event: 0.019 Loaded shared library c:\Users\LENOVO\.antigravity\extensions\redhat.java-1.53.0-win32-x64\jre\21.0.10-win32-x86_64\bin\java.dll
Event: 0.100 Loaded shared library c:\Users\LENOVO\.antigravity\extensions\redhat.java-1.53.0-win32-x64\jre\21.0.10-win32-x86_64\bin\zip.dll
Event: 0.129 Loaded shared library C:\Users\LENOVO\.antigravity\extensions\redhat.java-1.53.0-win32-x64\jre\21.0.10-win32-x86_64\bin\instrument.dll
Event: 0.135 Loaded shared library C:\Users\LENOVO\.antigravity\extensions\redhat.java-1.53.0-win32-x64\jre\21.0.10-win32-x86_64\bin\net.dll
Event: 0.138 Loaded shared library C:\Users\LENOVO\.antigravity\extensions\redhat.java-1.53.0-win32-x64\jre\21.0.10-win32-x86_64\bin\nio.dll
Event: 0.142 Loaded shared library C:\Users\LENOVO\.antigravity\extensions\redhat.java-1.53.0-win32-x64\jre\21.0.10-win32-x86_64\bin\zip.dll
Event: 0.161 Loaded shared library C:\Users\LENOVO\.antigravity\extensions\redhat.java-1.53.0-win32-x64\jre\21.0.10-win32-x86_64\bin\jimage.dll
Event: 0.245 Loaded shared library c:\Users\LENOVO\.antigravity\extensions\redhat.java-1.53.0-win32-x64\jre\21.0.10-win32-x86_64\bin\verify.dll
Event: 7.703 Loaded shared library C:\Users\LENOVO\AppData\Roaming\Antigravity\User\globalStorage\redhat.java\1.53.0\config_win\org.eclipse.equinox.launcher\org.eclipse.equinox.launcher.win32.win32.x86_64_1.3.0.v20260203-2149\eclipse_11919.dll
Event: 16.227 Loaded shared library C:\Users\LENOVO\AppData\Local\Temp\jna--2053026509\jna9858324899433022291.dll
Event: 283.487 Loaded shared library C:\Users\LENOVO\.antigravity\extensions\redhat.java-1.53.0-win32-x64\jre\21.0.10-win32-x86_64\bin\sunmscapi.dll
Event: 283.546 Loaded shared library C:\Users\LENOVO\.antigravity\extensions\redhat.java-1.53.0-win32-x64\jre\21.0.10-win32-x86_64\bin\extnet.dll

Deoptimization events (20 events):
Event: 298.932 Thread 0x0000017d62b825f0 Uncommon trap: trap_request=0xffffffe4 fr.pc=0x0000017d4f8de684 relative=0x0000000000000364
Event: 298.932 Thread 0x0000017d62b825f0 Uncommon trap: reason=range_check action=make_not_entrant pc=0x0000017d4f8de684 method=java.util.LinkedHashMap.keysToArray([Ljava/lang/Object;Z)[Ljava/lang/Object; @ 67 c2
Event: 298.932 Thread 0x0000017d62b825f0 DEOPT PACKING pc=0x0000017d4f8de684 sp=0x0000004e52dfd350
Event: 298.932 Thread 0x0000017d62b825f0 DEOPT UNPACKING pc=0x0000017d4e1a6da2 sp=0x0000004e52dfd268 mode 2
Event: 298.933 Thread 0x0000017d62b825f0 Uncommon trap: trap_request=0xffffffe4 fr.pc=0x0000017d4f8dee08 relative=0x0000000000000368
Event: 298.933 Thread 0x0000017d62b825f0 Uncommon trap: reason=range_check action=make_not_entrant pc=0x0000017d4f8dee08 method=java.util.LinkedHashMap.keysToArray([Ljava/lang/Object;Z)[Ljava/lang/Object; @ 67 c2
Event: 298.933 Thread 0x0000017d62b825f0 DEOPT PACKING pc=0x0000017d4f8dee08 sp=0x0000004e52dfcf30
Event: 298.933 Thread 0x0000017d62b825f0 DEOPT UNPACKING pc=0x0000017d4e1a6da2 sp=0x0000004e52dfcec8 mode 2
Event: 299.253 Thread 0x0000017d62c43620 Uncommon trap: trap_request=0xffffffc6 fr.pc=0x0000017d4ee8f980 relative=0x00000000000006a0
Event: 299.253 Thread 0x0000017d62c43620 Uncommon trap: reason=bimorphic_or_optimized_type_check action=maybe_recompile pc=0x0000017d4ee8f980 method=java.nio.channels.spi.AbstractInterruptibleChannel.close()V @ 23 c2
Event: 299.253 Thread 0x0000017d62c43620 DEOPT PACKING pc=0x0000017d4ee8f980 sp=0x0000004e51bfefb0
Event: 299.253 Thread 0x0000017d62c43620 DEOPT UNPACKING pc=0x0000017d4e1a6da2 sp=0x0000004e51bfef90 mode 2
Event: 299.253 Thread 0x0000017d62c43620 Uncommon trap: trap_request=0xffffffc6 fr.pc=0x0000017d4ee8f980 relative=0x00000000000006a0
Event: 299.253 Thread 0x0000017d62c43620 Uncommon trap: reason=bimorphic_or_optimized_type_check action=maybe_recompile pc=0x0000017d4ee8f980 method=java.nio.channels.spi.AbstractInterruptibleChannel.close()V @ 23 c2
Event: 299.253 Thread 0x0000017d62c43620 DEOPT PACKING pc=0x0000017d4ee8f980 sp=0x0000004e51bfede0
Event: 299.253 Thread 0x0000017d62c43620 DEOPT UNPACKING pc=0x0000017d4e1a6da2 sp=0x0000004e51bfedc0 mode 2
Event: 299.254 Thread 0x0000017d62c43620 Uncommon trap: trap_request=0xffffffc6 fr.pc=0x0000017d4ee8f980 relative=0x00000000000006a0
Event: 299.254 Thread 0x0000017d62c43620 Uncommon trap: reason=bimorphic_or_optimized_type_check action=maybe_recompile pc=0x0000017d4ee8f980 method=java.nio.channels.spi.AbstractInterruptibleChannel.close()V @ 23 c2
Event: 299.254 Thread 0x0000017d62c43620 DEOPT PACKING pc=0x0000017d4ee8f980 sp=0x0000004e51bfefb0
Event: 299.254 Thread 0x0000017d62c43620 DEOPT UNPACKING pc=0x0000017d4e1a6da2 sp=0x0000004e51bfef90 mode 2

Classes loaded (20 events):
Event: 299.254 Loading class sun/nio/ch/ExtendedSocketOption
Event: 299.254 Loading class sun/nio/ch/ExtendedSocketOption done
Event: 299.254 Loading class sun/nio/ch/ExtendedSocketOption$1
Event: 299.254 Loading class sun/nio/ch/ExtendedSocketOption$1 done
Event: 299.254 Loading class java/util/LinkedList$LLSpliterator
Event: 299.254 Loading class java/util/LinkedList$LLSpliterator done
Event: 299.258 Loading class java/util/concurrent/ConcurrentSkipListMap$KeySet
Event: 299.258 Loading class java/util/concurrent/ConcurrentSkipListMap$KeySet done
Event: 299.258 Loading class java/util/concurrent/ConcurrentSkipListMap$KeyIterator
Event: 299.258 Loading class java/util/concurrent/ConcurrentSkipListMap$Iter
Event: 299.258 Loading class java/util/concurrent/ConcurrentSkipListMap$Iter done
Event: 299.258 Loading class java/util/concurrent/ConcurrentSkipListMap$KeyIterator done
Event: 548.246 Loading class java/util/stream/DistinctOps
Event: 548.247 Loading class java/util/stream/DistinctOps done
Event: 548.247 Loading class java/util/stream/DistinctOps$1
Event: 548.247 Loading class java/util/stream/DistinctOps$1 done
Event: 548.252 Loading class java/util/stream/DistinctOps$1$2
Event: 548.252 Loading class java/util/stream/DistinctOps$1$2 done
Event: 548.259 Loading class java/util/ImmutableCollections$SubList
Event: 548.259 Loading class java/util/ImmutableCollections$SubList done

Classes unloaded (20 events):
Event: 16.802 Thread 0x0000017d439927c0 Unloading class 0x0000017d011a9400 'java/lang/invoke/LambdaForm$MH+0x0000017d011a9400'
Event: 16.802 Thread 0x0000017d439927c0 Unloading class 0x0000017d011a9000 'java/lang/invoke/LambdaForm$BMH+0x0000017d011a9000'
Event: 16.802 Thread 0x0000017d439927c0 Unloading class 0x0000017d011a8c00 'java/lang/invoke/LambdaForm$DMH+0x0000017d011a8c00'
Event: 16.802 Thread 0x0000017d439927c0 Unloading class 0x0000017d011a3800 'java/lang/invoke/LambdaForm$DMH+0x0000017d011a3800'
Event: 299.160 Thread 0x0000017d439927c0 Unloading class 0x0000017d01756000 'java/lang/invoke/LambdaForm$MH+0x0000017d01756000'
Event: 299.160 Thread 0x0000017d439927c0 Unloading class 0x0000017d01755800 'java/lang/invoke/LambdaForm$MH+0x0000017d01755800'
Event: 299.160 Thread 0x0000017d439927c0 Unloading class 0x0000017d01755000 'java/lang/invoke/LambdaForm$MH+0x0000017d01755000'
Event: 299.160 Thread 0x0000017d439927c0 Unloading class 0x0000017d01754800 'java/lang/invoke/LambdaForm$MH+0x0000017d01754800'
Event: 299.160 Thread 0x0000017d439927c0 Unloading class 0x0000017d01754000 'java/lang/invoke/LambdaForm$MH+0x0000017d01754000'
Event: 299.160 Thread 0x0000017d439927c0 Unloading class 0x0000017d01731800 'java/lang/invoke/LambdaForm$MH+0x0000017d01731800'
Event: 299.160 Thread 0x0000017d439927c0 Unloading class 0x0000017d01731000 'java/lang/invoke/LambdaForm$MH+0x0000017d01731000'
Event: 299.160 Thread 0x0000017d439927c0 Unloading class 0x0000017d01730800 'java/lang/invoke/LambdaForm$MH+0x0000017d01730800'
Event: 299.160 Thread 0x0000017d439927c0 Unloading class 0x0000017d01730000 'java/lang/invoke/LambdaForm$MH+0x0000017d01730000'
Event: 299.160 Thread 0x0000017d439927c0 Unloading class 0x0000017d0172a400 'java/lang/invoke/LambdaForm$MH+0x0000017d0172a400'
Event: 299.160 Thread 0x0000017d439927c0 Unloading class 0x0000017d01729800 'java/lang/invoke/LambdaForm$MH+0x0000017d01729800'
Event: 299.160 Thread 0x0000017d439927c0 Unloading class 0x0000017d01720400 'java/lang/invoke/LambdaForm$DMH+0x0000017d01720400'
Event: 299.160 Thread 0x0000017d439927c0 Unloading class 0x0000017d016f9400 'java/lang/invoke/LambdaForm$DMH+0x0000017d016f9400'
Event: 299.160 Thread 0x0000017d439927c0 Unloading class 0x0000017d016f8c00 'java/lang/invoke/LambdaForm$DMH+0x0000017d016f8c00'
Event: 299.160 Thread 0x0000017d439927c0 Unloading class 0x0000017d016f8800 'java/lang/invoke/LambdaForm$DMH+0x0000017d016f8800'
Event: 299.160 Thread 0x0000017d439927c0 Unloading class 0x0000017d016f9000 'java/lang/invoke/LambdaForm$DMH+0x0000017d016f9000'

Classes redefined (0 events):
No events

Internal exceptions (20 events):
Event: 49.581 Thread 0x0000017d62b83310 Exception <a 'java/lang/LinkageError'{0x00000000d591e1f8}: loader lombok.launch.ShadowClassLoader @74c4d621 attempted duplicate class definition for lombok.eclipse.EcjAugments. (lombok.eclipse.EcjAugments is in unnamed module of loader lombok.launch.ShadowClassLoader @74c4d621, parent loader org.eclipse.osgi.internal.loader.EquinoxClassLoader @46f7e38a)> (0x00000000d591e1f8) 
thrown [s\src\hotspot\share\classfile\systemDictionary.cpp, line 1672]
Event: 49.589 Thread 0x0000017d62b7ca10 Exception <a 'java/lang/LinkageError'{0x00000000d59a7218}: loader lombok.launch.ShadowClassLoader @74c4d621 attempted duplicate class definition for lombok.launch.PatchFixesHider$PatchFixes. (lombok.launch.PatchFixesHider$PatchFixes is in unnamed module of loader lombok.launch.ShadowClassLoader @74c4d621, parent loader org.eclipse.osgi.internal.loader.EquinoxClassLoader @46f7e38a)> (0x00000000d59a7218) 
thrown [s\src\hotspot\share\classfile\systemDictionary.cpp, line 1672]
Event: 49.600 Thread 0x0000017d62b83310 Exception <a 'java/lang/LinkageError'{0x00000000d5a22058}: loader lombok.launch.ShadowClassLoader @74c4d621 attempted duplicate class definition for lombok.launch.PatchFixesHider$ValPortal. (lombok.launch.PatchFixesHider$ValPortal is in unnamed module of loader lombok.launch.ShadowClassLoader @74c4d621, parent loader org.eclipse.osgi.internal.loader.EquinoxClassLoader @46f7e38a)> (0x00000000d5a22058) 
thrown [s\src\hotspot\share\classfile\systemDictionary.cpp, line 1672]
Event: 49.684 Thread 0x0000017d62b83310 Implicit null exception at 0x0000017d4ed43d5a to 0x0000017d4ed43db3
Event: 49.723 Thread 0x0000017d62b83310 Implicit null exception at 0x0000017d4f143c28 to 0x0000017d4f1458b0
Event: 49.723 Thread 0x0000017d62b83310 Implicit null exception at 0x0000017d4f164686 to 0x0000017d4f166198
Event: 49.723 Thread 0x0000017d62b83310 Implicit null exception at 0x0000017d4f09bd7a to 0x0000017d4f09be34
Event: 50.519 Thread 0x0000017d62b7ca10 Exception <a 'java/lang/NoSuchMethodError'{0x00000000d59218e8}: 'void java.lang.invoke.DirectMethodHandle$Holder.invokeSpecial(java.lang.Object, java.lang.Object, int)'> (0x00000000d59218e8) 
thrown [s\src\hotspot\share\interpreter\linkResolver.cpp, line 773]
Event: 50.584 Thread 0x0000017d62b7ca10 Exception <a 'java/lang/NoSuchMethodError'{0x00000000d5cbc490}: 'int java.lang.invoke.DirectMethodHandle$Holder.invokeVirtual(java.lang.Object, java.lang.Object, java.lang.Object, int)'> (0x00000000d5cbc490) 
thrown [s\src\hotspot\share\interpreter\linkResolver.cpp, line 773]
Event: 50.679 Thread 0x0000017d627ca130 Implicit null exception at 0x0000017d4ea34fcf to 0x0000017d4ea35194
Event: 50.808 Thread 0x0000017d627ca130 Exception <a 'java/io/FileNotFoundException'{0x00000000d5c2d788}> (0x00000000d5c2d788) 
thrown [s\src\hotspot\share\prims\jni.cpp, line 520]
Event: 50.809 Thread 0x0000017d627ca130 Exception <a 'java/io/FileNotFoundException'{0x00000000d5c2eb28}> (0x00000000d5c2eb28) 
thrown [s\src\hotspot\share\prims\jni.cpp, line 520]
Event: 50.809 Thread 0x0000017d627ca130 Exception <a 'java/io/FileNotFoundException'{0x00000000d5c2fcd0}> (0x00000000d5c2fcd0) 
thrown [s\src\hotspot\share\prims\jni.cpp, line 520]
Event: 50.951 Thread 0x0000017d627ca130 Exception <a 'java/lang/NoSuchMethodError'{0x00000000d5aa4bc8}: 'java.lang.Object java.lang.invoke.DirectMethodHandle$Holder.invokeStatic(java.lang.Object, java.lang.Object, int, java.lang.Object, java.lang.Object)'> (0x00000000d5aa4bc8) 
thrown [s\src\hotspot\share\interpreter\linkResolver.cpp, line 773]
Event: 94.573 Thread 0x0000017d627cd5b0 Exception <a 'java/lang/IncompatibleClassChangeError'{0x00000000d59cd068}: Found class java.lang.Object, but interface was expected> (0x00000000d59cd068) 
thrown [s\src\hotspot\share\interpreter\linkResolver.cpp, line 840]
Event: 94.660 Thread 0x0000017d62b7ca10 Exception <a 'java/lang/NoSuchMethodError'{0x00000000d5b743e0}: 'java.lang.Object java.lang.invoke.DirectMethodHandle$Holder.invokeStatic(java.lang.Object, int, java.lang.Object)'> (0x00000000d5b743e0) 
thrown [s\src\hotspot\share\interpreter\linkResolver.cpp, line 773]
Event: 100.339 Thread 0x0000017d627cd5b0 Exception <a 'java/lang/IncompatibleClassChangeError'{0x00000000d5793928}: Found class java.lang.Object, but interface was expected> (0x00000000d5793928) 
thrown [s\src\hotspot\share\interpreter\linkResolver.cpp, line 840]
Event: 283.183 Thread 0x0000017d62c40ec0 Implicit null exception at 0x0000017d4e91e4a1 to 0x0000017d4e91eb2c
Event: 283.326 Thread 0x0000017d62b825f0 Exception <a 'java/lang/NoSuchMethodError'{0x00000000d581c370}: 'java.lang.Object java.lang.invoke.DirectMethodHandle$Holder.invokeStaticInit(java.lang.Object, java.lang.Object, int)'> (0x00000000d581c370) 
thrown [s\src\hotspot\share\interpreter\linkResolver.cpp, line 773]
Event: 283.358 Thread 0x0000017d62b825f0 Exception <a 'sun/nio/fs/WindowsException'{0x00000000d5a086a0}> (0x00000000d5a086a0) 
thrown [s\src\hotspot\share\prims\jni.cpp, line 520]

ZGC Phase Switch (0 events):
No events

VM Operations (20 events):
Event: 347.977 Executing safepoint VM operation: Cleanup
Event: 347.977 Executing safepoint VM operation: Cleanup done
Event: 360.799 Executing non-safepoint VM operation: HandshakeAllThreads (HandshakeForDeflation)
Event: 360.799 Executing non-safepoint VM operation: HandshakeAllThreads (HandshakeForDeflation) done
Event: 360.799 Executing non-safepoint VM operation: RendezvousGCThreads
Event: 360.799 Executing non-safepoint VM operation: RendezvousGCThreads done
Event: 362.805 Executing safepoint VM operation: Cleanup
Event: 362.805 Executing safepoint VM operation: Cleanup done
Event: 481.150 Executing non-safepoint VM operation: HandshakeAllThreads (HandshakeForDeflation)
Event: 481.150 Executing non-safepoint VM operation: HandshakeAllThreads (HandshakeForDeflation) done
Event: 481.150 Executing non-safepoint VM operation: RendezvousGCThreads
Event: 481.150 Executing non-safepoint VM operation: RendezvousGCThreads done
Event: 548.251 Executing non-safepoint VM operation: HandshakeAllThreads (Deoptimize)
Event: 548.252 Executing non-safepoint VM operation: HandshakeAllThreads (Deoptimize) done
Event: 548.252 Executing safepoint VM operation: Cleanup
Event: 548.252 Executing safepoint VM operation: Cleanup done
Event: 548.261 Executing non-safepoint VM operation: HandshakeAllThreads (Deoptimize)
Event: 548.261 Executing non-safepoint VM operation: HandshakeAllThreads (Deoptimize) done
Event: 549.262 Executing safepoint VM operation: Cleanup
Event: 549.262 Executing safepoint VM operation: Cleanup done

Memory protections (0 events):
No events

Nmethod flushes (20 events):
Event: 299.185 Thread 0x0000017d439927c0 flushing  nmethod 0x0000017d4800e910
Event: 299.185 Thread 0x0000017d439927c0 flushing  nmethod 0x0000017d4800f990
Event: 299.185 Thread 0x0000017d439927c0 flushing  nmethod 0x0000017d48012090
Event: 299.185 Thread 0x0000017d439927c0 flushing  nmethod 0x0000017d48020990
Event: 299.185 Thread 0x0000017d439927c0 flushing  nmethod 0x0000017d48029510
Event: 299.185 Thread 0x0000017d439927c0 flushing  nmethod 0x0000017d48036790
Event: 299.185 Thread 0x0000017d439927c0 flushing  nmethod 0x0000017d4806b490
Event: 299.185 Thread 0x0000017d439927c0 flushing  nmethod 0x0000017d4806fa10
Event: 299.185 Thread 0x0000017d439927c0 flushing  nmethod 0x0000017d48073090
Event: 299.185 Thread 0x0000017d439927c0 flushing  nmethod 0x0000017d48075710
Event: 299.185 Thread 0x0000017d439927c0 flushing  nmethod 0x0000017d48075d10
Event: 299.185 Thread 0x0000017d439927c0 flushing  nmethod 0x0000017d48082e90
Event: 299.185 Thread 0x0000017d439927c0 flushing  nmethod 0x0000017d480f0710
Event: 299.185 Thread 0x0000017d439927c0 flushing  nmethod 0x0000017d480fba90
Event: 299.185 Thread 0x0000017d439927c0 flushing  nmethod 0x0000017d4814b390
Event: 299.185 Thread 0x0000017d439927c0 flushing  nmethod 0x0000017d48168e10
Event: 299.185 Thread 0x0000017d439927c0 flushing  nmethod 0x0000017d48186f10
Event: 299.185 Thread 0x0000017d439927c0 flushing  nmethod 0x0000017d48187c10
Event: 299.185 Thread 0x0000017d439927c0 flushing  nmethod 0x0000017d48188790
Event: 299.185 Thread 0x0000017d439927c0 flushing  nmethod 0x0000017d48196d90

Events (20 events):
Event: 286.454 Thread 0x0000017d61901c70 Thread exited: 0x0000017d61901c70
Event: 286.480 Thread 0x0000017d60008120 Thread added: 0x0000017d61902a10
Event: 287.944 Thread 0x0000017d61902a10 Thread exited: 0x0000017d61902a10
Event: 292.783 Thread 0x0000017d61900ed0 Thread exited: 0x0000017d61900ed0
Event: 293.179 Thread 0x0000017d60008120 Thread added: 0x0000017d61904550
Event: 293.940 Thread 0x0000017d61904550 Thread exited: 0x0000017d61904550
Event: 293.958 Thread 0x0000017d60008120 Thread added: 0x0000017d619037b0
Event: 293.994 Thread 0x0000017d439a08c0 Thread added: 0x0000017d61904550
Event: 298.888 Thread 0x0000017d61904550 Thread exited: 0x0000017d61904550
Event: 298.889 Thread 0x0000017d619037b0 Thread exited: 0x0000017d619037b0
Event: 298.903 Thread 0x0000017d60008120 Thread added: 0x0000017d619037b0
Event: 298.903 Thread 0x0000017d439a08c0 Thread added: 0x0000017d61902a10
Event: 299.059 Thread 0x0000017d61902a10 Thread exited: 0x0000017d61902a10
Event: 299.258 Thread 0x0000017d62c43620 Thread exited: 0x0000017d62c43620
Event: 304.347 Thread 0x0000017d619037b0 Thread exited: 0x0000017d619037b0
Event: 368.288 Thread 0x0000017d62b825f0 Thread exited: 0x0000017d62b825f0
Event: 428.290 Thread 0x0000017d62b7fe90 Thread exited: 0x0000017d62b7fe90
Event: 488.291 Thread 0x0000017d62c44340 Thread exited: 0x0000017d62c44340
Event: 548.297 Thread 0x0000017d62c3e760 Thread exited: 0x0000017d62c3e760
Event: 608.306 Thread 0x0000017d62b82c80 Thread exited: 0x0000017d62b82c80


Dynamic libraries:
0x00007ff72cfd0000 - 0x00007ff72cfde000 	c:\Users\LENOVO\.antigravity\extensions\redhat.java-1.53.0-win32-x64\jre\21.0.10-win32-x86_64\bin\java.exe
0x00007ffe0bf80000 - 0x00007ffe0c1e7000 	C:\WINDOWS\SYSTEM32\ntdll.dll
0x00007ffe0b6e0000 - 0x00007ffe0b7a9000 	C:\WINDOWS\System32\KERNEL32.DLL
0x00007ffe090a0000 - 0x00007ffe09494000 	C:\WINDOWS\System32\KERNELBASE.dll
0x00007ffe08ea0000 - 0x00007ffe08feb000 	C:\WINDOWS\System32\ucrtbase.dll
0x00007ffdf6160000 - 0x00007ffdf6178000 	c:\Users\LENOVO\.antigravity\extensions\redhat.java-1.53.0-win32-x64\jre\21.0.10-win32-x86_64\bin\jli.dll
0x00007ffe0ba90000 - 0x00007ffe0bc55000 	C:\WINDOWS\System32\USER32.dll
0x00007ffe08db0000 - 0x00007ffe08dd7000 	C:\WINDOWS\System32\win32u.dll
0x00007ffe0b7b0000 - 0x00007ffe0b7db000 	C:\WINDOWS\System32\GDI32.dll
0x00007ffdf6140000 - 0x00007ffdf615e000 	c:\Users\LENOVO\.antigravity\extensions\redhat.java-1.53.0-win32-x64\jre\21.0.10-win32-x86_64\bin\VCRUNTIME140.dll
0x00007ffe08bd0000 - 0x00007ffe08cfa000 	C:\WINDOWS\System32\gdi32full.dll
0x00007ffdeef10000 - 0x00007ffdef1a3000 	C:\WINDOWS\WinSxS\amd64_microsoft.windows.common-controls_6595b64144ccf1df_6.0.26100.8115_none_3e075c82e3354f9c\COMCTL32.dll
0x00007ffe08d00000 - 0x00007ffe08da3000 	C:\WINDOWS\System32\msvcp_win.dll
0x00007ffe0af50000 - 0x00007ffe0aff9000 	C:\WINDOWS\System32\msvcrt.dll
0x00007ffe0a5b0000 - 0x00007ffe0a5e2000 	C:\WINDOWS\System32\IMM32.DLL
0x00007ffe03fd0000 - 0x00007ffe03fdc000 	c:\Users\LENOVO\.antigravity\extensions\redhat.java-1.53.0-win32-x64\jre\21.0.10-win32-x86_64\bin\vcruntime140_1.dll
0x00007ffdf3be0000 - 0x00007ffdf3c6d000 	c:\Users\LENOVO\.antigravity\extensions\redhat.java-1.53.0-win32-x64\jre\21.0.10-win32-x86_64\bin\msvcp140.dll
0x00007ffd43d00000 - 0x00007ffd44aa1000 	c:\Users\LENOVO\.antigravity\extensions\redhat.java-1.53.0-win32-x64\jre\21.0.10-win32-x86_64\bin\server\jvm.dll
0x00007ffe0b050000 - 0x00007ffe0b106000 	C:\WINDOWS\System32\ADVAPI32.dll
0x00007ffe0bc60000 - 0x00007ffe0bd07000 	C:\WINDOWS\System32\sechost.dll
0x00007ffe0be20000 - 0x00007ffe0bf38000 	C:\WINDOWS\System32\RPCRT4.dll
0x00007ffe0b7e0000 - 0x00007ffe0b860000 	C:\WINDOWS\System32\WS2_32.dll
0x00007ffe00080000 - 0x00007ffe000b6000 	C:\WINDOWS\SYSTEM32\WINMM.dll
0x00007ffe086b0000 - 0x00007ffe0870e000 	C:\WINDOWS\SYSTEM32\POWRPROF.dll
0x00007ffdf8b60000 - 0x00007ffdf8b6b000 	C:\WINDOWS\SYSTEM32\VERSION.dll
0x00007ffe08690000 - 0x00007ffe086a4000 	C:\WINDOWS\SYSTEM32\UMPDC.dll
0x00007ffe075e0000 - 0x00007ffe075fb000 	C:\WINDOWS\SYSTEM32\kernel.appcore.dll
0x00007ffdf6440000 - 0x00007ffdf644a000 	c:\Users\LENOVO\.antigravity\extensions\redhat.java-1.53.0-win32-x64\jre\21.0.10-win32-x86_64\bin\jimage.dll
0x00007ffe029f0000 - 0x00007ffe02c32000 	C:\WINDOWS\SYSTEM32\DBGHELP.DLL
0x00007ffe0a220000 - 0x00007ffe0a5a2000 	C:\WINDOWS\System32\combase.dll
0x00007ffe0b490000 - 0x00007ffe0b567000 	C:\WINDOWS\System32\OLEAUT32.dll
0x00007ffde5650000 - 0x00007ffde568b000 	C:\WINDOWS\SYSTEM32\dbgcore.DLL
0x00007ffe08ff0000 - 0x00007ffe09095000 	C:\WINDOWS\System32\bcryptPrimitives.dll
0x00007ffdf5ef0000 - 0x00007ffdf5eff000 	c:\Users\LENOVO\.antigravity\extensions\redhat.java-1.53.0-win32-x64\jre\21.0.10-win32-x86_64\bin\instrument.dll
0x00007ffdf5ed0000 - 0x00007ffdf5ef0000 	c:\Users\LENOVO\.antigravity\extensions\redhat.java-1.53.0-win32-x64\jre\21.0.10-win32-x86_64\bin\java.dll
0x00007ffe0a5f0000 - 0x00007ffe0ad56000 	C:\WINDOWS\System32\SHELL32.dll
0x00007ffe08a60000 - 0x00007ffe08bca000 	C:\WINDOWS\System32\wintypes.dll
0x00007ffe094a0000 - 0x00007ffe09d05000 	C:\WINDOWS\System32\windows.storage.dll
0x00007ffe0bd10000 - 0x00007ffe0be07000 	C:\WINDOWS\System32\SHCORE.dll
0x00007ffe0b670000 - 0x00007ffe0b6d6000 	C:\WINDOWS\System32\shlwapi.dll
0x00007ffe08770000 - 0x00007ffe08799000 	C:\WINDOWS\SYSTEM32\profapi.dll
0x00007ffdf3bc0000 - 0x00007ffdf3bd8000 	c:\Users\LENOVO\.antigravity\extensions\redhat.java-1.53.0-win32-x64\jre\21.0.10-win32-x86_64\bin\zip.dll
0x00007ffdf3bb0000 - 0x00007ffdf3bc0000 	C:\Users\LENOVO\.antigravity\extensions\redhat.java-1.53.0-win32-x64\jre\21.0.10-win32-x86_64\bin\net.dll
0x00007ffdfa5d0000 - 0x00007ffdfa6fd000 	C:\WINDOWS\SYSTEM32\WINHTTP.dll
0x00007ffe07b50000 - 0x00007ffe07bbc000 	C:\WINDOWS\system32\mswsock.dll
0x00007ffdf3b90000 - 0x00007ffdf3ba6000 	C:\Users\LENOVO\.antigravity\extensions\redhat.java-1.53.0-win32-x64\jre\21.0.10-win32-x86_64\bin\nio.dll
0x00007ffdf3b80000 - 0x00007ffdf3b90000 	c:\Users\LENOVO\.antigravity\extensions\redhat.java-1.53.0-win32-x64\jre\21.0.10-win32-x86_64\bin\verify.dll
0x00007ffde3e90000 - 0x00007ffde3ed5000 	C:\Users\LENOVO\AppData\Roaming\Antigravity\User\globalStorage\redhat.java\1.53.0\config_win\org.eclipse.equinox.launcher\org.eclipse.equinox.launcher.win32.win32.x86_64_1.3.0.v20260203-2149\eclipse_11919.dll
0x00007ffe0b8f0000 - 0x00007ffe0ba87000 	C:\WINDOWS\System32\ole32.dll
0x00007ffe07e30000 - 0x00007ffe07e4b000 	C:\WINDOWS\SYSTEM32\CRYPTSP.dll
0x00007ffe07540000 - 0x00007ffe07579000 	C:\WINDOWS\system32\rsaenh.dll
0x00007ffe07c00000 - 0x00007ffe07c33000 	C:\WINDOWS\SYSTEM32\USERENV.dll
0x00007ffe08740000 - 0x00007ffe0876a000 	C:\WINDOWS\SYSTEM32\bcrypt.dll
0x00007ffe07e50000 - 0x00007ffe07e5c000 	C:\WINDOWS\SYSTEM32\CRYPTBASE.dll
0x00007ffe07050000 - 0x00007ffe07082000 	C:\WINDOWS\SYSTEM32\IPHLPAPI.DLL
0x00007ffe0be10000 - 0x00007ffe0be1a000 	C:\WINDOWS\System32\NSI.dll
0x00007ffdf3950000 - 0x00007ffdf3999000 	C:\Users\LENOVO\AppData\Local\Temp\jna--2053026509\jna9858324899433022291.dll
0x00007ffe0ad60000 - 0x00007ffe0ad68000 	C:\WINDOWS\System32\PSAPI.DLL
0x00007ffdffff0000 - 0x00007ffe0000d000 	C:\WINDOWS\SYSTEM32\dhcpcsvc6.DLL
0x00007ffdfffc0000 - 0x00007ffdfffe5000 	C:\WINDOWS\SYSTEM32\dhcpcsvc.DLL
0x00007ffdf3900000 - 0x00007ffdf390e000 	C:\Users\LENOVO\.antigravity\extensions\redhat.java-1.53.0-win32-x64\jre\21.0.10-win32-x86_64\bin\sunmscapi.dll
0x00007ffe088e0000 - 0x00007ffe08a57000 	C:\WINDOWS\System32\CRYPT32.dll
0x00007ffe08050000 - 0x00007ffe08080000 	C:\WINDOWS\SYSTEM32\ncrypt.dll
0x00007ffe08000000 - 0x00007ffe0803f000 	C:\WINDOWS\SYSTEM32\NTASN1.dll
0x00007ffe05630000 - 0x00007ffe05638000 	C:\WINDOWS\system32\wshunix.dll
0x00007ffdf38f0000 - 0x00007ffdf38f9000 	C:\Users\LENOVO\.antigravity\extensions\redhat.java-1.53.0-win32-x64\jre\21.0.10-win32-x86_64\bin\extnet.dll

JVMTI agents:
c:\Users\LENOVO\.antigravity\extensions\redhat.java-1.53.0-win32-x64\lombok\lombok-1.18.39-4050.jar path:c:\Users\LENOVO\.antigravity\extensions\redhat.java-1.53.0-win32-x64\jre\21.0.10-win32-x86_64\bin\instrument.dll, loaded, initialized, instrumentlib options:none

dbghelp: loaded successfully - version: 4.0.5 - missing functions: none
symbol engine: initialized successfully - sym options: 0x614 - pdb path: .;c:\Users\LENOVO\.antigravity\extensions\redhat.java-1.53.0-win32-x64\jre\21.0.10-win32-x86_64\bin;C:\WINDOWS\SYSTEM32;C:\WINDOWS\WinSxS\amd64_microsoft.windows.common-controls_6595b64144ccf1df_6.0.26100.8115_none_3e075c82e3354f9c;c:\Users\LENOVO\.antigravity\extensions\redhat.java-1.53.0-win32-x64\jre\21.0.10-win32-x86_64\bin\server;C:\Users\LENOVO\AppData\Roaming\Antigravity\User\globalStorage\redhat.java\1.53.0\config_win\org.eclipse.equinox.launcher\org.eclipse.equinox.launcher.win32.win32.x86_64_1.3.0.v20260203-2149;C:\Users\LENOVO\AppData\Local\Temp\jna--2053026509

VM Arguments:
jvm_args: --add-modules=ALL-SYSTEM --add-opens=java.base/java.util=ALL-UNNAMED --add-opens=java.base/java.lang=ALL-UNNAMED --add-opens=java.base/sun.nio.fs=ALL-UNNAMED -Declipse.application=org.eclipse.jdt.ls.core.id1 -Dosgi.bundles.defaultStartLevel=4 -Declipse.product=org.eclipse.jdt.ls.core.product -Djava.import.generatesMetadataFilesAtProjectRoot=false -DDetectVMInstallationsJob.disabled=true -Dfile.encoding=utf8 -XX:+UseParallelGC -XX:GCTimeRatio=4 -XX:AdaptiveSizePolicyWeight=90 -Dsun.zip.disableMemoryMapping=true -Xmx2G -Xms100m -Xlog:disable -javaagent:c:\Users\LENOVO\.antigravity\extensions\redhat.java-1.53.0-win32-x64\lombok\lombok-1.18.39-4050.jar -XX:+HeapDumpOnOutOfMemoryError -XX:HeapDumpPath=c:\Users\LENOVO\AppData\Roaming\Antigravity\User\workspaceStorage\c32ad2883d698218fc90bdae50dd7373\redhat.java -Daether.dependencyCollector.impl=bf 
java_command: c:\Users\LENOVO\.antigravity\extensions\redhat.java-1.53.0-win32-x64\server\plugins\org.eclipse.equinox.launcher_1.7.100.v20251111-0406.jar -configuration c:\Users\LENOVO\AppData\Roaming\Antigravity\User\globalStorage\redhat.java\1.53.0\config_win -data c:\Users\LENOVO\AppData\Roaming\Antigravity\User\workspaceStorage\c32ad2883d698218fc90bdae50dd7373\redhat.java\jdt_ws --pipe=\\.\pipe\lsp-52decb6f14759bc17b10ee3f624bb0d4-sock
java_class_path (initial): c:\Users\LENOVO\.antigravity\extensions\redhat.java-1.53.0-win32-x64\server\plugins\org.eclipse.equinox.launcher_1.7.100.v20251111-0406.jar
Launcher Type: SUN_STANDARD

[Global flags]
    uintx AdaptiveSizePolicyWeight                 = 90                                        {product} {command line}
     intx CICompilerCount                          = 4                                         {product} {ergonomic}
    uintx GCTimeRatio                              = 4                                         {product} {command line}
     bool HeapDumpOnOutOfMemoryError               = true                                   {manageable} {command line}
    ccstr HeapDumpPath                             = c:\Users\LENOVO\AppData\Roaming\Antigravity\User\workspaceStorage\c32ad2883d698218fc90bdae50dd7373\redhat.java         {manageable} {command line}
   size_t InitialHeapSize                          = 104857600                                 {product} {command line}
   size_t MaxHeapSize                              = 2147483648                                {product} {command line}
   size_t MaxNewSize                               = 715653120                                 {product} {ergonomic}
   size_t MinHeapDeltaBytes                        = 524288                                    {product} {ergonomic}
   size_t MinHeapSize                              = 104857600                                 {product} {command line}
   size_t NewSize                                  = 34603008                                  {product} {ergonomic}
    uintx NonNMethodCodeHeapSize                   = 5839372                                {pd product} {ergonomic}
    uintx NonProfiledCodeHeapSize                  = 122909434                              {pd product} {ergonomic}
   size_t OldSize                                  = 70254592                                  {product} {ergonomic}
    uintx ProfiledCodeHeapSize                     = 122909434                              {pd product} {ergonomic}
    uintx ReservedCodeCacheSize                    = 251658240                              {pd product} {ergonomic}
     bool SegmentedCodeCache                       = true                                      {product} {ergonomic}
   size_t SoftMaxHeapSize                          = 2147483648                             {manageable} {ergonomic}
     bool UseCompressedOops                        = true                           {product lp64_product} {ergonomic}
     bool UseLargePagesIndividualAllocation        = false                                  {pd product} {ergonomic}
     bool UseParallelGC                            = true                                      {product} {command line}

Logging:
Log output configuration:
 #0: stdout all=off uptime,level,tags foldmultilines=false
 #1: stderr all=off uptime,level,tags foldmultilines=false

Release file:
JAVA_VERSION="21.0.10" 
MODULES="java.base java.compiler java.datatransfer java.xml java.prefs java.desktop java.instrument java.logging java.management java.security.sasl java.naming java.rmi java.management.rmi java.net.http java.scripting java.security.jgss java.transaction.xa java.sql java.sql.rowset java.xml.crypto java.se java.smartcardio jdk.accessibility jdk.internal.jvmstat jdk.attach jdk.charsets jdk.internal.opt jdk.zipfs jdk.compiler jdk.crypto.ec jdk.crypto.cryptoki jdk.crypto.mscapi jdk.dynalink jdk.internal.ed jdk.editpad jdk.hotspot.agent jdk.httpserver jdk.internal.le jdk.internal.vm.ci jdk.internal.vm.compiler jdk.internal.vm.compiler.management jdk.jartool jdk.javadoc jdk.jcmd jdk.management jdk.management.agent jdk.jconsole jdk.jdeps jdk.jdwp.agent jdk.jdi jdk.jfr jdk.jshell jdk.jsobject jdk.jstatd jdk.localedata jdk.management.jfr jdk.naming.dns jdk.naming.rmi jdk.net jdk.nio.mapmode jdk.random jdk.sctp jdk.security.auth jdk.security.jgss jdk.unsupported jdk.unsupported.desktop jdk.xml.dom" 

Environment Variables:
JAVA_HOME=C:\Program Files\Java\jdk-20
PATH=C:\Users\LENOVO\Downloads\apache-maven-3.9.14-bin\apache-maven-3.9.14\bin;C:\Program Files\MongoDB\Server\8.2\bin;C:\Program Files\Eclipse Adoptium\jdk-17.0.17.10-hotspot\bin;C:\oraclexe\app\oracle\product\11.2.0\server\bin;C:\xampp\php;C:\Program Files\MySQL\MySQL Server 8.0\bin;C:\Python 3.12\Python 3.12.exe;C:\Users\LENOVO\AppData\Local\Programs\Python\Python312\python.exe;C:\Users\LENOVO\Downloads\flutter_windows_3.16.0-stable\flutter\bin;C:\ProgramData\Oracle\Java\javapath;C:\Program Files\Java\jdk-21.0.1\bin;C:\Program Files\Common Files\Oracle\Java\javapath;C:\Program Files\Java\jdk-20\bin;C:\Users\LENOVO\Downloads\sqldeveloper-23.1.0.097.1607-x64\sqldeveloper\sqldeveloper\bin;C:\Users\LENOVO\Downloads\msys2-x86_64-20230318.exe;C:\WINDOWS\system32;C:\WINDOWS;C:\WINDOWS\System32\Wbem;C:\WINDOWS\System32\WindowsPowerShell\v1.0\;C:\WINDOWS\System32\OpenSSH\;C:\Program Files\Git\cmd;C:\Program Files\Git\bin;C:\Program Files\dotnet\;C:\Users\LENOVO\AppData\Local\Android\Sdk\platform-tools;C:\Users\LENOVO\AppData\Local\Android\Sdk\emulator;C:\Users\LENOVO\Downloads\php-8.3.11-nts-Win32-vs16-x64;C:\ProgramData\ComposerSetup\bin;C:\Program Files\nodejs\;C:\Program Files\Microsoft SQL Server\150\Tools\Binn\;C:\Program Files\Docker\Docker\resources\bin;C:\Program Files\Vagrant\bin;C:\Program Files\Cloudflare\Cloudflare WARP\;C:\Users\LENOVO\scoop\shims;C:\Program Files\MySQL\MySQL Shell 8.0\bin\;C:\Users\LENOVO\AppData\Local\Programs\Python\Launcher\;C:\Python27\python.exe;C:\Users\LENOVO\AppData\Local\Programs\Python\Python311;C:\Users\LENOVO\AppData\Local\Programs\Python\Python311\Scripts\;C:\Python27;C:\Users\LENOVO\AppData\Local\Microsoft\WindowsApps;C:\Program Files\JetBrains\PyCharm Community Edition 2023.1\bin;;C:\Users\LENOVO\AppData\Local\GitHubDesktop\bin;C:\Users\LENOVO\.dotnet\tools;C:\Program Files (x86)\Nmap;C:\Users\LENOVO\AppData\Local\Programs\MiKTeX\miktex\bin\x64\;C:\Users\LENOVO\AppData\Roaming\Composer\vendor\bin;C:\xampp\php;C:\Program Files\JetBrains\IntelliJ IDEA 2024.2.1\bin;;C:\Flex Windows\gcc\bin;C:\Flex Windows\Lex\bin;C:\Flex Windows\bison\bin;C:\Users\LENOVO\AppData\Local\Muse Hub\lib;C:\Users\LENOVO\AppData\Local\Programs\Microsoft VS Code\bin;C:\Users\LENOVO\AppData\Local\Programs\cursor\resources\app\bin;C:\Users\LENOVO\AppData\Roaming\npm;C:\Users\LENOVO\AppData\Local\Programs\Antigravity\bin;
USERNAME=LENOVO
OS=Windows_NT
PROCESSOR_IDENTIFIER=Intel64 Family 6 Model 140 Stepping 2, GenuineIntel
TMP=C:\Users\LENOVO\AppData\Local\Temp
TEMP=C:\Users\LENOVO\AppData\Local\Temp




Periodic native trim disabled

---------------  S Y S T E M  ---------------

OS:
 Windows 11 , 64 bit Build 26100 (10.0.26100.8115)
OS uptime: 1 days 4:51 hours
Hyper-V role detected

CPU: total 8 (initial active 8) (4 cores per cpu, 2 threads per core) family 6 model 140 stepping 2 microcode 0x26, cx8, cmov, fxsr, ht, mmx, 3dnowpref, sse, sse2, sse3, ssse3, sse4.1, sse4.2, popcnt, lzcnt, tsc, tscinvbit, avx, avx2, aes, erms, clmul, bmi1, bmi2, adx, avx512f, avx512dq, avx512cd, avx512bw, avx512vl, sha, fma, vzeroupper, avx512_vpopcntdq, avx512_vpclmulqdq, avx512_vaes, avx512_vnni, clflush, clflushopt, clwb, avx512_vbmi2, avx512_vbmi, hv, rdtscp, rdpid, fsrm, gfni, avx512_bitalg, f16c, cet_ibt, cet_ss, avx512_ifma
Processor Information for the first 8 processors :
  Max Mhz: 3187, Current Mhz: 3187, Mhz Limit: 3187

Memory: 4k page, system-wide physical 16167M (1076M free)
TotalPageFile size 21167M (AvailPageFile size 2M)
current process WorkingSet (physical memory assigned to process): 1237M, peak: 1277M
current process commit charge ("private bytes"): 1157M, peak: 1194M

vm_info: OpenJDK 64-Bit Server VM (21.0.10+7-LTS) for windows-amd64 JRE (21.0.10+7-LTS), built on 2026-01-20T00:00:00Z by "admin" with MS VC++ 17.12 (VS2022)

END.
