#
# There is insufficient memory for the Java Runtime Environment to continue.
# Native memory allocation (malloc) failed to allocate 1048576 bytes. Error detail: AllocateHeap
# Possible reasons:
#   The system is out of physical RAM or swap space
#   This process is running with CompressedOops enabled, and the Java Heap may be blocking the growth of the native heap
# Possible solutions:
#   Reduce memory load on the system
#   Increase physical memory or swap space
#   Check if swap backing store is full
#   Decrease Java heap size (-Xmx/-Xms)
#   Decrease number of Java threads
#   Decrease Java thread stack sizes (-Xss)
#   Set larger code cache with -XX:ReservedCodeCacheSize=
#   JVM is running with Unscaled Compressed Oops mode in which the Java heap is
#     placed in the first 4GB address space. The Java Heap base address is the
#     maximum limit for the native heap growth. Please use -XX:HeapBaseMinAddress
#     to set the Java Heap base and to place the Java Heap above 4GB virtual address.
# This output file may be truncated or incomplete.
#
#  Out of Memory Error (allocation.cpp:44), pid=19780, tid=19004
#
# JRE version: OpenJDK Runtime Environment Temurin-21.0.10+7 (21.0.10+7) (build 21.0.10+7-LTS)
# Java VM: OpenJDK 64-Bit Server VM Temurin-21.0.10+7 (21.0.10+7-LTS, mixed mode, sharing, tiered, compressed oops, compressed class ptrs, parallel gc, windows-amd64)
# No core dump will be written. Minidumps are not enabled by default on client versions of Windows
#

---------------  S U M M A R Y ------------

Command Line: --add-modules=ALL-SYSTEM --add-opens=java.base/java.util=ALL-UNNAMED --add-opens=java.base/java.lang=ALL-UNNAMED --add-opens=java.base/sun.nio.fs=ALL-UNNAMED -Declipse.application=org.eclipse.jdt.ls.core.id1 -Dosgi.bundles.defaultStartLevel=4 -Declipse.product=org.eclipse.jdt.ls.core.product -Djava.import.generatesMetadataFilesAtProjectRoot=false -DDetectVMInstallationsJob.disabled=true -Dfile.encoding=utf8 -XX:+UseParallelGC -XX:GCTimeRatio=4 -XX:AdaptiveSizePolicyWeight=90 -Dsun.zip.disableMemoryMapping=true -Xmx2G -Xms100m -Xlog:disable -javaagent:c:\Users\LENOVO\.antigravity\extensions\redhat.java-1.54.0-win32-x64\lombok\lombok-1.18.39-4050.jar -XX:+HeapDumpOnOutOfMemoryError -XX:HeapDumpPath=c:\Users\LENOVO\AppData\Roaming\Antigravity\User\workspaceStorage\c32ad2883d698218fc90bdae50dd7373\redhat.java -Daether.dependencyCollector.impl=bf c:\Users\LENOVO\.antigravity\extensions\redhat.java-1.54.0-win32-x64\server\plugins\org.eclipse.equinox.launcher_1.7.100.v20251111-0406.jar -configuration c:\Users\LENOVO\AppData\Roaming\Antigravity\User\globalStorage\redhat.java\1.54.0\config_win -data c:\Users\LENOVO\AppData\Roaming\Antigravity\User\workspaceStorage\c32ad2883d698218fc90bdae50dd7373\redhat.java\jdt_ws --pipe=\\.\pipe\lsp-29331f40e3033c11946b000022a36ba3-sock

Host: 11th Gen Intel(R) Core(TM) i5-11320H @ 3.20GHz, 8 cores, 15G,  Windows 11 , 64 bit Build 26100 (10.0.26100.8246)
Time: Wed Apr 15 16:22:34 2026 Paris, Madrid elapsed time: 1636.273369 seconds (0d 0h 27m 16s)

---------------  T H R E A D  ---------------

Current thread (0x00000220c6cefd00):  JavaThread "Attach Listener" daemon [_thread_in_vm, id=19004, stack(0x000000c017600000,0x000000c017700000) (1024K)]

Stack: [0x000000c017600000,0x000000c017700000]
Native frames: (J=compiled Java code, j=interpreted, Vv=VM code, C=native code)
V  [jvm.dll+0x6d7a39]
V  [jvm.dll+0x8b4b26]
V  [jvm.dll+0x8b70de]
V  [jvm.dll+0x8b77c3]
V  [jvm.dll+0x284346]
V  [jvm.dll+0xc1277]
V  [jvm.dll+0x6d82e9]
V  [jvm.dll+0x1334a6]
V  [jvm.dll+0x3f857e]
V  [jvm.dll+0x85f59d]
V  [jvm.dll+0x6d626d]
C  [ucrtbase.dll+0x37b0]
C  [KERNEL32.DLL+0x2e8d7]
C  [ntdll.dll+0x8c3fc]


---------------  P R O C E S S  ---------------

Threads class SMR info:
_java_thread_list=0x00000220e91c19f0, length=45, elements={
0x00000220c6d74c80, 0x00000220c6ce3f80, 0x00000220c6ce8930, 0x00000220c6ceeef0,
0x00000220c6cefd00, 0x00000220c6cf0760, 0x00000220c6cf11c0, 0x00000220c6cf4010,
0x00000220e304b9b0, 0x00000220e31ae0e0, 0x00000220e3309e70, 0x00000220e3e1e460,
0x00000220e39cb090, 0x00000220e3553e30, 0x00000220e3daf440, 0x00000220e42c87f0,
0x00000220e434ca00, 0x00000220e3f18550, 0x00000220e44c2870, 0x00000220e44c0e30,
0x00000220e44c3590, 0x00000220e5636d00, 0x00000220e5638740, 0x00000220e5636670,
0x00000220e563a810, 0x00000220e5637390, 0x00000220e5638dd0, 0x00000220e563a180,
0x00000220e5639af0, 0x00000220e563aea0, 0x00000220e56380b0, 0x00000220e5637a20,
0x00000220e70d54d0, 0x00000220e70d8fe0, 0x00000220e70d7c30, 0x00000220e70da390,
0x00000220e70d75a0, 0x00000220e70146f0, 0x00000220e7015aa0, 0x00000220e7015410,
0x00000220e7016130, 0x00000220e7012cb0, 0x00000220e563b530, 0x00000220e563d600,
0x00000220e44c21e0
}

Java Threads: ( => current thread )
  0x00000220c6d74c80 JavaThread "main"                              [_thread_blocked, id=19176, stack(0x000000c016f00000,0x000000c017000000) (1024K)]
  0x00000220c6ce3f80 JavaThread "Reference Handler"          daemon [_thread_blocked, id=6468, stack(0x000000c017300000,0x000000c017400000) (1024K)]
  0x00000220c6ce8930 JavaThread "Finalizer"                  daemon [_thread_blocked, id=19204, stack(0x000000c017400000,0x000000c017500000) (1024K)]
  0x00000220c6ceeef0 JavaThread "Signal Dispatcher"          daemon [_thread_blocked, id=8344, stack(0x000000c017500000,0x000000c017600000) (1024K)]
=>0x00000220c6cefd00 JavaThread "Attach Listener"            daemon [_thread_in_vm, id=19004, stack(0x000000c017600000,0x000000c017700000) (1024K)]
  0x00000220c6cf0760 JavaThread "Service Thread"             daemon [_thread_blocked, id=1956, stack(0x000000c017700000,0x000000c017800000) (1024K)]
  0x00000220c6cf11c0 JavaThread "Monitor Deflation Thread"   daemon [_thread_blocked, id=3084, stack(0x000000c017800000,0x000000c017900000) (1024K)]
  0x00000220c6cf4010 JavaThread "C2 CompilerThread0"         daemon [_thread_blocked, id=20272, stack(0x000000c017900000,0x000000c017a00000) (1024K)]
  0x00000220e304b9b0 JavaThread "C1 CompilerThread0"         daemon [_thread_blocked, id=8516, stack(0x000000c017a00000,0x000000c017b00000) (1024K)]
  0x00000220e31ae0e0 JavaThread "Common-Cleaner"             daemon [_thread_blocked, id=17488, stack(0x000000c017b00000,0x000000c017c00000) (1024K)]
  0x00000220e3309e70 JavaThread "Notification Thread"        daemon [_thread_blocked, id=6208, stack(0x000000c017c00000,0x000000c017d00000) (1024K)]
  0x00000220e3e1e460 JavaThread "Active Thread: Equinox Container: a76b24de-1f04-435b-aec0-ea22efb19509"        [_thread_blocked, id=17920, stack(0x000000c018500000,0x000000c018600000) (1024K)]
  0x00000220e39cb090 JavaThread "Refresh Thread: Equinox Container: a76b24de-1f04-435b-aec0-ea22efb19509" daemon [_thread_blocked, id=17412, stack(0x000000c018600000,0x000000c018700000) (1024K)]
  0x00000220e3553e30 JavaThread "Framework Event Dispatcher: Equinox Container: a76b24de-1f04-435b-aec0-ea22efb19509" daemon [_thread_blocked, id=21072, stack(0x000000c018700000,0x000000c018800000) (1024K)]
  0x00000220e3daf440 JavaThread "Start Level: Equinox Container: a76b24de-1f04-435b-aec0-ea22efb19509" daemon [_thread_blocked, id=16604, stack(0x000000c018800000,0x000000c018900000) (1024K)]
  0x00000220e42c87f0 JavaThread "Bundle File Closer"         daemon [_thread_blocked, id=6804, stack(0x000000c018900000,0x000000c018a00000) (1024K)]
  0x00000220e434ca00 JavaThread "SCR Component Actor"        daemon [_thread_blocked, id=19012, stack(0x000000c017d00000,0x000000c017e00000) (1024K)]
  0x00000220e3f18550 JavaThread "Worker-JM"                         [_thread_blocked, id=12028, stack(0x000000c018c00000,0x000000c018d00000) (1024K)]
  0x00000220e44c2870 JavaThread "JNA Cleaner"                daemon [_thread_blocked, id=18484, stack(0x000000c018d00000,0x000000c018e00000) (1024K)]
  0x00000220e44c0e30 JavaThread "Java indexing"              daemon [_thread_blocked, id=21128, stack(0x000000c019100000,0x000000c019200000) (1024K)]
  0x00000220e44c3590 JavaThread "Thread-1"                   daemon [_thread_in_native, id=17552, stack(0x000000c019500000,0x000000c019600000) (1024K)]
  0x00000220e5636d00 JavaThread "Thread-2"                   daemon [_thread_in_native, id=6740, stack(0x000000c019600000,0x000000c019700000) (1024K)]
  0x00000220e5638740 JavaThread "Thread-3"                   daemon [_thread_in_native, id=21228, stack(0x000000c019700000,0x000000c019800000) (1024K)]
  0x00000220e5636670 JavaThread "Thread-4"                   daemon [_thread_in_native, id=19680, stack(0x000000c019800000,0x000000c019900000) (1024K)]
  0x00000220e563a810 JavaThread "Thread-5"                   daemon [_thread_in_native, id=20940, stack(0x000000c019900000,0x000000c019a00000) (1024K)]
  0x00000220e5637390 JavaThread "Thread-6"                   daemon [_thread_in_native, id=13844, stack(0x000000c019a00000,0x000000c019b00000) (1024K)]
  0x00000220e5638dd0 JavaThread "Thread-7"                   daemon [_thread_in_native, id=13124, stack(0x000000c019b00000,0x000000c019c00000) (1024K)]
  0x00000220e563a180 JavaThread "Thread-8"                   daemon [_thread_in_native, id=18096, stack(0x000000c019c00000,0x000000c019d00000) (1024K)]
  0x00000220e5639af0 JavaThread "Thread-9"                   daemon [_thread_in_native, id=5792, stack(0x000000c019d00000,0x000000c019e00000) (1024K)]
  0x00000220e563aea0 JavaThread "pool-2-thread-1"                   [_thread_blocked, id=14984, stack(0x000000c019e00000,0x000000c019f00000) (1024K)]
  0x00000220e56380b0 JavaThread "WorkspaceEventsHandler"            [_thread_blocked, id=10600, stack(0x000000c019f00000,0x000000c01a000000) (1024K)]
  0x00000220e5637a20 JavaThread "pool-1-thread-1"                   [_thread_blocked, id=5804, stack(0x000000c01a000000,0x000000c01a100000) (1024K)]
  0x00000220e70d54d0 JavaThread "Cleaner-0"                  daemon [_thread_blocked, id=17204, stack(0x000000c01a800000,0x000000c01a900000) (1024K)]
  0x00000220e70d8fe0 JavaThread "Compiler Source File Reader" daemon [_thread_blocked, id=14500, stack(0x000000c016d00000,0x000000c016e00000) (1024K)]
  0x00000220e70d7c30 JavaThread "Compiler Source File Reader" daemon [_thread_blocked, id=18196, stack(0x000000c018b00000,0x000000c018c00000) (1024K)]
  0x00000220e70da390 JavaThread "Compiler Source File Reader" daemon [_thread_blocked, id=9744, stack(0x000000c018e00000,0x000000c018f00000) (1024K)]
  0x00000220e70d75a0 JavaThread "Worker-7"                          [_thread_blocked, id=18376, stack(0x000000c019000000,0x000000c019100000) (1024K)]
  0x00000220e70146f0 JavaThread "ForkJoinPool.commonPool-worker-13" daemon [_thread_blocked, id=11640, stack(0x000000c019200000,0x000000c019300000) (1024K)]
  0x00000220e7015aa0 JavaThread "ForkJoinPool.commonPool-worker-15" daemon [_thread_blocked, id=19272, stack(0x000000c019300000,0x000000c019400000) (1024K)]
  0x00000220e7015410 JavaThread "ForkJoinPool.commonPool-worker-16" daemon [_thread_blocked, id=5888, stack(0x000000c019400000,0x000000c019500000) (1024K)]
  0x00000220e7016130 JavaThread "Compiler Source File Reader" daemon [_thread_blocked, id=17468, stack(0x000000c01a100000,0x000000c01a200000) (1024K)]
  0x00000220e7012cb0 JavaThread "Compiler Source File Reader" daemon [_thread_blocked, id=16628, stack(0x000000c01a300000,0x000000c01a400000) (1024K)]
  0x00000220e563b530 JavaThread "Worker-9"                          [_thread_blocked, id=15904, stack(0x000000c01a600000,0x000000c01a700000) (1024K)]
  0x00000220e563d600 JavaThread "ForkJoinPool.commonPool-worker-17" daemon [_thread_blocked, id=11324, stack(0x000000c016c00000,0x000000c016d00000) (1024K)]
  0x00000220e44c21e0 JavaThread "ForkJoinPool.commonPool-worker-18" daemon [_thread_blocked, id=11012, stack(0x000000c016e00000,0x000000c016f00000) (1024K)]
Total: 45

Other Threads:
  0x00000220c6e139a0 VMThread "VM Thread"                           [id=2824, stack(0x000000c017200000,0x000000c017300000) (1024K)]
  0x00000220c6bfc950 WatcherThread "VM Periodic Task Thread"        [id=18248, stack(0x000000c017100000,0x000000c017200000) (1024K)]
  0x00000220c6d93e20 WorkerThread "GC Thread#0"                     [id=19392, stack(0x000000c017000000,0x000000c017100000) (1024K)]
  0x00000220e391b4e0 WorkerThread "GC Thread#1"                     [id=20848, stack(0x000000c017f00000,0x000000c018000000) (1024K)]
  0x00000220e3515250 WorkerThread "GC Thread#2"                     [id=8540, stack(0x000000c018000000,0x000000c018100000) (1024K)]
  0x00000220e3515600 WorkerThread "GC Thread#3"                     [id=20696, stack(0x000000c018100000,0x000000c018200000) (1024K)]
  0x00000220e35159b0 WorkerThread "GC Thread#4"                     [id=18476, stack(0x000000c018200000,0x000000c018300000) (1024K)]
  0x00000220e39b2f50 WorkerThread "GC Thread#5"                     [id=19892, stack(0x000000c018300000,0x000000c018400000) (1024K)]
  0x00000220e39b3300 WorkerThread "GC Thread#6"                     [id=18880, stack(0x000000c018400000,0x000000c018500000) (1024K)]
  0x00000220e3be7790 WorkerThread "GC Thread#7"                     [id=11956, stack(0x000000c017e00000,0x000000c017f00000) (1024K)]
Total: 10

Threads with active compile tasks:
Total: 0

VM state: not at safepoint (normal execution)

VM Mutex/Monitor currently owned by a thread: None

Heap address: 0x0000000080000000, size: 2048 MB, Compressed Oops mode: 32-bit

CDS archive(s) mapped at: [0x0000022080000000-0x0000022080ba0000-0x0000022080ba0000), size 12189696, SharedBaseAddress: 0x0000022080000000, ArchiveRelocationMode: 1.
Compressed class space mapped at: 0x0000022081000000-0x00000220c1000000, reserved size: 1073741824
Narrow klass base: 0x0000022080000000, Narrow klass shift: 0, Narrow klass range: 0x100000000

GC Precious Log:
 CardTable entry size: 512
 CPUs: 8 total, 8 available
 Memory: 16167M
 Large Page Support: Disabled
 NUMA Support: Disabled
 Compressed Oops: Enabled (32-bit)
 Alignments: Space 512K, Generation 512K, Heap 2M
 Heap Min Capacity: 100M
 Heap Initial Capacity: 100M
 Heap Max Capacity: 2G
 Pre-touch: Disabled
 Parallel Workers: 8

Heap:
 PSYoungGen      total 4096K, used 3508K [0x00000000d5580000, 0x00000000d5a80000, 0x0000000100000000)
  eden space 3072K, 94% used [0x00000000d5580000,0x00000000d5855380,0x00000000d5880000)
  from space 1024K, 59% used [0x00000000d5980000,0x00000000d5a18000,0x00000000d5a80000)
  to   space 1024K, 0% used [0x00000000d5880000,0x00000000d5880000,0x00000000d5980000)
 ParOldGen       total 647168K, used 647067K [0x0000000080000000, 0x00000000a7800000, 0x00000000d5580000)
  object space 647168K, 99% used [0x0000000080000000,0x00000000a77e6d40,0x00000000a7800000)
 Metaspace       used 80113K, committed 82048K, reserved 1179648K
  class space    used 8141K, committed 9024K, reserved 1048576K

Card table byte_map: [0x00000220c6710000,0x00000220c6b20000] _byte_map_base: 0x00000220c6310000

Marking Bits: (ParMarkBitMap*) 0x00007ffab3633450
 Begin Bits: [0x00000220d9220000, 0x00000220db220000)
 End Bits:   [0x00000220db220000, 0x00000220dd220000)

Polling page: 0x00000220c4b70000

Metaspace:

Usage:
  Non-class:     70.28 MB used.
      Class:      7.95 MB used.
       Both:     78.24 MB used.

Virtual space:
  Non-class space:      128.00 MB reserved,      71.31 MB ( 56%) committed,  2 nodes.
      Class space:        1.00 GB reserved,       8.81 MB ( <1%) committed,  1 nodes.
             Both:        1.12 GB reserved,      80.12 MB (  7%) committed. 

Chunk freelists:
   Non-Class:  7.90 MB
       Class:  7.22 MB
        Both:  15.12 MB

MaxMetaspaceSize: unlimited
CompressedClassSpaceSize: 1.00 GB
Initial GC threshold: 21.00 MB
Current GC threshold: 127.00 MB
CDS: on
 - commit_granule_bytes: 65536.
 - commit_granule_words: 8192.
 - virtual_space_node_default_size: 8388608.
 - enlarge_chunks_in_place: 1.
 - use_allocation_guard: 0.


Internal statistics:

num_allocs_failed_limit: 9.
num_arena_births: 1576.
num_arena_deaths: 18.
num_vsnodes_births: 3.
num_vsnodes_deaths: 0.
num_space_committed: 1282.
num_space_uncommitted: 0.
num_chunks_returned_to_freelist: 28.
num_chunks_taken_from_freelist: 5532.
num_chunk_merges: 9.
num_chunk_splits: 3383.
num_chunks_enlarged: 1950.
num_inconsistent_stats: 0.

CodeHeap 'non-profiled nmethods': size=120000Kb used=17680Kb max_used=17680Kb free=102320Kb
 bounds [0x00000220d1a40000, 0x00000220d2b90000, 0x00000220d8f70000]
CodeHeap 'profiled nmethods': size=120000Kb used=45064Kb max_used=45064Kb free=74936Kb
 bounds [0x00000220c9f70000, 0x00000220ccb80000, 0x00000220d14a0000]
CodeHeap 'non-nmethods': size=5760Kb used=1491Kb max_used=1581Kb free=4268Kb
 bounds [0x00000220d14a0000, 0x00000220d1710000, 0x00000220d1a40000]
CodeCache: size=245760Kb, used=64235Kb, max_used=64325Kb, free=181524Kb
 total_blobs=19007, nmethods=18211, adapters=699, full_count=0
Compilation: enabled, stopped_count=0, restarted_count=0

Compilation events (20 events):
Event: 1629.692 Thread 0x00000220e304b9b0 nmethod 20035 0x00000220ccb66910 code [0x00000220ccb66b00, 0x00000220ccb670d0]
Event: 1629.692 Thread 0x00000220e304b9b0 20036       3       org.eclipse.jdt.internal.compiler.lookup.LookupEnvironment$CompleteTypeBindingsSteps::perform (119 bytes)
Event: 1629.693 Thread 0x00000220e304b9b0 nmethod 20036 0x00000220ccb67310 code [0x00000220ccb675c0, 0x00000220ccb67e40]
Event: 1629.694 Thread 0x00000220e304b9b0 20037   !   3       org.eclipse.jdt.internal.compiler.ast.FieldDeclaration::resolve (1027 bytes)
Event: 1629.694 Thread 0x00000220c6cf4010 20039       4       org.eclipse.jdt.internal.compiler.lookup.CompilationUnitScope::recordTypeReferences (74 bytes)
Event: 1629.697 Thread 0x00000220e304b9b0 nmethod 20037 0x00000220ccb68190 code [0x00000220ccb68980, 0x00000220ccb6e708]
Event: 1629.697 Thread 0x00000220e304b9b0 20040       3       org.eclipse.jdt.internal.compiler.util.SimpleSetOfCharArray::includes (54 bytes)
Event: 1629.697 Thread 0x00000220c6cf4010 nmethod 20039 0x00000220d2b80390 code [0x00000220d2b80560, 0x00000220d2b808c0]
Event: 1629.697 Thread 0x00000220c6cf4010 20041       4       org.eclipse.jdt.internal.compiler.lookup.BinaryTypeBinding$ExternalAnnotationStatus::isPotentiallyUnannotatedLib (44 bytes)
Event: 1629.698 Thread 0x00000220e304b9b0 nmethod 20040 0x00000220ccb70a10 code [0x00000220ccb70c00, 0x00000220ccb71008]
Event: 1629.698 Thread 0x00000220e304b9b0 20042       3       org.eclipse.jdt.internal.compiler.ast.FieldDeclaration::generateCode (108 bytes)
Event: 1629.698 Thread 0x00000220e304b9b0 nmethod 20042 0x00000220ccb71210 code [0x00000220ccb71440, 0x00000220ccb71d88]
Event: 1629.698 Thread 0x00000220c6cf4010 nmethod 20041 0x00000220d2b80b10 code [0x00000220d2b80ca0, 0x00000220d2b80d98]
Event: 1629.698 Thread 0x00000220e304b9b0 20043       1       org.eclipse.osgi.internal.log.ExtendedLogServiceImpl::getBundle (5 bytes)
Event: 1629.698 Thread 0x00000220e304b9b0 nmethod 20043 0x00000220d2b80e90 code [0x00000220d2b81020, 0x00000220d2b810e8]
Event: 1629.698 Thread 0x00000220e304b9b0 20044       1       org.eclipse.osgi.internal.log.ExtendedLogServiceFactory::captureLogEntryLocation (5 bytes)
Event: 1629.698 Thread 0x00000220e304b9b0 nmethod 20044 0x00000220d2b81190 code [0x00000220d2b81320, 0x00000220d2b813f0]
Event: 1629.698 Thread 0x00000220e304b9b0 20038       1       org.eclipse.jdt.internal.compiler.lookup.CaptureBinding::isCapture (2 bytes)
Event: 1629.698 Thread 0x00000220e304b9b0 nmethod 20038 0x00000220d2b81490 code [0x00000220d2b81620, 0x00000220d2b816e8]
Event: 1629.703 Thread 0x00000220e7d4f070 nmethod 20030 0x00000220d2b81790 code [0x00000220d2b81b60, 0x00000220d2b82d88]

GC Heap History (20 events):
Event: 1629.599 GC heap before
{Heap before GC invocations=1051 (full 4):
 PSYoungGen      total 3072K, used 2784K [0x00000000d5580000, 0x00000000d5980000, 0x0000000100000000)
  eden space 2560K, 100% used [0x00000000d5580000,0x00000000d5800000,0x00000000d5800000)
  from space 512K, 43% used [0x00000000d5900000,0x00000000d5938000,0x00000000d5980000)
  to   space 512K, 0% used [0x00000000d5880000,0x00000000d5880000,0x00000000d5900000)
 ParOldGen       total 643584K, used 643344K [0x0000000080000000, 0x00000000a7480000, 0x00000000d5580000)
  object space 643584K, 99% used [0x0000000080000000,0x00000000a74440c0,0x00000000a7480000)
 Metaspace       used 80094K, committed 82048K, reserved 1179648K
  class space    used 8141K, committed 9024K, reserved 1048576K
}
Event: 1629.601 GC heap after
{Heap after GC invocations=1051 (full 4):
 PSYoungGen      total 3072K, used 490K [0x00000000d5580000, 0x00000000d5a00000, 0x0000000100000000)
  eden space 2560K, 0% used [0x00000000d5580000,0x00000000d5580000,0x00000000d5800000)
  from space 512K, 95% used [0x00000000d5880000,0x00000000d58fa910,0x00000000d5900000)
  to   space 1024K, 0% used [0x00000000d5900000,0x00000000d5900000,0x00000000d5a00000)
 ParOldGen       total 643584K, used 643392K [0x0000000080000000, 0x00000000a7480000, 0x00000000d5580000)
  object space 643584K, 99% used [0x0000000080000000,0x00000000a74500c0,0x00000000a7480000)
 Metaspace       used 80094K, committed 82048K, reserved 1179648K
  class space    used 8141K, committed 9024K, reserved 1048576K
}
Event: 1629.609 GC heap before
{Heap before GC invocations=1052 (full 4):
 PSYoungGen      total 3072K, used 3050K [0x00000000d5580000, 0x00000000d5a00000, 0x0000000100000000)
  eden space 2560K, 100% used [0x00000000d5580000,0x00000000d5800000,0x00000000d5800000)
  from space 512K, 95% used [0x00000000d5880000,0x00000000d58fa910,0x00000000d5900000)
  to   space 1024K, 0% used [0x00000000d5900000,0x00000000d5900000,0x00000000d5a00000)
 ParOldGen       total 643584K, used 643392K [0x0000000080000000, 0x00000000a7480000, 0x00000000d5580000)
  object space 643584K, 99% used [0x0000000080000000,0x00000000a74500c0,0x00000000a7480000)
 Metaspace       used 80097K, committed 82048K, reserved 1179648K
  class space    used 8141K, committed 9024K, reserved 1048576K
}
Event: 1629.610 GC heap after
{Heap after GC invocations=1052 (full 4):
 PSYoungGen      total 3584K, used 544K [0x00000000d5580000, 0x00000000d5a00000, 0x0000000100000000)
  eden space 2560K, 0% used [0x00000000d5580000,0x00000000d5580000,0x00000000d5800000)
  from space 1024K, 53% used [0x00000000d5900000,0x00000000d5988000,0x00000000d5a00000)
  to   space 1024K, 0% used [0x00000000d5800000,0x00000000d5800000,0x00000000d5900000)
 ParOldGen       total 644096K, used 643803K [0x0000000080000000, 0x00000000a7500000, 0x00000000d5580000)
  object space 644096K, 99% used [0x0000000080000000,0x00000000a74b6eb0,0x00000000a7500000)
 Metaspace       used 80097K, committed 82048K, reserved 1179648K
  class space    used 8141K, committed 9024K, reserved 1048576K
}
Event: 1629.614 GC heap before
{Heap before GC invocations=1053 (full 4):
 PSYoungGen      total 3584K, used 3104K [0x00000000d5580000, 0x00000000d5a00000, 0x0000000100000000)
  eden space 2560K, 100% used [0x00000000d5580000,0x00000000d5800000,0x00000000d5800000)
  from space 1024K, 53% used [0x00000000d5900000,0x00000000d5988000,0x00000000d5a00000)
  to   space 1024K, 0% used [0x00000000d5800000,0x00000000d5800000,0x00000000d5900000)
 ParOldGen       total 644096K, used 643803K [0x0000000080000000, 0x00000000a7500000, 0x00000000d5580000)
  object space 644096K, 99% used [0x0000000080000000,0x00000000a74b6eb0,0x00000000a7500000)
 Metaspace       used 80097K, committed 82048K, reserved 1179648K
  class space    used 8141K, committed 9024K, reserved 1048576K
}
Event: 1629.615 GC heap after
{Heap after GC invocations=1053 (full 4):
 PSYoungGen      total 3584K, used 288K [0x00000000d5580000, 0x00000000d5980000, 0x0000000100000000)
  eden space 2560K, 0% used [0x00000000d5580000,0x00000000d5580000,0x00000000d5800000)
  from space 1024K, 28% used [0x00000000d5800000,0x00000000d5848000,0x00000000d5900000)
  to   space 512K, 0% used [0x00000000d5900000,0x00000000d5900000,0x00000000d5980000)
 ParOldGen       total 644608K, used 644303K [0x0000000080000000, 0x00000000a7580000, 0x00000000d5580000)
  object space 644608K, 99% used [0x0000000080000000,0x00000000a7533ee0,0x00000000a7580000)
 Metaspace       used 80097K, committed 82048K, reserved 1179648K
  class space    used 8141K, committed 9024K, reserved 1048576K
}
Event: 1629.626 GC heap before
{Heap before GC invocations=1054 (full 4):
 PSYoungGen      total 3584K, used 2848K [0x00000000d5580000, 0x00000000d5980000, 0x0000000100000000)
  eden space 2560K, 100% used [0x00000000d5580000,0x00000000d5800000,0x00000000d5800000)
  from space 1024K, 28% used [0x00000000d5800000,0x00000000d5848000,0x00000000d5900000)
  to   space 512K, 0% used [0x00000000d5900000,0x00000000d5900000,0x00000000d5980000)
 ParOldGen       total 644608K, used 644303K [0x0000000080000000, 0x00000000a7580000, 0x00000000d5580000)
  object space 644608K, 99% used [0x0000000080000000,0x00000000a7533ee0,0x00000000a7580000)
 Metaspace       used 80097K, committed 82048K, reserved 1179648K
  class space    used 8141K, committed 9024K, reserved 1048576K
}
Event: 1629.628 GC heap after
{Heap after GC invocations=1054 (full 4):
 PSYoungGen      total 3072K, used 512K [0x00000000d5580000, 0x00000000d5a00000, 0x0000000100000000)
  eden space 2560K, 0% used [0x00000000d5580000,0x00000000d5580000,0x00000000d5800000)
  from space 512K, 100% used [0x00000000d5900000,0x00000000d5980000,0x00000000d5980000)
  to   space 1024K, 0% used [0x00000000d5800000,0x00000000d5800000,0x00000000d5900000)
 ParOldGen       total 644608K, used 644463K [0x0000000080000000, 0x00000000a7580000, 0x00000000d5580000)
  object space 644608K, 99% used [0x0000000080000000,0x00000000a755bee0,0x00000000a7580000)
 Metaspace       used 80097K, committed 82048K, reserved 1179648K
  class space    used 8141K, committed 9024K, reserved 1048576K
}
Event: 1629.636 GC heap before
{Heap before GC invocations=1055 (full 4):
 PSYoungGen      total 3072K, used 3072K [0x00000000d5580000, 0x00000000d5a00000, 0x0000000100000000)
  eden space 2560K, 100% used [0x00000000d5580000,0x00000000d5800000,0x00000000d5800000)
  from space 512K, 100% used [0x00000000d5900000,0x00000000d5980000,0x00000000d5980000)
  to   space 1024K, 0% used [0x00000000d5800000,0x00000000d5800000,0x00000000d5900000)
 ParOldGen       total 644608K, used 644463K [0x0000000080000000, 0x00000000a7580000, 0x00000000d5580000)
  object space 644608K, 99% used [0x0000000080000000,0x00000000a755bee0,0x00000000a7580000)
 Metaspace       used 80099K, committed 82048K, reserved 1179648K
  class space    used 8141K, committed 9024K, reserved 1048576K
}
Event: 1629.638 GC heap after
{Heap after GC invocations=1055 (full 4):
 PSYoungGen      total 3584K, used 676K [0x00000000d5580000, 0x00000000d5a00000, 0x0000000100000000)
  eden space 2560K, 0% used [0x00000000d5580000,0x00000000d5580000,0x00000000d5800000)
  from space 1024K, 66% used [0x00000000d5800000,0x00000000d58a9210,0x00000000d5900000)
  to   space 1024K, 0% used [0x00000000d5900000,0x00000000d5900000,0x00000000d5a00000)
 ParOldGen       total 645120K, used 644895K [0x0000000080000000, 0x00000000a7600000, 0x00000000d5580000)
  object space 645120K, 99% used [0x0000000080000000,0x00000000a75c7ee0,0x00000000a7600000)
 Metaspace       used 80099K, committed 82048K, reserved 1179648K
  class space    used 8141K, committed 9024K, reserved 1048576K
}
Event: 1629.644 GC heap before
{Heap before GC invocations=1056 (full 4):
 PSYoungGen      total 3584K, used 3236K [0x00000000d5580000, 0x00000000d5a00000, 0x0000000100000000)
  eden space 2560K, 100% used [0x00000000d5580000,0x00000000d5800000,0x00000000d5800000)
  from space 1024K, 66% used [0x00000000d5800000,0x00000000d58a9210,0x00000000d5900000)
  to   space 1024K, 0% used [0x00000000d5900000,0x00000000d5900000,0x00000000d5a00000)
 ParOldGen       total 645120K, used 644895K [0x0000000080000000, 0x00000000a7600000, 0x00000000d5580000)
  object space 645120K, 99% used [0x0000000080000000,0x00000000a75c7ee0,0x00000000a7600000)
 Metaspace       used 80099K, committed 82048K, reserved 1179648K
  class space    used 8141K, committed 9024K, reserved 1048576K
}
Event: 1629.646 GC heap after
{Heap after GC invocations=1056 (full 4):
 PSYoungGen      total 3584K, used 544K [0x00000000d5580000, 0x00000000d5a00000, 0x0000000100000000)
  eden space 2560K, 0% used [0x00000000d5580000,0x00000000d5580000,0x00000000d5800000)
  from space 1024K, 53% used [0x00000000d5900000,0x00000000d5988000,0x00000000d5a00000)
  to   space 1024K, 0% used [0x00000000d5800000,0x00000000d5800000,0x00000000d5900000)
 ParOldGen       total 645632K, used 645472K [0x0000000080000000, 0x00000000a7680000, 0x00000000d5580000)
  object space 645632K, 99% used [0x0000000080000000,0x00000000a76583f0,0x00000000a7680000)
 Metaspace       used 80099K, committed 82048K, reserved 1179648K
  class space    used 8141K, committed 9024K, reserved 1048576K
}
Event: 1629.649 GC heap before
{Heap before GC invocations=1057 (full 4):
 PSYoungGen      total 3584K, used 3104K [0x00000000d5580000, 0x00000000d5a00000, 0x0000000100000000)
  eden space 2560K, 100% used [0x00000000d5580000,0x00000000d5800000,0x00000000d5800000)
  from space 1024K, 53% used [0x00000000d5900000,0x00000000d5988000,0x00000000d5a00000)
  to   space 1024K, 0% used [0x00000000d5800000,0x00000000d5800000,0x00000000d5900000)
 ParOldGen       total 645632K, used 645472K [0x0000000080000000, 0x00000000a7680000, 0x00000000d5580000)
  object space 645632K, 99% used [0x0000000080000000,0x00000000a76583f0,0x00000000a7680000)
 Metaspace       used 80099K, committed 82048K, reserved 1179648K
  class space    used 8141K, committed 9024K, reserved 1048576K
}
Event: 1629.651 GC heap after
{Heap after GC invocations=1057 (full 4):
 PSYoungGen      total 3584K, used 352K [0x00000000d5580000, 0x00000000d5980000, 0x0000000100000000)
  eden space 2560K, 0% used [0x00000000d5580000,0x00000000d5580000,0x00000000d5800000)
  from space 1024K, 34% used [0x00000000d5800000,0x00000000d5858000,0x00000000d5900000)
  to   space 512K, 0% used [0x00000000d5900000,0x00000000d5900000,0x00000000d5980000)
 ParOldGen       total 646144K, used 645929K [0x0000000080000000, 0x00000000a7700000, 0x00000000d5580000)
  object space 646144K, 99% used [0x0000000080000000,0x00000000a76ca410,0x00000000a7700000)
 Metaspace       used 80099K, committed 82048K, reserved 1179648K
  class space    used 8141K, committed 9024K, reserved 1048576K
}
Event: 1629.655 GC heap before
{Heap before GC invocations=1058 (full 4):
 PSYoungGen      total 3584K, used 2912K [0x00000000d5580000, 0x00000000d5980000, 0x0000000100000000)
  eden space 2560K, 100% used [0x00000000d5580000,0x00000000d5800000,0x00000000d5800000)
  from space 1024K, 34% used [0x00000000d5800000,0x00000000d5858000,0x00000000d5900000)
  to   space 512K, 0% used [0x00000000d5900000,0x00000000d5900000,0x00000000d5980000)
 ParOldGen       total 646144K, used 645929K [0x0000000080000000, 0x00000000a7700000, 0x00000000d5580000)
  object space 646144K, 99% used [0x0000000080000000,0x00000000a76ca410,0x00000000a7700000)
 Metaspace       used 80102K, committed 82048K, reserved 1179648K
  class space    used 8141K, committed 9024K, reserved 1048576K
}
Event: 1629.657 GC heap after
{Heap after GC invocations=1058 (full 4):
 PSYoungGen      total 3584K, used 416K [0x00000000d5580000, 0x00000000d5980000, 0x0000000100000000)
  eden space 3072K, 0% used [0x00000000d5580000,0x00000000d5580000,0x00000000d5880000)
  from space 512K, 81% used [0x00000000d5900000,0x00000000d5968000,0x00000000d5980000)
  to   space 512K, 0% used [0x00000000d5880000,0x00000000d5880000,0x00000000d5900000)
 ParOldGen       total 646656K, used 646201K [0x0000000080000000, 0x00000000a7780000, 0x00000000d5580000)
  object space 646656K, 99% used [0x0000000080000000,0x00000000a770e410,0x00000000a7780000)
 Metaspace       used 80102K, committed 82048K, reserved 1179648K
  class space    used 8141K, committed 9024K, reserved 1048576K
}
Event: 1629.679 GC heap before
{Heap before GC invocations=1059 (full 4):
 PSYoungGen      total 3584K, used 3488K [0x00000000d5580000, 0x00000000d5980000, 0x0000000100000000)
  eden space 3072K, 100% used [0x00000000d5580000,0x00000000d5880000,0x00000000d5880000)
  from space 512K, 81% used [0x00000000d5900000,0x00000000d5968000,0x00000000d5980000)
  to   space 512K, 0% used [0x00000000d5880000,0x00000000d5880000,0x00000000d5900000)
 ParOldGen       total 646656K, used 646201K [0x0000000080000000, 0x00000000a7780000, 0x00000000d5580000)
  object space 646656K, 99% used [0x0000000080000000,0x00000000a770e410,0x00000000a7780000)
 Metaspace       used 80107K, committed 82048K, reserved 1179648K
  class space    used 8141K, committed 9024K, reserved 1048576K
}
Event: 1629.681 GC heap after
{Heap after GC invocations=1059 (full 4):
 PSYoungGen      total 3584K, used 512K [0x00000000d5580000, 0x00000000d5a80000, 0x0000000100000000)
  eden space 3072K, 0% used [0x00000000d5580000,0x00000000d5580000,0x00000000d5880000)
  from space 512K, 100% used [0x00000000d5880000,0x00000000d5900000,0x00000000d5900000)
  to   space 1024K, 0% used [0x00000000d5980000,0x00000000d5980000,0x00000000d5a80000)
 ParOldGen       total 646656K, used 646589K [0x0000000080000000, 0x00000000a7780000, 0x00000000d5580000)
  object space 646656K, 99% used [0x0000000080000000,0x00000000a776f620,0x00000000a7780000)
 Metaspace       used 80107K, committed 82048K, reserved 1179648K
  class space    used 8141K, committed 9024K, reserved 1048576K
}
Event: 1629.688 GC heap before
{Heap before GC invocations=1060 (full 4):
 PSYoungGen      total 3584K, used 3584K [0x00000000d5580000, 0x00000000d5a80000, 0x0000000100000000)
  eden space 3072K, 100% used [0x00000000d5580000,0x00000000d5880000,0x00000000d5880000)
  from space 512K, 100% used [0x00000000d5880000,0x00000000d5900000,0x00000000d5900000)
  to   space 1024K, 0% used [0x00000000d5980000,0x00000000d5980000,0x00000000d5a80000)
 ParOldGen       total 646656K, used 646589K [0x0000000080000000, 0x00000000a7780000, 0x00000000d5580000)
  object space 646656K, 99% used [0x0000000080000000,0x00000000a776f620,0x00000000a7780000)
 Metaspace       used 80107K, committed 82048K, reserved 1179648K
  class space    used 8141K, committed 9024K, reserved 1048576K
}
Event: 1629.689 GC heap after
{Heap after GC invocations=1060 (full 4):
 PSYoungGen      total 4096K, used 608K [0x00000000d5580000, 0x00000000d5a80000, 0x0000000100000000)
  eden space 3072K, 0% used [0x00000000d5580000,0x00000000d5580000,0x00000000d5880000)
  from space 1024K, 59% used [0x00000000d5980000,0x00000000d5a18000,0x00000000d5a80000)
  to   space 1024K, 0% used [0x00000000d5880000,0x00000000d5880000,0x00000000d5980000)
 ParOldGen       total 647168K, used 647067K [0x0000000080000000, 0x00000000a7800000, 0x00000000d5580000)
  object space 647168K, 99% used [0x0000000080000000,0x00000000a77e6d40,0x00000000a7800000)
 Metaspace       used 80107K, committed 82048K, reserved 1179648K
  class space    used 8141K, committed 9024K, reserved 1048576K
}

Dll operation events (10 events):
Event: 0.015 Loaded shared library c:\Users\LENOVO\.antigravity\extensions\redhat.java-1.54.0-win32-x64\jre\21.0.10-win32-x86_64\bin\java.dll
Event: 0.149 Loaded shared library c:\Users\LENOVO\.antigravity\extensions\redhat.java-1.54.0-win32-x64\jre\21.0.10-win32-x86_64\bin\zip.dll
Event: 0.197 Loaded shared library C:\Users\LENOVO\.antigravity\extensions\redhat.java-1.54.0-win32-x64\jre\21.0.10-win32-x86_64\bin\instrument.dll
Event: 0.206 Loaded shared library C:\Users\LENOVO\.antigravity\extensions\redhat.java-1.54.0-win32-x64\jre\21.0.10-win32-x86_64\bin\net.dll
Event: 0.208 Loaded shared library C:\Users\LENOVO\.antigravity\extensions\redhat.java-1.54.0-win32-x64\jre\21.0.10-win32-x86_64\bin\nio.dll
Event: 0.212 Loaded shared library C:\Users\LENOVO\.antigravity\extensions\redhat.java-1.54.0-win32-x64\jre\21.0.10-win32-x86_64\bin\zip.dll
Event: 0.231 Loaded shared library C:\Users\LENOVO\.antigravity\extensions\redhat.java-1.54.0-win32-x64\jre\21.0.10-win32-x86_64\bin\jimage.dll
Event: 0.369 Loaded shared library c:\Users\LENOVO\.antigravity\extensions\redhat.java-1.54.0-win32-x64\jre\21.0.10-win32-x86_64\bin\verify.dll
Event: 2.199 Loaded shared library C:\Users\LENOVO\AppData\Roaming\Antigravity\User\globalStorage\redhat.java\1.54.0\config_win\org.eclipse.equinox.launcher\org.eclipse.equinox.launcher.win32.win32.x86_64_1.3.0.v20260203-2149\eclipse_11919.dll
Event: 5.642 Loaded shared library C:\Users\LENOVO\AppData\Local\Temp\jna--2053026509\jna7632349285155323063.dll

Deoptimization events (20 events):
Event: 1629.403 Thread 0x00000220e7015aa0 Uncommon trap: trap_request=0xffffff45 fr.pc=0x00000220d2afce94 relative=0x00000000000004d4
Event: 1629.403 Thread 0x00000220e7015aa0 Uncommon trap: reason=unstable_if action=reinterpret pc=0x00000220d2afce94 method=org.eclipse.jdt.internal.core.util.PublicScanner.translateTokenToTerminalSymbol(Lorg/eclipse/jdt/internal/compiler/parser/TerminalToken;)I @ 13 c2
Event: 1629.403 Thread 0x00000220e7015aa0 DEOPT PACKING pc=0x00000220d2afce94 sp=0x000000c0193fe960
Event: 1629.403 Thread 0x00000220e7015aa0 DEOPT UNPACKING pc=0x00000220d14f6da2 sp=0x000000c0193fe8f8 mode 2
Event: 1629.655 Thread 0x00000220e70d75a0 Uncommon trap: trap_request=0xffffffd6 fr.pc=0x00000220d2b76744 relative=0x0000000000000fc4
Event: 1629.655 Thread 0x00000220e70d75a0 Uncommon trap: reason=array_check action=maybe_recompile pc=0x00000220d2b76744 method=java.util.TimSort.mergeLo(IIII)V @ 81 c2
Event: 1629.655 Thread 0x00000220e70d75a0 DEOPT PACKING pc=0x00000220d2b76744 sp=0x000000c0190fe050
Event: 1629.655 Thread 0x00000220e70d75a0 DEOPT UNPACKING pc=0x00000220d14f6da2 sp=0x000000c0190fe010 mode 2
Event: 1629.655 Thread 0x00000220e70d75a0 Uncommon trap: trap_request=0xffffffd6 fr.pc=0x00000220d2b76744 relative=0x0000000000000fc4
Event: 1629.655 Thread 0x00000220e70d75a0 Uncommon trap: reason=array_check action=maybe_recompile pc=0x00000220d2b76744 method=java.util.TimSort.mergeLo(IIII)V @ 81 c2
Event: 1629.655 Thread 0x00000220e70d75a0 DEOPT PACKING pc=0x00000220d2b76744 sp=0x000000c0190fdf60
Event: 1629.655 Thread 0x00000220e70d75a0 DEOPT UNPACKING pc=0x00000220d14f6da2 sp=0x000000c0190fdf20 mode 2
Event: 1629.655 Thread 0x00000220e70d75a0 Uncommon trap: trap_request=0xffffffd6 fr.pc=0x00000220d2b76744 relative=0x0000000000000fc4
Event: 1629.655 Thread 0x00000220e70d75a0 Uncommon trap: reason=array_check action=maybe_recompile pc=0x00000220d2b76744 method=java.util.TimSort.mergeLo(IIII)V @ 81 c2
Event: 1629.655 Thread 0x00000220e70d75a0 DEOPT PACKING pc=0x00000220d2b76744 sp=0x000000c0190fdf60
Event: 1629.655 Thread 0x00000220e70d75a0 DEOPT UNPACKING pc=0x00000220d14f6da2 sp=0x000000c0190fdf20 mode 2
Event: 1629.658 Thread 0x00000220e70d75a0 Uncommon trap: trap_request=0xffffffd6 fr.pc=0x00000220d2b76744 relative=0x0000000000000fc4
Event: 1629.658 Thread 0x00000220e70d75a0 Uncommon trap: reason=array_check action=maybe_recompile pc=0x00000220d2b76744 method=java.util.TimSort.mergeLo(IIII)V @ 81 c2
Event: 1629.658 Thread 0x00000220e70d75a0 DEOPT PACKING pc=0x00000220d2b76744 sp=0x000000c0190fe1e0
Event: 1629.658 Thread 0x00000220e70d75a0 DEOPT UNPACKING pc=0x00000220d14f6da2 sp=0x000000c0190fe1a0 mode 2

Classes loaded (20 events):
Event: 1276.022 Loading class java/util/stream/Nodes$ConcNode
Event: 1276.022 Loading class java/util/stream/Nodes$AbstractConcNode
Event: 1276.022 Loading class java/util/stream/Nodes$AbstractConcNode done
Event: 1276.022 Loading class java/util/stream/Nodes$ConcNode done
Event: 1276.060 Loading class java/util/stream/Nodes$ToArrayTask$OfRef
Event: 1276.060 Loading class java/util/stream/Nodes$ToArrayTask
Event: 1276.060 Loading class java/util/stream/Nodes$ToArrayTask done
Event: 1276.060 Loading class java/util/stream/Nodes$ToArrayTask$OfRef done
Event: 1276.073 Loading class java/io/ObjectOutputStream$BlockDataOutputStream
Event: 1276.074 Loading class java/io/ObjectOutputStream$BlockDataOutputStream done
Event: 1276.074 Loading class java/io/ObjectOutputStream$HandleTable
Event: 1276.075 Loading class java/io/ObjectOutputStream$HandleTable done
Event: 1276.075 Loading class java/io/ObjectOutputStream$ReplaceTable
Event: 1276.075 Loading class java/io/ObjectOutputStream$ReplaceTable done
Event: 1276.173 Loading class java/nio/charset/MalformedInputException
Event: 1276.173 Loading class java/nio/charset/MalformedInputException done
Event: 1276.174 Loading class java/lang/Throwable$WrappedPrintWriter
Event: 1276.174 Loading class java/lang/Throwable$PrintStreamOrWriter
Event: 1276.174 Loading class java/lang/Throwable$PrintStreamOrWriter done
Event: 1276.174 Loading class java/lang/Throwable$WrappedPrintWriter done

Classes unloaded (9 events):
Event: 6.170 Thread 0x00000220c6e139a0 Unloading class 0x00000220811aac00 'java/lang/invoke/LambdaForm$MH+0x00000220811aac00'
Event: 6.170 Thread 0x00000220c6e139a0 Unloading class 0x00000220811aa800 'java/lang/invoke/LambdaForm$MH+0x00000220811aa800'
Event: 6.170 Thread 0x00000220c6e139a0 Unloading class 0x00000220811aa400 'java/lang/invoke/LambdaForm$MH+0x00000220811aa400'
Event: 6.170 Thread 0x00000220c6e139a0 Unloading class 0x00000220811aa000 'java/lang/invoke/LambdaForm$MH+0x00000220811aa000'
Event: 6.170 Thread 0x00000220c6e139a0 Unloading class 0x00000220811a9c00 'java/lang/invoke/LambdaForm$BMH+0x00000220811a9c00'
Event: 6.170 Thread 0x00000220c6e139a0 Unloading class 0x00000220811a9800 'java/lang/invoke/LambdaForm$DMH+0x00000220811a9800'
Event: 6.170 Thread 0x00000220c6e139a0 Unloading class 0x00000220811a8400 'java/lang/invoke/LambdaForm$DMH+0x00000220811a8400'
Event: 981.852 Thread 0x00000220c6e139a0 Unloading class 0x0000022081740800 'java/lang/invoke/LambdaForm$DMH+0x0000022081740800'
Event: 981.852 Thread 0x00000220c6e139a0 Unloading class 0x0000022081740000 'java/lang/invoke/LambdaForm$DMH+0x0000022081740000'

Classes redefined (0 events):
No events

Internal exceptions (20 events):
Event: 1276.045 Thread 0x00000220e70d9670 Exception <a 'sun/nio/fs/WindowsException'{0x00000000d57950c8}> (0x00000000d57950c8) 
thrown [s\src\hotspot\share\prims\jni.cpp, line 520]
Event: 1276.045 Thread 0x00000220e70d9670 Exception <a 'sun/nio/fs/WindowsException'{0x00000000d5795a88}> (0x00000000d5795a88) 
thrown [s\src\hotspot\share\prims\jni.cpp, line 520]
Event: 1276.049 Thread 0x00000220e70d9670 Exception <a 'sun/nio/fs/WindowsException'{0x00000000d57a0d68}> (0x00000000d57a0d68) 
thrown [s\src\hotspot\share\prims\jni.cpp, line 520]
Event: 1276.050 Thread 0x00000220e70d9670 Exception <a 'sun/nio/fs/WindowsException'{0x00000000d57a1728}> (0x00000000d57a1728) 
thrown [s\src\hotspot\share\prims\jni.cpp, line 520]
Event: 1276.052 Thread 0x00000220e70d9670 Exception <a 'sun/nio/fs/WindowsException'{0x00000000d57a8088}> (0x00000000d57a8088) 
thrown [s\src\hotspot\share\prims\jni.cpp, line 520]
Event: 1276.052 Thread 0x00000220e70d9670 Exception <a 'sun/nio/fs/WindowsException'{0x00000000d57a8a48}> (0x00000000d57a8a48) 
thrown [s\src\hotspot\share\prims\jni.cpp, line 520]
Event: 1276.054 Thread 0x00000220e70d9670 Exception <a 'sun/nio/fs/WindowsException'{0x00000000d57ac2e0}> (0x00000000d57ac2e0) 
thrown [s\src\hotspot\share\prims\jni.cpp, line 520]
Event: 1276.054 Thread 0x00000220e70d9670 Exception <a 'sun/nio/fs/WindowsException'{0x00000000d57acca0}> (0x00000000d57acca0) 
thrown [s\src\hotspot\share\prims\jni.cpp, line 520]
Event: 1276.055 Thread 0x00000220e70d9670 Exception <a 'sun/nio/fs/WindowsException'{0x00000000d57af528}> (0x00000000d57af528) 
thrown [s\src\hotspot\share\prims\jni.cpp, line 520]
Event: 1276.056 Thread 0x00000220e70d9670 Exception <a 'sun/nio/fs/WindowsException'{0x00000000d57afee8}> (0x00000000d57afee8) 
thrown [s\src\hotspot\share\prims\jni.cpp, line 520]
Event: 1276.056 Thread 0x00000220e70d9670 Implicit null exception at 0x00000220d20d0286 to 0x00000220d20d05fc
Event: 1276.119 Thread 0x00000220e70d9670 Exception <a 'java/lang/NoSuchMethodError'{0x00000000d55bc2c8}: static [J.<clinit>()V> (0x00000000d55bc2c8) 
thrown [s\src\hotspot\share\prims\jni.cpp, line 1111]
Event: 1276.138 Thread 0x00000220e70d9670 Exception <a 'java/lang/NoSuchMethodError'{0x00000000d560ada8}: 'java.lang.Object java.lang.invoke.DirectMethodHandle$Holder.newInvokeSpecial(java.lang.Object, java.lang.Object, java.lang.Object, java.lang.Object, java.lang.Object, java.lang.Object, java.lang.Object, java.lang.Object)'> (0x00000000d560ada8) 
thrown [s\src\hotspot\share\interpreter\linkResolver.cpp, line 773]
Event: 1485.939 Thread 0x00000220e44c0e30 Implicit null exception at 0x00000220d1e1cc41 to 0x00000220d1e1f064
Event: 1485.949 Thread 0x00000220e44c0e30 Exception <a 'sun/nio/fs/WindowsException'{0x00000000d5600e30}> (0x00000000d5600e30) 
thrown [s\src\hotspot\share\prims\jni.cpp, line 520]
Event: 1486.309 Thread 0x00000220e44c0e30 Exception <a 'sun/nio/fs/WindowsException'{0x00000000d57d1448}> (0x00000000d57d1448) 
thrown [s\src\hotspot\share\prims\jni.cpp, line 520]
Event: 1501.031 Thread 0x00000220e44c0e30 Exception <a 'sun/nio/fs/WindowsException'{0x00000000d5687c00}> (0x00000000d5687c00) 
thrown [s\src\hotspot\share\prims\jni.cpp, line 520]
Event: 1501.420 Thread 0x00000220e44c0e30 Exception <a 'sun/nio/fs/WindowsException'{0x00000000d58dcc48}> (0x00000000d58dcc48) 
thrown [s\src\hotspot\share\prims\jni.cpp, line 520]
Event: 1501.526 Thread 0x00000220e44c0e30 Implicit null exception at 0x00000220d2adbe1f to 0x00000220d2adc558
Event: 1501.529 Thread 0x00000220e44c0e30 Implicit null exception at 0x00000220d2ac9c08 to 0x00000220d2ac9fe0

ZGC Phase Switch (0 events):
No events

VM Operations (20 events):
Event: 1629.599 Executing safepoint VM operation: ParallelGCFailedAllocation (Allocation Failure)
Event: 1629.601 Executing safepoint VM operation: ParallelGCFailedAllocation (Allocation Failure) done
Event: 1629.609 Executing safepoint VM operation: ParallelGCFailedAllocation (Allocation Failure)
Event: 1629.610 Executing safepoint VM operation: ParallelGCFailedAllocation (Allocation Failure) done
Event: 1629.614 Executing safepoint VM operation: ParallelGCFailedAllocation (Allocation Failure)
Event: 1629.615 Executing safepoint VM operation: ParallelGCFailedAllocation (Allocation Failure) done
Event: 1629.626 Executing safepoint VM operation: ParallelGCFailedAllocation (Allocation Failure)
Event: 1629.628 Executing safepoint VM operation: ParallelGCFailedAllocation (Allocation Failure) done
Event: 1629.636 Executing safepoint VM operation: ParallelGCFailedAllocation (Allocation Failure)
Event: 1629.638 Executing safepoint VM operation: ParallelGCFailedAllocation (Allocation Failure) done
Event: 1629.644 Executing safepoint VM operation: ParallelGCFailedAllocation (Allocation Failure)
Event: 1629.646 Executing safepoint VM operation: ParallelGCFailedAllocation (Allocation Failure) done
Event: 1629.649 Executing safepoint VM operation: ParallelGCFailedAllocation (Allocation Failure)
Event: 1629.651 Executing safepoint VM operation: ParallelGCFailedAllocation (Allocation Failure) done
Event: 1629.655 Executing safepoint VM operation: ParallelGCFailedAllocation (Allocation Failure)
Event: 1629.657 Executing safepoint VM operation: ParallelGCFailedAllocation (Allocation Failure) done
Event: 1629.679 Executing safepoint VM operation: ParallelGCFailedAllocation (Allocation Failure)
Event: 1629.681 Executing safepoint VM operation: ParallelGCFailedAllocation (Allocation Failure) done
Event: 1629.688 Executing safepoint VM operation: ParallelGCFailedAllocation (Allocation Failure)
Event: 1629.689 Executing safepoint VM operation: ParallelGCFailedAllocation (Allocation Failure) done

Memory protections (0 events):
No events

Nmethod flushes (20 events):
Event: 981.878 Thread 0x00000220c6e139a0 flushing  nmethod 0x00000220cb033890
Event: 981.878 Thread 0x00000220c6e139a0 flushing  nmethod 0x00000220cb035510
Event: 981.878 Thread 0x00000220c6e139a0 flushing  nmethod 0x00000220cb044310
Event: 981.878 Thread 0x00000220c6e139a0 flushing  nmethod 0x00000220cb0c3990
Event: 981.878 Thread 0x00000220c6e139a0 flushing  nmethod 0x00000220cb0c4290
Event: 981.878 Thread 0x00000220c6e139a0 flushing  nmethod 0x00000220cb0cde10
Event: 981.878 Thread 0x00000220c6e139a0 flushing  nmethod 0x00000220cb0df590
Event: 981.878 Thread 0x00000220c6e139a0 flushing  nmethod 0x00000220cb0dfe10
Event: 981.878 Thread 0x00000220c6e139a0 flushing  nmethod 0x00000220cb0fa410
Event: 981.878 Thread 0x00000220c6e139a0 flushing  nmethod 0x00000220cb0fb690
Event: 981.878 Thread 0x00000220c6e139a0 flushing  nmethod 0x00000220cb0fc410
Event: 981.878 Thread 0x00000220c6e139a0 flushing  nmethod 0x00000220cb109810
Event: 981.878 Thread 0x00000220c6e139a0 flushing  nmethod 0x00000220cb119d10
Event: 981.878 Thread 0x00000220c6e139a0 flushing  nmethod 0x00000220cb11c690
Event: 981.878 Thread 0x00000220c6e139a0 flushing  nmethod 0x00000220cb148f10
Event: 981.878 Thread 0x00000220c6e139a0 flushing  nmethod 0x00000220cb15ff10
Event: 981.878 Thread 0x00000220c6e139a0 flushing  nmethod 0x00000220cb17e790
Event: 981.878 Thread 0x00000220c6e139a0 flushing  nmethod 0x00000220cb25d790
Event: 981.878 Thread 0x00000220c6e139a0 flushing  nmethod 0x00000220cb260c10
Event: 981.878 Thread 0x00000220c6e139a0 flushing  nmethod 0x00000220cb264890

Events (20 events):
Event: 1501.186 Thread 0x00000220e304b9b0 Thread added: 0x00000220e7d4ce60
Event: 1501.193 Thread 0x00000220e70d75a0 Thread added: 0x00000220e7012cb0
Event: 1501.236 Thread 0x00000220e70d9670 Thread added: 0x00000220e70167c0
Event: 1501.534 Thread 0x00000220c6cf4010 Thread added: 0x00000220e7d52020
Event: 1501.793 Thread 0x00000220e563d600 Thread added: 0x00000220e563b530
Event: 1502.139 Thread 0x00000220e7d4ce60 Thread exited: 0x00000220e7d4ce60
Event: 1502.139 Thread 0x00000220e7d52020 Thread exited: 0x00000220e7d52020
Event: 1502.143 Thread 0x00000220e304b9b0 Thread added: 0x00000220e7d4f070
Event: 1502.290 Thread 0x00000220e7d4f070 Thread exited: 0x00000220e7d4f070
Event: 1561.225 Thread 0x00000220e70d6f10 Thread exited: 0x00000220e70d6f10
Event: 1561.793 Thread 0x00000220e70167c0 Thread exited: 0x00000220e70167c0
Event: 1561.793 Thread 0x00000220e70d9670 Thread exited: 0x00000220e70d9670
Event: 1561.888 Thread 0x00000220e563d600 Thread exited: 0x00000220e563d600
Event: 1573.149 Thread 0x00000220e7014d80 Thread exited: 0x00000220e7014d80
Event: 1629.203 Thread 0x00000220e304b9b0 Thread added: 0x00000220e7d4f070
Event: 1629.403 Thread 0x00000220e7d4f070 Thread exited: 0x00000220e7d4f070
Event: 1629.453 Thread 0x00000220e7015410 Thread added: 0x00000220e563d600
Event: 1629.454 Thread 0x00000220e7015aa0 Thread added: 0x00000220e44c21e0
Event: 1629.494 Thread 0x00000220c6cf4010 Thread added: 0x00000220e7d4f070
Event: 1634.704 Thread 0x00000220e7d4f070 Thread exited: 0x00000220e7d4f070


Dynamic libraries:
0x00007ff781240000 - 0x00007ff78124e000 	c:\Users\LENOVO\.antigravity\extensions\redhat.java-1.54.0-win32-x64\jre\21.0.10-win32-x86_64\bin\java.exe
0x00007ffb449c0000 - 0x00007ffb44c27000 	C:\WINDOWS\SYSTEM32\ntdll.dll
0x00007ffb43b80000 - 0x00007ffb43c49000 	C:\WINDOWS\System32\KERNEL32.DLL
0x00007ffb420e0000 - 0x00007ffb424d4000 	C:\WINDOWS\System32\KERNELBASE.dll
0x00007ffb41ca0000 - 0x00007ffb41deb000 	C:\WINDOWS\System32\ucrtbase.dll
0x00007ffb1fab0000 - 0x00007ffb1fac8000 	c:\Users\LENOVO\.antigravity\extensions\redhat.java-1.54.0-win32-x64\jre\21.0.10-win32-x86_64\bin\jli.dll
0x00007ffb436e0000 - 0x00007ffb438a5000 	C:\WINDOWS\System32\USER32.dll
0x00007ffb41290000 - 0x00007ffb412b7000 	C:\WINDOWS\System32\win32u.dll
0x00007ffb448c0000 - 0x00007ffb448eb000 	C:\WINDOWS\System32\GDI32.dll
0x00007ffb42570000 - 0x00007ffb4269b000 	C:\WINDOWS\System32\gdi32full.dll
0x00007ffb426a0000 - 0x00007ffb42743000 	C:\WINDOWS\System32\msvcp_win.dll
0x00007ffb203a0000 - 0x00007ffb203be000 	c:\Users\LENOVO\.antigravity\extensions\redhat.java-1.54.0-win32-x64\jre\21.0.10-win32-x86_64\bin\VCRUNTIME140.dll
0x00007ffb22280000 - 0x00007ffb22513000 	C:\WINDOWS\WinSxS\amd64_microsoft.windows.common-controls_6595b64144ccf1df_6.0.26100.8115_none_3e075c82e3354f9c\COMCTL32.dll
0x00007ffb43ce0000 - 0x00007ffb43d89000 	C:\WINDOWS\System32\msvcrt.dll
0x00007ffb442a0000 - 0x00007ffb442d2000 	C:\WINDOWS\System32\IMM32.DLL
0x00007ffb332e0000 - 0x00007ffb332ec000 	c:\Users\LENOVO\.antigravity\extensions\redhat.java-1.54.0-win32-x64\jre\21.0.10-win32-x86_64\bin\vcruntime140_1.dll
0x00007ffb0b290000 - 0x00007ffb0b31d000 	c:\Users\LENOVO\.antigravity\extensions\redhat.java-1.54.0-win32-x64\jre\21.0.10-win32-x86_64\bin\msvcp140.dll
0x00007ffab2970000 - 0x00007ffab3711000 	c:\Users\LENOVO\.antigravity\extensions\redhat.java-1.54.0-win32-x64\jre\21.0.10-win32-x86_64\bin\server\jvm.dll
0x00007ffb443e0000 - 0x00007ffb44496000 	C:\WINDOWS\System32\ADVAPI32.dll
0x00007ffb42850000 - 0x00007ffb428f7000 	C:\WINDOWS\System32\sechost.dll
0x00007ffb435c0000 - 0x00007ffb436d8000 	C:\WINDOWS\System32\RPCRT4.dll
0x00007ffb43c50000 - 0x00007ffb43cd0000 	C:\WINDOWS\System32\WS2_32.dll
0x00007ffb410f0000 - 0x00007ffb4114e000 	C:\WINDOWS\SYSTEM32\POWRPROF.dll
0x00007ffb38e70000 - 0x00007ffb38ea6000 	C:\WINDOWS\SYSTEM32\WINMM.dll
0x00007ffb32550000 - 0x00007ffb3255b000 	C:\WINDOWS\SYSTEM32\VERSION.dll
0x00007ffb410d0000 - 0x00007ffb410e4000 	C:\WINDOWS\SYSTEM32\UMPDC.dll
0x00007ffb40020000 - 0x00007ffb4003b000 	C:\WINDOWS\SYSTEM32\kernel.appcore.dll
0x00007ffb2fec0000 - 0x00007ffb2feca000 	c:\Users\LENOVO\.antigravity\extensions\redhat.java-1.54.0-win32-x64\jre\21.0.10-win32-x86_64\bin\jimage.dll
0x00007ffb3c700000 - 0x00007ffb3c942000 	C:\WINDOWS\SYSTEM32\DBGHELP.DLL
0x00007ffb444a0000 - 0x00007ffb44822000 	C:\WINDOWS\System32\combase.dll
0x00007ffb441c0000 - 0x00007ffb44298000 	C:\WINDOWS\System32\OLEAUT32.dll
0x00007ffb23a40000 - 0x00007ffb23a7b000 	C:\WINDOWS\SYSTEM32\dbgcore.DLL
0x00007ffb42030000 - 0x00007ffb420d5000 	C:\WINDOWS\System32\bcryptPrimitives.dll
0x00007ffb2d370000 - 0x00007ffb2d37f000 	c:\Users\LENOVO\.antigravity\extensions\redhat.java-1.54.0-win32-x64\jre\21.0.10-win32-x86_64\bin\instrument.dll
0x00007ffb1fa60000 - 0x00007ffb1fa80000 	c:\Users\LENOVO\.antigravity\extensions\redhat.java-1.54.0-win32-x64\jre\21.0.10-win32-x86_64\bin\java.dll
0x00007ffb42900000 - 0x00007ffb43067000 	C:\WINDOWS\System32\SHELL32.dll
0x00007ffb41b30000 - 0x00007ffb41c9a000 	C:\WINDOWS\System32\wintypes.dll
0x00007ffb412c0000 - 0x00007ffb41b28000 	C:\WINDOWS\System32\windows.storage.dll
0x00007ffb442e0000 - 0x00007ffb443d8000 	C:\WINDOWS\System32\SHCORE.dll
0x00007ffb44900000 - 0x00007ffb44966000 	C:\WINDOWS\System32\shlwapi.dll
0x00007ffb411b0000 - 0x00007ffb411d9000 	C:\WINDOWS\SYSTEM32\profapi.dll
0x00007ffb14b50000 - 0x00007ffb14b68000 	c:\Users\LENOVO\.antigravity\extensions\redhat.java-1.54.0-win32-x64\jre\21.0.10-win32-x86_64\bin\zip.dll
0x00007ffb2d0d0000 - 0x00007ffb2d0e0000 	C:\Users\LENOVO\.antigravity\extensions\redhat.java-1.54.0-win32-x64\jre\21.0.10-win32-x86_64\bin\net.dll
0x00007ffb33f70000 - 0x00007ffb3409d000 	C:\WINDOWS\SYSTEM32\WINHTTP.dll
0x00007ffb40590000 - 0x00007ffb405fc000 	C:\WINDOWS\system32\mswsock.dll
0x00007ffb14b30000 - 0x00007ffb14b46000 	C:\Users\LENOVO\.antigravity\extensions\redhat.java-1.54.0-win32-x64\jre\21.0.10-win32-x86_64\bin\nio.dll
0x00007ffb2c510000 - 0x00007ffb2c520000 	c:\Users\LENOVO\.antigravity\extensions\redhat.java-1.54.0-win32-x64\jre\21.0.10-win32-x86_64\bin\verify.dll
0x00007ffb1fb30000 - 0x00007ffb1fb75000 	C:\Users\LENOVO\AppData\Roaming\Antigravity\User\globalStorage\redhat.java\1.54.0\config_win\org.eclipse.equinox.launcher\org.eclipse.equinox.launcher.win32.win32.x86_64_1.3.0.v20260203-2149\eclipse_11919.dll
0x00007ffb43f70000 - 0x00007ffb44107000 	C:\WINDOWS\System32\ole32.dll
0x00007ffb40870000 - 0x00007ffb4088b000 	C:\WINDOWS\SYSTEM32\CRYPTSP.dll
0x00007ffb3ff80000 - 0x00007ffb3ffb9000 	C:\WINDOWS\system32\rsaenh.dll
0x00007ffb40640000 - 0x00007ffb40673000 	C:\WINDOWS\SYSTEM32\USERENV.dll
0x00007ffb41180000 - 0x00007ffb411aa000 	C:\WINDOWS\SYSTEM32\bcrypt.dll
0x00007ffb40890000 - 0x00007ffb4089c000 	C:\WINDOWS\SYSTEM32\CRYPTBASE.dll
0x00007ffb3fab0000 - 0x00007ffb3fae2000 	C:\WINDOWS\SYSTEM32\IPHLPAPI.DLL
0x00007ffb448f0000 - 0x00007ffb448fa000 	C:\WINDOWS\System32\NSI.dll
0x00007ffb0b610000 - 0x00007ffb0b659000 	C:\Users\LENOVO\AppData\Local\Temp\jna--2053026509\jna7632349285155323063.dll
0x00007ffb44830000 - 0x00007ffb44838000 	C:\WINDOWS\System32\PSAPI.DLL
0x00007ffb38dc0000 - 0x00007ffb38ddd000 	C:\WINDOWS\SYSTEM32\dhcpcsvc6.DLL
0x00007ffb38d90000 - 0x00007ffb38db5000 	C:\WINDOWS\SYSTEM32\dhcpcsvc.DLL

JVMTI agents:
c:\Users\LENOVO\.antigravity\extensions\redhat.java-1.54.0-win32-x64\lombok\lombok-1.18.39-4050.jar path:c:\Users\LENOVO\.antigravity\extensions\redhat.java-1.54.0-win32-x64\jre\21.0.10-win32-x86_64\bin\instrument.dll, loaded, initialized, instrumentlib options:none

dbghelp: loaded successfully - version: 4.0.5 - missing functions: none
symbol engine: initialized successfully - sym options: 0x614 - pdb path: .;c:\Users\LENOVO\.antigravity\extensions\redhat.java-1.54.0-win32-x64\jre\21.0.10-win32-x86_64\bin;C:\WINDOWS\SYSTEM32;C:\WINDOWS\WinSxS\amd64_microsoft.windows.common-controls_6595b64144ccf1df_6.0.26100.8115_none_3e075c82e3354f9c;c:\Users\LENOVO\.antigravity\extensions\redhat.java-1.54.0-win32-x64\jre\21.0.10-win32-x86_64\bin\server;C:\Users\LENOVO\AppData\Roaming\Antigravity\User\globalStorage\redhat.java\1.54.0\config_win\org.eclipse.equinox.launcher\org.eclipse.equinox.launcher.win32.win32.x86_64_1.3.0.v20260203-2149;C:\Users\LENOVO\AppData\Local\Temp\jna--2053026509

VM Arguments:
jvm_args: --add-modules=ALL-SYSTEM --add-opens=java.base/java.util=ALL-UNNAMED --add-opens=java.base/java.lang=ALL-UNNAMED --add-opens=java.base/sun.nio.fs=ALL-UNNAMED -Declipse.application=org.eclipse.jdt.ls.core.id1 -Dosgi.bundles.defaultStartLevel=4 -Declipse.product=org.eclipse.jdt.ls.core.product -Djava.import.generatesMetadataFilesAtProjectRoot=false -DDetectVMInstallationsJob.disabled=true -Dfile.encoding=utf8 -XX:+UseParallelGC -XX:GCTimeRatio=4 -XX:AdaptiveSizePolicyWeight=90 -Dsun.zip.disableMemoryMapping=true -Xmx2G -Xms100m -Xlog:disable -javaagent:c:\Users\LENOVO\.antigravity\extensions\redhat.java-1.54.0-win32-x64\lombok\lombok-1.18.39-4050.jar -XX:+HeapDumpOnOutOfMemoryError -XX:HeapDumpPath=c:\Users\LENOVO\AppData\Roaming\Antigravity\User\workspaceStorage\c32ad2883d698218fc90bdae50dd7373\redhat.java -Daether.dependencyCollector.impl=bf 
java_command: c:\Users\LENOVO\.antigravity\extensions\redhat.java-1.54.0-win32-x64\server\plugins\org.eclipse.equinox.launcher_1.7.100.v20251111-0406.jar -configuration c:\Users\LENOVO\AppData\Roaming\Antigravity\User\globalStorage\redhat.java\1.54.0\config_win -data c:\Users\LENOVO\AppData\Roaming\Antigravity\User\workspaceStorage\c32ad2883d698218fc90bdae50dd7373\redhat.java\jdt_ws --pipe=\\.\pipe\lsp-29331f40e3033c11946b000022a36ba3-sock
java_class_path (initial): c:\Users\LENOVO\.antigravity\extensions\redhat.java-1.54.0-win32-x64\server\plugins\org.eclipse.equinox.launcher_1.7.100.v20251111-0406.jar
Launcher Type: SUN_STANDARD

[Global flags]
    uintx AdaptiveSizePolicyWeight                 = 90                                        {product} {command line}
     intx CICompilerCount                          = 4                                         {product} {ergonomic}
    uintx GCTimeRatio                              = 4                                         {product} {command line}
     bool HeapDumpOnOutOfMemoryError               = true                                   {manageable} {command line}
    ccstr HeapDumpPath                             = c:\Users\LENOVO\AppData\Roaming\Antigravity\User\workspaceStorage\c32ad2883d698218fc90bdae50dd7373\redhat.java         {manageable} {command line}
   size_t InitialHeapSize                          = 104857600                                 {product} {command line}
   size_t MaxHeapSize                              = 2147483648                                {product} {command line}
   size_t MaxNewSize                               = 715653120                                 {product} {ergonomic}
   size_t MinHeapDeltaBytes                        = 524288                                    {product} {ergonomic}
   size_t MinHeapSize                              = 104857600                                 {product} {command line}
   size_t NewSize                                  = 34603008                                  {product} {ergonomic}
    uintx NonNMethodCodeHeapSize                   = 5839372                                {pd product} {ergonomic}
    uintx NonProfiledCodeHeapSize                  = 122909434                              {pd product} {ergonomic}
   size_t OldSize                                  = 70254592                                  {product} {ergonomic}
    uintx ProfiledCodeHeapSize                     = 122909434                              {pd product} {ergonomic}
    uintx ReservedCodeCacheSize                    = 251658240                              {pd product} {ergonomic}
     bool SegmentedCodeCache                       = true                                      {product} {ergonomic}
   size_t SoftMaxHeapSize                          = 2147483648                             {manageable} {ergonomic}
     bool UseCompressedOops                        = true                           {product lp64_product} {ergonomic}
     bool UseLargePagesIndividualAllocation        = false                                  {pd product} {ergonomic}
     bool UseParallelGC                            = true                                      {product} {command line}

Logging:
Log output configuration:
 #0: stdout all=off uptime,level,tags foldmultilines=false
 #1: stderr all=off uptime,level,tags foldmultilines=false

Release file:
JAVA_VERSION="21.0.10" 
MODULES="java.base java.compiler java.datatransfer java.xml java.prefs java.desktop java.instrument java.logging java.management java.security.sasl java.naming java.rmi java.management.rmi java.net.http java.scripting java.security.jgss java.transaction.xa java.sql java.sql.rowset java.xml.crypto java.se java.smartcardio jdk.accessibility jdk.internal.jvmstat jdk.attach jdk.charsets jdk.internal.opt jdk.zipfs jdk.compiler jdk.crypto.ec jdk.crypto.cryptoki jdk.crypto.mscapi jdk.dynalink jdk.internal.ed jdk.editpad jdk.hotspot.agent jdk.httpserver jdk.internal.le jdk.internal.vm.ci jdk.internal.vm.compiler jdk.internal.vm.compiler.management jdk.jartool jdk.javadoc jdk.jcmd jdk.management jdk.management.agent jdk.jconsole jdk.jdeps jdk.jdwp.agent jdk.jdi jdk.jfr jdk.jshell jdk.jsobject jdk.jstatd jdk.localedata jdk.management.jfr jdk.naming.dns jdk.naming.rmi jdk.net jdk.nio.mapmode jdk.random jdk.sctp jdk.security.auth jdk.security.jgss jdk.unsupported jdk.unsupported.desktop jdk.xml.dom" 

Environment Variables:
JAVA_HOME=C:\Program Files\Java\jdk-20
PATH=C:\Users\LENOVO\Downloads\apache-maven-3.9.14-bin\apache-maven-3.9.14\bin;C:\Program Files\MongoDB\Server\8.2\bin;C:\Program Files\Eclipse Adoptium\jdk-17.0.17.10-hotspot\bin;C:\oraclexe\app\oracle\product\11.2.0\server\bin;C:\xampp\php;C:\Program Files\MySQL\MySQL Server 8.0\bin;C:\Python 3.12\Python 3.12.exe;C:\Users\LENOVO\AppData\Local\Programs\Python\Python312\python.exe;C:\Users\LENOVO\Downloads\flutter_windows_3.16.0-stable\flutter\bin;C:\ProgramData\Oracle\Java\javapath;C:\Program Files\Java\jdk-21.0.1\bin;C:\Program Files\Common Files\Oracle\Java\javapath;C:\Program Files\Java\jdk-20\bin;C:\Users\LENOVO\Downloads\sqldeveloper-23.1.0.097.1607-x64\sqldeveloper\sqldeveloper\bin;C:\Users\LENOVO\Downloads\msys2-x86_64-20230318.exe;C:\WINDOWS\system32;C:\WINDOWS;C:\WINDOWS\System32\Wbem;C:\WINDOWS\System32\WindowsPowerShell\v1.0\;C:\WINDOWS\System32\OpenSSH\;C:\Program Files\Git\cmd;C:\Program Files\Git\bin;C:\Program Files\dotnet\;C:\Users\LENOVO\AppData\Local\Android\Sdk\platform-tools;C:\Users\LENOVO\AppData\Local\Android\Sdk\emulator;C:\Users\LENOVO\Downloads\php-8.3.11-nts-Win32-vs16-x64;C:\ProgramData\ComposerSetup\bin;C:\Program Files\nodejs\;C:\Program Files\Microsoft SQL Server\150\Tools\Binn\;C:\Program Files\Docker\Docker\resources\bin;C:\Program Files\Vagrant\bin;C:\Program Files\Cloudflare\Cloudflare WARP\;C:\Users\LENOVO\scoop\shims;C:\Program Files\MySQL\MySQL Shell 8.0\bin\;C:\Users\LENOVO\AppData\Local\Programs\Python\Launcher\;C:\Python27\python.exe;C:\Users\LENOVO\AppData\Local\Programs\Python\Python311;C:\Users\LENOVO\AppData\Local\Programs\Python\Python311\Scripts\;C:\Python27;C:\Users\LENOVO\AppData\Local\Microsoft\WindowsApps;C:\Program Files\JetBrains\PyCharm Community Edition 2023.1\bin;;C:\Users\LENOVO\AppData\Local\GitHubDesktop\bin;C:\Users\LENOVO\.dotnet\tools;C:\Program Files (x86)\Nmap;C:\Users\LENOVO\AppData\Local\Programs\MiKTeX\miktex\bin\x64\;C:\Users\LENOVO\AppData\Roaming\Composer\vendor\bin;C:\xampp\php;C:\Program Files\JetBrains\IntelliJ IDEA 2024.2.1\bin;;C:\Flex Windows\gcc\bin;C:\Flex Windows\Lex\bin;C:\Flex Windows\bison\bin;C:\Users\LENOVO\AppData\Local\Muse Hub\lib;C:\Users\LENOVO\AppData\Local\Programs\Microsoft VS Code\bin;C:\Users\LENOVO\AppData\Local\Programs\cursor\resources\app\bin;C:\Users\LENOVO\AppData\Roaming\npm;C:\Users\LENOVO\AppData\Local\Programs\Antigravity\bin;
USERNAME=LENOVO
OS=Windows_NT
PROCESSOR_IDENTIFIER=Intel64 Family 6 Model 140 Stepping 2, GenuineIntel
TMP=C:\Users\LENOVO\AppData\Local\Temp
TEMP=C:\Users\LENOVO\AppData\Local\Temp




Periodic native trim disabled

---------------  S Y S T E M  ---------------

OS:
 Windows 11 , 64 bit Build 26100 (10.0.26100.8246)
OS uptime: 0 days 1:18 hours
Hyper-V role detected

CPU: total 8 (initial active 8) (4 cores per cpu, 2 threads per core) family 6 model 140 stepping 2 microcode 0x26, cx8, cmov, fxsr, ht, mmx, 3dnowpref, sse, sse2, sse3, ssse3, sse4.1, sse4.2, popcnt, lzcnt, tsc, tscinvbit, avx, avx2, aes, erms, clmul, bmi1, bmi2, adx, avx512f, avx512dq, avx512cd, avx512bw, avx512vl, sha, fma, vzeroupper, avx512_vpopcntdq, avx512_vpclmulqdq, avx512_vaes, avx512_vnni, clflush, clflushopt, clwb, avx512_vbmi2, avx512_vbmi, hv, rdtscp, rdpid, fsrm, gfni, avx512_bitalg, f16c, cet_ibt, cet_ss, avx512_ifma
Processor Information for the first 8 processors :
  Max Mhz: 3187, Current Mhz: 3187, Mhz Limit: 3187

Memory: 4k page, system-wide physical 16167M (1477M free)
TotalPageFile size 21167M (AvailPageFile size 18M)
current process WorkingSet (physical memory assigned to process): 939M, peak: 939M
current process commit charge ("private bytes"): 1007M, peak: 1008M

vm_info: OpenJDK 64-Bit Server VM (21.0.10+7-LTS) for windows-amd64 JRE (21.0.10+7-LTS), built on 2026-01-20T00:00:00Z by "admin" with MS VC++ 17.12 (VS2022)

END.
