#
# There is insufficient memory for the Java Runtime Environment to continue.
# Native memory allocation (malloc) failed to allocate 237136 bytes. Error detail: Chunk::new
# Possible reasons:
#   The system is out of physical RAM or swap space
#   This process is running with CompressedOops enabled, and the Java Heap may be blocking the growth of the native heap
# Possible solutions:
#   Reduce memory load on the system
#   Increase physical memory or swap space
#   Check if swap backing store is full
#   Decrease Java heap size (-Xmx/-Xms)
#   Decrease number of Java threads
#   Decrease Java thread stack sizes (-Xss)
#   Set larger code cache with -XX:ReservedCodeCacheSize=
#   JVM is running with Unscaled Compressed Oops mode in which the Java heap is
#     placed in the first 4GB address space. The Java Heap base address is the
#     maximum limit for the native heap growth. Please use -XX:HeapBaseMinAddress
#     to set the Java Heap base and to place the Java Heap above 4GB virtual address.
# This output file may be truncated or incomplete.
#
#  Out of Memory Error (arena.cpp:168), pid=5748, tid=14876
#
# JRE version: OpenJDK Runtime Environment Temurin-21.0.10+7 (21.0.10+7) (build 21.0.10+7-LTS)
# Java VM: OpenJDK 64-Bit Server VM Temurin-21.0.10+7 (21.0.10+7-LTS, mixed mode, sharing, tiered, compressed oops, compressed class ptrs, parallel gc, windows-amd64)
# No core dump will be written. Minidumps are not enabled by default on client versions of Windows
#

---------------  S U M M A R Y ------------

Command Line: --add-modules=ALL-SYSTEM --add-opens=java.base/java.util=ALL-UNNAMED --add-opens=java.base/java.lang=ALL-UNNAMED --add-opens=java.base/sun.nio.fs=ALL-UNNAMED -Declipse.application=org.eclipse.jdt.ls.core.id1 -Dosgi.bundles.defaultStartLevel=4 -Declipse.product=org.eclipse.jdt.ls.core.product -Djava.import.generatesMetadataFilesAtProjectRoot=false -DDetectVMInstallationsJob.disabled=true -Dfile.encoding=utf8 -XX:+UseParallelGC -XX:GCTimeRatio=4 -XX:AdaptiveSizePolicyWeight=90 -Dsun.zip.disableMemoryMapping=true -Xmx2G -Xms100m -Xlog:disable -javaagent:c:\Users\LENOVO\.antigravity\extensions\redhat.java-1.54.0-win32-x64\lombok\lombok-1.18.39-4050.jar -XX:+HeapDumpOnOutOfMemoryError -XX:HeapDumpPath=c:\Users\LENOVO\AppData\Roaming\Antigravity\User\workspaceStorage\c32ad2883d698218fc90bdae50dd7373\redhat.java -Daether.dependencyCollector.impl=bf c:\Users\LENOVO\.antigravity\extensions\redhat.java-1.54.0-win32-x64\server\plugins\org.eclipse.equinox.launcher_1.7.100.v20251111-0406.jar -configuration c:\Users\LENOVO\AppData\Roaming\Antigravity\User\globalStorage\redhat.java\1.54.0\config_win -data c:\Users\LENOVO\AppData\Roaming\Antigravity\User\workspaceStorage\c32ad2883d698218fc90bdae50dd7373\redhat.java\jdt_ws --pipe=\\.\pipe\lsp-b29438a13a0be675e9fc8fe18a3f4561-sock

Host: 11th Gen Intel(R) Core(TM) i5-11320H @ 3.20GHz, 8 cores, 15G,  Windows 11 , 64 bit Build 26100 (10.0.26100.8246)
Time: Thu Apr 16 08:59:40 2026 Paris, Madrid elapsed time: 43.510880 seconds (0d 0h 0m 43s)

---------------  T H R E A D  ---------------

Current thread (0x0000019d6eedf170):  JavaThread "C2 CompilerThread1" daemon [_thread_in_native, id=14876, stack(0x0000004a5bc00000,0x0000004a5bd00000) (1024K)]


Current CompileTask:
C2:43510 12237       4       java.io.DataOutputStream::writeUTF (389 bytes)

Stack: [0x0000004a5bc00000,0x0000004a5bd00000]
Native frames: (J=compiled Java code, j=interpreted, Vv=VM code, C=native code)
V  [jvm.dll+0x6d7a39]
V  [jvm.dll+0x8b4b26]
V  [jvm.dll+0x8b70de]
V  [jvm.dll+0x8b77c3]
V  [jvm.dll+0x284346]
V  [jvm.dll+0xc66ed]
V  [jvm.dll+0xc6c31]
V  [jvm.dll+0x2fb29e]
V  [jvm.dll+0x5fe884]
V  [jvm.dll+0x255b17]
V  [jvm.dll+0x24dc0b]
V  [jvm.dll+0x24ba42]
V  [jvm.dll+0x1cb34e]
V  [jvm.dll+0x25b85d]
V  [jvm.dll+0x259dea]
V  [jvm.dll+0x3f857e]
V  [jvm.dll+0x85f59d]
V  [jvm.dll+0x6d626d]
C  [ucrtbase.dll+0x37b0]
C  [KERNEL32.DLL+0x2e8d7]
C  [ntdll.dll+0x8c3fc]


---------------  P R O C E S S  ---------------

Threads class SMR info:
_java_thread_list=0x0000019d6f934470, length=46, elements={
0x0000019d0f470de0, 0x0000019d0f52e2f0, 0x0000019d0f3e7730, 0x0000019d0f3ea9f0,
0x0000019d0f3eb930, 0x0000019d0f3ec4c0, 0x0000019d0f3ecf20, 0x0000019d0f3edd60,
0x0000019d687c2f80, 0x0000019d6896cfe0, 0x0000019d68a8a950, 0x0000019d6d788720,
0x0000019d6d5f2de0, 0x0000019d6d7a9990, 0x0000019d6d6eab30, 0x0000019d6de50880,
0x0000019d6e109080, 0x0000019d6de253d0, 0x0000019d6d42bc80, 0x0000019d6d42b5f0,
0x0000019d6d42c310, 0x0000019d6d42c9a0, 0x0000019d6f524c10, 0x0000019d6f522b40,
0x0000019d6f521e20, 0x0000019d6f5231d0, 0x0000019d6f5252a0, 0x0000019d6f523860,
0x0000019d6f523ef0, 0x0000019d6f524580, 0x0000019d6f5224b0, 0x0000019d6d9bf070,
0x0000019d6d9c1e60, 0x0000019d6d9bfd90, 0x0000019d6d9c17d0, 0x0000019d6d9c0420,
0x0000019d6d9bf700, 0x0000019d6d9c1140, 0x0000019d6d9c52e0, 0x0000019d6d9c45c0,
0x0000019d6d9c4c50, 0x0000019d6d9c38a0, 0x0000019d6d9c5970, 0x0000019d6d9c2b80,
0x0000019d6eedf170, 0x0000019d6eede3d0
}

Java Threads: ( => current thread )
  0x0000019d0f470de0 JavaThread "main"                              [_thread_blocked, id=18944, stack(0x0000004a59d00000,0x0000004a59e00000) (1024K)]
  0x0000019d0f52e2f0 JavaThread "Reference Handler"          daemon [_thread_blocked, id=19008, stack(0x0000004a5a100000,0x0000004a5a200000) (1024K)]
  0x0000019d0f3e7730 JavaThread "Finalizer"                  daemon [_thread_blocked, id=16456, stack(0x0000004a5a200000,0x0000004a5a300000) (1024K)]
  0x0000019d0f3ea9f0 JavaThread "Signal Dispatcher"          daemon [_thread_blocked, id=5376, stack(0x0000004a5a300000,0x0000004a5a400000) (1024K)]
  0x0000019d0f3eb930 JavaThread "Attach Listener"            daemon [_thread_blocked, id=25964, stack(0x0000004a5a400000,0x0000004a5a500000) (1024K)]
  0x0000019d0f3ec4c0 JavaThread "Service Thread"             daemon [_thread_blocked, id=2920, stack(0x0000004a5a500000,0x0000004a5a600000) (1024K)]
  0x0000019d0f3ecf20 JavaThread "Monitor Deflation Thread"   daemon [_thread_blocked, id=20124, stack(0x0000004a5a600000,0x0000004a5a700000) (1024K)]
  0x0000019d0f3edd60 JavaThread "C2 CompilerThread0"         daemon [_thread_blocked, id=8036, stack(0x0000004a5a700000,0x0000004a5a800000) (1024K)]
  0x0000019d687c2f80 JavaThread "C1 CompilerThread0"         daemon [_thread_blocked, id=21140, stack(0x0000004a5a800000,0x0000004a5a900000) (1024K)]
  0x0000019d6896cfe0 JavaThread "Common-Cleaner"             daemon [_thread_blocked, id=16316, stack(0x0000004a5a900000,0x0000004a5aa00000) (1024K)]
  0x0000019d68a8a950 JavaThread "Notification Thread"        daemon [_thread_blocked, id=3332, stack(0x0000004a5aa00000,0x0000004a5ab00000) (1024K)]
  0x0000019d6d788720 JavaThread "Active Thread: Equinox Container: 2b509baa-0ba4-4639-b0b7-f275a8612687"        [_thread_blocked, id=20000, stack(0x0000004a5b300000,0x0000004a5b400000) (1024K)]
  0x0000019d6d5f2de0 JavaThread "Refresh Thread: Equinox Container: 2b509baa-0ba4-4639-b0b7-f275a8612687" daemon [_thread_blocked, id=3176, stack(0x0000004a5b200000,0x0000004a5b300000) (1024K)]
  0x0000019d6d7a9990 JavaThread "Framework Event Dispatcher: Equinox Container: 2b509baa-0ba4-4639-b0b7-f275a8612687" daemon [_thread_blocked, id=18932, stack(0x0000004a5b400000,0x0000004a5b500000) (1024K)]
  0x0000019d6d6eab30 JavaThread "Start Level: Equinox Container: 2b509baa-0ba4-4639-b0b7-f275a8612687" daemon [_thread_blocked, id=20500, stack(0x0000004a5b500000,0x0000004a5b600000) (1024K)]
  0x0000019d6de50880 JavaThread "Bundle File Closer"         daemon [_thread_blocked, id=5528, stack(0x0000004a5b800000,0x0000004a5b900000) (1024K)]
  0x0000019d6e109080 JavaThread "SCR Component Actor"        daemon [_thread_blocked, id=26188, stack(0x0000004a5b600000,0x0000004a5b700000) (1024K)]
  0x0000019d6de253d0 JavaThread "Worker-JM"                         [_thread_blocked, id=8084, stack(0x0000004a5ba00000,0x0000004a5bb00000) (1024K)]
  0x0000019d6d42bc80 JavaThread "JNA Cleaner"                daemon [_thread_blocked, id=8452, stack(0x0000004a5b700000,0x0000004a5b800000) (1024K)]
  0x0000019d6d42b5f0 JavaThread "Worker-0"                          [_thread_blocked, id=3608, stack(0x0000004a5b900000,0x0000004a5ba00000) (1024K)]
  0x0000019d6d42c310 JavaThread "Worker-1"                          [_thread_blocked, id=19372, stack(0x0000004a5bb00000,0x0000004a5bc00000) (1024K)]
  0x0000019d6d42c9a0 JavaThread "Java indexing"              daemon [_thread_blocked, id=24112, stack(0x0000004a5be00000,0x0000004a5bf00000) (1024K)]
  0x0000019d6f524c10 JavaThread "Worker-2"                          [_thread_blocked, id=13712, stack(0x0000004a5c100000,0x0000004a5c200000) (1024K)]
  0x0000019d6f522b40 JavaThread "Worker-3: Publish Diagnostics"        [_thread_blocked, id=9240, stack(0x0000004a5c200000,0x0000004a5c300000) (1024K)]
  0x0000019d6f521e20 JavaThread "Worker-4"                          [_thread_blocked, id=10500, stack(0x0000004a5c300000,0x0000004a5c400000) (1024K)]
  0x0000019d6f5231d0 JavaThread "Thread-1"                   daemon [_thread_in_native, id=10712, stack(0x0000004a5c400000,0x0000004a5c500000) (1024K)]
  0x0000019d6f5252a0 JavaThread "Thread-2"                   daemon [_thread_in_native, id=5600, stack(0x0000004a5c500000,0x0000004a5c600000) (1024K)]
  0x0000019d6f523860 JavaThread "Thread-3"                   daemon [_thread_in_native, id=20624, stack(0x0000004a5c600000,0x0000004a5c700000) (1024K)]
  0x0000019d6f523ef0 JavaThread "Thread-4"                   daemon [_thread_in_native, id=21692, stack(0x0000004a5c700000,0x0000004a5c800000) (1024K)]
  0x0000019d6f524580 JavaThread "Thread-5"                   daemon [_thread_in_native, id=22960, stack(0x0000004a5c800000,0x0000004a5c900000) (1024K)]
  0x0000019d6f5224b0 JavaThread "Thread-6"                   daemon [_thread_in_native, id=3168, stack(0x0000004a5c900000,0x0000004a5ca00000) (1024K)]
  0x0000019d6d9bf070 JavaThread "Thread-7"                   daemon [_thread_in_native, id=352, stack(0x0000004a5ca00000,0x0000004a5cb00000) (1024K)]
  0x0000019d6d9c1e60 JavaThread "Thread-8"                   daemon [_thread_in_native, id=4172, stack(0x0000004a5cb00000,0x0000004a5cc00000) (1024K)]
  0x0000019d6d9bfd90 JavaThread "Thread-9"                   daemon [_thread_in_native, id=23364, stack(0x0000004a5cc00000,0x0000004a5cd00000) (1024K)]
  0x0000019d6d9c17d0 JavaThread "pool-2-thread-1"                   [_thread_blocked, id=21512, stack(0x0000004a5cd00000,0x0000004a5ce00000) (1024K)]
  0x0000019d6d9c0420 JavaThread "WorkspaceEventsHandler"            [_thread_blocked, id=9944, stack(0x0000004a5ce00000,0x0000004a5cf00000) (1024K)]
  0x0000019d6d9bf700 JavaThread "pool-1-thread-1"                   [_thread_blocked, id=21908, stack(0x0000004a5cf00000,0x0000004a5d000000) (1024K)]
  0x0000019d6d9c1140 JavaThread "ForkJoinPool.commonPool-worker-1" daemon [_thread_blocked, id=22348, stack(0x0000004a5d000000,0x0000004a5d100000) (1024K)]
  0x0000019d6d9c52e0 JavaThread "ForkJoinPool.commonPool-worker-2" daemon [_thread_blocked, id=19804, stack(0x0000004a5d100000,0x0000004a5d200000) (1024K)]
  0x0000019d6d9c45c0 JavaThread "ForkJoinPool.commonPool-worker-3" daemon [_thread_blocked, id=24776, stack(0x0000004a5d200000,0x0000004a5d300000) (1024K)]
  0x0000019d6d9c4c50 JavaThread "ForkJoinPool.commonPool-worker-4" daemon [_thread_blocked, id=19272, stack(0x0000004a5d300000,0x0000004a5d400000) (1024K)]
  0x0000019d6d9c38a0 JavaThread "ForkJoinPool.commonPool-worker-5" daemon [_thread_blocked, id=7656, stack(0x0000004a5d400000,0x0000004a5d500000) (1024K)]
  0x0000019d6d9c5970 JavaThread "ForkJoinPool.commonPool-worker-6" daemon [_thread_blocked, id=8020, stack(0x0000004a5d500000,0x0000004a5d600000) (1024K)]
  0x0000019d6d9c2b80 JavaThread "ForkJoinPool.commonPool-worker-7" daemon [_thread_blocked, id=1940, stack(0x0000004a5d600000,0x0000004a5d700000) (1024K)]
=>0x0000019d6eedf170 JavaThread "C2 CompilerThread1"         daemon [_thread_in_native, id=14876, stack(0x0000004a5bc00000,0x0000004a5bd00000) (1024K)]
  0x0000019d6eede3d0 JavaThread "C2 CompilerThread2"         daemon [_thread_blocked, id=1440, stack(0x0000004a5bd00000,0x0000004a5be00000) (1024K)]
Total: 46

Other Threads:
  0x0000019d0f3e2560 VMThread "VM Thread"                           [id=3424, stack(0x0000004a5a000000,0x0000004a5a100000) (1024K)]
  0x0000019d0f4dfd50 WatcherThread "VM Periodic Task Thread"        [id=14420, stack(0x0000004a59f00000,0x0000004a5a000000) (1024K)]
  0x0000019d0f48f330 WorkerThread "GC Thread#0"                     [id=16004, stack(0x0000004a59e00000,0x0000004a59f00000) (1024K)]
  0x0000019d6d852be0 WorkerThread "GC Thread#1"                     [id=22496, stack(0x0000004a5ac00000,0x0000004a5ad00000) (1024K)]
  0x0000019d6d750c00 WorkerThread "GC Thread#2"                     [id=14284, stack(0x0000004a5ad00000,0x0000004a5ae00000) (1024K)]
  0x0000019d6d750fb0 WorkerThread "GC Thread#3"                     [id=17796, stack(0x0000004a5ae00000,0x0000004a5af00000) (1024K)]
  0x0000019d6d0e7b10 WorkerThread "GC Thread#4"                     [id=17784, stack(0x0000004a5af00000,0x0000004a5b000000) (1024K)]
  0x0000019d6d0e7ec0 WorkerThread "GC Thread#5"                     [id=24240, stack(0x0000004a5b000000,0x0000004a5b100000) (1024K)]
  0x0000019d6d0e8270 WorkerThread "GC Thread#6"                     [id=23488, stack(0x0000004a5b100000,0x0000004a5b200000) (1024K)]
  0x0000019d6d5f24e0 WorkerThread "GC Thread#7"                     [id=13340, stack(0x0000004a5ab00000,0x0000004a5ac00000) (1024K)]
Total: 10

Threads with active compile tasks:
C2 CompilerThread0  43551 12231       4       org.eclipse.osgi.container.ModuleDatabase$Persistence::addMap (289 bytes)
C1 CompilerThread0  43552 12241   !   3       org.eclipse.jdt.internal.compiler.classfmt.ClassFileReader::<init> (1968 bytes)
C2 CompilerThread1  43552 12237       4       java.io.DataOutputStream::writeUTF (389 bytes)
C2 CompilerThread2  43552 12243       4       java.util.stream.AbstractPipeline::evaluate (44 bytes)
Total: 4

VM state: at safepoint (normal execution)

VM Mutex/Monitor currently owned by a thread:  ([mutex/lock_event])
[0x00007ffd0915e560] Threads_lock - owner thread: 0x0000019d0f3e2560
[0x00007ffd0915e660] Heap_lock - owner thread: 0x0000019d6d9c1140
[0x00007ffd0915eae0] PSOldGenExpand_lock - owner thread: 0x0000019d6d750fb0

Heap address: 0x0000000080000000, size: 2048 MB, Compressed Oops mode: 32-bit

CDS archive(s) mapped at: [0x0000019d26000000-0x0000019d26ba0000-0x0000019d26ba0000), size 12189696, SharedBaseAddress: 0x0000019d26000000, ArchiveRelocationMode: 1.
Compressed class space mapped at: 0x0000019d27000000-0x0000019d67000000, reserved size: 1073741824
Narrow klass base: 0x0000019d26000000, Narrow klass shift: 0, Narrow klass range: 0x100000000

GC Precious Log:
 CardTable entry size: 512
 CPUs: 8 total, 8 available
 Memory: 16167M
 Large Page Support: Disabled
 NUMA Support: Disabled
 Compressed Oops: Enabled (32-bit)
 Alignments: Space 512K, Generation 512K, Heap 2M
 Heap Min Capacity: 100M
 Heap Initial Capacity: 100M
 Heap Max Capacity: 2G
 Pre-touch: Disabled
 Parallel Workers: 8

Heap:
 PSYoungGen      total 8192K, used 8189K [0x00000000d5580000, 0x00000000d5e80000, 0x0000000100000000)
  eden space 7680K, 100% used [0x00000000d5580000,0x00000000d5d00000,0x00000000d5d00000)
  from space 512K, 99% used [0x00000000d5d80000,0x00000000d5dff780,0x00000000d5e00000)
  to   space 512K, 43% used [0x00000000d5d00000,0x00000000d5d38000,0x00000000d5d80000)
 ParOldGen       total 147968K, used 147966K [0x0000000080000000, 0x0000000089080000, 0x00000000d5580000)
  object space 147968K, 99% used [0x0000000080000000,0x000000008907fb90,0x0000000089080000)
 Metaspace       used 64489K, committed 66048K, reserved 1114112K
  class space    used 6818K, committed 7488K, reserved 1048576K

Card table byte_map: [0x0000019d0ee10000,0x0000019d0f220000] _byte_map_base: 0x0000019d0ea10000

Marking Bits: (ParMarkBitMap*) 0x00007ffd09163450
 Begin Bits: [0x0000019d21920000, 0x0000019d23920000)
 End Bits:   [0x0000019d23920000, 0x0000019d25920000)

Polling page: 0x0000019d0d1c0000

Metaspace:

Usage:
  Non-class:     56.32 MB used.
      Class:      6.66 MB used.
       Both:     62.98 MB used.

Virtual space:
  Non-class space:       64.00 MB reserved,      57.19 MB ( 89%) committed,  1 nodes.
      Class space:        1.00 GB reserved,       7.31 MB ( <1%) committed,  1 nodes.
             Both:        1.06 GB reserved,      64.50 MB (  6%) committed. 

Chunk freelists:
   Non-Class:  6.79 MB
       Class:  8.55 MB
        Both:  15.34 MB

MaxMetaspaceSize: unlimited
CompressedClassSpaceSize: 1.00 GB
Initial GC threshold: 21.00 MB
Current GC threshold: 98.12 MB
CDS: on
 - commit_granule_bytes: 65536.
 - commit_granule_words: 8192.
 - virtual_space_node_default_size: 8388608.
 - enlarge_chunks_in_place: 1.
 - use_allocation_guard: 0.


Internal statistics:

num_allocs_failed_limit: 13.
num_arena_births: 1246.
num_arena_deaths: 14.
num_vsnodes_births: 2.
num_vsnodes_deaths: 0.
num_space_committed: 1032.
num_space_uncommitted: 0.
num_chunks_returned_to_freelist: 27.
num_chunks_taken_from_freelist: 4271.
num_chunk_merges: 16.
num_chunk_splits: 2663.
num_chunks_enlarged: 1546.
num_inconsistent_stats: 0.

CodeHeap 'non-profiled nmethods': size=120000Kb used=9137Kb max_used=9137Kb free=110862Kb
 bounds [0x0000019d1a140000, 0x0000019d1aa30000, 0x0000019d21670000]
CodeHeap 'profiled nmethods': size=120000Kb used=26185Kb max_used=26185Kb free=93814Kb
 bounds [0x0000019d12670000, 0x0000019d14010000, 0x0000019d19ba0000]
CodeHeap 'non-nmethods': size=5760Kb used=1438Kb max_used=1503Kb free=4321Kb
 bounds [0x0000019d19ba0000, 0x0000019d19e10000, 0x0000019d1a140000]
CodeCache: size=245760Kb, used=36760Kb, max_used=36825Kb, free=208997Kb
 total_blobs=12184, nmethods=11442, adapters=647, full_count=0
Compilation: enabled, stopped_count=0, restarted_count=0

Compilation events (20 events):
Event: 36.436 Thread 0x0000019d687c2f80 nmethod 12232 0x0000019d13ffa110 code [0x0000019d13ffa4e0, 0x0000019d13ffc210]
Event: 36.437 Thread 0x0000019d687c2f80 12233       3       org.eclipse.osgi.container.ModuleWiring::getSubstitutedNames (8 bytes)
Event: 36.438 Thread 0x0000019d687c2f80 nmethod 12233 0x0000019d13ffcb10 code [0x0000019d13ffcd00, 0x0000019d13ffd1c0]
Event: 36.438 Thread 0x0000019d687c2f80 12234       3       java.io.BufferedOutputStream::implWrite (40 bytes)
Event: 36.439 Thread 0x0000019d687c2f80 nmethod 12234 0x0000019d13ffd390 code [0x0000019d13ffd560, 0x0000019d13ffd8a0]
Event: 36.439 Thread 0x0000019d6eedf170 nmethod 12203% 0x0000019d1aa29510 code [0x0000019d1aa29740, 0x0000019d1aa2a2f0]
Event: 36.440 Thread 0x0000019d687c2f80 12235       3       java.io.DataOutputStream::writeInt (28 bytes)
Event: 36.440 Thread 0x0000019d6eedf170 12237       4       java.io.DataOutputStream::writeUTF (389 bytes)
Event: 36.441 Thread 0x0000019d687c2f80 nmethod 12235 0x0000019d13ffda10 code [0x0000019d13ffdc40, 0x0000019d13ffe3a8]
Event: 36.441 Thread 0x0000019d687c2f80 12236       3       jdk.internal.util.ByteArray::setInt (10 bytes)
Event: 36.442 Thread 0x0000019d687c2f80 nmethod 12236 0x0000019d13ffe710 code [0x0000019d13ffe900, 0x0000019d13ffee48]
Event: 36.442 Thread 0x0000019d687c2f80 12238       3       java.io.DataOutputStream::writeByte (14 bytes)
Event: 36.443 Thread 0x0000019d687c2f80 nmethod 12238 0x0000019d13fff090 code [0x0000019d13fff240, 0x0000019d13fff4c0]
Event: 36.443 Thread 0x0000019d687c2f80 12239       3       org.eclipse.osgi.container.ModuleDatabase$Persistence::writeString (99 bytes)
Event: 38.466 Thread 0x0000019d6eede3d0 nmethod 12226% 0x0000019d1aa2ab90 code [0x0000019d1aa2ae20, 0x0000019d1aa2ba50]
Event: 38.467 Thread 0x0000019d687c2f80 nmethod 12239 0x0000019d13fff610 code [0x0000019d13fffa40, 0x0000019d14001980]
Event: 38.467 Thread 0x0000019d687c2f80 12241   !   3       org.eclipse.jdt.internal.compiler.classfmt.ClassFileReader::<init> (1968 bytes)
Event: 38.471 Thread 0x0000019d6eede3d0 12242       4       java.io.BufferedOutputStream::growIfNeeded (59 bytes)
Event: 39.475 Thread 0x0000019d6eede3d0 nmethod 12242 0x0000019d1aa2c210 code [0x0000019d1aa2c3a0, 0x0000019d1aa2c4d0]
Event: 39.475 Thread 0x0000019d6eede3d0 12243       4       java.util.stream.AbstractPipeline::evaluate (44 bytes)

GC Heap History (20 events):
Event: 33.313 GC heap after
{Heap after GC invocations=450 (full 3):
 PSYoungGen      total 6656K, used 256K [0x00000000d5580000, 0x00000000d5d00000, 0x0000000100000000)
  eden space 6144K, 0% used [0x00000000d5580000,0x00000000d5580000,0x00000000d5b80000)
  from space 512K, 50% used [0x00000000d5c00000,0x00000000d5c40000,0x00000000d5c80000)
  to   space 512K, 0% used [0x00000000d5c80000,0x00000000d5c80000,0x00000000d5d00000)
 ParOldGen       total 146432K, used 146079K [0x0000000080000000, 0x0000000088f00000, 0x00000000d5580000)
  object space 146432K, 99% used [0x0000000080000000,0x0000000088ea7c70,0x0000000088f00000)
 Metaspace       used 64455K, committed 66048K, reserved 1114112K
  class space    used 6818K, committed 7488K, reserved 1048576K
}
Event: 33.318 GC heap before
{Heap before GC invocations=451 (full 3):
 PSYoungGen      total 6656K, used 6400K [0x00000000d5580000, 0x00000000d5d00000, 0x0000000100000000)
  eden space 6144K, 100% used [0x00000000d5580000,0x00000000d5b80000,0x00000000d5b80000)
  from space 512K, 50% used [0x00000000d5c00000,0x00000000d5c40000,0x00000000d5c80000)
  to   space 512K, 0% used [0x00000000d5c80000,0x00000000d5c80000,0x00000000d5d00000)
 ParOldGen       total 146432K, used 146079K [0x0000000080000000, 0x0000000088f00000, 0x00000000d5580000)
  object space 146432K, 99% used [0x0000000080000000,0x0000000088ea7c70,0x0000000088f00000)
 Metaspace       used 64455K, committed 66048K, reserved 1114112K
  class space    used 6818K, committed 7488K, reserved 1048576K
}
Event: 33.319 GC heap after
{Heap after GC invocations=451 (full 3):
 PSYoungGen      total 6656K, used 256K [0x00000000d5580000, 0x00000000d5d00000, 0x0000000100000000)
  eden space 6144K, 0% used [0x00000000d5580000,0x00000000d5580000,0x00000000d5b80000)
  from space 512K, 50% used [0x00000000d5c80000,0x00000000d5cc0000,0x00000000d5d00000)
  to   space 512K, 0% used [0x00000000d5c00000,0x00000000d5c00000,0x00000000d5c80000)
 ParOldGen       total 146432K, used 146239K [0x0000000080000000, 0x0000000088f00000, 0x00000000d5580000)
  object space 146432K, 99% used [0x0000000080000000,0x0000000088ecfc70,0x0000000088f00000)
 Metaspace       used 64455K, committed 66048K, reserved 1114112K
  class space    used 6818K, committed 7488K, reserved 1048576K
}
Event: 33.323 GC heap before
{Heap before GC invocations=452 (full 3):
 PSYoungGen      total 6656K, used 6400K [0x00000000d5580000, 0x00000000d5d00000, 0x0000000100000000)
  eden space 6144K, 100% used [0x00000000d5580000,0x00000000d5b80000,0x00000000d5b80000)
  from space 512K, 50% used [0x00000000d5c80000,0x00000000d5cc0000,0x00000000d5d00000)
  to   space 512K, 0% used [0x00000000d5c00000,0x00000000d5c00000,0x00000000d5c80000)
 ParOldGen       total 146432K, used 146239K [0x0000000080000000, 0x0000000088f00000, 0x00000000d5580000)
  object space 146432K, 99% used [0x0000000080000000,0x0000000088ecfc70,0x0000000088f00000)
 Metaspace       used 64455K, committed 66048K, reserved 1114112K
  class space    used 6818K, committed 7488K, reserved 1048576K
}
Event: 33.324 GC heap after
{Heap after GC invocations=452 (full 3):
 PSYoungGen      total 6656K, used 256K [0x00000000d5580000, 0x00000000d5d00000, 0x0000000100000000)
  eden space 6144K, 0% used [0x00000000d5580000,0x00000000d5580000,0x00000000d5b80000)
  from space 512K, 50% used [0x00000000d5c00000,0x00000000d5c40000,0x00000000d5c80000)
  to   space 512K, 0% used [0x00000000d5c80000,0x00000000d5c80000,0x00000000d5d00000)
 ParOldGen       total 146432K, used 146375K [0x0000000080000000, 0x0000000088f00000, 0x00000000d5580000)
  object space 146432K, 99% used [0x0000000080000000,0x0000000088ef1c70,0x0000000088f00000)
 Metaspace       used 64455K, committed 66048K, reserved 1114112K
  class space    used 6818K, committed 7488K, reserved 1048576K
}
Event: 33.329 GC heap before
{Heap before GC invocations=453 (full 3):
 PSYoungGen      total 6656K, used 6400K [0x00000000d5580000, 0x00000000d5d00000, 0x0000000100000000)
  eden space 6144K, 100% used [0x00000000d5580000,0x00000000d5b80000,0x00000000d5b80000)
  from space 512K, 50% used [0x00000000d5c00000,0x00000000d5c40000,0x00000000d5c80000)
  to   space 512K, 0% used [0x00000000d5c80000,0x00000000d5c80000,0x00000000d5d00000)
 ParOldGen       total 146432K, used 146375K [0x0000000080000000, 0x0000000088f00000, 0x00000000d5580000)
  object space 146432K, 99% used [0x0000000080000000,0x0000000088ef1c70,0x0000000088f00000)
 Metaspace       used 64455K, committed 66048K, reserved 1114112K
  class space    used 6818K, committed 7488K, reserved 1048576K
}
Event: 33.330 GC heap after
{Heap after GC invocations=453 (full 3):
 PSYoungGen      total 6656K, used 256K [0x00000000d5580000, 0x00000000d5d00000, 0x0000000100000000)
  eden space 6144K, 0% used [0x00000000d5580000,0x00000000d5580000,0x00000000d5b80000)
  from space 512K, 50% used [0x00000000d5c80000,0x00000000d5cc0000,0x00000000d5d00000)
  to   space 512K, 0% used [0x00000000d5c00000,0x00000000d5c00000,0x00000000d5c80000)
 ParOldGen       total 146944K, used 146519K [0x0000000080000000, 0x0000000088f80000, 0x00000000d5580000)
  object space 146944K, 99% used [0x0000000080000000,0x0000000088f15c70,0x0000000088f80000)
 Metaspace       used 64455K, committed 66048K, reserved 1114112K
  class space    used 6818K, committed 7488K, reserved 1048576K
}
Event: 33.335 GC heap before
{Heap before GC invocations=454 (full 3):
 PSYoungGen      total 6656K, used 6400K [0x00000000d5580000, 0x00000000d5d00000, 0x0000000100000000)
  eden space 6144K, 100% used [0x00000000d5580000,0x00000000d5b80000,0x00000000d5b80000)
  from space 512K, 50% used [0x00000000d5c80000,0x00000000d5cc0000,0x00000000d5d00000)
  to   space 512K, 0% used [0x00000000d5c00000,0x00000000d5c00000,0x00000000d5c80000)
 ParOldGen       total 146944K, used 146519K [0x0000000080000000, 0x0000000088f80000, 0x00000000d5580000)
  object space 146944K, 99% used [0x0000000080000000,0x0000000088f15c70,0x0000000088f80000)
 Metaspace       used 64455K, committed 66048K, reserved 1114112K
  class space    used 6818K, committed 7488K, reserved 1048576K
}
Event: 33.336 GC heap after
{Heap after GC invocations=454 (full 3):
 PSYoungGen      total 6656K, used 256K [0x00000000d5580000, 0x00000000d5d00000, 0x0000000100000000)
  eden space 6144K, 0% used [0x00000000d5580000,0x00000000d5580000,0x00000000d5b80000)
  from space 512K, 50% used [0x00000000d5c00000,0x00000000d5c40000,0x00000000d5c80000)
  to   space 512K, 0% used [0x00000000d5c80000,0x00000000d5c80000,0x00000000d5d00000)
 ParOldGen       total 146944K, used 146615K [0x0000000080000000, 0x0000000088f80000, 0x00000000d5580000)
  object space 146944K, 99% used [0x0000000080000000,0x0000000088f2dc70,0x0000000088f80000)
 Metaspace       used 64455K, committed 66048K, reserved 1114112K
  class space    used 6818K, committed 7488K, reserved 1048576K
}
Event: 33.342 GC heap before
{Heap before GC invocations=455 (full 3):
 PSYoungGen      total 6656K, used 6400K [0x00000000d5580000, 0x00000000d5d00000, 0x0000000100000000)
  eden space 6144K, 100% used [0x00000000d5580000,0x00000000d5b80000,0x00000000d5b80000)
  from space 512K, 50% used [0x00000000d5c00000,0x00000000d5c40000,0x00000000d5c80000)
  to   space 512K, 0% used [0x00000000d5c80000,0x00000000d5c80000,0x00000000d5d00000)
 ParOldGen       total 146944K, used 146615K [0x0000000080000000, 0x0000000088f80000, 0x00000000d5580000)
  object space 146944K, 99% used [0x0000000080000000,0x0000000088f2dc70,0x0000000088f80000)
 Metaspace       used 64456K, committed 66048K, reserved 1114112K
  class space    used 6818K, committed 7488K, reserved 1048576K
}
Event: 33.343 GC heap after
{Heap after GC invocations=455 (full 3):
 PSYoungGen      total 6656K, used 348K [0x00000000d5580000, 0x00000000d5d00000, 0x0000000100000000)
  eden space 6144K, 0% used [0x00000000d5580000,0x00000000d5580000,0x00000000d5b80000)
  from space 512K, 68% used [0x00000000d5c80000,0x00000000d5cd7370,0x00000000d5d00000)
  to   space 512K, 0% used [0x00000000d5c00000,0x00000000d5c00000,0x00000000d5c80000)
 ParOldGen       total 146944K, used 146759K [0x0000000080000000, 0x0000000088f80000, 0x00000000d5580000)
  object space 146944K, 99% used [0x0000000080000000,0x0000000088f51c70,0x0000000088f80000)
 Metaspace       used 64456K, committed 66048K, reserved 1114112K
  class space    used 6818K, committed 7488K, reserved 1048576K
}
Event: 33.349 GC heap before
{Heap before GC invocations=456 (full 3):
 PSYoungGen      total 6656K, used 6492K [0x00000000d5580000, 0x00000000d5d00000, 0x0000000100000000)
  eden space 6144K, 100% used [0x00000000d5580000,0x00000000d5b80000,0x00000000d5b80000)
  from space 512K, 68% used [0x00000000d5c80000,0x00000000d5cd7370,0x00000000d5d00000)
  to   space 512K, 0% used [0x00000000d5c00000,0x00000000d5c00000,0x00000000d5c80000)
 ParOldGen       total 146944K, used 146759K [0x0000000080000000, 0x0000000088f80000, 0x00000000d5580000)
  object space 146944K, 99% used [0x0000000080000000,0x0000000088f51c70,0x0000000088f80000)
 Metaspace       used 64456K, committed 66048K, reserved 1114112K
  class space    used 6818K, committed 7488K, reserved 1048576K
}
Event: 34.359 GC heap after
{Heap after GC invocations=456 (full 3):
 PSYoungGen      total 7168K, used 288K [0x00000000d5580000, 0x00000000d5e00000, 0x0000000100000000)
  eden space 6656K, 0% used [0x00000000d5580000,0x00000000d5580000,0x00000000d5c00000)
  from space 512K, 56% used [0x00000000d5c00000,0x00000000d5c48000,0x00000000d5c80000)
  to   space 512K, 0% used [0x00000000d5d80000,0x00000000d5d80000,0x00000000d5e00000)
 ParOldGen       total 147456K, used 146995K [0x0000000080000000, 0x0000000089000000, 0x00000000d5580000)
  object space 147456K, 99% used [0x0000000080000000,0x0000000088f8cfe0,0x0000000089000000)
 Metaspace       used 64456K, committed 66048K, reserved 1114112K
  class space    used 6818K, committed 7488K, reserved 1048576K
}
Event: 34.383 GC heap before
{Heap before GC invocations=457 (full 3):
 PSYoungGen      total 7168K, used 6944K [0x00000000d5580000, 0x00000000d5e00000, 0x0000000100000000)
  eden space 6656K, 100% used [0x00000000d5580000,0x00000000d5c00000,0x00000000d5c00000)
  from space 512K, 56% used [0x00000000d5c00000,0x00000000d5c48000,0x00000000d5c80000)
  to   space 512K, 0% used [0x00000000d5d80000,0x00000000d5d80000,0x00000000d5e00000)
 ParOldGen       total 147456K, used 146995K [0x0000000080000000, 0x0000000089000000, 0x00000000d5580000)
  object space 147456K, 99% used [0x0000000080000000,0x0000000088f8cfe0,0x0000000089000000)
 Metaspace       used 64462K, committed 66048K, reserved 1114112K
  class space    used 6818K, committed 7488K, reserved 1048576K
}
Event: 34.385 GC heap after
{Heap after GC invocations=457 (full 3):
 PSYoungGen      total 8192K, used 383K [0x00000000d5580000, 0x00000000d5e80000, 0x0000000100000000)
  eden space 7680K, 0% used [0x00000000d5580000,0x00000000d5580000,0x00000000d5d00000)
  from space 512K, 74% used [0x00000000d5d80000,0x00000000d5ddfdd0,0x00000000d5e00000)
  to   space 512K, 0% used [0x00000000d5d00000,0x00000000d5d00000,0x00000000d5d80000)
 ParOldGen       total 147456K, used 147129K [0x0000000080000000, 0x0000000089000000, 0x00000000d5580000)
  object space 147456K, 99% used [0x0000000080000000,0x0000000088fae698,0x0000000089000000)
 Metaspace       used 64462K, committed 66048K, reserved 1114112K
  class space    used 6818K, committed 7488K, reserved 1048576K
}
Event: 34.403 GC heap before
{Heap before GC invocations=458 (full 3):
 PSYoungGen      total 8192K, used 8063K [0x00000000d5580000, 0x00000000d5e80000, 0x0000000100000000)
  eden space 7680K, 100% used [0x00000000d5580000,0x00000000d5d00000,0x00000000d5d00000)
  from space 512K, 74% used [0x00000000d5d80000,0x00000000d5ddfdd0,0x00000000d5e00000)
  to   space 512K, 0% used [0x00000000d5d00000,0x00000000d5d00000,0x00000000d5d80000)
 ParOldGen       total 147456K, used 147129K [0x0000000080000000, 0x0000000089000000, 0x00000000d5580000)
  object space 147456K, 99% used [0x0000000080000000,0x0000000088fae698,0x0000000089000000)
 Metaspace       used 64479K, committed 66048K, reserved 1114112K
  class space    used 6818K, committed 7488K, reserved 1048576K
}
Event: 36.424 GC heap after
{Heap after GC invocations=458 (full 3):
 PSYoungGen      total 8192K, used 384K [0x00000000d5580000, 0x00000000d5e80000, 0x0000000100000000)
  eden space 7680K, 0% used [0x00000000d5580000,0x00000000d5580000,0x00000000d5d00000)
  from space 512K, 75% used [0x00000000d5d00000,0x00000000d5d60000,0x00000000d5d80000)
  to   space 512K, 0% used [0x00000000d5d80000,0x00000000d5d80000,0x00000000d5e00000)
 ParOldGen       total 147456K, used 147325K [0x0000000080000000, 0x0000000089000000, 0x00000000d5580000)
  object space 147456K, 99% used [0x0000000080000000,0x0000000088fdf540,0x0000000089000000)
 Metaspace       used 64479K, committed 66048K, reserved 1114112K
  class space    used 6818K, committed 7488K, reserved 1048576K
}
Event: 36.445 GC heap before
{Heap before GC invocations=459 (full 3):
 PSYoungGen      total 8192K, used 8064K [0x00000000d5580000, 0x00000000d5e80000, 0x0000000100000000)
  eden space 7680K, 100% used [0x00000000d5580000,0x00000000d5d00000,0x00000000d5d00000)
  from space 512K, 75% used [0x00000000d5d00000,0x00000000d5d60000,0x00000000d5d80000)
  to   space 512K, 0% used [0x00000000d5d80000,0x00000000d5d80000,0x00000000d5e00000)
 ParOldGen       total 147456K, used 147325K [0x0000000080000000, 0x0000000089000000, 0x00000000d5580000)
  object space 147456K, 99% used [0x0000000080000000,0x0000000088fdf540,0x0000000089000000)
 Metaspace       used 64486K, committed 66048K, reserved 1114112K
  class space    used 6818K, committed 7488K, reserved 1048576K
}
Event: 38.464 GC heap after
{Heap after GC invocations=459 (full 3):
 PSYoungGen      total 8192K, used 509K [0x00000000d5580000, 0x00000000d5e80000, 0x0000000100000000)
  eden space 7680K, 0% used [0x00000000d5580000,0x00000000d5580000,0x00000000d5d00000)
  from space 512K, 99% used [0x00000000d5d80000,0x00000000d5dff780,0x00000000d5e00000)
  to   space 512K, 0% used [0x00000000d5d00000,0x00000000d5d00000,0x00000000d5d80000)
 ParOldGen       total 147968K, used 147540K [0x0000000080000000, 0x0000000089080000, 0x00000000d5580000)
  object space 147968K, 99% used [0x0000000080000000,0x0000000089015210,0x0000000089080000)
 Metaspace       used 64486K, committed 66048K, reserved 1114112K
  class space    used 6818K, committed 7488K, reserved 1048576K
}
Event: 40.490 GC heap before
{Heap before GC invocations=460 (full 3):
 PSYoungGen      total 8192K, used 8189K [0x00000000d5580000, 0x00000000d5e80000, 0x0000000100000000)
  eden space 7680K, 100% used [0x00000000d5580000,0x00000000d5d00000,0x00000000d5d00000)
  from space 512K, 99% used [0x00000000d5d80000,0x00000000d5dff780,0x00000000d5e00000)
  to   space 512K, 0% used [0x00000000d5d00000,0x00000000d5d00000,0x00000000d5d80000)
 ParOldGen       total 147968K, used 147540K [0x0000000080000000, 0x0000000089080000, 0x00000000d5580000)
  object space 147968K, 99% used [0x0000000080000000,0x0000000089015210,0x0000000089080000)
 Metaspace       used 64489K, committed 66048K, reserved 1114112K
  class space    used 6818K, committed 7488K, reserved 1048576K
}

Dll operation events (10 events):
Event: 0.059 Loaded shared library c:\Users\LENOVO\.antigravity\extensions\redhat.java-1.54.0-win32-x64\jre\21.0.10-win32-x86_64\bin\java.dll
Event: 0.446 Loaded shared library c:\Users\LENOVO\.antigravity\extensions\redhat.java-1.54.0-win32-x64\jre\21.0.10-win32-x86_64\bin\zip.dll
Event: 0.753 Loaded shared library C:\Users\LENOVO\.antigravity\extensions\redhat.java-1.54.0-win32-x64\jre\21.0.10-win32-x86_64\bin\instrument.dll
Event: 0.765 Loaded shared library C:\Users\LENOVO\.antigravity\extensions\redhat.java-1.54.0-win32-x64\jre\21.0.10-win32-x86_64\bin\net.dll
Event: 0.769 Loaded shared library C:\Users\LENOVO\.antigravity\extensions\redhat.java-1.54.0-win32-x64\jre\21.0.10-win32-x86_64\bin\nio.dll
Event: 0.775 Loaded shared library C:\Users\LENOVO\.antigravity\extensions\redhat.java-1.54.0-win32-x64\jre\21.0.10-win32-x86_64\bin\zip.dll
Event: 0.848 Loaded shared library C:\Users\LENOVO\.antigravity\extensions\redhat.java-1.54.0-win32-x64\jre\21.0.10-win32-x86_64\bin\jimage.dll
Event: 1.157 Loaded shared library c:\Users\LENOVO\.antigravity\extensions\redhat.java-1.54.0-win32-x64\jre\21.0.10-win32-x86_64\bin\verify.dll
Event: 6.088 Loaded shared library C:\Users\LENOVO\AppData\Roaming\Antigravity\User\globalStorage\redhat.java\1.54.0\config_win\org.eclipse.equinox.launcher\org.eclipse.equinox.launcher.win32.win32.x86_64_1.3.0.v20260203-2149\eclipse_11919.dll
Event: 15.991 Loaded shared library C:\Users\LENOVO\AppData\Local\Temp\jna--2053026509\jna10832341979499010711.dll

Deoptimization events (20 events):
Event: 33.339 Thread 0x0000019d6f522b40 DEOPT PACKING pc=0x0000019d1a91ce04 sp=0x0000004a5c2fe180
Event: 33.339 Thread 0x0000019d6f522b40 DEOPT UNPACKING pc=0x0000019d19bf6da2 sp=0x0000004a5c2fe110 mode 2
Event: 36.440 Thread 0x0000019d6d788720 DEOPT PACKING pc=0x0000019d12e7b2ae sp=0x0000004a5b3fed30
Event: 36.440 Thread 0x0000019d6d788720 DEOPT UNPACKING pc=0x0000019d19bf78e2 sp=0x0000004a5b3fe288 mode 0
Event: 38.466 Thread 0x0000019d6d788720 DEOPT PACKING pc=0x0000019d12e7b2ae sp=0x0000004a5b3fed30
Event: 38.466 Thread 0x0000019d6d788720 DEOPT UNPACKING pc=0x0000019d19bf78e2 sp=0x0000004a5b3fe288 mode 0
Event: 38.467 Thread 0x0000019d6d788720 DEOPT PACKING pc=0x0000019d12e7b2ae sp=0x0000004a5b3fec90
Event: 38.467 Thread 0x0000019d6d788720 DEOPT UNPACKING pc=0x0000019d19bf78e2 sp=0x0000004a5b3fe1e8 mode 0
Event: 38.469 Thread 0x0000019d6d788720 DEOPT PACKING pc=0x0000019d12e7b2ae sp=0x0000004a5b3fec90
Event: 38.469 Thread 0x0000019d6d788720 DEOPT UNPACKING pc=0x0000019d19bf78e2 sp=0x0000004a5b3fe1e8 mode 0
Event: 38.470 Thread 0x0000019d6d788720 DEOPT PACKING pc=0x0000019d12e7b2ae sp=0x0000004a5b3fec90
Event: 38.470 Thread 0x0000019d6d788720 DEOPT UNPACKING pc=0x0000019d19bf78e2 sp=0x0000004a5b3fe1e8 mode 0
Event: 38.470 Thread 0x0000019d6d788720 DEOPT PACKING pc=0x0000019d12e7b2ae sp=0x0000004a5b3fec90
Event: 38.470 Thread 0x0000019d6d788720 DEOPT UNPACKING pc=0x0000019d19bf78e2 sp=0x0000004a5b3fe1e8 mode 0
Event: 38.471 Thread 0x0000019d6d788720 DEOPT PACKING pc=0x0000019d12e7b2ae sp=0x0000004a5b3fec90
Event: 38.471 Thread 0x0000019d6d788720 DEOPT UNPACKING pc=0x0000019d19bf78e2 sp=0x0000004a5b3fe1e8 mode 0
Event: 39.474 Thread 0x0000019d6d788720 DEOPT PACKING pc=0x0000019d12e7b2ae sp=0x0000004a5b3fec90
Event: 39.475 Thread 0x0000019d6d788720 DEOPT UNPACKING pc=0x0000019d19bf78e2 sp=0x0000004a5b3fe1e8 mode 0
Event: 40.482 Thread 0x0000019d6d788720 DEOPT PACKING pc=0x0000019d12e7b2ae sp=0x0000004a5b3fec90
Event: 40.482 Thread 0x0000019d6d788720 DEOPT UNPACKING pc=0x0000019d19bf78e2 sp=0x0000004a5b3fe1e8 mode 0

Classes loaded (20 events):
Event: 28.570 Loading class java/util/concurrent/CompletableFuture$UniAccept
Event: 28.570 Loading class java/util/concurrent/CompletableFuture$UniAccept done
Event: 28.570 Loading class java/util/concurrent/CompletableFuture$UniExceptionally
Event: 28.570 Loading class java/util/concurrent/CompletableFuture$UniExceptionally done
Event: 28.644 Loading class java/util/HashMap$EntrySpliterator
Event: 28.645 Loading class java/util/HashMap$EntrySpliterator done
Event: 28.974 Loading class java/util/Hashtable$KeySet
Event: 28.974 Loading class java/util/Hashtable$KeySet done
Event: 29.013 Loading class java/util/ArrayDeque$DeqSpliterator
Event: 29.014 Loading class java/util/ArrayDeque$DeqSpliterator done
Event: 29.100 Loading class java/util/AbstractList$RandomAccessSubList
Event: 29.100 Loading class java/util/AbstractList$SubList
Event: 29.102 Loading class java/util/AbstractList$SubList done
Event: 29.102 Loading class java/util/AbstractList$RandomAccessSubList done
Event: 29.104 Loading class java/util/AbstractList$SubList$1
Event: 29.105 Loading class java/util/AbstractList$SubList$1 done
Event: 31.427 Loading class java/util/Collections$2
Event: 31.427 Loading class java/util/Collections$2 done
Event: 31.667 Loading class java/lang/invoke/MethodHandleImpl$CountingWrapper$1
Event: 31.667 Loading class java/lang/invoke/MethodHandleImpl$CountingWrapper$1 done

Classes unloaded (7 events):
Event: 16.842 Thread 0x0000019d0f3e2560 Unloading class 0x0000019d271acc00 'java/lang/invoke/LambdaForm$MH+0x0000019d271acc00'
Event: 16.842 Thread 0x0000019d0f3e2560 Unloading class 0x0000019d271ac800 'java/lang/invoke/LambdaForm$MH+0x0000019d271ac800'
Event: 16.842 Thread 0x0000019d0f3e2560 Unloading class 0x0000019d271ac400 'java/lang/invoke/LambdaForm$MH+0x0000019d271ac400'
Event: 16.842 Thread 0x0000019d0f3e2560 Unloading class 0x0000019d271ac000 'java/lang/invoke/LambdaForm$MH+0x0000019d271ac000'
Event: 16.842 Thread 0x0000019d0f3e2560 Unloading class 0x0000019d271abc00 'java/lang/invoke/LambdaForm$BMH+0x0000019d271abc00'
Event: 16.842 Thread 0x0000019d0f3e2560 Unloading class 0x0000019d271ab800 'java/lang/invoke/LambdaForm$DMH+0x0000019d271ab800'
Event: 16.842 Thread 0x0000019d0f3e2560 Unloading class 0x0000019d271aa400 'java/lang/invoke/LambdaForm$DMH+0x0000019d271aa400'

Classes redefined (0 events):
No events

Internal exceptions (20 events):
Event: 28.994 Thread 0x0000019d6d9c2b80 Exception <a 'java/lang/NoSuchMethodError'{0x00000000d560fbf8}: 'java.lang.Object java.lang.invoke.DirectMethodHandle$Holder.invokeStaticInit(java.lang.Object, java.lang.Object, java.lang.Object)'> (0x00000000d560fbf8) 
thrown [s\src\hotspot\share\interpreter\linkResolver.cpp, line 773]
Event: 29.012 Thread 0x0000019d6d9c45c0 Exception <a 'sun/nio/fs/WindowsException'{0x00000000d56bdd68}> (0x00000000d56bdd68) 
thrown [s\src\hotspot\share\prims\jni.cpp, line 520]
Event: 29.012 Thread 0x0000019d6d9c45c0 Exception <a 'sun/nio/fs/WindowsException'{0x00000000d56c5d00}> (0x00000000d56c5d00) 
thrown [s\src\hotspot\share\prims\jni.cpp, line 520]
Event: 29.015 Thread 0x0000019d6d9c45c0 Exception <a 'sun/nio/fs/WindowsException'{0x00000000d56c6fa0}> (0x00000000d56c6fa0) 
thrown [s\src\hotspot\share\prims\jni.cpp, line 520]
Event: 29.015 Thread 0x0000019d6d9c45c0 Exception <a 'sun/nio/fs/WindowsException'{0x00000000d56c7978}> (0x00000000d56c7978) 
thrown [s\src\hotspot\share\prims\jni.cpp, line 520]
Event: 29.055 Thread 0x0000019d6d9c45c0 Exception <a 'java/io/FileNotFoundException'{0x00000000d560f100}> (0x00000000d560f100) 
thrown [s\src\hotspot\share\prims\jni.cpp, line 520]
Event: 29.055 Thread 0x0000019d6d9c45c0 Exception <a 'java/io/FileNotFoundException'{0x00000000d5610568}> (0x00000000d5610568) 
thrown [s\src\hotspot\share\prims\jni.cpp, line 520]
Event: 29.063 Thread 0x0000019d6d9c45c0 Exception <a 'sun/nio/fs/WindowsException'{0x00000000d5777188}> (0x00000000d5777188) 
thrown [s\src\hotspot\share\prims\jni.cpp, line 520]
Event: 29.063 Thread 0x0000019d6d9c45c0 Exception <a 'sun/nio/fs/WindowsException'{0x00000000d5777b60}> (0x00000000d5777b60) 
thrown [s\src\hotspot\share\prims\jni.cpp, line 520]
Event: 29.347 Thread 0x0000019d6d9c45c0 Exception <a 'java/lang/NoSuchMethodError'{0x00000000d57b3168}: 'void java.lang.invoke.DirectMethodHandle$Holder.invokeStatic(java.lang.Object, java.lang.Object, java.lang.Object, int)'> (0x00000000d57b3168) 
thrown [s\src\hotspot\share\interpreter\linkResolver.cpp, line 773]
Event: 29.372 Thread 0x0000019d6d9c45c0 Exception <a 'java/lang/NoSuchMethodError'{0x00000000d55818e8}: 'void java.lang.invoke.DirectMethodHandle$Holder.invokeVirtual(java.lang.Object, java.lang.Object, int)'> (0x00000000d55818e8) 
thrown [s\src\hotspot\share\interpreter\linkResolver.cpp, line 773]
Event: 29.689 Thread 0x0000019d6f522b40 Implicit null exception at 0x0000019d1a7f747f to 0x0000019d1a7f788c
Event: 29.689 Thread 0x0000019d6f522b40 Implicit null exception at 0x0000019d1a5d4f21 to 0x0000019d1a5d5234
Event: 30.285 Thread 0x0000019d6d9c1140 Implicit null exception at 0x0000019d1a8a3975 to 0x0000019d1a8a4810
Event: 30.285 Thread 0x0000019d6d9c1140 Implicit null exception at 0x0000019d1a8943a8 to 0x0000019d1a894e18
Event: 30.638 Thread 0x0000019d6d9c1140 Implicit null exception at 0x0000019d1a832886 to 0x0000019d1a832990
Event: 30.800 Thread 0x0000019d6d9c45c0 Exception <a 'java/lang/NoSuchMethodError'{0x00000000d5a08a30}: 'void java.lang.invoke.DirectMethodHandle$Holder.invokeInterface(java.lang.Object, java.lang.Object)'> (0x00000000d5a08a30) 
thrown [s\src\hotspot\share\interpreter\linkResolver.cpp, line 773]
Event: 31.340 Thread 0x0000019d6f522b40 Implicit null exception at 0x0000019d1a7eab48 to 0x0000019d1a7eb804
Event: 31.428 Thread 0x0000019d6d9c45c0 Exception <a 'sun/nio/fs/WindowsException'{0x00000000d5b09fc8}> (0x00000000d5b09fc8) 
thrown [s\src\hotspot\share\prims\jni.cpp, line 520]
Event: 31.430 Thread 0x0000019d6d9c45c0 Exception <a 'sun/nio/fs/WindowsException'{0x00000000d5580438}> (0x00000000d5580438) 
thrown [s\src\hotspot\share\prims\jni.cpp, line 520]

ZGC Phase Switch (0 events):
No events

VM Operations (20 events):
Event: 33.313 Executing safepoint VM operation: ParallelGCFailedAllocation (Allocation Failure) done
Event: 33.318 Executing safepoint VM operation: ParallelGCFailedAllocation (Allocation Failure)
Event: 33.319 Executing safepoint VM operation: ParallelGCFailedAllocation (Allocation Failure) done
Event: 33.323 Executing safepoint VM operation: ParallelGCFailedAllocation (Allocation Failure)
Event: 33.324 Executing safepoint VM operation: ParallelGCFailedAllocation (Allocation Failure) done
Event: 33.329 Executing safepoint VM operation: ParallelGCFailedAllocation (Allocation Failure)
Event: 33.330 Executing safepoint VM operation: ParallelGCFailedAllocation (Allocation Failure) done
Event: 33.335 Executing safepoint VM operation: ParallelGCFailedAllocation (Allocation Failure)
Event: 33.336 Executing safepoint VM operation: ParallelGCFailedAllocation (Allocation Failure) done
Event: 33.342 Executing safepoint VM operation: ParallelGCFailedAllocation (Allocation Failure)
Event: 33.343 Executing safepoint VM operation: ParallelGCFailedAllocation (Allocation Failure) done
Event: 33.349 Executing safepoint VM operation: ParallelGCFailedAllocation (Allocation Failure)
Event: 34.359 Executing safepoint VM operation: ParallelGCFailedAllocation (Allocation Failure) done
Event: 34.383 Executing safepoint VM operation: ParallelGCFailedAllocation (Allocation Failure)
Event: 34.385 Executing safepoint VM operation: ParallelGCFailedAllocation (Allocation Failure) done
Event: 34.403 Executing safepoint VM operation: ParallelGCFailedAllocation (Allocation Failure)
Event: 36.424 Executing safepoint VM operation: ParallelGCFailedAllocation (Allocation Failure) done
Event: 36.444 Executing safepoint VM operation: ParallelGCFailedAllocation (Allocation Failure)
Event: 38.464 Executing safepoint VM operation: ParallelGCFailedAllocation (Allocation Failure) done
Event: 39.477 Executing safepoint VM operation: ParallelGCFailedAllocation (Allocation Failure)

Memory protections (0 events):
No events

Nmethod flushes (20 events):
Event: 27.847 Thread 0x0000019d0f3e2560 flushing  nmethod 0x0000019d1300be90
Event: 27.847 Thread 0x0000019d0f3e2560 flushing  nmethod 0x0000019d1300c490
Event: 27.847 Thread 0x0000019d0f3e2560 flushing  nmethod 0x0000019d1300cd10
Event: 27.847 Thread 0x0000019d0f3e2560 flushing  nmethod 0x0000019d1300d310
Event: 27.847 Thread 0x0000019d0f3e2560 flushing  nmethod 0x0000019d1300e810
Event: 27.847 Thread 0x0000019d0f3e2560 flushing  nmethod 0x0000019d1301ac10
Event: 27.847 Thread 0x0000019d0f3e2560 flushing  nmethod 0x0000019d1301ec90
Event: 27.847 Thread 0x0000019d0f3e2560 flushing  nmethod 0x0000019d13027d90
Event: 27.847 Thread 0x0000019d0f3e2560 flushing  nmethod 0x0000019d13036490
Event: 27.847 Thread 0x0000019d0f3e2560 flushing osr nmethod 0x0000019d13091f10
Event: 27.847 Thread 0x0000019d0f3e2560 flushing  nmethod 0x0000019d13093c90
Event: 27.847 Thread 0x0000019d0f3e2560 flushing  nmethod 0x0000019d13095790
Event: 27.847 Thread 0x0000019d0f3e2560 flushing  nmethod 0x0000019d13097090
Event: 27.847 Thread 0x0000019d0f3e2560 flushing  nmethod 0x0000019d1309a210
Event: 27.847 Thread 0x0000019d0f3e2560 flushing  nmethod 0x0000019d1309ac10
Event: 27.847 Thread 0x0000019d0f3e2560 flushing  nmethod 0x0000019d1309c510
Event: 27.847 Thread 0x0000019d0f3e2560 flushing  nmethod 0x0000019d1309c990
Event: 27.847 Thread 0x0000019d0f3e2560 flushing  nmethod 0x0000019d1309cd10
Event: 27.847 Thread 0x0000019d0f3e2560 flushing  nmethod 0x0000019d130a3810
Event: 27.847 Thread 0x0000019d0f3e2560 flushing  nmethod 0x0000019d130a6f90

Events (20 events):
Event: 23.920 Thread 0x0000019d687c2f80 Thread added: 0x0000019d7096b830
Event: 24.740 Thread 0x0000019d7096b830 Thread exited: 0x0000019d7096b830
Event: 24.748 Thread 0x0000019d6d9c6690 Thread exited: 0x0000019d6d9c6690
Event: 24.997 Thread 0x0000019d687c2f80 Thread added: 0x0000019d6faaf6f0
Event: 26.636 Thread 0x0000019d6faaf6f0 Thread exited: 0x0000019d6faaf6f0
Event: 26.837 Thread 0x0000019d687c2f80 Thread added: 0x0000019d6deefe20
Event: 27.918 Thread 0x0000019d6deefe20 Thread exited: 0x0000019d6deefe20
Event: 27.918 Thread 0x0000019d6fac33a0 Thread exited: 0x0000019d6fac33a0
Event: 27.964 Thread 0x0000019d687c2f80 Thread added: 0x0000019d6eedf170
Event: 28.042 Thread 0x0000019d687c2f80 Thread added: 0x0000019d6eede3d0
Event: 30.817 Thread 0x0000019d6d9c45c0 Thread added: 0x0000019d72ad7660
Event: 30.830 Thread 0x0000019d6d9c45c0 Thread added: 0x0000019d72ad7cf0
Event: 30.831 Thread 0x0000019d6d9c45c0 Thread added: 0x0000019d72ad9730
Event: 30.831 Thread 0x0000019d6d9c45c0 Thread added: 0x0000019d72ad8380
Event: 30.831 Thread 0x0000019d6d9c45c0 Thread added: 0x0000019d72ada450
Event: 31.313 Thread 0x0000019d72ad7cf0 Thread exited: 0x0000019d72ad7cf0
Event: 31.313 Thread 0x0000019d72ada450 Thread exited: 0x0000019d72ada450
Event: 31.313 Thread 0x0000019d72ad7660 Thread exited: 0x0000019d72ad7660
Event: 31.314 Thread 0x0000019d72ad9730 Thread exited: 0x0000019d72ad9730
Event: 31.315 Thread 0x0000019d72ad8380 Thread exited: 0x0000019d72ad8380


Dynamic libraries:
0x00007ff759840000 - 0x00007ff75984e000 	c:\Users\LENOVO\.antigravity\extensions\redhat.java-1.54.0-win32-x64\jre\21.0.10-win32-x86_64\bin\java.exe
0x00007ffd98dc0000 - 0x00007ffd99027000 	C:\WINDOWS\SYSTEM32\ntdll.dll
0x00007ffd97a40000 - 0x00007ffd97b09000 	C:\WINDOWS\System32\KERNEL32.DLL
0x00007ffd96240000 - 0x00007ffd96634000 	C:\WINDOWS\System32\KERNELBASE.dll
0x00007ffd96060000 - 0x00007ffd961ab000 	C:\WINDOWS\System32\ucrtbase.dll
0x00007ffd4f900000 - 0x00007ffd4f918000 	c:\Users\LENOVO\.antigravity\extensions\redhat.java-1.54.0-win32-x64\jre\21.0.10-win32-x86_64\bin\jli.dll
0x00007ffd47e50000 - 0x00007ffd47e6e000 	c:\Users\LENOVO\.antigravity\extensions\redhat.java-1.54.0-win32-x64\jre\21.0.10-win32-x86_64\bin\VCRUNTIME140.dll
0x00007ffd96f30000 - 0x00007ffd970f5000 	C:\WINDOWS\System32\USER32.dll
0x00007ffd79530000 - 0x00007ffd797c3000 	C:\WINDOWS\WinSxS\amd64_microsoft.windows.common-controls_6595b64144ccf1df_6.0.26100.8115_none_3e075c82e3354f9c\COMCTL32.dll
0x00007ffd96b20000 - 0x00007ffd96b47000 	C:\WINDOWS\System32\win32u.dll
0x00007ffd98430000 - 0x00007ffd9845b000 	C:\WINDOWS\System32\GDI32.dll
0x00007ffd98a50000 - 0x00007ffd98af9000 	C:\WINDOWS\System32\msvcrt.dll
0x00007ffd96640000 - 0x00007ffd9676b000 	C:\WINDOWS\System32\gdi32full.dll
0x00007ffd95fb0000 - 0x00007ffd96053000 	C:\WINDOWS\System32\msvcp_win.dll
0x00007ffd98b60000 - 0x00007ffd98b92000 	C:\WINDOWS\System32\IMM32.DLL
0x00007ffd90960000 - 0x00007ffd9096c000 	c:\Users\LENOVO\.antigravity\extensions\redhat.java-1.54.0-win32-x64\jre\21.0.10-win32-x86_64\bin\vcruntime140_1.dll
0x00007ffd226c0000 - 0x00007ffd2274d000 	c:\Users\LENOVO\.antigravity\extensions\redhat.java-1.54.0-win32-x64\jre\21.0.10-win32-x86_64\bin\msvcp140.dll
0x00007ffd084a0000 - 0x00007ffd09241000 	c:\Users\LENOVO\.antigravity\extensions\redhat.java-1.54.0-win32-x64\jre\21.0.10-win32-x86_64\bin\server\jvm.dll
0x00007ffd98460000 - 0x00007ffd98516000 	C:\WINDOWS\System32\ADVAPI32.dll
0x00007ffd96c00000 - 0x00007ffd96ca7000 	C:\WINDOWS\System32\sechost.dll
0x00007ffd97b10000 - 0x00007ffd97c28000 	C:\WINDOWS\System32\RPCRT4.dll
0x00007ffd97100000 - 0x00007ffd97180000 	C:\WINDOWS\System32\WS2_32.dll
0x00007ffd954f0000 - 0x00007ffd9554e000 	C:\WINDOWS\SYSTEM32\POWRPROF.dll
0x00007ffd8cde0000 - 0x00007ffd8ce16000 	C:\WINDOWS\SYSTEM32\WINMM.dll
0x00007ffd86690000 - 0x00007ffd8669b000 	C:\WINDOWS\SYSTEM32\VERSION.dll
0x00007ffd954d0000 - 0x00007ffd954e4000 	C:\WINDOWS\SYSTEM32\UMPDC.dll
0x00007ffd94420000 - 0x00007ffd9443b000 	C:\WINDOWS\SYSTEM32\kernel.appcore.dll
0x00007ffd8f6f0000 - 0x00007ffd8f6fa000 	c:\Users\LENOVO\.antigravity\extensions\redhat.java-1.54.0-win32-x64\jre\21.0.10-win32-x86_64\bin\jimage.dll
0x00007ffd90ae0000 - 0x00007ffd90d22000 	C:\WINDOWS\SYSTEM32\DBGHELP.DLL
0x00007ffd976b0000 - 0x00007ffd97a32000 	C:\WINDOWS\System32\combase.dll
0x00007ffd96e50000 - 0x00007ffd96f28000 	C:\WINDOWS\System32\OLEAUT32.dll
0x00007ffd74350000 - 0x00007ffd7438b000 	C:\WINDOWS\SYSTEM32\dbgcore.DLL
0x00007ffd95f00000 - 0x00007ffd95fa5000 	C:\WINDOWS\System32\bcryptPrimitives.dll
0x00007ffd83c90000 - 0x00007ffd83c9f000 	c:\Users\LENOVO\.antigravity\extensions\redhat.java-1.54.0-win32-x64\jre\21.0.10-win32-x86_64\bin\instrument.dll
0x00007ffd47e30000 - 0x00007ffd47e50000 	c:\Users\LENOVO\.antigravity\extensions\redhat.java-1.54.0-win32-x64\jre\21.0.10-win32-x86_64\bin\java.dll
0x00007ffd97cc0000 - 0x00007ffd98427000 	C:\WINDOWS\System32\SHELL32.dll
0x00007ffd96770000 - 0x00007ffd968da000 	C:\WINDOWS\System32\wintypes.dll
0x00007ffd95690000 - 0x00007ffd95ef8000 	C:\WINDOWS\System32\windows.storage.dll
0x00007ffd975b0000 - 0x00007ffd976a8000 	C:\WINDOWS\System32\SHCORE.dll
0x00007ffd97360000 - 0x00007ffd973c6000 	C:\WINDOWS\System32\shlwapi.dll
0x00007ffd955b0000 - 0x00007ffd955d9000 	C:\WINDOWS\SYSTEM32\profapi.dll
0x00007ffd45930000 - 0x00007ffd45948000 	c:\Users\LENOVO\.antigravity\extensions\redhat.java-1.54.0-win32-x64\jre\21.0.10-win32-x86_64\bin\zip.dll
0x00007ffd81140000 - 0x00007ffd81150000 	C:\Users\LENOVO\.antigravity\extensions\redhat.java-1.54.0-win32-x64\jre\21.0.10-win32-x86_64\bin\net.dll
0x00007ffd8c4a0000 - 0x00007ffd8c5cd000 	C:\WINDOWS\SYSTEM32\WINHTTP.dll
0x00007ffd94990000 - 0x00007ffd949fc000 	C:\WINDOWS\system32\mswsock.dll
0x00007ffd45910000 - 0x00007ffd45926000 	C:\Users\LENOVO\.antigravity\extensions\redhat.java-1.54.0-win32-x64\jre\21.0.10-win32-x86_64\bin\nio.dll
0x00007ffd80560000 - 0x00007ffd80570000 	c:\Users\LENOVO\.antigravity\extensions\redhat.java-1.54.0-win32-x64\jre\21.0.10-win32-x86_64\bin\verify.dll
0x00007ffd883e0000 - 0x00007ffd88425000 	C:\Users\LENOVO\AppData\Roaming\Antigravity\User\globalStorage\redhat.java\1.54.0\config_win\org.eclipse.equinox.launcher\org.eclipse.equinox.launcher.win32.win32.x86_64_1.3.0.v20260203-2149\eclipse_11919.dll
0x00007ffd96cb0000 - 0x00007ffd96e47000 	C:\WINDOWS\System32\ole32.dll
0x00007ffd94c70000 - 0x00007ffd94c8b000 	C:\WINDOWS\SYSTEM32\CRYPTSP.dll
0x00007ffd94380000 - 0x00007ffd943b9000 	C:\WINDOWS\system32\rsaenh.dll
0x00007ffd94a40000 - 0x00007ffd94a73000 	C:\WINDOWS\SYSTEM32\USERENV.dll
0x00007ffd95580000 - 0x00007ffd955aa000 	C:\WINDOWS\SYSTEM32\bcrypt.dll
0x00007ffd94c90000 - 0x00007ffd94c9c000 	C:\WINDOWS\SYSTEM32\CRYPTBASE.dll
0x00007ffd93e90000 - 0x00007ffd93ec2000 	C:\WINDOWS\SYSTEM32\IPHLPAPI.DLL
0x00007ffd97290000 - 0x00007ffd9729a000 	C:\WINDOWS\System32\NSI.dll
0x00007ffd70720000 - 0x00007ffd70769000 	C:\Users\LENOVO\AppData\Local\Temp\jna--2053026509\jna10832341979499010711.dll
0x00007ffd96bf0000 - 0x00007ffd96bf8000 	C:\WINDOWS\System32\PSAPI.DLL
0x00007ffd8cc90000 - 0x00007ffd8ccad000 	C:\WINDOWS\SYSTEM32\dhcpcsvc6.DLL
0x00007ffd8cbc0000 - 0x00007ffd8cbe5000 	C:\WINDOWS\SYSTEM32\dhcpcsvc.DLL

JVMTI agents:
c:\Users\LENOVO\.antigravity\extensions\redhat.java-1.54.0-win32-x64\lombok\lombok-1.18.39-4050.jar path:c:\Users\LENOVO\.antigravity\extensions\redhat.java-1.54.0-win32-x64\jre\21.0.10-win32-x86_64\bin\instrument.dll, loaded, initialized, instrumentlib options:none

dbghelp: loaded successfully - version: 4.0.5 - missing functions: none
symbol engine: initialized successfully - sym options: 0x614 - pdb path: .;c:\Users\LENOVO\.antigravity\extensions\redhat.java-1.54.0-win32-x64\jre\21.0.10-win32-x86_64\bin;C:\WINDOWS\SYSTEM32;C:\WINDOWS\WinSxS\amd64_microsoft.windows.common-controls_6595b64144ccf1df_6.0.26100.8115_none_3e075c82e3354f9c;c:\Users\LENOVO\.antigravity\extensions\redhat.java-1.54.0-win32-x64\jre\21.0.10-win32-x86_64\bin\server;C:\Users\LENOVO\AppData\Roaming\Antigravity\User\globalStorage\redhat.java\1.54.0\config_win\org.eclipse.equinox.launcher\org.eclipse.equinox.launcher.win32.win32.x86_64_1.3.0.v20260203-2149;C:\Users\LENOVO\AppData\Local\Temp\jna--2053026509

VM Arguments:
jvm_args: --add-modules=ALL-SYSTEM --add-opens=java.base/java.util=ALL-UNNAMED --add-opens=java.base/java.lang=ALL-UNNAMED --add-opens=java.base/sun.nio.fs=ALL-UNNAMED -Declipse.application=org.eclipse.jdt.ls.core.id1 -Dosgi.bundles.defaultStartLevel=4 -Declipse.product=org.eclipse.jdt.ls.core.product -Djava.import.generatesMetadataFilesAtProjectRoot=false -DDetectVMInstallationsJob.disabled=true -Dfile.encoding=utf8 -XX:+UseParallelGC -XX:GCTimeRatio=4 -XX:AdaptiveSizePolicyWeight=90 -Dsun.zip.disableMemoryMapping=true -Xmx2G -Xms100m -Xlog:disable -javaagent:c:\Users\LENOVO\.antigravity\extensions\redhat.java-1.54.0-win32-x64\lombok\lombok-1.18.39-4050.jar -XX:+HeapDumpOnOutOfMemoryError -XX:HeapDumpPath=c:\Users\LENOVO\AppData\Roaming\Antigravity\User\workspaceStorage\c32ad2883d698218fc90bdae50dd7373\redhat.java -Daether.dependencyCollector.impl=bf 
java_command: c:\Users\LENOVO\.antigravity\extensions\redhat.java-1.54.0-win32-x64\server\plugins\org.eclipse.equinox.launcher_1.7.100.v20251111-0406.jar -configuration c:\Users\LENOVO\AppData\Roaming\Antigravity\User\globalStorage\redhat.java\1.54.0\config_win -data c:\Users\LENOVO\AppData\Roaming\Antigravity\User\workspaceStorage\c32ad2883d698218fc90bdae50dd7373\redhat.java\jdt_ws --pipe=\\.\pipe\lsp-b29438a13a0be675e9fc8fe18a3f4561-sock
java_class_path (initial): c:\Users\LENOVO\.antigravity\extensions\redhat.java-1.54.0-win32-x64\server\plugins\org.eclipse.equinox.launcher_1.7.100.v20251111-0406.jar
Launcher Type: SUN_STANDARD

[Global flags]
    uintx AdaptiveSizePolicyWeight                 = 90                                        {product} {command line}
     intx CICompilerCount                          = 4                                         {product} {ergonomic}
    uintx GCTimeRatio                              = 4                                         {product} {command line}
     bool HeapDumpOnOutOfMemoryError               = true                                   {manageable} {command line}
    ccstr HeapDumpPath                             = c:\Users\LENOVO\AppData\Roaming\Antigravity\User\workspaceStorage\c32ad2883d698218fc90bdae50dd7373\redhat.java         {manageable} {command line}
   size_t InitialHeapSize                          = 104857600                                 {product} {command line}
   size_t MaxHeapSize                              = 2147483648                                {product} {command line}
   size_t MaxNewSize                               = 715653120                                 {product} {ergonomic}
   size_t MinHeapDeltaBytes                        = 524288                                    {product} {ergonomic}
   size_t MinHeapSize                              = 104857600                                 {product} {command line}
   size_t NewSize                                  = 34603008                                  {product} {ergonomic}
    uintx NonNMethodCodeHeapSize                   = 5839372                                {pd product} {ergonomic}
    uintx NonProfiledCodeHeapSize                  = 122909434                              {pd product} {ergonomic}
   size_t OldSize                                  = 70254592                                  {product} {ergonomic}
    uintx ProfiledCodeHeapSize                     = 122909434                              {pd product} {ergonomic}
    uintx ReservedCodeCacheSize                    = 251658240                              {pd product} {ergonomic}
     bool SegmentedCodeCache                       = true                                      {product} {ergonomic}
   size_t SoftMaxHeapSize                          = 2147483648                             {manageable} {ergonomic}
     bool UseCompressedOops                        = true                           {product lp64_product} {ergonomic}
     bool UseLargePagesIndividualAllocation        = false                                  {pd product} {ergonomic}
     bool UseParallelGC                            = true                                      {product} {command line}

Logging:
Log output configuration:
 #0: stdout all=off uptime,level,tags foldmultilines=false
 #1: stderr all=off uptime,level,tags foldmultilines=false

Release file:
JAVA_VERSION="21.0.10" 
MODULES="java.base java.compiler java.datatransfer java.xml java.prefs java.desktop java.instrument java.logging java.management java.security.sasl java.naming java.rmi java.management.rmi java.net.http java.scripting java.security.jgss java.transaction.xa java.sql java.sql.rowset java.xml.crypto java.se java.smartcardio jdk.accessibility jdk.internal.jvmstat jdk.attach jdk.charsets jdk.internal.opt jdk.zipfs jdk.compiler jdk.crypto.ec jdk.crypto.cryptoki jdk.crypto.mscapi jdk.dynalink jdk.internal.ed jdk.editpad jdk.hotspot.agent jdk.httpserver jdk.internal.le jdk.internal.vm.ci jdk.internal.vm.compiler jdk.internal.vm.compiler.management jdk.jartool jdk.javadoc jdk.jcmd jdk.management jdk.management.agent jdk.jconsole jdk.jdeps jdk.jdwp.agent jdk.jdi jdk.jfr jdk.jshell jdk.jsobject jdk.jstatd jdk.localedata jdk.management.jfr jdk.naming.dns jdk.naming.rmi jdk.net jdk.nio.mapmode jdk.random jdk.sctp jdk.security.auth jdk.security.jgss jdk.unsupported jdk.unsupported.desktop jdk.xml.dom" 

Environment Variables:
JAVA_HOME=C:\Program Files\Java\jdk-20
PATH=C:\Users\LENOVO\Downloads\apache-maven-3.9.14-bin\apache-maven-3.9.14\bin;C:\Program Files\MongoDB\Server\8.2\bin;C:\Program Files\Eclipse Adoptium\jdk-17.0.17.10-hotspot\bin;C:\oraclexe\app\oracle\product\11.2.0\server\bin;C:\xampp\php;C:\Program Files\MySQL\MySQL Server 8.0\bin;C:\Python 3.12\Python 3.12.exe;C:\Users\LENOVO\AppData\Local\Programs\Python\Python312\python.exe;C:\Users\LENOVO\Downloads\flutter_windows_3.16.0-stable\flutter\bin;C:\ProgramData\Oracle\Java\javapath;C:\Program Files\Java\jdk-21.0.1\bin;C:\Program Files\Common Files\Oracle\Java\javapath;C:\Program Files\Java\jdk-20\bin;C:\Users\LENOVO\Downloads\sqldeveloper-23.1.0.097.1607-x64\sqldeveloper\sqldeveloper\bin;C:\Users\LENOVO\Downloads\msys2-x86_64-20230318.exe;C:\WINDOWS\system32;C:\WINDOWS;C:\WINDOWS\System32\Wbem;C:\WINDOWS\System32\WindowsPowerShell\v1.0\;C:\WINDOWS\System32\OpenSSH\;C:\Program Files\Git\cmd;C:\Program Files\Git\bin;C:\Program Files\dotnet\;C:\Users\LENOVO\AppData\Local\Android\Sdk\platform-tools;C:\Users\LENOVO\AppData\Local\Android\Sdk\emulator;C:\Users\LENOVO\Downloads\php-8.3.11-nts-Win32-vs16-x64;C:\ProgramData\ComposerSetup\bin;C:\Program Files\nodejs\;C:\Program Files\Microsoft SQL Server\150\Tools\Binn\;C:\Program Files\Docker\Docker\resources\bin;C:\Program Files\Vagrant\bin;C:\Program Files\Cloudflare\Cloudflare WARP\;C:\Users\LENOVO\scoop\shims;C:\Program Files\MySQL\MySQL Shell 8.0\bin\;C:\Users\LENOVO\AppData\Local\Programs\Python\Launcher\;C:\Python27\python.exe;C:\Users\LENOVO\AppData\Local\Programs\Python\Python311;C:\Users\LENOVO\AppData\Local\Programs\Python\Python311\Scripts\;C:\Python27;C:\Users\LENOVO\AppData\Local\Microsoft\WindowsApps;C:\Program Files\JetBrains\PyCharm Community Edition 2023.1\bin;;C:\Users\LENOVO\AppData\Local\GitHubDesktop\bin;C:\Users\LENOVO\.dotnet\tools;C:\Program Files (x86)\Nmap;C:\Users\LENOVO\AppData\Local\Programs\MiKTeX\miktex\bin\x64\;C:\Users\LENOVO\AppData\Roaming\Composer\vendor\bin;C:\xampp\php;C:\Program Files\JetBrains\IntelliJ IDEA 2024.2.1\bin;;C:\Flex Windows\gcc\bin;C:\Flex Windows\Lex\bin;C:\Flex Windows\bison\bin;C:\Users\LENOVO\AppData\Local\Muse Hub\lib;C:\Users\LENOVO\AppData\Local\Programs\Microsoft VS Code\bin;C:\Users\LENOVO\AppData\Local\Programs\cursor\resources\app\bin;C:\Users\LENOVO\AppData\Roaming\npm;C:\Users\LENOVO\AppData\Local\Programs\Antigravity\bin;
USERNAME=LENOVO
OS=Windows_NT
PROCESSOR_IDENTIFIER=Intel64 Family 6 Model 140 Stepping 2, GenuineIntel
TMP=C:\Users\LENOVO\AppData\Local\Temp
TEMP=C:\Users\LENOVO\AppData\Local\Temp




Periodic native trim disabled

---------------  S Y S T E M  ---------------

OS:
 Windows 11 , 64 bit Build 26100 (10.0.26100.8246)
OS uptime: 0 days 7:02 hours
Hyper-V role detected

CPU: total 8 (initial active 8) (4 cores per cpu, 2 threads per core) family 6 model 140 stepping 2 microcode 0x26, cx8, cmov, fxsr, ht, mmx, 3dnowpref, sse, sse2, sse3, ssse3, sse4.1, sse4.2, popcnt, lzcnt, tsc, tscinvbit, avx, avx2, aes, erms, clmul, bmi1, bmi2, adx, avx512f, avx512dq, avx512cd, avx512bw, avx512vl, sha, fma, vzeroupper, avx512_vpopcntdq, avx512_vpclmulqdq, avx512_vaes, avx512_vnni, clflush, clflushopt, clwb, avx512_vbmi2, avx512_vbmi, hv, rdtscp, rdpid, fsrm, gfni, avx512_bitalg, f16c, cet_ibt, cet_ss, avx512_ifma
Processor Information for processor 0
  Max Mhz: 3187, Current Mhz: 3187, Mhz Limit: 3187
Processor Information for processor 1
  Max Mhz: 3187, Current Mhz: 3187, Mhz Limit: 3187
Processor Information for processor 2
  Max Mhz: 3187, Current Mhz: 995, Mhz Limit: 3187
Processor Information for processor 3
  Max Mhz: 3187, Current Mhz: 995, Mhz Limit: 3187
Processor Information for processor 4
  Max Mhz: 3187, Current Mhz: 995, Mhz Limit: 3187
Processor Information for processor 5
  Max Mhz: 3187, Current Mhz: 3187, Mhz Limit: 3187
Processor Information for processor 6
  Max Mhz: 3187, Current Mhz: 995, Mhz Limit: 3187
Processor Information for processor 7
  Max Mhz: 3187, Current Mhz: 3187, Mhz Limit: 3187

Memory: 4k page, system-wide physical 16167M (1165M free)
TotalPageFile size 21167M (AvailPageFile size 0M)
current process WorkingSet (physical memory assigned to process): 368M, peak: 396M
current process commit charge ("private bytes"): 1662M, peak: 1662M

vm_info: OpenJDK 64-Bit Server VM (21.0.10+7-LTS) for windows-amd64 JRE (21.0.10+7-LTS), built on 2026-01-20T00:00:00Z by "admin" with MS VC++ 17.12 (VS2022)

END.
