#
# There is insufficient memory for the Java Runtime Environment to continue.
# Native memory allocation (malloc) failed to allocate 1187216 bytes for Chunk::new
# Possible reasons:
#   The system is out of physical RAM or swap space
#   The process is running with CompressedOops enabled, and the Java Heap may be blocking the growth of the native heap
# Possible solutions:
#   Reduce memory load on the system
#   Increase physical memory or swap space
#   Check if swap backing store is full
#   Decrease Java heap size (-Xmx/-Xms)
#   Decrease number of Java threads
#   Decrease Java thread stack sizes (-Xss)
#   Set larger code cache with -XX:ReservedCodeCacheSize=
#   JVM is running with Unscaled Compressed Oops mode in which the Java heap is
#     placed in the first 4GB address space. The Java Heap base address is the
#     maximum limit for the native heap growth. Please use -XX:HeapBaseMinAddress
#     to set the Java Heap base and to place the Java Heap above 4GB virtual address.
# This output file may be truncated or incomplete.
#
#  Out of Memory Error (arena.cpp:189), pid=18760, tid=20388
#
# JRE version: OpenJDK Runtime Environment Temurin-17.0.4.1+1 (17.0.4.1+1) (build 17.0.4.1+1)
# Java VM: OpenJDK 64-Bit Server VM Temurin-17.0.4.1+1 (17.0.4.1+1, mixed mode, tiered, compressed oops, compressed class ptrs, parallel gc, windows-amd64)
# No core dump will be written. Minidumps are not enabled by default on client versions of Windows
#

---------------  S U M M A R Y ------------

Command Line: --add-modules=ALL-SYSTEM --add-opens=java.base/java.util=ALL-UNNAMED --add-opens=java.base/java.lang=ALL-UNNAMED --add-opens=java.base/sun.nio.fs=ALL-UNNAMED -Declipse.application=org.eclipse.jdt.ls.core.id1 -Dosgi.bundles.defaultStartLevel=4 -Declipse.product=org.eclipse.jdt.ls.core.product -Djava.import.generatesMetadataFilesAtProjectRoot=false -Dfile.encoding=utf8 -XX:+UseParallelGC -XX:GCTimeRatio=4 -XX:AdaptiveSizePolicyWeight=90 -Dsun.zip.disableMemoryMapping=true -Xmx1G -Xms100m -Xlog:disable -javaagent:c:\Users\LENOVO\.antigravity\extensions\redhat.java-1.12.0-win32-x64\lombok\lombok-1.18.24.jar -XX:+HeapDumpOnOutOfMemoryError -XX:HeapDumpPath=c:\Users\LENOVO\AppData\Roaming\Antigravity\User\workspaceStorage\0b3c1e4f8221231f8f615dd7f9827724\redhat.java c:\Users\LENOVO\.antigravity\extensions\redhat.java-1.12.0-win32-x64\server\plugins\org.eclipse.equinox.launcher_1.6.400.v20210924-0641.jar -configuration c:\Users\LENOVO\AppData\Roaming\Antigravity\User\globalStorage\redhat.java\1.12.0\config_win -data c:\Users\LENOVO\AppData\Roaming\Antigravity\User\workspaceStorage\0b3c1e4f8221231f8f615dd7f9827724\redhat.java\jdt_ws

Host: 11th Gen Intel(R) Core(TM) i5-11320H @ 3.20GHz, 8 cores, 15G,  Windows 11 , 64 bit Build 26100 (10.0.26100.7705)
Time: Thu Mar  5 03:14:59 2026 Paris, Madrid elapsed time: 24.801410 seconds (0d 0h 0m 24s)

---------------  T H R E A D  ---------------

Current thread (0x000001e79964e950):  JavaThread "C2 CompilerThread0" daemon [_thread_in_native, id=20388, stack(0x0000009b76000000,0x0000009b76100000)]


Current CompileTask:
C2:  24801 5768 %     4       org.objectweb.asm.SymbolTable::<init> @ 98 (536 bytes)

Stack: [0x0000009b76000000,0x0000009b76100000]
Native frames: (J=compiled Java code, j=interpreted, Vv=VM code, C=native code)
V  [jvm.dll+0x67731a]
V  [jvm.dll+0x832284]
V  [jvm.dll+0x833a2e]
V  [jvm.dll+0x834093]
V  [jvm.dll+0x245775]
V  [jvm.dll+0xabd7b]
V  [jvm.dll+0xac30c]
V  [jvm.dll+0x363a42]
V  [jvm.dll+0x1bbd52]
V  [jvm.dll+0x2187d9]
V  [jvm.dll+0x217aa1]
V  [jvm.dll+0x1a3f8d]
V  [jvm.dll+0x227498]
V  [jvm.dll+0x2255e5]
V  [jvm.dll+0x7e7e9b]
V  [jvm.dll+0x7e240a]
V  [jvm.dll+0x6761a5]
C  [ucrtbase.dll+0x37b0]
C  [KERNEL32.DLL+0x2e8d7]
C  [ntdll.dll+0x8c40c]


---------------  P R O C E S S  ---------------

Threads class SMR info:
_java_thread_list=0x000001e79f5b7630, length=28, elements={
0x000001e7857ccfe0, 0x000001e785889ef0, 0x000001e78588af50, 0x000001e79964a310,
0x000001e79964abd0, 0x000001e79964d4a0, 0x000001e79964dd60, 0x000001e79964e950,
0x000001e79b1cdb60, 0x000001e79b1d1390, 0x000001e79b26a840, 0x000001e79b3dbf80,
0x000001e79d423cc0, 0x000001e79d476010, 0x000001e79d443550, 0x000001e79d586050,
0x000001e79d8eb050, 0x000001e79c2be710, 0x000001e79c2be240, 0x000001e79c2bf0b0,
0x000001e79c2bf580, 0x000001e79c2c08c0, 0x000001e79c2bcf00, 0x000001e79c2bd3d0,
0x000001e79c2bd8a0, 0x000001e79f469270, 0x000001e7a095d530, 0x000001e7a095df50
}

Java Threads: ( => current thread )
  0x000001e7857ccfe0 JavaThread "main" [_thread_blocked, id=16588, stack(0x0000009b75700000,0x0000009b75800000)]
  0x000001e785889ef0 JavaThread "Reference Handler" daemon [_thread_blocked, id=19776, stack(0x0000009b75a00000,0x0000009b75b00000)]
  0x000001e78588af50 JavaThread "Finalizer" daemon [_thread_blocked, id=19372, stack(0x0000009b75b00000,0x0000009b75c00000)]
  0x000001e79964a310 JavaThread "Signal Dispatcher" daemon [_thread_blocked, id=19092, stack(0x0000009b75c00000,0x0000009b75d00000)]
  0x000001e79964abd0 JavaThread "Attach Listener" daemon [_thread_blocked, id=19100, stack(0x0000009b75d00000,0x0000009b75e00000)]
  0x000001e79964d4a0 JavaThread "Service Thread" daemon [_thread_blocked, id=9488, stack(0x0000009b75e00000,0x0000009b75f00000)]
  0x000001e79964dd60 JavaThread "Monitor Deflation Thread" daemon [_thread_blocked, id=6844, stack(0x0000009b75f00000,0x0000009b76000000)]
=>0x000001e79964e950 JavaThread "C2 CompilerThread0" daemon [_thread_in_native, id=20388, stack(0x0000009b76000000,0x0000009b76100000)]
  0x000001e79b1cdb60 JavaThread "C1 CompilerThread0" daemon [_thread_blocked, id=16348, stack(0x0000009b76100000,0x0000009b76200000)]
  0x000001e79b1d1390 JavaThread "Sweeper thread" daemon [_thread_blocked, id=18616, stack(0x0000009b76200000,0x0000009b76300000)]
  0x000001e79b26a840 JavaThread "Common-Cleaner" daemon [_thread_blocked, id=7420, stack(0x0000009b76300000,0x0000009b76400000)]
  0x000001e79b3dbf80 JavaThread "Notification Thread" daemon [_thread_blocked, id=19396, stack(0x0000009b76400000,0x0000009b76500000)]
  0x000001e79d423cc0 JavaThread "Active Thread: Equinox Container: 4d907fad-5b4d-46e4-ab22-1ab7713f301e" [_thread_blocked, id=19588, stack(0x0000009b76d00000,0x0000009b76e00000)]
  0x000001e79d476010 JavaThread "Framework Event Dispatcher: Equinox Container: 4d907fad-5b4d-46e4-ab22-1ab7713f301e" daemon [_thread_blocked, id=18048, stack(0x0000009b76e00000,0x0000009b76f00000)]
  0x000001e79d443550 JavaThread "Start Level: Equinox Container: 4d907fad-5b4d-46e4-ab22-1ab7713f301e" daemon [_thread_blocked, id=16388, stack(0x0000009b76f00000,0x0000009b77000000)]
  0x000001e79d586050 JavaThread "SCR Component Actor" daemon [_thread_blocked, id=3252, stack(0x0000009b77000000,0x0000009b77100000)]
  0x000001e79d8eb050 JavaThread "Worker-JM" [_thread_blocked, id=17388, stack(0x0000009b77200000,0x0000009b77300000)]
  0x000001e79c2be710 JavaThread "Worker-0" [_thread_blocked, id=11216, stack(0x0000009b77300000,0x0000009b77400000)]
  0x000001e79c2be240 JavaThread "Worker-1" [_thread_blocked, id=4924, stack(0x0000009b77400000,0x0000009b77500000)]
  0x000001e79c2bf0b0 JavaThread "Worker-2: Initialize workspace" [_thread_blocked, id=13240, stack(0x0000009b77600000,0x0000009b77700000)]
  0x000001e79c2bf580 JavaThread "Java indexing" daemon [_thread_blocked, id=9364, stack(0x0000009b77700000,0x0000009b77800000)]
  0x000001e79c2c08c0 JavaThread "JNA Cleaner" daemon [_thread_blocked, id=19280, stack(0x0000009b77100000,0x0000009b77200000)]
  0x000001e79c2bcf00 JavaThread "pool-2-thread-1" [_thread_blocked, id=12028, stack(0x0000009b77900000,0x0000009b77a00000)]
  0x000001e79c2bd3d0 JavaThread "pool-1-thread-1" [_thread_in_Java, id=20344, stack(0x0000009b77b00000,0x0000009b77c00000)]
  0x000001e79c2bd8a0 JavaThread "Worker-3: Refreshing workspace" [_thread_blocked, id=1624, stack(0x0000009b77c00000,0x0000009b77d00000)]
  0x000001e79f469270 JavaThread "ForkJoinPool.commonPool-worker-1" daemon [_thread_blocked, id=18092, stack(0x0000009b77e00000,0x0000009b77f00000)]
  0x000001e7a095d530 JavaThread "C2 CompilerThread1" daemon [_thread_in_native, id=15056, stack(0x0000009b77a00000,0x0000009b77b00000)]
  0x000001e7a095df50 JavaThread "C2 CompilerThread2" daemon [_thread_in_native, id=18316, stack(0x0000009b77d00000,0x0000009b77e00000)]

Other Threads:
  0x000001e79b120c20 VMThread "VM Thread" [stack: 0x0000009b75900000,0x0000009b75a00000] [id=18480]
  0x000001e79b417540 WatcherThread [stack: 0x0000009b76500000,0x0000009b76600000] [id=22104]
  0x000001e7857e3160 GCTaskThread "GC Thread#0" [stack: 0x0000009b75800000,0x0000009b75900000] [id=11468]
  0x000001e79c7859b0 GCTaskThread "GC Thread#1" [stack: 0x0000009b76600000,0x0000009b76700000] [id=12076]
  0x000001e79c7a2520 GCTaskThread "GC Thread#2" [stack: 0x0000009b76700000,0x0000009b76800000] [id=5872]
  0x000001e79c7a27d0 GCTaskThread "GC Thread#3" [stack: 0x0000009b76800000,0x0000009b76900000] [id=7816]
  0x000001e79c7a2a80 GCTaskThread "GC Thread#4" [stack: 0x0000009b76900000,0x0000009b76a00000] [id=4320]
  0x000001e79c475990 GCTaskThread "GC Thread#5" [stack: 0x0000009b76a00000,0x0000009b76b00000] [id=9408]
  0x000001e79d52c730 GCTaskThread "GC Thread#6" [stack: 0x0000009b76b00000,0x0000009b76c00000] [id=20112]
  0x000001e79d52cbf0 GCTaskThread "GC Thread#7" [stack: 0x0000009b76c00000,0x0000009b76d00000] [id=2476]

Threads with active compile tasks:
C2 CompilerThread0    24820 5768 %     4       org.objectweb.asm.SymbolTable::<init> @ 98 (536 bytes)
C2 CompilerThread1    24820 5789 %     4       org.objectweb.asm.ClassReader::readCode @ 92 (5109 bytes)
C2 CompilerThread2    24820 5809       4       org.objectweb.asm.ClassReader::readMethod (1066 bytes)

VM state: not at safepoint (normal execution)

VM Mutex/Monitor currently owned by a thread: None

Heap address: 0x00000000c0000000, size: 1024 MB, Compressed Oops mode: 32-bit

CDS archive(s) not mapped
Compressed class space mapped at: 0x0000000100000000-0x0000000140000000, reserved size: 1073741824
Narrow klass base: 0x0000000000000000, Narrow klass shift: 3, Narrow klass range: 0x140000000

GC Precious Log:
 CPUs: 8 total, 8 available
 Memory: 16167M
 Large Page Support: Disabled
 NUMA Support: Disabled
 Compressed Oops: Enabled (32-bit)
 Alignments: Space 512K, Generation 512K, Heap 2M
 Heap Min Capacity: 100M
 Heap Initial Capacity: 100M
 Heap Max Capacity: 1G
 Pre-touch: Disabled
 Parallel Workers: 8

Heap:
 PSYoungGen      total 20992K, used 18384K [0x00000000eab00000, 0x00000000ec380000, 0x0000000100000000)
  eden space 19968K, 87% used [0x00000000eab00000,0x00000000ebbfb250,0x00000000ebe80000)
  from space 1024K, 97% used [0x00000000ebf00000,0x00000000ebff8e00,0x00000000ec000000)
  to   space 2560K, 0% used [0x00000000ec100000,0x00000000ec100000,0x00000000ec380000)
 ParOldGen       total 68608K, used 33149K [0x00000000c0000000, 0x00000000c4300000, 0x00000000eab00000)
  object space 68608K, 48% used [0x00000000c0000000,0x00000000c205f760,0x00000000c4300000)
 Metaspace       used 50954K, committed 51904K, reserved 1097728K
  class space    used 5506K, committed 5888K, reserved 1048576K

Card table byte_map: [0x000001e785170000,0x000001e785380000] _byte_map_base: 0x000001e784b70000

Marking Bits: (ParMarkBitMap*) 0x00007ff96cfc2cc0
 Begin Bits: [0x000001e797450000, 0x000001e798450000)
 End Bits:   [0x000001e798450000, 0x000001e799450000)

Polling page: 0x000001e783770000

Metaspace:

Usage:
  Non-class:     44.38 MB used.
      Class:      5.38 MB used.
       Both:     49.76 MB used.

Virtual space:
  Non-class space:       48.00 MB reserved,      44.94 MB ( 94%) committed,  6 nodes.
      Class space:        1.00 GB reserved,       5.75 MB ( <1%) committed,  1 nodes.
             Both:        1.05 GB reserved,      50.69 MB (  5%) committed. 

Chunk freelists:
   Non-Class:  2.91 MB
       Class:  2.20 MB
        Both:  5.11 MB

MaxMetaspaceSize: unlimited
CompressedClassSpaceSize: 1.00 GB
Initial GC threshold: 21.00 MB
Current GC threshold: 58.88 MB
CDS: off
MetaspaceReclaimPolicy: balanced
 - commit_granule_bytes: 65536.
 - commit_granule_words: 8192.
 - virtual_space_node_default_size: 1048576.
 - enlarge_chunks_in_place: 1.
 - new_chunks_are_fully_committed: 0.
 - uncommit_free_chunks: 1.
 - use_allocation_guard: 0.
 - handle_deallocations: 1.


Internal statistics:

num_allocs_failed_limit: 10.
num_arena_births: 592.
num_arena_deaths: 14.
num_vsnodes_births: 7.
num_vsnodes_deaths: 0.
num_space_committed: 811.
num_space_uncommitted: 0.
num_chunks_returned_to_freelist: 24.
num_chunks_taken_from_freelist: 2561.
num_chunk_merges: 14.
num_chunk_splits: 1603.
num_chunks_enlarged: 911.
num_purges: 2.
num_inconsistent_stats: 0.

CodeHeap 'non-profiled nmethods': size=120000Kb used=2858Kb max_used=2990Kb free=117141Kb
 bounds [0x000001e78ff20000, 0x000001e790220000, 0x000001e797450000]
CodeHeap 'profiled nmethods': size=120000Kb used=10076Kb max_used=10903Kb free=109923Kb
 bounds [0x000001e7889f0000, 0x000001e7894c0000, 0x000001e78ff20000]
CodeHeap 'non-nmethods': size=5760Kb used=1296Kb max_used=1355Kb free=4463Kb
 bounds [0x000001e788450000, 0x000001e7886c0000, 0x000001e7889f0000]
 total_blobs=5581 nmethods=4971 adapters=524
 compilation: enabled
              stopped_count=0, restarted_count=0
 full_count=0

Compilation events (20 events):
Event: 23.550 Thread 0x000001e79b1cdb60 nmethod 5820 0x000001e78901d690 code [0x000001e78901d840, 0x000001e78901da48]
Event: 23.550 Thread 0x000001e79b1cdb60 5821       3       org.objectweb.asm.MethodVisitor::visitEnd (15 bytes)
Event: 23.551 Thread 0x000001e79b1cdb60 nmethod 5821 0x000001e789301c10 code [0x000001e789301dc0, 0x000001e789301fc8]
Event: 23.556 Thread 0x000001e79b1cdb60 5822       3       java.lang.String::compareToIgnoreCase (11 bytes)
Event: 23.557 Thread 0x000001e79b1cdb60 nmethod 5822 0x000001e789301590 code [0x000001e789301740, 0x000001e789301908]
Event: 23.564 Thread 0x000001e79b1cdb60 5823       3       org.objectweb.asm.SymbolTable::addConstantDynamicOrInvokeDynamicReference (34 bytes)
Event: 23.564 Thread 0x000001e79b1cdb60 nmethod 5823 0x000001e788c60d10 code [0x000001e788c60ee0, 0x000001e788c61168]
Event: 23.657 Thread 0x000001e79b1cdb60 5824       3       org.eclipse.core.runtime.jobs.Job::getRule (5 bytes)
Event: 23.795 Thread 0x000001e79b1cdb60 nmethod 5824 0x000001e788c1f110 code [0x000001e788c1f2a0, 0x000001e788c1f3b8]
Event: 23.795 Thread 0x000001e79b1cdb60 5825       3       java.util.regex.Pattern::createGroup (86 bytes)
Event: 23.795 Thread 0x000001e79b1cdb60 nmethod 5825 0x000001e788c60210 code [0x000001e788c60400, 0x000001e788c60a98]
Event: 23.795 Thread 0x000001e79b1cdb60 5826       3       java.util.regex.Pattern$GroupHead::<init> (10 bytes)
Event: 23.795 Thread 0x000001e79b1cdb60 nmethod 5826 0x000001e788c5fd90 code [0x000001e788c5ff40, 0x000001e788c60138]
Event: 23.831 Thread 0x000001e79b1cdb60 5827       3       java.lang.String::matches (6 bytes)
Event: 23.831 Thread 0x000001e79b1cdb60 nmethod 5827 0x000001e788cbad90 code [0x000001e788cbaf60, 0x000001e788cbb2a8]
Event: 23.831 Thread 0x000001e79b1cdb60 5828       3       java.util.regex.Pattern::matches (16 bytes)
Event: 23.831 Thread 0x000001e79b1cdb60 nmethod 5828 0x000001e788cba790 code [0x000001e788cba960, 0x000001e788cbac48]
Event: 24.007 Thread 0x000001e79b1cdb60 5829       3       org.eclipse.jdt.ls.core.internal.JobHelpers$BuildJobMatcher::matches (41 bytes)
Event: 24.007 Thread 0x000001e79b1cdb60 nmethod 5829 0x000001e789080010 code [0x000001e789080280, 0x000001e789080cf8]
Event: 24.017 Thread 0x000001e79b1cdb60 5830       3       java.util.regex.Pattern::group0 (1097 bytes)

GC Heap History (20 events):
Event: 21.252 GC heap before
{Heap before GC invocations=16 (full 2):
 PSYoungGen      total 25088K, used 24895K [0x00000000eab00000, 0x00000000ec680000, 0x0000000100000000)
  eden space 22016K, 100% used [0x00000000eab00000,0x00000000ec080000,0x00000000ec080000)
  from space 3072K, 93% used [0x00000000ec100000,0x00000000ec3cfc68,0x00000000ec400000)
  to   space 2560K, 0% used [0x00000000ec400000,0x00000000ec400000,0x00000000ec680000)
 ParOldGen       total 68608K, used 15171K [0x00000000c0000000, 0x00000000c4300000, 0x00000000eab00000)
  object space 68608K, 22% used [0x00000000c0000000,0x00000000c0ed0c70,0x00000000c4300000)
 Metaspace       used 46262K, committed 47232K, reserved 1097728K
  class space    used 5001K, committed 5440K, reserved 1048576K
}
Event: 21.254 GC heap after
{Heap after GC invocations=16 (full 2):
 PSYoungGen      total 24064K, used 1872K [0x00000000eab00000, 0x00000000ec600000, 0x0000000100000000)
  eden space 22016K, 0% used [0x00000000eab00000,0x00000000eab00000,0x00000000ec080000)
  from space 2048K, 91% used [0x00000000ec400000,0x00000000ec5d4030,0x00000000ec600000)
  to   space 2560K, 0% used [0x00000000ec100000,0x00000000ec100000,0x00000000ec380000)
 ParOldGen       total 68608K, used 17968K [0x00000000c0000000, 0x00000000c4300000, 0x00000000eab00000)
  object space 68608K, 26% used [0x00000000c0000000,0x00000000c118c148,0x00000000c4300000)
 Metaspace       used 46262K, committed 47232K, reserved 1097728K
  class space    used 5001K, committed 5440K, reserved 1048576K
}
Event: 21.466 GC heap before
{Heap before GC invocations=17 (full 2):
 PSYoungGen      total 24064K, used 23888K [0x00000000eab00000, 0x00000000ec600000, 0x0000000100000000)
  eden space 22016K, 100% used [0x00000000eab00000,0x00000000ec080000,0x00000000ec080000)
  from space 2048K, 91% used [0x00000000ec400000,0x00000000ec5d4030,0x00000000ec600000)
  to   space 2560K, 0% used [0x00000000ec100000,0x00000000ec100000,0x00000000ec380000)
 ParOldGen       total 68608K, used 17968K [0x00000000c0000000, 0x00000000c4300000, 0x00000000eab00000)
  object space 68608K, 26% used [0x00000000c0000000,0x00000000c118c148,0x00000000c4300000)
 Metaspace       used 46451K, committed 47360K, reserved 1097728K
  class space    used 5021K, committed 5440K, reserved 1048576K
}
Event: 21.468 GC heap after
{Heap after GC invocations=17 (full 2):
 PSYoungGen      total 24064K, used 1888K [0x00000000eab00000, 0x00000000ec480000, 0x0000000100000000)
  eden space 22016K, 0% used [0x00000000eab00000,0x00000000eab00000,0x00000000ec080000)
  from space 2048K, 92% used [0x00000000ec100000,0x00000000ec2d8010,0x00000000ec300000)
  to   space 1536K, 0% used [0x00000000ec300000,0x00000000ec300000,0x00000000ec480000)
 ParOldGen       total 68608K, used 19656K [0x00000000c0000000, 0x00000000c4300000, 0x00000000eab00000)
  object space 68608K, 28% used [0x00000000c0000000,0x00000000c1332188,0x00000000c4300000)
 Metaspace       used 46451K, committed 47360K, reserved 1097728K
  class space    used 5021K, committed 5440K, reserved 1048576K
}
Event: 21.568 GC heap before
{Heap before GC invocations=18 (full 2):
 PSYoungGen      total 24064K, used 23904K [0x00000000eab00000, 0x00000000ec480000, 0x0000000100000000)
  eden space 22016K, 100% used [0x00000000eab00000,0x00000000ec080000,0x00000000ec080000)
  from space 2048K, 92% used [0x00000000ec100000,0x00000000ec2d8010,0x00000000ec300000)
  to   space 1536K, 0% used [0x00000000ec300000,0x00000000ec300000,0x00000000ec480000)
 ParOldGen       total 68608K, used 19656K [0x00000000c0000000, 0x00000000c4300000, 0x00000000eab00000)
  object space 68608K, 28% used [0x00000000c0000000,0x00000000c1332188,0x00000000c4300000)
 Metaspace       used 46520K, committed 47424K, reserved 1097728K
  class space    used 5032K, committed 5440K, reserved 1048576K
}
Event: 21.570 GC heap after
{Heap after GC invocations=18 (full 2):
 PSYoungGen      total 21504K, used 1504K [0x00000000eab00000, 0x00000000ec980000, 0x0000000100000000)
  eden space 19968K, 0% used [0x00000000eab00000,0x00000000eab00000,0x00000000ebe80000)
  from space 1536K, 97% used [0x00000000ec300000,0x00000000ec478020,0x00000000ec480000)
  to   space 4608K, 0% used [0x00000000ebe80000,0x00000000ebe80000,0x00000000ec300000)
 ParOldGen       total 68608K, used 22233K [0x00000000c0000000, 0x00000000c4300000, 0x00000000eab00000)
  object space 68608K, 32% used [0x00000000c0000000,0x00000000c15b64f0,0x00000000c4300000)
 Metaspace       used 46520K, committed 47424K, reserved 1097728K
  class space    used 5032K, committed 5440K, reserved 1048576K
}
Event: 21.596 GC heap before
{Heap before GC invocations=19 (full 2):
 PSYoungGen      total 21504K, used 21472K [0x00000000eab00000, 0x00000000ec980000, 0x0000000100000000)
  eden space 19968K, 100% used [0x00000000eab00000,0x00000000ebe80000,0x00000000ebe80000)
  from space 1536K, 97% used [0x00000000ec300000,0x00000000ec478020,0x00000000ec480000)
  to   space 4608K, 0% used [0x00000000ebe80000,0x00000000ebe80000,0x00000000ec300000)
 ParOldGen       total 68608K, used 22233K [0x00000000c0000000, 0x00000000c4300000, 0x00000000eab00000)
  object space 68608K, 32% used [0x00000000c0000000,0x00000000c15b64f0,0x00000000c4300000)
 Metaspace       used 46520K, committed 47424K, reserved 1097728K
  class space    used 5032K, committed 5440K, reserved 1048576K
}
Event: 21.598 GC heap after
{Heap after GC invocations=19 (full 2):
 PSYoungGen      total 22016K, used 1824K [0x00000000eab00000, 0x00000000ec480000, 0x0000000100000000)
  eden space 19968K, 0% used [0x00000000eab00000,0x00000000eab00000,0x00000000ebe80000)
  from space 2048K, 89% used [0x00000000ebe80000,0x00000000ec048000,0x00000000ec080000)
  to   space 3072K, 0% used [0x00000000ec180000,0x00000000ec180000,0x00000000ec480000)
 ParOldGen       total 68608K, used 23760K [0x00000000c0000000, 0x00000000c4300000, 0x00000000eab00000)
  object space 68608K, 34% used [0x00000000c0000000,0x00000000c17342c8,0x00000000c4300000)
 Metaspace       used 46520K, committed 47424K, reserved 1097728K
  class space    used 5032K, committed 5440K, reserved 1048576K
}
Event: 21.622 GC heap before
{Heap before GC invocations=20 (full 2):
 PSYoungGen      total 22016K, used 21792K [0x00000000eab00000, 0x00000000ec480000, 0x0000000100000000)
  eden space 19968K, 100% used [0x00000000eab00000,0x00000000ebe80000,0x00000000ebe80000)
  from space 2048K, 89% used [0x00000000ebe80000,0x00000000ec048000,0x00000000ec080000)
  to   space 3072K, 0% used [0x00000000ec180000,0x00000000ec180000,0x00000000ec480000)
 ParOldGen       total 68608K, used 23760K [0x00000000c0000000, 0x00000000c4300000, 0x00000000eab00000)
  object space 68608K, 34% used [0x00000000c0000000,0x00000000c17342c8,0x00000000c4300000)
 Metaspace       used 46520K, committed 47424K, reserved 1097728K
  class space    used 5032K, committed 5440K, reserved 1048576K
}
Event: 21.625 GC heap after
{Heap after GC invocations=20 (full 2):
 PSYoungGen      total 22016K, used 1984K [0x00000000eab00000, 0x00000000ec380000, 0x0000000100000000)
  eden space 19968K, 0% used [0x00000000eab00000,0x00000000eab00000,0x00000000ebe80000)
  from space 2048K, 96% used [0x00000000ec180000,0x00000000ec370000,0x00000000ec380000)
  to   space 2560K, 0% used [0x00000000ebe80000,0x00000000ebe80000,0x00000000ec100000)
 ParOldGen       total 68608K, used 25480K [0x00000000c0000000, 0x00000000c4300000, 0x00000000eab00000)
  object space 68608K, 37% used [0x00000000c0000000,0x00000000c18e22c8,0x00000000c4300000)
 Metaspace       used 46520K, committed 47424K, reserved 1097728K
  class space    used 5032K, committed 5440K, reserved 1048576K
}
Event: 21.690 GC heap before
{Heap before GC invocations=21 (full 2):
 PSYoungGen      total 22016K, used 21952K [0x00000000eab00000, 0x00000000ec380000, 0x0000000100000000)
  eden space 19968K, 100% used [0x00000000eab00000,0x00000000ebe80000,0x00000000ebe80000)
  from space 2048K, 96% used [0x00000000ec180000,0x00000000ec370000,0x00000000ec380000)
  to   space 2560K, 0% used [0x00000000ebe80000,0x00000000ebe80000,0x00000000ec100000)
 ParOldGen       total 68608K, used 25480K [0x00000000c0000000, 0x00000000c4300000, 0x00000000eab00000)
  object space 68608K, 37% used [0x00000000c0000000,0x00000000c18e22c8,0x00000000c4300000)
 Metaspace       used 46520K, committed 47424K, reserved 1097728K
  class space    used 5032K, committed 5440K, reserved 1048576K
}
Event: 21.692 GC heap after
{Heap after GC invocations=21 (full 2):
 PSYoungGen      total 22528K, used 2048K [0x00000000eab00000, 0x00000000ec380000, 0x0000000100000000)
  eden space 19968K, 0% used [0x00000000eab00000,0x00000000eab00000,0x00000000ebe80000)
  from space 2560K, 80% used [0x00000000ebe80000,0x00000000ec080010,0x00000000ec100000)
  to   space 2560K, 0% used [0x00000000ec100000,0x00000000ec100000,0x00000000ec380000)
 ParOldGen       total 68608K, used 27312K [0x00000000c0000000, 0x00000000c4300000, 0x00000000eab00000)
  object space 68608K, 39% used [0x00000000c0000000,0x00000000c1aac2c8,0x00000000c4300000)
 Metaspace       used 46520K, committed 47424K, reserved 1097728K
  class space    used 5032K, committed 5440K, reserved 1048576K
}
Event: 21.826 GC heap before
{Heap before GC invocations=22 (full 2):
 PSYoungGen      total 22528K, used 22016K [0x00000000eab00000, 0x00000000ec380000, 0x0000000100000000)
  eden space 19968K, 100% used [0x00000000eab00000,0x00000000ebe80000,0x00000000ebe80000)
  from space 2560K, 80% used [0x00000000ebe80000,0x00000000ec080010,0x00000000ec100000)
  to   space 2560K, 0% used [0x00000000ec100000,0x00000000ec100000,0x00000000ec380000)
 ParOldGen       total 68608K, used 27312K [0x00000000c0000000, 0x00000000c4300000, 0x00000000eab00000)
  object space 68608K, 39% used [0x00000000c0000000,0x00000000c1aac2c8,0x00000000c4300000)
 Metaspace       used 46875K, committed 47744K, reserved 1097728K
  class space    used 5057K, committed 5440K, reserved 1048576K
}
Event: 21.829 GC heap after
{Heap after GC invocations=22 (full 2):
 PSYoungGen      total 22528K, used 2192K [0x00000000eab00000, 0x00000000ec380000, 0x0000000100000000)
  eden space 19968K, 0% used [0x00000000eab00000,0x00000000eab00000,0x00000000ebe80000)
  from space 2560K, 85% used [0x00000000ec100000,0x00000000ec324010,0x00000000ec380000)
  to   space 2560K, 0% used [0x00000000ebe80000,0x00000000ebe80000,0x00000000ec100000)
 ParOldGen       total 68608K, used 29256K [0x00000000c0000000, 0x00000000c4300000, 0x00000000eab00000)
  object space 68608K, 42% used [0x00000000c0000000,0x00000000c1c922d8,0x00000000c4300000)
 Metaspace       used 46875K, committed 47744K, reserved 1097728K
  class space    used 5057K, committed 5440K, reserved 1048576K
}
Event: 22.624 GC heap before
{Heap before GC invocations=23 (full 2):
 PSYoungGen      total 22528K, used 22129K [0x00000000eab00000, 0x00000000ec380000, 0x0000000100000000)
  eden space 19968K, 99% used [0x00000000eab00000,0x00000000ebe784a8,0x00000000ebe80000)
  from space 2560K, 85% used [0x00000000ec100000,0x00000000ec324010,0x00000000ec380000)
  to   space 2560K, 0% used [0x00000000ebe80000,0x00000000ebe80000,0x00000000ec100000)
 ParOldGen       total 68608K, used 29256K [0x00000000c0000000, 0x00000000c4300000, 0x00000000eab00000)
  object space 68608K, 42% used [0x00000000c0000000,0x00000000c1c922d8,0x00000000c4300000)
 Metaspace       used 47975K, committed 48896K, reserved 1097728K
  class space    used 5172K, committed 5568K, reserved 1048576K
}
Event: 22.627 GC heap after
{Heap after GC invocations=23 (full 2):
 PSYoungGen      total 21504K, used 1088K [0x00000000eab00000, 0x00000000ec180000, 0x0000000100000000)
  eden space 19968K, 0% used [0x00000000eab00000,0x00000000eab00000,0x00000000ebe80000)
  from space 1536K, 70% used [0x00000000ebe80000,0x00000000ebf90000,0x00000000ec000000)
  to   space 1536K, 0% used [0x00000000ec000000,0x00000000ec000000,0x00000000ec180000)
 ParOldGen       total 68608K, used 31222K [0x00000000c0000000, 0x00000000c4300000, 0x00000000eab00000)
  object space 68608K, 45% used [0x00000000c0000000,0x00000000c1e7db58,0x00000000c4300000)
 Metaspace       used 47975K, committed 48896K, reserved 1097728K
  class space    used 5172K, committed 5568K, reserved 1048576K
}
Event: 23.200 GC heap before
{Heap before GC invocations=24 (full 2):
 PSYoungGen      total 21504K, used 21056K [0x00000000eab00000, 0x00000000ec180000, 0x0000000100000000)
  eden space 19968K, 100% used [0x00000000eab00000,0x00000000ebe80000,0x00000000ebe80000)
  from space 1536K, 70% used [0x00000000ebe80000,0x00000000ebf90000,0x00000000ec000000)
  to   space 1536K, 0% used [0x00000000ec000000,0x00000000ec000000,0x00000000ec180000)
 ParOldGen       total 68608K, used 31222K [0x00000000c0000000, 0x00000000c4300000, 0x00000000eab00000)
  object space 68608K, 45% used [0x00000000c0000000,0x00000000c1e7db58,0x00000000c4300000)
 Metaspace       used 50041K, committed 50944K, reserved 1097728K
  class space    used 5426K, committed 5824K, reserved 1048576K
}
Event: 23.201 GC heap after
{Heap after GC invocations=24 (full 2):
 PSYoungGen      total 20992K, used 726K [0x00000000eab00000, 0x00000000ec100000, 0x0000000100000000)
  eden space 19968K, 0% used [0x00000000eab00000,0x00000000eab00000,0x00000000ebe80000)
  from space 1024K, 70% used [0x00000000ec000000,0x00000000ec0b5a20,0x00000000ec100000)
  to   space 1024K, 0% used [0x00000000ebf00000,0x00000000ebf00000,0x00000000ec000000)
 ParOldGen       total 68608K, used 32247K [0x00000000c0000000, 0x00000000c4300000, 0x00000000eab00000)
  object space 68608K, 47% used [0x00000000c0000000,0x00000000c1f7ddc8,0x00000000c4300000)
 Metaspace       used 50041K, committed 50944K, reserved 1097728K
  class space    used 5426K, committed 5824K, reserved 1048576K
}
Event: 23.484 GC heap before
{Heap before GC invocations=25 (full 2):
 PSYoungGen      total 20992K, used 20694K [0x00000000eab00000, 0x00000000ec100000, 0x0000000100000000)
  eden space 19968K, 100% used [0x00000000eab00000,0x00000000ebe80000,0x00000000ebe80000)
  from space 1024K, 70% used [0x00000000ec000000,0x00000000ec0b5a20,0x00000000ec100000)
  to   space 1024K, 0% used [0x00000000ebf00000,0x00000000ebf00000,0x00000000ec000000)
 ParOldGen       total 68608K, used 32247K [0x00000000c0000000, 0x00000000c4300000, 0x00000000eab00000)
  object space 68608K, 47% used [0x00000000c0000000,0x00000000c1f7ddc8,0x00000000c4300000)
 Metaspace       used 50695K, committed 51584K, reserved 1097728K
  class space    used 5491K, committed 5888K, reserved 1048576K
}
Event: 23.486 GC heap after
{Heap after GC invocations=25 (full 2):
 PSYoungGen      total 20992K, used 995K [0x00000000eab00000, 0x00000000ec380000, 0x0000000100000000)
  eden space 19968K, 0% used [0x00000000eab00000,0x00000000eab00000,0x00000000ebe80000)
  from space 1024K, 97% used [0x00000000ebf00000,0x00000000ebff8e00,0x00000000ec000000)
  to   space 2560K, 0% used [0x00000000ec100000,0x00000000ec100000,0x00000000ec380000)
 ParOldGen       total 68608K, used 33149K [0x00000000c0000000, 0x00000000c4300000, 0x00000000eab00000)
  object space 68608K, 48% used [0x00000000c0000000,0x00000000c205f760,0x00000000c4300000)
 Metaspace       used 50695K, committed 51584K, reserved 1097728K
  class space    used 5491K, committed 5888K, reserved 1048576K
}

Deoptimization events (20 events):
Event: 23.422 Thread 0x000001e79c2bd3d0 Uncommon trap: trap_request=0xffffffde fr.pc=0x000001e79005dec0 relative=0x0000000000008100
Event: 23.422 Thread 0x000001e79c2bd3d0 Uncommon trap: reason=class_check action=maybe_recompile pc=0x000001e79005dec0 method=lombok.patcher.PatchScript$MethodPatcher.visitMethod(ILjava/lang/String;Ljava/lang/String;Ljava/lang/String;[Ljava/lang/String;)Lorg/objectweb/asm/MethodVisitor; @ 101 c
Event: 23.422 Thread 0x000001e79c2bd3d0 DEOPT PACKING pc=0x000001e79005dec0 sp=0x0000009b77bf8d90
Event: 23.422 Thread 0x000001e79c2bd3d0 DEOPT UNPACKING pc=0x000001e7884a5923 sp=0x0000009b77bf8d18 mode 2
Event: 23.422 Thread 0x000001e79c2bd3d0 Uncommon trap: trap_request=0xffffffde fr.pc=0x000001e79005dec0 relative=0x0000000000008100
Event: 23.422 Thread 0x000001e79c2bd3d0 Uncommon trap: reason=class_check action=maybe_recompile pc=0x000001e79005dec0 method=lombok.patcher.PatchScript$MethodPatcher.visitMethod(ILjava/lang/String;Ljava/lang/String;Ljava/lang/String;[Ljava/lang/String;)Lorg/objectweb/asm/MethodVisitor; @ 101 c
Event: 23.422 Thread 0x000001e79c2bd3d0 DEOPT PACKING pc=0x000001e79005dec0 sp=0x0000009b77bf8d90
Event: 23.422 Thread 0x000001e79c2bd3d0 DEOPT UNPACKING pc=0x000001e7884a5923 sp=0x0000009b77bf8d18 mode 2
Event: 23.463 Thread 0x000001e79c2bd3d0 DEOPT PACKING pc=0x000001e788fd8d4b sp=0x0000009b77bf8f00
Event: 23.463 Thread 0x000001e79c2bd3d0 DEOPT UNPACKING pc=0x000001e7884a6463 sp=0x0000009b77bf8400 mode 0
Event: 23.468 Thread 0x000001e79c2bd3d0 DEOPT PACKING pc=0x000001e788fd8d4b sp=0x0000009b77bf8f00
Event: 23.468 Thread 0x000001e79c2bd3d0 DEOPT UNPACKING pc=0x000001e7884a6463 sp=0x0000009b77bf8400 mode 0
Event: 23.492 Thread 0x000001e79c2bd3d0 Uncommon trap: trap_request=0xffffff45 fr.pc=0x000001e790019568 relative=0x0000000000000348
Event: 23.492 Thread 0x000001e79c2bd3d0 Uncommon trap: reason=unstable_if action=reinterpret pc=0x000001e790019568 method=org.objectweb.asm.MethodWriter.computeMethodInfoSize()I @ 228 c2
Event: 23.493 Thread 0x000001e79c2bd3d0 DEOPT PACKING pc=0x000001e790019568 sp=0x0000009b77bf8fc0
Event: 23.493 Thread 0x000001e79c2bd3d0 DEOPT UNPACKING pc=0x000001e7884a5923 sp=0x0000009b77bf8f60 mode 2
Event: 23.493 Thread 0x000001e79c2bd3d0 Uncommon trap: trap_request=0xffffff45 fr.pc=0x000001e79008e1a4 relative=0x0000000000000ec4
Event: 23.493 Thread 0x000001e79c2bd3d0 Uncommon trap: reason=unstable_if action=reinterpret pc=0x000001e79008e1a4 method=org.objectweb.asm.MethodWriter.putMethodInfo(Lorg/objectweb/asm/ByteVector;)V @ 374 c2
Event: 23.493 Thread 0x000001e79c2bd3d0 DEOPT PACKING pc=0x000001e79008e1a4 sp=0x0000009b77bf8f80
Event: 23.493 Thread 0x000001e79c2bd3d0 DEOPT UNPACKING pc=0x000001e7884a5923 sp=0x0000009b77bf8f38 mode 2

Classes unloaded (7 events):
Event: 4.367 Thread 0x000001e79b120c20 Unloading class 0x000000010020d800 'java/lang/invoke/LambdaForm$MH+0x000000010020d800'
Event: 4.368 Thread 0x000001e79b120c20 Unloading class 0x000000010020d400 'java/lang/invoke/LambdaForm$MH+0x000000010020d400'
Event: 4.368 Thread 0x000001e79b120c20 Unloading class 0x000000010020d000 'java/lang/invoke/LambdaForm$MH+0x000000010020d000'
Event: 4.368 Thread 0x000001e79b120c20 Unloading class 0x000000010020cc00 'java/lang/invoke/LambdaForm$MH+0x000000010020cc00'
Event: 4.368 Thread 0x000001e79b120c20 Unloading class 0x000000010020c400 'java/lang/invoke/LambdaForm$BMH+0x000000010020c400'
Event: 4.368 Thread 0x000001e79b120c20 Unloading class 0x000000010020c000 'java/lang/invoke/LambdaForm$DMH+0x000000010020c000'
Event: 4.368 Thread 0x000001e79b120c20 Unloading class 0x0000000100208800 'java/lang/invoke/LambdaForm$DMH+0x0000000100208800'

Classes redefined (0 events):
No events

Internal exceptions (20 events):
Event: 21.787 Thread 0x000001e79c2bd8a0 Exception <a 'sun/nio/fs/WindowsException'{0x00000000eb96e788}> (0x00000000eb96e788) 
thrown [s\src\hotspot\share\prims\jni.cpp, line 516]
Event: 21.787 Thread 0x000001e79c2bd8a0 Exception <a 'sun/nio/fs/WindowsException'{0x00000000eb96eeb8}> (0x00000000eb96eeb8) 
thrown [s\src\hotspot\share\prims\jni.cpp, line 516]
Event: 21.788 Thread 0x000001e79c2bd8a0 Exception <a 'sun/nio/fs/WindowsException'{0x00000000eb9744f8}> (0x00000000eb9744f8) 
thrown [s\src\hotspot\share\prims\jni.cpp, line 516]
Event: 21.788 Thread 0x000001e79c2bd8a0 Exception <a 'sun/nio/fs/WindowsException'{0x00000000eb974c48}> (0x00000000eb974c48) 
thrown [s\src\hotspot\share\prims\jni.cpp, line 516]
Event: 21.788 Thread 0x000001e79c2bd8a0 Exception <a 'sun/nio/fs/WindowsException'{0x00000000eb9753a0}> (0x00000000eb9753a0) 
thrown [s\src\hotspot\share\prims\jni.cpp, line 516]
Event: 21.788 Thread 0x000001e79c2bd8a0 Exception <a 'sun/nio/fs/WindowsException'{0x00000000eb975b08}> (0x00000000eb975b08) 
thrown [s\src\hotspot\share\prims\jni.cpp, line 516]
Event: 22.076 Thread 0x000001e79c2bd8a0 Exception <a 'java/io/FileNotFoundException'{0x00000000eb2e8300}> (0x00000000eb2e8300) 
thrown [s\src\hotspot\share\prims\jni.cpp, line 516]
Event: 22.217 Thread 0x000001e79c2bd8a0 Exception <a 'java/lang/NoSuchMethodError'{0x00000000eb58a488}: 'java.lang.Object java.lang.invoke.DirectMethodHandle$Holder.newInvokeSpecial(java.lang.Object, java.lang.Object, java.lang.Object, int, java.lang.Object)'> (0x00000000eb58a488) 
thrown [s\src\hotspot\share\interpreter\linkResolver.cpp, line 759]
Event: 22.217 Thread 0x000001e79c2bd8a0 Exception <a 'java/lang/NoSuchMethodError'{0x00000000eb58e638}: 'java.lang.Object java.lang.invoke.DirectMethodHandle$Holder.invokeSpecial(java.lang.Object, java.lang.Object, java.lang.Object, java.lang.Object, int, java.lang.Object)'> (0x00000000eb58e638) 
thrown [s\src\hotspot\share\interpreter\linkResolver.cpp, line 759]
Event: 22.227 Thread 0x000001e79c2bd8a0 Exception <a 'sun/nio/fs/WindowsException'{0x00000000eb5cf848}> (0x00000000eb5cf848) 
thrown [s\src\hotspot\share\prims\jni.cpp, line 516]
Event: 22.239 Thread 0x000001e79c2bd8a0 Exception <a 'sun/nio/fs/WindowsException'{0x00000000eb5e81c0}> (0x00000000eb5e81c0) 
thrown [s\src\hotspot\share\prims\jni.cpp, line 516]
Event: 22.279 Thread 0x000001e79c2be240 Exception <a 'java/io/FileNotFoundException'{0x00000000eb713318}> (0x00000000eb713318) 
thrown [s\src\hotspot\share\prims\jni.cpp, line 516]
Event: 22.280 Thread 0x000001e79c2be240 Exception <a 'java/io/FileNotFoundException'{0x00000000eb714650}> (0x00000000eb714650) 
thrown [s\src\hotspot\share\prims\jni.cpp, line 516]
Event: 22.291 Thread 0x000001e79c2bd3d0 Exception <a 'sun/nio/fs/WindowsException'{0x00000000eb78b250}> (0x00000000eb78b250) 
thrown [s\src\hotspot\share\prims\jni.cpp, line 516]
Event: 22.299 Thread 0x000001e79c2bd3d0 Exception <a 'sun/nio/fs/WindowsException'{0x00000000eb7ea2e0}> (0x00000000eb7ea2e0) 
thrown [s\src\hotspot\share\prims\jni.cpp, line 516]
Event: 22.306 Thread 0x000001e79c2bd3d0 Exception <a 'java/lang/NoSuchMethodError'{0x00000000eb809c80}: 'java.lang.Object java.lang.invoke.DirectMethodHandle$Holder.invokeStatic(java.lang.Object, java.lang.Object, int, java.lang.Object)'> (0x00000000eb809c80) 
thrown [s\src\hotspot\share\interpreter\linkResolver.cpp, line 759]
Event: 22.307 Thread 0x000001e79c2bd3d0 Exception <a 'java/lang/NoSuchMethodError'{0x00000000eb811f18}: 'java.lang.Object java.lang.invoke.DirectMethodHandle$Holder.newInvokeSpecial(java.lang.Object, java.lang.Object, int)'> (0x00000000eb811f18) 
thrown [s\src\hotspot\share\interpreter\linkResolver.cpp, line 759]
Event: 22.375 Thread 0x000001e79c2bd3d0 Exception <a 'java/lang/NoSuchMethodError'{0x00000000eb9393d8}: 'java.lang.Object java.lang.invoke.DirectMethodHandle$Holder.invokeInterface(java.lang.Object, java.lang.Object, java.lang.Object)'> (0x00000000eb9393d8) 
thrown [s\src\hotspot\share\interpreter\linkResolver.cpp, line 759]
Event: 22.951 Thread 0x000001e79c2bd3d0 Exception <a 'java/io/FileNotFoundException'{0x00000000eb1a2e28}> (0x00000000eb1a2e28) 
thrown [s\src\hotspot\share\prims\jni.cpp, line 516]
Event: 23.007 Thread 0x000001e79c2bd3d0 Implicit null exception at 0x000001e790054348 to 0x000001e790054434

VM Operations (20 events):
Event: 21.907 Executing VM operation: HandshakeAllThreads done
Event: 21.928 Executing VM operation: HandshakeAllThreads
Event: 21.929 Executing VM operation: HandshakeAllThreads done
Event: 21.987 Executing VM operation: HandshakeAllThreads
Event: 21.987 Executing VM operation: HandshakeAllThreads done
Event: 22.125 Executing VM operation: ICBufferFull
Event: 22.125 Executing VM operation: ICBufferFull done
Event: 22.264 Executing VM operation: HandshakeAllThreads
Event: 22.264 Executing VM operation: HandshakeAllThreads done
Event: 22.624 Executing VM operation: ParallelGCFailedAllocation
Event: 22.627 Executing VM operation: ParallelGCFailedAllocation done
Event: 22.899 Executing VM operation: HandshakeAllThreads
Event: 22.899 Executing VM operation: HandshakeAllThreads done
Event: 23.175 Executing VM operation: HandshakeAllThreads
Event: 23.175 Executing VM operation: HandshakeAllThreads done
Event: 23.200 Executing VM operation: ParallelGCFailedAllocation
Event: 23.201 Executing VM operation: ParallelGCFailedAllocation done
Event: 23.480 Executing VM operation: ParallelGCFailedAllocation
Event: 23.487 Executing VM operation: ParallelGCFailedAllocation done
Event: 24.488 Executing VM operation: Cleanup

Events (20 events):
Event: 22.418 loading class java/util/ArrayDeque$DeqSpliterator
Event: 22.418 loading class java/util/ArrayDeque$DeqSpliterator done
Event: 22.630 Thread 0x000001e7a0960ce0 Thread exited: 0x000001e7a0960ce0
Event: 22.916 loading class java/nio/charset/CharacterCodingException
Event: 22.916 loading class java/nio/charset/CharacterCodingException done
Event: 22.916 loading class java/io/SequenceInputStream
Event: 22.917 loading class java/io/SequenceInputStream done
Event: 22.951 Thread 0x000001e7a095e970 Thread exited: 0x000001e7a095e970
Event: 22.959 loading class sun/nio/cs/ThreadLocalCoders
Event: 22.959 loading class sun/nio/cs/ThreadLocalCoders done
Event: 22.959 loading class sun/nio/cs/ThreadLocalCoders$1
Event: 22.960 loading class sun/nio/cs/ThreadLocalCoders$Cache
Event: 22.960 loading class sun/nio/cs/ThreadLocalCoders$Cache done
Event: 22.960 loading class sun/nio/cs/ThreadLocalCoders$1 done
Event: 22.960 loading class sun/nio/cs/ThreadLocalCoders$2
Event: 22.960 loading class sun/nio/cs/ThreadLocalCoders$2 done
Event: 22.987 loading class java/lang/ExceptionInInitializerError
Event: 22.987 loading class java/lang/ExceptionInInitializerError done
Event: 23.463 Thread 0x000001e7a095d530 Thread added: 0x000001e7a095d530
Event: 23.468 Thread 0x000001e7a095df50 Thread added: 0x000001e7a095df50


Dynamic libraries:
0x00007ff7cdaa0000 - 0x00007ff7cdaae000 	c:\Users\LENOVO\.antigravity\extensions\redhat.java-1.12.0-win32-x64\jre\17.0.4.1-win32-x86_64\bin\java.exe
0x00007ff9fe240000 - 0x00007ff9fe4a8000 	C:\WINDOWS\SYSTEM32\ntdll.dll
0x00007ff9fc710000 - 0x00007ff9fc7d9000 	C:\WINDOWS\System32\KERNEL32.DLL
0x00007ff9fabe0000 - 0x00007ff9fafd1000 	C:\WINDOWS\System32\KERNELBASE.dll
0x00007ff9fb2c0000 - 0x00007ff9fb40b000 	C:\WINDOWS\System32\ucrtbase.dll
0x00007ff982a10000 - 0x00007ff982a28000 	c:\Users\LENOVO\.antigravity\extensions\redhat.java-1.12.0-win32-x64\jre\17.0.4.1-win32-x86_64\bin\jli.dll
0x00007ff9fca90000 - 0x00007ff9fcc56000 	C:\WINDOWS\System32\USER32.dll
0x00007ff9fb200000 - 0x00007ff9fb227000 	C:\WINDOWS\System32\win32u.dll
0x00007ff9fc950000 - 0x00007ff9fc97b000 	C:\WINDOWS\System32\GDI32.dll
0x00007ff9fbeb0000 - 0x00007ff9fbfdb000 	C:\WINDOWS\System32\gdi32full.dll
0x00007ff9fbe00000 - 0x00007ff9fbea3000 	C:\WINDOWS\System32\msvcp_win.dll
0x00007ff9829f0000 - 0x00007ff982a09000 	c:\Users\LENOVO\.antigravity\extensions\redhat.java-1.12.0-win32-x64\jre\17.0.4.1-win32-x86_64\bin\VCRUNTIME140.dll
0x00007ff9dc1c0000 - 0x00007ff9dc453000 	C:\WINDOWS\WinSxS\amd64_microsoft.windows.common-controls_6595b64144ccf1df_6.0.26100.7824_none_3e0870b2e3345462\COMCTL32.dll
0x00007ff9fc7e0000 - 0x00007ff9fc889000 	C:\WINDOWS\System32\msvcrt.dll
0x00007ff9fe140000 - 0x00007ff9fe171000 	C:\WINDOWS\System32\IMM32.DLL
0x00007ff983d00000 - 0x00007ff983d0c000 	c:\Users\LENOVO\.antigravity\extensions\redhat.java-1.12.0-win32-x64\jre\17.0.4.1-win32-x86_64\bin\vcruntime140_1.dll
0x00007ff982950000 - 0x00007ff9829e1000 	c:\Users\LENOVO\.antigravity\extensions\redhat.java-1.12.0-win32-x64\jre\17.0.4.1-win32-x86_64\bin\msvcp140.dll
0x00007ff96c440000 - 0x00007ff96d086000 	c:\Users\LENOVO\.antigravity\extensions\redhat.java-1.12.0-win32-x64\jre\17.0.4.1-win32-x86_64\bin\server\jvm.dll
0x00007ff9fe080000 - 0x00007ff9fe134000 	C:\WINDOWS\System32\ADVAPI32.dll
0x00007ff9fd110000 - 0x00007ff9fd1b6000 	C:\WINDOWS\System32\sechost.dll
0x00007ff9fc5f0000 - 0x00007ff9fc708000 	C:\WINDOWS\System32\RPCRT4.dll
0x00007ff9fc1c0000 - 0x00007ff9fc1c8000 	C:\WINDOWS\System32\PSAPI.DLL
0x00007ff9d2380000 - 0x00007ff9d238a000 	C:\WINDOWS\SYSTEM32\WSOCK32.dll
0x00007ff9f24f0000 - 0x00007ff9f2525000 	C:\WINDOWS\SYSTEM32\WINMM.dll
0x00007ff9fd250000 - 0x00007ff9fd2c4000 	C:\WINDOWS\System32\WS2_32.dll
0x00007ff9ecd90000 - 0x00007ff9ecd9b000 	C:\WINDOWS\SYSTEM32\VERSION.dll
0x00007ff9f98c0000 - 0x00007ff9f98db000 	C:\WINDOWS\SYSTEM32\kernel.appcore.dll
0x00007ff982940000 - 0x00007ff98294a000 	c:\Users\LENOVO\.antigravity\extensions\redhat.java-1.12.0-win32-x64\jre\17.0.4.1-win32-x86_64\bin\jimage.dll
0x00007ff9f80a0000 - 0x00007ff9f82e2000 	C:\WINDOWS\SYSTEM32\DBGHELP.DLL
0x00007ff9fdcf0000 - 0x00007ff9fe076000 	C:\WINDOWS\System32\combase.dll
0x00007ff9fc9b0000 - 0x00007ff9fca87000 	C:\WINDOWS\System32\OLEAUT32.dll
0x00007ff9d8c10000 - 0x00007ff9d8c4b000 	C:\WINDOWS\SYSTEM32\dbgcore.DLL
0x00007ff9fafe0000 - 0x00007ff9fb085000 	C:\WINDOWS\System32\bcryptPrimitives.dll
0x00007ff982810000 - 0x00007ff98281e000 	c:\Users\LENOVO\.antigravity\extensions\redhat.java-1.12.0-win32-x64\jre\17.0.4.1-win32-x86_64\bin\instrument.dll
0x00007ff9827b0000 - 0x00007ff9827d5000 	c:\Users\LENOVO\.antigravity\extensions\redhat.java-1.12.0-win32-x64\jre\17.0.4.1-win32-x86_64\bin\java.dll
0x00007ff982920000 - 0x00007ff982938000 	c:\Users\LENOVO\.antigravity\extensions\redhat.java-1.12.0-win32-x64\jre\17.0.4.1-win32-x86_64\bin\zip.dll
0x00007ff9fd590000 - 0x00007ff9fdce2000 	C:\WINDOWS\System32\SHELL32.dll
0x00007ff9fb090000 - 0x00007ff9fb1fa000 	C:\WINDOWS\System32\wintypes.dll
0x00007ff9fb590000 - 0x00007ff9fbdf3000 	C:\WINDOWS\System32\windows.storage.dll
0x00007ff9fc240000 - 0x00007ff9fc336000 	C:\WINDOWS\System32\SHCORE.dll
0x00007ff9fc890000 - 0x00007ff9fc8f7000 	C:\WINDOWS\System32\shlwapi.dll
0x00007ff9faa40000 - 0x00007ff9faa69000 	C:\WINDOWS\SYSTEM32\profapi.dll
0x00007ff982900000 - 0x00007ff982919000 	C:\Users\LENOVO\.antigravity\extensions\redhat.java-1.12.0-win32-x64\jre\17.0.4.1-win32-x86_64\bin\net.dll
0x00007ff9ec7e0000 - 0x00007ff9ec907000 	C:\WINDOWS\SYSTEM32\WINHTTP.dll
0x00007ff9f9e30000 - 0x00007ff9f9e9b000 	C:\WINDOWS\system32\mswsock.dll
0x00007ff9828e0000 - 0x00007ff9828f5000 	C:\Users\LENOVO\.antigravity\extensions\redhat.java-1.12.0-win32-x64\jre\17.0.4.1-win32-x86_64\bin\nio.dll
0x00007ff982830000 - 0x00007ff982840000 	c:\Users\LENOVO\.antigravity\extensions\redhat.java-1.12.0-win32-x64\jre\17.0.4.1-win32-x86_64\bin\verify.dll
0x00007ff96c2d0000 - 0x00007ff96c30e000 	C:\Users\LENOVO\AppData\Roaming\Antigravity\User\globalStorage\redhat.java\1.12.0\config_win\org.eclipse.equinox.launcher\org.eclipse.equinox.launcher.win32.win32.x86_64_1.2.600.v20220720-1916\eclipse_11700.dll
0x00007ff9fd2d0000 - 0x00007ff9fd467000 	C:\WINDOWS\System32\ole32.dll
0x00007ff9fa100000 - 0x00007ff9fa11b000 	C:\WINDOWS\SYSTEM32\CRYPTSP.dll
0x00007ff9f9820000 - 0x00007ff9f9859000 	C:\WINDOWS\system32\rsaenh.dll
0x00007ff9f9ee0000 - 0x00007ff9f9f0b000 	C:\WINDOWS\SYSTEM32\USERENV.dll
0x00007ff9faa10000 - 0x00007ff9faa3a000 	C:\WINDOWS\SYSTEM32\bcrypt.dll
0x00007ff9fa120000 - 0x00007ff9fa12c000 	C:\WINDOWS\SYSTEM32\CRYPTBASE.dll
0x00007ff9f9350000 - 0x00007ff9f9384000 	C:\WINDOWS\SYSTEM32\IPHLPAPI.DLL
0x00007ff9fc1d0000 - 0x00007ff9fc1da000 	C:\WINDOWS\System32\NSI.dll
0x00007ff9f1d60000 - 0x00007ff9f1d7e000 	C:\WINDOWS\SYSTEM32\dhcpcsvc6.DLL
0x00007ff9edd20000 - 0x00007ff9edd43000 	C:\WINDOWS\SYSTEM32\dhcpcsvc.DLL
0x00007ff9f9430000 - 0x00007ff9f955c000 	C:\WINDOWS\SYSTEM32\DNSAPI.dll
0x00007ff9e1e00000 - 0x00007ff9e1e40000 	C:\Users\LENOVO\AppData\Local\Temp\jna--2053026509\jna1778744444376621875.dll

dbghelp: loaded successfully - version: 4.0.5 - missing functions: none
symbol engine: initialized successfully - sym options: 0x614 - pdb path: .;c:\Users\LENOVO\.antigravity\extensions\redhat.java-1.12.0-win32-x64\jre\17.0.4.1-win32-x86_64\bin;C:\WINDOWS\SYSTEM32;C:\WINDOWS\WinSxS\amd64_microsoft.windows.common-controls_6595b64144ccf1df_6.0.26100.7824_none_3e0870b2e3345462;c:\Users\LENOVO\.antigravity\extensions\redhat.java-1.12.0-win32-x64\jre\17.0.4.1-win32-x86_64\bin\server;C:\Users\LENOVO\AppData\Roaming\Antigravity\User\globalStorage\redhat.java\1.12.0\config_win\org.eclipse.equinox.launcher\org.eclipse.equinox.launcher.win32.win32.x86_64_1.2.600.v20220720-1916;C:\Users\LENOVO\AppData\Local\Temp\jna--2053026509

VM Arguments:
jvm_args: --add-modules=ALL-SYSTEM --add-opens=java.base/java.util=ALL-UNNAMED --add-opens=java.base/java.lang=ALL-UNNAMED --add-opens=java.base/sun.nio.fs=ALL-UNNAMED -Declipse.application=org.eclipse.jdt.ls.core.id1 -Dosgi.bundles.defaultStartLevel=4 -Declipse.product=org.eclipse.jdt.ls.core.product -Djava.import.generatesMetadataFilesAtProjectRoot=false -Dfile.encoding=utf8 -XX:+UseParallelGC -XX:GCTimeRatio=4 -XX:AdaptiveSizePolicyWeight=90 -Dsun.zip.disableMemoryMapping=true -Xmx1G -Xms100m -Xlog:disable -javaagent:c:\Users\LENOVO\.antigravity\extensions\redhat.java-1.12.0-win32-x64\lombok\lombok-1.18.24.jar -XX:+HeapDumpOnOutOfMemoryError -XX:HeapDumpPath=c:\Users\LENOVO\AppData\Roaming\Antigravity\User\workspaceStorage\0b3c1e4f8221231f8f615dd7f9827724\redhat.java 
java_command: c:\Users\LENOVO\.antigravity\extensions\redhat.java-1.12.0-win32-x64\server\plugins\org.eclipse.equinox.launcher_1.6.400.v20210924-0641.jar -configuration c:\Users\LENOVO\AppData\Roaming\Antigravity\User\globalStorage\redhat.java\1.12.0\config_win -data c:\Users\LENOVO\AppData\Roaming\Antigravity\User\workspaceStorage\0b3c1e4f8221231f8f615dd7f9827724\redhat.java\jdt_ws
java_class_path (initial): c:\Users\LENOVO\.antigravity\extensions\redhat.java-1.12.0-win32-x64\server\plugins\org.eclipse.equinox.launcher_1.6.400.v20210924-0641.jar
Launcher Type: SUN_STANDARD

[Global flags]
    uintx AdaptiveSizePolicyWeight                 = 90                                        {product} {command line}
     intx CICompilerCount                          = 4                                         {product} {ergonomic}
    uintx GCTimeRatio                              = 4                                         {product} {command line}
     bool HeapDumpOnOutOfMemoryError               = true                                   {manageable} {command line}
    ccstr HeapDumpPath                             = c:\Users\LENOVO\AppData\Roaming\Antigravity\User\workspaceStorage\0b3c1e4f8221231f8f615dd7f9827724\redhat.java         {manageable} {command line}
   size_t InitialHeapSize                          = 104857600                                 {product} {command line}
   size_t MaxHeapSize                              = 1073741824                                {product} {command line}
   size_t MaxNewSize                               = 357564416                                 {product} {ergonomic}
   size_t MinHeapDeltaBytes                        = 524288                                    {product} {ergonomic}
   size_t MinHeapSize                              = 104857600                                 {product} {command line}
   size_t NewSize                                  = 34603008                                  {product} {ergonomic}
    uintx NonNMethodCodeHeapSize                   = 5839372                                {pd product} {ergonomic}
    uintx NonProfiledCodeHeapSize                  = 122909434                              {pd product} {ergonomic}
   size_t OldSize                                  = 70254592                                  {product} {ergonomic}
    uintx ProfiledCodeHeapSize                     = 122909434                              {pd product} {ergonomic}
    uintx ReservedCodeCacheSize                    = 251658240                              {pd product} {ergonomic}
     bool SegmentedCodeCache                       = true                                      {product} {ergonomic}
   size_t SoftMaxHeapSize                          = 1073741824                             {manageable} {ergonomic}
     bool UseCompressedClassPointers               = true                           {product lp64_product} {ergonomic}
     bool UseCompressedOops                        = true                           {product lp64_product} {ergonomic}
     bool UseLargePagesIndividualAllocation        = false                                  {pd product} {ergonomic}
     bool UseParallelGC                            = true                                      {product} {command line}

Logging:
Log output configuration:
 #0: stdout all=off uptime,level,tags
 #1: stderr all=off uptime,level,tags

Environment Variables:
JAVA_HOME=C:\Program Files\Java\jdk-20
PATH=C:\Program Files\MongoDB\Server\8.2\bin;C:\Program Files\Eclipse Adoptium\jdk-17.0.17.10-hotspot\bin;C:\oraclexe\app\oracle\product\11.2.0\server\bin;C:\xampp\php;C:\Program Files\MySQL\MySQL Server 8.0\bin;C:\Python 3.12\Python 3.12.exe;C:\Users\LENOVO\AppData\Local\Programs\Python\Python312\python.exe;C:\Users\LENOVO\Downloads\flutter_windows_3.16.0-stable\flutter\bin;C:\ProgramData\Oracle\Java\javapath;C:\Program Files\Java\jdk-21.0.1\bin;C:\Program Files\Common Files\Oracle\Java\javapath;C:\Program Files\Java\jdk-20\bin;C:\Users\LENOVO\Downloads\sqldeveloper-23.1.0.097.1607-x64\sqldeveloper\sqldeveloper\bin;C:\Users\LENOVO\Downloads\msys2-x86_64-20230318.exe;C:\WINDOWS\system32;C:\WINDOWS;C:\WINDOWS\System32\Wbem;C:\WINDOWS\System32\WindowsPowerShell\v1.0\;C:\WINDOWS\System32\OpenSSH\;C:\Program Files\Git\cmd;C:\Program Files\Git\bin;C:\Program Files\dotnet\;C:\Users\LENOVO\AppData\Local\Android\Sdk\platform-tools;C:\Users\LENOVO\AppData\Local\Android\Sdk\emulator;C:\Users\LENOVO\Downloads\php-8.3.11-nts-Win32-vs16-x64;C:\ProgramData\ComposerSetup\bin;C:\Program Files\nodejs\;C:\Program Files\Microsoft SQL Server\150\Tools\Binn\;C:\Program Files\Docker\Docker\resources\bin;C:\Program Files\Vagrant\bin;C:\Users\LENOVO\scoop\shims;C:\Program Files\MySQL\MySQL Shell 8.0\bin\;C:\Users\LENOVO\AppData\Local\Programs\Python\Launcher\;C:\Python27\python.exe;C:\Users\LENOVO\AppData\Local\Programs\Python\Python311;C:\Users\LENOVO\AppData\Local\Programs\Python\Python311\Scripts\;C:\Python27;C:\Users\LENOVO\AppData\Local\Microsoft\WindowsApps;C:\Program Files\JetBrains\PyCharm Community Edition 2023.1\bin;;C:\Users\LENOVO\AppData\Local\GitHubDesktop\bin;C:\Users\LENOVO\.dotnet\tools;C:\Program Files (x86)\Nmap;C:\Users\LENOVO\AppData\Local\Programs\MiKTeX\miktex\bin\x64\;C:\Users\LENOVO\AppData\Roaming\Composer\vendor\bin;C:\xampp\php;C:\Program Files\JetBrains\IntelliJ IDEA 2024.2.1\bin;;C:\Flex Windows\gcc\bin;C:\Flex Windows\Lex\bin;C:\Flex Windows\bison\bin;C:\Users\L
USERNAME=LENOVO
OS=Windows_NT
PROCESSOR_IDENTIFIER=Intel64 Family 6 Model 140 Stepping 2, GenuineIntel
TMP=C:\Users\LENOVO\AppData\Local\Temp
TEMP=C:\Users\LENOVO\AppData\Local\Temp



---------------  S Y S T E M  ---------------

OS:
 Windows 11 , 64 bit Build 26100 (10.0.26100.7705)
OS uptime: 0 days 0:58 hours
Hyper-V role detected

CPU: total 8 (initial active 8) (4 cores per cpu, 2 threads per core) family 6 model 140 stepping 2 microcode 0x26, cx8, cmov, fxsr, ht, mmx, 3dnowpref, sse, sse2, sse3, ssse3, sse4.1, sse4.2, popcnt, lzcnt, tsc, tscinvbit, avx, avx2, aes, erms, clmul, bmi1, bmi2, adx, avx512f, avx512dq, avx512cd, avx512bw, avx512vl, sha, fma, vzeroupper, avx512_vpopcntdq, avx512_vpclmulqdq, avx512_vaes, avx512_vnni, clflush, clflushopt, clwb, avx512_vbmi2, avx512_vbmi, hv

Memory: 4k page, system-wide physical 16167M (896M free)
TotalPageFile size 21167M (AvailPageFile size 239M)
current process WorkingSet (physical memory assigned to process): 213M, peak: 213M
current process commit charge ("private bytes"): 290M, peak: 291M

vm_info: OpenJDK 64-Bit Server VM (17.0.4.1+1) for windows-amd64 JRE (17.0.4.1+1), built on Aug 17 2022 07:42:43 by "temurin" with MS VC++ 16.7 (VS2019)

END.
