#
# There is insufficient memory for the Java Runtime Environment to continue.
# Native memory allocation (malloc) failed to allocate 2216912 bytes for Chunk::new
# Possible reasons:
#   The system is out of physical RAM or swap space
#   The process is running with CompressedOops enabled, and the Java Heap may be blocking the growth of the native heap
# Possible solutions:
#   Reduce memory load on the system
#   Increase physical memory or swap space
#   Check if swap backing store is full
#   Decrease Java heap size (-Xmx/-Xms)
#   Decrease number of Java threads
#   Decrease Java thread stack sizes (-Xss)
#   Set larger code cache with -XX:ReservedCodeCacheSize=
#   JVM is running with Unscaled Compressed Oops mode in which the Java heap is
#     placed in the first 4GB address space. The Java Heap base address is the
#     maximum limit for the native heap growth. Please use -XX:HeapBaseMinAddress
#     to set the Java Heap base and to place the Java Heap above 4GB virtual address.
# This output file may be truncated or incomplete.
#
#  Out of Memory Error (arena.cpp:189), pid=3468, tid=8448
#
# JRE version: OpenJDK Runtime Environment Temurin-17.0.4.1+1 (17.0.4.1+1) (build 17.0.4.1+1)
# Java VM: OpenJDK 64-Bit Server VM Temurin-17.0.4.1+1 (17.0.4.1+1, mixed mode, tiered, compressed oops, compressed class ptrs, parallel gc, windows-amd64)
# No core dump will be written. Minidumps are not enabled by default on client versions of Windows
#

---------------  S U M M A R Y ------------

Command Line: --add-modules=ALL-SYSTEM --add-opens=java.base/java.util=ALL-UNNAMED --add-opens=java.base/java.lang=ALL-UNNAMED --add-opens=java.base/sun.nio.fs=ALL-UNNAMED -Declipse.application=org.eclipse.jdt.ls.core.id1 -Dosgi.bundles.defaultStartLevel=4 -Declipse.product=org.eclipse.jdt.ls.core.product -Djava.import.generatesMetadataFilesAtProjectRoot=false -Dfile.encoding=utf8 -XX:+UseParallelGC -XX:GCTimeRatio=4 -XX:AdaptiveSizePolicyWeight=90 -Dsun.zip.disableMemoryMapping=true -Xmx1G -Xms100m -Xlog:disable -javaagent:c:\Users\LENOVO\.antigravity\extensions\redhat.java-1.12.0-win32-x64\lombok\lombok-1.18.24.jar -XX:+HeapDumpOnOutOfMemoryError -XX:HeapDumpPath=c:\Users\LENOVO\AppData\Roaming\Antigravity\User\workspaceStorage\0b3c1e4f8221231f8f615dd7f9827724\redhat.java c:\Users\LENOVO\.antigravity\extensions\redhat.java-1.12.0-win32-x64\server\plugins\org.eclipse.equinox.launcher_1.6.400.v20210924-0641.jar -configuration c:\Users\LENOVO\AppData\Roaming\Antigravity\User\globalStorage\redhat.java\1.12.0\config_win -data c:\Users\LENOVO\AppData\Roaming\Antigravity\User\workspaceStorage\0b3c1e4f8221231f8f615dd7f9827724\redhat.java\jdt_ws

Host: 11th Gen Intel(R) Core(TM) i5-11320H @ 3.20GHz, 8 cores, 15G,  Windows 11 , 64 bit Build 26100 (10.0.26100.7705)
Time: Thu Mar  5 02:13:40 2026 Paris, Madrid elapsed time: 11.296397 seconds (0d 0h 0m 11s)

---------------  T H R E A D  ---------------

Current thread (0x000001a42adb44c0):  JavaThread "C2 CompilerThread1" daemon [_thread_in_native, id=8448, stack(0x00000065f6f00000,0x00000065f7000000)]


Current CompileTask:
C2:  11296 3889   !   4       org.eclipse.osgi.internal.loader.classpath.ClasspathManager::defineClass (636 bytes)

Stack: [0x00000065f6f00000,0x00000065f7000000]
Native frames: (J=compiled Java code, j=interpreted, Vv=VM code, C=native code)
V  [jvm.dll+0x67731a]
V  [jvm.dll+0x832284]
V  [jvm.dll+0x833a2e]
V  [jvm.dll+0x834093]
V  [jvm.dll+0x245775]
V  [jvm.dll+0xabd7b]
V  [jvm.dll+0xac30c]
V  [jvm.dll+0x363a97]
V  [jvm.dll+0x1bbf38]
V  [jvm.dll+0x2187d9]
V  [jvm.dll+0x217aa1]
V  [jvm.dll+0x1a3f8d]
V  [jvm.dll+0x227498]
V  [jvm.dll+0x2255e5]
V  [jvm.dll+0x7e7e9b]
V  [jvm.dll+0x7e240a]
V  [jvm.dll+0x6761a5]
C  [ucrtbase.dll+0x37b0]
C  [KERNEL32.DLL+0x2e8d7]
C  [ntdll.dll+0x8c40c]


---------------  P R O C E S S  ---------------

Threads class SMR info:
_java_thread_list=0x000001a42dd807a0, length=28, elements={
0x000001a414166e50, 0x000001a427fee0d0, 0x000001a414229ae0, 0x000001a429aa9020,
0x000001a429aa98e0, 0x000001a429a76c60, 0x000001a429a79530, 0x000001a41422cf10,
0x000001a429ab0040, 0x000001a429ab4050, 0x000001a429acf180, 0x000001a429d58800,
0x000001a42b1b5c80, 0x000001a42bd51c40, 0x000001a42be51b90, 0x000001a42bfdf9f0,
0x000001a42be13020, 0x000001a42bf0f480, 0x000001a42ae08d50, 0x000001a42ae07a10,
0x000001a42adb44c0, 0x000001a42c62eb00, 0x000001a42ae09220, 0x000001a42ae07ee0,
0x000001a42ae096f0, 0x000001a42ae0aa30, 0x000001a42ae09bc0, 0x000001a42ae0a090
}

Java Threads: ( => current thread )
  0x000001a414166e50 JavaThread "main" [_thread_blocked, id=12068, stack(0x00000065f5100000,0x00000065f5200000)]
  0x000001a427fee0d0 JavaThread "Reference Handler" daemon [_thread_blocked, id=19868, stack(0x00000065f5400000,0x00000065f5500000)]
  0x000001a414229ae0 JavaThread "Finalizer" daemon [_thread_blocked, id=19964, stack(0x00000065f5500000,0x00000065f5600000)]
  0x000001a429aa9020 JavaThread "Signal Dispatcher" daemon [_thread_blocked, id=16156, stack(0x00000065f5600000,0x00000065f5700000)]
  0x000001a429aa98e0 JavaThread "Attach Listener" daemon [_thread_blocked, id=3108, stack(0x00000065f5700000,0x00000065f5800000)]
  0x000001a429a76c60 JavaThread "Service Thread" daemon [_thread_blocked, id=7468, stack(0x00000065f5800000,0x00000065f5900000)]
  0x000001a429a79530 JavaThread "Monitor Deflation Thread" daemon [_thread_blocked, id=20640, stack(0x00000065f5900000,0x00000065f5a00000)]
  0x000001a41422cf10 JavaThread "C2 CompilerThread0" daemon [_thread_in_native, id=13580, stack(0x00000065f5a00000,0x00000065f5b00000)]
  0x000001a429ab0040 JavaThread "C1 CompilerThread0" daemon [_thread_in_native, id=20744, stack(0x00000065f5b00000,0x00000065f5c00000)]
  0x000001a429ab4050 JavaThread "Sweeper thread" daemon [_thread_blocked, id=12100, stack(0x00000065f5c00000,0x00000065f5d00000)]
  0x000001a429acf180 JavaThread "Common-Cleaner" daemon [_thread_blocked, id=20656, stack(0x00000065f5d00000,0x00000065f5e00000)]
  0x000001a429d58800 JavaThread "Notification Thread" daemon [_thread_blocked, id=17248, stack(0x00000065f5f00000,0x00000065f6000000)]
  0x000001a42b1b5c80 JavaThread "Active Thread: Equinox Container: a10e8b6b-037e-4f77-9f25-25a3954e6c9a" [_thread_blocked, id=12612, stack(0x00000065f6700000,0x00000065f6800000)]
  0x000001a42bd51c40 JavaThread "Framework Event Dispatcher: Equinox Container: a10e8b6b-037e-4f77-9f25-25a3954e6c9a" daemon [_thread_blocked, id=20936, stack(0x00000065f6800000,0x00000065f6900000)]
  0x000001a42be51b90 JavaThread "Start Level: Equinox Container: a10e8b6b-037e-4f77-9f25-25a3954e6c9a" daemon [_thread_blocked, id=16824, stack(0x00000065f6900000,0x00000065f6a00000)]
  0x000001a42bfdf9f0 JavaThread "SCR Component Actor" daemon [_thread_blocked, id=17412, stack(0x00000065f6a00000,0x00000065f6b00000)]
  0x000001a42be13020 JavaThread "SCR Component Registry" daemon [_thread_blocked, id=18260, stack(0x00000065f6d00000,0x00000065f6e00000)]
  0x000001a42bf0f480 JavaThread "Worker-JM" [_thread_blocked, id=9172, stack(0x00000065f5e00000,0x00000065f5f00000)]
  0x000001a42ae08d50 JavaThread "Worker-0: Repository registry initialization" [_thread_in_Java, id=20816, stack(0x00000065f6100000,0x00000065f6200000)]
  0x000001a42ae07a10 JavaThread "Worker-1" [_thread_blocked, id=3032, stack(0x00000065f6e00000,0x00000065f6f00000)]
=>0x000001a42adb44c0 JavaThread "C2 CompilerThread1" daemon [_thread_in_native, id=8448, stack(0x00000065f6f00000,0x00000065f7000000)]
  0x000001a42c62eb00 JavaThread "C2 CompilerThread2" daemon [_thread_blocked, id=11768, stack(0x00000065f7000000,0x00000065f7100000)]
  0x000001a42ae09220 JavaThread "Java indexing" daemon [_thread_blocked, id=4108, stack(0x00000065f7100000,0x00000065f7200000)]
  0x000001a42ae07ee0 JavaThread "JNA Cleaner" daemon [_thread_blocked, id=21020, stack(0x00000065f7200000,0x00000065f7300000)]
  0x000001a42ae096f0 JavaThread "pool-2-thread-1" [_thread_blocked, id=21352, stack(0x00000065f7500000,0x00000065f7600000)]
  0x000001a42ae0aa30 JavaThread "pool-1-thread-1" [_thread_blocked, id=15704, stack(0x00000065f7600000,0x00000065f7700000)]
  0x000001a42ae09bc0 JavaThread "Worker-2: Initialize Workspace" [_thread_blocked, id=20568, stack(0x00000065f7700000,0x00000065f7800000)]
  0x000001a42ae0a090 JavaThread "Worker-3" [_thread_blocked, id=20972, stack(0x00000065f7800000,0x00000065f7900000)]

Other Threads:
  0x000001a414227bc0 VMThread "VM Thread" [stack: 0x00000065f5300000,0x00000065f5400000] [id=3240]
  0x000001a429d21d40 WatcherThread [stack: 0x00000065f6000000,0x00000065f6100000] [id=19768]
  0x000001a41417d160 GCTaskThread "GC Thread#0" [stack: 0x00000065f5200000,0x00000065f5300000] [id=7264]
  0x000001a42b1ea420 GCTaskThread "GC Thread#1" [stack: 0x00000065f6200000,0x00000065f6300000] [id=19196]
  0x000001a42bcb8d80 GCTaskThread "GC Thread#2" [stack: 0x00000065f6300000,0x00000065f6400000] [id=1804]
  0x000001a42bcb47d0 GCTaskThread "GC Thread#3" [stack: 0x00000065f6400000,0x00000065f6500000] [id=1168]
  0x000001a42bcb4a80 GCTaskThread "GC Thread#4" [stack: 0x00000065f6500000,0x00000065f6600000] [id=6228]
  0x000001a42ac75030 GCTaskThread "GC Thread#5" [stack: 0x00000065f6600000,0x00000065f6700000] [id=21084]
  0x000001a42b18a9e0 GCTaskThread "GC Thread#6" [stack: 0x00000065f6b00000,0x00000065f6c00000] [id=21140]
  0x000001a42b18ac90 GCTaskThread "GC Thread#7" [stack: 0x00000065f6c00000,0x00000065f6d00000] [id=7176]

Threads with active compile tasks:
C2 CompilerThread0    11313 4050   !   4       org.eclipse.osgi.internal.loader.BundleLoader::findClass0 (466 bytes)
C1 CompilerThread0    11313 4088       3       com.google.common.cache.LocalCache$Segment::postReadCleanup (18 bytes)
C2 CompilerThread1    11313 3889   !   4       org.eclipse.osgi.internal.loader.classpath.ClasspathManager::defineClass (636 bytes)
C2 CompilerThread2    11313 4098       4       java.util.concurrent.locks.ReentrantLock::unlock (10 bytes)

VM state: not at safepoint (normal execution)

VM Mutex/Monitor currently owned by a thread: None

Heap address: 0x00000000c0000000, size: 1024 MB, Compressed Oops mode: 32-bit

CDS archive(s) not mapped
Compressed class space mapped at: 0x0000000100000000-0x0000000140000000, reserved size: 1073741824
Narrow klass base: 0x0000000000000000, Narrow klass shift: 3, Narrow klass range: 0x140000000

GC Precious Log:
 CPUs: 8 total, 8 available
 Memory: 16167M
 Large Page Support: Disabled
 NUMA Support: Disabled
 Compressed Oops: Enabled (32-bit)
 Alignments: Space 512K, Generation 512K, Heap 2M
 Heap Min Capacity: 100M
 Heap Initial Capacity: 100M
 Heap Max Capacity: 1G
 Pre-touch: Disabled
 Parallel Workers: 8

Heap:
 PSYoungGen      total 23040K, used 3906K [0x00000000eab00000, 0x00000000ec580000, 0x0000000100000000)
  eden space 22016K, 13% used [0x00000000eab00000,0x00000000eadd0968,0x00000000ec080000)
  from space 1024K, 100% used [0x00000000ec480000,0x00000000ec580000,0x00000000ec580000)
  to   space 1536K, 0% used [0x00000000ec280000,0x00000000ec280000,0x00000000ec400000)
 ParOldGen       total 68608K, used 16078K [0x00000000c0000000, 0x00000000c4300000, 0x00000000eab00000)
  object space 68608K, 23% used [0x00000000c0000000,0x00000000c0fb3878,0x00000000c4300000)
 Metaspace       used 43261K, committed 44096K, reserved 1089536K
  class space    used 4670K, committed 4992K, reserved 1048576K

Card table byte_map: [0x000001a413b10000,0x000001a413d20000] _byte_map_base: 0x000001a413510000

Marking Bits: (ParMarkBitMap*) 0x00007ffd1b802cc0
 Begin Bits: [0x000001a425df0000, 0x000001a426df0000)
 End Bits:   [0x000001a426df0000, 0x000001a427df0000)

Polling page: 0x000001a4120d0000

Metaspace:

Usage:
  Non-class:     37.69 MB used.
      Class:      4.56 MB used.
       Both:     42.25 MB used.

Virtual space:
  Non-class space:       40.00 MB reserved,      38.19 MB ( 95%) committed,  5 nodes.
      Class space:        1.00 GB reserved,       4.88 MB ( <1%) committed,  1 nodes.
             Both:        1.04 GB reserved,      43.06 MB (  4%) committed. 

Chunk freelists:
   Non-Class:  1.02 MB
       Class:  3.12 MB
        Both:  4.14 MB

MaxMetaspaceSize: unlimited
CompressedClassSpaceSize: 1.00 GB
Initial GC threshold: 21.00 MB
Current GC threshold: 58.38 MB
CDS: off
MetaspaceReclaimPolicy: balanced
 - commit_granule_bytes: 65536.
 - commit_granule_words: 8192.
 - virtual_space_node_default_size: 1048576.
 - enlarge_chunks_in_place: 1.
 - new_chunks_are_fully_committed: 0.
 - uncommit_free_chunks: 1.
 - use_allocation_guard: 0.
 - handle_deallocations: 1.


Internal statistics:

num_allocs_failed_limit: 6.
num_arena_births: 530.
num_arena_deaths: 14.
num_vsnodes_births: 6.
num_vsnodes_deaths: 0.
num_space_committed: 689.
num_space_uncommitted: 0.
num_chunks_returned_to_freelist: 20.
num_chunks_taken_from_freelist: 2039.
num_chunk_merges: 10.
num_chunk_splits: 1312.
num_chunks_enlarged: 811.
num_purges: 2.
num_inconsistent_stats: 0.

CodeHeap 'non-profiled nmethods': size=120000Kb used=2155Kb max_used=2155Kb free=117844Kb
 bounds [0x000001a41e8c0000, 0x000001a41eb30000, 0x000001a425df0000]
CodeHeap 'profiled nmethods': size=120000Kb used=8411Kb max_used=8411Kb free=111588Kb
 bounds [0x000001a417390000, 0x000001a417bd0000, 0x000001a41e8c0000]
CodeHeap 'non-nmethods': size=5760Kb used=1275Kb max_used=1330Kb free=4484Kb
 bounds [0x000001a416df0000, 0x000001a417060000, 0x000001a417390000]
 total_blobs=4682 nmethods=4092 adapters=503
 compilation: enabled
              stopped_count=0, restarted_count=0
 full_count=0

Compilation events (20 events):
Event: 10.273 Thread 0x000001a429ab0040 nmethod 4058 0x000001a41ead2c90 code [0x000001a41ead2e20, 0x000001a41ead2ef8]
Event: 10.273 Thread 0x000001a429ab0040 4059       1       java.util.stream.Collectors$CollectorImpl::accumulator (5 bytes)
Event: 10.273 Thread 0x000001a429ab0040 nmethod 4059 0x000001a41ead2f90 code [0x000001a41ead3120, 0x000001a41ead31f8]
Event: 10.273 Thread 0x000001a429ab0040 4060       1       java.util.stream.Collectors$CollectorImpl::combiner (5 bytes)
Event: 10.273 Thread 0x000001a429ab0040 nmethod 4060 0x000001a41ead3290 code [0x000001a41ead3420, 0x000001a41ead34f8]
Event: 10.273 Thread 0x000001a429ab0040 4061       1       java.util.stream.ReduceOps$Box::get (5 bytes)
Event: 10.273 Thread 0x000001a429ab0040 nmethod 4061 0x000001a41ead3590 code [0x000001a41ead3720, 0x000001a41ead37f8]
Event: 10.276 Thread 0x000001a429ab0040 4062       3       com.google.inject.spi.DefaultElementVisitor::visit (6 bytes)
Event: 10.277 Thread 0x000001a429ab0040 nmethod 4062 0x000001a417bb9190 code [0x000001a417bb9340, 0x000001a417bb9508]
Event: 10.321 Thread 0x000001a429ab0040 4063   !   3       org.eclipse.core.internal.jobs.JobListeners::waitAndSendEvents (309 bytes)
Event: 10.323 Thread 0x000001a429ab0040 nmethod 4063 0x000001a417bb9590 code [0x000001a417bb9ae0, 0x000001a417bbc198]
Event: 10.323 Thread 0x000001a429ab0040 4065       3       java.util.regex.Pattern$CharProperty::match (71 bytes)
Event: 10.323 Thread 0x000001a429ab0040 nmethod 4065 0x000001a417bbd210 code [0x000001a417bbd400, 0x000001a417bbd908]
Event: 10.323 Thread 0x000001a429ab0040 4064       3       java.util.concurrent.ConcurrentLinkedQueue::isEmpty (13 bytes)
Event: 10.323 Thread 0x000001a429ab0040 nmethod 4064 0x000001a417bbda90 code [0x000001a417bbdc40, 0x000001a417bbdde8]
Event: 10.337 Thread 0x000001a429ab0040 4066       3       org.eclipse.core.internal.jobs.JobQueue::peek (26 bytes)
Event: 10.337 Thread 0x000001a429ab0040 nmethod 4066 0x000001a417bbde90 code [0x000001a417bbe020, 0x000001a417bbe1b8]
Event: 10.337 Thread 0x000001a429ab0040 4067       3       java.util.regex.Pattern::newSlice (181 bytes)
Event: 10.338 Thread 0x000001a429ab0040 nmethod 4067 0x000001a417bbe290 code [0x000001a417bbe5c0, 0x000001a417bbf8f8]
Event: 10.697 Thread 0x000001a429ab0040 4068       3       java.util.stream.ReduceOps$3ReducingSink::accept (15 bytes)

GC Heap History (20 events):
Event: 2.707 GC heap before
{Heap before GC invocations=5 (full 1):
 PSYoungGen      total 29696K, used 4087K [0x00000000eab00000, 0x00000000ecc00000, 0x0000000100000000)
  eden space 25600K, 0% used [0x00000000eab00000,0x00000000eab00000,0x00000000ec400000)
  from space 4096K, 99% used [0x00000000ec800000,0x00000000ecbfddb0,0x00000000ecc00000)
  to   space 4096K, 0% used [0x00000000ec400000,0x00000000ec400000,0x00000000ec800000)
 ParOldGen       total 68608K, used 4103K [0x00000000c0000000, 0x00000000c4300000, 0x00000000eab00000)
  object space 68608K, 5% used [0x00000000c0000000,0x00000000c0401e60,0x00000000c4300000)
 Metaspace       used 21138K, committed 21504K, reserved 1073152K
  class space    used 2148K, committed 2304K, reserved 1048576K
}
Event: 2.721 GC heap after
{Heap after GC invocations=5 (full 1):
 PSYoungGen      total 29696K, used 0K [0x00000000eab00000, 0x00000000ecc00000, 0x0000000100000000)
  eden space 25600K, 0% used [0x00000000eab00000,0x00000000eab00000,0x00000000ec400000)
  from space 4096K, 0% used [0x00000000ec800000,0x00000000ec800000,0x00000000ecc00000)
  to   space 4096K, 0% used [0x00000000ec400000,0x00000000ec400000,0x00000000ec800000)
 ParOldGen       total 68608K, used 8017K [0x00000000c0000000, 0x00000000c4300000, 0x00000000eab00000)
  object space 68608K, 11% used [0x00000000c0000000,0x00000000c07d4580,0x00000000c4300000)
 Metaspace       used 21125K, committed 21504K, reserved 1073152K
  class space    used 2144K, committed 2304K, reserved 1048576K
}
Event: 8.561 GC heap before
{Heap before GC invocations=6 (full 1):
 PSYoungGen      total 29696K, used 25600K [0x00000000eab00000, 0x00000000ecc00000, 0x0000000100000000)
  eden space 25600K, 100% used [0x00000000eab00000,0x00000000ec400000,0x00000000ec400000)
  from space 4096K, 0% used [0x00000000ec800000,0x00000000ec800000,0x00000000ecc00000)
  to   space 4096K, 0% used [0x00000000ec400000,0x00000000ec400000,0x00000000ec800000)
 ParOldGen       total 68608K, used 8017K [0x00000000c0000000, 0x00000000c4300000, 0x00000000eab00000)
  object space 68608K, 11% used [0x00000000c0000000,0x00000000c07d4580,0x00000000c4300000)
 Metaspace       used 24849K, committed 25472K, reserved 1073152K
  class space    used 2578K, committed 2880K, reserved 1048576K
}
Event: 8.563 GC heap after
{Heap after GC invocations=6 (full 1):
 PSYoungGen      total 27648K, used 2183K [0x00000000eab00000, 0x00000000eca80000, 0x0000000100000000)
  eden space 25088K, 0% used [0x00000000eab00000,0x00000000eab00000,0x00000000ec380000)
  from space 2560K, 85% used [0x00000000ec400000,0x00000000ec621f00,0x00000000ec680000)
  to   space 3584K, 0% used [0x00000000ec700000,0x00000000ec700000,0x00000000eca80000)
 ParOldGen       total 68608K, used 8025K [0x00000000c0000000, 0x00000000c4300000, 0x00000000eab00000)
  object space 68608K, 11% used [0x00000000c0000000,0x00000000c07d6580,0x00000000c4300000)
 Metaspace       used 24849K, committed 25472K, reserved 1073152K
  class space    used 2578K, committed 2880K, reserved 1048576K
}
Event: 8.721 GC heap before
{Heap before GC invocations=7 (full 1):
 PSYoungGen      total 27648K, used 27138K [0x00000000eab00000, 0x00000000eca80000, 0x0000000100000000)
  eden space 25088K, 99% used [0x00000000eab00000,0x00000000ec35e9c8,0x00000000ec380000)
  from space 2560K, 85% used [0x00000000ec400000,0x00000000ec621f00,0x00000000ec680000)
  to   space 3584K, 0% used [0x00000000ec700000,0x00000000ec700000,0x00000000eca80000)
 ParOldGen       total 68608K, used 8025K [0x00000000c0000000, 0x00000000c4300000, 0x00000000eab00000)
  object space 68608K, 11% used [0x00000000c0000000,0x00000000c07d6580,0x00000000c4300000)
 Metaspace       used 28238K, committed 28864K, reserved 1081344K
  class space    used 2825K, committed 3136K, reserved 1048576K
}
Event: 8.722 GC heap after
{Heap after GC invocations=7 (full 1):
 PSYoungGen      total 27136K, used 2552K [0x00000000eab00000, 0x00000000ec980000, 0x0000000100000000)
  eden space 24576K, 0% used [0x00000000eab00000,0x00000000eab00000,0x00000000ec300000)
  from space 2560K, 99% used [0x00000000ec700000,0x00000000ec97e040,0x00000000ec980000)
  to   space 3072K, 0% used [0x00000000ec380000,0x00000000ec380000,0x00000000ec680000)
 ParOldGen       total 68608K, used 8033K [0x00000000c0000000, 0x00000000c4300000, 0x00000000eab00000)
  object space 68608K, 11% used [0x00000000c0000000,0x00000000c07d8580,0x00000000c4300000)
 Metaspace       used 28238K, committed 28864K, reserved 1081344K
  class space    used 2825K, committed 3136K, reserved 1048576K
}
Event: 8.883 GC heap before
{Heap before GC invocations=8 (full 1):
 PSYoungGen      total 27136K, used 27128K [0x00000000eab00000, 0x00000000ec980000, 0x0000000100000000)
  eden space 24576K, 100% used [0x00000000eab00000,0x00000000ec300000,0x00000000ec300000)
  from space 2560K, 99% used [0x00000000ec700000,0x00000000ec97e040,0x00000000ec980000)
  to   space 3072K, 0% used [0x00000000ec380000,0x00000000ec380000,0x00000000ec680000)
 ParOldGen       total 68608K, used 8033K [0x00000000c0000000, 0x00000000c4300000, 0x00000000eab00000)
  object space 68608K, 11% used [0x00000000c0000000,0x00000000c07d8580,0x00000000c4300000)
 Metaspace       used 30759K, committed 31424K, reserved 1081344K
  class space    used 3027K, committed 3328K, reserved 1048576K
}
Event: 8.885 GC heap after
{Heap after GC invocations=8 (full 1):
 PSYoungGen      total 27136K, used 3050K [0x00000000eab00000, 0x00000000ecb80000, 0x0000000100000000)
  eden space 24064K, 0% used [0x00000000eab00000,0x00000000eab00000,0x00000000ec280000)
  from space 3072K, 99% used [0x00000000ec380000,0x00000000ec67ab90,0x00000000ec680000)
  to   space 4608K, 0% used [0x00000000ec700000,0x00000000ec700000,0x00000000ecb80000)
 ParOldGen       total 68608K, used 8881K [0x00000000c0000000, 0x00000000c4300000, 0x00000000eab00000)
  object space 68608K, 12% used [0x00000000c0000000,0x00000000c08ac5d0,0x00000000c4300000)
 Metaspace       used 30759K, committed 31424K, reserved 1081344K
  class space    used 3027K, committed 3328K, reserved 1048576K
}
Event: 9.307 GC heap before
{Heap before GC invocations=9 (full 1):
 PSYoungGen      total 27136K, used 27114K [0x00000000eab00000, 0x00000000ecb80000, 0x0000000100000000)
  eden space 24064K, 100% used [0x00000000eab00000,0x00000000ec280000,0x00000000ec280000)
  from space 3072K, 99% used [0x00000000ec380000,0x00000000ec67ab90,0x00000000ec680000)
  to   space 4608K, 0% used [0x00000000ec700000,0x00000000ec700000,0x00000000ecb80000)
 ParOldGen       total 68608K, used 8881K [0x00000000c0000000, 0x00000000c4300000, 0x00000000eab00000)
  object space 68608K, 12% used [0x00000000c0000000,0x00000000c08ac5d0,0x00000000c4300000)
 Metaspace       used 34986K, committed 35776K, reserved 1081344K
  class space    used 3549K, committed 3904K, reserved 1048576K
}
Event: 9.310 GC heap after
{Heap after GC invocations=9 (full 1):
 PSYoungGen      total 28160K, used 4429K [0x00000000eab00000, 0x00000000ecb80000, 0x0000000100000000)
  eden space 23552K, 0% used [0x00000000eab00000,0x00000000eab00000,0x00000000ec200000)
  from space 4608K, 96% used [0x00000000ec700000,0x00000000ecb53420,0x00000000ecb80000)
  to   space 4608K, 0% used [0x00000000ec280000,0x00000000ec280000,0x00000000ec700000)
 ParOldGen       total 68608K, used 8889K [0x00000000c0000000, 0x00000000c4300000, 0x00000000eab00000)
  object space 68608K, 12% used [0x00000000c0000000,0x00000000c08ae5d0,0x00000000c4300000)
 Metaspace       used 34986K, committed 35776K, reserved 1081344K
  class space    used 3549K, committed 3904K, reserved 1048576K
}
Event: 9.318 GC heap before
{Heap before GC invocations=10 (full 1):
 PSYoungGen      total 28160K, used 5427K [0x00000000eab00000, 0x00000000ecb80000, 0x0000000100000000)
  eden space 23552K, 4% used [0x00000000eab00000,0x00000000eabf9908,0x00000000ec200000)
  from space 4608K, 96% used [0x00000000ec700000,0x00000000ecb53420,0x00000000ecb80000)
  to   space 4608K, 0% used [0x00000000ec280000,0x00000000ec280000,0x00000000ec700000)
 ParOldGen       total 68608K, used 8889K [0x00000000c0000000, 0x00000000c4300000, 0x00000000eab00000)
  object space 68608K, 12% used [0x00000000c0000000,0x00000000c08ae5d0,0x00000000c4300000)
 Metaspace       used 35105K, committed 35840K, reserved 1081344K
  class space    used 3568K, committed 3904K, reserved 1048576K
}
Event: 9.320 GC heap after
{Heap after GC invocations=10 (full 1):
 PSYoungGen      total 26624K, used 2602K [0x00000000eab00000, 0x00000000ec900000, 0x0000000100000000)
  eden space 23552K, 0% used [0x00000000eab00000,0x00000000eab00000,0x00000000ec200000)
  from space 3072K, 84% used [0x00000000ec280000,0x00000000ec50abb8,0x00000000ec580000)
  to   space 3584K, 0% used [0x00000000ec580000,0x00000000ec580000,0x00000000ec900000)
 ParOldGen       total 68608K, used 10730K [0x00000000c0000000, 0x00000000c4300000, 0x00000000eab00000)
  object space 68608K, 15% used [0x00000000c0000000,0x00000000c0a7a8b0,0x00000000c4300000)
 Metaspace       used 35105K, committed 35840K, reserved 1081344K
  class space    used 3568K, committed 3904K, reserved 1048576K
}
Event: 9.320 GC heap before
{Heap before GC invocations=11 (full 2):
 PSYoungGen      total 26624K, used 2602K [0x00000000eab00000, 0x00000000ec900000, 0x0000000100000000)
  eden space 23552K, 0% used [0x00000000eab00000,0x00000000eab00000,0x00000000ec200000)
  from space 3072K, 84% used [0x00000000ec280000,0x00000000ec50abb8,0x00000000ec580000)
  to   space 3584K, 0% used [0x00000000ec580000,0x00000000ec580000,0x00000000ec900000)
 ParOldGen       total 68608K, used 10730K [0x00000000c0000000, 0x00000000c4300000, 0x00000000eab00000)
  object space 68608K, 15% used [0x00000000c0000000,0x00000000c0a7a8b0,0x00000000c4300000)
 Metaspace       used 35105K, committed 35840K, reserved 1081344K
  class space    used 3568K, committed 3904K, reserved 1048576K
}
Event: 9.341 GC heap after
{Heap after GC invocations=11 (full 2):
 PSYoungGen      total 26624K, used 0K [0x00000000eab00000, 0x00000000ec900000, 0x0000000100000000)
  eden space 23552K, 0% used [0x00000000eab00000,0x00000000eab00000,0x00000000ec200000)
  from space 3072K, 0% used [0x00000000ec280000,0x00000000ec280000,0x00000000ec580000)
  to   space 3584K, 0% used [0x00000000ec580000,0x00000000ec580000,0x00000000ec900000)
 ParOldGen       total 68608K, used 12981K [0x00000000c0000000, 0x00000000c4300000, 0x00000000eab00000)
  object space 68608K, 18% used [0x00000000c0000000,0x00000000c0cad580,0x00000000c4300000)
 Metaspace       used 35105K, committed 35840K, reserved 1081344K
  class space    used 3568K, committed 3904K, reserved 1048576K
}
Event: 9.739 GC heap before
{Heap before GC invocations=12 (full 2):
 PSYoungGen      total 26624K, used 23552K [0x00000000eab00000, 0x00000000ec900000, 0x0000000100000000)
  eden space 23552K, 100% used [0x00000000eab00000,0x00000000ec200000,0x00000000ec200000)
  from space 3072K, 0% used [0x00000000ec280000,0x00000000ec280000,0x00000000ec580000)
  to   space 3584K, 0% used [0x00000000ec580000,0x00000000ec580000,0x00000000ec900000)
 ParOldGen       total 68608K, used 12981K [0x00000000c0000000, 0x00000000c4300000, 0x00000000eab00000)
  object space 68608K, 18% used [0x00000000c0000000,0x00000000c0cad580,0x00000000c4300000)
 Metaspace       used 38109K, committed 38976K, reserved 1089536K
  class space    used 3972K, committed 4352K, reserved 1048576K
}
Event: 9.741 GC heap after
{Heap after GC invocations=12 (full 2):
 PSYoungGen      total 26112K, used 2596K [0x00000000eab00000, 0x00000000ec880000, 0x0000000100000000)
  eden space 23040K, 0% used [0x00000000eab00000,0x00000000eab00000,0x00000000ec180000)
  from space 3072K, 84% used [0x00000000ec580000,0x00000000ec809038,0x00000000ec880000)
  to   space 3072K, 0% used [0x00000000ec280000,0x00000000ec280000,0x00000000ec580000)
 ParOldGen       total 68608K, used 12989K [0x00000000c0000000, 0x00000000c4300000, 0x00000000eab00000)
  object space 68608K, 18% used [0x00000000c0000000,0x00000000c0caf580,0x00000000c4300000)
 Metaspace       used 38109K, committed 38976K, reserved 1089536K
  class space    used 3972K, committed 4352K, reserved 1048576K
}
Event: 9.979 GC heap before
{Heap before GC invocations=13 (full 2):
 PSYoungGen      total 26112K, used 25621K [0x00000000eab00000, 0x00000000ec880000, 0x0000000100000000)
  eden space 23040K, 99% used [0x00000000eab00000,0x00000000ec17c540,0x00000000ec180000)
  from space 3072K, 84% used [0x00000000ec580000,0x00000000ec809038,0x00000000ec880000)
  to   space 3072K, 0% used [0x00000000ec280000,0x00000000ec280000,0x00000000ec580000)
 ParOldGen       total 68608K, used 12989K [0x00000000c0000000, 0x00000000c4300000, 0x00000000eab00000)
  object space 68608K, 18% used [0x00000000c0000000,0x00000000c0caf580,0x00000000c4300000)
 Metaspace       used 40200K, committed 41024K, reserved 1089536K
  class space    used 4268K, committed 4608K, reserved 1048576K
}
Event: 9.981 GC heap after
{Heap after GC invocations=13 (full 2):
 PSYoungGen      total 23552K, used 773K [0x00000000eab00000, 0x00000000ec600000, 0x0000000100000000)
  eden space 22528K, 0% used [0x00000000eab00000,0x00000000eab00000,0x00000000ec100000)
  from space 1024K, 75% used [0x00000000ec280000,0x00000000ec341500,0x00000000ec380000)
  to   space 1536K, 0% used [0x00000000ec480000,0x00000000ec480000,0x00000000ec600000)
 ParOldGen       total 68608K, used 15422K [0x00000000c0000000, 0x00000000c4300000, 0x00000000eab00000)
  object space 68608K, 22% used [0x00000000c0000000,0x00000000c0f0f878,0x00000000c4300000)
 Metaspace       used 40200K, committed 41024K, reserved 1089536K
  class space    used 4268K, committed 4608K, reserved 1048576K
}
Event: 10.263 GC heap before
{Heap before GC invocations=14 (full 2):
 PSYoungGen      total 23552K, used 23301K [0x00000000eab00000, 0x00000000ec600000, 0x0000000100000000)
  eden space 22528K, 100% used [0x00000000eab00000,0x00000000ec100000,0x00000000ec100000)
  from space 1024K, 75% used [0x00000000ec280000,0x00000000ec341500,0x00000000ec380000)
  to   space 1536K, 0% used [0x00000000ec480000,0x00000000ec480000,0x00000000ec600000)
 ParOldGen       total 68608K, used 15422K [0x00000000c0000000, 0x00000000c4300000, 0x00000000eab00000)
  object space 68608K, 22% used [0x00000000c0000000,0x00000000c0f0f878,0x00000000c4300000)
 Metaspace       used 42946K, committed 43776K, reserved 1089536K
  class space    used 4624K, committed 4928K, reserved 1048576K
}
Event: 10.264 GC heap after
{Heap after GC invocations=14 (full 2):
 PSYoungGen      total 23040K, used 1024K [0x00000000eab00000, 0x00000000ec580000, 0x0000000100000000)
  eden space 22016K, 0% used [0x00000000eab00000,0x00000000eab00000,0x00000000ec080000)
  from space 1024K, 100% used [0x00000000ec480000,0x00000000ec580000,0x00000000ec580000)
  to   space 1536K, 0% used [0x00000000ec280000,0x00000000ec280000,0x00000000ec400000)
 ParOldGen       total 68608K, used 16078K [0x00000000c0000000, 0x00000000c4300000, 0x00000000eab00000)
  object space 68608K, 23% used [0x00000000c0000000,0x00000000c0fb3878,0x00000000c4300000)
 Metaspace       used 42946K, committed 43776K, reserved 1089536K
  class space    used 4624K, committed 4928K, reserved 1048576K
}

Deoptimization events (20 events):
Event: 9.921 Thread 0x000001a42ae08d50 Uncommon trap: trap_request=0xffffff66 fr.pc=0x000001a41e9de788 relative=0x00000000000000e8
Event: 9.921 Thread 0x000001a42ae08d50 Uncommon trap: reason=speculate_class_check action=maybe_recompile pc=0x000001a41e9de788 method=java.util.regex.Pattern$CharPredicate.lambda$negate$3(I)Z @ 2 c2
Event: 9.921 Thread 0x000001a42ae08d50 DEOPT PACKING pc=0x000001a41e9de788 sp=0x00000065f61fdf40
Event: 9.921 Thread 0x000001a42ae08d50 DEOPT UNPACKING pc=0x000001a416e45923 sp=0x00000065f61fde60 mode 2
Event: 10.025 Thread 0x000001a42ae08d50 Uncommon trap: trap_request=0xffffffde fr.pc=0x000001a41eaa8614 relative=0x0000000000000494
Event: 10.025 Thread 0x000001a42ae08d50 Uncommon trap: reason=class_check action=maybe_recompile pc=0x000001a41eaa8614 method=java.lang.reflect.Executable.declaredAnnotations()Ljava/util/Map; @ 23 c2
Event: 10.025 Thread 0x000001a42ae08d50 DEOPT PACKING pc=0x000001a41eaa8614 sp=0x00000065f61fe150
Event: 10.025 Thread 0x000001a42ae08d50 DEOPT UNPACKING pc=0x000001a416e45923 sp=0x00000065f61fe118 mode 2
Event: 10.025 Thread 0x000001a42ae08d50 Uncommon trap: trap_request=0xffffffde fr.pc=0x000001a41eaa8614 relative=0x0000000000000494
Event: 10.025 Thread 0x000001a42ae08d50 Uncommon trap: reason=class_check action=maybe_recompile pc=0x000001a41eaa8614 method=java.lang.reflect.Executable.declaredAnnotations()Ljava/util/Map; @ 23 c2
Event: 10.025 Thread 0x000001a42ae08d50 DEOPT PACKING pc=0x000001a41eaa8614 sp=0x00000065f61fe0b0
Event: 10.025 Thread 0x000001a42ae08d50 DEOPT UNPACKING pc=0x000001a416e45923 sp=0x00000065f61fe080 mode 2
Event: 10.025 Thread 0x000001a42ae08d50 Uncommon trap: trap_request=0xffffffde fr.pc=0x000001a41eaa8614 relative=0x0000000000000494
Event: 10.025 Thread 0x000001a42ae08d50 Uncommon trap: reason=class_check action=maybe_recompile pc=0x000001a41eaa8614 method=java.lang.reflect.Executable.declaredAnnotations()Ljava/util/Map; @ 23 c2
Event: 10.025 Thread 0x000001a42ae08d50 DEOPT PACKING pc=0x000001a41eaa8614 sp=0x00000065f61fe150
Event: 10.025 Thread 0x000001a42ae08d50 DEOPT UNPACKING pc=0x000001a416e45923 sp=0x00000065f61fe118 mode 2
Event: 10.025 Thread 0x000001a42ae08d50 Uncommon trap: trap_request=0xffffffde fr.pc=0x000001a41eaa8614 relative=0x0000000000000494
Event: 10.025 Thread 0x000001a42ae08d50 Uncommon trap: reason=class_check action=maybe_recompile pc=0x000001a41eaa8614 method=java.lang.reflect.Executable.declaredAnnotations()Ljava/util/Map; @ 23 c2
Event: 10.025 Thread 0x000001a42ae08d50 DEOPT PACKING pc=0x000001a41eaa8614 sp=0x00000065f61fe0b0
Event: 10.025 Thread 0x000001a42ae08d50 DEOPT UNPACKING pc=0x000001a416e45923 sp=0x00000065f61fe080 mode 2

Classes unloaded (7 events):
Event: 2.709 Thread 0x000001a414227bc0 Unloading class 0x000000010020c400 'java/lang/invoke/LambdaForm$MH+0x000000010020c400'
Event: 2.709 Thread 0x000001a414227bc0 Unloading class 0x000000010020c000 'java/lang/invoke/LambdaForm$MH+0x000000010020c000'
Event: 2.709 Thread 0x000001a414227bc0 Unloading class 0x000000010020bc00 'java/lang/invoke/LambdaForm$MH+0x000000010020bc00'
Event: 2.709 Thread 0x000001a414227bc0 Unloading class 0x000000010020b800 'java/lang/invoke/LambdaForm$MH+0x000000010020b800'
Event: 2.709 Thread 0x000001a414227bc0 Unloading class 0x000000010020b000 'java/lang/invoke/LambdaForm$BMH+0x000000010020b000'
Event: 2.709 Thread 0x000001a414227bc0 Unloading class 0x000000010020ac00 'java/lang/invoke/LambdaForm$DMH+0x000000010020ac00'
Event: 2.709 Thread 0x000001a414227bc0 Unloading class 0x0000000100208400 'java/lang/invoke/LambdaForm$DMH+0x0000000100208400'

Classes redefined (0 events):
No events

Internal exceptions (20 events):
Event: 7.467 Thread 0x000001a42be51b90 Exception <a 'java/lang/NoSuchMethodError'{0x00000000ebd3ed18}: 'java.lang.Object java.lang.invoke.DirectMethodHandle$Holder.invokeSpecial(java.lang.Object, java.lang.Object, java.lang.Object, java.lang.Object, java.lang.Object, java.lang.Object, java.lang.Object, java.lang.Object, java.lang.Object, java.lang.Object, java.lang.Object, java.lang.Object, java.lang.Object, java.lang.Object)'> (0x00000000ebd3ed18) 
thrown [s\src\hotspot\share\interpreter\linkResolver.cpp, line 759]
Event: 7.470 Thread 0x000001a42be51b90 Exception <a 'java/lang/NoSuchMethodError'{0x00000000ebd96560}: static Lorg/eclipse/m2e/core/internal/lifecyclemapping/model/PluginExecutionMetadata;.<clinit>()V> (0x00000000ebd96560) 
thrown [s\src\hotspot\share\prims\jni.cpp, line 1107]
Event: 7.472 Thread 0x000001a42be51b90 Exception <a 'java/lang/NoSuchMethodError'{0x00000000ebde82c8}: static Lorg/eclipse/m2e/core/internal/lifecyclemapping/model/PluginExecutionFilter;.<clinit>()V> (0x00000000ebde82c8) 
thrown [s\src\hotspot\share\prims\jni.cpp, line 1107]
Event: 8.523 Thread 0x000001a42ae08d50 Exception <a 'java/io/FileNotFoundException'{0x00000000eaba8df0}> (0x00000000eaba8df0) 
thrown [s\src\hotspot\share\prims\jni.cpp, line 516]
Event: 8.806 Thread 0x000001a42be51b90 Exception <a 'java/lang/ClassNotFoundException'{0x00000000ebd43650}: com/sun/org/apache/xerces/internal/impl/msg/spi/DOMMessagesProvider> (0x00000000ebd43650) 
thrown [s\src\hotspot\share\classfile\systemDictionary.cpp, line 256]
Event: 8.807 Thread 0x000001a42be51b90 Exception <a 'java/lang/ClassNotFoundException'{0x00000000ebd71ec0}: com/sun/org/apache/xerces/internal/impl/msg/spi/XMLSerializerMessagesProvider> (0x00000000ebd71ec0) 
thrown [s\src\hotspot\share\classfile\systemDictionary.cpp, line 256]
Event: 8.808 Thread 0x000001a42be51b90 Exception <a 'java/lang/ClassNotFoundException'{0x00000000ebd8a778}: com/sun/org/apache/xerces/internal/impl/msg/spi/XMLMessagesProvider> (0x00000000ebd8a778) 
thrown [s\src\hotspot\share\classfile\systemDictionary.cpp, line 256]
Event: 8.848 Thread 0x000001a42be51b90 Exception <a 'sun/nio/fs/WindowsException'{0x00000000ec0e9ba8}> (0x00000000ec0e9ba8) 
thrown [s\src\hotspot\share\prims\jni.cpp, line 516]
Event: 8.858 Thread 0x000001a42be51b90 Exception <a 'java/lang/NoSuchMethodError'{0x00000000ec18a490}: 'java.lang.Object java.lang.invoke.DirectMethodHandle$Holder.invokeStaticInit(java.lang.Object, int)'> (0x00000000ec18a490) 
thrown [s\src\hotspot\share\interpreter\linkResolver.cpp, line 759]
Event: 8.889 Thread 0x000001a42be51b90 Exception <a 'java/lang/NoSuchMethodError'{0x00000000eab308e8}: 'java.lang.Object java.lang.invoke.DirectMethodHandle$Holder.invokeStaticInit(java.lang.Object, int, int, int, int)'> (0x00000000eab308e8) 
thrown [s\src\hotspot\share\interpreter\linkResolver.cpp, line 759]
Event: 8.936 Thread 0x000001a42be51b90 Exception <a 'java/lang/NoSuchMethodError'{0x00000000eac2d770}: 'java.lang.Object java.lang.invoke.DirectMethodHandle$Holder.invokeStaticInit(java.lang.Object, java.lang.Object, int, int, int, int)'> (0x00000000eac2d770) 
thrown [s\src\hotspot\share\interpreter\linkResolver.cpp, line 759]
Event: 8.978 Thread 0x000001a42be51b90 Exception <a 'java/lang/ClassNotFoundException'{0x00000000eaf01a60}: com/sun/org/apache/xml/internal/serializer/spi/XMLEntitiesProvider> (0x00000000eaf01a60) 
thrown [s\src\hotspot\share\classfile\systemDictionary.cpp, line 256]
Event: 9.040 Thread 0x000001a42be51b90 Exception <a 'java/io/FileNotFoundException'{0x00000000eb2689f0}> (0x00000000eb2689f0) 
thrown [s\src\hotspot\share\prims\jni.cpp, line 516]
Event: 9.153 Thread 0x000001a42be51b90 Exception <a 'java/lang/UnsatisfiedLinkError'{0x00000000eb59a560}: La procédure spécifiée est introuvable.
> (0x00000000eb59a560) 
thrown [s\src\hotspot\share\prims\jni.cpp, line 535]
Event: 9.156 Thread 0x000001a42be51b90 Exception <a 'java/io/FileNotFoundException'{0x00000000eb5bd438}> (0x00000000eb5bd438) 
thrown [s\src\hotspot\share\prims\jni.cpp, line 516]
Event: 9.172 Thread 0x000001a42be51b90 Exception <a 'java/lang/UnsatisfiedLinkError'{0x00000000eb6cdd00}: La procédure spécifiée est introuvable.
> (0x00000000eb6cdd00) 
thrown [s\src\hotspot\share\prims\jni.cpp, line 535]
Event: 9.235 Thread 0x000001a414166e50 Exception <a 'java/lang/NoSuchMethodError'{0x00000000ebc170a8}: 'void java.lang.invoke.DirectMethodHandle$Holder.invokeStatic(java.lang.Object, java.lang.Object, java.lang.Object, java.lang.Object)'> (0x00000000ebc170a8) 
thrown [s\src\hotspot\share\interpreter\linkResolver.cpp, line 759]
Event: 9.357 Thread 0x000001a414166e50 Exception <a 'java/lang/NoSuchMethodError'{0x00000000eac5b6d0}: 'void java.lang.invoke.DirectMethodHandle$Holder.invokeSpecial(java.lang.Object, java.lang.Object, java.lang.Object, java.lang.Object, java.lang.Object, java.lang.Object)'> (0x00000000eac5b6d0) 
thrown [s\src\hotspot\share\interpreter\linkResolver.cpp, line 759]
Event: 9.454 Thread 0x000001a42ae0aa30 Exception <a 'java/io/FileNotFoundException'{0x00000000eb116258}> (0x00000000eb116258) 
thrown [s\src\hotspot\share\prims\jni.cpp, line 516]
Event: 9.835 Thread 0x000001a42ae08d50 Exception <a 'java/lang/NoClassDefFoundError'{0x00000000eb3331d0}: javax/enterprise/inject/Typed> (0x00000000eb3331d0) 
thrown [s\src\hotspot\share\classfile\systemDictionary.cpp, line 245]

VM Operations (20 events):
Event: 9.310 Executing VM operation: ParallelGCFailedAllocation done
Event: 9.318 Executing VM operation: CollectForMetadataAllocation
Event: 9.341 Executing VM operation: CollectForMetadataAllocation done
Event: 9.445 Executing VM operation: HandshakeAllThreads
Event: 9.445 Executing VM operation: HandshakeAllThreads done
Event: 9.550 Executing VM operation: HandshakeAllThreads
Event: 9.550 Executing VM operation: HandshakeAllThreads done
Event: 9.739 Executing VM operation: ParallelGCFailedAllocation
Event: 9.741 Executing VM operation: ParallelGCFailedAllocation done
Event: 9.826 Executing VM operation: HandshakeAllThreads
Event: 9.826 Executing VM operation: HandshakeAllThreads done
Event: 9.979 Executing VM operation: ParallelGCFailedAllocation
Event: 9.981 Executing VM operation: ParallelGCFailedAllocation done
Event: 10.075 Executing VM operation: HandshakeAllThreads
Event: 10.075 Executing VM operation: HandshakeAllThreads done
Event: 10.160 Executing VM operation: HandshakeAllThreads
Event: 10.160 Executing VM operation: HandshakeAllThreads done
Event: 10.263 Executing VM operation: ParallelGCFailedAllocation
Event: 10.264 Executing VM operation: ParallelGCFailedAllocation done
Event: 11.267 Executing VM operation: Cleanup

Events (20 events):
Event: 9.793 loading class java/util/ServiceConfigurationError
Event: 9.793 loading class java/util/ServiceConfigurationError done
Event: 9.827 loading class java/lang/Short$ShortCache
Event: 9.827 loading class java/lang/Short$ShortCache done
Event: 9.835 loading class java/lang/annotation/IncompleteAnnotationException
Event: 9.835 loading class java/lang/annotation/IncompleteAnnotationException done
Event: 9.851 loading class jdk/internal/access/foreign/MemorySegmentProxy
Event: 9.852 loading class jdk/internal/access/foreign/MemorySegmentProxy done
Event: 10.133 loading class sun/reflect/generics/scope/ConstructorScope
Event: 10.133 loading class sun/reflect/generics/scope/ConstructorScope done
Event: 10.133 loading class sun/reflect/generics/tree/VoidDescriptor
Event: 10.134 loading class sun/reflect/generics/tree/VoidDescriptor done
Event: 10.185 loading class java/util/concurrent/CompletionService
Event: 10.185 loading class java/util/concurrent/CompletionService done
Event: 10.207 loading class java/lang/InheritableThreadLocal
Event: 10.207 loading class java/lang/InheritableThreadLocal done
Event: 10.208 loading class javax/net/ssl/SSLSocketFactory
Event: 10.208 loading class javax/net/SocketFactory
Event: 10.208 loading class javax/net/SocketFactory done
Event: 10.208 loading class javax/net/ssl/SSLSocketFactory done


Dynamic libraries:
0x00007ff7e3750000 - 0x00007ff7e375e000 	c:\Users\LENOVO\.antigravity\extensions\redhat.java-1.12.0-win32-x64\jre\17.0.4.1-win32-x86_64\bin\java.exe
0x00007ffda53e0000 - 0x00007ffda5648000 	C:\WINDOWS\SYSTEM32\ntdll.dll
0x00007ffda3a20000 - 0x00007ffda3ae9000 	C:\WINDOWS\System32\KERNEL32.DLL
0x00007ffda2c50000 - 0x00007ffda3041000 	C:\WINDOWS\System32\KERNELBASE.dll
0x00007ffda1cc0000 - 0x00007ffda1e0b000 	C:\WINDOWS\System32\ucrtbase.dll
0x00007ffd7c070000 - 0x00007ffd7c089000 	c:\Users\LENOVO\.antigravity\extensions\redhat.java-1.12.0-win32-x64\jre\17.0.4.1-win32-x86_64\bin\VCRUNTIME140.dll
0x00007ffd7c050000 - 0x00007ffd7c068000 	c:\Users\LENOVO\.antigravity\extensions\redhat.java-1.12.0-win32-x64\jre\17.0.4.1-win32-x86_64\bin\jli.dll
0x00007ffda4730000 - 0x00007ffda48f6000 	C:\WINDOWS\System32\USER32.dll
0x00007ffd85e20000 - 0x00007ffd860b3000 	C:\WINDOWS\WinSxS\amd64_microsoft.windows.common-controls_6595b64144ccf1df_6.0.26100.7824_none_3e0870b2e3345462\COMCTL32.dll
0x00007ffda2170000 - 0x00007ffda2197000 	C:\WINDOWS\System32\win32u.dll
0x00007ffda3320000 - 0x00007ffda33c9000 	C:\WINDOWS\System32\msvcrt.dll
0x00007ffda4b10000 - 0x00007ffda4b3b000 	C:\WINDOWS\System32\GDI32.dll
0x00007ffda3050000 - 0x00007ffda317b000 	C:\WINDOWS\System32\gdi32full.dll
0x00007ffda20c0000 - 0x00007ffda2163000 	C:\WINDOWS\System32\msvcp_win.dll
0x00007ffda3630000 - 0x00007ffda3661000 	C:\WINDOWS\System32\IMM32.DLL
0x00007ffd7bec0000 - 0x00007ffd7becc000 	c:\Users\LENOVO\.antigravity\extensions\redhat.java-1.12.0-win32-x64\jre\17.0.4.1-win32-x86_64\bin\vcruntime140_1.dll
0x00007ffd57a70000 - 0x00007ffd57b01000 	c:\Users\LENOVO\.antigravity\extensions\redhat.java-1.12.0-win32-x64\jre\17.0.4.1-win32-x86_64\bin\msvcp140.dll
0x00007ffd1ac80000 - 0x00007ffd1b8c6000 	c:\Users\LENOVO\.antigravity\extensions\redhat.java-1.12.0-win32-x64\jre\17.0.4.1-win32-x86_64\bin\server\jvm.dll
0x00007ffda40e0000 - 0x00007ffda4194000 	C:\WINDOWS\System32\ADVAPI32.dll
0x00007ffda4390000 - 0x00007ffda4436000 	C:\WINDOWS\System32\sechost.dll
0x00007ffda3b00000 - 0x00007ffda3c18000 	C:\WINDOWS\System32\RPCRT4.dll
0x00007ffda49d0000 - 0x00007ffda49d8000 	C:\WINDOWS\System32\PSAPI.DLL
0x00007ffd99380000 - 0x00007ffd993b5000 	C:\WINDOWS\SYSTEM32\WINMM.dll
0x00007ffd7a3a0000 - 0x00007ffd7a3aa000 	C:\WINDOWS\SYSTEM32\WSOCK32.dll
0x00007ffd8f5e0000 - 0x00007ffd8f5eb000 	C:\WINDOWS\SYSTEM32\VERSION.dll
0x00007ffda33d0000 - 0x00007ffda3444000 	C:\WINDOWS\System32\WS2_32.dll
0x00007ffda0a60000 - 0x00007ffda0a7b000 	C:\WINDOWS\SYSTEM32\kernel.appcore.dll
0x00007ffd79ce0000 - 0x00007ffd79cea000 	c:\Users\LENOVO\.antigravity\extensions\redhat.java-1.12.0-win32-x64\jre\17.0.4.1-win32-x86_64\bin\jimage.dll
0x00007ffd9f100000 - 0x00007ffd9f342000 	C:\WINDOWS\SYSTEM32\DBGHELP.DLL
0x00007ffda3690000 - 0x00007ffda3a16000 	C:\WINDOWS\System32\combase.dll
0x00007ffda3550000 - 0x00007ffda3627000 	C:\WINDOWS\System32\OLEAUT32.dll
0x00007ffd7bef0000 - 0x00007ffd7bf2b000 	C:\WINDOWS\SYSTEM32\dbgcore.DLL
0x00007ffda1f80000 - 0x00007ffda2025000 	C:\WINDOWS\System32\bcryptPrimitives.dll
0x00007ffd78830000 - 0x00007ffd7883e000 	c:\Users\LENOVO\.antigravity\extensions\redhat.java-1.12.0-win32-x64\jre\17.0.4.1-win32-x86_64\bin\instrument.dll
0x00007ffd6c450000 - 0x00007ffd6c475000 	c:\Users\LENOVO\.antigravity\extensions\redhat.java-1.12.0-win32-x64\jre\17.0.4.1-win32-x86_64\bin\java.dll
0x00007ffd646d0000 - 0x00007ffd646e8000 	c:\Users\LENOVO\.antigravity\extensions\redhat.java-1.12.0-win32-x64\jre\17.0.4.1-win32-x86_64\bin\zip.dll
0x00007ffda4b40000 - 0x00007ffda5292000 	C:\WINDOWS\System32\SHELL32.dll
0x00007ffda1e10000 - 0x00007ffda1f7a000 	C:\WINDOWS\System32\wintypes.dll
0x00007ffda2260000 - 0x00007ffda2ac3000 	C:\WINDOWS\System32\windows.storage.dll
0x00007ffda3450000 - 0x00007ffda3546000 	C:\WINDOWS\System32\SHCORE.dll
0x00007ffda4960000 - 0x00007ffda49c7000 	C:\WINDOWS\System32\shlwapi.dll
0x00007ffda1be0000 - 0x00007ffda1c09000 	C:\WINDOWS\SYSTEM32\profapi.dll
0x00007ffd646b0000 - 0x00007ffd646c9000 	C:\Users\LENOVO\.antigravity\extensions\redhat.java-1.12.0-win32-x64\jre\17.0.4.1-win32-x86_64\bin\net.dll
0x00007ffd93a00000 - 0x00007ffd93b27000 	C:\WINDOWS\SYSTEM32\WINHTTP.dll
0x00007ffda0fd0000 - 0x00007ffda103b000 	C:\WINDOWS\system32\mswsock.dll
0x00007ffd64630000 - 0x00007ffd64645000 	C:\Users\LENOVO\.antigravity\extensions\redhat.java-1.12.0-win32-x64\jre\17.0.4.1-win32-x86_64\bin\nio.dll
0x00007ffd7c090000 - 0x00007ffd7c0a0000 	c:\Users\LENOVO\.antigravity\extensions\redhat.java-1.12.0-win32-x64\jre\17.0.4.1-win32-x86_64\bin\verify.dll
0x00007ffd5abb0000 - 0x00007ffd5abee000 	C:\Users\LENOVO\AppData\Roaming\Antigravity\User\globalStorage\redhat.java\1.12.0\config_win\org.eclipse.equinox.launcher\org.eclipse.equinox.launcher.win32.win32.x86_64_1.2.600.v20220720-1916\eclipse_11700.dll
0x00007ffda3180000 - 0x00007ffda3317000 	C:\WINDOWS\System32\ole32.dll
0x00007ffda12a0000 - 0x00007ffda12bb000 	C:\WINDOWS\SYSTEM32\CRYPTSP.dll
0x00007ffda09c0000 - 0x00007ffda09f9000 	C:\WINDOWS\system32\rsaenh.dll
0x00007ffda1080000 - 0x00007ffda10ab000 	C:\WINDOWS\SYSTEM32\USERENV.dll
0x00007ffda1bb0000 - 0x00007ffda1bda000 	C:\WINDOWS\SYSTEM32\bcrypt.dll
0x00007ffda12c0000 - 0x00007ffda12cc000 	C:\WINDOWS\SYSTEM32\CRYPTBASE.dll
0x00007ffda04f0000 - 0x00007ffda0524000 	C:\WINDOWS\SYSTEM32\IPHLPAPI.DLL
0x00007ffda3670000 - 0x00007ffda367a000 	C:\WINDOWS\System32\NSI.dll
0x00007ffd9b370000 - 0x00007ffd9b38e000 	C:\WINDOWS\SYSTEM32\dhcpcsvc6.DLL
0x00007ffd9b2f0000 - 0x00007ffd9b313000 	C:\WINDOWS\SYSTEM32\dhcpcsvc.DLL
0x00007ffda0530000 - 0x00007ffda065c000 	C:\WINDOWS\SYSTEM32\DNSAPI.dll
0x00007ffd64870000 - 0x00007ffd648b0000 	C:\Users\LENOVO\AppData\Local\Temp\jna--2053026509\jna17590404291427193171.dll

dbghelp: loaded successfully - version: 4.0.5 - missing functions: none
symbol engine: initialized successfully - sym options: 0x614 - pdb path: .;c:\Users\LENOVO\.antigravity\extensions\redhat.java-1.12.0-win32-x64\jre\17.0.4.1-win32-x86_64\bin;C:\WINDOWS\SYSTEM32;C:\WINDOWS\WinSxS\amd64_microsoft.windows.common-controls_6595b64144ccf1df_6.0.26100.7824_none_3e0870b2e3345462;c:\Users\LENOVO\.antigravity\extensions\redhat.java-1.12.0-win32-x64\jre\17.0.4.1-win32-x86_64\bin\server;C:\Users\LENOVO\AppData\Roaming\Antigravity\User\globalStorage\redhat.java\1.12.0\config_win\org.eclipse.equinox.launcher\org.eclipse.equinox.launcher.win32.win32.x86_64_1.2.600.v20220720-1916;C:\Users\LENOVO\AppData\Local\Temp\jna--2053026509

VM Arguments:
jvm_args: --add-modules=ALL-SYSTEM --add-opens=java.base/java.util=ALL-UNNAMED --add-opens=java.base/java.lang=ALL-UNNAMED --add-opens=java.base/sun.nio.fs=ALL-UNNAMED -Declipse.application=org.eclipse.jdt.ls.core.id1 -Dosgi.bundles.defaultStartLevel=4 -Declipse.product=org.eclipse.jdt.ls.core.product -Djava.import.generatesMetadataFilesAtProjectRoot=false -Dfile.encoding=utf8 -XX:+UseParallelGC -XX:GCTimeRatio=4 -XX:AdaptiveSizePolicyWeight=90 -Dsun.zip.disableMemoryMapping=true -Xmx1G -Xms100m -Xlog:disable -javaagent:c:\Users\LENOVO\.antigravity\extensions\redhat.java-1.12.0-win32-x64\lombok\lombok-1.18.24.jar -XX:+HeapDumpOnOutOfMemoryError -XX:HeapDumpPath=c:\Users\LENOVO\AppData\Roaming\Antigravity\User\workspaceStorage\0b3c1e4f8221231f8f615dd7f9827724\redhat.java 
java_command: c:\Users\LENOVO\.antigravity\extensions\redhat.java-1.12.0-win32-x64\server\plugins\org.eclipse.equinox.launcher_1.6.400.v20210924-0641.jar -configuration c:\Users\LENOVO\AppData\Roaming\Antigravity\User\globalStorage\redhat.java\1.12.0\config_win -data c:\Users\LENOVO\AppData\Roaming\Antigravity\User\workspaceStorage\0b3c1e4f8221231f8f615dd7f9827724\redhat.java\jdt_ws
java_class_path (initial): c:\Users\LENOVO\.antigravity\extensions\redhat.java-1.12.0-win32-x64\server\plugins\org.eclipse.equinox.launcher_1.6.400.v20210924-0641.jar
Launcher Type: SUN_STANDARD

[Global flags]
    uintx AdaptiveSizePolicyWeight                 = 90                                        {product} {command line}
     intx CICompilerCount                          = 4                                         {product} {ergonomic}
    uintx GCTimeRatio                              = 4                                         {product} {command line}
     bool HeapDumpOnOutOfMemoryError               = true                                   {manageable} {command line}
    ccstr HeapDumpPath                             = c:\Users\LENOVO\AppData\Roaming\Antigravity\User\workspaceStorage\0b3c1e4f8221231f8f615dd7f9827724\redhat.java         {manageable} {command line}
   size_t InitialHeapSize                          = 104857600                                 {product} {command line}
   size_t MaxHeapSize                              = 1073741824                                {product} {command line}
   size_t MaxNewSize                               = 357564416                                 {product} {ergonomic}
   size_t MinHeapDeltaBytes                        = 524288                                    {product} {ergonomic}
   size_t MinHeapSize                              = 104857600                                 {product} {command line}
   size_t NewSize                                  = 34603008                                  {product} {ergonomic}
    uintx NonNMethodCodeHeapSize                   = 5839372                                {pd product} {ergonomic}
    uintx NonProfiledCodeHeapSize                  = 122909434                              {pd product} {ergonomic}
   size_t OldSize                                  = 70254592                                  {product} {ergonomic}
    uintx ProfiledCodeHeapSize                     = 122909434                              {pd product} {ergonomic}
    uintx ReservedCodeCacheSize                    = 251658240                              {pd product} {ergonomic}
     bool SegmentedCodeCache                       = true                                      {product} {ergonomic}
   size_t SoftMaxHeapSize                          = 1073741824                             {manageable} {ergonomic}
     bool UseCompressedClassPointers               = true                           {product lp64_product} {ergonomic}
     bool UseCompressedOops                        = true                           {product lp64_product} {ergonomic}
     bool UseLargePagesIndividualAllocation        = false                                  {pd product} {ergonomic}
     bool UseParallelGC                            = true                                      {product} {command line}

Logging:
Log output configuration:
 #0: stdout all=off uptime,level,tags
 #1: stderr all=off uptime,level,tags

Environment Variables:
JAVA_HOME=C:\Program Files\Java\jdk-20
PATH=C:\Program Files\MongoDB\Server\8.2\bin;C:\Program Files\Eclipse Adoptium\jdk-17.0.17.10-hotspot\bin;C:\oraclexe\app\oracle\product\11.2.0\server\bin;C:\xampp\php;C:\Program Files\MySQL\MySQL Server 8.0\bin;C:\Python 3.12\Python 3.12.exe;C:\Users\LENOVO\AppData\Local\Programs\Python\Python312\python.exe;C:\Users\LENOVO\Downloads\flutter_windows_3.16.0-stable\flutter\bin;C:\ProgramData\Oracle\Java\javapath;C:\Program Files\Java\jdk-21.0.1\bin;C:\Program Files\Common Files\Oracle\Java\javapath;C:\Program Files\Java\jdk-20\bin;C:\Users\LENOVO\Downloads\sqldeveloper-23.1.0.097.1607-x64\sqldeveloper\sqldeveloper\bin;C:\Users\LENOVO\Downloads\msys2-x86_64-20230318.exe;C:\WINDOWS\system32;C:\WINDOWS;C:\WINDOWS\System32\Wbem;C:\WINDOWS\System32\WindowsPowerShell\v1.0\;C:\WINDOWS\System32\OpenSSH\;C:\Program Files\Git\cmd;C:\Program Files\Git\bin;C:\Program Files\dotnet\;C:\Users\LENOVO\AppData\Local\Android\Sdk\platform-tools;C:\Users\LENOVO\AppData\Local\Android\Sdk\emulator;C:\Users\LENOVO\Downloads\php-8.3.11-nts-Win32-vs16-x64;C:\ProgramData\ComposerSetup\bin;C:\Program Files\nodejs\;C:\Program Files\Microsoft SQL Server\150\Tools\Binn\;C:\Program Files\Docker\Docker\resources\bin;C:\Program Files\Vagrant\bin;C:\Users\LENOVO\scoop\shims;C:\Program Files\MySQL\MySQL Shell 8.0\bin\;C:\Users\LENOVO\AppData\Local\Programs\Python\Launcher\;C:\Python27\python.exe;C:\Users\LENOVO\AppData\Local\Programs\Python\Python311;C:\Users\LENOVO\AppData\Local\Programs\Python\Python311\Scripts\;C:\Python27;C:\Users\LENOVO\AppData\Local\Microsoft\WindowsApps;C:\Program Files\JetBrains\PyCharm Community Edition 2023.1\bin;;C:\Users\LENOVO\AppData\Local\GitHubDesktop\bin;C:\Users\LENOVO\.dotnet\tools;C:\Program Files (x86)\Nmap;C:\Users\LENOVO\AppData\Local\Programs\MiKTeX\miktex\bin\x64\;C:\Users\LENOVO\AppData\Roaming\Composer\vendor\bin;C:\xampp\php;C:\Program Files\JetBrains\IntelliJ IDEA 2024.2.1\bin;;C:\Flex Windows\gcc\bin;C:\Flex Windows\Lex\bin;C:\Flex Windows\bison\bin;C:\Users\L
USERNAME=LENOVO
OS=Windows_NT
PROCESSOR_IDENTIFIER=Intel64 Family 6 Model 140 Stepping 2, GenuineIntel
TMP=C:\Users\LENOVO\AppData\Local\Temp
TEMP=C:\Users\LENOVO\AppData\Local\Temp



---------------  S Y S T E M  ---------------

OS:
 Windows 11 , 64 bit Build 26100 (10.0.26100.7705)
OS uptime: 0 days 1:12 hours
Hyper-V role detected

CPU: total 8 (initial active 8) (4 cores per cpu, 2 threads per core) family 6 model 140 stepping 2 microcode 0x26, cx8, cmov, fxsr, ht, mmx, 3dnowpref, sse, sse2, sse3, ssse3, sse4.1, sse4.2, popcnt, lzcnt, tsc, tscinvbit, avx, avx2, aes, erms, clmul, bmi1, bmi2, adx, avx512f, avx512dq, avx512cd, avx512bw, avx512vl, sha, fma, vzeroupper, avx512_vpopcntdq, avx512_vpclmulqdq, avx512_vaes, avx512_vnni, clflush, clflushopt, clwb, avx512_vbmi2, avx512_vbmi, hv

Memory: 4k page, system-wide physical 16167M (1642M free)
TotalPageFile size 21167M (AvailPageFile size 10M)
current process WorkingSet (physical memory assigned to process): 180M, peak: 187M
current process commit charge ("private bytes"): 277M, peak: 281M

vm_info: OpenJDK 64-Bit Server VM (17.0.4.1+1) for windows-amd64 JRE (17.0.4.1+1), built on Aug 17 2022 07:42:43 by "temurin" with MS VC++ 16.7 (VS2019)

END.
