#
# There is insufficient memory for the Java Runtime Environment to continue.
# Native memory allocation (malloc) failed to allocate 1751696 bytes for Chunk::new
# Possible reasons:
#   The system is out of physical RAM or swap space
#   The process is running with CompressedOops enabled, and the Java Heap may be blocking the growth of the native heap
# Possible solutions:
#   Reduce memory load on the system
#   Increase physical memory or swap space
#   Check if swap backing store is full
#   Decrease Java heap size (-Xmx/-Xms)
#   Decrease number of Java threads
#   Decrease Java thread stack sizes (-Xss)
#   Set larger code cache with -XX:ReservedCodeCacheSize=
#   JVM is running with Unscaled Compressed Oops mode in which the Java heap is
#     placed in the first 4GB address space. The Java Heap base address is the
#     maximum limit for the native heap growth. Please use -XX:HeapBaseMinAddress
#     to set the Java Heap base and to place the Java Heap above 4GB virtual address.
# This output file may be truncated or incomplete.
#
#  Out of Memory Error (arena.cpp:189), pid=20572, tid=3848
#
# JRE version: OpenJDK Runtime Environment Temurin-17.0.4.1+1 (17.0.4.1+1) (build 17.0.4.1+1)
# Java VM: OpenJDK 64-Bit Server VM Temurin-17.0.4.1+1 (17.0.4.1+1, mixed mode, tiered, compressed oops, compressed class ptrs, parallel gc, windows-amd64)
# No core dump will be written. Minidumps are not enabled by default on client versions of Windows
#

---------------  S U M M A R Y ------------

Command Line: --add-modules=ALL-SYSTEM --add-opens=java.base/java.util=ALL-UNNAMED --add-opens=java.base/java.lang=ALL-UNNAMED --add-opens=java.base/sun.nio.fs=ALL-UNNAMED -Declipse.application=org.eclipse.jdt.ls.core.id1 -Dosgi.bundles.defaultStartLevel=4 -Declipse.product=org.eclipse.jdt.ls.core.product -Djava.import.generatesMetadataFilesAtProjectRoot=false -Dfile.encoding=utf8 -XX:+UseParallelGC -XX:GCTimeRatio=4 -XX:AdaptiveSizePolicyWeight=90 -Dsun.zip.disableMemoryMapping=true -Xmx1G -Xms100m -Xlog:disable -javaagent:c:\Users\LENOVO\.antigravity\extensions\redhat.java-1.12.0-win32-x64\lombok\lombok-1.18.24.jar c:\Users\LENOVO\.antigravity\extensions\redhat.java-1.12.0-win32-x64\server\plugins\org.eclipse.equinox.launcher_1.6.400.v20210924-0641.jar -configuration c:\Users\LENOVO\AppData\Roaming\Antigravity\User\globalStorage\redhat.java\1.12.0\config_ss_win -data c:\Users\LENOVO\AppData\Roaming\Antigravity\User\workspaceStorage\0b3c1e4f8221231f8f615dd7f9827724\redhat.java\ss_ws

Host: 11th Gen Intel(R) Core(TM) i5-11320H @ 3.20GHz, 8 cores, 15G,  Windows 11 , 64 bit Build 26100 (10.0.26100.7705)
Time: Thu Mar  5 02:13:28 2026 Paris, Madrid elapsed time: 13.456876 seconds (0d 0h 0m 13s)

---------------  T H R E A D  ---------------

Current thread (0x0000018dc44b3520):  JavaThread "C2 CompilerThread2" daemon [_thread_in_native, id=3848, stack(0x0000003e5c200000,0x0000003e5c300000)]


Current CompileTask:
C2:  13456 3814 %     4       org.objectweb.asm.ClassReader::readCode @ 2036 (5109 bytes)

Stack: [0x0000003e5c200000,0x0000003e5c300000]
Native frames: (J=compiled Java code, j=interpreted, Vv=VM code, C=native code)
V  [jvm.dll+0x67731a]
V  [jvm.dll+0x832284]
V  [jvm.dll+0x833a2e]
V  [jvm.dll+0x834093]
V  [jvm.dll+0x245775]
V  [jvm.dll+0xabd7b]
V  [jvm.dll+0xac30c]
V  [jvm.dll+0x363a42]
V  [jvm.dll+0x32e011]
V  [jvm.dll+0x32d4ba]
V  [jvm.dll+0x218681]
V  [jvm.dll+0x217aa1]
V  [jvm.dll+0x1a3f8d]
V  [jvm.dll+0x227498]
V  [jvm.dll+0x2255e5]
V  [jvm.dll+0x7e7e9b]
V  [jvm.dll+0x7e240a]
V  [jvm.dll+0x6761a5]
C  [ucrtbase.dll+0x37b0]
C  [KERNEL32.DLL+0x2e8d7]
C  [ntdll.dll+0x8c40c]


---------------  P R O C E S S  ---------------

Threads class SMR info:
_java_thread_list=0x0000018dc4480e00, length=25, elements={
0x0000018dabcb81c0, 0x0000018dabd47450, 0x0000018dbfb3e2a0, 0x0000018dc1693420,
0x0000018dc1693ce0, 0x0000018dc16945a0, 0x0000018dc1664120, 0x0000018dc1664d10,
0x0000018dc16b1c40, 0x0000018dc16c9540, 0x0000018dc17eccc0, 0x0000018dc1990e90,
0x0000018dc2b47020, 0x0000018dc2d31a30, 0x0000018dc2dea9d0, 0x0000018dc39bff70,
0x0000018dc3857ef0, 0x0000018dc3b536e0, 0x0000018dc27800a0, 0x0000018dc277e3c0,
0x0000018dc2781d80, 0x0000018dc277f230, 0x0000018dc5d153b0, 0x0000018dc44b3520,
0x0000018dc277e890
}

Java Threads: ( => current thread )
  0x0000018dabcb81c0 JavaThread "main" [_thread_blocked, id=15364, stack(0x0000003e5a400000,0x0000003e5a500000)]
  0x0000018dabd47450 JavaThread "Reference Handler" daemon [_thread_blocked, id=5796, stack(0x0000003e5a700000,0x0000003e5a800000)]
  0x0000018dbfb3e2a0 JavaThread "Finalizer" daemon [_thread_blocked, id=9292, stack(0x0000003e5a800000,0x0000003e5a900000)]
  0x0000018dc1693420 JavaThread "Signal Dispatcher" daemon [_thread_blocked, id=6164, stack(0x0000003e5a900000,0x0000003e5aa00000)]
  0x0000018dc1693ce0 JavaThread "Attach Listener" daemon [_thread_blocked, id=8044, stack(0x0000003e5aa00000,0x0000003e5ab00000)]
  0x0000018dc16945a0 JavaThread "Service Thread" daemon [_thread_blocked, id=14460, stack(0x0000003e5ab00000,0x0000003e5ac00000)]
  0x0000018dc1664120 JavaThread "Monitor Deflation Thread" daemon [_thread_blocked, id=7432, stack(0x0000003e5ac00000,0x0000003e5ad00000)]
  0x0000018dc1664d10 JavaThread "C2 CompilerThread0" daemon [_thread_in_native, id=19656, stack(0x0000003e5ad00000,0x0000003e5ae00000)]
  0x0000018dc16b1c40 JavaThread "C1 CompilerThread0" daemon [_thread_in_native, id=10960, stack(0x0000003e5ae00000,0x0000003e5af00000)]
  0x0000018dc16c9540 JavaThread "Sweeper thread" daemon [_thread_blocked, id=10648, stack(0x0000003e5af00000,0x0000003e5b000000)]
  0x0000018dc17eccc0 JavaThread "Common-Cleaner" daemon [_thread_blocked, id=11984, stack(0x0000003e5b000000,0x0000003e5b100000)]
  0x0000018dc1990e90 JavaThread "Notification Thread" daemon [_thread_blocked, id=10556, stack(0x0000003e5b100000,0x0000003e5b200000)]
  0x0000018dc2b47020 JavaThread "Active Thread: Equinox Container: a7ff5613-39d8-48fc-b36d-740fcb53f9bb" [_thread_blocked, id=19268, stack(0x0000003e5b900000,0x0000003e5ba00000)]
  0x0000018dc2d31a30 JavaThread "Framework Event Dispatcher: Equinox Container: a7ff5613-39d8-48fc-b36d-740fcb53f9bb" daemon [_thread_blocked, id=9856, stack(0x0000003e5ba00000,0x0000003e5bb00000)]
  0x0000018dc2dea9d0 JavaThread "Start Level: Equinox Container: a7ff5613-39d8-48fc-b36d-740fcb53f9bb" daemon [_thread_blocked, id=204, stack(0x0000003e5bb00000,0x0000003e5bc00000)]
  0x0000018dc39bff70 JavaThread "SCR Component Actor" daemon [_thread_blocked, id=17392, stack(0x0000003e5bc00000,0x0000003e5bd00000)]
  0x0000018dc3857ef0 JavaThread "Worker-JM" [_thread_blocked, id=17988, stack(0x0000003e5b800000,0x0000003e5b900000)]
  0x0000018dc3b536e0 JavaThread "Worker-0" [_thread_blocked, id=21312, stack(0x0000003e5c000000,0x0000003e5c100000)]
  0x0000018dc27800a0 JavaThread "Worker-1" [_thread_blocked, id=10616, stack(0x0000003e5c100000,0x0000003e5c200000)]
  0x0000018dc277e3c0 JavaThread "JNA Cleaner" daemon [_thread_blocked, id=19704, stack(0x0000003e5c300000,0x0000003e5c400000)]
  0x0000018dc2781d80 JavaThread "pool-2-thread-1" [_thread_blocked, id=8852, stack(0x0000003e5c600000,0x0000003e5c700000)]
  0x0000018dc277f230 JavaThread "pool-1-thread-1" [_thread_in_Java, id=8172, stack(0x0000003e5c700000,0x0000003e5c800000)]
  0x0000018dc5d153b0 JavaThread "C2 CompilerThread1" daemon [_thread_in_native, id=3064, stack(0x0000003e5bf00000,0x0000003e5c000000)]
=>0x0000018dc44b3520 JavaThread "C2 CompilerThread2" daemon [_thread_in_native, id=3848, stack(0x0000003e5c200000,0x0000003e5c300000)]
  0x0000018dc277e890 JavaThread "Worker-2" [_thread_blocked, id=5348, stack(0x0000003e5c800000,0x0000003e5c900000)]

Other Threads:
  0x0000018dabd7ea60 VMThread "VM Thread" [stack: 0x0000003e5a600000,0x0000003e5a700000] [id=20860]
  0x0000018dc1991360 WatcherThread [stack: 0x0000003e5b200000,0x0000003e5b300000] [id=20172]
  0x0000018dabcce2d0 GCTaskThread "GC Thread#0" [stack: 0x0000003e5a500000,0x0000003e5a600000] [id=21136]
  0x0000018dc2975e40 GCTaskThread "GC Thread#1" [stack: 0x0000003e5b300000,0x0000003e5b400000] [id=19152]
  0x0000018dc29760f0 GCTaskThread "GC Thread#2" [stack: 0x0000003e5b400000,0x0000003e5b500000] [id=5832]
  0x0000018dc297a470 GCTaskThread "GC Thread#3" [stack: 0x0000003e5b500000,0x0000003e5b600000] [id=17936]
  0x0000018dc297a720 GCTaskThread "GC Thread#4" [stack: 0x0000003e5b600000,0x0000003e5b700000] [id=13340]
  0x0000018dc297a9d0 GCTaskThread "GC Thread#5" [stack: 0x0000003e5b700000,0x0000003e5b800000] [id=19224]
  0x0000018dc29c86b0 GCTaskThread "GC Thread#6" [stack: 0x0000003e5bd00000,0x0000003e5be00000] [id=14056]
  0x0000018dc2bddc20 GCTaskThread "GC Thread#7" [stack: 0x0000003e5be00000,0x0000003e5bf00000] [id=17672]

Threads with active compile tasks:
C2 CompilerThread0    13469 3805 %     4       org.objectweb.asm.SymbolTable::<init> @ 98 (536 bytes)
C1 CompilerThread0    13469 3950       3       org.eclipse.core.internal.resources.ProjectPreferences::nodeExists (124 bytes)
C2 CompilerThread1    13469 3826       4       org.objectweb.asm.ClassReader::readMethod (1066 bytes)
C2 CompilerThread2    13469 3814 %     4       org.objectweb.asm.ClassReader::readCode @ 2036 (5109 bytes)

VM state: not at safepoint (normal execution)

VM Mutex/Monitor currently owned by a thread: None

Heap address: 0x00000000c0000000, size: 1024 MB, Compressed Oops mode: 32-bit

CDS archive(s) not mapped
Compressed class space mapped at: 0x0000000100000000-0x0000000140000000, reserved size: 1073741824
Narrow klass base: 0x0000000000000000, Narrow klass shift: 3, Narrow klass range: 0x140000000

GC Precious Log:
 CPUs: 8 total, 8 available
 Memory: 16167M
 Large Page Support: Disabled
 NUMA Support: Disabled
 Compressed Oops: Enabled (32-bit)
 Alignments: Space 512K, Generation 512K, Heap 2M
 Heap Min Capacity: 100M
 Heap Initial Capacity: 100M
 Heap Max Capacity: 1G
 Pre-touch: Disabled
 Parallel Workers: 8

Heap:
 PSYoungGen      total 22016K, used 20441K [0x00000000eab00000, 0x00000000ec180000, 0x0000000100000000)
  eden space 20992K, 92% used [0x00000000eab00000,0x00000000ebe0b058,0x00000000ebf80000)
  from space 1024K, 91% used [0x00000000ebf80000,0x00000000ec06b3a8,0x00000000ec080000)
  to   space 1024K, 0% used [0x00000000ec080000,0x00000000ec080000,0x00000000ec180000)
 ParOldGen       total 68608K, used 23656K [0x00000000c0000000, 0x00000000c4300000, 0x00000000eab00000)
  object space 68608K, 34% used [0x00000000c0000000,0x00000000c171a1b0,0x00000000c4300000)
 Metaspace       used 40855K, committed 41408K, reserved 1089536K
  class space    used 4153K, committed 4416K, reserved 1048576K

Card table byte_map: [0x0000018dab660000,0x0000018dab870000] _byte_map_base: 0x0000018dab060000

Marking Bits: (ParMarkBitMap*) 0x00007ffd1b802cc0
 Begin Bits: [0x0000018dbd940000, 0x0000018dbe940000)
 End Bits:   [0x0000018dbe940000, 0x0000018dbf940000)

Polling page: 0x0000018da9b90000

Metaspace:

Usage:
  Non-class:     35.84 MB used.
      Class:      4.06 MB used.
       Both:     39.90 MB used.

Virtual space:
  Non-class space:       40.00 MB reserved,      36.12 MB ( 90%) committed,  5 nodes.
      Class space:        1.00 GB reserved,       4.31 MB ( <1%) committed,  1 nodes.
             Both:        1.04 GB reserved,      40.44 MB (  4%) committed. 

Chunk freelists:
   Non-Class:  3.81 MB
       Class:  3.51 MB
        Both:  7.32 MB

MaxMetaspaceSize: unlimited
CompressedClassSpaceSize: 1.00 GB
Initial GC threshold: 21.00 MB
Current GC threshold: 58.38 MB
CDS: off
MetaspaceReclaimPolicy: balanced
 - commit_granule_bytes: 65536.
 - commit_granule_words: 8192.
 - virtual_space_node_default_size: 1048576.
 - enlarge_chunks_in_place: 1.
 - new_chunks_are_fully_committed: 0.
 - uncommit_free_chunks: 1.
 - use_allocation_guard: 0.
 - handle_deallocations: 1.


Internal statistics:

num_allocs_failed_limit: 6.
num_arena_births: 272.
num_arena_deaths: 14.
num_vsnodes_births: 6.
num_vsnodes_deaths: 0.
num_space_committed: 647.
num_space_uncommitted: 0.
num_chunks_returned_to_freelist: 20.
num_chunks_taken_from_freelist: 1513.
num_chunk_merges: 10.
num_chunk_splits: 1050.
num_chunks_enlarged: 779.
num_purges: 2.
num_inconsistent_stats: 0.

CodeHeap 'non-profiled nmethods': size=120000Kb used=2015Kb max_used=2015Kb free=117984Kb
 bounds [0x0000018db6410000, 0x0000018db6680000, 0x0000018dbd940000]
CodeHeap 'profiled nmethods': size=120000Kb used=8604Kb max_used=8604Kb free=111395Kb
 bounds [0x0000018daeee0000, 0x0000018daf750000, 0x0000018db6410000]
CodeHeap 'non-nmethods': size=5760Kb used=1293Kb max_used=1315Kb free=4466Kb
 bounds [0x0000018dae940000, 0x0000018daebb0000, 0x0000018daeee0000]
 total_blobs=4527 nmethods=3924 adapters=516
 compilation: enabled
              stopped_count=0, restarted_count=0
 full_count=0

Compilation events (20 events):
Event: 12.414 Thread 0x0000018dc16b1c40 nmethod 3878 0x0000018daf716210 code [0x0000018daf716400, 0x0000018daf716898]
Event: 12.414 Thread 0x0000018dc16b1c40 3876       3       java.nio.CharBuffer::position (6 bytes)
Event: 12.414 Thread 0x0000018dc16b1c40 nmethod 3876 0x0000018daf716a90 code [0x0000018daf716c40, 0x0000018daf716de8]
Event: 12.414 Thread 0x0000018dc16b1c40 3885       3       java.util.ArrayDeque::<init> (14 bytes)
Event: 12.415 Thread 0x0000018dc16b1c40 nmethod 3885 0x0000018daf716e90 code [0x0000018daf717040, 0x0000018daf7172b8]
Event: 12.415 Thread 0x0000018dc16b1c40 3887       3       lombok.eclipse.EclipseNode::calculateIsStructurallySignificant (9 bytes)
Event: 12.415 Thread 0x0000018dc16b1c40 nmethod 3887 0x0000018daf717390 code [0x0000018daf717540, 0x0000018daf717788]
Event: 12.415 Thread 0x0000018dc16b1c40 3888       3       lombok.eclipse.EclipseNode::calculateIsStructurallySignificant (62 bytes)
Event: 12.415 Thread 0x0000018dc16b1c40 nmethod 3888 0x0000018daf717890 code [0x0000018daf717a80, 0x0000018daf718238]
Event: 12.415 Thread 0x0000018dc16b1c40 3886       3       lombok.core.configuration.FileSystemSourceCache$1::parsed (13 bytes)
Event: 12.415 Thread 0x0000018dc16b1c40 nmethod 3886 0x0000018daf718310 code [0x0000018daf7184c0, 0x0000018daf718668]
Event: 12.415 Thread 0x0000018dc16b1c40 3889       3       java.io.File::<init> (111 bytes)
Event: 12.415 Thread 0x0000018dc16b1c40 nmethod 3889 0x0000018daf718790 code [0x0000018daf718a20, 0x0000018daf719368]
Event: 12.416 Thread 0x0000018dc16b1c40 3890       1       lombok.core.AST::top (5 bytes)
Event: 12.416 Thread 0x0000018dc16b1c40 nmethod 3890 0x0000018db6605210 code [0x0000018db66053a0, 0x0000018db6605478]
Event: 12.418 Thread 0x0000018dc16b1c40 3891   !   3       org.eclipse.jdt.internal.compiler.parser.Scanner::getNextChar (140 bytes)
Event: 12.419 Thread 0x0000018dc16b1c40 nmethod 3891 0x0000018daf719710 code [0x0000018daf719900, 0x0000018daf719e78]
Event: 12.427 Thread 0x0000018dc16b1c40 3892       3       org.eclipse.osgi.internal.loader.classpath.ClasspathManager::findLocalResourceImpl (174 bytes)
Event: 12.428 Thread 0x0000018dc16b1c40 nmethod 3892 0x0000018daf71a090 code [0x0000018daf71a2e0, 0x0000018daf71ae48]
Event: 12.806 Thread 0x0000018dc16b1c40 3893       1       org.eclipse.core.internal.jobs.InternalJob::getJobGroup (5 bytes)

GC Heap History (20 events):
Event: 8.146 GC heap before
{Heap before GC invocations=10 (full 1):
 PSYoungGen      total 24576K, used 24562K [0x00000000eab00000, 0x00000000ec900000, 0x0000000100000000)
  eden space 23552K, 100% used [0x00000000eab00000,0x00000000ec200000,0x00000000ec200000)
  from space 1024K, 98% used [0x00000000ec680000,0x00000000ec77c9f0,0x00000000ec780000)
  to   space 3584K, 0% used [0x00000000ec200000,0x00000000ec200000,0x00000000ec580000)
 ParOldGen       total 68608K, used 10271K [0x00000000c0000000, 0x00000000c4300000, 0x00000000eab00000)
  object space 68608K, 14% used [0x00000000c0000000,0x00000000c0a07d88,0x00000000c4300000)
 Metaspace       used 34586K, committed 35072K, reserved 1081344K
  class space    used 3500K, committed 3712K, reserved 1048576K
}
Event: 8.148 GC heap after
{Heap after GC invocations=10 (full 1):
 PSYoungGen      total 26112K, used 2758K [0x00000000eab00000, 0x00000000ec780000, 0x0000000100000000)
  eden space 23040K, 0% used [0x00000000eab00000,0x00000000eab00000,0x00000000ec180000)
  from space 3072K, 89% used [0x00000000ec200000,0x00000000ec4b1938,0x00000000ec500000)
  to   space 2560K, 0% used [0x00000000ec500000,0x00000000ec500000,0x00000000ec780000)
 ParOldGen       total 68608K, used 10569K [0x00000000c0000000, 0x00000000c4300000, 0x00000000eab00000)
  object space 68608K, 15% used [0x00000000c0000000,0x00000000c0a524c8,0x00000000c4300000)
 Metaspace       used 34586K, committed 35072K, reserved 1081344K
  class space    used 3500K, committed 3712K, reserved 1048576K
}
Event: 8.201 GC heap before
{Heap before GC invocations=11 (full 1):
 PSYoungGen      total 26112K, used 25798K [0x00000000eab00000, 0x00000000ec780000, 0x0000000100000000)
  eden space 23040K, 100% used [0x00000000eab00000,0x00000000ec180000,0x00000000ec180000)
  from space 3072K, 89% used [0x00000000ec200000,0x00000000ec4b1938,0x00000000ec500000)
  to   space 2560K, 0% used [0x00000000ec500000,0x00000000ec500000,0x00000000ec780000)
 ParOldGen       total 68608K, used 10569K [0x00000000c0000000, 0x00000000c4300000, 0x00000000eab00000)
  object space 68608K, 15% used [0x00000000c0000000,0x00000000c0a524c8,0x00000000c4300000)
 Metaspace       used 34673K, committed 35136K, reserved 1081344K
  class space    used 3513K, committed 3712K, reserved 1048576K
}
Event: 8.203 GC heap after
{Heap after GC invocations=11 (full 1):
 PSYoungGen      total 23552K, used 2528K [0x00000000eab00000, 0x00000000ecc00000, 0x0000000100000000)
  eden space 20992K, 0% used [0x00000000eab00000,0x00000000eab00000,0x00000000ebf80000)
  from space 2560K, 98% used [0x00000000ec500000,0x00000000ec778020,0x00000000ec780000)
  to   space 5632K, 0% used [0x00000000ebf80000,0x00000000ebf80000,0x00000000ec500000)
 ParOldGen       total 68608K, used 13045K [0x00000000c0000000, 0x00000000c4300000, 0x00000000eab00000)
  object space 68608K, 19% used [0x00000000c0000000,0x00000000c0cbd6a0,0x00000000c4300000)
 Metaspace       used 34673K, committed 35136K, reserved 1081344K
  class space    used 3513K, committed 3712K, reserved 1048576K
}
Event: 8.231 GC heap before
{Heap before GC invocations=12 (full 1):
 PSYoungGen      total 23552K, used 23520K [0x00000000eab00000, 0x00000000ecc00000, 0x0000000100000000)
  eden space 20992K, 100% used [0x00000000eab00000,0x00000000ebf80000,0x00000000ebf80000)
  from space 2560K, 98% used [0x00000000ec500000,0x00000000ec778020,0x00000000ec780000)
  to   space 5632K, 0% used [0x00000000ebf80000,0x00000000ebf80000,0x00000000ec500000)
 ParOldGen       total 68608K, used 13045K [0x00000000c0000000, 0x00000000c4300000, 0x00000000eab00000)
  object space 68608K, 19% used [0x00000000c0000000,0x00000000c0cbd6a0,0x00000000c4300000)
 Metaspace       used 34675K, committed 35136K, reserved 1081344K
  class space    used 3513K, committed 3712K, reserved 1048576K
}
Event: 8.234 GC heap after
{Heap after GC invocations=12 (full 1):
 PSYoungGen      total 23040K, used 1856K [0x00000000eab00000, 0x00000000ec580000, 0x0000000100000000)
  eden space 20992K, 0% used [0x00000000eab00000,0x00000000eab00000,0x00000000ebf80000)
  from space 2048K, 90% used [0x00000000ebf80000,0x00000000ec150000,0x00000000ec180000)
  to   space 3072K, 0% used [0x00000000ec280000,0x00000000ec280000,0x00000000ec580000)
 ParOldGen       total 68608K, used 15597K [0x00000000c0000000, 0x00000000c4300000, 0x00000000eab00000)
  object space 68608K, 22% used [0x00000000c0000000,0x00000000c0f3b478,0x00000000c4300000)
 Metaspace       used 34675K, committed 35136K, reserved 1081344K
  class space    used 3513K, committed 3712K, reserved 1048576K
}
Event: 8.263 GC heap before
{Heap before GC invocations=13 (full 1):
 PSYoungGen      total 23040K, used 22848K [0x00000000eab00000, 0x00000000ec580000, 0x0000000100000000)
  eden space 20992K, 100% used [0x00000000eab00000,0x00000000ebf80000,0x00000000ebf80000)
  from space 2048K, 90% used [0x00000000ebf80000,0x00000000ec150000,0x00000000ec180000)
  to   space 3072K, 0% used [0x00000000ec280000,0x00000000ec280000,0x00000000ec580000)
 ParOldGen       total 68608K, used 15597K [0x00000000c0000000, 0x00000000c4300000, 0x00000000eab00000)
  object space 68608K, 22% used [0x00000000c0000000,0x00000000c0f3b478,0x00000000c4300000)
 Metaspace       used 34675K, committed 35136K, reserved 1081344K
  class space    used 3513K, committed 3712K, reserved 1048576K
}
Event: 8.265 GC heap after
{Heap after GC invocations=13 (full 1):
 PSYoungGen      total 23040K, used 2048K [0x00000000eab00000, 0x00000000ec480000, 0x0000000100000000)
  eden space 20992K, 0% used [0x00000000eab00000,0x00000000eab00000,0x00000000ebf80000)
  from space 2048K, 100% used [0x00000000ec280000,0x00000000ec480000,0x00000000ec480000)
  to   space 2560K, 0% used [0x00000000ebf80000,0x00000000ebf80000,0x00000000ec200000)
 ParOldGen       total 68608K, used 17405K [0x00000000c0000000, 0x00000000c4300000, 0x00000000eab00000)
  object space 68608K, 25% used [0x00000000c0000000,0x00000000c10ff478,0x00000000c4300000)
 Metaspace       used 34675K, committed 35136K, reserved 1081344K
  class space    used 3513K, committed 3712K, reserved 1048576K
}
Event: 8.287 GC heap before
{Heap before GC invocations=14 (full 1):
 PSYoungGen      total 23040K, used 23040K [0x00000000eab00000, 0x00000000ec480000, 0x0000000100000000)
  eden space 20992K, 100% used [0x00000000eab00000,0x00000000ebf80000,0x00000000ebf80000)
  from space 2048K, 100% used [0x00000000ec280000,0x00000000ec480000,0x00000000ec480000)
  to   space 2560K, 0% used [0x00000000ebf80000,0x00000000ebf80000,0x00000000ec200000)
 ParOldGen       total 68608K, used 17405K [0x00000000c0000000, 0x00000000c4300000, 0x00000000eab00000)
  object space 68608K, 25% used [0x00000000c0000000,0x00000000c10ff478,0x00000000c4300000)
 Metaspace       used 34675K, committed 35136K, reserved 1081344K
  class space    used 3513K, committed 3712K, reserved 1048576K
}
Event: 8.289 GC heap after
{Heap after GC invocations=14 (full 1):
 PSYoungGen      total 23552K, used 2080K [0x00000000eab00000, 0x00000000ec480000, 0x0000000100000000)
  eden space 20992K, 0% used [0x00000000eab00000,0x00000000eab00000,0x00000000ebf80000)
  from space 2560K, 81% used [0x00000000ebf80000,0x00000000ec188010,0x00000000ec200000)
  to   space 2560K, 0% used [0x00000000ec200000,0x00000000ec200000,0x00000000ec480000)
 ParOldGen       total 68608K, used 19325K [0x00000000c0000000, 0x00000000c4300000, 0x00000000eab00000)
  object space 68608K, 28% used [0x00000000c0000000,0x00000000c12df478,0x00000000c4300000)
 Metaspace       used 34675K, committed 35136K, reserved 1081344K
  class space    used 3513K, committed 3712K, reserved 1048576K
}
Event: 11.805 GC heap before
{Heap before GC invocations=15 (full 1):
 PSYoungGen      total 23552K, used 17428K [0x00000000eab00000, 0x00000000ec480000, 0x0000000100000000)
  eden space 20992K, 73% used [0x00000000eab00000,0x00000000eb9fd0a0,0x00000000ebf80000)
  from space 2560K, 81% used [0x00000000ebf80000,0x00000000ec188010,0x00000000ec200000)
  to   space 2560K, 0% used [0x00000000ec200000,0x00000000ec200000,0x00000000ec480000)
 ParOldGen       total 68608K, used 19325K [0x00000000c0000000, 0x00000000c4300000, 0x00000000eab00000)
  object space 68608K, 28% used [0x00000000c0000000,0x00000000c12df478,0x00000000c4300000)
 Metaspace       used 35310K, committed 35840K, reserved 1081344K
  class space    used 3588K, committed 3776K, reserved 1048576K
}
Event: 11.808 GC heap after
{Heap after GC invocations=15 (full 1):
 PSYoungGen      total 23552K, used 2180K [0x00000000eab00000, 0x00000000ec480000, 0x0000000100000000)
  eden space 20992K, 0% used [0x00000000eab00000,0x00000000eab00000,0x00000000ebf80000)
  from space 2560K, 85% used [0x00000000ec200000,0x00000000ec4213d0,0x00000000ec480000)
  to   space 2560K, 0% used [0x00000000ebf80000,0x00000000ebf80000,0x00000000ec200000)
 ParOldGen       total 68608K, used 21317K [0x00000000c0000000, 0x00000000c4300000, 0x00000000eab00000)
  object space 68608K, 31% used [0x00000000c0000000,0x00000000c14d1488,0x00000000c4300000)
 Metaspace       used 35310K, committed 35840K, reserved 1081344K
  class space    used 3588K, committed 3776K, reserved 1048576K
}
Event: 11.808 GC heap before
{Heap before GC invocations=16 (full 2):
 PSYoungGen      total 23552K, used 2180K [0x00000000eab00000, 0x00000000ec480000, 0x0000000100000000)
  eden space 20992K, 0% used [0x00000000eab00000,0x00000000eab00000,0x00000000ebf80000)
  from space 2560K, 85% used [0x00000000ec200000,0x00000000ec4213d0,0x00000000ec480000)
  to   space 2560K, 0% used [0x00000000ebf80000,0x00000000ebf80000,0x00000000ec200000)
 ParOldGen       total 68608K, used 21317K [0x00000000c0000000, 0x00000000c4300000, 0x00000000eab00000)
  object space 68608K, 31% used [0x00000000c0000000,0x00000000c14d1488,0x00000000c4300000)
 Metaspace       used 35310K, committed 35840K, reserved 1081344K
  class space    used 3588K, committed 3776K, reserved 1048576K
}
Event: 11.832 GC heap after
{Heap after GC invocations=16 (full 2):
 PSYoungGen      total 23552K, used 0K [0x00000000eab00000, 0x00000000ec480000, 0x0000000100000000)
  eden space 20992K, 0% used [0x00000000eab00000,0x00000000eab00000,0x00000000ebf80000)
  from space 2560K, 0% used [0x00000000ec200000,0x00000000ec200000,0x00000000ec480000)
  to   space 2560K, 0% used [0x00000000ebf80000,0x00000000ebf80000,0x00000000ec200000)
 ParOldGen       total 68608K, used 22703K [0x00000000c0000000, 0x00000000c4300000, 0x00000000eab00000)
  object space 68608K, 33% used [0x00000000c0000000,0x00000000c162bca8,0x00000000c4300000)
 Metaspace       used 35310K, committed 35840K, reserved 1081344K
  class space    used 3588K, committed 3776K, reserved 1048576K
}
Event: 12.020 GC heap before
{Heap before GC invocations=17 (full 2):
 PSYoungGen      total 23552K, used 20992K [0x00000000eab00000, 0x00000000ec480000, 0x0000000100000000)
  eden space 20992K, 100% used [0x00000000eab00000,0x00000000ebf80000,0x00000000ebf80000)
  from space 2560K, 0% used [0x00000000ec200000,0x00000000ec200000,0x00000000ec480000)
  to   space 2560K, 0% used [0x00000000ebf80000,0x00000000ebf80000,0x00000000ec200000)
 ParOldGen       total 68608K, used 22703K [0x00000000c0000000, 0x00000000c4300000, 0x00000000eab00000)
  object space 68608K, 33% used [0x00000000c0000000,0x00000000c162bca8,0x00000000c4300000)
 Metaspace       used 37202K, committed 37760K, reserved 1089536K
  class space    used 3847K, committed 4096K, reserved 1048576K
}
Event: 12.021 GC heap after
{Heap after GC invocations=17 (full 2):
 PSYoungGen      total 22016K, used 694K [0x00000000eab00000, 0x00000000ec280000, 0x0000000100000000)
  eden space 20992K, 0% used [0x00000000eab00000,0x00000000eab00000,0x00000000ebf80000)
  from space 1024K, 67% used [0x00000000ebf80000,0x00000000ec02da20,0x00000000ec080000)
  to   space 1536K, 0% used [0x00000000ec100000,0x00000000ec100000,0x00000000ec280000)
 ParOldGen       total 68608K, used 22711K [0x00000000c0000000, 0x00000000c4300000, 0x00000000eab00000)
  object space 68608K, 33% used [0x00000000c0000000,0x00000000c162dca8,0x00000000c4300000)
 Metaspace       used 37202K, committed 37760K, reserved 1089536K
  class space    used 3847K, committed 4096K, reserved 1048576K
}
Event: 12.295 GC heap before
{Heap before GC invocations=18 (full 2):
 PSYoungGen      total 22016K, used 21686K [0x00000000eab00000, 0x00000000ec280000, 0x0000000100000000)
  eden space 20992K, 100% used [0x00000000eab00000,0x00000000ebf80000,0x00000000ebf80000)
  from space 1024K, 67% used [0x00000000ebf80000,0x00000000ec02da20,0x00000000ec080000)
  to   space 1536K, 0% used [0x00000000ec100000,0x00000000ec100000,0x00000000ec280000)
 ParOldGen       total 68608K, used 22711K [0x00000000c0000000, 0x00000000c4300000, 0x00000000eab00000)
  object space 68608K, 33% used [0x00000000c0000000,0x00000000c162dca8,0x00000000c4300000)
 Metaspace       used 39545K, committed 40128K, reserved 1089536K
  class space    used 4026K, committed 4224K, reserved 1048576K
}
Event: 12.296 GC heap after
{Heap after GC invocations=18 (full 2):
 PSYoungGen      total 21504K, used 512K [0x00000000eab00000, 0x00000000ec180000, 0x0000000100000000)
  eden space 20992K, 0% used [0x00000000eab00000,0x00000000eab00000,0x00000000ebf80000)
  from space 512K, 100% used [0x00000000ec100000,0x00000000ec180000,0x00000000ec180000)
  to   space 1024K, 0% used [0x00000000ebf80000,0x00000000ebf80000,0x00000000ec080000)
 ParOldGen       total 68608K, used 23224K [0x00000000c0000000, 0x00000000c4300000, 0x00000000eab00000)
  object space 68608K, 33% used [0x00000000c0000000,0x00000000c16ae1b0,0x00000000c4300000)
 Metaspace       used 39545K, committed 40128K, reserved 1089536K
  class space    used 4026K, committed 4224K, reserved 1048576K
}
Event: 12.333 GC heap before
{Heap before GC invocations=19 (full 2):
 PSYoungGen      total 21504K, used 21504K [0x00000000eab00000, 0x00000000ec180000, 0x0000000100000000)
  eden space 20992K, 100% used [0x00000000eab00000,0x00000000ebf80000,0x00000000ebf80000)
  from space 512K, 100% used [0x00000000ec100000,0x00000000ec180000,0x00000000ec180000)
  to   space 1024K, 0% used [0x00000000ebf80000,0x00000000ebf80000,0x00000000ec080000)
 ParOldGen       total 68608K, used 23224K [0x00000000c0000000, 0x00000000c4300000, 0x00000000eab00000)
  object space 68608K, 33% used [0x00000000c0000000,0x00000000c16ae1b0,0x00000000c4300000)
 Metaspace       used 39606K, committed 40192K, reserved 1089536K
  class space    used 4029K, committed 4224K, reserved 1048576K
}
Event: 12.334 GC heap after
{Heap after GC invocations=19 (full 2):
 PSYoungGen      total 22016K, used 940K [0x00000000eab00000, 0x00000000ec180000, 0x0000000100000000)
  eden space 20992K, 0% used [0x00000000eab00000,0x00000000eab00000,0x00000000ebf80000)
  from space 1024K, 91% used [0x00000000ebf80000,0x00000000ec06b3a8,0x00000000ec080000)
  to   space 1024K, 0% used [0x00000000ec080000,0x00000000ec080000,0x00000000ec180000)
 ParOldGen       total 68608K, used 23656K [0x00000000c0000000, 0x00000000c4300000, 0x00000000eab00000)
  object space 68608K, 34% used [0x00000000c0000000,0x00000000c171a1b0,0x00000000c4300000)
 Metaspace       used 39606K, committed 40192K, reserved 1089536K
  class space    used 4029K, committed 4224K, reserved 1048576K
}

Deoptimization events (20 events):
Event: 12.312 Thread 0x0000018dc277f230 Uncommon trap: trap_request=0xffffffde fr.pc=0x0000018db650ad50 relative=0x0000000000008110
Event: 12.312 Thread 0x0000018dc277f230 Uncommon trap: reason=class_check action=maybe_recompile pc=0x0000018db650ad50 method=lombok.patcher.PatchScript$MethodPatcher.visitMethod(ILjava/lang/String;Ljava/lang/String;Ljava/lang/String;[Ljava/lang/String;)Lorg/objectweb/asm/MethodVisitor; @ 101 c
Event: 12.312 Thread 0x0000018dc277f230 DEOPT PACKING pc=0x0000018db650ad50 sp=0x0000003e5c7f8920
Event: 12.312 Thread 0x0000018dc277f230 DEOPT UNPACKING pc=0x0000018dae995923 sp=0x0000003e5c7f88a8 mode 2
Event: 12.312 Thread 0x0000018dc277f230 Uncommon trap: trap_request=0xffffffde fr.pc=0x0000018db650ad50 relative=0x0000000000008110
Event: 12.312 Thread 0x0000018dc277f230 Uncommon trap: reason=class_check action=maybe_recompile pc=0x0000018db650ad50 method=lombok.patcher.PatchScript$MethodPatcher.visitMethod(ILjava/lang/String;Ljava/lang/String;Ljava/lang/String;[Ljava/lang/String;)Lorg/objectweb/asm/MethodVisitor; @ 101 c
Event: 12.312 Thread 0x0000018dc277f230 DEOPT PACKING pc=0x0000018db650ad50 sp=0x0000003e5c7f8920
Event: 12.312 Thread 0x0000018dc277f230 DEOPT UNPACKING pc=0x0000018dae995923 sp=0x0000003e5c7f88a8 mode 2
Event: 12.317 Thread 0x0000018dc277f230 DEOPT PACKING pc=0x0000018daf33ff9b sp=0x0000003e5c7f8a90
Event: 12.317 Thread 0x0000018dc277f230 DEOPT UNPACKING pc=0x0000018dae996463 sp=0x0000003e5c7f7f90 mode 0
Event: 12.319 Thread 0x0000018dc277f230 DEOPT PACKING pc=0x0000018daf33ff9b sp=0x0000003e5c7f8a90
Event: 12.320 Thread 0x0000018dc277f230 DEOPT UNPACKING pc=0x0000018dae996463 sp=0x0000003e5c7f7f90 mode 0
Event: 12.328 Thread 0x0000018dc277f230 Uncommon trap: trap_request=0xffffff45 fr.pc=0x0000018db65fe4e8 relative=0x0000000000000348
Event: 12.328 Thread 0x0000018dc277f230 Uncommon trap: reason=unstable_if action=reinterpret pc=0x0000018db65fe4e8 method=org.objectweb.asm.MethodWriter.computeMethodInfoSize()I @ 228 c2
Event: 12.328 Thread 0x0000018dc277f230 DEOPT PACKING pc=0x0000018db65fe4e8 sp=0x0000003e5c7f8b50
Event: 12.328 Thread 0x0000018dc277f230 DEOPT UNPACKING pc=0x0000018dae995923 sp=0x0000003e5c7f8af0 mode 2
Event: 12.394 Thread 0x0000018dc277f230 Uncommon trap: trap_request=0xffffff45 fr.pc=0x0000018db64f173c relative=0x000000000000021c
Event: 12.394 Thread 0x0000018dc277f230 Uncommon trap: reason=unstable_if action=reinterpret pc=0x0000018db64f173c method=java.util.WeakHashMap.expungeStaleEntries()V @ 9 c2
Event: 12.394 Thread 0x0000018dc277f230 DEOPT PACKING pc=0x0000018db64f173c sp=0x0000003e5c7fcc60
Event: 12.394 Thread 0x0000018dc277f230 DEOPT UNPACKING pc=0x0000018dae995923 sp=0x0000003e5c7fcbf8 mode 2

Classes unloaded (7 events):
Event: 6.431 Thread 0x0000018dabd7ea60 Unloading class 0x0000000100212800 'java/lang/invoke/LambdaForm$MH+0x0000000100212800'
Event: 6.431 Thread 0x0000018dabd7ea60 Unloading class 0x0000000100212400 'java/lang/invoke/LambdaForm$MH+0x0000000100212400'
Event: 6.431 Thread 0x0000018dabd7ea60 Unloading class 0x0000000100212000 'java/lang/invoke/LambdaForm$MH+0x0000000100212000'
Event: 6.431 Thread 0x0000018dabd7ea60 Unloading class 0x0000000100211c00 'java/lang/invoke/LambdaForm$MH+0x0000000100211c00'
Event: 6.431 Thread 0x0000018dabd7ea60 Unloading class 0x0000000100211400 'java/lang/invoke/LambdaForm$BMH+0x0000000100211400'
Event: 6.431 Thread 0x0000018dabd7ea60 Unloading class 0x0000000100211000 'java/lang/invoke/LambdaForm$DMH+0x0000000100211000'
Event: 6.431 Thread 0x0000018dabd7ea60 Unloading class 0x000000010020e400 'java/lang/invoke/LambdaForm$DMH+0x000000010020e400'

Classes redefined (0 events):
No events

Internal exceptions (20 events):
Event: 7.250 Thread 0x0000018dc2dea9d0 Exception <a 'java/lang/NoSuchMethodError'{0x00000000ec228bc0}: 'java.lang.Object java.lang.invoke.DirectMethodHandle$Holder.invokeStaticInit(java.lang.Object, int, int, int, int)'> (0x00000000ec228bc0) 
thrown [s\src\hotspot\share\interpreter\linkResolver.cpp, line 759]
Event: 7.419 Thread 0x0000018dc2dea9d0 Exception <a 'java/lang/NoSuchMethodError'{0x00000000ec315a98}: 'java.lang.Object java.lang.invoke.DirectMethodHandle$Holder.invokeStaticInit(java.lang.Object, java.lang.Object, int, int, int, int)'> (0x00000000ec315a98) 
thrown [s\src\hotspot\share\interpreter\linkResolver.cpp, line 759]
Event: 7.461 Thread 0x0000018dc2dea9d0 Exception <a 'java/lang/ClassNotFoundException'{0x00000000ead79e38}: com/sun/org/apache/xml/internal/serializer/spi/XMLEntitiesProvider> (0x00000000ead79e38) 
thrown [s\src\hotspot\share\classfile\systemDictionary.cpp, line 256]
Event: 7.516 Thread 0x0000018dc2dea9d0 Exception <a 'java/io/FileNotFoundException'{0x00000000eb0f3f90}> (0x00000000eb0f3f90) 
thrown [s\src\hotspot\share\prims\jni.cpp, line 516]
Event: 7.615 Thread 0x0000018dc2dea9d0 Exception <a 'java/lang/UnsatisfiedLinkError'{0x00000000eb4552e8}: La procédure spécifiée est introuvable.
> (0x00000000eb4552e8) 
thrown [s\src\hotspot\share\prims\jni.cpp, line 535]
Event: 7.618 Thread 0x0000018dc2dea9d0 Exception <a 'java/io/FileNotFoundException'{0x00000000eb4784a8}> (0x00000000eb4784a8) 
thrown [s\src\hotspot\share\prims\jni.cpp, line 516]
Event: 7.632 Thread 0x0000018dc2dea9d0 Exception <a 'java/lang/UnsatisfiedLinkError'{0x00000000eb58b950}: La procédure spécifiée est introuvable.
> (0x00000000eb58b950) 
thrown [s\src\hotspot\share\prims\jni.cpp, line 535]
Event: 7.666 Thread 0x0000018dabcb81c0 Exception <a 'java/lang/NoSuchMethodError'{0x00000000eb821320}: 'void java.lang.invoke.DirectMethodHandle$Holder.invokeStatic(java.lang.Object, java.lang.Object, java.lang.Object, java.lang.Object)'> (0x00000000eb821320) 
thrown [s\src\hotspot\share\interpreter\linkResolver.cpp, line 759]
Event: 7.737 Thread 0x0000018dabcb81c0 Exception <a 'java/lang/NoSuchMethodError'{0x00000000ebf720b8}: 'void java.lang.invoke.DirectMethodHandle$Holder.invokeSpecial(java.lang.Object, java.lang.Object, java.lang.Object, java.lang.Object, java.lang.Object, java.lang.Object)'> (0x00000000ebf720b8) 
thrown [s\src\hotspot\share\interpreter\linkResolver.cpp, line 759]
Event: 7.737 Thread 0x0000018dabcb81c0 Exception <a 'java/lang/NoSuchMethodError'{0x00000000ebf79770}: 'java.lang.Object java.lang.invoke.DirectMethodHandle$Holder.newInvokeSpecial(java.lang.Object, java.lang.Object, java.lang.Object, java.lang.Object, java.lang.Object)'> (0x00000000ebf79770) 
thrown [s\src\hotspot\share\interpreter\linkResolver.cpp, line 759]
Event: 7.810 Thread 0x0000018dc277f230 Exception <a 'java/io/FileNotFoundException'{0x00000000eabff818}> (0x00000000eabff818) 
thrown [s\src\hotspot\share\prims\jni.cpp, line 516]
Event: 7.939 Thread 0x0000018dc3b536e0 Exception <a 'java/lang/NoSuchMethodError'{0x00000000eb448528}: 'java.lang.Object java.lang.invoke.Invokers$Holder.invoke_MT(java.lang.Object, java.lang.Object, java.lang.Object)'> (0x00000000eb448528) 
thrown [s\src\hotspot\share\interpreter\linkResolver.cpp, line 759]
Event: 8.096 Thread 0x0000018dc3b536e0 Exception <a 'java/io/FileNotFoundException'{0x00000000eb50b6a8}> (0x00000000eb50b6a8) 
thrown [s\src\hotspot\share\prims\jni.cpp, line 516]
Event: 8.097 Thread 0x0000018dc3b536e0 Exception <a 'java/io/FileNotFoundException'{0x00000000eb50cfa0}> (0x00000000eb50cfa0) 
thrown [s\src\hotspot\share\prims\jni.cpp, line 516]
Event: 8.098 Thread 0x0000018dc3b536e0 Exception <a 'java/lang/NoSuchMethodError'{0x00000000eb519148}: 'void java.lang.invoke.DirectMethodHandle$Holder.invokeStaticInit(java.lang.Object, java.lang.Object, java.lang.Object)'> (0x00000000eb519148) 
thrown [s\src\hotspot\share\interpreter\linkResolver.cpp, line 759]
Event: 8.317 Thread 0x0000018dc3b536e0 Exception <a 'java/lang/NoSuchMethodError'{0x00000000eb5db958}: 'java.lang.Object java.lang.invoke.DirectMethodHandle$Holder.newInvokeSpecial(java.lang.Object, java.lang.Object, java.lang.Object, int, java.lang.Object)'> (0x00000000eb5db958) 
thrown [s\src\hotspot\share\interpreter\linkResolver.cpp, line 759]
Event: 8.317 Thread 0x0000018dc3b536e0 Exception <a 'java/lang/NoSuchMethodError'{0x00000000eb5dfb08}: 'java.lang.Object java.lang.invoke.DirectMethodHandle$Holder.invokeSpecial(java.lang.Object, java.lang.Object, java.lang.Object, java.lang.Object, int, java.lang.Object)'> (0x00000000eb5dfb08) 
thrown [s\src\hotspot\share\interpreter\linkResolver.cpp, line 759]
Event: 11.788 Thread 0x0000018dc277f230 Exception <a 'java/lang/NoSuchMethodError'{0x00000000eb8a5248}: 'java.lang.Object java.lang.invoke.DirectMethodHandle$Holder.invokeInterface(java.lang.Object, java.lang.Object, java.lang.Object)'> (0x00000000eb8a5248) 
thrown [s\src\hotspot\share\interpreter\linkResolver.cpp, line 759]
Event: 11.860 Thread 0x0000018dc277f230 Implicit null exception at 0x0000018db64f9f48 to 0x0000018db64fa034
Event: 12.184 Thread 0x0000018dc277f230 Implicit null exception at 0x0000018db651f447 to 0x0000018db65200d0

VM Operations (20 events):
Event: 8.265 Executing VM operation: ParallelGCFailedAllocation done
Event: 8.287 Executing VM operation: ParallelGCFailedAllocation
Event: 8.289 Executing VM operation: ParallelGCFailedAllocation done
Event: 9.290 Executing VM operation: Cleanup
Event: 9.290 Executing VM operation: Cleanup done
Event: 11.805 Executing VM operation: CollectForMetadataAllocation
Event: 11.832 Executing VM operation: CollectForMetadataAllocation done
Event: 11.851 Executing VM operation: HandshakeAllThreads
Event: 11.851 Executing VM operation: HandshakeAllThreads done
Event: 11.916 Executing VM operation: HandshakeAllThreads
Event: 11.916 Executing VM operation: HandshakeAllThreads done
Event: 12.020 Executing VM operation: ParallelGCFailedAllocation
Event: 12.021 Executing VM operation: ParallelGCFailedAllocation done
Event: 12.295 Executing VM operation: ParallelGCFailedAllocation
Event: 12.296 Executing VM operation: ParallelGCFailedAllocation done
Event: 12.333 Executing VM operation: ParallelGCFailedAllocation
Event: 12.334 Executing VM operation: ParallelGCFailedAllocation done
Event: 12.429 Executing VM operation: HandshakeAllThreads
Event: 12.429 Executing VM operation: HandshakeAllThreads done
Event: 13.444 Executing VM operation: Cleanup

Events (20 events):
Event: 11.798 loading class sun/nio/cs/ThreadLocalCoders$Cache
Event: 11.798 loading class sun/nio/cs/ThreadLocalCoders$Cache done
Event: 11.798 loading class sun/nio/cs/ThreadLocalCoders$1 done
Event: 11.798 loading class sun/nio/cs/ThreadLocalCoders$2
Event: 11.799 loading class sun/nio/cs/ThreadLocalCoders$2 done
Event: 11.840 loading class java/lang/ExceptionInInitializerError
Event: 11.840 loading class java/lang/ExceptionInInitializerError done
Event: 12.057 loading class java/util/Vector$1
Event: 12.057 loading class java/util/Vector$1 done
Event: 12.184 loading class java/util/Collections$UnmodifiableSortedSet
Event: 12.184 loading class java/util/Collections$UnmodifiableSortedSet done
Event: 12.205 loading class java/util/regex/Pattern$Caret
Event: 12.205 loading class java/util/regex/Pattern$Caret done
Event: 12.239 loading class java/util/Hashtable$ValueCollection
Event: 12.240 loading class java/util/Hashtable$ValueCollection done
Event: 12.241 loading class java/util/WeakHashMap$KeyIterator
Event: 12.241 loading class java/util/WeakHashMap$KeyIterator done
Event: 12.308 Thread 0x0000018dc5d153b0 Thread added: 0x0000018dc5d153b0
Event: 12.319 Thread 0x0000018dc44b3520 Thread added: 0x0000018dc44b3520
Event: 12.405 Thread 0x0000018dc277e890 Thread added: 0x0000018dc277e890


Dynamic libraries:
0x00007ff7e3750000 - 0x00007ff7e375e000 	c:\Users\LENOVO\.antigravity\extensions\redhat.java-1.12.0-win32-x64\jre\17.0.4.1-win32-x86_64\bin\java.exe
0x00007ffda53e0000 - 0x00007ffda5648000 	C:\WINDOWS\SYSTEM32\ntdll.dll
0x00007ffda3a20000 - 0x00007ffda3ae9000 	C:\WINDOWS\System32\KERNEL32.DLL
0x00007ffda2c50000 - 0x00007ffda3041000 	C:\WINDOWS\System32\KERNELBASE.dll
0x00007ffda1cc0000 - 0x00007ffda1e0b000 	C:\WINDOWS\System32\ucrtbase.dll
0x00007ffd7c070000 - 0x00007ffd7c089000 	c:\Users\LENOVO\.antigravity\extensions\redhat.java-1.12.0-win32-x64\jre\17.0.4.1-win32-x86_64\bin\VCRUNTIME140.dll
0x00007ffd7c050000 - 0x00007ffd7c068000 	c:\Users\LENOVO\.antigravity\extensions\redhat.java-1.12.0-win32-x64\jre\17.0.4.1-win32-x86_64\bin\jli.dll
0x00007ffda4730000 - 0x00007ffda48f6000 	C:\WINDOWS\System32\USER32.dll
0x00007ffda2170000 - 0x00007ffda2197000 	C:\WINDOWS\System32\win32u.dll
0x00007ffd85e20000 - 0x00007ffd860b3000 	C:\WINDOWS\WinSxS\amd64_microsoft.windows.common-controls_6595b64144ccf1df_6.0.26100.7824_none_3e0870b2e3345462\COMCTL32.dll
0x00007ffda4b10000 - 0x00007ffda4b3b000 	C:\WINDOWS\System32\GDI32.dll
0x00007ffda3320000 - 0x00007ffda33c9000 	C:\WINDOWS\System32\msvcrt.dll
0x00007ffda3050000 - 0x00007ffda317b000 	C:\WINDOWS\System32\gdi32full.dll
0x00007ffda20c0000 - 0x00007ffda2163000 	C:\WINDOWS\System32\msvcp_win.dll
0x00007ffda3630000 - 0x00007ffda3661000 	C:\WINDOWS\System32\IMM32.DLL
0x00007ffd7bec0000 - 0x00007ffd7becc000 	c:\Users\LENOVO\.antigravity\extensions\redhat.java-1.12.0-win32-x64\jre\17.0.4.1-win32-x86_64\bin\vcruntime140_1.dll
0x00007ffd57a70000 - 0x00007ffd57b01000 	c:\Users\LENOVO\.antigravity\extensions\redhat.java-1.12.0-win32-x64\jre\17.0.4.1-win32-x86_64\bin\msvcp140.dll
0x00007ffd1ac80000 - 0x00007ffd1b8c6000 	c:\Users\LENOVO\.antigravity\extensions\redhat.java-1.12.0-win32-x64\jre\17.0.4.1-win32-x86_64\bin\server\jvm.dll
0x00007ffda40e0000 - 0x00007ffda4194000 	C:\WINDOWS\System32\ADVAPI32.dll
0x00007ffda4390000 - 0x00007ffda4436000 	C:\WINDOWS\System32\sechost.dll
0x00007ffda3b00000 - 0x00007ffda3c18000 	C:\WINDOWS\System32\RPCRT4.dll
0x00007ffda49d0000 - 0x00007ffda49d8000 	C:\WINDOWS\System32\PSAPI.DLL
0x00007ffd7a3a0000 - 0x00007ffd7a3aa000 	C:\WINDOWS\SYSTEM32\WSOCK32.dll
0x00007ffda33d0000 - 0x00007ffda3444000 	C:\WINDOWS\System32\WS2_32.dll
0x00007ffd99380000 - 0x00007ffd993b5000 	C:\WINDOWS\SYSTEM32\WINMM.dll
0x00007ffd8f5e0000 - 0x00007ffd8f5eb000 	C:\WINDOWS\SYSTEM32\VERSION.dll
0x00007ffda0a60000 - 0x00007ffda0a7b000 	C:\WINDOWS\SYSTEM32\kernel.appcore.dll
0x00007ffd79ce0000 - 0x00007ffd79cea000 	c:\Users\LENOVO\.antigravity\extensions\redhat.java-1.12.0-win32-x64\jre\17.0.4.1-win32-x86_64\bin\jimage.dll
0x00007ffd9f100000 - 0x00007ffd9f342000 	C:\WINDOWS\SYSTEM32\DBGHELP.DLL
0x00007ffda3690000 - 0x00007ffda3a16000 	C:\WINDOWS\System32\combase.dll
0x00007ffda3550000 - 0x00007ffda3627000 	C:\WINDOWS\System32\OLEAUT32.dll
0x00007ffd7bef0000 - 0x00007ffd7bf2b000 	C:\WINDOWS\SYSTEM32\dbgcore.DLL
0x00007ffda1f80000 - 0x00007ffda2025000 	C:\WINDOWS\System32\bcryptPrimitives.dll
0x00007ffd78830000 - 0x00007ffd7883e000 	c:\Users\LENOVO\.antigravity\extensions\redhat.java-1.12.0-win32-x64\jre\17.0.4.1-win32-x86_64\bin\instrument.dll
0x00007ffd6c450000 - 0x00007ffd6c475000 	c:\Users\LENOVO\.antigravity\extensions\redhat.java-1.12.0-win32-x64\jre\17.0.4.1-win32-x86_64\bin\java.dll
0x00007ffd646d0000 - 0x00007ffd646e8000 	c:\Users\LENOVO\.antigravity\extensions\redhat.java-1.12.0-win32-x64\jre\17.0.4.1-win32-x86_64\bin\zip.dll
0x00007ffda4b40000 - 0x00007ffda5292000 	C:\WINDOWS\System32\SHELL32.dll
0x00007ffda1e10000 - 0x00007ffda1f7a000 	C:\WINDOWS\System32\wintypes.dll
0x00007ffda2260000 - 0x00007ffda2ac3000 	C:\WINDOWS\System32\windows.storage.dll
0x00007ffda3450000 - 0x00007ffda3546000 	C:\WINDOWS\System32\SHCORE.dll
0x00007ffda4960000 - 0x00007ffda49c7000 	C:\WINDOWS\System32\shlwapi.dll
0x00007ffda1be0000 - 0x00007ffda1c09000 	C:\WINDOWS\SYSTEM32\profapi.dll
0x00007ffd646b0000 - 0x00007ffd646c9000 	C:\Users\LENOVO\.antigravity\extensions\redhat.java-1.12.0-win32-x64\jre\17.0.4.1-win32-x86_64\bin\net.dll
0x00007ffd93a00000 - 0x00007ffd93b27000 	C:\WINDOWS\SYSTEM32\WINHTTP.dll
0x00007ffda0fd0000 - 0x00007ffda103b000 	C:\WINDOWS\system32\mswsock.dll
0x00007ffd64630000 - 0x00007ffd64645000 	C:\Users\LENOVO\.antigravity\extensions\redhat.java-1.12.0-win32-x64\jre\17.0.4.1-win32-x86_64\bin\nio.dll
0x00007ffd76e40000 - 0x00007ffd76e50000 	c:\Users\LENOVO\.antigravity\extensions\redhat.java-1.12.0-win32-x64\jre\17.0.4.1-win32-x86_64\bin\verify.dll
0x00007ffd5ee70000 - 0x00007ffd5eeae000 	C:\Users\LENOVO\AppData\Roaming\Antigravity\User\globalStorage\redhat.java\1.12.0\config_ss_win\org.eclipse.equinox.launcher\org.eclipse.equinox.launcher.win32.win32.x86_64_1.2.600.v20220720-1916\eclipse_11700.dll
0x00007ffda3180000 - 0x00007ffda3317000 	C:\WINDOWS\System32\ole32.dll
0x00007ffda12a0000 - 0x00007ffda12bb000 	C:\WINDOWS\SYSTEM32\CRYPTSP.dll
0x00007ffda09c0000 - 0x00007ffda09f9000 	C:\WINDOWS\system32\rsaenh.dll
0x00007ffda1080000 - 0x00007ffda10ab000 	C:\WINDOWS\SYSTEM32\USERENV.dll
0x00007ffda1bb0000 - 0x00007ffda1bda000 	C:\WINDOWS\SYSTEM32\bcrypt.dll
0x00007ffda12c0000 - 0x00007ffda12cc000 	C:\WINDOWS\SYSTEM32\CRYPTBASE.dll
0x00007ffda04f0000 - 0x00007ffda0524000 	C:\WINDOWS\SYSTEM32\IPHLPAPI.DLL
0x00007ffda3670000 - 0x00007ffda367a000 	C:\WINDOWS\System32\NSI.dll
0x00007ffd9b370000 - 0x00007ffd9b38e000 	C:\WINDOWS\SYSTEM32\dhcpcsvc6.DLL
0x00007ffd9b2f0000 - 0x00007ffd9b313000 	C:\WINDOWS\SYSTEM32\dhcpcsvc.DLL
0x00007ffda0530000 - 0x00007ffda065c000 	C:\WINDOWS\SYSTEM32\DNSAPI.dll
0x00007ffd5ab80000 - 0x00007ffd5abc0000 	C:\Users\LENOVO\AppData\Local\Temp\jna--2053026509\jna3200700678542714302.dll

dbghelp: loaded successfully - version: 4.0.5 - missing functions: none
symbol engine: initialized successfully - sym options: 0x614 - pdb path: .;c:\Users\LENOVO\.antigravity\extensions\redhat.java-1.12.0-win32-x64\jre\17.0.4.1-win32-x86_64\bin;C:\WINDOWS\SYSTEM32;C:\WINDOWS\WinSxS\amd64_microsoft.windows.common-controls_6595b64144ccf1df_6.0.26100.7824_none_3e0870b2e3345462;c:\Users\LENOVO\.antigravity\extensions\redhat.java-1.12.0-win32-x64\jre\17.0.4.1-win32-x86_64\bin\server;C:\Users\LENOVO\AppData\Roaming\Antigravity\User\globalStorage\redhat.java\1.12.0\config_ss_win\org.eclipse.equinox.launcher\org.eclipse.equinox.launcher.win32.win32.x86_64_1.2.600.v20220720-1916;C:\Users\LENOVO\AppData\Local\Temp\jna--2053026509

VM Arguments:
jvm_args: --add-modules=ALL-SYSTEM --add-opens=java.base/java.util=ALL-UNNAMED --add-opens=java.base/java.lang=ALL-UNNAMED --add-opens=java.base/sun.nio.fs=ALL-UNNAMED -Declipse.application=org.eclipse.jdt.ls.core.id1 -Dosgi.bundles.defaultStartLevel=4 -Declipse.product=org.eclipse.jdt.ls.core.product -Djava.import.generatesMetadataFilesAtProjectRoot=false -Dfile.encoding=utf8 -XX:+UseParallelGC -XX:GCTimeRatio=4 -XX:AdaptiveSizePolicyWeight=90 -Dsun.zip.disableMemoryMapping=true -Xmx1G -Xms100m -Xlog:disable -javaagent:c:\Users\LENOVO\.antigravity\extensions\redhat.java-1.12.0-win32-x64\lombok\lombok-1.18.24.jar 
java_command: c:\Users\LENOVO\.antigravity\extensions\redhat.java-1.12.0-win32-x64\server\plugins\org.eclipse.equinox.launcher_1.6.400.v20210924-0641.jar -configuration c:\Users\LENOVO\AppData\Roaming\Antigravity\User\globalStorage\redhat.java\1.12.0\config_ss_win -data c:\Users\LENOVO\AppData\Roaming\Antigravity\User\workspaceStorage\0b3c1e4f8221231f8f615dd7f9827724\redhat.java\ss_ws
java_class_path (initial): c:\Users\LENOVO\.antigravity\extensions\redhat.java-1.12.0-win32-x64\server\plugins\org.eclipse.equinox.launcher_1.6.400.v20210924-0641.jar
Launcher Type: SUN_STANDARD

[Global flags]
    uintx AdaptiveSizePolicyWeight                 = 90                                        {product} {command line}
     intx CICompilerCount                          = 4                                         {product} {ergonomic}
    uintx GCTimeRatio                              = 4                                         {product} {command line}
   size_t InitialHeapSize                          = 104857600                                 {product} {command line}
   size_t MaxHeapSize                              = 1073741824                                {product} {command line}
   size_t MaxNewSize                               = 357564416                                 {product} {ergonomic}
   size_t MinHeapDeltaBytes                        = 524288                                    {product} {ergonomic}
   size_t MinHeapSize                              = 104857600                                 {product} {command line}
   size_t NewSize                                  = 34603008                                  {product} {ergonomic}
    uintx NonNMethodCodeHeapSize                   = 5839372                                {pd product} {ergonomic}
    uintx NonProfiledCodeHeapSize                  = 122909434                              {pd product} {ergonomic}
   size_t OldSize                                  = 70254592                                  {product} {ergonomic}
    uintx ProfiledCodeHeapSize                     = 122909434                              {pd product} {ergonomic}
    uintx ReservedCodeCacheSize                    = 251658240                              {pd product} {ergonomic}
     bool SegmentedCodeCache                       = true                                      {product} {ergonomic}
   size_t SoftMaxHeapSize                          = 1073741824                             {manageable} {ergonomic}
     bool UseCompressedClassPointers               = true                           {product lp64_product} {ergonomic}
     bool UseCompressedOops                        = true                           {product lp64_product} {ergonomic}
     bool UseLargePagesIndividualAllocation        = false                                  {pd product} {ergonomic}
     bool UseParallelGC                            = true                                      {product} {command line}

Logging:
Log output configuration:
 #0: stdout all=off uptime,level,tags
 #1: stderr all=off uptime,level,tags

Environment Variables:
JAVA_HOME=C:\Program Files\Java\jdk-20
PATH=C:\Program Files\MongoDB\Server\8.2\bin;C:\Program Files\Eclipse Adoptium\jdk-17.0.17.10-hotspot\bin;C:\oraclexe\app\oracle\product\11.2.0\server\bin;C:\xampp\php;C:\Program Files\MySQL\MySQL Server 8.0\bin;C:\Python 3.12\Python 3.12.exe;C:\Users\LENOVO\AppData\Local\Programs\Python\Python312\python.exe;C:\Users\LENOVO\Downloads\flutter_windows_3.16.0-stable\flutter\bin;C:\ProgramData\Oracle\Java\javapath;C:\Program Files\Java\jdk-21.0.1\bin;C:\Program Files\Common Files\Oracle\Java\javapath;C:\Program Files\Java\jdk-20\bin;C:\Users\LENOVO\Downloads\sqldeveloper-23.1.0.097.1607-x64\sqldeveloper\sqldeveloper\bin;C:\Users\LENOVO\Downloads\msys2-x86_64-20230318.exe;C:\WINDOWS\system32;C:\WINDOWS;C:\WINDOWS\System32\Wbem;C:\WINDOWS\System32\WindowsPowerShell\v1.0\;C:\WINDOWS\System32\OpenSSH\;C:\Program Files\Git\cmd;C:\Program Files\Git\bin;C:\Program Files\dotnet\;C:\Users\LENOVO\AppData\Local\Android\Sdk\platform-tools;C:\Users\LENOVO\AppData\Local\Android\Sdk\emulator;C:\Users\LENOVO\Downloads\php-8.3.11-nts-Win32-vs16-x64;C:\ProgramData\ComposerSetup\bin;C:\Program Files\nodejs\;C:\Program Files\Microsoft SQL Server\150\Tools\Binn\;C:\Program Files\Docker\Docker\resources\bin;C:\Program Files\Vagrant\bin;C:\Users\LENOVO\scoop\shims;C:\Program Files\MySQL\MySQL Shell 8.0\bin\;C:\Users\LENOVO\AppData\Local\Programs\Python\Launcher\;C:\Python27\python.exe;C:\Users\LENOVO\AppData\Local\Programs\Python\Python311;C:\Users\LENOVO\AppData\Local\Programs\Python\Python311\Scripts\;C:\Python27;C:\Users\LENOVO\AppData\Local\Microsoft\WindowsApps;C:\Program Files\JetBrains\PyCharm Community Edition 2023.1\bin;;C:\Users\LENOVO\AppData\Local\GitHubDesktop\bin;C:\Users\LENOVO\.dotnet\tools;C:\Program Files (x86)\Nmap;C:\Users\LENOVO\AppData\Local\Programs\MiKTeX\miktex\bin\x64\;C:\Users\LENOVO\AppData\Roaming\Composer\vendor\bin;C:\xampp\php;C:\Program Files\JetBrains\IntelliJ IDEA 2024.2.1\bin;;C:\Flex Windows\gcc\bin;C:\Flex Windows\Lex\bin;C:\Flex Windows\bison\bin;C:\Users\L
USERNAME=LENOVO
OS=Windows_NT
PROCESSOR_IDENTIFIER=Intel64 Family 6 Model 140 Stepping 2, GenuineIntel
TMP=C:\Users\LENOVO\AppData\Local\Temp
TEMP=C:\Users\LENOVO\AppData\Local\Temp



---------------  S Y S T E M  ---------------

OS:
 Windows 11 , 64 bit Build 26100 (10.0.26100.7705)
OS uptime: 0 days 1:12 hours
Hyper-V role detected

CPU: total 8 (initial active 8) (4 cores per cpu, 2 threads per core) family 6 model 140 stepping 2 microcode 0x26, cx8, cmov, fxsr, ht, mmx, 3dnowpref, sse, sse2, sse3, ssse3, sse4.1, sse4.2, popcnt, lzcnt, tsc, tscinvbit, avx, avx2, aes, erms, clmul, bmi1, bmi2, adx, avx512f, avx512dq, avx512cd, avx512bw, avx512vl, sha, fma, vzeroupper, avx512_vpopcntdq, avx512_vpclmulqdq, avx512_vaes, avx512_vnni, clflush, clflushopt, clwb, avx512_vbmi2, avx512_vbmi, hv

Memory: 4k page, system-wide physical 16167M (1572M free)
TotalPageFile size 21167M (AvailPageFile size 5M)
current process WorkingSet (physical memory assigned to process): 190M, peak: 190M
current process commit charge ("private bytes"): 274M, peak: 274M

vm_info: OpenJDK 64-Bit Server VM (17.0.4.1+1) for windows-amd64 JRE (17.0.4.1+1), built on Aug 17 2022 07:42:43 by "temurin" with MS VC++ 16.7 (VS2019)

END.
