#
# There is insufficient memory for the Java Runtime Environment to continue.
# Native memory allocation (malloc) failed to allocate 371216 bytes for Chunk::new
# Possible reasons:
#   The system is out of physical RAM or swap space
#   The process is running with CompressedOops enabled, and the Java Heap may be blocking the growth of the native heap
# Possible solutions:
#   Reduce memory load on the system
#   Increase physical memory or swap space
#   Check if swap backing store is full
#   Decrease Java heap size (-Xmx/-Xms)
#   Decrease number of Java threads
#   Decrease Java thread stack sizes (-Xss)
#   Set larger code cache with -XX:ReservedCodeCacheSize=
#   JVM is running with Unscaled Compressed Oops mode in which the Java heap is
#     placed in the first 4GB address space. The Java Heap base address is the
#     maximum limit for the native heap growth. Please use -XX:HeapBaseMinAddress
#     to set the Java Heap base and to place the Java Heap above 4GB virtual address.
# This output file may be truncated or incomplete.
#
#  Out of Memory Error (arena.cpp:189), pid=4832, tid=16668
#
# JRE version: OpenJDK Runtime Environment Temurin-17.0.4.1+1 (17.0.4.1+1) (build 17.0.4.1+1)
# Java VM: OpenJDK 64-Bit Server VM Temurin-17.0.4.1+1 (17.0.4.1+1, mixed mode, tiered, compressed oops, compressed class ptrs, parallel gc, windows-amd64)
# No core dump will be written. Minidumps are not enabled by default on client versions of Windows
#

---------------  S U M M A R Y ------------

Command Line: --add-modules=ALL-SYSTEM --add-opens=java.base/java.util=ALL-UNNAMED --add-opens=java.base/java.lang=ALL-UNNAMED --add-opens=java.base/sun.nio.fs=ALL-UNNAMED -Declipse.application=org.eclipse.jdt.ls.core.id1 -Dosgi.bundles.defaultStartLevel=4 -Declipse.product=org.eclipse.jdt.ls.core.product -Djava.import.generatesMetadataFilesAtProjectRoot=false -Dfile.encoding=utf8 -XX:+UseParallelGC -XX:GCTimeRatio=4 -XX:AdaptiveSizePolicyWeight=90 -Dsun.zip.disableMemoryMapping=true -Xmx1G -Xms100m -Xlog:disable -javaagent:c:\Users\LENOVO\.antigravity\extensions\redhat.java-1.12.0-win32-x64\lombok\lombok-1.18.24.jar c:\Users\LENOVO\.antigravity\extensions\redhat.java-1.12.0-win32-x64\server\plugins\org.eclipse.equinox.launcher_1.6.400.v20210924-0641.jar -configuration c:\Users\LENOVO\AppData\Roaming\Antigravity\User\globalStorage\redhat.java\1.12.0\config_ss_win -data c:\Users\LENOVO\AppData\Roaming\Antigravity\User\workspaceStorage\0b3c1e4f8221231f8f615dd7f9827724\redhat.java\ss_ws

Host: 11th Gen Intel(R) Core(TM) i5-11320H @ 3.20GHz, 8 cores, 15G,  Windows 11 , 64 bit Build 26100 (10.0.26100.7705)
Time: Thu Mar  5 03:14:48 2026 Paris, Madrid elapsed time: 13.195092 seconds (0d 0h 0m 13s)

---------------  T H R E A D  ---------------

Current thread (0x00000195d636ccc0):  JavaThread "C2 CompilerThread0" daemon [_thread_in_native, id=16668, stack(0x000000628cc00000,0x000000628cd00000)]


Current CompileTask:
C2:  13195 3246       4       jdk.internal.jrtfs.JrtPath::resolve (125 bytes)

Stack: [0x000000628cc00000,0x000000628cd00000]
Native frames: (J=compiled Java code, j=interpreted, Vv=VM code, C=native code)
V  [jvm.dll+0x67731a]
V  [jvm.dll+0x832284]
V  [jvm.dll+0x833a2e]
V  [jvm.dll+0x834093]
V  [jvm.dll+0x245775]
V  [jvm.dll+0xabd7b]
V  [jvm.dll+0xac30c]
V  [jvm.dll+0x363a42]
V  [jvm.dll+0x32e011]
V  [jvm.dll+0x32d4ba]
V  [jvm.dll+0x218681]
V  [jvm.dll+0x217aa1]
V  [jvm.dll+0x1a3f8d]
V  [jvm.dll+0x227498]
V  [jvm.dll+0x2255e5]
V  [jvm.dll+0x7e7e9b]
V  [jvm.dll+0x7e240a]
V  [jvm.dll+0x6761a5]
C  [ucrtbase.dll+0x37b0]
C  [KERNEL32.DLL+0x2e8d7]
C  [ntdll.dll+0x8c40c]


---------------  P R O C E S S  ---------------

Threads class SMR info:
_java_thread_list=0x00000195d7952670, length=24, elements={
0x00000195c0a276e0, 0x00000195d48a4690, 0x00000195d633d280, 0x00000195d6364260,
0x00000195d6368f40, 0x00000195d6369800, 0x00000195d636c0d0, 0x00000195d636ccc0,
0x00000195d63d4cf0, 0x00000195d63d8520, 0x00000195d63fe940, 0x00000195d6657480,
0x00000195d7674160, 0x00000195d8a9ab00, 0x00000195d8852030, 0x00000195d79cc410,
0x00000195d89c8040, 0x00000195d8a8f3d0, 0x00000195d7501300, 0x00000195d75017d0,
0x00000195d7500960, 0x00000195d74ff150, 0x00000195d74ff620, 0x00000195db147f30
}

Java Threads: ( => current thread )
  0x00000195c0a276e0 JavaThread "main" [_thread_blocked, id=19772, stack(0x000000628c300000,0x000000628c400000)]
  0x00000195d48a4690 JavaThread "Reference Handler" daemon [_thread_blocked, id=18568, stack(0x000000628c600000,0x000000628c700000)]
  0x00000195d633d280 JavaThread "Finalizer" daemon [_thread_blocked, id=23200, stack(0x000000628c700000,0x000000628c800000)]
  0x00000195d6364260 JavaThread "Signal Dispatcher" daemon [_thread_blocked, id=12724, stack(0x000000628c800000,0x000000628c900000)]
  0x00000195d6368f40 JavaThread "Attach Listener" daemon [_thread_blocked, id=20464, stack(0x000000628c900000,0x000000628ca00000)]
  0x00000195d6369800 JavaThread "Service Thread" daemon [_thread_blocked, id=3232, stack(0x000000628ca00000,0x000000628cb00000)]
  0x00000195d636c0d0 JavaThread "Monitor Deflation Thread" daemon [_thread_blocked, id=11048, stack(0x000000628cb00000,0x000000628cc00000)]
=>0x00000195d636ccc0 JavaThread "C2 CompilerThread0" daemon [_thread_in_native, id=16668, stack(0x000000628cc00000,0x000000628cd00000)]
  0x00000195d63d4cf0 JavaThread "C1 CompilerThread0" daemon [_thread_blocked, id=18144, stack(0x000000628cd00000,0x000000628ce00000)]
  0x00000195d63d8520 JavaThread "Sweeper thread" daemon [_thread_blocked, id=14768, stack(0x000000628ce00000,0x000000628cf00000)]
  0x00000195d63fe940 JavaThread "Common-Cleaner" daemon [_thread_blocked, id=22564, stack(0x000000628cf00000,0x000000628d000000)]
  0x00000195d6657480 JavaThread "Notification Thread" daemon [_thread_blocked, id=12996, stack(0x000000628d000000,0x000000628d100000)]
  0x00000195d7674160 JavaThread "Active Thread: Equinox Container: 5018aa07-2cc7-4dbd-a559-be8b0ff4388b" [_thread_blocked, id=18092, stack(0x000000628d700000,0x000000628d800000)]
  0x00000195d8a9ab00 JavaThread "Framework Event Dispatcher: Equinox Container: 5018aa07-2cc7-4dbd-a559-be8b0ff4388b" daemon [_thread_blocked, id=19652, stack(0x000000628d800000,0x000000628d900000)]
  0x00000195d8852030 JavaThread "Start Level: Equinox Container: 5018aa07-2cc7-4dbd-a559-be8b0ff4388b" daemon [_thread_blocked, id=4056, stack(0x000000628d900000,0x000000628da00000)]
  0x00000195d79cc410 JavaThread "SCR Component Actor" daemon [_thread_blocked, id=23428, stack(0x000000628da00000,0x000000628db00000)]
  0x00000195d89c8040 JavaThread "Worker-JM" [_thread_blocked, id=19512, stack(0x000000628de00000,0x000000628df00000)]
  0x00000195d8a8f3d0 JavaThread "Worker-0: Initialize Workspace" [_thread_in_Java, id=19540, stack(0x000000628df00000,0x000000628e000000)]
  0x00000195d7501300 JavaThread "Worker-1" [_thread_blocked, id=16440, stack(0x000000628e000000,0x000000628e100000)]
  0x00000195d75017d0 JavaThread "Worker-2" [_thread_blocked, id=10124, stack(0x000000628e100000,0x000000628e200000)]
  0x00000195d7500960 JavaThread "JNA Cleaner" daemon [_thread_blocked, id=12524, stack(0x000000628dd00000,0x000000628de00000)]
  0x00000195d74ff150 JavaThread "pool-2-thread-1" [_thread_blocked, id=3668, stack(0x000000628e400000,0x000000628e500000)]
  0x00000195d74ff620 JavaThread "pool-1-thread-1" [_thread_in_native, id=17612, stack(0x000000628e500000,0x000000628e600000)]
  0x00000195db147f30 JavaThread "C2 CompilerThread1" daemon [_thread_in_native, id=3168, stack(0x000000628e600000,0x000000628e700000)]

Other Threads:
  0x00000195c0aeebf0 VMThread "VM Thread" [stack: 0x000000628c500000,0x000000628c600000] [id=8404]
  0x00000195d66471e0 WatcherThread [stack: 0x000000628d100000,0x000000628d200000] [id=19104]
  0x00000195c0a3c9e0 GCTaskThread "GC Thread#0" [stack: 0x000000628c400000,0x000000628c500000] [id=3440]
  0x00000195d77648c0 GCTaskThread "GC Thread#1" [stack: 0x000000628d200000,0x000000628d300000] [id=23300]
  0x00000195d7764b70 GCTaskThread "GC Thread#2" [stack: 0x000000628d300000,0x000000628d400000] [id=8476]
  0x00000195d6550fb0 GCTaskThread "GC Thread#3" [stack: 0x000000628d400000,0x000000628d500000] [id=19076]
  0x00000195d6551260 GCTaskThread "GC Thread#4" [stack: 0x000000628d500000,0x000000628d600000] [id=4964]
  0x00000195d6551510 GCTaskThread "GC Thread#5" [stack: 0x000000628d600000,0x000000628d700000] [id=18456]
  0x00000195d76aff10 GCTaskThread "GC Thread#6" [stack: 0x000000628db00000,0x000000628dc00000] [id=9460]
  0x00000195d88ecc50 GCTaskThread "GC Thread#7" [stack: 0x000000628dc00000,0x000000628dd00000] [id=18504]

Threads with active compile tasks:
C2 CompilerThread0    13213 3246       4       jdk.internal.jrtfs.JrtPath::resolve (125 bytes)
C1 CompilerThread0    13213 3292       3       org.eclipse.jdt.internal.compiler.parser.Scanner::internalScanIdentifierOrKeyword (4773 bytes)
C2 CompilerThread1    13213 3264       4       jdk.internal.jrtfs.JrtPath::getNameCount (10 bytes)

VM state: not at safepoint (normal execution)

VM Mutex/Monitor currently owned by a thread: None

Heap address: 0x00000000c0000000, size: 1024 MB, Compressed Oops mode: 32-bit

CDS archive(s) not mapped
Compressed class space mapped at: 0x0000000100000000-0x0000000140000000, reserved size: 1073741824
Narrow klass base: 0x0000000000000000, Narrow klass shift: 3, Narrow klass range: 0x140000000

GC Precious Log:
 CPUs: 8 total, 8 available
 Memory: 16167M
 Large Page Support: Disabled
 NUMA Support: Disabled
 Compressed Oops: Enabled (32-bit)
 Alignments: Space 512K, Generation 512K, Heap 2M
 Heap Min Capacity: 100M
 Heap Initial Capacity: 100M
 Heap Max Capacity: 1G
 Pre-touch: Disabled
 Parallel Workers: 8

Heap:
 PSYoungGen      total 26112K, used 4075K [0x00000000eab00000, 0x00000000ec780000, 0x0000000100000000)
  eden space 23040K, 5% used [0x00000000eab00000,0x00000000eac494a8,0x00000000ec180000)
  from space 3072K, 89% used [0x00000000ec200000,0x00000000ec4b1938,0x00000000ec500000)
  to   space 2560K, 0% used [0x00000000ec500000,0x00000000ec500000,0x00000000ec780000)
 ParOldGen       total 68608K, used 10555K [0x00000000c0000000, 0x00000000c4300000, 0x00000000eab00000)
  object space 68608K, 15% used [0x00000000c0000000,0x00000000c0a4efb0,0x00000000c4300000)
 Metaspace       used 34605K, committed 35200K, reserved 1081344K
  class space    used 3505K, committed 3776K, reserved 1048576K

Card table byte_map: [0x00000195c03d0000,0x00000195c05e0000] _byte_map_base: 0x00000195bfdd0000

Marking Bits: (ParMarkBitMap*) 0x00007ff96cfc2cc0
 Begin Bits: [0x00000195d26b0000, 0x00000195d36b0000)
 End Bits:   [0x00000195d36b0000, 0x00000195d46b0000)

Polling page: 0x00000195bebd0000

Metaspace:

Usage:
  Non-class:     30.37 MB used.
      Class:      3.42 MB used.
       Both:     33.79 MB used.

Virtual space:
  Non-class space:       32.00 MB reserved,      30.69 MB ( 96%) committed,  4 nodes.
      Class space:        1.00 GB reserved,       3.69 MB ( <1%) committed,  1 nodes.
             Both:        1.03 GB reserved,      34.38 MB (  3%) committed. 

Chunk freelists:
   Non-Class:  640.00 KB
       Class:  336.00 KB
        Both:  976.00 KB

MaxMetaspaceSize: unlimited
CompressedClassSpaceSize: 1.00 GB
Initial GC threshold: 21.00 MB
Current GC threshold: 35.00 MB
CDS: off
MetaspaceReclaimPolicy: balanced
 - commit_granule_bytes: 65536.
 - commit_granule_words: 8192.
 - virtual_space_node_default_size: 1048576.
 - enlarge_chunks_in_place: 1.
 - new_chunks_are_fully_committed: 0.
 - uncommit_free_chunks: 1.
 - use_allocation_guard: 0.
 - handle_deallocations: 1.


Internal statistics:

num_allocs_failed_limit: 3.
num_arena_births: 252.
num_arena_deaths: 14.
num_vsnodes_births: 5.
num_vsnodes_deaths: 0.
num_space_committed: 550.
num_space_uncommitted: 0.
num_chunks_returned_to_freelist: 17.
num_chunks_taken_from_freelist: 1266.
num_chunk_merges: 7.
num_chunk_splits: 863.
num_chunks_enlarged: 617.
num_purges: 2.
num_inconsistent_stats: 0.

CodeHeap 'non-profiled nmethods': size=120000Kb used=1489Kb max_used=1489Kb free=118510Kb
 bounds [0x00000195cb180000, 0x00000195cb3f0000, 0x00000195d26b0000]
CodeHeap 'profiled nmethods': size=120000Kb used=6613Kb max_used=6613Kb free=113386Kb
 bounds [0x00000195c3c50000, 0x00000195c42d0000, 0x00000195cb180000]
CodeHeap 'non-nmethods': size=5760Kb used=1266Kb max_used=1311Kb free=4493Kb
 bounds [0x00000195c36b0000, 0x00000195c3920000, 0x00000195c3c50000]
 total_blobs=3854 nmethods=3283 adapters=485
 compilation: enabled
              stopped_count=0, restarted_count=0
 full_count=0

Compilation events (20 events):
Event: 11.200 Thread 0x00000195d63d4cf0 nmethod 3266 0x00000195c42b4490 code [0x00000195c42b4660, 0x00000195c42b4b68]
Event: 11.200 Thread 0x00000195d63d4cf0 3267       3       org.eclipse.jdt.internal.core.JarPackageFragment::<init> (7 bytes)
Event: 11.200 Thread 0x00000195d63d4cf0 nmethod 3267 0x00000195c42b4d90 code [0x00000195c42b4f60, 0x00000195c42b54d8]
Event: 11.200 Thread 0x00000195d63d4cf0 3268       3       jdk.internal.jimage.ImageReader$SharedImageReader::handleModulesSubTree (56 bytes)
Event: 11.201 Thread 0x00000195d63d4cf0 nmethod 3268 0x00000195c42b5710 code [0x00000195c42b5920, 0x00000195c42b5f68]
Event: 11.201 Thread 0x00000195d63d4cf0 3269       3       org.eclipse.jdt.internal.core.PackageFragment::hashCode (43 bytes)
Event: 11.201 Thread 0x00000195d63d4cf0 nmethod 3269 0x00000195c42b6290 code [0x00000195c42b6460, 0x00000195c42b6898]
Event: 11.201 Thread 0x00000195d63d4cf0 3270       3       org.eclipse.jdt.internal.core.JrtPackageFragmentRoot$1::visitPackage (14 bytes)
Event: 11.201 Thread 0x00000195d63d4cf0 nmethod 3270 0x00000195c42b6a90 code [0x00000195c42b6c40, 0x00000195c42b6f88]
Event: 11.201 Thread 0x00000195d63d4cf0 3271       3       org.eclipse.jdt.internal.core.JrtPackageFragmentRoot$1::visitPackage (24 bytes)
Event: 11.201 Thread 0x00000195d63d4cf0 nmethod 3271 0x00000195c42b7090 code [0x00000195c42b7240, 0x00000195c42b74f8]
Event: 11.201 Thread 0x00000195d63d4cf0 3272       3       org.eclipse.jdt.internal.compiler.impl.CompilerOptions::versionToJdkLevel (6 bytes)
Event: 11.201 Thread 0x00000195d63d4cf0 nmethod 3272 0x00000195c42b7610 code [0x00000195c42b77a0, 0x00000195c42b78c8]
Event: 11.202 Thread 0x00000195d63d4cf0 3274   !   3       org.eclipse.core.internal.resources.Workspace::getResourceInfo (108 bytes)
Event: 11.202 Thread 0x00000195d63d4cf0 nmethod 3274 0x00000195c42b7990 code [0x00000195c42b7be0, 0x00000195c42b8578]
Event: 11.202 Thread 0x00000195d63d4cf0 3276       3       org.eclipse.jdt.internal.core.Openable::resource (28 bytes)
Event: 11.203 Thread 0x00000195d63d4cf0 nmethod 3276 0x00000195c42b8a10 code [0x00000195c42b8c20, 0x00000195c42b9638]
Event: 11.203 Thread 0x00000195d63d4cf0 3275       3       java.io.File::getName (42 bytes)
Event: 11.203 Thread 0x00000195d63d4cf0 nmethod 3275 0x00000195c42b9890 code [0x00000195c42b9ae0, 0x00000195c42ba318]
Event: 11.205 Thread 0x00000195d63d4cf0 3277   !   3       sun.nio.fs.WindowsPath::initOffsets (153 bytes)

GC Heap History (18 events):
Event: 1.502 GC heap before
{Heap before GC invocations=1 (full 0):
 PSYoungGen      total 29696K, used 25600K [0x00000000eab00000, 0x00000000ecc00000, 0x0000000100000000)
  eden space 25600K, 100% used [0x00000000eab00000,0x00000000ec400000,0x00000000ec400000)
  from space 4096K, 0% used [0x00000000ec800000,0x00000000ec800000,0x00000000ecc00000)
  to   space 4096K, 0% used [0x00000000ec400000,0x00000000ec400000,0x00000000ec800000)
 ParOldGen       total 68608K, used 0K [0x00000000c0000000, 0x00000000c4300000, 0x00000000eab00000)
  object space 68608K, 0% used [0x00000000c0000000,0x00000000c0000000,0x00000000c4300000)
 Metaspace       used 10817K, committed 10944K, reserved 1064960K
  class space    used 1087K, committed 1152K, reserved 1048576K
}
Event: 1.510 GC heap after
{Heap after GC invocations=1 (full 0):
 PSYoungGen      total 29696K, used 3256K [0x00000000eab00000, 0x00000000ecc00000, 0x0000000100000000)
  eden space 25600K, 0% used [0x00000000eab00000,0x00000000eab00000,0x00000000ec400000)
  from space 4096K, 79% used [0x00000000ec400000,0x00000000ec72e218,0x00000000ec800000)
  to   space 4096K, 0% used [0x00000000ec800000,0x00000000ec800000,0x00000000ecc00000)
 ParOldGen       total 68608K, used 16K [0x00000000c0000000, 0x00000000c4300000, 0x00000000eab00000)
  object space 68608K, 0% used [0x00000000c0000000,0x00000000c0004000,0x00000000c4300000)
 Metaspace       used 10817K, committed 10944K, reserved 1064960K
  class space    used 1087K, committed 1152K, reserved 1048576K
}
Event: 2.498 GC heap before
{Heap before GC invocations=2 (full 0):
 PSYoungGen      total 29696K, used 28856K [0x00000000eab00000, 0x00000000ecc00000, 0x0000000100000000)
  eden space 25600K, 100% used [0x00000000eab00000,0x00000000ec400000,0x00000000ec400000)
  from space 4096K, 79% used [0x00000000ec400000,0x00000000ec72e218,0x00000000ec800000)
  to   space 4096K, 0% used [0x00000000ec800000,0x00000000ec800000,0x00000000ecc00000)
 ParOldGen       total 68608K, used 16K [0x00000000c0000000, 0x00000000c4300000, 0x00000000eab00000)
  object space 68608K, 0% used [0x00000000c0000000,0x00000000c0004000,0x00000000c4300000)
 Metaspace       used 15159K, committed 15424K, reserved 1064960K
  class space    used 1550K, committed 1664K, reserved 1048576K
}
Event: 2.502 GC heap after
{Heap after GC invocations=2 (full 0):
 PSYoungGen      total 29696K, used 4077K [0x00000000eab00000, 0x00000000ecc00000, 0x0000000100000000)
  eden space 25600K, 0% used [0x00000000eab00000,0x00000000eab00000,0x00000000ec400000)
  from space 4096K, 99% used [0x00000000ec800000,0x00000000ecbfb728,0x00000000ecc00000)
  to   space 4096K, 0% used [0x00000000ec400000,0x00000000ec400000,0x00000000ec800000)
 ParOldGen       total 68608K, used 710K [0x00000000c0000000, 0x00000000c4300000, 0x00000000eab00000)
  object space 68608K, 1% used [0x00000000c0000000,0x00000000c00b1b60,0x00000000c4300000)
 Metaspace       used 15159K, committed 15424K, reserved 1064960K
  class space    used 1550K, committed 1664K, reserved 1048576K
}
Event: 3.068 GC heap before
{Heap before GC invocations=3 (full 0):
 PSYoungGen      total 29696K, used 29677K [0x00000000eab00000, 0x00000000ecc00000, 0x0000000100000000)
  eden space 25600K, 100% used [0x00000000eab00000,0x00000000ec400000,0x00000000ec400000)
  from space 4096K, 99% used [0x00000000ec800000,0x00000000ecbfb728,0x00000000ecc00000)
  to   space 4096K, 0% used [0x00000000ec400000,0x00000000ec400000,0x00000000ec800000)
 ParOldGen       total 68608K, used 710K [0x00000000c0000000, 0x00000000c4300000, 0x00000000eab00000)
  object space 68608K, 1% used [0x00000000c0000000,0x00000000c00b1b60,0x00000000c4300000)
 Metaspace       used 20192K, committed 20544K, reserved 1073152K
  class space    used 2058K, committed 2176K, reserved 1048576K
}
Event: 3.071 GC heap after
{Heap after GC invocations=3 (full 0):
 PSYoungGen      total 29696K, used 4066K [0x00000000eab00000, 0x00000000ecc00000, 0x0000000100000000)
  eden space 25600K, 0% used [0x00000000eab00000,0x00000000eab00000,0x00000000ec400000)
  from space 4096K, 99% used [0x00000000ec400000,0x00000000ec7f8b48,0x00000000ec800000)
  to   space 4096K, 0% used [0x00000000ec800000,0x00000000ec800000,0x00000000ecc00000)
 ParOldGen       total 68608K, used 2739K [0x00000000c0000000, 0x00000000c4300000, 0x00000000eab00000)
  object space 68608K, 3% used [0x00000000c0000000,0x00000000c02acfb0,0x00000000c4300000)
 Metaspace       used 20192K, committed 20544K, reserved 1073152K
  class space    used 2058K, committed 2176K, reserved 1048576K
}
Event: 3.208 GC heap before
{Heap before GC invocations=4 (full 0):
 PSYoungGen      total 29696K, used 9884K [0x00000000eab00000, 0x00000000ecc00000, 0x0000000100000000)
  eden space 25600K, 22% used [0x00000000eab00000,0x00000000eb0ae738,0x00000000ec400000)
  from space 4096K, 99% used [0x00000000ec400000,0x00000000ec7f8b48,0x00000000ec800000)
  to   space 4096K, 0% used [0x00000000ec800000,0x00000000ec800000,0x00000000ecc00000)
 ParOldGen       total 68608K, used 2739K [0x00000000c0000000, 0x00000000c4300000, 0x00000000eab00000)
  object space 68608K, 3% used [0x00000000c0000000,0x00000000c02acfb0,0x00000000c4300000)
 Metaspace       used 21105K, committed 21504K, reserved 1073152K
  class space    used 2151K, committed 2368K, reserved 1048576K
}
Event: 3.210 GC heap after
{Heap after GC invocations=4 (full 0):
 PSYoungGen      total 29696K, used 4092K [0x00000000eab00000, 0x00000000ecc00000, 0x0000000100000000)
  eden space 25600K, 0% used [0x00000000eab00000,0x00000000eab00000,0x00000000ec400000)
  from space 4096K, 99% used [0x00000000ec800000,0x00000000ecbff0f8,0x00000000ecc00000)
  to   space 4096K, 0% used [0x00000000ec400000,0x00000000ec400000,0x00000000ec800000)
 ParOldGen       total 68608K, used 3221K [0x00000000c0000000, 0x00000000c4300000, 0x00000000eab00000)
  object space 68608K, 4% used [0x00000000c0000000,0x00000000c0325490,0x00000000c4300000)
 Metaspace       used 21105K, committed 21504K, reserved 1073152K
  class space    used 2151K, committed 2368K, reserved 1048576K
}
Event: 3.210 GC heap before
{Heap before GC invocations=5 (full 1):
 PSYoungGen      total 29696K, used 4092K [0x00000000eab00000, 0x00000000ecc00000, 0x0000000100000000)
  eden space 25600K, 0% used [0x00000000eab00000,0x00000000eab00000,0x00000000ec400000)
  from space 4096K, 99% used [0x00000000ec800000,0x00000000ecbff0f8,0x00000000ecc00000)
  to   space 4096K, 0% used [0x00000000ec400000,0x00000000ec400000,0x00000000ec800000)
 ParOldGen       total 68608K, used 3221K [0x00000000c0000000, 0x00000000c4300000, 0x00000000eab00000)
  object space 68608K, 4% used [0x00000000c0000000,0x00000000c0325490,0x00000000c4300000)
 Metaspace       used 21105K, committed 21504K, reserved 1073152K
  class space    used 2151K, committed 2368K, reserved 1048576K
}
Event: 3.229 GC heap after
{Heap after GC invocations=5 (full 1):
 PSYoungGen      total 29696K, used 0K [0x00000000eab00000, 0x00000000ecc00000, 0x0000000100000000)
  eden space 25600K, 0% used [0x00000000eab00000,0x00000000eab00000,0x00000000ec400000)
  from space 4096K, 0% used [0x00000000ec800000,0x00000000ec800000,0x00000000ecc00000)
  to   space 4096K, 0% used [0x00000000ec400000,0x00000000ec400000,0x00000000ec800000)
 ParOldGen       total 68608K, used 7182K [0x00000000c0000000, 0x00000000c4300000, 0x00000000eab00000)
  object space 68608K, 10% used [0x00000000c0000000,0x00000000c0703918,0x00000000c4300000)
 Metaspace       used 21092K, committed 21504K, reserved 1073152K
  class space    used 2147K, committed 2368K, reserved 1048576K
}
Event: 4.098 GC heap before
{Heap before GC invocations=6 (full 1):
 PSYoungGen      total 29696K, used 25600K [0x00000000eab00000, 0x00000000ecc00000, 0x0000000100000000)
  eden space 25600K, 100% used [0x00000000eab00000,0x00000000ec400000,0x00000000ec400000)
  from space 4096K, 0% used [0x00000000ec800000,0x00000000ec800000,0x00000000ecc00000)
  to   space 4096K, 0% used [0x00000000ec400000,0x00000000ec400000,0x00000000ec800000)
 ParOldGen       total 68608K, used 7182K [0x00000000c0000000, 0x00000000c4300000, 0x00000000eab00000)
  object space 68608K, 10% used [0x00000000c0000000,0x00000000c0703918,0x00000000c4300000)
 Metaspace       used 24615K, committed 24960K, reserved 1073152K
  class space    used 2397K, committed 2560K, reserved 1048576K
}
Event: 4.099 GC heap after
{Heap after GC invocations=6 (full 1):
 PSYoungGen      total 25600K, used 333K [0x00000000eab00000, 0x00000000ec880000, 0x0000000100000000)
  eden space 25088K, 0% used [0x00000000eab00000,0x00000000eab00000,0x00000000ec380000)
  from space 512K, 65% used [0x00000000ec400000,0x00000000ec453600,0x00000000ec480000)
  to   space 2048K, 0% used [0x00000000ec680000,0x00000000ec680000,0x00000000ec880000)
 ParOldGen       total 68608K, used 7182K [0x00000000c0000000, 0x00000000c4300000, 0x00000000eab00000)
  object space 68608K, 10% used [0x00000000c0000000,0x00000000c0703918,0x00000000c4300000)
 Metaspace       used 24615K, committed 24960K, reserved 1073152K
  class space    used 2397K, committed 2560K, reserved 1048576K
}
Event: 6.006 GC heap before
{Heap before GC invocations=7 (full 1):
 PSYoungGen      total 25600K, used 25421K [0x00000000eab00000, 0x00000000ec880000, 0x0000000100000000)
  eden space 25088K, 100% used [0x00000000eab00000,0x00000000ec380000,0x00000000ec380000)
  from space 512K, 65% used [0x00000000ec400000,0x00000000ec453600,0x00000000ec480000)
  to   space 2048K, 0% used [0x00000000ec680000,0x00000000ec680000,0x00000000ec880000)
 ParOldGen       total 68608K, used 7182K [0x00000000c0000000, 0x00000000c4300000, 0x00000000eab00000)
  object space 68608K, 10% used [0x00000000c0000000,0x00000000c0703918,0x00000000c4300000)
 Metaspace       used 27510K, committed 27904K, reserved 1081344K
  class space    used 2659K, committed 2816K, reserved 1048576K
}
Event: 6.007 GC heap after
{Heap after GC invocations=7 (full 1):
 PSYoungGen      total 26112K, used 1096K [0x00000000eab00000, 0x00000000ec800000, 0x0000000100000000)
  eden space 24576K, 0% used [0x00000000eab00000,0x00000000eab00000,0x00000000ec300000)
  from space 1536K, 71% used [0x00000000ec680000,0x00000000ec792000,0x00000000ec800000)
  to   space 1536K, 0% used [0x00000000ec500000,0x00000000ec500000,0x00000000ec680000)
 ParOldGen       total 68608K, used 7190K [0x00000000c0000000, 0x00000000c4300000, 0x00000000eab00000)
  object space 68608K, 10% used [0x00000000c0000000,0x00000000c0705918,0x00000000c4300000)
 Metaspace       used 27510K, committed 27904K, reserved 1081344K
  class space    used 2659K, committed 2816K, reserved 1048576K
}
Event: 10.012 GC heap before
{Heap before GC invocations=8 (full 1):
 PSYoungGen      total 26112K, used 25672K [0x00000000eab00000, 0x00000000ec800000, 0x0000000100000000)
  eden space 24576K, 100% used [0x00000000eab00000,0x00000000ec300000,0x00000000ec300000)
  from space 1536K, 71% used [0x00000000ec680000,0x00000000ec792000,0x00000000ec800000)
  to   space 1536K, 0% used [0x00000000ec500000,0x00000000ec500000,0x00000000ec680000)
 ParOldGen       total 68608K, used 7190K [0x00000000c0000000, 0x00000000c4300000, 0x00000000eab00000)
  object space 68608K, 10% used [0x00000000c0000000,0x00000000c0705918,0x00000000c4300000)
 Metaspace       used 31810K, committed 32384K, reserved 1081344K
  class space    used 3207K, committed 3456K, reserved 1048576K
}
Event: 10.014 GC heap after
{Heap after GC invocations=8 (full 1):
 PSYoungGen      total 25600K, used 1515K [0x00000000eab00000, 0x00000000ec780000, 0x0000000100000000)
  eden space 24064K, 0% used [0x00000000eab00000,0x00000000eab00000,0x00000000ec280000)
  from space 1536K, 98% used [0x00000000ec500000,0x00000000ec67ac90,0x00000000ec680000)
  to   space 1024K, 0% used [0x00000000ec680000,0x00000000ec680000,0x00000000ec780000)
 ParOldGen       total 68608K, used 7913K [0x00000000c0000000, 0x00000000c4300000, 0x00000000eab00000)
  object space 68608K, 11% used [0x00000000c0000000,0x00000000c07ba610,0x00000000c4300000)
 Metaspace       used 31810K, committed 32384K, reserved 1081344K
  class space    used 3207K, committed 3456K, reserved 1048576K
}
Event: 10.737 GC heap before
{Heap before GC invocations=9 (full 1):
 PSYoungGen      total 25600K, used 25579K [0x00000000eab00000, 0x00000000ec780000, 0x0000000100000000)
  eden space 24064K, 100% used [0x00000000eab00000,0x00000000ec280000,0x00000000ec280000)
  from space 1536K, 98% used [0x00000000ec500000,0x00000000ec67ac90,0x00000000ec680000)
  to   space 1024K, 0% used [0x00000000ec680000,0x00000000ec680000,0x00000000ec780000)
 ParOldGen       total 68608K, used 7913K [0x00000000c0000000, 0x00000000c4300000, 0x00000000eab00000)
  object space 68608K, 11% used [0x00000000c0000000,0x00000000c07ba610,0x00000000c4300000)
 Metaspace       used 34412K, committed 34944K, reserved 1081344K
  class space    used 3484K, committed 3712K, reserved 1048576K
}
Event: 10.740 GC heap after
{Heap after GC invocations=9 (full 1):
 PSYoungGen      total 24576K, used 1022K [0x00000000eab00000, 0x00000000ec900000, 0x0000000100000000)
  eden space 23552K, 0% used [0x00000000eab00000,0x00000000eab00000,0x00000000ec200000)
  from space 1024K, 99% used [0x00000000ec680000,0x00000000ec77faf0,0x00000000ec780000)
  to   space 3584K, 0% used [0x00000000ec200000,0x00000000ec200000,0x00000000ec580000)
 ParOldGen       total 68608K, used 10206K [0x00000000c0000000, 0x00000000c4300000, 0x00000000eab00000)
  object space 68608K, 14% used [0x00000000c0000000,0x00000000c09f7890,0x00000000c4300000)
 Metaspace       used 34412K, committed 34944K, reserved 1081344K
  class space    used 3484K, committed 3712K, reserved 1048576K
}

Deoptimization events (20 events):
Event: 10.366 Thread 0x00000195d8a8f3d0 Uncommon trap: trap_request=0xffffff45 fr.pc=0x00000195cb2bd8d8 relative=0x0000000000000138
Event: 10.366 Thread 0x00000195d8a8f3d0 Uncommon trap: reason=unstable_if action=reinterpret pc=0x00000195cb2bd8d8 method=jdk.internal.jrtfs.JrtPath.normalize(Ljava/lang/String;)Ljava/lang/String; @ 78 c2
Event: 10.366 Thread 0x00000195d8a8f3d0 DEOPT PACKING pc=0x00000195cb2bd8d8 sp=0x000000628dffdce0
Event: 10.366 Thread 0x00000195d8a8f3d0 DEOPT UNPACKING pc=0x00000195c3705923 sp=0x000000628dffdc60 mode 2
Event: 10.468 Thread 0x00000195d8a8f3d0 Uncommon trap: trap_request=0xffffff45 fr.pc=0x00000195cb206c14 relative=0x0000000000000254
Event: 10.468 Thread 0x00000195d8a8f3d0 Uncommon trap: reason=unstable_if action=reinterpret pc=0x00000195cb206c14 method=java.util.HashMap.getNode(Ljava/lang/Object;)Ljava/util/HashMap$Node; @ 66 c2
Event: 10.468 Thread 0x00000195d8a8f3d0 DEOPT PACKING pc=0x00000195cb206c14 sp=0x000000628dffdfb0
Event: 10.468 Thread 0x00000195d8a8f3d0 DEOPT UNPACKING pc=0x00000195c3705923 sp=0x000000628dffded0 mode 2
Event: 10.472 Thread 0x00000195d8a8f3d0 Uncommon trap: trap_request=0xffffff45 fr.pc=0x00000195cb27e9a8 relative=0x0000000000000788
Event: 10.472 Thread 0x00000195d8a8f3d0 Uncommon trap: reason=unstable_if action=reinterpret pc=0x00000195cb27e9a8 method=java.util.HashMap.putVal(ILjava/lang/Object;Ljava/lang/Object;ZZ)Ljava/lang/Object; @ 94 c2
Event: 10.472 Thread 0x00000195d8a8f3d0 DEOPT PACKING pc=0x00000195cb27e9a8 sp=0x000000628dffdfb0
Event: 10.472 Thread 0x00000195d8a8f3d0 DEOPT UNPACKING pc=0x00000195c3705923 sp=0x000000628dffdf28 mode 2
Event: 10.530 Thread 0x00000195d8a8f3d0 Uncommon trap: trap_request=0xffffff45 fr.pc=0x00000195cb1fe918 relative=0x0000000000000258
Event: 10.530 Thread 0x00000195d8a8f3d0 Uncommon trap: reason=unstable_if action=reinterpret pc=0x00000195cb1fe918 method=java.util.HashMap.getNode(Ljava/lang/Object;)Ljava/util/HashMap$Node; @ 66 c2
Event: 10.530 Thread 0x00000195d8a8f3d0 DEOPT PACKING pc=0x00000195cb1fe918 sp=0x000000628dffdf70
Event: 10.530 Thread 0x00000195d8a8f3d0 DEOPT UNPACKING pc=0x00000195c3705923 sp=0x000000628dffdef0 mode 2
Event: 10.821 Thread 0x00000195d8a8f3d0 Uncommon trap: trap_request=0xffffff45 fr.pc=0x00000195cb2c49a0 relative=0x0000000000000260
Event: 10.821 Thread 0x00000195d8a8f3d0 Uncommon trap: reason=unstable_if action=reinterpret pc=0x00000195cb2c49a0 method=java.util.HashMap.getNode(Ljava/lang/Object;)Ljava/util/HashMap$Node; @ 131 c2
Event: 10.821 Thread 0x00000195d8a8f3d0 DEOPT PACKING pc=0x00000195cb2c49a0 sp=0x000000628dffdfb0
Event: 10.821 Thread 0x00000195d8a8f3d0 DEOPT UNPACKING pc=0x00000195c3705923 sp=0x000000628dffded0 mode 2

Classes unloaded (7 events):
Event: 3.213 Thread 0x00000195c0aeebf0 Unloading class 0x0000000100212800 'java/lang/invoke/LambdaForm$MH+0x0000000100212800'
Event: 3.213 Thread 0x00000195c0aeebf0 Unloading class 0x0000000100212400 'java/lang/invoke/LambdaForm$MH+0x0000000100212400'
Event: 3.213 Thread 0x00000195c0aeebf0 Unloading class 0x0000000100212000 'java/lang/invoke/LambdaForm$MH+0x0000000100212000'
Event: 3.213 Thread 0x00000195c0aeebf0 Unloading class 0x0000000100211c00 'java/lang/invoke/LambdaForm$MH+0x0000000100211c00'
Event: 3.213 Thread 0x00000195c0aeebf0 Unloading class 0x0000000100211400 'java/lang/invoke/LambdaForm$BMH+0x0000000100211400'
Event: 3.213 Thread 0x00000195c0aeebf0 Unloading class 0x0000000100211000 'java/lang/invoke/LambdaForm$DMH+0x0000000100211000'
Event: 3.213 Thread 0x00000195c0aeebf0 Unloading class 0x000000010020e400 'java/lang/invoke/LambdaForm$DMH+0x000000010020e400'

Classes redefined (0 events):
No events

Internal exceptions (20 events):
Event: 3.136 Thread 0x00000195d8852030 Exception <a 'java/lang/IncompatibleClassChangeError'{0x00000000ead3e5c0}: Found class java.lang.Object, but interface was expected> (0x00000000ead3e5c0) 
thrown [s\src\hotspot\share\interpreter\linkResolver.cpp, line 826]
Event: 3.180 Thread 0x00000195d8a8f3d0 Exception <a 'java/io/FileNotFoundException'{0x00000000eacbd9f8}> (0x00000000eacbd9f8) 
thrown [s\src\hotspot\share\prims\jni.cpp, line 516]
Event: 4.716 Thread 0x00000195d8852030 Exception <a 'java/lang/ClassNotFoundException'{0x00000000ebf42000}: com/sun/org/apache/xerces/internal/impl/msg/spi/DOMMessagesProvider> (0x00000000ebf42000) 
thrown [s\src\hotspot\share\classfile\systemDictionary.cpp, line 256]
Event: 4.724 Thread 0x00000195d8852030 Exception <a 'java/lang/ClassNotFoundException'{0x00000000ebf7b960}: com/sun/org/apache/xerces/internal/impl/msg/spi/XMLSerializerMessagesProvider> (0x00000000ebf7b960) 
thrown [s\src\hotspot\share\classfile\systemDictionary.cpp, line 256]
Event: 4.724 Thread 0x00000195d8852030 Exception <a 'java/lang/ClassNotFoundException'{0x00000000ebf93fa8}: com/sun/org/apache/xerces/internal/impl/msg/spi/XMLMessagesProvider> (0x00000000ebf93fa8) 
thrown [s\src\hotspot\share\classfile\systemDictionary.cpp, line 256]
Event: 5.468 Thread 0x00000195d8852030 Exception <a 'java/lang/NoSuchMethodError'{0x00000000ec23e7e0}: 'java.lang.Object java.lang.invoke.DirectMethodHandle$Holder.invokeStaticInit(java.lang.Object, int, int, int, int)'> (0x00000000ec23e7e0) 
thrown [s\src\hotspot\share\interpreter\linkResolver.cpp, line 759]
Event: 5.882 Thread 0x00000195d8852030 Exception <a 'java/lang/NoSuchMethodError'{0x00000000ec331540}: 'java.lang.Object java.lang.invoke.DirectMethodHandle$Holder.invokeStaticInit(java.lang.Object, java.lang.Object, int, int, int, int)'> (0x00000000ec331540) 
thrown [s\src\hotspot\share\interpreter\linkResolver.cpp, line 759]
Event: 6.083 Thread 0x00000195d8852030 Exception <a 'java/lang/ClassNotFoundException'{0x00000000eadb3128}: com/sun/org/apache/xml/internal/serializer/spi/XMLEntitiesProvider> (0x00000000eadb3128) 
thrown [s\src\hotspot\share\classfile\systemDictionary.cpp, line 256]
Event: 7.262 Thread 0x00000195d8852030 Exception <a 'java/io/FileNotFoundException'{0x00000000eb10fe50}> (0x00000000eb10fe50) 
thrown [s\src\hotspot\share\prims\jni.cpp, line 516]
Event: 9.762 Thread 0x00000195d8852030 Exception <a 'java/lang/UnsatisfiedLinkError'{0x00000000eb49c540}: La procédure spécifiée est introuvable.
> (0x00000000eb49c540) 
thrown [s\src\hotspot\share\prims\jni.cpp, line 535]
Event: 9.766 Thread 0x00000195d8852030 Exception <a 'java/io/FileNotFoundException'{0x00000000eb4bf488}> (0x00000000eb4bf488) 
thrown [s\src\hotspot\share\prims\jni.cpp, line 516]
Event: 9.781 Thread 0x00000195d8852030 Exception <a 'java/lang/UnsatisfiedLinkError'{0x00000000eb5d1b20}: La procédure spécifiée est introuvable.
> (0x00000000eb5d1b20) 
thrown [s\src\hotspot\share\prims\jni.cpp, line 535]
Event: 9.834 Thread 0x00000195c0a276e0 Exception <a 'java/lang/NoSuchMethodError'{0x00000000eb869d18}: 'void java.lang.invoke.DirectMethodHandle$Holder.invokeStatic(java.lang.Object, java.lang.Object, java.lang.Object, java.lang.Object)'> (0x00000000eb869d18) 
thrown [s\src\hotspot\share\interpreter\linkResolver.cpp, line 759]
Event: 9.956 Thread 0x00000195c0a276e0 Exception <a 'java/lang/NoSuchMethodError'{0x00000000ebfbafd8}: 'void java.lang.invoke.DirectMethodHandle$Holder.invokeSpecial(java.lang.Object, java.lang.Object, java.lang.Object, java.lang.Object, java.lang.Object, java.lang.Object)'> (0x00000000ebfbafd8) 
thrown [s\src\hotspot\share\interpreter\linkResolver.cpp, line 759]
Event: 9.956 Thread 0x00000195c0a276e0 Exception <a 'java/lang/NoSuchMethodError'{0x00000000ebfc2690}: 'java.lang.Object java.lang.invoke.DirectMethodHandle$Holder.newInvokeSpecial(java.lang.Object, java.lang.Object, java.lang.Object, java.lang.Object, java.lang.Object)'> (0x00000000ebfc2690) 
thrown [s\src\hotspot\share\interpreter\linkResolver.cpp, line 759]
Event: 10.039 Thread 0x00000195d74ff620 Exception <a 'java/io/FileNotFoundException'{0x00000000eac54390}> (0x00000000eac54390) 
thrown [s\src\hotspot\share\prims\jni.cpp, line 516]
Event: 10.255 Thread 0x00000195d8a8f3d0 Exception <a 'java/lang/NoSuchMethodError'{0x00000000eb4a2b78}: 'java.lang.Object java.lang.invoke.Invokers$Holder.invoke_MT(java.lang.Object, java.lang.Object, java.lang.Object)'> (0x00000000eb4a2b78) 
thrown [s\src\hotspot\share\interpreter\linkResolver.cpp, line 759]
Event: 11.042 Thread 0x00000195d8a8f3d0 Exception <a 'java/io/FileNotFoundException'{0x00000000eb568d68}> (0x00000000eb568d68) 
thrown [s\src\hotspot\share\prims\jni.cpp, line 516]
Event: 11.042 Thread 0x00000195d8a8f3d0 Exception <a 'java/io/FileNotFoundException'{0x00000000eb56a660}> (0x00000000eb56a660) 
thrown [s\src\hotspot\share\prims\jni.cpp, line 516]
Event: 11.075 Thread 0x00000195d8a8f3d0 Exception <a 'java/lang/NoSuchMethodError'{0x00000000eb576808}: 'void java.lang.invoke.DirectMethodHandle$Holder.invokeStaticInit(java.lang.Object, java.lang.Object, java.lang.Object)'> (0x00000000eb576808) 
thrown [s\src\hotspot\share\interpreter\linkResolver.cpp, line 759]

VM Operations (20 events):
Event: 7.250 Executing VM operation: Cleanup done
Event: 8.251 Executing VM operation: Cleanup
Event: 8.299 Executing VM operation: Cleanup done
Event: 9.306 Executing VM operation: Cleanup
Event: 9.337 Executing VM operation: Cleanup done
Event: 9.752 Executing VM operation: HandshakeAllThreads
Event: 9.752 Executing VM operation: HandshakeAllThreads done
Event: 10.012 Executing VM operation: ParallelGCFailedAllocation
Event: 10.014 Executing VM operation: ParallelGCFailedAllocation done
Event: 10.032 Executing VM operation: HandshakeAllThreads
Event: 10.032 Executing VM operation: HandshakeAllThreads done
Event: 10.238 Executing VM operation: HandshakeAllThreads
Event: 10.238 Executing VM operation: HandshakeAllThreads done
Event: 10.268 Executing VM operation: HandshakeAllThreads
Event: 10.268 Executing VM operation: HandshakeAllThreads done
Event: 10.526 Executing VM operation: ICBufferFull
Event: 10.526 Executing VM operation: ICBufferFull done
Event: 10.737 Executing VM operation: ParallelGCFailedAllocation
Event: 10.740 Executing VM operation: ParallelGCFailedAllocation done
Event: 11.742 Executing VM operation: Cleanup

Events (20 events):
Event: 10.313 loading class java/nio/file/Files$3
Event: 10.313 loading class java/nio/file/Files$3 done
Event: 10.313 loading class java/nio/file/FileVisitResult
Event: 10.313 loading class java/nio/file/FileVisitResult done
Event: 10.367 loading class java/util/regex/Pattern$BackRef
Event: 10.367 loading class java/util/regex/Pattern$BackRef done
Event: 10.379 loading class java/lang/ThreadLocal$SuppliedThreadLocal
Event: 10.379 loading class java/lang/ThreadLocal$SuppliedThreadLocal done
Event: 10.499 loading class java/nio/channels/Channels
Event: 10.500 loading class java/nio/channels/Channels done
Event: 10.500 loading class java/nio/channels/Channels$ReadableByteChannelImpl
Event: 10.500 loading class java/nio/channels/Channels$ReadableByteChannelImpl done
Event: 10.500 loading class java/nio/channels/NonWritableChannelException
Event: 10.500 loading class java/nio/channels/NonWritableChannelException done
Event: 10.500 loading class sun/nio/ch/ChannelInputStream
Event: 10.500 loading class sun/nio/ch/ChannelInputStream done
Event: 10.500 loading class java/nio/channels/SelectableChannel
Event: 10.500 loading class java/nio/channels/SelectableChannel done
Event: 11.030 Thread 0x00000195db147510 Thread exited: 0x00000195db147510
Event: 11.118 Thread 0x00000195db147f30 Thread added: 0x00000195db147f30


Dynamic libraries:
0x00007ff7cdaa0000 - 0x00007ff7cdaae000 	c:\Users\LENOVO\.antigravity\extensions\redhat.java-1.12.0-win32-x64\jre\17.0.4.1-win32-x86_64\bin\java.exe
0x00007ff9fe240000 - 0x00007ff9fe4a8000 	C:\WINDOWS\SYSTEM32\ntdll.dll
0x00007ff9fc710000 - 0x00007ff9fc7d9000 	C:\WINDOWS\System32\KERNEL32.DLL
0x00007ff9fabe0000 - 0x00007ff9fafd1000 	C:\WINDOWS\System32\KERNELBASE.dll
0x00007ff982a10000 - 0x00007ff982a28000 	c:\Users\LENOVO\.antigravity\extensions\redhat.java-1.12.0-win32-x64\jre\17.0.4.1-win32-x86_64\bin\jli.dll
0x00007ff9829f0000 - 0x00007ff982a09000 	c:\Users\LENOVO\.antigravity\extensions\redhat.java-1.12.0-win32-x64\jre\17.0.4.1-win32-x86_64\bin\VCRUNTIME140.dll
0x00007ff9fca90000 - 0x00007ff9fcc56000 	C:\WINDOWS\System32\USER32.dll
0x00007ff9fb200000 - 0x00007ff9fb227000 	C:\WINDOWS\System32\win32u.dll
0x00007ff9fc950000 - 0x00007ff9fc97b000 	C:\WINDOWS\System32\GDI32.dll
0x00007ff9fbeb0000 - 0x00007ff9fbfdb000 	C:\WINDOWS\System32\gdi32full.dll
0x00007ff9fbe00000 - 0x00007ff9fbea3000 	C:\WINDOWS\System32\msvcp_win.dll
0x00007ff9dc1c0000 - 0x00007ff9dc453000 	C:\WINDOWS\WinSxS\amd64_microsoft.windows.common-controls_6595b64144ccf1df_6.0.26100.7824_none_3e0870b2e3345462\COMCTL32.dll
0x00007ff9fc7e0000 - 0x00007ff9fc889000 	C:\WINDOWS\System32\msvcrt.dll
0x00007ff9fb2c0000 - 0x00007ff9fb40b000 	C:\WINDOWS\System32\ucrtbase.dll
0x00007ff9fe140000 - 0x00007ff9fe171000 	C:\WINDOWS\System32\IMM32.DLL
0x00007ff983d00000 - 0x00007ff983d0c000 	c:\Users\LENOVO\.antigravity\extensions\redhat.java-1.12.0-win32-x64\jre\17.0.4.1-win32-x86_64\bin\vcruntime140_1.dll
0x00007ff982950000 - 0x00007ff9829e1000 	c:\Users\LENOVO\.antigravity\extensions\redhat.java-1.12.0-win32-x64\jre\17.0.4.1-win32-x86_64\bin\msvcp140.dll
0x00007ff96c440000 - 0x00007ff96d086000 	c:\Users\LENOVO\.antigravity\extensions\redhat.java-1.12.0-win32-x64\jre\17.0.4.1-win32-x86_64\bin\server\jvm.dll
0x00007ff9fe080000 - 0x00007ff9fe134000 	C:\WINDOWS\System32\ADVAPI32.dll
0x00007ff9fd110000 - 0x00007ff9fd1b6000 	C:\WINDOWS\System32\sechost.dll
0x00007ff9fc5f0000 - 0x00007ff9fc708000 	C:\WINDOWS\System32\RPCRT4.dll
0x00007ff9fc1c0000 - 0x00007ff9fc1c8000 	C:\WINDOWS\System32\PSAPI.DLL
0x00007ff9d2380000 - 0x00007ff9d238a000 	C:\WINDOWS\SYSTEM32\WSOCK32.dll
0x00007ff9f24f0000 - 0x00007ff9f2525000 	C:\WINDOWS\SYSTEM32\WINMM.dll
0x00007ff9fd250000 - 0x00007ff9fd2c4000 	C:\WINDOWS\System32\WS2_32.dll
0x00007ff9ecd90000 - 0x00007ff9ecd9b000 	C:\WINDOWS\SYSTEM32\VERSION.dll
0x00007ff9f98c0000 - 0x00007ff9f98db000 	C:\WINDOWS\SYSTEM32\kernel.appcore.dll
0x00007ff982940000 - 0x00007ff98294a000 	c:\Users\LENOVO\.antigravity\extensions\redhat.java-1.12.0-win32-x64\jre\17.0.4.1-win32-x86_64\bin\jimage.dll
0x00007ff9f80a0000 - 0x00007ff9f82e2000 	C:\WINDOWS\SYSTEM32\DBGHELP.DLL
0x00007ff9fdcf0000 - 0x00007ff9fe076000 	C:\WINDOWS\System32\combase.dll
0x00007ff9fc9b0000 - 0x00007ff9fca87000 	C:\WINDOWS\System32\OLEAUT32.dll
0x00007ff9d8c10000 - 0x00007ff9d8c4b000 	C:\WINDOWS\SYSTEM32\dbgcore.DLL
0x00007ff9fafe0000 - 0x00007ff9fb085000 	C:\WINDOWS\System32\bcryptPrimitives.dll
0x00007ff982810000 - 0x00007ff98281e000 	c:\Users\LENOVO\.antigravity\extensions\redhat.java-1.12.0-win32-x64\jre\17.0.4.1-win32-x86_64\bin\instrument.dll
0x00007ff9827b0000 - 0x00007ff9827d5000 	c:\Users\LENOVO\.antigravity\extensions\redhat.java-1.12.0-win32-x64\jre\17.0.4.1-win32-x86_64\bin\java.dll
0x00007ff982920000 - 0x00007ff982938000 	c:\Users\LENOVO\.antigravity\extensions\redhat.java-1.12.0-win32-x64\jre\17.0.4.1-win32-x86_64\bin\zip.dll
0x00007ff9fd590000 - 0x00007ff9fdce2000 	C:\WINDOWS\System32\SHELL32.dll
0x00007ff9fb090000 - 0x00007ff9fb1fa000 	C:\WINDOWS\System32\wintypes.dll
0x00007ff9fb590000 - 0x00007ff9fbdf3000 	C:\WINDOWS\System32\windows.storage.dll
0x00007ff9fc240000 - 0x00007ff9fc336000 	C:\WINDOWS\System32\SHCORE.dll
0x00007ff9fc890000 - 0x00007ff9fc8f7000 	C:\WINDOWS\System32\shlwapi.dll
0x00007ff9faa40000 - 0x00007ff9faa69000 	C:\WINDOWS\SYSTEM32\profapi.dll
0x00007ff982900000 - 0x00007ff982919000 	C:\Users\LENOVO\.antigravity\extensions\redhat.java-1.12.0-win32-x64\jre\17.0.4.1-win32-x86_64\bin\net.dll
0x00007ff9ec7e0000 - 0x00007ff9ec907000 	C:\WINDOWS\SYSTEM32\WINHTTP.dll
0x00007ff9f9e30000 - 0x00007ff9f9e9b000 	C:\WINDOWS\system32\mswsock.dll
0x00007ff9828e0000 - 0x00007ff9828f5000 	C:\Users\LENOVO\.antigravity\extensions\redhat.java-1.12.0-win32-x64\jre\17.0.4.1-win32-x86_64\bin\nio.dll
0x00007ff982830000 - 0x00007ff982840000 	c:\Users\LENOVO\.antigravity\extensions\redhat.java-1.12.0-win32-x64\jre\17.0.4.1-win32-x86_64\bin\verify.dll
0x00007ff9e1e00000 - 0x00007ff9e1e3e000 	C:\Users\LENOVO\AppData\Roaming\Antigravity\User\globalStorage\redhat.java\1.12.0\config_ss_win\org.eclipse.equinox.launcher\org.eclipse.equinox.launcher.win32.win32.x86_64_1.2.600.v20220720-1916\eclipse_11700.dll
0x00007ff9fd2d0000 - 0x00007ff9fd467000 	C:\WINDOWS\System32\ole32.dll
0x00007ff9fa100000 - 0x00007ff9fa11b000 	C:\WINDOWS\SYSTEM32\CRYPTSP.dll
0x00007ff9f9820000 - 0x00007ff9f9859000 	C:\WINDOWS\system32\rsaenh.dll
0x00007ff9f9ee0000 - 0x00007ff9f9f0b000 	C:\WINDOWS\SYSTEM32\USERENV.dll
0x00007ff9faa10000 - 0x00007ff9faa3a000 	C:\WINDOWS\SYSTEM32\bcrypt.dll
0x00007ff9fa120000 - 0x00007ff9fa12c000 	C:\WINDOWS\SYSTEM32\CRYPTBASE.dll
0x00007ff9f9350000 - 0x00007ff9f9384000 	C:\WINDOWS\SYSTEM32\IPHLPAPI.DLL
0x00007ff9fc1d0000 - 0x00007ff9fc1da000 	C:\WINDOWS\System32\NSI.dll
0x00007ff9f1d60000 - 0x00007ff9f1d7e000 	C:\WINDOWS\SYSTEM32\dhcpcsvc6.DLL
0x00007ff9edd20000 - 0x00007ff9edd43000 	C:\WINDOWS\SYSTEM32\dhcpcsvc.DLL
0x00007ff9f9430000 - 0x00007ff9f955c000 	C:\WINDOWS\SYSTEM32\DNSAPI.dll
0x00007ff9bb860000 - 0x00007ff9bb8a0000 	C:\Users\LENOVO\AppData\Local\Temp\jna--2053026509\jna14201890366336376800.dll

dbghelp: loaded successfully - version: 4.0.5 - missing functions: none
symbol engine: initialized successfully - sym options: 0x614 - pdb path: .;c:\Users\LENOVO\.antigravity\extensions\redhat.java-1.12.0-win32-x64\jre\17.0.4.1-win32-x86_64\bin;C:\WINDOWS\SYSTEM32;C:\WINDOWS\WinSxS\amd64_microsoft.windows.common-controls_6595b64144ccf1df_6.0.26100.7824_none_3e0870b2e3345462;c:\Users\LENOVO\.antigravity\extensions\redhat.java-1.12.0-win32-x64\jre\17.0.4.1-win32-x86_64\bin\server;C:\Users\LENOVO\AppData\Roaming\Antigravity\User\globalStorage\redhat.java\1.12.0\config_ss_win\org.eclipse.equinox.launcher\org.eclipse.equinox.launcher.win32.win32.x86_64_1.2.600.v20220720-1916;C:\Users\LENOVO\AppData\Local\Temp\jna--2053026509

VM Arguments:
jvm_args: --add-modules=ALL-SYSTEM --add-opens=java.base/java.util=ALL-UNNAMED --add-opens=java.base/java.lang=ALL-UNNAMED --add-opens=java.base/sun.nio.fs=ALL-UNNAMED -Declipse.application=org.eclipse.jdt.ls.core.id1 -Dosgi.bundles.defaultStartLevel=4 -Declipse.product=org.eclipse.jdt.ls.core.product -Djava.import.generatesMetadataFilesAtProjectRoot=false -Dfile.encoding=utf8 -XX:+UseParallelGC -XX:GCTimeRatio=4 -XX:AdaptiveSizePolicyWeight=90 -Dsun.zip.disableMemoryMapping=true -Xmx1G -Xms100m -Xlog:disable -javaagent:c:\Users\LENOVO\.antigravity\extensions\redhat.java-1.12.0-win32-x64\lombok\lombok-1.18.24.jar 
java_command: c:\Users\LENOVO\.antigravity\extensions\redhat.java-1.12.0-win32-x64\server\plugins\org.eclipse.equinox.launcher_1.6.400.v20210924-0641.jar -configuration c:\Users\LENOVO\AppData\Roaming\Antigravity\User\globalStorage\redhat.java\1.12.0\config_ss_win -data c:\Users\LENOVO\AppData\Roaming\Antigravity\User\workspaceStorage\0b3c1e4f8221231f8f615dd7f9827724\redhat.java\ss_ws
java_class_path (initial): c:\Users\LENOVO\.antigravity\extensions\redhat.java-1.12.0-win32-x64\server\plugins\org.eclipse.equinox.launcher_1.6.400.v20210924-0641.jar
Launcher Type: SUN_STANDARD

[Global flags]
    uintx AdaptiveSizePolicyWeight                 = 90                                        {product} {command line}
     intx CICompilerCount                          = 4                                         {product} {ergonomic}
    uintx GCTimeRatio                              = 4                                         {product} {command line}
   size_t InitialHeapSize                          = 104857600                                 {product} {command line}
   size_t MaxHeapSize                              = 1073741824                                {product} {command line}
   size_t MaxNewSize                               = 357564416                                 {product} {ergonomic}
   size_t MinHeapDeltaBytes                        = 524288                                    {product} {ergonomic}
   size_t MinHeapSize                              = 104857600                                 {product} {command line}
   size_t NewSize                                  = 34603008                                  {product} {ergonomic}
    uintx NonNMethodCodeHeapSize                   = 5839372                                {pd product} {ergonomic}
    uintx NonProfiledCodeHeapSize                  = 122909434                              {pd product} {ergonomic}
   size_t OldSize                                  = 70254592                                  {product} {ergonomic}
    uintx ProfiledCodeHeapSize                     = 122909434                              {pd product} {ergonomic}
    uintx ReservedCodeCacheSize                    = 251658240                              {pd product} {ergonomic}
     bool SegmentedCodeCache                       = true                                      {product} {ergonomic}
   size_t SoftMaxHeapSize                          = 1073741824                             {manageable} {ergonomic}
     bool UseCompressedClassPointers               = true                           {product lp64_product} {ergonomic}
     bool UseCompressedOops                        = true                           {product lp64_product} {ergonomic}
     bool UseLargePagesIndividualAllocation        = false                                  {pd product} {ergonomic}
     bool UseParallelGC                            = true                                      {product} {command line}

Logging:
Log output configuration:
 #0: stdout all=off uptime,level,tags
 #1: stderr all=off uptime,level,tags

Environment Variables:
JAVA_HOME=C:\Program Files\Java\jdk-20
PATH=C:\Program Files\MongoDB\Server\8.2\bin;C:\Program Files\Eclipse Adoptium\jdk-17.0.17.10-hotspot\bin;C:\oraclexe\app\oracle\product\11.2.0\server\bin;C:\xampp\php;C:\Program Files\MySQL\MySQL Server 8.0\bin;C:\Python 3.12\Python 3.12.exe;C:\Users\LENOVO\AppData\Local\Programs\Python\Python312\python.exe;C:\Users\LENOVO\Downloads\flutter_windows_3.16.0-stable\flutter\bin;C:\ProgramData\Oracle\Java\javapath;C:\Program Files\Java\jdk-21.0.1\bin;C:\Program Files\Common Files\Oracle\Java\javapath;C:\Program Files\Java\jdk-20\bin;C:\Users\LENOVO\Downloads\sqldeveloper-23.1.0.097.1607-x64\sqldeveloper\sqldeveloper\bin;C:\Users\LENOVO\Downloads\msys2-x86_64-20230318.exe;C:\WINDOWS\system32;C:\WINDOWS;C:\WINDOWS\System32\Wbem;C:\WINDOWS\System32\WindowsPowerShell\v1.0\;C:\WINDOWS\System32\OpenSSH\;C:\Program Files\Git\cmd;C:\Program Files\Git\bin;C:\Program Files\dotnet\;C:\Users\LENOVO\AppData\Local\Android\Sdk\platform-tools;C:\Users\LENOVO\AppData\Local\Android\Sdk\emulator;C:\Users\LENOVO\Downloads\php-8.3.11-nts-Win32-vs16-x64;C:\ProgramData\ComposerSetup\bin;C:\Program Files\nodejs\;C:\Program Files\Microsoft SQL Server\150\Tools\Binn\;C:\Program Files\Docker\Docker\resources\bin;C:\Program Files\Vagrant\bin;C:\Users\LENOVO\scoop\shims;C:\Program Files\MySQL\MySQL Shell 8.0\bin\;C:\Users\LENOVO\AppData\Local\Programs\Python\Launcher\;C:\Python27\python.exe;C:\Users\LENOVO\AppData\Local\Programs\Python\Python311;C:\Users\LENOVO\AppData\Local\Programs\Python\Python311\Scripts\;C:\Python27;C:\Users\LENOVO\AppData\Local\Microsoft\WindowsApps;C:\Program Files\JetBrains\PyCharm Community Edition 2023.1\bin;;C:\Users\LENOVO\AppData\Local\GitHubDesktop\bin;C:\Users\LENOVO\.dotnet\tools;C:\Program Files (x86)\Nmap;C:\Users\LENOVO\AppData\Local\Programs\MiKTeX\miktex\bin\x64\;C:\Users\LENOVO\AppData\Roaming\Composer\vendor\bin;C:\xampp\php;C:\Program Files\JetBrains\IntelliJ IDEA 2024.2.1\bin;;C:\Flex Windows\gcc\bin;C:\Flex Windows\Lex\bin;C:\Flex Windows\bison\bin;C:\Users\L
USERNAME=LENOVO
OS=Windows_NT
PROCESSOR_IDENTIFIER=Intel64 Family 6 Model 140 Stepping 2, GenuineIntel
TMP=C:\Users\LENOVO\AppData\Local\Temp
TEMP=C:\Users\LENOVO\AppData\Local\Temp



---------------  S Y S T E M  ---------------

OS:
 Windows 11 , 64 bit Build 26100 (10.0.26100.7705)
OS uptime: 0 days 0:58 hours
Hyper-V role detected

CPU: total 8 (initial active 8) (4 cores per cpu, 2 threads per core) family 6 model 140 stepping 2 microcode 0x26, cx8, cmov, fxsr, ht, mmx, 3dnowpref, sse, sse2, sse3, ssse3, sse4.1, sse4.2, popcnt, lzcnt, tsc, tscinvbit, avx, avx2, aes, erms, clmul, bmi1, bmi2, adx, avx512f, avx512dq, avx512cd, avx512bw, avx512vl, sha, fma, vzeroupper, avx512_vpopcntdq, avx512_vpclmulqdq, avx512_vaes, avx512_vnni, clflush, clflushopt, clwb, avx512_vbmi2, avx512_vbmi, hv

Memory: 4k page, system-wide physical 16167M (764M free)
TotalPageFile size 21167M (AvailPageFile size 5M)
current process WorkingSet (physical memory assigned to process): 141M, peak: 146M
current process commit charge ("private bytes"): 240M, peak: 252M

vm_info: OpenJDK 64-Bit Server VM (17.0.4.1+1) for windows-amd64 JRE (17.0.4.1+1), built on Aug 17 2022 07:42:43 by "temurin" with MS VC++ 16.7 (VS2019)

END.
