#
# There is insufficient memory for the Java Runtime Environment to continue.
# Native memory allocation (malloc) failed to allocate 2317408 bytes for Chunk::new
# Possible reasons:
#   The system is out of physical RAM or swap space
#   The process is running with CompressedOops enabled, and the Java Heap may be blocking the growth of the native heap
# Possible solutions:
#   Reduce memory load on the system
#   Increase physical memory or swap space
#   Check if swap backing store is full
#   Decrease Java heap size (-Xmx/-Xms)
#   Decrease number of Java threads
#   Decrease Java thread stack sizes (-Xss)
#   Set larger code cache with -XX:ReservedCodeCacheSize=
#   JVM is running with Unscaled Compressed Oops mode in which the Java heap is
#     placed in the first 4GB address space. The Java Heap base address is the
#     maximum limit for the native heap growth. Please use -XX:HeapBaseMinAddress
#     to set the Java Heap base and to place the Java Heap above 4GB virtual address.
# This output file may be truncated or incomplete.
#
#  Out of Memory Error (arena.cpp:189), pid=18216, tid=19272
#
# JRE version: OpenJDK Runtime Environment Temurin-17.0.4.1+1 (17.0.4.1+1) (build 17.0.4.1+1)
# Java VM: OpenJDK 64-Bit Server VM Temurin-17.0.4.1+1 (17.0.4.1+1, mixed mode, tiered, compressed oops, compressed class ptrs, parallel gc, windows-amd64)
# No core dump will be written. Minidumps are not enabled by default on client versions of Windows
#

---------------  S U M M A R Y ------------

Command Line: --add-modules=ALL-SYSTEM --add-opens=java.base/java.util=ALL-UNNAMED --add-opens=java.base/java.lang=ALL-UNNAMED --add-opens=java.base/sun.nio.fs=ALL-UNNAMED -Declipse.application=org.eclipse.jdt.ls.core.id1 -Dosgi.bundles.defaultStartLevel=4 -Declipse.product=org.eclipse.jdt.ls.core.product -Djava.import.generatesMetadataFilesAtProjectRoot=false -Dfile.encoding=utf8 -XX:+UseParallelGC -XX:GCTimeRatio=4 -XX:AdaptiveSizePolicyWeight=90 -Dsun.zip.disableMemoryMapping=true -Xmx1G -Xms100m -Xlog:disable -javaagent:c:\Users\LENOVO\.antigravity\extensions\redhat.java-1.12.0-win32-x64\lombok\lombok-1.18.24.jar -XX:+HeapDumpOnOutOfMemoryError -XX:HeapDumpPath=c:\Users\LENOVO\AppData\Roaming\Antigravity\User\workspaceStorage\a8d5ca9e003d8389da026bbce01f11fa\redhat.java c:\Users\LENOVO\.antigravity\extensions\redhat.java-1.12.0-win32-x64\server\plugins\org.eclipse.equinox.launcher_1.6.400.v20210924-0641.jar -configuration c:\Users\LENOVO\AppData\Roaming\Antigravity\User\globalStorage\redhat.java\1.12.0\config_win -data c:\Users\LENOVO\AppData\Roaming\Antigravity\User\workspaceStorage\a8d5ca9e003d8389da026bbce01f11fa\redhat.java\jdt_ws

Host: 11th Gen Intel(R) Core(TM) i5-11320H @ 3.20GHz, 8 cores, 15G,  Windows 11 , 64 bit Build 26100 (10.0.26100.7705)
Time: Thu Mar  5 03:15:15 2026 Paris, Madrid elapsed time: 18.229380 seconds (0d 0h 0m 18s)

---------------  T H R E A D  ---------------

Current thread (0x00000283bbb094d0):  JavaThread "C2 CompilerThread1" daemon [_thread_in_native, id=19272, stack(0x000000e0cf400000,0x000000e0cf500000)]


Current CompileTask:
C2:  18229 5026   !   4       org.eclipse.osgi.internal.loader.classpath.ClasspathManager::defineClass (636 bytes)

Stack: [0x000000e0cf400000,0x000000e0cf500000]
Native frames: (J=compiled Java code, j=interpreted, Vv=VM code, C=native code)
V  [jvm.dll+0x67731a]
V  [jvm.dll+0x832284]
V  [jvm.dll+0x833a2e]
V  [jvm.dll+0x834093]
V  [jvm.dll+0x245775]
V  [jvm.dll+0xabd7b]
V  [jvm.dll+0xac30c]
V  [jvm.dll+0x363a97]
V  [jvm.dll+0x1bbf38]
V  [jvm.dll+0x2187d9]
V  [jvm.dll+0x217aa1]
V  [jvm.dll+0x1a3f8d]
V  [jvm.dll+0x227498]
V  [jvm.dll+0x2255e5]
V  [jvm.dll+0x7e7e9b]
V  [jvm.dll+0x7e240a]
V  [jvm.dll+0x6761a5]
C  [ucrtbase.dll+0x37b0]
C  [KERNEL32.DLL+0x2e8d7]
C  [ntdll.dll+0x8c40c]


---------------  P R O C E S S  ---------------

Threads class SMR info:
_java_thread_list=0x00000283bb09e4e0, length=27, elements={
0x000002839f9bd3f0, 0x00000283b55ae400, 0x000002839fa7a580, 0x00000283b7033f50,
0x00000283b7034810, 0x00000283b70350d0, 0x00000283b7066430, 0x00000283b7067020,
0x00000283b706aec0, 0x00000283b7084f50, 0x00000283b7119260, 0x00000283b73ba200,
0x00000283b818b800, 0x00000283b8189ff0, 0x00000283b818c1a0, 0x00000283b818ae60,
0x00000283b8189650, 0x00000283b8189b20, 0x00000283b818b330, 0x00000283b818a990,
0x00000283bd368de0, 0x00000283bd3675d0, 0x00000283bd368910, 0x00000283bd369780,
0x00000283bd369c50, 0x00000283bbb094d0, 0x00000283bd0ec410
}

Java Threads: ( => current thread )
  0x000002839f9bd3f0 JavaThread "main" [_thread_blocked, id=23200, stack(0x000000e0cda00000,0x000000e0cdb00000)]
  0x00000283b55ae400 JavaThread "Reference Handler" daemon [_thread_blocked, id=12524, stack(0x000000e0cdd00000,0x000000e0cde00000)]
  0x000002839fa7a580 JavaThread "Finalizer" daemon [_thread_blocked, id=3668, stack(0x000000e0cde00000,0x000000e0cdf00000)]
  0x00000283b7033f50 JavaThread "Signal Dispatcher" daemon [_thread_blocked, id=17612, stack(0x000000e0cdf00000,0x000000e0ce000000)]
  0x00000283b7034810 JavaThread "Attach Listener" daemon [_thread_blocked, id=3168, stack(0x000000e0ce000000,0x000000e0ce100000)]
  0x00000283b70350d0 JavaThread "Service Thread" daemon [_thread_blocked, id=14512, stack(0x000000e0ce100000,0x000000e0ce200000)]
  0x00000283b7066430 JavaThread "Monitor Deflation Thread" daemon [_thread_blocked, id=16668, stack(0x000000e0ce200000,0x000000e0ce300000)]
  0x00000283b7067020 JavaThread "C2 CompilerThread0" daemon [_thread_in_native, id=4088, stack(0x000000e0ce300000,0x000000e0ce400000)]
  0x00000283b706aec0 JavaThread "C1 CompilerThread0" daemon [_thread_blocked, id=2392, stack(0x000000e0ce400000,0x000000e0ce500000)]
  0x00000283b7084f50 JavaThread "Sweeper thread" daemon [_thread_blocked, id=13856, stack(0x000000e0ce500000,0x000000e0ce600000)]
  0x00000283b7119260 JavaThread "Common-Cleaner" daemon [_thread_blocked, id=3800, stack(0x000000e0ce600000,0x000000e0ce700000)]
  0x00000283b73ba200 JavaThread "Notification Thread" daemon [_thread_blocked, id=6592, stack(0x000000e0ce700000,0x000000e0ce800000)]
  0x00000283b818b800 JavaThread "Active Thread: Equinox Container: 1f4e8f8b-9944-4143-81b4-52bad793a0c0" [_thread_blocked, id=18968, stack(0x000000e0cef00000,0x000000e0cf000000)]
  0x00000283b8189ff0 JavaThread "Framework Event Dispatcher: Equinox Container: 1f4e8f8b-9944-4143-81b4-52bad793a0c0" daemon [_thread_blocked, id=364, stack(0x000000e0cf000000,0x000000e0cf100000)]
  0x00000283b818c1a0 JavaThread "Start Level: Equinox Container: 1f4e8f8b-9944-4143-81b4-52bad793a0c0" daemon [_thread_blocked, id=12888, stack(0x000000e0cf100000,0x000000e0cf200000)]
  0x00000283b818ae60 JavaThread "SCR Component Actor" daemon [_thread_blocked, id=19444, stack(0x000000e0cee00000,0x000000e0cef00000)]
  0x00000283b8189650 JavaThread "Worker-JM" [_thread_blocked, id=9484, stack(0x000000e0cf600000,0x000000e0cf700000)]
  0x00000283b8189b20 JavaThread "Worker-0" [_thread_blocked, id=10056, stack(0x000000e0cf500000,0x000000e0cf600000)]
  0x00000283b818b330 JavaThread "Worker-1" [_thread_blocked, id=11572, stack(0x000000e0cf700000,0x000000e0cf800000)]
  0x00000283b818a990 JavaThread "Worker-2" [_thread_blocked, id=18088, stack(0x000000e0cf800000,0x000000e0cf900000)]
  0x00000283bd368de0 JavaThread "Java indexing" daemon [_thread_blocked, id=5796, stack(0x000000e0cfb00000,0x000000e0cfc00000)]
  0x00000283bd3675d0 JavaThread "Worker-3: Initialize Workspace" [_thread_in_Java, id=8052, stack(0x000000e0cfc00000,0x000000e0cfd00000)]
  0x00000283bd368910 JavaThread "JNA Cleaner" daemon [_thread_blocked, id=8592, stack(0x000000e0cfa00000,0x000000e0cfb00000)]
  0x00000283bd369780 JavaThread "pool-2-thread-1" [_thread_blocked, id=22436, stack(0x000000e0cff00000,0x000000e0d0000000)]
  0x00000283bd369c50 JavaThread "pool-1-thread-1" [_thread_blocked, id=3336, stack(0x000000e0d0000000,0x000000e0d0100000)]
=>0x00000283bbb094d0 JavaThread "C2 CompilerThread1" daemon [_thread_in_native, id=19272, stack(0x000000e0cf400000,0x000000e0cf500000)]
  0x00000283bd0ec410 JavaThread "C2 CompilerThread2" daemon [_thread_in_native, id=20144, stack(0x000000e0cf900000,0x000000e0cfa00000)]

Other Threads:
  0x00000283b7021020 VMThread "VM Thread" [stack: 0x000000e0cdc00000,0x000000e0cdd00000] [id=4056]
  0x00000283b73ba6d0 WatcherThread [stack: 0x000000e0ce800000,0x000000e0ce900000] [id=17428]
  0x000002839f9d26f0 GCTaskThread "GC Thread#0" [stack: 0x000000e0cdb00000,0x000000e0cdc00000] [id=10124]
  0x00000283b864db50 GCTaskThread "GC Thread#1" [stack: 0x000000e0ce900000,0x000000e0cea00000] [id=13304]
  0x00000283b8035000 GCTaskThread "GC Thread#2" [stack: 0x000000e0cea00000,0x000000e0ceb00000] [id=19848]
  0x00000283b930c020 GCTaskThread "GC Thread#3" [stack: 0x000000e0ceb00000,0x000000e0cec00000] [id=22368]
  0x00000283b930c2d0 GCTaskThread "GC Thread#4" [stack: 0x000000e0cec00000,0x000000e0ced00000] [id=7164]
  0x00000283b930c580 GCTaskThread "GC Thread#5" [stack: 0x000000e0ced00000,0x000000e0cee00000] [id=19832]
  0x00000283b9455cd0 GCTaskThread "GC Thread#6" [stack: 0x000000e0cf200000,0x000000e0cf300000] [id=14812]
  0x00000283b807c970 GCTaskThread "GC Thread#7" [stack: 0x000000e0cf300000,0x000000e0cf400000] [id=12448]

Threads with active compile tasks:
C2 CompilerThread0    18253 5202       4       org.eclipse.jdt.internal.core.JarPackageFragmentRoot::initRawPackageInfo (349 bytes)
C2 CompilerThread1    18253 5026   !   4       org.eclipse.osgi.internal.loader.classpath.ClasspathManager::defineClass (636 bytes)
C2 CompilerThread2    18253 5213       4       org.eclipse.jdt.internal.core.util.HashtableOfArrayToObject::getKey (66 bytes)

VM state: not at safepoint (normal execution)

VM Mutex/Monitor currently owned by a thread: None

Heap address: 0x00000000c0000000, size: 1024 MB, Compressed Oops mode: 32-bit

CDS archive(s) not mapped
Compressed class space mapped at: 0x0000000100000000-0x0000000140000000, reserved size: 1073741824
Narrow klass base: 0x0000000000000000, Narrow klass shift: 3, Narrow klass range: 0x140000000

GC Precious Log:
 CPUs: 8 total, 8 available
 Memory: 16167M
 Large Page Support: Disabled
 NUMA Support: Disabled
 Compressed Oops: Enabled (32-bit)
 Alignments: Space 512K, Generation 512K, Heap 2M
 Heap Min Capacity: 100M
 Heap Initial Capacity: 100M
 Heap Max Capacity: 1G
 Pre-touch: Disabled
 Parallel Workers: 8

Heap:
 PSYoungGen      total 21504K, used 20913K [0x00000000eab00000, 0x00000000ec400000, 0x0000000100000000)
  eden space 19456K, 98% used [0x00000000eab00000,0x00000000ebda4400,0x00000000ebe00000)
  from space 2048K, 89% used [0x00000000ebe00000,0x00000000ebfc8000,0x00000000ec000000)
  to   space 3072K, 0% used [0x00000000ec100000,0x00000000ec100000,0x00000000ec400000)
 ParOldGen       total 68608K, used 24537K [0x00000000c0000000, 0x00000000c4300000, 0x00000000eab00000)
  object space 68608K, 35% used [0x00000000c0000000,0x00000000c17f6598,0x00000000c4300000)
 Metaspace       used 47087K, committed 48064K, reserved 1097728K
  class space    used 5085K, committed 5504K, reserved 1048576K

Card table byte_map: [0x00000283b2e40000,0x00000283b3050000] _byte_map_base: 0x00000283b2840000

Marking Bits: (ParMarkBitMap*) 0x00007ff96cfc2cc0
 Begin Bits: [0x00000283b31b0000, 0x00000283b41b0000)
 End Bits:   [0x00000283b41b0000, 0x00000283b51b0000)

Polling page: 0x000002839f700000

Metaspace:

Usage:
  Non-class:     41.02 MB used.
      Class:      4.97 MB used.
       Both:     45.98 MB used.

Virtual space:
  Non-class space:       48.00 MB reserved,      41.56 MB ( 87%) committed,  6 nodes.
      Class space:        1.00 GB reserved,       5.38 MB ( <1%) committed,  1 nodes.
             Both:        1.05 GB reserved,      46.94 MB (  4%) committed. 

Chunk freelists:
   Non-Class:  2.36 MB
       Class:  2.49 MB
        Both:  4.84 MB

MaxMetaspaceSize: unlimited
CompressedClassSpaceSize: 1.00 GB
Initial GC threshold: 21.00 MB
Current GC threshold: 58.38 MB
CDS: off
MetaspaceReclaimPolicy: balanced
 - commit_granule_bytes: 65536.
 - commit_granule_words: 8192.
 - virtual_space_node_default_size: 1048576.
 - enlarge_chunks_in_place: 1.
 - new_chunks_are_fully_committed: 0.
 - uncommit_free_chunks: 1.
 - use_allocation_guard: 0.
 - handle_deallocations: 1.


Internal statistics:

num_allocs_failed_limit: 6.
num_arena_births: 572.
num_arena_deaths: 14.
num_vsnodes_births: 7.
num_vsnodes_deaths: 0.
num_space_committed: 751.
num_space_uncommitted: 0.
num_chunks_returned_to_freelist: 20.
num_chunks_taken_from_freelist: 2370.
num_chunk_merges: 7.
num_chunk_splits: 1459.
num_chunks_enlarged: 803.
num_purges: 2.
num_inconsistent_stats: 0.

CodeHeap 'non-profiled nmethods': size=120000Kb used=2821Kb max_used=2821Kb free=117178Kb
 bounds [0x00000283ab730000, 0x00000283aba00000, 0x00000283b2c60000]
CodeHeap 'profiled nmethods': size=120000Kb used=10701Kb max_used=10701Kb free=109298Kb
 bounds [0x00000283a4200000, 0x00000283a4c80000, 0x00000283ab730000]
CodeHeap 'non-nmethods': size=5760Kb used=1282Kb max_used=1327Kb free=4477Kb
 bounds [0x00000283a3c60000, 0x00000283a3ed0000, 0x00000283a4200000]
 total_blobs=5783 nmethods=5185 adapters=511
 compilation: enabled
              stopped_count=0, restarted_count=0
 full_count=0

Compilation events (20 events):
Event: 17.181 Thread 0x00000283b706aec0 nmethod 5184 0x00000283ab9e5290 code [0x00000283ab9e5420, 0x00000283ab9e54f8]
Event: 17.181 Thread 0x00000283b706aec0 5185       1       org.eclipse.jdt.internal.core.NamedMember::getElementName (5 bytes)
Event: 17.181 Thread 0x00000283b706aec0 nmethod 5185 0x00000283ab9e5590 code [0x00000283ab9e5720, 0x00000283ab9e57f8]
Event: 17.181 Thread 0x00000283b706aec0 5187       3       org.eclipse.jdt.internal.compiler.parser.Scanner::getCurrentIdentifierSource (73 bytes)
Event: 17.182 Thread 0x00000283b706aec0 nmethod 5187 0x00000283a4c6e710 code [0x00000283a4c6e8e0, 0x00000283a4c6ec78]
Event: 17.182 Thread 0x00000283b706aec0 5188       3       org.eclipse.jdt.core.JavaConventions::scanForRestrictedKeyWords (137 bytes)
Event: 17.182 Thread 0x00000283b706aec0 nmethod 5188 0x00000283a4c6ed90 code [0x00000283a4c6f000, 0x00000283a4c6fc48]
Event: 17.185 Thread 0x00000283b7067020 nmethod 5167 0x00000283ab9e5890 code [0x00000283ab9e5a60, 0x00000283ab9e6278]
Event: 17.185 Thread 0x00000283b7067020 5190       4       org.eclipse.jdt.internal.core.util.HashtableOfArrayToObject::getKey (66 bytes)
Event: 17.191 Thread 0x00000283b706aec0 5195       3       java.util.RegularEnumSet::<init> (12 bytes)
Event: 17.191 Thread 0x00000283b706aec0 nmethod 5195 0x00000283a4c6ff90 code [0x00000283a4c70140, 0x00000283a4c703f8]
Event: 17.191 Thread 0x00000283b706aec0 5196       3       java.util.EnumSet::<init> (15 bytes)
Event: 17.191 Thread 0x00000283b706aec0 nmethod 5196 0x00000283a4c70510 code [0x00000283a4c706c0, 0x00000283a4c70918]
Event: 17.194 Thread 0x00000283b7067020 nmethod 5190 0x00000283ab9e6910 code [0x00000283ab9e6ac0, 0x00000283ab9e7278]
Event: 17.194 Thread 0x00000283b7067020 5186       4       org.eclipse.jdt.internal.core.util.HashtableOfArrayToObject::get (69 bytes)
Event: 17.205 Thread 0x00000283b7067020 nmethod 5186 0x00000283ab9e7710 code [0x00000283ab9e78c0, 0x00000283ab9e8078]
Event: 17.205 Thread 0x00000283b7067020 5149       4       java.nio.ByteBufferAsIntBufferL::get (31 bytes)
Event: 17.206 Thread 0x00000283b7067020 nmethod 5149 0x00000283ab9e8590 code [0x00000283ab9e8720, 0x00000283ab9e8838]
Event: 17.207 Thread 0x00000283b7067020 5166       4       jdk.internal.jimage.ImageReader$Directory::addChild (63 bytes)
Event: 17.216 Thread 0x00000283b706aec0 5204       2       org.eclipse.jdt.ls.core.internal.JobHelpers::getJob (50 bytes)

GC Heap History (20 events):
Event: 10.186 GC heap before
{Heap before GC invocations=9 (full 1):
 PSYoungGen      total 26624K, used 26612K [0x00000000eab00000, 0x00000000ec980000, 0x0000000100000000)
  eden space 24064K, 100% used [0x00000000eab00000,0x00000000ec280000,0x00000000ec280000)
  from space 2560K, 99% used [0x00000000ec480000,0x00000000ec6fd3e8,0x00000000ec700000)
  to   space 2560K, 0% used [0x00000000ec700000,0x00000000ec700000,0x00000000ec980000)
 ParOldGen       total 68608K, used 8507K [0x00000000c0000000, 0x00000000c4300000, 0x00000000eab00000)
  object space 68608K, 12% used [0x00000000c0000000,0x00000000c084ee88,0x00000000c4300000)
 Metaspace       used 34226K, committed 34880K, reserved 1081344K
  class space    used 3496K, committed 3776K, reserved 1048576K
}
Event: 10.188 GC heap after
{Heap after GC invocations=9 (full 1):
 PSYoungGen      total 26112K, used 2540K [0x00000000eab00000, 0x00000000ecb00000, 0x0000000100000000)
  eden space 23552K, 0% used [0x00000000eab00000,0x00000000eab00000,0x00000000ec200000)
  from space 2560K, 99% used [0x00000000ec700000,0x00000000ec97b1c0,0x00000000ec980000)
  to   space 4608K, 0% used [0x00000000ec200000,0x00000000ec200000,0x00000000ec680000)
 ParOldGen       total 68608K, used 10252K [0x00000000c0000000, 0x00000000c4300000, 0x00000000eab00000)
  object space 68608K, 14% used [0x00000000c0000000,0x00000000c0a032f0,0x00000000c4300000)
 Metaspace       used 34226K, committed 34880K, reserved 1081344K
  class space    used 3496K, committed 3776K, reserved 1048576K
}
Event: 10.548 GC heap before
{Heap before GC invocations=10 (full 1):
 PSYoungGen      total 26112K, used 9179K [0x00000000eab00000, 0x00000000ecb00000, 0x0000000100000000)
  eden space 23552K, 28% used [0x00000000eab00000,0x00000000eb17bc30,0x00000000ec200000)
  from space 2560K, 99% used [0x00000000ec700000,0x00000000ec97b1c0,0x00000000ec980000)
  to   space 4608K, 0% used [0x00000000ec200000,0x00000000ec200000,0x00000000ec680000)
 ParOldGen       total 68608K, used 10252K [0x00000000c0000000, 0x00000000c4300000, 0x00000000eab00000)
  object space 68608K, 14% used [0x00000000c0000000,0x00000000c0a032f0,0x00000000c4300000)
 Metaspace       used 35079K, committed 35840K, reserved 1081344K
  class space    used 3586K, committed 3968K, reserved 1048576K
}
Event: 10.549 GC heap after
{Heap after GC invocations=10 (full 1):
 PSYoungGen      total 25088K, used 1415K [0x00000000eab00000, 0x00000000ec780000, 0x0000000100000000)
  eden space 23552K, 0% used [0x00000000eab00000,0x00000000eab00000,0x00000000ec200000)
  from space 1536K, 92% used [0x00000000ec200000,0x00000000ec361ff0,0x00000000ec380000)
  to   space 2560K, 0% used [0x00000000ec500000,0x00000000ec500000,0x00000000ec780000)
 ParOldGen       total 68608K, used 11762K [0x00000000c0000000, 0x00000000c4300000, 0x00000000eab00000)
  object space 68608K, 17% used [0x00000000c0000000,0x00000000c0b7cb30,0x00000000c4300000)
 Metaspace       used 35079K, committed 35840K, reserved 1081344K
  class space    used 3586K, committed 3968K, reserved 1048576K
}
Event: 10.549 GC heap before
{Heap before GC invocations=11 (full 2):
 PSYoungGen      total 25088K, used 1415K [0x00000000eab00000, 0x00000000ec780000, 0x0000000100000000)
  eden space 23552K, 0% used [0x00000000eab00000,0x00000000eab00000,0x00000000ec200000)
  from space 1536K, 92% used [0x00000000ec200000,0x00000000ec361ff0,0x00000000ec380000)
  to   space 2560K, 0% used [0x00000000ec500000,0x00000000ec500000,0x00000000ec780000)
 ParOldGen       total 68608K, used 11762K [0x00000000c0000000, 0x00000000c4300000, 0x00000000eab00000)
  object space 68608K, 17% used [0x00000000c0000000,0x00000000c0b7cb30,0x00000000c4300000)
 Metaspace       used 35079K, committed 35840K, reserved 1081344K
  class space    used 3586K, committed 3968K, reserved 1048576K
}
Event: 10.567 GC heap after
{Heap after GC invocations=11 (full 2):
 PSYoungGen      total 25088K, used 0K [0x00000000eab00000, 0x00000000ec780000, 0x0000000100000000)
  eden space 23552K, 0% used [0x00000000eab00000,0x00000000eab00000,0x00000000ec200000)
  from space 1536K, 0% used [0x00000000ec200000,0x00000000ec200000,0x00000000ec380000)
  to   space 2560K, 0% used [0x00000000ec500000,0x00000000ec500000,0x00000000ec780000)
 ParOldGen       total 68608K, used 12849K [0x00000000c0000000, 0x00000000c4300000, 0x00000000eab00000)
  object space 68608K, 18% used [0x00000000c0000000,0x00000000c0c8c6f8,0x00000000c4300000)
 Metaspace       used 35079K, committed 35840K, reserved 1081344K
  class space    used 3586K, committed 3968K, reserved 1048576K
}
Event: 12.015 GC heap before
{Heap before GC invocations=12 (full 2):
 PSYoungGen      total 25088K, used 23552K [0x00000000eab00000, 0x00000000ec780000, 0x0000000100000000)
  eden space 23552K, 100% used [0x00000000eab00000,0x00000000ec200000,0x00000000ec200000)
  from space 1536K, 0% used [0x00000000ec200000,0x00000000ec200000,0x00000000ec380000)
  to   space 2560K, 0% used [0x00000000ec500000,0x00000000ec500000,0x00000000ec780000)
 ParOldGen       total 68608K, used 12849K [0x00000000c0000000, 0x00000000c4300000, 0x00000000eab00000)
  object space 68608K, 18% used [0x00000000c0000000,0x00000000c0c8c6f8,0x00000000c4300000)
 Metaspace       used 37957K, committed 38784K, reserved 1089536K
  class space    used 3957K, committed 4352K, reserved 1048576K
}
Event: 12.017 GC heap after
{Heap after GC invocations=12 (full 2):
 PSYoungGen      total 24576K, used 1347K [0x00000000eab00000, 0x00000000ec680000, 0x0000000100000000)
  eden space 23040K, 0% used [0x00000000eab00000,0x00000000eab00000,0x00000000ec180000)
  from space 1536K, 87% used [0x00000000ec500000,0x00000000ec650d90,0x00000000ec680000)
  to   space 2048K, 0% used [0x00000000ec280000,0x00000000ec280000,0x00000000ec480000)
 ParOldGen       total 68608K, used 12857K [0x00000000c0000000, 0x00000000c4300000, 0x00000000eab00000)
  object space 68608K, 18% used [0x00000000c0000000,0x00000000c0c8e6f8,0x00000000c4300000)
 Metaspace       used 37957K, committed 38784K, reserved 1089536K
  class space    used 3957K, committed 4352K, reserved 1048576K
}
Event: 12.570 GC heap before
{Heap before GC invocations=13 (full 2):
 PSYoungGen      total 24576K, used 24387K [0x00000000eab00000, 0x00000000ec680000, 0x0000000100000000)
  eden space 23040K, 100% used [0x00000000eab00000,0x00000000ec180000,0x00000000ec180000)
  from space 1536K, 87% used [0x00000000ec500000,0x00000000ec650d90,0x00000000ec680000)
  to   space 2048K, 0% used [0x00000000ec280000,0x00000000ec280000,0x00000000ec480000)
 ParOldGen       total 68608K, used 12857K [0x00000000c0000000, 0x00000000c4300000, 0x00000000eab00000)
  object space 68608K, 18% used [0x00000000c0000000,0x00000000c0c8e6f8,0x00000000c4300000)
 Metaspace       used 41029K, committed 41856K, reserved 1089536K
  class space    used 4370K, committed 4736K, reserved 1048576K
}
Event: 12.572 GC heap after
{Heap after GC invocations=13 (full 2):
 PSYoungGen      total 24064K, used 1120K [0x00000000eab00000, 0x00000000ec580000, 0x0000000100000000)
  eden space 22528K, 0% used [0x00000000eab00000,0x00000000eab00000,0x00000000ec100000)
  from space 1536K, 72% used [0x00000000ec280000,0x00000000ec398000,0x00000000ec400000)
  to   space 1536K, 0% used [0x00000000ec400000,0x00000000ec400000,0x00000000ec580000)
 ParOldGen       total 68608K, used 13901K [0x00000000c0000000, 0x00000000c4300000, 0x00000000eab00000)
  object space 68608K, 20% used [0x00000000c0000000,0x00000000c0d93600,0x00000000c4300000)
 Metaspace       used 41029K, committed 41856K, reserved 1089536K
  class space    used 4370K, committed 4736K, reserved 1048576K
}
Event: 13.293 GC heap before
{Heap before GC invocations=14 (full 2):
 PSYoungGen      total 24064K, used 23647K [0x00000000eab00000, 0x00000000ec580000, 0x0000000100000000)
  eden space 22528K, 99% used [0x00000000eab00000,0x00000000ec0ffec0,0x00000000ec100000)
  from space 1536K, 72% used [0x00000000ec280000,0x00000000ec398000,0x00000000ec400000)
  to   space 1536K, 0% used [0x00000000ec400000,0x00000000ec400000,0x00000000ec580000)
 ParOldGen       total 68608K, used 13901K [0x00000000c0000000, 0x00000000c4300000, 0x00000000eab00000)
  object space 68608K, 20% used [0x00000000c0000000,0x00000000c0d93600,0x00000000c4300000)
 Metaspace       used 43684K, committed 44480K, reserved 1089536K
  class space    used 4707K, committed 5056K, reserved 1048576K
}
Event: 13.296 GC heap after
{Heap after GC invocations=14 (full 2):
 PSYoungGen      total 23040K, used 1511K [0x00000000eab00000, 0x00000000ec880000, 0x0000000100000000)
  eden space 21504K, 0% used [0x00000000eab00000,0x00000000eab00000,0x00000000ec000000)
  from space 1536K, 98% used [0x00000000ec400000,0x00000000ec579cb8,0x00000000ec580000)
  to   space 4096K, 0% used [0x00000000ec000000,0x00000000ec000000,0x00000000ec400000)
 ParOldGen       total 68608K, used 15783K [0x00000000c0000000, 0x00000000c4300000, 0x00000000eab00000)
  object space 68608K, 23% used [0x00000000c0000000,0x00000000c0f69c10,0x00000000c4300000)
 Metaspace       used 43684K, committed 44480K, reserved 1089536K
  class space    used 4707K, committed 5056K, reserved 1048576K
}
Event: 15.665 GC heap before
{Heap before GC invocations=15 (full 2):
 PSYoungGen      total 23040K, used 23015K [0x00000000eab00000, 0x00000000ec880000, 0x0000000100000000)
  eden space 21504K, 100% used [0x00000000eab00000,0x00000000ec000000,0x00000000ec000000)
  from space 1536K, 98% used [0x00000000ec400000,0x00000000ec579cb8,0x00000000ec580000)
  to   space 4096K, 0% used [0x00000000ec000000,0x00000000ec000000,0x00000000ec400000)
 ParOldGen       total 68608K, used 15783K [0x00000000c0000000, 0x00000000c4300000, 0x00000000eab00000)
  object space 68608K, 23% used [0x00000000c0000000,0x00000000c0f69c10,0x00000000c4300000)
 Metaspace       used 46294K, committed 47168K, reserved 1097728K
  class space    used 4988K, committed 5376K, reserved 1048576K
}
Event: 15.667 GC heap after
{Heap after GC invocations=15 (full 2):
 PSYoungGen      total 23040K, used 1528K [0x00000000eab00000, 0x00000000ec500000, 0x0000000100000000)
  eden space 21504K, 0% used [0x00000000eab00000,0x00000000eab00000,0x00000000ec000000)
  from space 1536K, 99% used [0x00000000ec000000,0x00000000ec17e318,0x00000000ec180000)
  to   space 2560K, 0% used [0x00000000ec280000,0x00000000ec280000,0x00000000ec500000)
 ParOldGen       total 68608K, used 17334K [0x00000000c0000000, 0x00000000c4300000, 0x00000000eab00000)
  object space 68608K, 25% used [0x00000000c0000000,0x00000000c10eda80,0x00000000c4300000)
 Metaspace       used 46294K, committed 47168K, reserved 1097728K
  class space    used 4988K, committed 5376K, reserved 1048576K
}
Event: 15.946 GC heap before
{Heap before GC invocations=16 (full 2):
 PSYoungGen      total 23040K, used 23032K [0x00000000eab00000, 0x00000000ec500000, 0x0000000100000000)
  eden space 21504K, 100% used [0x00000000eab00000,0x00000000ec000000,0x00000000ec000000)
  from space 1536K, 99% used [0x00000000ec000000,0x00000000ec17e318,0x00000000ec180000)
  to   space 2560K, 0% used [0x00000000ec280000,0x00000000ec280000,0x00000000ec500000)
 ParOldGen       total 68608K, used 17334K [0x00000000c0000000, 0x00000000c4300000, 0x00000000eab00000)
  object space 68608K, 25% used [0x00000000c0000000,0x00000000c10eda80,0x00000000c4300000)
 Metaspace       used 46947K, committed 47872K, reserved 1097728K
  class space    used 5070K, committed 5440K, reserved 1048576K
}
Event: 15.948 GC heap after
{Heap after GC invocations=16 (full 2):
 PSYoungGen      total 23552K, used 1856K [0x00000000eab00000, 0x00000000ec480000, 0x0000000100000000)
  eden space 21504K, 0% used [0x00000000eab00000,0x00000000eab00000,0x00000000ec000000)
  from space 2048K, 90% used [0x00000000ec280000,0x00000000ec450020,0x00000000ec480000)
  to   space 2048K, 0% used [0x00000000ec080000,0x00000000ec080000,0x00000000ec280000)
 ParOldGen       total 68608K, used 18765K [0x00000000c0000000, 0x00000000c4300000, 0x00000000eab00000)
  object space 68608K, 27% used [0x00000000c0000000,0x00000000c1253438,0x00000000c4300000)
 Metaspace       used 46947K, committed 47872K, reserved 1097728K
  class space    used 5070K, committed 5440K, reserved 1048576K
}
Event: 16.103 GC heap before
{Heap before GC invocations=17 (full 2):
 PSYoungGen      total 23552K, used 23360K [0x00000000eab00000, 0x00000000ec480000, 0x0000000100000000)
  eden space 21504K, 100% used [0x00000000eab00000,0x00000000ec000000,0x00000000ec000000)
  from space 2048K, 90% used [0x00000000ec280000,0x00000000ec450020,0x00000000ec480000)
  to   space 2048K, 0% used [0x00000000ec080000,0x00000000ec080000,0x00000000ec280000)
 ParOldGen       total 68608K, used 18765K [0x00000000c0000000, 0x00000000c4300000, 0x00000000eab00000)
  object space 68608K, 27% used [0x00000000c0000000,0x00000000c1253438,0x00000000c4300000)
 Metaspace       used 47024K, committed 47936K, reserved 1097728K
  class space    used 5074K, committed 5440K, reserved 1048576K
}
Event: 16.107 GC heap after
{Heap after GC invocations=17 (full 2):
 PSYoungGen      total 23552K, used 1824K [0x00000000eab00000, 0x00000000ec400000, 0x0000000100000000)
  eden space 21504K, 0% used [0x00000000eab00000,0x00000000eab00000,0x00000000ec000000)
  from space 2048K, 89% used [0x00000000ec080000,0x00000000ec248000,0x00000000ec280000)
  to   space 1536K, 0% used [0x00000000ec280000,0x00000000ec280000,0x00000000ec400000)
 ParOldGen       total 68608K, used 20517K [0x00000000c0000000, 0x00000000c4300000, 0x00000000eab00000)
  object space 68608K, 29% used [0x00000000c0000000,0x00000000c1409468,0x00000000c4300000)
 Metaspace       used 47024K, committed 47936K, reserved 1097728K
  class space    used 5074K, committed 5440K, reserved 1048576K
}
Event: 17.194 GC heap before
{Heap before GC invocations=18 (full 2):
 PSYoungGen      total 23552K, used 23328K [0x00000000eab00000, 0x00000000ec400000, 0x0000000100000000)
  eden space 21504K, 100% used [0x00000000eab00000,0x00000000ec000000,0x00000000ec000000)
  from space 2048K, 89% used [0x00000000ec080000,0x00000000ec248000,0x00000000ec280000)
  to   space 1536K, 0% used [0x00000000ec280000,0x00000000ec280000,0x00000000ec400000)
 ParOldGen       total 68608K, used 20517K [0x00000000c0000000, 0x00000000c4300000, 0x00000000eab00000)
  object space 68608K, 29% used [0x00000000c0000000,0x00000000c1409468,0x00000000c4300000)
 Metaspace       used 47080K, committed 48000K, reserved 1097728K
  class space    used 5085K, committed 5504K, reserved 1048576K
}
Event: 17.196 GC heap after
{Heap after GC invocations=18 (full 2):
 PSYoungGen      total 20992K, used 1504K [0x00000000eab00000, 0x00000000ec900000, 0x0000000100000000)
  eden space 19456K, 0% used [0x00000000eab00000,0x00000000eab00000,0x00000000ebe00000)
  from space 1536K, 97% used [0x00000000ec280000,0x00000000ec3f8020,0x00000000ec400000)
  to   space 4608K, 0% used [0x00000000ebe00000,0x00000000ebe00000,0x00000000ec280000)
 ParOldGen       total 68608K, used 22985K [0x00000000c0000000, 0x00000000c4300000, 0x00000000eab00000)
  object space 68608K, 33% used [0x00000000c0000000,0x00000000c16727c0,0x00000000c4300000)
 Metaspace       used 47080K, committed 48000K, reserved 1097728K
  class space    used 5085K, committed 5504K, reserved 1048576K
}

Deoptimization events (20 events):
Event: 17.198 Thread 0x00000283bd3675d0 Uncommon trap: trap_request=0xffffffbe fr.pc=0x00000283ab9e70ec relative=0x000000000000062c
Event: 17.198 Thread 0x00000283bd3675d0 Uncommon trap: reason=profile_predicate action=maybe_recompile pc=0x00000283ab9e70ec method=org.eclipse.jdt.internal.core.util.HashtableOfArrayToObject.getKey([Ljava/lang/Object;I)[Ljava/lang/Object; @ 61 c2
Event: 17.198 Thread 0x00000283bd3675d0 DEOPT PACKING pc=0x00000283ab9e70ec sp=0x000000e0cfcfe6b0
Event: 17.198 Thread 0x00000283bd3675d0 DEOPT UNPACKING pc=0x00000283a3cb5923 sp=0x000000e0cfcfe660 mode 2
Event: 17.204 Thread 0x00000283bd3675d0 Uncommon trap: trap_request=0xffffffbe fr.pc=0x00000283ab9e70ec relative=0x000000000000062c
Event: 17.204 Thread 0x00000283bd3675d0 Uncommon trap: reason=profile_predicate action=maybe_recompile pc=0x00000283ab9e70ec method=org.eclipse.jdt.internal.core.util.HashtableOfArrayToObject.getKey([Ljava/lang/Object;I)[Ljava/lang/Object; @ 61 c2
Event: 17.204 Thread 0x00000283bd3675d0 DEOPT PACKING pc=0x00000283ab9e70ec sp=0x000000e0cfcfe6b0
Event: 17.204 Thread 0x00000283bd3675d0 DEOPT UNPACKING pc=0x00000283a3cb5923 sp=0x000000e0cfcfe660 mode 2
Event: 17.223 Thread 0x00000283bd3675d0 Uncommon trap: trap_request=0xffffffbe fr.pc=0x00000283ab9e70ec relative=0x000000000000062c
Event: 17.223 Thread 0x00000283bd3675d0 Uncommon trap: reason=profile_predicate action=maybe_recompile pc=0x00000283ab9e70ec method=org.eclipse.jdt.internal.core.util.HashtableOfArrayToObject.getKey([Ljava/lang/Object;I)[Ljava/lang/Object; @ 61 c2
Event: 17.223 Thread 0x00000283bd3675d0 DEOPT PACKING pc=0x00000283ab9e70ec sp=0x000000e0cfcfe6e0
Event: 17.223 Thread 0x00000283bd3675d0 DEOPT UNPACKING pc=0x00000283a3cb5923 sp=0x000000e0cfcfe690 mode 2
Event: 17.223 Thread 0x00000283bd3675d0 Uncommon trap: trap_request=0xffffffbe fr.pc=0x00000283ab9e7eb4 relative=0x00000000000005f4
Event: 17.223 Thread 0x00000283bd3675d0 Uncommon trap: reason=profile_predicate action=maybe_recompile pc=0x00000283ab9e7eb4 method=org.eclipse.jdt.internal.core.util.HashtableOfArrayToObject.get([Ljava/lang/Object;)Ljava/lang/Object; @ 64 c2
Event: 17.223 Thread 0x00000283bd3675d0 DEOPT PACKING pc=0x00000283ab9e7eb4 sp=0x000000e0cfcfe6e0
Event: 17.223 Thread 0x00000283bd3675d0 DEOPT UNPACKING pc=0x00000283a3cb5923 sp=0x000000e0cfcfe690 mode 2
Event: 17.223 Thread 0x00000283bd3675d0 Uncommon trap: trap_request=0xffffffbe fr.pc=0x00000283ab9e70ec relative=0x000000000000062c
Event: 17.223 Thread 0x00000283bd3675d0 Uncommon trap: reason=profile_predicate action=maybe_recompile pc=0x00000283ab9e70ec method=org.eclipse.jdt.internal.core.util.HashtableOfArrayToObject.getKey([Ljava/lang/Object;I)[Ljava/lang/Object; @ 61 c2
Event: 17.223 Thread 0x00000283bd3675d0 DEOPT PACKING pc=0x00000283ab9e70ec sp=0x000000e0cfcfe6b0
Event: 17.223 Thread 0x00000283bd3675d0 DEOPT UNPACKING pc=0x00000283a3cb5923 sp=0x000000e0cfcfe660 mode 2

Classes unloaded (7 events):
Event: 7.663 Thread 0x00000283b7021020 Unloading class 0x000000010020e400 'java/lang/invoke/LambdaForm$MH+0x000000010020e400'
Event: 7.663 Thread 0x00000283b7021020 Unloading class 0x000000010020e000 'java/lang/invoke/LambdaForm$MH+0x000000010020e000'
Event: 7.663 Thread 0x00000283b7021020 Unloading class 0x000000010020dc00 'java/lang/invoke/LambdaForm$MH+0x000000010020dc00'
Event: 7.663 Thread 0x00000283b7021020 Unloading class 0x000000010020d800 'java/lang/invoke/LambdaForm$MH+0x000000010020d800'
Event: 7.663 Thread 0x00000283b7021020 Unloading class 0x000000010020d000 'java/lang/invoke/LambdaForm$BMH+0x000000010020d000'
Event: 7.663 Thread 0x00000283b7021020 Unloading class 0x000000010020cc00 'java/lang/invoke/LambdaForm$DMH+0x000000010020cc00'
Event: 7.663 Thread 0x00000283b7021020 Unloading class 0x0000000100208400 'java/lang/invoke/LambdaForm$DMH+0x0000000100208400'

Classes redefined (0 events):
No events

Internal exceptions (20 events):
Event: 9.500 Thread 0x00000283b818c1a0 Exception <a 'java/lang/NoSuchMethodError'{0x00000000eae9db78}: 'java.lang.Object java.lang.invoke.DirectMethodHandle$Holder.invokeStaticInit(java.lang.Object, int)'> (0x00000000eae9db78) 
thrown [s\src\hotspot\share\interpreter\linkResolver.cpp, line 759]
Event: 9.620 Thread 0x00000283b818c1a0 Exception <a 'java/lang/NoSuchMethodError'{0x00000000eb2f64e8}: 'java.lang.Object java.lang.invoke.DirectMethodHandle$Holder.invokeStaticInit(java.lang.Object, int, int, int, int)'> (0x00000000eb2f64e8) 
thrown [s\src\hotspot\share\interpreter\linkResolver.cpp, line 759]
Event: 9.737 Thread 0x00000283b818b330 Exception <a 'java/io/FileNotFoundException'{0x00000000eb9723b8}> (0x00000000eb9723b8) 
thrown [s\src\hotspot\share\prims\jni.cpp, line 516]
Event: 10.425 Thread 0x00000283b818a990 Exception <a 'java/lang/NoClassDefFoundError'{0x00000000ead53cf8}: javax/enterprise/inject/Typed> (0x00000000ead53cf8) 
thrown [s\src\hotspot\share\classfile\systemDictionary.cpp, line 245]
Event: 10.514 Thread 0x00000283b818c1a0 Exception <a 'java/lang/NoSuchMethodError'{0x00000000eaeefaf8}: 'java.lang.Object java.lang.invoke.DirectMethodHandle$Holder.invokeStaticInit(java.lang.Object, java.lang.Object, int, int, int, int)'> (0x00000000eaeefaf8) 
thrown [s\src\hotspot\share\interpreter\linkResolver.cpp, line 759]
Event: 10.613 Thread 0x00000283b818c1a0 Exception <a 'java/lang/ClassNotFoundException'{0x00000000eae32588}: com/sun/org/apache/xml/internal/serializer/spi/XMLEntitiesProvider> (0x00000000eae32588) 
thrown [s\src\hotspot\share\classfile\systemDictionary.cpp, line 256]
Event: 10.726 Thread 0x00000283b818c1a0 Exception <a 'java/io/FileNotFoundException'{0x00000000eb52d368}> (0x00000000eb52d368) 
thrown [s\src\hotspot\share\prims\jni.cpp, line 516]
Event: 10.886 Thread 0x00000283b818c1a0 Exception <a 'java/lang/UnsatisfiedLinkError'{0x00000000eb8750a0}: La procédure spécifiée est introuvable.
> (0x00000000eb8750a0) 
thrown [s\src\hotspot\share\prims\jni.cpp, line 535]
Event: 10.897 Thread 0x00000283b818c1a0 Exception <a 'java/io/FileNotFoundException'{0x00000000eb8cd530}> (0x00000000eb8cd530) 
thrown [s\src\hotspot\share\prims\jni.cpp, line 516]
Event: 10.925 Thread 0x00000283b818c1a0 Exception <a 'java/lang/UnsatisfiedLinkError'{0x00000000ebaec2d0}: La procédure spécifiée est introuvable.
> (0x00000000ebaec2d0) 
thrown [s\src\hotspot\share\prims\jni.cpp, line 535]
Event: 12.012 Thread 0x000002839f9bd3f0 Exception <a 'java/lang/NoSuchMethodError'{0x00000000ec18e228}: 'void java.lang.invoke.DirectMethodHandle$Holder.invokeStatic(java.lang.Object, java.lang.Object, java.lang.Object, java.lang.Object)'> (0x00000000ec18e228) 
thrown [s\src\hotspot\share\interpreter\linkResolver.cpp, line 759]
Event: 12.208 Thread 0x000002839f9bd3f0 Exception <a 'java/lang/NoSuchMethodError'{0x00000000eb936f40}: 'void java.lang.invoke.DirectMethodHandle$Holder.invokeSpecial(java.lang.Object, java.lang.Object, java.lang.Object, java.lang.Object, java.lang.Object, java.lang.Object)'> (0x00000000eb936f40) 
thrown [s\src\hotspot\share\interpreter\linkResolver.cpp, line 759]
Event: 12.590 Thread 0x00000283bd369c50 Exception <a 'java/io/FileNotFoundException'{0x00000000eaba9738}> (0x00000000eaba9738) 
thrown [s\src\hotspot\share\prims\jni.cpp, line 516]
Event: 14.766 Thread 0x00000283b818a990 Exception <a 'java/lang/NoClassDefFoundError'{0x00000000eb20c8a8}: com/google/inject/servlet/ServletModuleTargetVisitor> (0x00000000eb20c8a8) 
thrown [s\src\hotspot\share\classfile\systemDictionary.cpp, line 245]
Event: 15.400 Thread 0x00000283bd3675d0 Exception <a 'java/lang/NoSuchMethodError'{0x00000000eb908170}: 'int java.lang.invoke.DirectMethodHandle$Holder.invokeInterface(java.lang.Object, java.lang.Object)'> (0x00000000eb908170) 
thrown [s\src\hotspot\share\interpreter\linkResolver.cpp, line 759]
Event: 15.400 Thread 0x00000283bd3675d0 Exception <a 'java/lang/IncompatibleClassChangeError'{0x00000000eb90b770}: Found class java.lang.Object, but interface was expected> (0x00000000eb90b770) 
thrown [s\src\hotspot\share\interpreter\linkResolver.cpp, line 826]
Event: 15.502 Thread 0x00000283bd3675d0 Exception <a 'java/lang/NoSuchMethodError'{0x00000000ebb09a38}: 'java.lang.Object java.lang.invoke.Invokers$Holder.invoke_MT(java.lang.Object, java.lang.Object, java.lang.Object)'> (0x00000000ebb09a38) 
thrown [s\src\hotspot\share\interpreter\linkResolver.cpp, line 759]
Event: 15.923 Thread 0x00000283bd3675d0 Exception <a 'java/io/FileNotFoundException'{0x00000000ebe3bab8}> (0x00000000ebe3bab8) 
thrown [s\src\hotspot\share\prims\jni.cpp, line 516]
Event: 15.924 Thread 0x00000283bd3675d0 Exception <a 'java/io/FileNotFoundException'{0x00000000ebe3d3d8}> (0x00000000ebe3d3d8) 
thrown [s\src\hotspot\share\prims\jni.cpp, line 516]
Event: 15.928 Thread 0x00000283bd3675d0 Exception <a 'java/lang/NoSuchMethodError'{0x00000000ebe494c8}: 'void java.lang.invoke.DirectMethodHandle$Holder.invokeStaticInit(java.lang.Object, java.lang.Object, java.lang.Object)'> (0x00000000ebe494c8) 
thrown [s\src\hotspot\share\interpreter\linkResolver.cpp, line 759]

VM Operations (20 events):
Event: 15.400 Executing VM operation: ICBufferFull done
Event: 15.454 Executing VM operation: HandshakeAllThreads
Event: 15.454 Executing VM operation: HandshakeAllThreads done
Event: 15.478 Executing VM operation: HandshakeAllThreads
Event: 15.478 Executing VM operation: HandshakeAllThreads done
Event: 15.531 Executing VM operation: HandshakeAllThreads
Event: 15.531 Executing VM operation: HandshakeAllThreads done
Event: 15.600 Executing VM operation: HandshakeAllThreads
Event: 15.600 Executing VM operation: HandshakeAllThreads done
Event: 15.665 Executing VM operation: ParallelGCFailedAllocation
Event: 15.667 Executing VM operation: ParallelGCFailedAllocation done
Event: 15.946 Executing VM operation: ParallelGCFailedAllocation
Event: 15.948 Executing VM operation: ParallelGCFailedAllocation done
Event: 16.103 Executing VM operation: ParallelGCFailedAllocation
Event: 16.107 Executing VM operation: ParallelGCFailedAllocation done
Event: 17.107 Executing VM operation: Cleanup
Event: 17.107 Executing VM operation: Cleanup done
Event: 17.194 Executing VM operation: ParallelGCFailedAllocation
Event: 17.196 Executing VM operation: ParallelGCFailedAllocation done
Event: 17.234 Executing VM operation: ParallelGCFailedAllocation

Events (20 events):
Event: 15.600 loading class java/nio/file/FileTreeWalker$DirectoryNode done
Event: 15.600 loading class java/nio/file/FileTreeWalker$Event
Event: 15.600 loading class java/nio/file/FileTreeWalker$Event done
Event: 15.600 loading class java/nio/file/FileTreeWalker$EventType
Event: 15.600 loading class java/nio/file/FileTreeWalker$EventType done
Event: 15.600 loading class java/nio/file/Files$3
Event: 15.601 loading class java/nio/file/Files$3 done
Event: 15.603 loading class java/nio/file/FileVisitResult
Event: 15.604 loading class java/nio/file/FileVisitResult done
Event: 15.682 loading class java/util/regex/Pattern$BackRef
Event: 15.683 loading class java/util/regex/Pattern$BackRef done
Event: 15.696 loading class java/lang/ThreadLocal$SuppliedThreadLocal
Event: 15.696 loading class java/lang/ThreadLocal$SuppliedThreadLocal done
Event: 15.781 loading class java/nio/channels/Channels$ReadableByteChannelImpl
Event: 15.782 loading class java/nio/channels/Channels$ReadableByteChannelImpl done
Event: 15.783 loading class java/nio/channels/NonWritableChannelException
Event: 15.783 loading class java/nio/channels/NonWritableChannelException done
Event: 15.783 loading class sun/nio/ch/ChannelInputStream
Event: 15.783 loading class sun/nio/ch/ChannelInputStream done
Event: 15.949 Thread 0x00000283bd0ec410 Thread added: 0x00000283bd0ec410


Dynamic libraries:
0x00007ff7cdaa0000 - 0x00007ff7cdaae000 	c:\Users\LENOVO\.antigravity\extensions\redhat.java-1.12.0-win32-x64\jre\17.0.4.1-win32-x86_64\bin\java.exe
0x00007ff9fe240000 - 0x00007ff9fe4a8000 	C:\WINDOWS\SYSTEM32\ntdll.dll
0x00007ff9fc710000 - 0x00007ff9fc7d9000 	C:\WINDOWS\System32\KERNEL32.DLL
0x00007ff9fabe0000 - 0x00007ff9fafd1000 	C:\WINDOWS\System32\KERNELBASE.dll
0x00007ff9fb2c0000 - 0x00007ff9fb40b000 	C:\WINDOWS\System32\ucrtbase.dll
0x00007ff982a10000 - 0x00007ff982a28000 	c:\Users\LENOVO\.antigravity\extensions\redhat.java-1.12.0-win32-x64\jre\17.0.4.1-win32-x86_64\bin\jli.dll
0x00007ff9fca90000 - 0x00007ff9fcc56000 	C:\WINDOWS\System32\USER32.dll
0x00007ff9fb200000 - 0x00007ff9fb227000 	C:\WINDOWS\System32\win32u.dll
0x00007ff9fc950000 - 0x00007ff9fc97b000 	C:\WINDOWS\System32\GDI32.dll
0x00007ff9fbeb0000 - 0x00007ff9fbfdb000 	C:\WINDOWS\System32\gdi32full.dll
0x00007ff9fbe00000 - 0x00007ff9fbea3000 	C:\WINDOWS\System32\msvcp_win.dll
0x00007ff9dc1c0000 - 0x00007ff9dc453000 	C:\WINDOWS\WinSxS\amd64_microsoft.windows.common-controls_6595b64144ccf1df_6.0.26100.7824_none_3e0870b2e3345462\COMCTL32.dll
0x00007ff9fc7e0000 - 0x00007ff9fc889000 	C:\WINDOWS\System32\msvcrt.dll
0x00007ff9829f0000 - 0x00007ff982a09000 	c:\Users\LENOVO\.antigravity\extensions\redhat.java-1.12.0-win32-x64\jre\17.0.4.1-win32-x86_64\bin\VCRUNTIME140.dll
0x00007ff9fe140000 - 0x00007ff9fe171000 	C:\WINDOWS\System32\IMM32.DLL
0x00007ff983d00000 - 0x00007ff983d0c000 	c:\Users\LENOVO\.antigravity\extensions\redhat.java-1.12.0-win32-x64\jre\17.0.4.1-win32-x86_64\bin\vcruntime140_1.dll
0x00007ff982950000 - 0x00007ff9829e1000 	c:\Users\LENOVO\.antigravity\extensions\redhat.java-1.12.0-win32-x64\jre\17.0.4.1-win32-x86_64\bin\msvcp140.dll
0x00007ff96c440000 - 0x00007ff96d086000 	c:\Users\LENOVO\.antigravity\extensions\redhat.java-1.12.0-win32-x64\jre\17.0.4.1-win32-x86_64\bin\server\jvm.dll
0x00007ff9fe080000 - 0x00007ff9fe134000 	C:\WINDOWS\System32\ADVAPI32.dll
0x00007ff9fd110000 - 0x00007ff9fd1b6000 	C:\WINDOWS\System32\sechost.dll
0x00007ff9fc5f0000 - 0x00007ff9fc708000 	C:\WINDOWS\System32\RPCRT4.dll
0x00007ff9fc1c0000 - 0x00007ff9fc1c8000 	C:\WINDOWS\System32\PSAPI.DLL
0x00007ff9f24f0000 - 0x00007ff9f2525000 	C:\WINDOWS\SYSTEM32\WINMM.dll
0x00007ff9d2380000 - 0x00007ff9d238a000 	C:\WINDOWS\SYSTEM32\WSOCK32.dll
0x00007ff9fd250000 - 0x00007ff9fd2c4000 	C:\WINDOWS\System32\WS2_32.dll
0x00007ff9ecd90000 - 0x00007ff9ecd9b000 	C:\WINDOWS\SYSTEM32\VERSION.dll
0x00007ff9f98c0000 - 0x00007ff9f98db000 	C:\WINDOWS\SYSTEM32\kernel.appcore.dll
0x00007ff982940000 - 0x00007ff98294a000 	c:\Users\LENOVO\.antigravity\extensions\redhat.java-1.12.0-win32-x64\jre\17.0.4.1-win32-x86_64\bin\jimage.dll
0x00007ff9f80a0000 - 0x00007ff9f82e2000 	C:\WINDOWS\SYSTEM32\DBGHELP.DLL
0x00007ff9fdcf0000 - 0x00007ff9fe076000 	C:\WINDOWS\System32\combase.dll
0x00007ff9fc9b0000 - 0x00007ff9fca87000 	C:\WINDOWS\System32\OLEAUT32.dll
0x00007ff9d8c10000 - 0x00007ff9d8c4b000 	C:\WINDOWS\SYSTEM32\dbgcore.DLL
0x00007ff9fafe0000 - 0x00007ff9fb085000 	C:\WINDOWS\System32\bcryptPrimitives.dll
0x00007ff982810000 - 0x00007ff98281e000 	c:\Users\LENOVO\.antigravity\extensions\redhat.java-1.12.0-win32-x64\jre\17.0.4.1-win32-x86_64\bin\instrument.dll
0x00007ff9827b0000 - 0x00007ff9827d5000 	c:\Users\LENOVO\.antigravity\extensions\redhat.java-1.12.0-win32-x64\jre\17.0.4.1-win32-x86_64\bin\java.dll
0x00007ff982920000 - 0x00007ff982938000 	c:\Users\LENOVO\.antigravity\extensions\redhat.java-1.12.0-win32-x64\jre\17.0.4.1-win32-x86_64\bin\zip.dll
0x00007ff9fd590000 - 0x00007ff9fdce2000 	C:\WINDOWS\System32\SHELL32.dll
0x00007ff9fb090000 - 0x00007ff9fb1fa000 	C:\WINDOWS\System32\wintypes.dll
0x00007ff9fb590000 - 0x00007ff9fbdf3000 	C:\WINDOWS\System32\windows.storage.dll
0x00007ff9fc240000 - 0x00007ff9fc336000 	C:\WINDOWS\System32\SHCORE.dll
0x00007ff9fc890000 - 0x00007ff9fc8f7000 	C:\WINDOWS\System32\shlwapi.dll
0x00007ff9faa40000 - 0x00007ff9faa69000 	C:\WINDOWS\SYSTEM32\profapi.dll
0x00007ff982900000 - 0x00007ff982919000 	C:\Users\LENOVO\.antigravity\extensions\redhat.java-1.12.0-win32-x64\jre\17.0.4.1-win32-x86_64\bin\net.dll
0x00007ff9ec7e0000 - 0x00007ff9ec907000 	C:\WINDOWS\SYSTEM32\WINHTTP.dll
0x00007ff9f9e30000 - 0x00007ff9f9e9b000 	C:\WINDOWS\system32\mswsock.dll
0x00007ff9828e0000 - 0x00007ff9828f5000 	C:\Users\LENOVO\.antigravity\extensions\redhat.java-1.12.0-win32-x64\jre\17.0.4.1-win32-x86_64\bin\nio.dll
0x00007ff982830000 - 0x00007ff982840000 	c:\Users\LENOVO\.antigravity\extensions\redhat.java-1.12.0-win32-x64\jre\17.0.4.1-win32-x86_64\bin\verify.dll
0x00007ff96c2d0000 - 0x00007ff96c30e000 	C:\Users\LENOVO\AppData\Roaming\Antigravity\User\globalStorage\redhat.java\1.12.0\config_win\org.eclipse.equinox.launcher\org.eclipse.equinox.launcher.win32.win32.x86_64_1.2.600.v20220720-1916\eclipse_11700.dll
0x00007ff9fd2d0000 - 0x00007ff9fd467000 	C:\WINDOWS\System32\ole32.dll
0x00007ff9fa100000 - 0x00007ff9fa11b000 	C:\WINDOWS\SYSTEM32\CRYPTSP.dll
0x00007ff9f9820000 - 0x00007ff9f9859000 	C:\WINDOWS\system32\rsaenh.dll
0x00007ff9f9ee0000 - 0x00007ff9f9f0b000 	C:\WINDOWS\SYSTEM32\USERENV.dll
0x00007ff9faa10000 - 0x00007ff9faa3a000 	C:\WINDOWS\SYSTEM32\bcrypt.dll
0x00007ff9fa120000 - 0x00007ff9fa12c000 	C:\WINDOWS\SYSTEM32\CRYPTBASE.dll
0x00007ff9f9350000 - 0x00007ff9f9384000 	C:\WINDOWS\SYSTEM32\IPHLPAPI.DLL
0x00007ff9fc1d0000 - 0x00007ff9fc1da000 	C:\WINDOWS\System32\NSI.dll
0x00007ff9f1d60000 - 0x00007ff9f1d7e000 	C:\WINDOWS\SYSTEM32\dhcpcsvc6.DLL
0x00007ff9edd20000 - 0x00007ff9edd43000 	C:\WINDOWS\SYSTEM32\dhcpcsvc.DLL
0x00007ff9f9430000 - 0x00007ff9f955c000 	C:\WINDOWS\SYSTEM32\DNSAPI.dll
0x00007ff9eabd0000 - 0x00007ff9eac10000 	C:\Users\LENOVO\AppData\Local\Temp\jna--2053026509\jna9647657846209240096.dll

dbghelp: loaded successfully - version: 4.0.5 - missing functions: none
symbol engine: initialized successfully - sym options: 0x614 - pdb path: .;c:\Users\LENOVO\.antigravity\extensions\redhat.java-1.12.0-win32-x64\jre\17.0.4.1-win32-x86_64\bin;C:\WINDOWS\SYSTEM32;C:\WINDOWS\WinSxS\amd64_microsoft.windows.common-controls_6595b64144ccf1df_6.0.26100.7824_none_3e0870b2e3345462;c:\Users\LENOVO\.antigravity\extensions\redhat.java-1.12.0-win32-x64\jre\17.0.4.1-win32-x86_64\bin\server;C:\Users\LENOVO\AppData\Roaming\Antigravity\User\globalStorage\redhat.java\1.12.0\config_win\org.eclipse.equinox.launcher\org.eclipse.equinox.launcher.win32.win32.x86_64_1.2.600.v20220720-1916;C:\Users\LENOVO\AppData\Local\Temp\jna--2053026509

VM Arguments:
jvm_args: --add-modules=ALL-SYSTEM --add-opens=java.base/java.util=ALL-UNNAMED --add-opens=java.base/java.lang=ALL-UNNAMED --add-opens=java.base/sun.nio.fs=ALL-UNNAMED -Declipse.application=org.eclipse.jdt.ls.core.id1 -Dosgi.bundles.defaultStartLevel=4 -Declipse.product=org.eclipse.jdt.ls.core.product -Djava.import.generatesMetadataFilesAtProjectRoot=false -Dfile.encoding=utf8 -XX:+UseParallelGC -XX:GCTimeRatio=4 -XX:AdaptiveSizePolicyWeight=90 -Dsun.zip.disableMemoryMapping=true -Xmx1G -Xms100m -Xlog:disable -javaagent:c:\Users\LENOVO\.antigravity\extensions\redhat.java-1.12.0-win32-x64\lombok\lombok-1.18.24.jar -XX:+HeapDumpOnOutOfMemoryError -XX:HeapDumpPath=c:\Users\LENOVO\AppData\Roaming\Antigravity\User\workspaceStorage\a8d5ca9e003d8389da026bbce01f11fa\redhat.java 
java_command: c:\Users\LENOVO\.antigravity\extensions\redhat.java-1.12.0-win32-x64\server\plugins\org.eclipse.equinox.launcher_1.6.400.v20210924-0641.jar -configuration c:\Users\LENOVO\AppData\Roaming\Antigravity\User\globalStorage\redhat.java\1.12.0\config_win -data c:\Users\LENOVO\AppData\Roaming\Antigravity\User\workspaceStorage\a8d5ca9e003d8389da026bbce01f11fa\redhat.java\jdt_ws
java_class_path (initial): c:\Users\LENOVO\.antigravity\extensions\redhat.java-1.12.0-win32-x64\server\plugins\org.eclipse.equinox.launcher_1.6.400.v20210924-0641.jar
Launcher Type: SUN_STANDARD

[Global flags]
    uintx AdaptiveSizePolicyWeight                 = 90                                        {product} {command line}
     intx CICompilerCount                          = 4                                         {product} {ergonomic}
    uintx GCTimeRatio                              = 4                                         {product} {command line}
     bool HeapDumpOnOutOfMemoryError               = true                                   {manageable} {command line}
    ccstr HeapDumpPath                             = c:\Users\LENOVO\AppData\Roaming\Antigravity\User\workspaceStorage\a8d5ca9e003d8389da026bbce01f11fa\redhat.java         {manageable} {command line}
   size_t InitialHeapSize                          = 104857600                                 {product} {command line}
   size_t MaxHeapSize                              = 1073741824                                {product} {command line}
   size_t MaxNewSize                               = 357564416                                 {product} {ergonomic}
   size_t MinHeapDeltaBytes                        = 524288                                    {product} {ergonomic}
   size_t MinHeapSize                              = 104857600                                 {product} {command line}
   size_t NewSize                                  = 34603008                                  {product} {ergonomic}
    uintx NonNMethodCodeHeapSize                   = 5839372                                {pd product} {ergonomic}
    uintx NonProfiledCodeHeapSize                  = 122909434                              {pd product} {ergonomic}
   size_t OldSize                                  = 70254592                                  {product} {ergonomic}
    uintx ProfiledCodeHeapSize                     = 122909434                              {pd product} {ergonomic}
    uintx ReservedCodeCacheSize                    = 251658240                              {pd product} {ergonomic}
     bool SegmentedCodeCache                       = true                                      {product} {ergonomic}
   size_t SoftMaxHeapSize                          = 1073741824                             {manageable} {ergonomic}
     bool UseCompressedClassPointers               = true                           {product lp64_product} {ergonomic}
     bool UseCompressedOops                        = true                           {product lp64_product} {ergonomic}
     bool UseLargePagesIndividualAllocation        = false                                  {pd product} {ergonomic}
     bool UseParallelGC                            = true                                      {product} {command line}

Logging:
Log output configuration:
 #0: stdout all=off uptime,level,tags
 #1: stderr all=off uptime,level,tags

Environment Variables:
JAVA_HOME=C:\Program Files\Java\jdk-20
PATH=C:\Program Files\MongoDB\Server\8.2\bin;C:\Program Files\Eclipse Adoptium\jdk-17.0.17.10-hotspot\bin;C:\oraclexe\app\oracle\product\11.2.0\server\bin;C:\xampp\php;C:\Program Files\MySQL\MySQL Server 8.0\bin;C:\Python 3.12\Python 3.12.exe;C:\Users\LENOVO\AppData\Local\Programs\Python\Python312\python.exe;C:\Users\LENOVO\Downloads\flutter_windows_3.16.0-stable\flutter\bin;C:\ProgramData\Oracle\Java\javapath;C:\Program Files\Java\jdk-21.0.1\bin;C:\Program Files\Common Files\Oracle\Java\javapath;C:\Program Files\Java\jdk-20\bin;C:\Users\LENOVO\Downloads\sqldeveloper-23.1.0.097.1607-x64\sqldeveloper\sqldeveloper\bin;C:\Users\LENOVO\Downloads\msys2-x86_64-20230318.exe;C:\WINDOWS\system32;C:\WINDOWS;C:\WINDOWS\System32\Wbem;C:\WINDOWS\System32\WindowsPowerShell\v1.0\;C:\WINDOWS\System32\OpenSSH\;C:\Program Files\Git\cmd;C:\Program Files\Git\bin;C:\Program Files\dotnet\;C:\Users\LENOVO\AppData\Local\Android\Sdk\platform-tools;C:\Users\LENOVO\AppData\Local\Android\Sdk\emulator;C:\Users\LENOVO\Downloads\php-8.3.11-nts-Win32-vs16-x64;C:\ProgramData\ComposerSetup\bin;C:\Program Files\nodejs\;C:\Program Files\Microsoft SQL Server\150\Tools\Binn\;C:\Program Files\Docker\Docker\resources\bin;C:\Program Files\Vagrant\bin;C:\Users\LENOVO\scoop\shims;C:\Program Files\MySQL\MySQL Shell 8.0\bin\;C:\Users\LENOVO\AppData\Local\Programs\Python\Launcher\;C:\Python27\python.exe;C:\Users\LENOVO\AppData\Local\Programs\Python\Python311;C:\Users\LENOVO\AppData\Local\Programs\Python\Python311\Scripts\;C:\Python27;C:\Users\LENOVO\AppData\Local\Microsoft\WindowsApps;C:\Program Files\JetBrains\PyCharm Community Edition 2023.1\bin;;C:\Users\LENOVO\AppData\Local\GitHubDesktop\bin;C:\Users\LENOVO\.dotnet\tools;C:\Program Files (x86)\Nmap;C:\Users\LENOVO\AppData\Local\Programs\MiKTeX\miktex\bin\x64\;C:\Users\LENOVO\AppData\Roaming\Composer\vendor\bin;C:\xampp\php;C:\Program Files\JetBrains\IntelliJ IDEA 2024.2.1\bin;;C:\Flex Windows\gcc\bin;C:\Flex Windows\Lex\bin;C:\Flex Windows\bison\bin;C:\Users\L
USERNAME=LENOVO
OS=Windows_NT
PROCESSOR_IDENTIFIER=Intel64 Family 6 Model 140 Stepping 2, GenuineIntel
TMP=C:\Users\LENOVO\AppData\Local\Temp
TEMP=C:\Users\LENOVO\AppData\Local\Temp



---------------  S Y S T E M  ---------------

OS:
 Windows 11 , 64 bit Build 26100 (10.0.26100.7705)
OS uptime: 0 days 0:58 hours
Hyper-V role detected

CPU: total 8 (initial active 8) (4 cores per cpu, 2 threads per core) family 6 model 140 stepping 2 microcode 0x26, cx8, cmov, fxsr, ht, mmx, 3dnowpref, sse, sse2, sse3, ssse3, sse4.1, sse4.2, popcnt, lzcnt, tsc, tscinvbit, avx, avx2, aes, erms, clmul, bmi1, bmi2, adx, avx512f, avx512dq, avx512cd, avx512bw, avx512vl, sha, fma, vzeroupper, avx512_vpopcntdq, avx512_vpclmulqdq, avx512_vaes, avx512_vnni, clflush, clflushopt, clwb, avx512_vbmi2, avx512_vbmi, hv

Memory: 4k page, system-wide physical 16167M (575M free)
TotalPageFile size 21167M (AvailPageFile size 7M)
current process WorkingSet (physical memory assigned to process): 204M, peak: 208M
current process commit charge ("private bytes"): 288M, peak: 296M

vm_info: OpenJDK 64-Bit Server VM (17.0.4.1+1) for windows-amd64 JRE (17.0.4.1+1), built on Aug 17 2022 07:42:43 by "temurin" with MS VC++ 16.7 (VS2019)

END.
