#
# There is insufficient memory for the Java Runtime Environment to continue.
# Native memory allocation (malloc) failed to allocate 2194096 bytes for Chunk::new
# Possible reasons:
#   The system is out of physical RAM or swap space
#   The process is running with CompressedOops enabled, and the Java Heap may be blocking the growth of the native heap
# Possible solutions:
#   Reduce memory load on the system
#   Increase physical memory or swap space
#   Check if swap backing store is full
#   Decrease Java heap size (-Xmx/-Xms)
#   Decrease number of Java threads
#   Decrease Java thread stack sizes (-Xss)
#   Set larger code cache with -XX:ReservedCodeCacheSize=
#   JVM is running with Unscaled Compressed Oops mode in which the Java heap is
#     placed in the first 4GB address space. The Java Heap base address is the
#     maximum limit for the native heap growth. Please use -XX:HeapBaseMinAddress
#     to set the Java Heap base and to place the Java Heap above 4GB virtual address.
# This output file may be truncated or incomplete.
#
#  Out of Memory Error (arena.cpp:189), pid=21288, tid=6700
#
# JRE version: OpenJDK Runtime Environment Temurin-17.0.4.1+1 (17.0.4.1+1) (build 17.0.4.1+1)
# Java VM: OpenJDK 64-Bit Server VM Temurin-17.0.4.1+1 (17.0.4.1+1, mixed mode, tiered, compressed oops, compressed class ptrs, parallel gc, windows-amd64)
# No core dump will be written. Minidumps are not enabled by default on client versions of Windows
#

---------------  S U M M A R Y ------------

Command Line: --add-modules=ALL-SYSTEM --add-opens=java.base/java.util=ALL-UNNAMED --add-opens=java.base/java.lang=ALL-UNNAMED --add-opens=java.base/sun.nio.fs=ALL-UNNAMED -Declipse.application=org.eclipse.jdt.ls.core.id1 -Dosgi.bundles.defaultStartLevel=4 -Declipse.product=org.eclipse.jdt.ls.core.product -Djava.import.generatesMetadataFilesAtProjectRoot=false -Dfile.encoding=utf8 -XX:+UseParallelGC -XX:GCTimeRatio=4 -XX:AdaptiveSizePolicyWeight=90 -Dsun.zip.disableMemoryMapping=true -Xmx1G -Xms100m -Xlog:disable -javaagent:c:\Users\LENOVO\.antigravity\extensions\redhat.java-1.12.0-win32-x64\lombok\lombok-1.18.24.jar -XX:+HeapDumpOnOutOfMemoryError -XX:HeapDumpPath=c:\Users\LENOVO\AppData\Roaming\Antigravity\User\workspaceStorage\a8d5ca9e003d8389da026bbce01f11fa\redhat.java c:\Users\LENOVO\.antigravity\extensions\redhat.java-1.12.0-win32-x64\server\plugins\org.eclipse.equinox.launcher_1.6.400.v20210924-0641.jar -configuration c:\Users\LENOVO\AppData\Roaming\Antigravity\User\globalStorage\redhat.java\1.12.0\config_win -data c:\Users\LENOVO\AppData\Roaming\Antigravity\User\workspaceStorage\a8d5ca9e003d8389da026bbce01f11fa\redhat.java\jdt_ws

Host: 11th Gen Intel(R) Core(TM) i5-11320H @ 3.20GHz, 8 cores, 15G,  Windows 11 , 64 bit Build 26100 (10.0.26100.7705)
Time: Thu Mar  5 06:46:11 2026 Paris, Madrid elapsed time: 79.173765 seconds (0d 0h 1m 19s)

---------------  T H R E A D  ---------------

Current thread (0x0000016b151929b0):  JavaThread "C2 CompilerThread1" daemon [_thread_in_native, id=6700, stack(0x000000548fb00000,0x000000548fc00000)]


Current CompileTask:
C2:  79173 11158       4       org.eclipse.jdt.internal.compiler.lookup.LookupEnvironment::getTypeFromTypeSignature (770 bytes)

Stack: [0x000000548fb00000,0x000000548fc00000]
Native frames: (J=compiled Java code, j=interpreted, Vv=VM code, C=native code)
V  [jvm.dll+0x67731a]
V  [jvm.dll+0x832284]
V  [jvm.dll+0x833a2e]
V  [jvm.dll+0x834093]
V  [jvm.dll+0x245775]
V  [jvm.dll+0xabd7b]
V  [jvm.dll+0xac30c]
V  [jvm.dll+0x363a42]
V  [jvm.dll+0x32e011]
V  [jvm.dll+0x32d4ba]
V  [jvm.dll+0x218681]
V  [jvm.dll+0x217aa1]
V  [jvm.dll+0x1a3f8d]
V  [jvm.dll+0x227498]
V  [jvm.dll+0x2255e5]
V  [jvm.dll+0x7e7e9b]
V  [jvm.dll+0x7e240a]
V  [jvm.dll+0x6761a5]
C  [ucrtbase.dll+0x37b0]
C  [KERNEL32.DLL+0x2e8d7]
C  [ntdll.dll+0x8c40c]


---------------  P R O C E S S  ---------------

Threads class SMR info:
_java_thread_list=0x0000016b168bf440, length=33, elements={
0x0000016b7a838180, 0x0000016b10a64b40, 0x0000016b10a66910, 0x0000016b7f6be640,
0x0000016b7a8fe350, 0x0000016b10a94340, 0x0000016b10a99f30, 0x0000016b10aa0920,
0x0000016b10aa9230, 0x0000016b10aac6d0, 0x0000016b10be4ac0, 0x0000016b10d918d0,
0x0000016b12e739d0, 0x0000016b12e4d290, 0x0000016b12e460d0, 0x0000016b11bd1bf0,
0x0000016b11a64060, 0x0000016b10d8c390, 0x0000016b10d89840, 0x0000016b10d8b520,
0x0000016b10d89d10, 0x0000016b10d8a1e0, 0x0000016b10d8b9f0, 0x0000016b10d88ea0,
0x0000016b10d8a6b0, 0x0000016b10d89370, 0x0000016b16eb76e0, 0x0000016b16eb63a0,
0x0000016b16eb6870, 0x0000016b16eb8550, 0x0000016b16eb7210, 0x0000016b151929b0,
0x0000016b154414d0
}

Java Threads: ( => current thread )
  0x0000016b7a838180 JavaThread "main" [_thread_blocked, id=19892, stack(0x000000548fe00000,0x000000548ff00000)]
  0x0000016b10a64b40 JavaThread "Reference Handler" daemon [_thread_blocked, id=20784, stack(0x0000005490100000,0x0000005490200000)]
  0x0000016b10a66910 JavaThread "Finalizer" daemon [_thread_blocked, id=17148, stack(0x0000005490200000,0x0000005490300000)]
  0x0000016b7f6be640 JavaThread "Signal Dispatcher" daemon [_thread_blocked, id=5708, stack(0x0000005490300000,0x0000005490400000)]
  0x0000016b7a8fe350 JavaThread "Attach Listener" daemon [_thread_blocked, id=8208, stack(0x0000005490400000,0x0000005490500000)]
  0x0000016b10a94340 JavaThread "Service Thread" daemon [_thread_blocked, id=2860, stack(0x0000005490500000,0x0000005490600000)]
  0x0000016b10a99f30 JavaThread "Monitor Deflation Thread" daemon [_thread_blocked, id=11432, stack(0x0000005490600000,0x0000005490700000)]
  0x0000016b10aa0920 JavaThread "C2 CompilerThread0" daemon [_thread_blocked, id=13916, stack(0x0000005490700000,0x0000005490800000)]
  0x0000016b10aa9230 JavaThread "C1 CompilerThread0" daemon [_thread_blocked, id=1712, stack(0x0000005490800000,0x0000005490900000)]
  0x0000016b10aac6d0 JavaThread "Sweeper thread" daemon [_thread_blocked, id=20068, stack(0x0000005490900000,0x0000005490a00000)]
  0x0000016b10be4ac0 JavaThread "Common-Cleaner" daemon [_thread_blocked, id=17220, stack(0x0000005490a00000,0x0000005490b00000)]
  0x0000016b10d918d0 JavaThread "Notification Thread" daemon [_thread_blocked, id=3748, stack(0x0000005490b00000,0x0000005490c00000)]
  0x0000016b12e739d0 JavaThread "Active Thread: Equinox Container: 590bf65e-9ca1-41dd-8fdc-d5377a5926f6" [_thread_blocked, id=11872, stack(0x0000005491400000,0x0000005491500000)]
  0x0000016b12e4d290 JavaThread "Framework Event Dispatcher: Equinox Container: 590bf65e-9ca1-41dd-8fdc-d5377a5926f6" daemon [_thread_blocked, id=17804, stack(0x0000005491200000,0x0000005491300000)]
  0x0000016b12e460d0 JavaThread "Start Level: Equinox Container: 590bf65e-9ca1-41dd-8fdc-d5377a5926f6" daemon [_thread_blocked, id=4540, stack(0x0000005491300000,0x0000005491400000)]
  0x0000016b11bd1bf0 JavaThread "SCR Component Actor" daemon [_thread_blocked, id=19140, stack(0x0000005491500000,0x0000005491600000)]
  0x0000016b11a64060 JavaThread "Worker-JM" [_thread_blocked, id=8304, stack(0x0000005491900000,0x0000005491a00000)]
  0x0000016b10d8c390 JavaThread "Worker-0" [_thread_blocked, id=3256, stack(0x0000005491b00000,0x0000005491c00000)]
  0x0000016b10d89840 JavaThread "Worker-1" [_thread_blocked, id=11932, stack(0x0000005491c00000,0x0000005491d00000)]
  0x0000016b10d8b520 JavaThread "Java indexing" daemon [_thread_blocked, id=20732, stack(0x0000005491e00000,0x0000005491f00000)]
  0x0000016b10d89d10 JavaThread "JNA Cleaner" daemon [_thread_blocked, id=16356, stack(0x0000005491f00000,0x0000005492000000)]
  0x0000016b10d8a1e0 JavaThread "pool-2-thread-1" [_thread_blocked, id=21076, stack(0x0000005492200000,0x0000005492300000)]
  0x0000016b10d8b9f0 JavaThread "pool-1-thread-1" [_thread_in_native, id=13136, stack(0x0000005492300000,0x0000005492400000)]
  0x0000016b10d88ea0 JavaThread "Worker-2" [_thread_blocked, id=18228, stack(0x0000005492400000,0x0000005492500000)]
  0x0000016b10d8a6b0 JavaThread "Worker-3" [_thread_blocked, id=21472, stack(0x0000005492500000,0x0000005492600000)]
  0x0000016b10d89370 JavaThread "ForkJoinPool.commonPool-worker-1" daemon [_thread_blocked, id=20276, stack(0x0000005492600000,0x0000005492700000)]
  0x0000016b16eb76e0 JavaThread "Worker-4" [_thread_blocked, id=20724, stack(0x0000005491d00000,0x0000005491e00000)]
  0x0000016b16eb63a0 JavaThread "ForkJoinPool.commonPool-worker-2" daemon [_thread_blocked, id=17496, stack(0x0000005492700000,0x0000005492800000)]
  0x0000016b16eb6870 JavaThread "ForkJoinPool.commonPool-worker-3" daemon [_thread_blocked, id=8480, stack(0x0000005492800000,0x0000005492900000)]
  0x0000016b16eb8550 JavaThread "ForkJoinPool.commonPool-worker-4" daemon [_thread_blocked, id=20620, stack(0x0000005492a00000,0x0000005492b00000)]
  0x0000016b16eb7210 JavaThread "Worker-5" [_thread_blocked, id=5536, stack(0x000000548fc00000,0x000000548fd00000)]
=>0x0000016b151929b0 JavaThread "C2 CompilerThread1" daemon [_thread_in_native, id=6700, stack(0x000000548fb00000,0x000000548fc00000)]
  0x0000016b154414d0 JavaThread "C2 CompilerThread2" daemon [_thread_in_native, id=15164, stack(0x000000548fd00000,0x000000548fe00000)]

Other Threads:
  0x0000016b7a8c3b00 VMThread "VM Thread" [stack: 0x0000005490000000,0x0000005490100000] [id=12648]
  0x0000016b10d8d600 WatcherThread [stack: 0x0000005490c00000,0x0000005490d00000] [id=19724]
  0x0000016b7a84d2c0 GCTaskThread "GC Thread#0" [stack: 0x000000548ff00000,0x0000005490000000] [id=844]
  0x0000016b12216de0 GCTaskThread "GC Thread#1" [stack: 0x0000005490d00000,0x0000005490e00000] [id=12196]
  0x0000016b12217090 GCTaskThread "GC Thread#2" [stack: 0x0000005490e00000,0x0000005490f00000] [id=8604]
  0x0000016b12217340 GCTaskThread "GC Thread#3" [stack: 0x0000005490f00000,0x0000005491000000] [id=12228]
  0x0000016b122175f0 GCTaskThread "GC Thread#4" [stack: 0x0000005491000000,0x0000005491100000] [id=7404]
  0x0000016b122178a0 GCTaskThread "GC Thread#5" [stack: 0x0000005491100000,0x0000005491200000] [id=4984]
  0x0000016b11edcf70 GCTaskThread "GC Thread#6" [stack: 0x0000005491600000,0x0000005491700000] [id=21012]
  0x0000016b11edd220 GCTaskThread "GC Thread#7" [stack: 0x0000005491700000,0x0000005491800000] [id=9292]

Threads with active compile tasks:
C2 CompilerThread1    79193 11158       4       org.eclipse.jdt.internal.compiler.lookup.LookupEnvironment::getTypeFromTypeSignature (770 bytes)
C2 CompilerThread2    79193 10878       4       org.eclipse.jdt.internal.compiler.lookup.BinaryTypeBinding::createMethod (1719 bytes)

VM state: not at safepoint (normal execution)

VM Mutex/Monitor currently owned by a thread: None

Heap address: 0x00000000c0000000, size: 1024 MB, Compressed Oops mode: 32-bit

CDS archive(s) not mapped
Compressed class space mapped at: 0x0000000100000000-0x0000000140000000, reserved size: 1073741824
Narrow klass base: 0x0000000000000000, Narrow klass shift: 3, Narrow klass range: 0x140000000

GC Precious Log:
 CPUs: 8 total, 8 available
 Memory: 16167M
 Large Page Support: Disabled
 NUMA Support: Disabled
 Compressed Oops: Enabled (32-bit)
 Alignments: Space 512K, Generation 512K, Heap 2M
 Heap Min Capacity: 100M
 Heap Initial Capacity: 100M
 Heap Max Capacity: 1G
 Pre-touch: Disabled
 Parallel Workers: 8

Heap:
 PSYoungGen      total 2560K, used 1050K [0x00000000eab00000, 0x00000000eaf00000, 0x0000000100000000)
  eden space 1536K, 47% used [0x00000000eab00000,0x00000000eabb68f0,0x00000000eac80000)
  from space 1024K, 31% used [0x00000000ead00000,0x00000000ead50000,0x00000000eae00000)
  to   space 512K, 0% used [0x00000000eae80000,0x00000000eae80000,0x00000000eaf00000)
 ParOldGen       total 121856K, used 114725K [0x00000000c0000000, 0x00000000c7700000, 0x00000000eab00000)
  object space 121856K, 94% used [0x00000000c0000000,0x00000000c70097b0,0x00000000c7700000)
 Metaspace       used 66458K, committed 67520K, reserved 1114112K
  class space    used 6784K, committed 7232K, reserved 1048576K

Card table byte_map: [0x0000016b7a1e0000,0x0000016b7a3f0000] _byte_map_base: 0x0000016b79be0000

Marking Bits: (ParMarkBitMap*) 0x00007ff8e9352cc0
 Begin Bits: [0x0000016b7d4c0000, 0x0000016b7e4c0000)
 End Bits:   [0x0000016b7e4c0000, 0x0000016b7f4c0000)

Polling page: 0x0000016b78770000

Metaspace:

Usage:
  Non-class:     58.28 MB used.
      Class:      6.63 MB used.
       Both:     64.90 MB used.

Virtual space:
  Non-class space:       64.00 MB reserved,      58.88 MB ( 92%) committed,  8 nodes.
      Class space:        1.00 GB reserved,       7.06 MB ( <1%) committed,  1 nodes.
             Both:        1.06 GB reserved,      65.94 MB (  6%) committed. 

Chunk freelists:
   Non-Class:  323.00 KB
       Class:  873.00 KB
        Both:  1.17 MB

MaxMetaspaceSize: unlimited
CompressedClassSpaceSize: 1.00 GB
Initial GC threshold: 21.00 MB
Current GC threshold: 109.50 MB
CDS: off
MetaspaceReclaimPolicy: balanced
 - commit_granule_bytes: 65536.
 - commit_granule_words: 8192.
 - virtual_space_node_default_size: 1048576.
 - enlarge_chunks_in_place: 1.
 - new_chunks_are_fully_committed: 0.
 - uncommit_free_chunks: 1.
 - use_allocation_guard: 0.
 - handle_deallocations: 1.


Internal statistics:

num_allocs_failed_limit: 9.
num_arena_births: 746.
num_arena_deaths: 14.
num_vsnodes_births: 9.
num_vsnodes_deaths: 0.
num_space_committed: 1055.
num_space_uncommitted: 0.
num_chunks_returned_to_freelist: 23.
num_chunks_taken_from_freelist: 3264.
num_chunk_merges: 10.
num_chunk_splits: 2145.
num_chunks_enlarged: 1407.
num_purges: 2.
num_inconsistent_stats: 0.

CodeHeap 'non-profiled nmethods': size=120000Kb used=6515Kb max_used=7031Kb free=113484Kb
 bounds [0x0000016b07ad0000, 0x0000016b081b0000, 0x0000016b0f000000]
CodeHeap 'profiled nmethods': size=120000Kb used=20072Kb max_used=21644Kb free=99927Kb
 bounds [0x0000016b005a0000, 0x0000016b01ad0000, 0x0000016b07ad0000]
CodeHeap 'non-nmethods': size=5760Kb used=1365Kb max_used=1460Kb free=4394Kb
 bounds [0x0000016b00000000, 0x0000016b00270000, 0x0000016b005a0000]
 total_blobs=10074 nmethods=9381 adapters=605
 compilation: enabled
              stopped_count=0, restarted_count=0
 full_count=0

Compilation events (20 events):
Event: 76.017 Thread 0x0000016b10aa9230 nmethod 11289 0x0000016b0158c610 code [0x0000016b0158c7c0, 0x0000016b0158c928]
Event: 76.017 Thread 0x0000016b10aa9230 11290       2       org.eclipse.core.internal.resources.CharsetManager$ResourceChangeListener::moveSettingsIfDerivedChanged (233 bytes)
Event: 76.018 Thread 0x0000016b10aa9230 nmethod 11290 0x0000016b00f25d90 code [0x0000016b00f26020, 0x0000016b00f268e8]
Event: 76.019 Thread 0x0000016b10aa9230 11291       1       org.eclipse.core.internal.runtime.InternalPlatform::getBundleContext (5 bytes)
Event: 76.019 Thread 0x0000016b10aa9230 nmethod 11291 0x0000016b07b1c110 code [0x0000016b07b1c2a0, 0x0000016b07b1c378]
Event: 76.020 Thread 0x0000016b10aa9230 11292   !   2       sun.nio.fs.WindowsNativeDispatcher::GetFullPathName (26 bytes)
Event: 76.020 Thread 0x0000016b10aa9230 nmethod 11292 0x0000016b01679710 code [0x0000016b016798e0, 0x0000016b01679a78]
Event: 76.051 Thread 0x0000016b10aa0920 nmethod 11263 0x0000016b080df710 code [0x0000016b080dfa60, 0x0000016b080e2890]
Event: 76.051 Thread 0x0000016b10aa0920 11276   !   4       java.util.concurrent.ConcurrentHashMap::putVal (433 bytes)
Event: 76.062 Thread 0x0000016b10aa0920 nmethod 11276 0x0000016b0815cc10 code [0x0000016b0815ce20, 0x0000016b0815dfd8]
Event: 76.062 Thread 0x0000016b10aa0920 11283       4       java.util.AbstractCollection::addAll (42 bytes)
Event: 76.063 Thread 0x0000016b10aa0920 nmethod 11283 0x0000016b07b1ba90 code [0x0000016b07b1bc20, 0x0000016b07b1bd58]
Event: 76.063 Thread 0x0000016b10aa0920 10854       4       java.util.TreeMap$KeyIterator::next (8 bytes)
Event: 76.064 Thread 0x0000016b10aa0920 nmethod 10854 0x0000016b07da8390 code [0x0000016b07da8520, 0x0000016b07da8698]
Event: 76.064 Thread 0x0000016b10aa0920 10984       4       java.lang.reflect.Field::get (29 bytes)
Event: 76.067 Thread 0x0000016b10aa0920 nmethod 10984 0x0000016b07ee5910 code [0x0000016b07ee5ae0, 0x0000016b07ee5e70]
Event: 76.067 Thread 0x0000016b10aa0920 11241       4       org.eclipse.jdt.internal.core.JavaElement::getElementInfo (6 bytes)
Event: 76.067 Thread 0x0000016b10aa0920 nmethod 11241 0x0000016b07ee5590 code [0x0000016b07ee5700, 0x0000016b07ee5798]
Event: 76.067 Thread 0x0000016b10aa0920 10857       4       org.eclipse.jdt.internal.core.PackageFragmentRoot::hashCode (8 bytes)
Event: 77.083 Thread 0x0000016b10aa0920 nmethod 10857 0x0000016b080f3190 code [0x0000016b080f3360, 0x0000016b080f3cd8]

GC Heap History (20 events):
Event: 75.879 GC heap before
{Heap before GC invocations=146 (full 7):
 PSYoungGen      total 2560K, used 2282K [0x00000000eab00000, 0x00000000eae80000, 0x0000000100000000)
  eden space 1536K, 100% used [0x00000000eab00000,0x00000000eac80000,0x00000000eac80000)
  from space 1024K, 72% used [0x00000000eac80000,0x00000000ead3a910,0x00000000ead80000)
  to   space 1024K, 0% used [0x00000000ead80000,0x00000000ead80000,0x00000000eae80000)
 ParOldGen       total 90112K, used 75032K [0x00000000c0000000, 0x00000000c5800000, 0x00000000eab00000)
  object space 90112K, 83% used [0x00000000c0000000,0x00000000c49463f8,0x00000000c5800000)
 Metaspace       used 66398K, committed 67456K, reserved 1114112K
  class space    used 6784K, committed 7232K, reserved 1048576K
}
Event: 75.881 GC heap after
{Heap after GC invocations=146 (full 7):
 PSYoungGen      total 2560K, used 778K [0x00000000eab00000, 0x00000000eae80000, 0x0000000100000000)
  eden space 1536K, 0% used [0x00000000eab00000,0x00000000eab00000,0x00000000eac80000)
  from space 1024K, 76% used [0x00000000ead80000,0x00000000eae42910,0x00000000eae80000)
  to   space 1024K, 0% used [0x00000000eac80000,0x00000000eac80000,0x00000000ead80000)
 ParOldGen       total 90112K, used 75717K [0x00000000c0000000, 0x00000000c5800000, 0x00000000eab00000)
  object space 90112K, 84% used [0x00000000c0000000,0x00000000c49f1618,0x00000000c5800000)
 Metaspace       used 66398K, committed 67456K, reserved 1114112K
  class space    used 6784K, committed 7232K, reserved 1048576K
}
Event: 75.892 GC heap before
{Heap before GC invocations=147 (full 7):
 PSYoungGen      total 2560K, used 2314K [0x00000000eab00000, 0x00000000eae80000, 0x0000000100000000)
  eden space 1536K, 100% used [0x00000000eab00000,0x00000000eac80000,0x00000000eac80000)
  from space 1024K, 76% used [0x00000000ead80000,0x00000000eae42910,0x00000000eae80000)
  to   space 1024K, 0% used [0x00000000eac80000,0x00000000eac80000,0x00000000ead80000)
 ParOldGen       total 90112K, used 75717K [0x00000000c0000000, 0x00000000c5800000, 0x00000000eab00000)
  object space 90112K, 84% used [0x00000000c0000000,0x00000000c49f1618,0x00000000c5800000)
 Metaspace       used 66403K, committed 67456K, reserved 1114112K
  class space    used 6784K, committed 7232K, reserved 1048576K
}
Event: 75.893 GC heap after
{Heap after GC invocations=147 (full 7):
 PSYoungGen      total 2560K, used 698K [0x00000000eab00000, 0x00000000eae80000, 0x0000000100000000)
  eden space 1536K, 0% used [0x00000000eab00000,0x00000000eab00000,0x00000000eac80000)
  from space 1024K, 68% used [0x00000000eac80000,0x00000000ead2e900,0x00000000ead80000)
  to   space 1024K, 0% used [0x00000000ead80000,0x00000000ead80000,0x00000000eae80000)
 ParOldGen       total 90112K, used 76346K [0x00000000c0000000, 0x00000000c5800000, 0x00000000eab00000)
  object space 90112K, 84% used [0x00000000c0000000,0x00000000c4a8e838,0x00000000c5800000)
 Metaspace       used 66403K, committed 67456K, reserved 1114112K
  class space    used 6784K, committed 7232K, reserved 1048576K
}
Event: 75.900 GC heap before
{Heap before GC invocations=148 (full 7):
 PSYoungGen      total 2560K, used 2234K [0x00000000eab00000, 0x00000000eae80000, 0x0000000100000000)
  eden space 1536K, 100% used [0x00000000eab00000,0x00000000eac80000,0x00000000eac80000)
  from space 1024K, 68% used [0x00000000eac80000,0x00000000ead2e900,0x00000000ead80000)
  to   space 1024K, 0% used [0x00000000ead80000,0x00000000ead80000,0x00000000eae80000)
 ParOldGen       total 90112K, used 76346K [0x00000000c0000000, 0x00000000c5800000, 0x00000000eab00000)
  object space 90112K, 84% used [0x00000000c0000000,0x00000000c4a8e838,0x00000000c5800000)
 Metaspace       used 66416K, committed 67456K, reserved 1114112K
  class space    used 6784K, committed 7232K, reserved 1048576K
}
Event: 75.901 GC heap after
{Heap after GC invocations=148 (full 7):
 PSYoungGen      total 2560K, used 704K [0x00000000eab00000, 0x00000000eae80000, 0x0000000100000000)
  eden space 1536K, 0% used [0x00000000eab00000,0x00000000eab00000,0x00000000eac80000)
  from space 1024K, 68% used [0x00000000ead80000,0x00000000eae30000,0x00000000eae80000)
  to   space 1024K, 0% used [0x00000000eac80000,0x00000000eac80000,0x00000000ead80000)
 ParOldGen       total 90112K, used 76910K [0x00000000c0000000, 0x00000000c5800000, 0x00000000eab00000)
  object space 90112K, 85% used [0x00000000c0000000,0x00000000c4b1ba58,0x00000000c5800000)
 Metaspace       used 66416K, committed 67456K, reserved 1114112K
  class space    used 6784K, committed 7232K, reserved 1048576K
}
Event: 75.910 GC heap before
{Heap before GC invocations=149 (full 7):
 PSYoungGen      total 2560K, used 2240K [0x00000000eab00000, 0x00000000eae80000, 0x0000000100000000)
  eden space 1536K, 100% used [0x00000000eab00000,0x00000000eac80000,0x00000000eac80000)
  from space 1024K, 68% used [0x00000000ead80000,0x00000000eae30000,0x00000000eae80000)
  to   space 1024K, 0% used [0x00000000eac80000,0x00000000eac80000,0x00000000ead80000)
 ParOldGen       total 90112K, used 76910K [0x00000000c0000000, 0x00000000c5800000, 0x00000000eab00000)
  object space 90112K, 85% used [0x00000000c0000000,0x00000000c4b1ba58,0x00000000c5800000)
 Metaspace       used 66419K, committed 67456K, reserved 1114112K
  class space    used 6784K, committed 7232K, reserved 1048576K
}
Event: 75.911 GC heap after
{Heap after GC invocations=149 (full 7):
 PSYoungGen      total 2560K, used 794K [0x00000000eab00000, 0x00000000eae80000, 0x0000000100000000)
  eden space 1536K, 0% used [0x00000000eab00000,0x00000000eab00000,0x00000000eac80000)
  from space 1024K, 77% used [0x00000000eac80000,0x00000000ead46900,0x00000000ead80000)
  to   space 1024K, 0% used [0x00000000ead80000,0x00000000ead80000,0x00000000eae80000)
 ParOldGen       total 90112K, used 77518K [0x00000000c0000000, 0x00000000c5800000, 0x00000000eab00000)
  object space 90112K, 86% used [0x00000000c0000000,0x00000000c4bb3a58,0x00000000c5800000)
 Metaspace       used 66419K, committed 67456K, reserved 1114112K
  class space    used 6784K, committed 7232K, reserved 1048576K
}
Event: 75.937 GC heap before
{Heap before GC invocations=150 (full 7):
 PSYoungGen      total 2560K, used 2266K [0x00000000eab00000, 0x00000000eae80000, 0x0000000100000000)
  eden space 1536K, 95% used [0x00000000eab00000,0x00000000eac6ff30,0x00000000eac80000)
  from space 1024K, 77% used [0x00000000eac80000,0x00000000ead46900,0x00000000ead80000)
  to   space 1024K, 0% used [0x00000000ead80000,0x00000000ead80000,0x00000000eae80000)
 ParOldGen       total 90112K, used 77518K [0x00000000c0000000, 0x00000000c5800000, 0x00000000eab00000)
  object space 90112K, 86% used [0x00000000c0000000,0x00000000c4bb3a58,0x00000000c5800000)
 Metaspace       used 66425K, committed 67456K, reserved 1114112K
  class space    used 6784K, committed 7232K, reserved 1048576K
}
Event: 75.938 GC heap after
{Heap after GC invocations=150 (full 7):
 PSYoungGen      total 2560K, used 781K [0x00000000eab00000, 0x00000000eae80000, 0x0000000100000000)
  eden space 1536K, 0% used [0x00000000eab00000,0x00000000eab00000,0x00000000eac80000)
  from space 1024K, 76% used [0x00000000ead80000,0x00000000eae435c8,0x00000000eae80000)
  to   space 1024K, 0% used [0x00000000eac80000,0x00000000eac80000,0x00000000ead80000)
 ParOldGen       total 90112K, used 78171K [0x00000000c0000000, 0x00000000c5800000, 0x00000000eab00000)
  object space 90112K, 86% used [0x00000000c0000000,0x00000000c4c56c78,0x00000000c5800000)
 Metaspace       used 66425K, committed 67456K, reserved 1114112K
  class space    used 6784K, committed 7232K, reserved 1048576K
}
Event: 75.948 GC heap before
{Heap before GC invocations=151 (full 7):
 PSYoungGen      total 2560K, used 2308K [0x00000000eab00000, 0x00000000eae80000, 0x0000000100000000)
  eden space 1536K, 99% used [0x00000000eab00000,0x00000000eac7dd40,0x00000000eac80000)
  from space 1024K, 76% used [0x00000000ead80000,0x00000000eae435c8,0x00000000eae80000)
  to   space 1024K, 0% used [0x00000000eac80000,0x00000000eac80000,0x00000000ead80000)
 ParOldGen       total 90112K, used 79070K [0x00000000c0000000, 0x00000000c5800000, 0x00000000eab00000)
  object space 90112K, 87% used [0x00000000c0000000,0x00000000c4d37a38,0x00000000c5800000)
 Metaspace       used 66425K, committed 67456K, reserved 1114112K
  class space    used 6784K, committed 7232K, reserved 1048576K
}
Event: 75.949 GC heap after
{Heap after GC invocations=151 (full 7):
 PSYoungGen      total 2560K, used 1017K [0x00000000eab00000, 0x00000000eb180000, 0x0000000100000000)
  eden space 1536K, 0% used [0x00000000eab00000,0x00000000eab00000,0x00000000eac80000)
  from space 1024K, 99% used [0x00000000eac80000,0x00000000ead7e468,0x00000000ead80000)
  to   space 2560K, 0% used [0x00000000eaf00000,0x00000000eaf00000,0x00000000eb180000)
 ParOldGen       total 90112K, used 80243K [0x00000000c0000000, 0x00000000c5800000, 0x00000000eab00000)
  object space 90112K, 89% used [0x00000000c0000000,0x00000000c4e5cfb8,0x00000000c5800000)
 Metaspace       used 66425K, committed 67456K, reserved 1114112K
  class space    used 6784K, committed 7232K, reserved 1048576K
}
Event: 75.954 GC heap before
{Heap before GC invocations=152 (full 7):
 PSYoungGen      total 2560K, used 2550K [0x00000000eab00000, 0x00000000eb180000, 0x0000000100000000)
  eden space 1536K, 99% used [0x00000000eab00000,0x00000000eac7f448,0x00000000eac80000)
  from space 1024K, 99% used [0x00000000eac80000,0x00000000ead7e468,0x00000000ead80000)
  to   space 2560K, 0% used [0x00000000eaf00000,0x00000000eaf00000,0x00000000eb180000)
 ParOldGen       total 90112K, used 80243K [0x00000000c0000000, 0x00000000c5800000, 0x00000000eab00000)
  object space 90112K, 89% used [0x00000000c0000000,0x00000000c4e5cfb8,0x00000000c5800000)
 Metaspace       used 66425K, committed 67456K, reserved 1114112K
  class space    used 6784K, committed 7232K, reserved 1048576K
}
Event: 75.956 GC heap after
{Heap after GC invocations=152 (full 7):
 PSYoungGen      total 3584K, used 1686K [0x00000000eab00000, 0x00000000eb100000, 0x0000000100000000)
  eden space 1536K, 0% used [0x00000000eab00000,0x00000000eab00000,0x00000000eac80000)
  from space 2048K, 82% used [0x00000000eaf00000,0x00000000eb0a5ba0,0x00000000eb100000)
  to   space 2048K, 0% used [0x00000000ead00000,0x00000000ead00000,0x00000000eaf00000)
 ParOldGen       total 90112K, used 81200K [0x00000000c0000000, 0x00000000c5800000, 0x00000000eab00000)
  object space 90112K, 90% used [0x00000000c0000000,0x00000000c4f4c178,0x00000000c5800000)
 Metaspace       used 66425K, committed 67456K, reserved 1114112K
  class space    used 6784K, committed 7232K, reserved 1048576K
}
Event: 75.962 GC heap before
{Heap before GC invocations=153 (full 7):
 PSYoungGen      total 3584K, used 3222K [0x00000000eab00000, 0x00000000eb100000, 0x0000000100000000)
  eden space 1536K, 99% used [0x00000000eab00000,0x00000000eac7fff0,0x00000000eac80000)
  from space 2048K, 82% used [0x00000000eaf00000,0x00000000eb0a5ba0,0x00000000eb100000)
  to   space 2048K, 0% used [0x00000000ead00000,0x00000000ead00000,0x00000000eaf00000)
 ParOldGen       total 90112K, used 81200K [0x00000000c0000000, 0x00000000c5800000, 0x00000000eab00000)
  object space 90112K, 90% used [0x00000000c0000000,0x00000000c4f4c178,0x00000000c5800000)
 Metaspace       used 66426K, committed 67456K, reserved 1114112K
  class space    used 6784K, committed 7232K, reserved 1048576K
}
Event: 75.964 GC heap after
{Heap after GC invocations=153 (full 7):
 PSYoungGen      total 3072K, used 1225K [0x00000000eab00000, 0x00000000eaf80000, 0x0000000100000000)
  eden space 1536K, 0% used [0x00000000eab00000,0x00000000eab00000,0x00000000eac80000)
  from space 1536K, 79% used [0x00000000ead00000,0x00000000eae326b8,0x00000000eae80000)
  to   space 1024K, 0% used [0x00000000eae80000,0x00000000eae80000,0x00000000eaf80000)
 ParOldGen       total 90112K, used 82731K [0x00000000c0000000, 0x00000000c5800000, 0x00000000eab00000)
  object space 90112K, 91% used [0x00000000c0000000,0x00000000c50cae50,0x00000000c5800000)
 Metaspace       used 66426K, committed 67456K, reserved 1114112K
  class space    used 6784K, committed 7232K, reserved 1048576K
}
Event: 75.986 GC heap before
{Heap before GC invocations=154 (full 7):
 PSYoungGen      total 3072K, used 2761K [0x00000000eab00000, 0x00000000eaf80000, 0x0000000100000000)
  eden space 1536K, 100% used [0x00000000eab00000,0x00000000eac80000,0x00000000eac80000)
  from space 1536K, 79% used [0x00000000ead00000,0x00000000eae326b8,0x00000000eae80000)
  to   space 1024K, 0% used [0x00000000eae80000,0x00000000eae80000,0x00000000eaf80000)
 ParOldGen       total 90112K, used 82731K [0x00000000c0000000, 0x00000000c5800000, 0x00000000eab00000)
  object space 90112K, 91% used [0x00000000c0000000,0x00000000c50cae50,0x00000000c5800000)
 Metaspace       used 66429K, committed 67456K, reserved 1114112K
  class space    used 6784K, committed 7232K, reserved 1048576K
}
Event: 75.987 GC heap after
{Heap after GC invocations=154 (full 7):
 PSYoungGen      total 2048K, used 416K [0x00000000eab00000, 0x00000000eaf00000, 0x0000000100000000)
  eden space 1536K, 0% used [0x00000000eab00000,0x00000000eab00000,0x00000000eac80000)
  from space 512K, 81% used [0x00000000eae80000,0x00000000eaee8000,0x00000000eaf00000)
  to   space 1024K, 0% used [0x00000000ead00000,0x00000000ead00000,0x00000000eae00000)
 ParOldGen       total 90112K, used 83733K [0x00000000c0000000, 0x00000000c5800000, 0x00000000eab00000)
  object space 90112K, 92% used [0x00000000c0000000,0x00000000c51c5780,0x00000000c5800000)
 Metaspace       used 66429K, committed 67456K, reserved 1114112K
  class space    used 6784K, committed 7232K, reserved 1048576K
}
Event: 76.012 GC heap before
{Heap before GC invocations=155 (full 7):
 PSYoungGen      total 2048K, used 1952K [0x00000000eab00000, 0x00000000eaf00000, 0x0000000100000000)
  eden space 1536K, 100% used [0x00000000eab00000,0x00000000eac80000,0x00000000eac80000)
  from space 512K, 81% used [0x00000000eae80000,0x00000000eaee8000,0x00000000eaf00000)
  to   space 1024K, 0% used [0x00000000ead00000,0x00000000ead00000,0x00000000eae00000)
 ParOldGen       total 121856K, used 114453K [0x00000000c0000000, 0x00000000c7700000, 0x00000000eab00000)
  object space 121856K, 93% used [0x00000000c0000000,0x00000000c6fc57b0,0x00000000c7700000)
 Metaspace       used 66444K, committed 67456K, reserved 1114112K
  class space    used 6784K, committed 7232K, reserved 1048576K
}
Event: 76.013 GC heap after
{Heap after GC invocations=155 (full 7):
 PSYoungGen      total 2560K, used 320K [0x00000000eab00000, 0x00000000eaf00000, 0x0000000100000000)
  eden space 1536K, 0% used [0x00000000eab00000,0x00000000eab00000,0x00000000eac80000)
  from space 1024K, 31% used [0x00000000ead00000,0x00000000ead50000,0x00000000eae00000)
  to   space 512K, 0% used [0x00000000eae80000,0x00000000eae80000,0x00000000eaf00000)
 ParOldGen       total 121856K, used 114725K [0x00000000c0000000, 0x00000000c7700000, 0x00000000eab00000)
  object space 121856K, 94% used [0x00000000c0000000,0x00000000c70097b0,0x00000000c7700000)
 Metaspace       used 66444K, committed 67456K, reserved 1114112K
  class space    used 6784K, committed 7232K, reserved 1048576K
}

Deoptimization events (20 events):
Event: 75.692 Thread 0x0000016b16eb7210 Uncommon trap: trap_request=0xffffffbe fr.pc=0x0000016b07c25e00 relative=0x00000000000001e0
Event: 75.692 Thread 0x0000016b16eb7210 Uncommon trap: reason=profile_predicate action=maybe_recompile pc=0x0000016b07c25e00 method=java.util.HashMap.keysToArray([Ljava/lang/Object;)[Ljava/lang/Object; @ 48 c2
Event: 75.692 Thread 0x0000016b16eb7210 DEOPT PACKING pc=0x0000016b07c25e00 sp=0x000000548fcfe330
Event: 75.692 Thread 0x0000016b16eb7210 DEOPT UNPACKING pc=0x0000016b00055923 sp=0x000000548fcfe2b8 mode 2
Event: 75.692 Thread 0x0000016b16eb7210 Uncommon trap: trap_request=0xffffffbe fr.pc=0x0000016b07c25e00 relative=0x00000000000001e0
Event: 75.693 Thread 0x0000016b16eb7210 Uncommon trap: reason=profile_predicate action=maybe_recompile pc=0x0000016b07c25e00 method=java.util.HashMap.keysToArray([Ljava/lang/Object;)[Ljava/lang/Object; @ 48 c2
Event: 75.693 Thread 0x0000016b16eb7210 DEOPT PACKING pc=0x0000016b07c25e00 sp=0x000000548fcfe330
Event: 75.693 Thread 0x0000016b16eb7210 DEOPT UNPACKING pc=0x0000016b00055923 sp=0x000000548fcfe2b8 mode 2
Event: 75.719 Thread 0x0000016b16eb7210 Uncommon trap: trap_request=0xffffffde fr.pc=0x0000016b08139b78 relative=0x0000000000000698
Event: 75.719 Thread 0x0000016b16eb7210 Uncommon trap: reason=class_check action=maybe_recompile pc=0x0000016b08139b78 method=org.eclipse.jdt.internal.compiler.parser.Parser.consumeRule(I)V @ 5891 c2
Event: 75.719 Thread 0x0000016b16eb7210 DEOPT PACKING pc=0x0000016b08139b78 sp=0x000000548fcfe920
Event: 75.719 Thread 0x0000016b16eb7210 DEOPT UNPACKING pc=0x0000016b00055923 sp=0x000000548fcfe8a8 mode 2
Event: 75.723 Thread 0x0000016b16eb7210 Uncommon trap: trap_request=0xffffffbe fr.pc=0x0000016b07f64cd8 relative=0x00000000000002b8
Event: 75.723 Thread 0x0000016b16eb7210 Uncommon trap: reason=profile_predicate action=maybe_recompile pc=0x0000016b07f64cd8 method=java.util.HashMap.keysToArray([Ljava/lang/Object;)[Ljava/lang/Object; @ 32 c2
Event: 75.723 Thread 0x0000016b16eb7210 DEOPT PACKING pc=0x0000016b07f64cd8 sp=0x000000548fcfc6d0
Event: 75.723 Thread 0x0000016b16eb7210 DEOPT UNPACKING pc=0x0000016b00055923 sp=0x000000548fcfc680 mode 2
Event: 75.733 Thread 0x0000016b16eb7210 Uncommon trap: trap_request=0xffffffde fr.pc=0x0000016b08139b78 relative=0x0000000000000698
Event: 75.733 Thread 0x0000016b16eb7210 Uncommon trap: reason=class_check action=maybe_recompile pc=0x0000016b08139b78 method=org.eclipse.jdt.internal.compiler.parser.Parser.consumeRule(I)V @ 5891 c2
Event: 75.733 Thread 0x0000016b16eb7210 DEOPT PACKING pc=0x0000016b08139b78 sp=0x000000548fcfe890
Event: 75.733 Thread 0x0000016b16eb7210 DEOPT UNPACKING pc=0x0000016b00055923 sp=0x000000548fcfe818 mode 2

Classes unloaded (7 events):
Event: 7.717 Thread 0x0000016b7a8c3b00 Unloading class 0x0000000100217400 'java/lang/invoke/LambdaForm$MH+0x0000000100217400'
Event: 7.717 Thread 0x0000016b7a8c3b00 Unloading class 0x0000000100217000 'java/lang/invoke/LambdaForm$MH+0x0000000100217000'
Event: 7.717 Thread 0x0000016b7a8c3b00 Unloading class 0x0000000100216c00 'java/lang/invoke/LambdaForm$MH+0x0000000100216c00'
Event: 7.717 Thread 0x0000016b7a8c3b00 Unloading class 0x0000000100216800 'java/lang/invoke/LambdaForm$MH+0x0000000100216800'
Event: 7.717 Thread 0x0000016b7a8c3b00 Unloading class 0x0000000100216000 'java/lang/invoke/LambdaForm$BMH+0x0000000100216000'
Event: 7.717 Thread 0x0000016b7a8c3b00 Unloading class 0x0000000100215c00 'java/lang/invoke/LambdaForm$DMH+0x0000000100215c00'
Event: 7.717 Thread 0x0000016b7a8c3b00 Unloading class 0x0000000100210400 'java/lang/invoke/LambdaForm$DMH+0x0000000100210400'

Classes redefined (0 events):
No events

Internal exceptions (20 events):
Event: 37.082 Thread 0x0000016b10d8a6b0 Exception <a 'java/lang/NoSuchMethodError'{0x00000000eb33db60}: 'int java.lang.invoke.DirectMethodHandle$Holder.invokeSpecialIFC(java.lang.Object, java.lang.Object, java.lang.Object)'> (0x00000000eb33db60) 
thrown [s\src\hotspot\share\interpreter\linkResolver.cpp, line 759]
Event: 37.311 Thread 0x0000016b16eb76e0 Exception <a 'java/lang/NoSuchMethodError'{0x00000000ebcd2c58}: 'int java.lang.invoke.DirectMethodHandle$Holder.invokeStatic(java.lang.Object, int, java.lang.Object)'> (0x00000000ebcd2c58) 
thrown [s\src\hotspot\share\interpreter\linkResolver.cpp, line 759]
Event: 37.492 Thread 0x0000016b10d8b9f0 Exception <a 'java/lang/reflect/InvocationTargetException'{0x00000000ebad5f00}> (0x00000000ebad5f00) 
thrown [s\src\hotspot\share\runtime\reflection.cpp, line 1121]
Event: 37.522 Thread 0x0000016b10d8b9f0 Exception <a 'java/lang/reflect/InvocationTargetException'{0x00000000ead2cb28}> (0x00000000ead2cb28) 
thrown [s\src\hotspot\share\runtime\reflection.cpp, line 1121]
Event: 37.909 Thread 0x0000016b10d89840 Exception <a 'java/lang/NoSuchMethodError'{0x00000000eb1ff5b8}: 'int java.lang.invoke.DirectMethodHandle$Holder.invokeStatic(java.lang.Object, java.lang.Object, java.lang.Object, int)'> (0x00000000eb1ff5b8) 
thrown [s\src\hotspot\share\interpreter\linkResolver.cpp, line 759]
Event: 38.464 Thread 0x0000016b10d8c390 Exception <a 'java/io/FileNotFoundException'{0x00000000eb4214c8}> (0x00000000eb4214c8) 
thrown [s\src\hotspot\share\prims\jni.cpp, line 516]
Event: 38.537 Thread 0x0000016b10d8c390 Exception <a 'java/lang/NoSuchMethodError'{0x00000000eb656930}: 'void java.lang.invoke.DirectMethodHandle$Holder.invokeSpecial(java.lang.Object, java.lang.Object, java.lang.Object, java.lang.Object, java.lang.Object)'> (0x00000000eb656930) 
thrown [s\src\hotspot\share\interpreter\linkResolver.cpp, line 759]
Event: 38.611 Thread 0x0000016b10d89370 Exception <a 'java/lang/NoSuchMethodError'{0x00000000eb964dd8}: 'java.lang.Object java.lang.invoke.DirectMethodHandle$Holder.invokeStaticInit(java.lang.Object, java.lang.Object, java.lang.Object)'> (0x00000000eb964dd8) 
thrown [s\src\hotspot\share\interpreter\linkResolver.cpp, line 759]
Event: 72.216 Thread 0x0000016b10d8a1e0 Exception <a 'java/lang/NoSuchMethodError'{0x00000000eb2d7e88}: 'java.lang.Object java.lang.invoke.DirectMethodHandle$Holder.invokeStatic(java.lang.Object, java.lang.Object, long, java.lang.Object)'> (0x00000000eb2d7e88) 
thrown [s\src\hotspot\share\interpreter\linkResolver.cpp, line 759]
Event: 72.217 Thread 0x0000016b10d8a1e0 Exception <a 'java/lang/NoSuchMethodError'{0x00000000eb2db8e0}: 'java.lang.Object java.lang.invoke.DirectMethodHandle$Holder.invokeStaticInit(java.lang.Object, java.lang.Object, long, java.lang.Object)'> (0x00000000eb2db8e0) 
thrown [s\src\hotspot\share\interpreter\linkResolver.cpp, line 759]
Event: 72.217 Thread 0x0000016b10d8a1e0 Exception <a 'java/lang/NoSuchMethodError'{0x00000000eb2e1e90}: 'java.lang.Object java.lang.invoke.DirectMethodHandle$Holder.newInvokeSpecial(java.lang.Object, java.lang.Object, long)'> (0x00000000eb2e1e90) 
thrown [s\src\hotspot\share\interpreter\linkResolver.cpp, line 759]
Event: 72.217 Thread 0x0000016b10d8a1e0 Exception <a 'java/lang/NoSuchMethodError'{0x00000000eb2e5b48}: 'java.lang.Object java.lang.invoke.Invokers$Holder.linkToTargetMethod(java.lang.Object, long, java.lang.Object)'> (0x00000000eb2e5b48) 
thrown [s\src\hotspot\share\interpreter\linkResolver.cpp, line 759]
Event: 72.928 Thread 0x0000016b10d8b520 Exception <a 'sun/nio/fs/WindowsException'{0x00000000eb44ccc0}> (0x00000000eb44ccc0) 
thrown [s\src\hotspot\share\prims\jni.cpp, line 516]
Event: 73.054 Thread 0x0000016b10d89370 Exception <a 'java/lang/NoSuchMethodError'{0x00000000ebb8cb70}: 'void java.lang.invoke.DirectMethodHandle$Holder.invokeSpecial(java.lang.Object, java.lang.Object, int)'> (0x00000000ebb8cb70) 
thrown [s\src\hotspot\share\interpreter\linkResolver.cpp, line 759]
Event: 73.098 Thread 0x0000016b10d88ea0 Implicit null exception at 0x0000016b07ffbd5f to 0x0000016b07ffdc6c
Event: 73.100 Thread 0x0000016b10d88ea0 Implicit null exception at 0x0000016b07fef1e1 to 0x0000016b07fef890
Event: 73.692 Thread 0x0000016b10d88ea0 Exception <a 'sun/nio/fs/WindowsException'{0x00000000eac6e1c0}> (0x00000000eac6e1c0) 
thrown [s\src\hotspot\share\prims\jni.cpp, line 516]
Event: 73.714 Thread 0x0000016b10d8b520 Exception <a 'sun/nio/fs/WindowsException'{0x00000000eab3ce38}> (0x00000000eab3ce38) 
thrown [s\src\hotspot\share\prims\jni.cpp, line 516]
Event: 74.061 Thread 0x0000016b10d88ea0 Implicit null exception at 0x0000016b07fa7521 to 0x0000016b07fa76d0
Event: 75.989 Thread 0x0000016b10d8c390 Exception <a 'sun/nio/fs/WindowsException'{0x00000000eab28288}> (0x00000000eab28288) 
thrown [s\src\hotspot\share\prims\jni.cpp, line 516]

VM Operations (20 events):
Event: 75.892 Executing VM operation: ParallelGCFailedAllocation
Event: 75.893 Executing VM operation: ParallelGCFailedAllocation done
Event: 75.900 Executing VM operation: ParallelGCFailedAllocation
Event: 75.901 Executing VM operation: ParallelGCFailedAllocation done
Event: 75.910 Executing VM operation: ParallelGCFailedAllocation
Event: 75.911 Executing VM operation: ParallelGCFailedAllocation done
Event: 75.937 Executing VM operation: ParallelGCFailedAllocation
Event: 75.938 Executing VM operation: ParallelGCFailedAllocation done
Event: 75.948 Executing VM operation: ParallelGCFailedAllocation
Event: 75.949 Executing VM operation: ParallelGCFailedAllocation done
Event: 75.954 Executing VM operation: ParallelGCFailedAllocation
Event: 75.956 Executing VM operation: ParallelGCFailedAllocation done
Event: 75.962 Executing VM operation: ParallelGCFailedAllocation
Event: 75.964 Executing VM operation: ParallelGCFailedAllocation done
Event: 75.986 Executing VM operation: ParallelGCFailedAllocation
Event: 75.987 Executing VM operation: ParallelGCFailedAllocation done
Event: 76.012 Executing VM operation: ParallelGCFailedAllocation
Event: 76.013 Executing VM operation: ParallelGCFailedAllocation done
Event: 78.013 Executing VM operation: Cleanup
Event: 78.013 Executing VM operation: Cleanup done

Events (20 events):
Event: 75.750 Thread 0x0000016b10aac6d0 flushing nmethod 0x0000016b01728c10
Event: 75.750 Thread 0x0000016b10aac6d0 flushing nmethod 0x0000016b0172eb10
Event: 75.750 Thread 0x0000016b10aac6d0 flushing nmethod 0x0000016b01752310
Event: 75.750 Thread 0x0000016b10aac6d0 flushing nmethod 0x0000016b0178f390
Event: 75.750 Thread 0x0000016b10aac6d0 flushing nmethod 0x0000016b01790c90
Event: 75.751 Thread 0x0000016b10aac6d0 flushing nmethod 0x0000016b017c5110
Event: 75.751 Thread 0x0000016b10aac6d0 flushing nmethod 0x0000016b017c7b10
Event: 75.751 Thread 0x0000016b10aac6d0 flushing nmethod 0x0000016b017de790
Event: 75.751 Thread 0x0000016b10aac6d0 flushing nmethod 0x0000016b01823210
Event: 75.751 Thread 0x0000016b10aac6d0 flushing nmethod 0x0000016b01826f90
Event: 75.751 Thread 0x0000016b10aac6d0 flushing nmethod 0x0000016b0182ff10
Event: 75.751 Thread 0x0000016b10aac6d0 flushing nmethod 0x0000016b018adb90
Event: 75.751 Thread 0x0000016b10aac6d0 flushing nmethod 0x0000016b01935890
Event: 75.751 Thread 0x0000016b10aac6d0 flushing nmethod 0x0000016b01937290
Event: 75.751 Thread 0x0000016b10aac6d0 flushing nmethod 0x0000016b0193b790
Event: 75.751 Thread 0x0000016b10aac6d0 flushing nmethod 0x0000016b01950e10
Event: 75.751 Thread 0x0000016b10aac6d0 flushing nmethod 0x0000016b0199db90
Event: 75.752 Thread 0x0000016b10aac6d0 flushing nmethod 0x0000016b019f2610
Event: 75.982 Thread 0x0000016b16eb93c0 Thread added: 0x0000016b16eb93c0
Event: 75.988 Thread 0x0000016b16eb93c0 Thread exited: 0x0000016b16eb93c0


Dynamic libraries:
0x00007ff72fa40000 - 0x00007ff72fa4e000 	c:\Users\LENOVO\.antigravity\extensions\redhat.java-1.12.0-win32-x64\jre\17.0.4.1-win32-x86_64\bin\java.exe
0x00007ff97d940000 - 0x00007ff97dba8000 	C:\WINDOWS\SYSTEM32\ntdll.dll
0x00007ff97c1c0000 - 0x00007ff97c289000 	C:\WINDOWS\System32\KERNEL32.DLL
0x00007ff97a4d0000 - 0x00007ff97a8c1000 	C:\WINDOWS\System32\KERNELBASE.dll
0x00007ff97a350000 - 0x00007ff97a49b000 	C:\WINDOWS\System32\ucrtbase.dll
0x00007ff965500000 - 0x00007ff965518000 	c:\Users\LENOVO\.antigravity\extensions\redhat.java-1.12.0-win32-x64\jre\17.0.4.1-win32-x86_64\bin\jli.dll
0x00007ff965280000 - 0x00007ff965299000 	c:\Users\LENOVO\.antigravity\extensions\redhat.java-1.12.0-win32-x64\jre\17.0.4.1-win32-x86_64\bin\VCRUNTIME140.dll
0x00007ff97ce00000 - 0x00007ff97cfc6000 	C:\WINDOWS\System32\USER32.dll
0x00007ff95a400000 - 0x00007ff95a693000 	C:\WINDOWS\WinSxS\amd64_microsoft.windows.common-controls_6595b64144ccf1df_6.0.26100.7824_none_3e0870b2e3345462\COMCTL32.dll
0x00007ff97c7e0000 - 0x00007ff97c889000 	C:\WINDOWS\System32\msvcrt.dll
0x00007ff97a4a0000 - 0x00007ff97a4c7000 	C:\WINDOWS\System32\win32u.dll
0x00007ff97d730000 - 0x00007ff97d75b000 	C:\WINDOWS\System32\GDI32.dll
0x00007ff97a220000 - 0x00007ff97a34b000 	C:\WINDOWS\System32\gdi32full.dll
0x00007ff97a8d0000 - 0x00007ff97a973000 	C:\WINDOWS\System32\msvcp_win.dll
0x00007ff97cfd0000 - 0x00007ff97d001000 	C:\WINDOWS\System32\IMM32.DLL
0x00007ff965630000 - 0x00007ff96563c000 	c:\Users\LENOVO\.antigravity\extensions\redhat.java-1.12.0-win32-x64\jre\17.0.4.1-win32-x86_64\bin\vcruntime140_1.dll
0x00007ff95ecc0000 - 0x00007ff95ed51000 	c:\Users\LENOVO\.antigravity\extensions\redhat.java-1.12.0-win32-x64\jre\17.0.4.1-win32-x86_64\bin\msvcp140.dll
0x00007ff8e87d0000 - 0x00007ff8e9416000 	c:\Users\LENOVO\.antigravity\extensions\redhat.java-1.12.0-win32-x64\jre\17.0.4.1-win32-x86_64\bin\server\jvm.dll
0x00007ff97d5a0000 - 0x00007ff97d654000 	C:\WINDOWS\System32\ADVAPI32.dll
0x00007ff97d1f0000 - 0x00007ff97d296000 	C:\WINDOWS\System32\sechost.dll
0x00007ff97c040000 - 0x00007ff97c158000 	C:\WINDOWS\System32\RPCRT4.dll
0x00007ff97c430000 - 0x00007ff97c438000 	C:\WINDOWS\System32\PSAPI.DLL
0x00007ff950840000 - 0x00007ff95084a000 	C:\WINDOWS\SYSTEM32\WSOCK32.dll
0x00007ff97d880000 - 0x00007ff97d8f4000 	C:\WINDOWS\System32\WS2_32.dll
0x00007ff966360000 - 0x00007ff96636b000 	C:\WINDOWS\SYSTEM32\VERSION.dll
0x00007ff971ad0000 - 0x00007ff971b05000 	C:\WINDOWS\SYSTEM32\WINMM.dll
0x00007ff978fc0000 - 0x00007ff978fdb000 	C:\WINDOWS\SYSTEM32\kernel.appcore.dll
0x00007ff965490000 - 0x00007ff96549a000 	c:\Users\LENOVO\.antigravity\extensions\redhat.java-1.12.0-win32-x64\jre\17.0.4.1-win32-x86_64\bin\jimage.dll
0x00007ff975680000 - 0x00007ff9758c2000 	C:\WINDOWS\SYSTEM32\DBGHELP.DLL
0x00007ff97c440000 - 0x00007ff97c7c6000 	C:\WINDOWS\System32\combase.dll
0x00007ff97c890000 - 0x00007ff97c967000 	C:\WINDOWS\System32\OLEAUT32.dll
0x00007ff955b90000 - 0x00007ff955bcb000 	C:\WINDOWS\SYSTEM32\dbgcore.DLL
0x00007ff97ac50000 - 0x00007ff97acf5000 	C:\WINDOWS\System32\bcryptPrimitives.dll
0x00007ff9653a0000 - 0x00007ff9653ae000 	c:\Users\LENOVO\.antigravity\extensions\redhat.java-1.12.0-win32-x64\jre\17.0.4.1-win32-x86_64\bin\instrument.dll
0x00007ff95ec30000 - 0x00007ff95ec55000 	c:\Users\LENOVO\.antigravity\extensions\redhat.java-1.12.0-win32-x64\jre\17.0.4.1-win32-x86_64\bin\java.dll
0x00007ff965160000 - 0x00007ff965178000 	c:\Users\LENOVO\.antigravity\extensions\redhat.java-1.12.0-win32-x64\jre\17.0.4.1-win32-x86_64\bin\zip.dll
0x00007ff97b860000 - 0x00007ff97bfb2000 	C:\WINDOWS\System32\SHELL32.dll
0x00007ff97ad00000 - 0x00007ff97ae6a000 	C:\WINDOWS\System32\wintypes.dll
0x00007ff97ae70000 - 0x00007ff97b6d3000 	C:\WINDOWS\System32\windows.storage.dll
0x00007ff97d760000 - 0x00007ff97d856000 	C:\WINDOWS\System32\SHCORE.dll
0x00007ff97bfc0000 - 0x00007ff97c027000 	C:\WINDOWS\System32\shlwapi.dll
0x00007ff97a140000 - 0x00007ff97a169000 	C:\WINDOWS\SYSTEM32\profapi.dll
0x00007ff95edf0000 - 0x00007ff95ee09000 	C:\Users\LENOVO\.antigravity\extensions\redhat.java-1.12.0-win32-x64\jre\17.0.4.1-win32-x86_64\bin\net.dll
0x00007ff96c100000 - 0x00007ff96c227000 	C:\WINDOWS\SYSTEM32\WINHTTP.dll
0x00007ff979530000 - 0x00007ff97959b000 	C:\WINDOWS\system32\mswsock.dll
0x00007ff95eca0000 - 0x00007ff95ecb5000 	C:\Users\LENOVO\.antigravity\extensions\redhat.java-1.12.0-win32-x64\jre\17.0.4.1-win32-x86_64\bin\nio.dll
0x00007ff965090000 - 0x00007ff9650a0000 	c:\Users\LENOVO\.antigravity\extensions\redhat.java-1.12.0-win32-x64\jre\17.0.4.1-win32-x86_64\bin\verify.dll
0x00007ff9528e0000 - 0x00007ff95291e000 	C:\Users\LENOVO\AppData\Roaming\Antigravity\User\globalStorage\redhat.java\1.12.0\config_win\org.eclipse.equinox.launcher\org.eclipse.equinox.launcher.win32.win32.x86_64_1.2.600.v20220720-1916\eclipse_11700.dll
0x00007ff97c290000 - 0x00007ff97c427000 	C:\WINDOWS\System32\ole32.dll
0x00007ff979800000 - 0x00007ff97981b000 	C:\WINDOWS\SYSTEM32\CRYPTSP.dll
0x00007ff978f20000 - 0x00007ff978f59000 	C:\WINDOWS\system32\rsaenh.dll
0x00007ff9795e0000 - 0x00007ff97960b000 	C:\WINDOWS\SYSTEM32\USERENV.dll
0x00007ff97a110000 - 0x00007ff97a13a000 	C:\WINDOWS\SYSTEM32\bcrypt.dll
0x00007ff979820000 - 0x00007ff97982c000 	C:\WINDOWS\SYSTEM32\CRYPTBASE.dll
0x00007ff978a50000 - 0x00007ff978a84000 	C:\WINDOWS\SYSTEM32\IPHLPAPI.DLL
0x00007ff97c7d0000 - 0x00007ff97c7da000 	C:\WINDOWS\System32\NSI.dll
0x00007ff96cf40000 - 0x00007ff96cf5e000 	C:\WINDOWS\SYSTEM32\dhcpcsvc6.DLL
0x00007ff96cf10000 - 0x00007ff96cf33000 	C:\WINDOWS\SYSTEM32\dhcpcsvc.DLL
0x00007ff978a90000 - 0x00007ff978bbc000 	C:\WINDOWS\SYSTEM32\DNSAPI.dll
0x00007ff94bd70000 - 0x00007ff94bdb0000 	C:\Users\LENOVO\AppData\Local\Temp\jna--2053026509\jna1549644930390409121.dll

dbghelp: loaded successfully - version: 4.0.5 - missing functions: none
symbol engine: initialized successfully - sym options: 0x614 - pdb path: .;c:\Users\LENOVO\.antigravity\extensions\redhat.java-1.12.0-win32-x64\jre\17.0.4.1-win32-x86_64\bin;C:\WINDOWS\SYSTEM32;C:\WINDOWS\WinSxS\amd64_microsoft.windows.common-controls_6595b64144ccf1df_6.0.26100.7824_none_3e0870b2e3345462;c:\Users\LENOVO\.antigravity\extensions\redhat.java-1.12.0-win32-x64\jre\17.0.4.1-win32-x86_64\bin\server;C:\Users\LENOVO\AppData\Roaming\Antigravity\User\globalStorage\redhat.java\1.12.0\config_win\org.eclipse.equinox.launcher\org.eclipse.equinox.launcher.win32.win32.x86_64_1.2.600.v20220720-1916;C:\Users\LENOVO\AppData\Local\Temp\jna--2053026509

VM Arguments:
jvm_args: --add-modules=ALL-SYSTEM --add-opens=java.base/java.util=ALL-UNNAMED --add-opens=java.base/java.lang=ALL-UNNAMED --add-opens=java.base/sun.nio.fs=ALL-UNNAMED -Declipse.application=org.eclipse.jdt.ls.core.id1 -Dosgi.bundles.defaultStartLevel=4 -Declipse.product=org.eclipse.jdt.ls.core.product -Djava.import.generatesMetadataFilesAtProjectRoot=false -Dfile.encoding=utf8 -XX:+UseParallelGC -XX:GCTimeRatio=4 -XX:AdaptiveSizePolicyWeight=90 -Dsun.zip.disableMemoryMapping=true -Xmx1G -Xms100m -Xlog:disable -javaagent:c:\Users\LENOVO\.antigravity\extensions\redhat.java-1.12.0-win32-x64\lombok\lombok-1.18.24.jar -XX:+HeapDumpOnOutOfMemoryError -XX:HeapDumpPath=c:\Users\LENOVO\AppData\Roaming\Antigravity\User\workspaceStorage\a8d5ca9e003d8389da026bbce01f11fa\redhat.java 
java_command: c:\Users\LENOVO\.antigravity\extensions\redhat.java-1.12.0-win32-x64\server\plugins\org.eclipse.equinox.launcher_1.6.400.v20210924-0641.jar -configuration c:\Users\LENOVO\AppData\Roaming\Antigravity\User\globalStorage\redhat.java\1.12.0\config_win -data c:\Users\LENOVO\AppData\Roaming\Antigravity\User\workspaceStorage\a8d5ca9e003d8389da026bbce01f11fa\redhat.java\jdt_ws
java_class_path (initial): c:\Users\LENOVO\.antigravity\extensions\redhat.java-1.12.0-win32-x64\server\plugins\org.eclipse.equinox.launcher_1.6.400.v20210924-0641.jar
Launcher Type: SUN_STANDARD

[Global flags]
    uintx AdaptiveSizePolicyWeight                 = 90                                        {product} {command line}
     intx CICompilerCount                          = 4                                         {product} {ergonomic}
    uintx GCTimeRatio                              = 4                                         {product} {command line}
     bool HeapDumpOnOutOfMemoryError               = true                                   {manageable} {command line}
    ccstr HeapDumpPath                             = c:\Users\LENOVO\AppData\Roaming\Antigravity\User\workspaceStorage\a8d5ca9e003d8389da026bbce01f11fa\redhat.java         {manageable} {command line}
   size_t InitialHeapSize                          = 104857600                                 {product} {command line}
   size_t MaxHeapSize                              = 1073741824                                {product} {command line}
   size_t MaxNewSize                               = 357564416                                 {product} {ergonomic}
   size_t MinHeapDeltaBytes                        = 524288                                    {product} {ergonomic}
   size_t MinHeapSize                              = 104857600                                 {product} {command line}
   size_t NewSize                                  = 34603008                                  {product} {ergonomic}
    uintx NonNMethodCodeHeapSize                   = 5839372                                {pd product} {ergonomic}
    uintx NonProfiledCodeHeapSize                  = 122909434                              {pd product} {ergonomic}
   size_t OldSize                                  = 70254592                                  {product} {ergonomic}
    uintx ProfiledCodeHeapSize                     = 122909434                              {pd product} {ergonomic}
    uintx ReservedCodeCacheSize                    = 251658240                              {pd product} {ergonomic}
     bool SegmentedCodeCache                       = true                                      {product} {ergonomic}
   size_t SoftMaxHeapSize                          = 1073741824                             {manageable} {ergonomic}
     bool UseCompressedClassPointers               = true                           {product lp64_product} {ergonomic}
     bool UseCompressedOops                        = true                           {product lp64_product} {ergonomic}
     bool UseLargePagesIndividualAllocation        = false                                  {pd product} {ergonomic}
     bool UseParallelGC                            = true                                      {product} {command line}

Logging:
Log output configuration:
 #0: stdout all=off uptime,level,tags
 #1: stderr all=off uptime,level,tags

Environment Variables:
JAVA_HOME=C:\Program Files\Java\jdk-20
PATH=C:\Program Files\MongoDB\Server\8.2\bin;C:\Program Files\Eclipse Adoptium\jdk-17.0.17.10-hotspot\bin;C:\oraclexe\app\oracle\product\11.2.0\server\bin;C:\xampp\php;C:\Program Files\MySQL\MySQL Server 8.0\bin;C:\Python 3.12\Python 3.12.exe;C:\Users\LENOVO\AppData\Local\Programs\Python\Python312\python.exe;C:\Users\LENOVO\Downloads\flutter_windows_3.16.0-stable\flutter\bin;C:\ProgramData\Oracle\Java\javapath;C:\Program Files\Java\jdk-21.0.1\bin;C:\Program Files\Common Files\Oracle\Java\javapath;C:\Program Files\Java\jdk-20\bin;C:\Users\LENOVO\Downloads\sqldeveloper-23.1.0.097.1607-x64\sqldeveloper\sqldeveloper\bin;C:\Users\LENOVO\Downloads\msys2-x86_64-20230318.exe;C:\WINDOWS\system32;C:\WINDOWS;C:\WINDOWS\System32\Wbem;C:\WINDOWS\System32\WindowsPowerShell\v1.0\;C:\WINDOWS\System32\OpenSSH\;C:\Program Files\Git\cmd;C:\Program Files\Git\bin;C:\Program Files\dotnet\;C:\Users\LENOVO\AppData\Local\Android\Sdk\platform-tools;C:\Users\LENOVO\AppData\Local\Android\Sdk\emulator;C:\Users\LENOVO\Downloads\php-8.3.11-nts-Win32-vs16-x64;C:\ProgramData\ComposerSetup\bin;C:\Program Files\nodejs\;C:\Program Files\Microsoft SQL Server\150\Tools\Binn\;C:\Program Files\Docker\Docker\resources\bin;C:\Program Files\Vagrant\bin;C:\Users\LENOVO\scoop\shims;C:\Program Files\MySQL\MySQL Shell 8.0\bin\;C:\Users\LENOVO\AppData\Local\Programs\Python\Launcher\;C:\Python27\python.exe;C:\Users\LENOVO\AppData\Local\Programs\Python\Python311;C:\Users\LENOVO\AppData\Local\Programs\Python\Python311\Scripts\;C:\Python27;C:\Users\LENOVO\AppData\Local\Microsoft\WindowsApps;C:\Program Files\JetBrains\PyCharm Community Edition 2023.1\bin;;C:\Users\LENOVO\AppData\Local\GitHubDesktop\bin;C:\Users\LENOVO\.dotnet\tools;C:\Program Files (x86)\Nmap;C:\Users\LENOVO\AppData\Local\Programs\MiKTeX\miktex\bin\x64\;C:\Users\LENOVO\AppData\Roaming\Composer\vendor\bin;C:\xampp\php;C:\Program Files\JetBrains\IntelliJ IDEA 2024.2.1\bin;;C:\Flex Windows\gcc\bin;C:\Flex Windows\Lex\bin;C:\Flex Windows\bison\bin;C:\Users\L
USERNAME=LENOVO
OS=Windows_NT
PROCESSOR_IDENTIFIER=Intel64 Family 6 Model 140 Stepping 2, GenuineIntel
TMP=C:\Users\LENOVO\AppData\Local\Temp
TEMP=C:\Users\LENOVO\AppData\Local\Temp



---------------  S Y S T E M  ---------------

OS:
 Windows 11 , 64 bit Build 26100 (10.0.26100.7705)
OS uptime: 0 days 1:43 hours
Hyper-V role detected

CPU: total 8 (initial active 8) (4 cores per cpu, 2 threads per core) family 6 model 140 stepping 2 microcode 0x26, cx8, cmov, fxsr, ht, mmx, 3dnowpref, sse, sse2, sse3, ssse3, sse4.1, sse4.2, popcnt, lzcnt, tsc, tscinvbit, avx, avx2, aes, erms, clmul, bmi1, bmi2, adx, avx512f, avx512dq, avx512cd, avx512bw, avx512vl, sha, fma, vzeroupper, avx512_vpopcntdq, avx512_vpclmulqdq, avx512_vaes, avx512_vnni, clflush, clflushopt, clwb, avx512_vbmi2, avx512_vbmi, hv

Memory: 4k page, system-wide physical 16167M (1890M free)
TotalPageFile size 21167M (AvailPageFile size 3M)
current process WorkingSet (physical memory assigned to process): 363M, peak: 374M
current process commit charge ("private bytes"): 402M, peak: 411M

vm_info: OpenJDK 64-Bit Server VM (17.0.4.1+1) for windows-amd64 JRE (17.0.4.1+1), built on Aug 17 2022 07:42:43 by "temurin" with MS VC++ 16.7 (VS2019)

END.
