#
# There is insufficient memory for the Java Runtime Environment to continue.
# Native memory allocation (malloc) failed to allocate 824496 bytes for Chunk::new
# Possible reasons:
#   The system is out of physical RAM or swap space
#   The process is running with CompressedOops enabled, and the Java Heap may be blocking the growth of the native heap
# Possible solutions:
#   Reduce memory load on the system
#   Increase physical memory or swap space
#   Check if swap backing store is full
#   Decrease Java heap size (-Xmx/-Xms)
#   Decrease number of Java threads
#   Decrease Java thread stack sizes (-Xss)
#   Set larger code cache with -XX:ReservedCodeCacheSize=
#   JVM is running with Unscaled Compressed Oops mode in which the Java heap is
#     placed in the first 4GB address space. The Java Heap base address is the
#     maximum limit for the native heap growth. Please use -XX:HeapBaseMinAddress
#     to set the Java Heap base and to place the Java Heap above 4GB virtual address.
# This output file may be truncated or incomplete.
#
#  Out of Memory Error (arena.cpp:189), pid=17696, tid=20992
#
# JRE version: OpenJDK Runtime Environment Temurin-17.0.4.1+1 (17.0.4.1+1) (build 17.0.4.1+1)
# Java VM: OpenJDK 64-Bit Server VM Temurin-17.0.4.1+1 (17.0.4.1+1, mixed mode, tiered, compressed oops, compressed class ptrs, parallel gc, windows-amd64)
# No core dump will be written. Minidumps are not enabled by default on client versions of Windows
#

---------------  S U M M A R Y ------------

Command Line: --add-modules=ALL-SYSTEM --add-opens=java.base/java.util=ALL-UNNAMED --add-opens=java.base/java.lang=ALL-UNNAMED --add-opens=java.base/sun.nio.fs=ALL-UNNAMED -Declipse.application=org.eclipse.jdt.ls.core.id1 -Dosgi.bundles.defaultStartLevel=4 -Declipse.product=org.eclipse.jdt.ls.core.product -Djava.import.generatesMetadataFilesAtProjectRoot=false -Dfile.encoding=utf8 -XX:+UseParallelGC -XX:GCTimeRatio=4 -XX:AdaptiveSizePolicyWeight=90 -Dsun.zip.disableMemoryMapping=true -Xmx1G -Xms100m -Xlog:disable -javaagent:c:\Users\LENOVO\.antigravity\extensions\redhat.java-1.12.0-win32-x64\lombok\lombok-1.18.24.jar -XX:+HeapDumpOnOutOfMemoryError -XX:HeapDumpPath=c:\Users\LENOVO\AppData\Roaming\Antigravity\User\workspaceStorage\a8d5ca9e003d8389da026bbce01f11fa\redhat.java c:\Users\LENOVO\.antigravity\extensions\redhat.java-1.12.0-win32-x64\server\plugins\org.eclipse.equinox.launcher_1.6.400.v20210924-0641.jar -configuration c:\Users\LENOVO\AppData\Roaming\Antigravity\User\globalStorage\redhat.java\1.12.0\config_win -data c:\Users\LENOVO\AppData\Roaming\Antigravity\User\workspaceStorage\a8d5ca9e003d8389da026bbce01f11fa\redhat.java\jdt_ws

Host: 11th Gen Intel(R) Core(TM) i5-11320H @ 3.20GHz, 8 cores, 15G,  Windows 11 , 64 bit Build 26100 (10.0.26100.7705)
Time: Thu Mar  5 03:14:53 2026 Paris, Madrid elapsed time: 20.786553 seconds (0d 0h 0m 20s)

---------------  T H R E A D  ---------------

Current thread (0x000001d8c8572680):  JavaThread "C2 CompilerThread0" daemon [_thread_in_native, id=20992, stack(0x0000008a57300000,0x0000008a57400000)]


Current CompileTask:
C2:  20786 6404   !   4       org.eclipse.osgi.internal.loader.classpath.ClasspathManager::defineClass (636 bytes)

Stack: [0x0000008a57300000,0x0000008a57400000]
Native frames: (J=compiled Java code, j=interpreted, Vv=VM code, C=native code)
V  [jvm.dll+0x67731a]
V  [jvm.dll+0x832284]
V  [jvm.dll+0x833a2e]
V  [jvm.dll+0x834093]
V  [jvm.dll+0x245775]
V  [jvm.dll+0xabd7b]
V  [jvm.dll+0xac30c]
V  [jvm.dll+0x2ac80f]
V  [jvm.dll+0x57dd77]
V  [jvm.dll+0x220892]
V  [jvm.dll+0x220c6f]
V  [jvm.dll+0x21a4d5]
V  [jvm.dll+0x21799b]
V  [jvm.dll+0x1a3f8d]
V  [jvm.dll+0x227498]
V  [jvm.dll+0x2255e5]
V  [jvm.dll+0x7e7e9b]
V  [jvm.dll+0x7e240a]
V  [jvm.dll+0x6761a5]
C  [ucrtbase.dll+0x37b0]
C  [KERNEL32.DLL+0x2e8d7]
C  [ntdll.dll+0x8c40c]


---------------  P R O C E S S  ---------------

Threads class SMR info:
_java_thread_list=0x000001d8cb623de0, length=28, elements={
0x000001d8b0ed7610, 0x000001d8c6a8d9c0, 0x000001d8b0f97540, 0x000001d8c856a020,
0x000001d8c856c8f0, 0x000001d8c856d1b0, 0x000001d8c8571a90, 0x000001d8c8572680,
0x000001d8c85d6080, 0x000001d8c85ed8b0, 0x000001d8c860b4f0, 0x000001d8c883f560,
0x000001d8c9cc8e80, 0x000001d8caa92d40, 0x000001d8cacb4260, 0x000001d8cab644d0,
0x000001d8cad0e280, 0x000001d8c95df900, 0x000001d8c95dea90, 0x000001d8c95ddc20,
0x000001d8c95de5c0, 0x000001d8c95e02a0, 0x000001d8c95dc8e0, 0x000001d8c95dcdb0,
0x000001d8c95dd750, 0x000001d8c97523b0, 0x000001d8c9751ee0, 0x000001d8c97553d0
}

Java Threads: ( => current thread )
  0x000001d8b0ed7610 JavaThread "main" [_thread_blocked, id=18164, stack(0x0000008a56a00000,0x0000008a56b00000)]
  0x000001d8c6a8d9c0 JavaThread "Reference Handler" daemon [_thread_blocked, id=4216, stack(0x0000008a56d00000,0x0000008a56e00000)]
  0x000001d8b0f97540 JavaThread "Finalizer" daemon [_thread_blocked, id=4388, stack(0x0000008a56e00000,0x0000008a56f00000)]
  0x000001d8c856a020 JavaThread "Signal Dispatcher" daemon [_thread_blocked, id=16732, stack(0x0000008a56f00000,0x0000008a57000000)]
  0x000001d8c856c8f0 JavaThread "Attach Listener" daemon [_thread_blocked, id=6496, stack(0x0000008a57000000,0x0000008a57100000)]
  0x000001d8c856d1b0 JavaThread "Service Thread" daemon [_thread_blocked, id=22244, stack(0x0000008a57100000,0x0000008a57200000)]
  0x000001d8c8571a90 JavaThread "Monitor Deflation Thread" daemon [_thread_blocked, id=11592, stack(0x0000008a57200000,0x0000008a57300000)]
=>0x000001d8c8572680 JavaThread "C2 CompilerThread0" daemon [_thread_in_native, id=20992, stack(0x0000008a57300000,0x0000008a57400000)]
  0x000001d8c85d6080 JavaThread "C1 CompilerThread0" daemon [_thread_blocked, id=19292, stack(0x0000008a57400000,0x0000008a57500000)]
  0x000001d8c85ed8b0 JavaThread "Sweeper thread" daemon [_thread_blocked, id=10056, stack(0x0000008a57500000,0x0000008a57600000)]
  0x000001d8c860b4f0 JavaThread "Common-Cleaner" daemon [_thread_blocked, id=11572, stack(0x0000008a57600000,0x0000008a57700000)]
  0x000001d8c883f560 JavaThread "Notification Thread" daemon [_thread_blocked, id=13964, stack(0x0000008a57700000,0x0000008a57800000)]
  0x000001d8c9cc8e80 JavaThread "Active Thread: Equinox Container: 319c63b4-ee2a-4e6a-b9a7-4880135a6655" [_thread_blocked, id=4712, stack(0x0000008a57f00000,0x0000008a58000000)]
  0x000001d8caa92d40 JavaThread "Framework Event Dispatcher: Equinox Container: 319c63b4-ee2a-4e6a-b9a7-4880135a6655" daemon [_thread_blocked, id=9724, stack(0x0000008a58000000,0x0000008a58100000)]
  0x000001d8cacb4260 JavaThread "Start Level: Equinox Container: 319c63b4-ee2a-4e6a-b9a7-4880135a6655" daemon [_thread_blocked, id=20256, stack(0x0000008a58100000,0x0000008a58200000)]
  0x000001d8cab644d0 JavaThread "SCR Component Actor" daemon [_thread_blocked, id=18428, stack(0x0000008a58200000,0x0000008a58300000)]
  0x000001d8cad0e280 JavaThread "Worker-JM" [_thread_blocked, id=18604, stack(0x0000008a58600000,0x0000008a58700000)]
  0x000001d8c95df900 JavaThread "Worker-0" [_thread_blocked, id=22044, stack(0x0000008a58700000,0x0000008a58800000)]
  0x000001d8c95dea90 JavaThread "Worker-1: Refreshing workspace" [_thread_blocked, id=20376, stack(0x0000008a58800000,0x0000008a58900000)]
  0x000001d8c95ddc20 JavaThread "Worker-2" [_thread_blocked, id=20204, stack(0x0000008a58900000,0x0000008a58a00000)]
  0x000001d8c95de5c0 JavaThread "Java indexing" daemon [_thread_blocked, id=13180, stack(0x0000008a58a00000,0x0000008a58b00000)]
  0x000001d8c95e02a0 JavaThread "JNA Cleaner" daemon [_thread_blocked, id=5724, stack(0x0000008a57e00000,0x0000008a57f00000)]
  0x000001d8c95dc8e0 JavaThread "pool-2-thread-1" [_thread_blocked, id=5428, stack(0x0000008a58d00000,0x0000008a58e00000)]
  0x000001d8c95dcdb0 JavaThread "pool-1-thread-1" [_thread_in_native, id=22032, stack(0x0000008a58f00000,0x0000008a59000000)]
  0x000001d8c95dd750 JavaThread "Worker-3: Synchronizing projects" [_thread_blocked, id=19112, stack(0x0000008a59000000,0x0000008a59100000)]
  0x000001d8c97523b0 JavaThread "Worker-4" [_thread_blocked, id=13652, stack(0x0000008a58500000,0x0000008a58600000)]
  0x000001d8c9751ee0 JavaThread "Worker-5: Initialize workspace" [_thread_blocked, id=22072, stack(0x0000008a58e00000,0x0000008a58f00000)]
  0x000001d8c97553d0 JavaThread "ForkJoinPool.commonPool-worker-1" daemon [_thread_in_Java, id=13604, stack(0x0000008a59100000,0x0000008a59200000)]

Other Threads:
  0x000001d8c8520c20 VMThread "VM Thread" [stack: 0x0000008a56c00000,0x0000008a56d00000] [id=8368]
  0x000001d8c9500040 WatcherThread [stack: 0x0000008a57800000,0x0000008a57900000] [id=19820]
  0x000001d8b0eec830 GCTaskThread "GC Thread#0" [stack: 0x0000008a56b00000,0x0000008a56c00000] [id=21696]
  0x000001d8c98473d0 GCTaskThread "GC Thread#1" [stack: 0x0000008a57900000,0x0000008a57a00000] [id=13684]
  0x000001d8c9569380 GCTaskThread "GC Thread#2" [stack: 0x0000008a57a00000,0x0000008a57b00000] [id=15204]
  0x000001d8c9bf3c70 GCTaskThread "GC Thread#3" [stack: 0x0000008a57b00000,0x0000008a57c00000] [id=19208]
  0x000001d8c99c53f0 GCTaskThread "GC Thread#4" [stack: 0x0000008a57c00000,0x0000008a57d00000] [id=17916]
  0x000001d8c96d89f0 GCTaskThread "GC Thread#5" [stack: 0x0000008a57d00000,0x0000008a57e00000] [id=18088]
  0x000001d8ca936a60 GCTaskThread "GC Thread#6" [stack: 0x0000008a58300000,0x0000008a58400000] [id=21492]
  0x000001d8cab94a60 GCTaskThread "GC Thread#7" [stack: 0x0000008a58400000,0x0000008a58500000] [id=13124]

Threads with active compile tasks:
C2 CompilerThread0    20806 6404   !   4       org.eclipse.osgi.internal.loader.classpath.ClasspathManager::defineClass (636 bytes)

VM state: not at safepoint (normal execution)

VM Mutex/Monitor currently owned by a thread: None

Heap address: 0x00000000c0000000, size: 1024 MB, Compressed Oops mode: 32-bit

CDS archive(s) not mapped
Compressed class space mapped at: 0x0000000100000000-0x0000000140000000, reserved size: 1073741824
Narrow klass base: 0x0000000000000000, Narrow klass shift: 3, Narrow klass range: 0x140000000

GC Precious Log:
 CPUs: 8 total, 8 available
 Memory: 16167M
 Large Page Support: Disabled
 NUMA Support: Disabled
 Compressed Oops: Enabled (32-bit)
 Alignments: Space 512K, Generation 512K, Heap 2M
 Heap Min Capacity: 100M
 Heap Initial Capacity: 100M
 Heap Max Capacity: 1G
 Pre-touch: Disabled
 Parallel Workers: 8

Heap:
 PSYoungGen      total 16384K, used 8603K [0x00000000eab00000, 0x00000000ec700000, 0x0000000100000000)
  eden space 15360K, 49% used [0x00000000eab00000,0x00000000eb26a8a0,0x00000000eba00000)
  from space 1024K, 98% used [0x00000000ebf00000,0x00000000ebffc660,0x00000000ec000000)
  to   space 5120K, 0% used [0x00000000eba00000,0x00000000eba00000,0x00000000ebf00000)
 ParOldGen       total 68608K, used 46823K [0x00000000c0000000, 0x00000000c4300000, 0x00000000eab00000)
  object space 68608K, 68% used [0x00000000c0000000,0x00000000c2db9cd0,0x00000000c4300000)
 Metaspace       used 52991K, committed 53888K, reserved 1097728K
  class space    used 5691K, committed 6080K, reserved 1048576K

Card table byte_map: [0x000001d8c4300000,0x000001d8c4510000] _byte_map_base: 0x000001d8c3d00000

Marking Bits: (ParMarkBitMap*) 0x00007ff96cfc2cc0
 Begin Bits: [0x000001d8c4670000, 0x000001d8c5670000)
 End Bits:   [0x000001d8c5670000, 0x000001d8c6670000)

Polling page: 0x000001d8b0c50000

Metaspace:

Usage:
  Non-class:     46.19 MB used.
      Class:      5.56 MB used.
       Both:     51.75 MB used.

Virtual space:
  Non-class space:       48.00 MB reserved,      46.69 MB ( 97%) committed,  6 nodes.
      Class space:        1.00 GB reserved,       5.94 MB ( <1%) committed,  1 nodes.
             Both:        1.05 GB reserved,      52.62 MB (  5%) committed. 

Chunk freelists:
   Non-Class:  448.00 KB
       Class:  1.89 MB
        Both:  2.33 MB

MaxMetaspaceSize: unlimited
CompressedClassSpaceSize: 1.00 GB
Initial GC threshold: 21.00 MB
Current GC threshold: 58.38 MB
CDS: off
MetaspaceReclaimPolicy: balanced
 - commit_granule_bytes: 65536.
 - commit_granule_words: 8192.
 - virtual_space_node_default_size: 1048576.
 - enlarge_chunks_in_place: 1.
 - new_chunks_are_fully_committed: 0.
 - uncommit_free_chunks: 1.
 - use_allocation_guard: 0.
 - handle_deallocations: 1.


Internal statistics:

num_allocs_failed_limit: 6.
num_arena_births: 608.
num_arena_deaths: 14.
num_vsnodes_births: 7.
num_vsnodes_deaths: 0.
num_space_committed: 842.
num_space_uncommitted: 0.
num_chunks_returned_to_freelist: 20.
num_chunks_taken_from_freelist: 2581.
num_chunk_merges: 10.
num_chunk_splits: 1659.
num_chunks_enlarged: 1030.
num_purges: 2.
num_inconsistent_stats: 0.

CodeHeap 'non-profiled nmethods': size=120000Kb used=3530Kb max_used=3530Kb free=116469Kb
 bounds [0x000001d8bcbf0000, 0x000001d8bcf70000, 0x000001d8c4120000]
CodeHeap 'profiled nmethods': size=120000Kb used=11039Kb max_used=11039Kb free=108961Kb
 bounds [0x000001d8b56c0000, 0x000001d8b6190000, 0x000001d8bcbf0000]
CodeHeap 'non-nmethods': size=5760Kb used=1306Kb max_used=1362Kb free=4453Kb
 bounds [0x000001d8b5120000, 0x000001d8b5390000, 0x000001d8b56c0000]
 total_blobs=6145 nmethods=5522 adapters=537
 compilation: enabled
              stopped_count=0, restarted_count=0
 full_count=0

Compilation events (20 events):
Event: 18.624 Thread 0x000001d8c85d6080 nmethod 6397 0x000001d8b5d78d10 code [0x000001d8b5d78ea0, 0x000001d8b5d78fc8]
Event: 18.624 Thread 0x000001d8c85d6080 6398       3       java.util.Objects::equals (23 bytes)
Event: 18.624 Thread 0x000001d8c85d6080 nmethod 6398 0x000001d8b5d78810 code [0x000001d8b5d789c0, 0x000001d8b5d78c28]
Event: 18.625 Thread 0x000001d8c85d6080 6399       3       java.lang.invoke.MethodHandles$Lookup::checkMethod (87 bytes)
Event: 18.626 Thread 0x000001d8c85d6080 nmethod 6399 0x000001d8b617f110 code [0x000001d8b617f320, 0x000001d8b617fa98]
Event: 18.626 Thread 0x000001d8c85d6080 6400       3       java.lang.invoke.MethodHandles$Lookup::maybeBindCaller (72 bytes)
Event: 18.627 Thread 0x000001d8c85d6080 nmethod 6400 0x000001d8b617fd10 code [0x000001d8b617ff40, 0x000001d8b6180808]
Event: 18.628 Thread 0x000001d8c85d6080 6401   !   3       org.eclipse.jdt.internal.compiler.util.Jdk::<init> (49 bytes)
Event: 18.629 Thread 0x000001d8c85d6080 nmethod 6401 0x000001d8b6180b10 code [0x000001d8b6180d40, 0x000001d8b6181598]
Event: 18.629 Thread 0x000001d8c85d6080 6402       3       java.nio.HeapByteBuffer::getLong (30 bytes)
Event: 18.629 Thread 0x000001d8c85d6080 nmethod 6402 0x000001d8b6181910 code [0x000001d8b6181b60, 0x000001d8b61825a8]
Event: 18.657 Thread 0x000001d8c85d6080 6403   !   3       java.util.zip.ZipFile::getEntry (59 bytes)
Event: 18.658 Thread 0x000001d8c85d6080 nmethod 6403 0x000001d8b6182a10 code [0x000001d8b6182c00, 0x000001d8b6183058]
Event: 18.662 Thread 0x000001d8c8572680 6404   !   4       org.eclipse.osgi.internal.loader.classpath.ClasspathManager::defineClass (636 bytes)
Event: 18.675 Thread 0x000001d8c85d6080 6406   !   3       java.util.zip.ZipFile$Source::getEntryPos (173 bytes)
Event: 18.676 Thread 0x000001d8c85d6080 nmethod 6406 0x000001d8b6183310 code [0x000001d8b6183600, 0x000001d8b61846e8]
Event: 18.780 Thread 0x000001d8c85d6080 6407       3       java.util.zip.ZipFile::getZipEntry (322 bytes)
Event: 18.782 Thread 0x000001d8c85d6080 nmethod 6407 0x000001d8b6185110 code [0x000001d8b6185560, 0x000001d8b6187af8]
Event: 20.511 Thread 0x000001d8c85d6080 6410   !   3       org.eclipse.jdt.ls.core.internal.CancellableProgressMonitor::isCanceled (33 bytes)
Event: 20.511 Thread 0x000001d8c85d6080 nmethod 6410 0x000001d8b6188990 code [0x000001d8b6188ba0, 0x000001d8b61893c8]

GC Heap History (20 events):
Event: 16.409 GC heap before
{Heap before GC invocations=23 (full 2):
 PSYoungGen      total 19968K, used 19952K [0x00000000eab00000, 0x00000000ec500000, 0x0000000100000000)
  eden space 18432K, 100% used [0x00000000eab00000,0x00000000ebd00000,0x00000000ebd00000)
  from space 1536K, 98% used [0x00000000ec080000,0x00000000ec1fc010,0x00000000ec200000)
  to   space 3584K, 0% used [0x00000000ebd00000,0x00000000ebd00000,0x00000000ec080000)
 ParOldGen       total 68608K, used 30730K [0x00000000c0000000, 0x00000000c4300000, 0x00000000eab00000)
  object space 68608K, 44% used [0x00000000c0000000,0x00000000c1e02ab0,0x00000000c4300000)
 Metaspace       used 48215K, committed 49152K, reserved 1097728K
  class space    used 5189K, committed 5568K, reserved 1048576K
}
Event: 16.412 GC heap after
{Heap after GC invocations=23 (full 2):
 PSYoungGen      total 18944K, used 352K [0x00000000eab00000, 0x00000000ec100000, 0x0000000100000000)
  eden space 18432K, 0% used [0x00000000eab00000,0x00000000eab00000,0x00000000ebd00000)
  from space 512K, 68% used [0x00000000ebd00000,0x00000000ebd58000,0x00000000ebd80000)
  to   space 1536K, 0% used [0x00000000ebf80000,0x00000000ebf80000,0x00000000ec100000)
 ParOldGen       total 68608K, used 32218K [0x00000000c0000000, 0x00000000c4300000, 0x00000000eab00000)
  object space 68608K, 46% used [0x00000000c0000000,0x00000000c1f76ac0,0x00000000c4300000)
 Metaspace       used 48215K, committed 49152K, reserved 1097728K
  class space    used 5189K, committed 5568K, reserved 1048576K
}
Event: 16.798 GC heap before
{Heap before GC invocations=24 (full 2):
 PSYoungGen      total 18944K, used 18781K [0x00000000eab00000, 0x00000000ec100000, 0x0000000100000000)
  eden space 18432K, 99% used [0x00000000eab00000,0x00000000ebcff550,0x00000000ebd00000)
  from space 512K, 68% used [0x00000000ebd00000,0x00000000ebd58000,0x00000000ebd80000)
  to   space 1536K, 0% used [0x00000000ebf80000,0x00000000ebf80000,0x00000000ec100000)
 ParOldGen       total 68608K, used 32218K [0x00000000c0000000, 0x00000000c4300000, 0x00000000eab00000)
  object space 68608K, 46% used [0x00000000c0000000,0x00000000c1f76ac0,0x00000000c4300000)
 Metaspace       used 49961K, committed 50880K, reserved 1097728K
  class space    used 5354K, committed 5760K, reserved 1048576K
}
Event: 16.801 GC heap after
{Heap after GC invocations=24 (full 2):
 PSYoungGen      total 19456K, used 664K [0x00000000eab00000, 0x00000000ec080000, 0x0000000100000000)
  eden space 18432K, 0% used [0x00000000eab00000,0x00000000eab00000,0x00000000ebd00000)
  from space 1024K, 64% used [0x00000000ebf80000,0x00000000ec026340,0x00000000ec080000)
  to   space 1024K, 0% used [0x00000000ebe80000,0x00000000ebe80000,0x00000000ebf80000)
 ParOldGen       total 68608K, used 32531K [0x00000000c0000000, 0x00000000c4300000, 0x00000000eab00000)
  object space 68608K, 47% used [0x00000000c0000000,0x00000000c1fc4f30,0x00000000c4300000)
 Metaspace       used 49961K, committed 50880K, reserved 1097728K
  class space    used 5354K, committed 5760K, reserved 1048576K
}
Event: 17.158 GC heap before
{Heap before GC invocations=25 (full 2):
 PSYoungGen      total 19456K, used 19096K [0x00000000eab00000, 0x00000000ec080000, 0x0000000100000000)
  eden space 18432K, 100% used [0x00000000eab00000,0x00000000ebd00000,0x00000000ebd00000)
  from space 1024K, 64% used [0x00000000ebf80000,0x00000000ec026340,0x00000000ec080000)
  to   space 1024K, 0% used [0x00000000ebe80000,0x00000000ebe80000,0x00000000ebf80000)
 ParOldGen       total 68608K, used 32531K [0x00000000c0000000, 0x00000000c4300000, 0x00000000eab00000)
  object space 68608K, 47% used [0x00000000c0000000,0x00000000c1fc4f30,0x00000000c4300000)
 Metaspace       used 50516K, committed 51392K, reserved 1097728K
  class space    used 5407K, committed 5824K, reserved 1048576K
}
Event: 17.160 GC heap after
{Heap after GC invocations=25 (full 2):
 PSYoungGen      total 19456K, used 992K [0x00000000eab00000, 0x00000000ec200000, 0x0000000100000000)
  eden space 18432K, 0% used [0x00000000eab00000,0x00000000eab00000,0x00000000ebd00000)
  from space 1024K, 96% used [0x00000000ebe80000,0x00000000ebf78010,0x00000000ebf80000)
  to   space 2560K, 0% used [0x00000000ebf80000,0x00000000ebf80000,0x00000000ec200000)
 ParOldGen       total 68608K, used 33781K [0x00000000c0000000, 0x00000000c4300000, 0x00000000eab00000)
  object space 68608K, 49% used [0x00000000c0000000,0x00000000c20fd458,0x00000000c4300000)
 Metaspace       used 50516K, committed 51392K, reserved 1097728K
  class space    used 5407K, committed 5824K, reserved 1048576K
}
Event: 17.461 GC heap before
{Heap before GC invocations=26 (full 2):
 PSYoungGen      total 19456K, used 19424K [0x00000000eab00000, 0x00000000ec200000, 0x0000000100000000)
  eden space 18432K, 100% used [0x00000000eab00000,0x00000000ebd00000,0x00000000ebd00000)
  from space 1024K, 96% used [0x00000000ebe80000,0x00000000ebf78010,0x00000000ebf80000)
  to   space 2560K, 0% used [0x00000000ebf80000,0x00000000ebf80000,0x00000000ec200000)
 ParOldGen       total 68608K, used 33781K [0x00000000c0000000, 0x00000000c4300000, 0x00000000eab00000)
  object space 68608K, 49% used [0x00000000c0000000,0x00000000c20fd458,0x00000000c4300000)
 Metaspace       used 50534K, committed 51456K, reserved 1097728K
  class space    used 5407K, committed 5824K, reserved 1048576K
}
Event: 17.465 GC heap after
{Heap after GC invocations=26 (full 2):
 PSYoungGen      total 20480K, used 1952K [0x00000000eab00000, 0x00000000ec180000, 0x0000000100000000)
  eden space 18432K, 0% used [0x00000000eab00000,0x00000000eab00000,0x00000000ebd00000)
  from space 2048K, 95% used [0x00000000ebf80000,0x00000000ec168010,0x00000000ec180000)
  to   space 2048K, 0% used [0x00000000ebd80000,0x00000000ebd80000,0x00000000ebf80000)
 ParOldGen       total 68608K, used 34777K [0x00000000c0000000, 0x00000000c4300000, 0x00000000eab00000)
  object space 68608K, 50% used [0x00000000c0000000,0x00000000c21f67b0,0x00000000c4300000)
 Metaspace       used 50534K, committed 51456K, reserved 1097728K
  class space    used 5407K, committed 5824K, reserved 1048576K
}
Event: 17.525 GC heap before
{Heap before GC invocations=27 (full 2):
 PSYoungGen      total 20480K, used 20384K [0x00000000eab00000, 0x00000000ec180000, 0x0000000100000000)
  eden space 18432K, 100% used [0x00000000eab00000,0x00000000ebd00000,0x00000000ebd00000)
  from space 2048K, 95% used [0x00000000ebf80000,0x00000000ec168010,0x00000000ec180000)
  to   space 2048K, 0% used [0x00000000ebd80000,0x00000000ebd80000,0x00000000ebf80000)
 ParOldGen       total 68608K, used 34777K [0x00000000c0000000, 0x00000000c4300000, 0x00000000eab00000)
  object space 68608K, 50% used [0x00000000c0000000,0x00000000c21f67b0,0x00000000c4300000)
 Metaspace       used 50553K, committed 51456K, reserved 1097728K
  class space    used 5407K, committed 5824K, reserved 1048576K
}
Event: 17.528 GC heap after
{Heap after GC invocations=27 (full 2):
 PSYoungGen      total 20480K, used 2016K [0x00000000eab00000, 0x00000000ec500000, 0x0000000100000000)
  eden space 18432K, 0% used [0x00000000eab00000,0x00000000eab00000,0x00000000ebd00000)
  from space 2048K, 98% used [0x00000000ebd80000,0x00000000ebf78010,0x00000000ebf80000)
  to   space 4096K, 0% used [0x00000000ec100000,0x00000000ec100000,0x00000000ec500000)
 ParOldGen       total 68608K, used 36529K [0x00000000c0000000, 0x00000000c4300000, 0x00000000eab00000)
  object space 68608K, 53% used [0x00000000c0000000,0x00000000c23ac7b0,0x00000000c4300000)
 Metaspace       used 50553K, committed 51456K, reserved 1097728K
  class space    used 5407K, committed 5824K, reserved 1048576K
}
Event: 17.560 GC heap before
{Heap before GC invocations=28 (full 2):
 PSYoungGen      total 20480K, used 20447K [0x00000000eab00000, 0x00000000ec500000, 0x0000000100000000)
  eden space 18432K, 99% used [0x00000000eab00000,0x00000000ebcfffb0,0x00000000ebd00000)
  from space 2048K, 98% used [0x00000000ebd80000,0x00000000ebf78010,0x00000000ebf80000)
  to   space 4096K, 0% used [0x00000000ec100000,0x00000000ec100000,0x00000000ec500000)
 ParOldGen       total 68608K, used 36529K [0x00000000c0000000, 0x00000000c4300000, 0x00000000eab00000)
  object space 68608K, 53% used [0x00000000c0000000,0x00000000c23ac7b0,0x00000000c4300000)
 Metaspace       used 50553K, committed 51456K, reserved 1097728K
  class space    used 5407K, committed 5824K, reserved 1048576K
}
Event: 17.565 GC heap after
{Heap after GC invocations=28 (full 2):
 PSYoungGen      total 20480K, used 2048K [0x00000000eab00000, 0x00000000ec300000, 0x0000000100000000)
  eden space 18432K, 0% used [0x00000000eab00000,0x00000000eab00000,0x00000000ebd00000)
  from space 2048K, 100% used [0x00000000ec100000,0x00000000ec300000,0x00000000ec300000)
  to   space 3072K, 0% used [0x00000000ebd00000,0x00000000ebd00000,0x00000000ec000000)
 ParOldGen       total 68608K, used 38488K [0x00000000c0000000, 0x00000000c4300000, 0x00000000eab00000)
  object space 68608K, 56% used [0x00000000c0000000,0x00000000c2596368,0x00000000c4300000)
 Metaspace       used 50553K, committed 51456K, reserved 1097728K
  class space    used 5407K, committed 5824K, reserved 1048576K
}
Event: 17.592 GC heap before
{Heap before GC invocations=29 (full 2):
 PSYoungGen      total 20480K, used 20480K [0x00000000eab00000, 0x00000000ec300000, 0x0000000100000000)
  eden space 18432K, 100% used [0x00000000eab00000,0x00000000ebd00000,0x00000000ebd00000)
  from space 2048K, 100% used [0x00000000ec100000,0x00000000ec300000,0x00000000ec300000)
  to   space 3072K, 0% used [0x00000000ebd00000,0x00000000ebd00000,0x00000000ec000000)
 ParOldGen       total 68608K, used 38488K [0x00000000c0000000, 0x00000000c4300000, 0x00000000eab00000)
  object space 68608K, 56% used [0x00000000c0000000,0x00000000c2596368,0x00000000c4300000)
 Metaspace       used 50553K, committed 51456K, reserved 1097728K
  class space    used 5407K, committed 5824K, reserved 1048576K
}
Event: 17.595 GC heap after
{Heap after GC invocations=29 (full 2):
 PSYoungGen      total 20992K, used 2208K [0x00000000eab00000, 0x00000000ec200000, 0x0000000100000000)
  eden space 18432K, 0% used [0x00000000eab00000,0x00000000eab00000,0x00000000ebd00000)
  from space 2560K, 86% used [0x00000000ebd00000,0x00000000ebf28010,0x00000000ebf80000)
  to   space 2560K, 0% used [0x00000000ebf80000,0x00000000ebf80000,0x00000000ec200000)
 ParOldGen       total 68608K, used 40400K [0x00000000c0000000, 0x00000000c4300000, 0x00000000eab00000)
  object space 68608K, 58% used [0x00000000c0000000,0x00000000c2774368,0x00000000c4300000)
 Metaspace       used 50553K, committed 51456K, reserved 1097728K
  class space    used 5407K, committed 5824K, reserved 1048576K
}
Event: 17.823 GC heap before
{Heap before GC invocations=30 (full 2):
 PSYoungGen      total 20992K, used 20640K [0x00000000eab00000, 0x00000000ec200000, 0x0000000100000000)
  eden space 18432K, 100% used [0x00000000eab00000,0x00000000ebd00000,0x00000000ebd00000)
  from space 2560K, 86% used [0x00000000ebd00000,0x00000000ebf28010,0x00000000ebf80000)
  to   space 2560K, 0% used [0x00000000ebf80000,0x00000000ebf80000,0x00000000ec200000)
 ParOldGen       total 68608K, used 40400K [0x00000000c0000000, 0x00000000c4300000, 0x00000000eab00000)
  object space 68608K, 58% used [0x00000000c0000000,0x00000000c2774368,0x00000000c4300000)
 Metaspace       used 51132K, committed 52032K, reserved 1097728K
  class space    used 5482K, committed 5888K, reserved 1048576K
}
Event: 17.825 GC heap after
{Heap after GC invocations=30 (full 2):
 PSYoungGen      total 19968K, used 1120K [0x00000000eab00000, 0x00000000ec100000, 0x0000000100000000)
  eden space 18432K, 0% used [0x00000000eab00000,0x00000000eab00000,0x00000000ebd00000)
  from space 1536K, 72% used [0x00000000ebf80000,0x00000000ec098000,0x00000000ec100000)
  to   space 1536K, 0% used [0x00000000ebe00000,0x00000000ebe00000,0x00000000ebf80000)
 ParOldGen       total 68608K, used 42472K [0x00000000c0000000, 0x00000000c4300000, 0x00000000eab00000)
  object space 68608K, 61% used [0x00000000c0000000,0x00000000c297a378,0x00000000c4300000)
 Metaspace       used 51132K, committed 52032K, reserved 1097728K
  class space    used 5482K, committed 5888K, reserved 1048576K
}
Event: 18.216 GC heap before
{Heap before GC invocations=31 (full 2):
 PSYoungGen      total 19968K, used 19552K [0x00000000eab00000, 0x00000000ec100000, 0x0000000100000000)
  eden space 18432K, 100% used [0x00000000eab00000,0x00000000ebd00000,0x00000000ebd00000)
  from space 1536K, 72% used [0x00000000ebf80000,0x00000000ec098000,0x00000000ec100000)
  to   space 1536K, 0% used [0x00000000ebe00000,0x00000000ebe00000,0x00000000ebf80000)
 ParOldGen       total 68608K, used 42472K [0x00000000c0000000, 0x00000000c4300000, 0x00000000eab00000)
  object space 68608K, 61% used [0x00000000c0000000,0x00000000c297a378,0x00000000c4300000)
 Metaspace       used 52062K, committed 53056K, reserved 1097728K
  class space    used 5594K, committed 6016K, reserved 1048576K
}
Event: 18.217 GC heap after
{Heap after GC invocations=31 (full 2):
 PSYoungGen      total 18944K, used 352K [0x00000000eab00000, 0x00000000ec000000, 0x0000000100000000)
  eden space 18432K, 0% used [0x00000000eab00000,0x00000000eab00000,0x00000000ebd00000)
  from space 512K, 68% used [0x00000000ebe00000,0x00000000ebe58000,0x00000000ebe80000)
  to   space 1024K, 0% used [0x00000000ebf00000,0x00000000ebf00000,0x00000000ec000000)
 ParOldGen       total 68608K, used 43520K [0x00000000c0000000, 0x00000000c4300000, 0x00000000eab00000)
  object space 68608K, 63% used [0x00000000c0000000,0x00000000c2a803b8,0x00000000c4300000)
 Metaspace       used 52062K, committed 53056K, reserved 1097728K
  class space    used 5594K, committed 6016K, reserved 1048576K
}
Event: 18.449 GC heap before
{Heap before GC invocations=32 (full 2):
 PSYoungGen      total 18944K, used 18784K [0x00000000eab00000, 0x00000000ec000000, 0x0000000100000000)
  eden space 18432K, 100% used [0x00000000eab00000,0x00000000ebd00000,0x00000000ebd00000)
  from space 512K, 68% used [0x00000000ebe00000,0x00000000ebe58000,0x00000000ebe80000)
  to   space 1024K, 0% used [0x00000000ebf00000,0x00000000ebf00000,0x00000000ec000000)
 ParOldGen       total 68608K, used 43520K [0x00000000c0000000, 0x00000000c4300000, 0x00000000eab00000)
  object space 68608K, 63% used [0x00000000c0000000,0x00000000c2a803b8,0x00000000c4300000)
 Metaspace       used 52571K, committed 53504K, reserved 1097728K
  class space    used 5639K, committed 6016K, reserved 1048576K
}
Event: 18.450 GC heap after
{Heap after GC invocations=32 (full 2):
 PSYoungGen      total 16384K, used 1009K [0x00000000eab00000, 0x00000000ec700000, 0x0000000100000000)
  eden space 15360K, 0% used [0x00000000eab00000,0x00000000eab00000,0x00000000eba00000)
  from space 1024K, 98% used [0x00000000ebf00000,0x00000000ebffc660,0x00000000ec000000)
  to   space 5120K, 0% used [0x00000000eba00000,0x00000000eba00000,0x00000000ebf00000)
 ParOldGen       total 68608K, used 46823K [0x00000000c0000000, 0x00000000c4300000, 0x00000000eab00000)
  object space 68608K, 68% used [0x00000000c0000000,0x00000000c2db9cd0,0x00000000c4300000)
 Metaspace       used 52571K, committed 53504K, reserved 1097728K
  class space    used 5639K, committed 6016K, reserved 1048576K
}

Deoptimization events (20 events):
Event: 18.596 Thread 0x000001d8c97553d0 Uncommon trap: trap_request=0xffffff45 fr.pc=0x000001d8bcc8d050 relative=0x0000000000000c10
Event: 18.596 Thread 0x000001d8c97553d0 Uncommon trap: reason=unstable_if action=reinterpret pc=0x000001d8bcc8d050 method=jdk.internal.jrtfs.JrtFileSystem.checkNode(Ljdk/internal/jrtfs/JrtPath;)Ljdk/internal/jimage/ImageReader$Node; @ 16 c2
Event: 18.596 Thread 0x000001d8c97553d0 DEOPT PACKING pc=0x000001d8bcc8d050 sp=0x0000008a591fd0c0
Event: 18.596 Thread 0x000001d8c97553d0 DEOPT UNPACKING pc=0x000001d8b5175923 sp=0x0000008a591fd0c0 mode 2
Event: 18.598 Thread 0x000001d8c97553d0 Uncommon trap: trap_request=0xffffff45 fr.pc=0x000001d8bcd1b3a4 relative=0x0000000000001364
Event: 18.598 Thread 0x000001d8c97553d0 Uncommon trap: reason=unstable_if action=reinterpret pc=0x000001d8bcd1b3a4 method=java.util.zip.ZipFile$Source.getEntryPos(Ljava/lang/String;Z)I @ 104 c2
Event: 18.598 Thread 0x000001d8c97553d0 DEOPT PACKING pc=0x000001d8bcd1b3a4 sp=0x0000008a591fd7f0
Event: 18.598 Thread 0x000001d8c97553d0 DEOPT UNPACKING pc=0x000001d8b5175923 sp=0x0000008a591fd740 mode 2
Event: 18.598 Thread 0x000001d8c97553d0 Uncommon trap: trap_request=0xffffff45 fr.pc=0x000001d8bcf59f24 relative=0x0000000000000fa4
Event: 18.598 Thread 0x000001d8c97553d0 Uncommon trap: reason=unstable_if action=reinterpret pc=0x000001d8bcf59f24 method=java.util.zip.ZipCoder$UTF8ZipCoder.hasTrailingSlash([BI)Z @ 11 c2
Event: 18.598 Thread 0x000001d8c97553d0 DEOPT PACKING pc=0x000001d8bcf59f24 sp=0x0000008a591fd750
Event: 18.598 Thread 0x000001d8c97553d0 DEOPT UNPACKING pc=0x000001d8b5175923 sp=0x0000008a591fd6c0 mode 2
Event: 18.598 Thread 0x000001d8c97553d0 Uncommon trap: trap_request=0xffffff45 fr.pc=0x000001d8bcd1751c relative=0x0000000000000abc
Event: 18.598 Thread 0x000001d8c97553d0 Uncommon trap: reason=unstable_if action=reinterpret pc=0x000001d8bcd1751c method=java.util.zip.ZipFile$Source.getEntryPos(Ljava/lang/String;Z)I @ 104 c2
Event: 18.598 Thread 0x000001d8c97553d0 DEOPT PACKING pc=0x000001d8bcd1751c sp=0x0000008a591fd770
Event: 18.598 Thread 0x000001d8c97553d0 DEOPT UNPACKING pc=0x000001d8b5175923 sp=0x0000008a591fd740 mode 2
Event: 18.683 Thread 0x000001d8c97553d0 Uncommon trap: trap_request=0xffffff6e fr.pc=0x000001d8bcea5bcc relative=0x00000000000003ac
Event: 18.683 Thread 0x000001d8c97553d0 Uncommon trap: reason=loop_limit_check action=maybe_recompile pc=0x000001d8bcea5bcc method=org.eclipse.jdt.internal.compiler.classfmt.ClassFileStruct.utf8At(II)[C @ 143 c2
Event: 18.683 Thread 0x000001d8c97553d0 DEOPT PACKING pc=0x000001d8bcea5bcc sp=0x0000008a591fd130
Event: 18.684 Thread 0x000001d8c97553d0 DEOPT UNPACKING pc=0x000001d8b5175923 sp=0x0000008a591fd0c8 mode 2

Classes unloaded (7 events):
Event: 3.503 Thread 0x000001d8c8520c20 Unloading class 0x0000000100213400 'java/lang/invoke/LambdaForm$MH+0x0000000100213400'
Event: 3.503 Thread 0x000001d8c8520c20 Unloading class 0x0000000100213000 'java/lang/invoke/LambdaForm$MH+0x0000000100213000'
Event: 3.503 Thread 0x000001d8c8520c20 Unloading class 0x0000000100212c00 'java/lang/invoke/LambdaForm$MH+0x0000000100212c00'
Event: 3.503 Thread 0x000001d8c8520c20 Unloading class 0x0000000100212800 'java/lang/invoke/LambdaForm$MH+0x0000000100212800'
Event: 3.503 Thread 0x000001d8c8520c20 Unloading class 0x0000000100212000 'java/lang/invoke/LambdaForm$BMH+0x0000000100212000'
Event: 3.503 Thread 0x000001d8c8520c20 Unloading class 0x0000000100211c00 'java/lang/invoke/LambdaForm$DMH+0x0000000100211c00'
Event: 3.503 Thread 0x000001d8c8520c20 Unloading class 0x000000010020c400 'java/lang/invoke/LambdaForm$DMH+0x000000010020c400'

Classes redefined (0 events):
No events

Internal exceptions (20 events):
Event: 15.057 Thread 0x000001d8c95dcdb0 Exception <a 'sun/nio/fs/WindowsException'{0x00000000ebbd9700}> (0x00000000ebbd9700) 
thrown [s\src\hotspot\share\prims\jni.cpp, line 516]
Event: 15.062 Thread 0x000001d8c95dcdb0 Exception <a 'java/lang/NoSuchMethodError'{0x00000000ebc09038}: 'java.lang.Object java.lang.invoke.DirectMethodHandle$Holder.invokeStatic(java.lang.Object, java.lang.Object, int, java.lang.Object)'> (0x00000000ebc09038) 
thrown [s\src\hotspot\share\interpreter\linkResolver.cpp, line 759]
Event: 15.063 Thread 0x000001d8c95dcdb0 Exception <a 'java/lang/NoSuchMethodError'{0x00000000ebc177d0}: 'java.lang.Object java.lang.invoke.DirectMethodHandle$Holder.newInvokeSpecial(java.lang.Object, java.lang.Object, int)'> (0x00000000ebc177d0) 
thrown [s\src\hotspot\share\interpreter\linkResolver.cpp, line 759]
Event: 15.089 Thread 0x000001d8c97553d0 Exception <a 'java/io/FileNotFoundException'{0x00000000ebce6338}> (0x00000000ebce6338) 
thrown [s\src\hotspot\share\prims\jni.cpp, line 516]
Event: 15.090 Thread 0x000001d8c97553d0 Exception <a 'java/io/FileNotFoundException'{0x00000000ebce7918}> (0x00000000ebce7918) 
thrown [s\src\hotspot\share\prims\jni.cpp, line 516]
Event: 16.158 Thread 0x000001d8c97553d0 Exception <a 'java/lang/NoSuchMethodError'{0x00000000eb365228}: 'int java.lang.invoke.DirectMethodHandle$Holder.invokeStatic(java.lang.Object)'> (0x00000000eb365228) 
thrown [s\src\hotspot\share\interpreter\linkResolver.cpp, line 759]
Event: 16.292 Thread 0x000001d8c97553d0 Exception <a 'java/io/FileNotFoundException'{0x00000000eb3eea38}> (0x00000000eb3eea38) 
thrown [s\src\hotspot\share\prims\jni.cpp, line 516]
Event: 16.293 Thread 0x000001d8c97553d0 Exception <a 'java/io/FileNotFoundException'{0x00000000eb3f0d78}> (0x00000000eb3f0d78) 
thrown [s\src\hotspot\share\prims\jni.cpp, line 516]
Event: 16.293 Thread 0x000001d8c97553d0 Exception <a 'java/io/FileNotFoundException'{0x00000000eb3f2370}> (0x00000000eb3f2370) 
thrown [s\src\hotspot\share\prims\jni.cpp, line 516]
Event: 16.498 Thread 0x000001d8c97553d0 Implicit null exception at 0x000001d8bcd3f8c8 to 0x000001d8bcd3f9b4
Event: 16.839 Thread 0x000001d8c97553d0 Exception <a 'java/lang/NoSuchMethodError'{0x00000000eac460f8}: 'java.lang.Object java.lang.invoke.DirectMethodHandle$Holder.newInvokeSpecial(java.lang.Object, java.lang.Object, java.lang.Object, int)'> (0x00000000eac460f8) 
thrown [s\src\hotspot\share\interpreter\linkResolver.cpp, line 759]
Event: 16.839 Thread 0x000001d8c97553d0 Exception <a 'java/lang/NoSuchMethodError'{0x00000000eac4a200}: 'java.lang.Object java.lang.invoke.DirectMethodHandle$Holder.invokeSpecial(java.lang.Object, java.lang.Object, java.lang.Object, java.lang.Object, int)'> (0x00000000eac4a200) 
thrown [s\src\hotspot\share\interpreter\linkResolver.cpp, line 759]
Event: 16.840 Thread 0x000001d8c97553d0 Exception <a 'java/lang/NoSuchMethodError'{0x00000000eac4d908}: 'java.lang.Object java.lang.invoke.Invokers$Holder.linkToTargetMethod(java.lang.Object, java.lang.Object, int, java.lang.Object)'> (0x00000000eac4d908) 
thrown [s\src\hotspot\share\interpreter\linkResolver.cpp, line 759]
Event: 17.659 Thread 0x000001d8c97553d0 Exception <a 'sun/nio/fs/WindowsException'{0x00000000eb896ac0}> (0x00000000eb896ac0) 
thrown [s\src\hotspot\share\prims\jni.cpp, line 516]
Event: 17.659 Thread 0x000001d8c97553d0 Exception <a 'sun/nio/fs/WindowsException'{0x00000000eb8975d8}> (0x00000000eb8975d8) 
thrown [s\src\hotspot\share\prims\jni.cpp, line 516]
Event: 17.659 Thread 0x000001d8c97553d0 Exception <a 'sun/nio/fs/WindowsException'{0x00000000eb898170}> (0x00000000eb898170) 
thrown [s\src\hotspot\share\prims\jni.cpp, line 516]
Event: 17.664 Thread 0x000001d8c97553d0 Exception <a 'sun/nio/fs/WindowsException'{0x00000000eb89dcd0}> (0x00000000eb89dcd0) 
thrown [s\src\hotspot\share\prims\jni.cpp, line 516]
Event: 17.667 Thread 0x000001d8c97553d0 Exception <a 'sun/nio/fs/WindowsException'{0x00000000eb8a4200}> (0x00000000eb8a4200) 
thrown [s\src\hotspot\share\prims\jni.cpp, line 516]
Event: 17.670 Thread 0x000001d8c97553d0 Exception <a 'sun/nio/fs/WindowsException'{0x00000000eb8ab0c0}> (0x00000000eb8ab0c0) 
thrown [s\src\hotspot\share\prims\jni.cpp, line 516]
Event: 18.626 Thread 0x000001d8c97553d0 Exception <a 'java/lang/NoSuchMethodError'{0x00000000eaffd6d0}: 'int java.lang.invoke.DirectMethodHandle$Holder.invokeSpecialIFC(java.lang.Object, java.lang.Object, java.lang.Object)'> (0x00000000eaffd6d0) 
thrown [s\src\hotspot\share\interpreter\linkResolver.cpp, line 759]

VM Operations (20 events):
Event: 17.158 Executing VM operation: ParallelGCFailedAllocation
Event: 17.160 Executing VM operation: ParallelGCFailedAllocation done
Event: 17.461 Executing VM operation: ParallelGCFailedAllocation
Event: 17.465 Executing VM operation: ParallelGCFailedAllocation done
Event: 17.525 Executing VM operation: ParallelGCFailedAllocation
Event: 17.528 Executing VM operation: ParallelGCFailedAllocation done
Event: 17.560 Executing VM operation: ParallelGCFailedAllocation
Event: 17.565 Executing VM operation: ParallelGCFailedAllocation done
Event: 17.592 Executing VM operation: ParallelGCFailedAllocation
Event: 17.595 Executing VM operation: ParallelGCFailedAllocation done
Event: 17.823 Executing VM operation: ParallelGCFailedAllocation
Event: 17.825 Executing VM operation: ParallelGCFailedAllocation done
Event: 18.215 Executing VM operation: ParallelGCFailedAllocation
Event: 18.217 Executing VM operation: ParallelGCFailedAllocation done
Event: 18.449 Executing VM operation: ParallelGCFailedAllocation
Event: 18.450 Executing VM operation: ParallelGCFailedAllocation done
Event: 18.622 Executing VM operation: HandshakeAllThreads
Event: 18.622 Executing VM operation: HandshakeAllThreads done
Event: 19.622 Executing VM operation: Cleanup
Event: 19.622 Executing VM operation: Cleanup done

Events (20 events):
Event: 17.694 loading class sun/nio/cs/ThreadLocalCoders$Cache done
Event: 17.694 loading class sun/nio/cs/ThreadLocalCoders$1 done
Event: 17.694 loading class sun/nio/cs/ThreadLocalCoders$2
Event: 17.694 loading class sun/nio/cs/ThreadLocalCoders$2 done
Event: 17.891 Thread 0x000001d8cb7b2ed0 Thread exited: 0x000001d8cb7b2ed0
Event: 17.956 loading class java/util/Vector$1
Event: 17.956 loading class java/util/Vector$1 done
Event: 17.960 Thread 0x000001d8cb7b4d30 Thread exited: 0x000001d8cb7b4d30
Event: 18.197 loading class java/util/Collections$UnmodifiableSortedSet
Event: 18.197 loading class java/util/Collections$UnmodifiableSortedSet done
Event: 18.246 loading class java/util/regex/Pattern$Caret
Event: 18.246 loading class java/util/regex/Pattern$Caret done
Event: 18.374 Thread 0x000001d8cb7b4d30 Thread added: 0x000001d8cb7b4d30
Event: 18.482 Thread 0x000001d8cb7b4d30 Thread exited: 0x000001d8cb7b4d30
Event: 18.621 loading class java/util/stream/ReduceOps$4
Event: 18.621 loading class java/util/stream/ReduceOps$4 done
Event: 18.622 loading class java/util/stream/ReduceOps$4ReducingSink
Event: 18.622 loading class java/util/stream/ReduceOps$4ReducingSink done
Event: 18.624 loading class java/nio/file/Files$2
Event: 18.624 loading class java/nio/file/Files$2 done


Dynamic libraries:
0x00007ff7cdaa0000 - 0x00007ff7cdaae000 	c:\Users\LENOVO\.antigravity\extensions\redhat.java-1.12.0-win32-x64\jre\17.0.4.1-win32-x86_64\bin\java.exe
0x00007ff9fe240000 - 0x00007ff9fe4a8000 	C:\WINDOWS\SYSTEM32\ntdll.dll
0x00007ff9fc710000 - 0x00007ff9fc7d9000 	C:\WINDOWS\System32\KERNEL32.DLL
0x00007ff9fabe0000 - 0x00007ff9fafd1000 	C:\WINDOWS\System32\KERNELBASE.dll
0x00007ff982a10000 - 0x00007ff982a28000 	c:\Users\LENOVO\.antigravity\extensions\redhat.java-1.12.0-win32-x64\jre\17.0.4.1-win32-x86_64\bin\jli.dll
0x00007ff9fb2c0000 - 0x00007ff9fb40b000 	C:\WINDOWS\System32\ucrtbase.dll
0x00007ff9fca90000 - 0x00007ff9fcc56000 	C:\WINDOWS\System32\USER32.dll
0x00007ff9829f0000 - 0x00007ff982a09000 	c:\Users\LENOVO\.antigravity\extensions\redhat.java-1.12.0-win32-x64\jre\17.0.4.1-win32-x86_64\bin\VCRUNTIME140.dll
0x00007ff9fb200000 - 0x00007ff9fb227000 	C:\WINDOWS\System32\win32u.dll
0x00007ff9dc1c0000 - 0x00007ff9dc453000 	C:\WINDOWS\WinSxS\amd64_microsoft.windows.common-controls_6595b64144ccf1df_6.0.26100.7824_none_3e0870b2e3345462\COMCTL32.dll
0x00007ff9fc950000 - 0x00007ff9fc97b000 	C:\WINDOWS\System32\GDI32.dll
0x00007ff9fc7e0000 - 0x00007ff9fc889000 	C:\WINDOWS\System32\msvcrt.dll
0x00007ff9fbeb0000 - 0x00007ff9fbfdb000 	C:\WINDOWS\System32\gdi32full.dll
0x00007ff9fbe00000 - 0x00007ff9fbea3000 	C:\WINDOWS\System32\msvcp_win.dll
0x00007ff9fe140000 - 0x00007ff9fe171000 	C:\WINDOWS\System32\IMM32.DLL
0x00007ff983d00000 - 0x00007ff983d0c000 	c:\Users\LENOVO\.antigravity\extensions\redhat.java-1.12.0-win32-x64\jre\17.0.4.1-win32-x86_64\bin\vcruntime140_1.dll
0x00007ff982950000 - 0x00007ff9829e1000 	c:\Users\LENOVO\.antigravity\extensions\redhat.java-1.12.0-win32-x64\jre\17.0.4.1-win32-x86_64\bin\msvcp140.dll
0x00007ff96c440000 - 0x00007ff96d086000 	c:\Users\LENOVO\.antigravity\extensions\redhat.java-1.12.0-win32-x64\jre\17.0.4.1-win32-x86_64\bin\server\jvm.dll
0x00007ff9fe080000 - 0x00007ff9fe134000 	C:\WINDOWS\System32\ADVAPI32.dll
0x00007ff9fd110000 - 0x00007ff9fd1b6000 	C:\WINDOWS\System32\sechost.dll
0x00007ff9fc5f0000 - 0x00007ff9fc708000 	C:\WINDOWS\System32\RPCRT4.dll
0x00007ff9fc1c0000 - 0x00007ff9fc1c8000 	C:\WINDOWS\System32\PSAPI.DLL
0x00007ff9d2380000 - 0x00007ff9d238a000 	C:\WINDOWS\SYSTEM32\WSOCK32.dll
0x00007ff9fd250000 - 0x00007ff9fd2c4000 	C:\WINDOWS\System32\WS2_32.dll
0x00007ff9f24f0000 - 0x00007ff9f2525000 	C:\WINDOWS\SYSTEM32\WINMM.dll
0x00007ff9ecd90000 - 0x00007ff9ecd9b000 	C:\WINDOWS\SYSTEM32\VERSION.dll
0x00007ff9f98c0000 - 0x00007ff9f98db000 	C:\WINDOWS\SYSTEM32\kernel.appcore.dll
0x00007ff982940000 - 0x00007ff98294a000 	c:\Users\LENOVO\.antigravity\extensions\redhat.java-1.12.0-win32-x64\jre\17.0.4.1-win32-x86_64\bin\jimage.dll
0x00007ff9f80a0000 - 0x00007ff9f82e2000 	C:\WINDOWS\SYSTEM32\DBGHELP.DLL
0x00007ff9fdcf0000 - 0x00007ff9fe076000 	C:\WINDOWS\System32\combase.dll
0x00007ff9fc9b0000 - 0x00007ff9fca87000 	C:\WINDOWS\System32\OLEAUT32.dll
0x00007ff9d8c10000 - 0x00007ff9d8c4b000 	C:\WINDOWS\SYSTEM32\dbgcore.DLL
0x00007ff9fafe0000 - 0x00007ff9fb085000 	C:\WINDOWS\System32\bcryptPrimitives.dll
0x00007ff982810000 - 0x00007ff98281e000 	c:\Users\LENOVO\.antigravity\extensions\redhat.java-1.12.0-win32-x64\jre\17.0.4.1-win32-x86_64\bin\instrument.dll
0x00007ff9827b0000 - 0x00007ff9827d5000 	c:\Users\LENOVO\.antigravity\extensions\redhat.java-1.12.0-win32-x64\jre\17.0.4.1-win32-x86_64\bin\java.dll
0x00007ff982920000 - 0x00007ff982938000 	c:\Users\LENOVO\.antigravity\extensions\redhat.java-1.12.0-win32-x64\jre\17.0.4.1-win32-x86_64\bin\zip.dll
0x00007ff9fd590000 - 0x00007ff9fdce2000 	C:\WINDOWS\System32\SHELL32.dll
0x00007ff9fb090000 - 0x00007ff9fb1fa000 	C:\WINDOWS\System32\wintypes.dll
0x00007ff9fb590000 - 0x00007ff9fbdf3000 	C:\WINDOWS\System32\windows.storage.dll
0x00007ff9fc240000 - 0x00007ff9fc336000 	C:\WINDOWS\System32\SHCORE.dll
0x00007ff9fc890000 - 0x00007ff9fc8f7000 	C:\WINDOWS\System32\shlwapi.dll
0x00007ff9faa40000 - 0x00007ff9faa69000 	C:\WINDOWS\SYSTEM32\profapi.dll
0x00007ff982900000 - 0x00007ff982919000 	C:\Users\LENOVO\.antigravity\extensions\redhat.java-1.12.0-win32-x64\jre\17.0.4.1-win32-x86_64\bin\net.dll
0x00007ff9ec7e0000 - 0x00007ff9ec907000 	C:\WINDOWS\SYSTEM32\WINHTTP.dll
0x00007ff9f9e30000 - 0x00007ff9f9e9b000 	C:\WINDOWS\system32\mswsock.dll
0x00007ff9828e0000 - 0x00007ff9828f5000 	C:\Users\LENOVO\.antigravity\extensions\redhat.java-1.12.0-win32-x64\jre\17.0.4.1-win32-x86_64\bin\nio.dll
0x00007ff982830000 - 0x00007ff982840000 	c:\Users\LENOVO\.antigravity\extensions\redhat.java-1.12.0-win32-x64\jre\17.0.4.1-win32-x86_64\bin\verify.dll
0x00007ff96c2d0000 - 0x00007ff96c30e000 	C:\Users\LENOVO\AppData\Roaming\Antigravity\User\globalStorage\redhat.java\1.12.0\config_win\org.eclipse.equinox.launcher\org.eclipse.equinox.launcher.win32.win32.x86_64_1.2.600.v20220720-1916\eclipse_11700.dll
0x00007ff9fd2d0000 - 0x00007ff9fd467000 	C:\WINDOWS\System32\ole32.dll
0x00007ff9fa100000 - 0x00007ff9fa11b000 	C:\WINDOWS\SYSTEM32\CRYPTSP.dll
0x00007ff9f9820000 - 0x00007ff9f9859000 	C:\WINDOWS\system32\rsaenh.dll
0x00007ff9f9ee0000 - 0x00007ff9f9f0b000 	C:\WINDOWS\SYSTEM32\USERENV.dll
0x00007ff9faa10000 - 0x00007ff9faa3a000 	C:\WINDOWS\SYSTEM32\bcrypt.dll
0x00007ff9fa120000 - 0x00007ff9fa12c000 	C:\WINDOWS\SYSTEM32\CRYPTBASE.dll
0x00007ff9f9350000 - 0x00007ff9f9384000 	C:\WINDOWS\SYSTEM32\IPHLPAPI.DLL
0x00007ff9fc1d0000 - 0x00007ff9fc1da000 	C:\WINDOWS\System32\NSI.dll
0x00007ff9f1d60000 - 0x00007ff9f1d7e000 	C:\WINDOWS\SYSTEM32\dhcpcsvc6.DLL
0x00007ff9edd20000 - 0x00007ff9edd43000 	C:\WINDOWS\SYSTEM32\dhcpcsvc.DLL
0x00007ff9f9430000 - 0x00007ff9f955c000 	C:\WINDOWS\SYSTEM32\DNSAPI.dll
0x00007ff9d6230000 - 0x00007ff9d6270000 	C:\Users\LENOVO\AppData\Local\Temp\jna--2053026509\jna4397886677090405747.dll

dbghelp: loaded successfully - version: 4.0.5 - missing functions: none
symbol engine: initialized successfully - sym options: 0x614 - pdb path: .;c:\Users\LENOVO\.antigravity\extensions\redhat.java-1.12.0-win32-x64\jre\17.0.4.1-win32-x86_64\bin;C:\WINDOWS\SYSTEM32;C:\WINDOWS\WinSxS\amd64_microsoft.windows.common-controls_6595b64144ccf1df_6.0.26100.7824_none_3e0870b2e3345462;c:\Users\LENOVO\.antigravity\extensions\redhat.java-1.12.0-win32-x64\jre\17.0.4.1-win32-x86_64\bin\server;C:\Users\LENOVO\AppData\Roaming\Antigravity\User\globalStorage\redhat.java\1.12.0\config_win\org.eclipse.equinox.launcher\org.eclipse.equinox.launcher.win32.win32.x86_64_1.2.600.v20220720-1916;C:\Users\LENOVO\AppData\Local\Temp\jna--2053026509

VM Arguments:
jvm_args: --add-modules=ALL-SYSTEM --add-opens=java.base/java.util=ALL-UNNAMED --add-opens=java.base/java.lang=ALL-UNNAMED --add-opens=java.base/sun.nio.fs=ALL-UNNAMED -Declipse.application=org.eclipse.jdt.ls.core.id1 -Dosgi.bundles.defaultStartLevel=4 -Declipse.product=org.eclipse.jdt.ls.core.product -Djava.import.generatesMetadataFilesAtProjectRoot=false -Dfile.encoding=utf8 -XX:+UseParallelGC -XX:GCTimeRatio=4 -XX:AdaptiveSizePolicyWeight=90 -Dsun.zip.disableMemoryMapping=true -Xmx1G -Xms100m -Xlog:disable -javaagent:c:\Users\LENOVO\.antigravity\extensions\redhat.java-1.12.0-win32-x64\lombok\lombok-1.18.24.jar -XX:+HeapDumpOnOutOfMemoryError -XX:HeapDumpPath=c:\Users\LENOVO\AppData\Roaming\Antigravity\User\workspaceStorage\a8d5ca9e003d8389da026bbce01f11fa\redhat.java 
java_command: c:\Users\LENOVO\.antigravity\extensions\redhat.java-1.12.0-win32-x64\server\plugins\org.eclipse.equinox.launcher_1.6.400.v20210924-0641.jar -configuration c:\Users\LENOVO\AppData\Roaming\Antigravity\User\globalStorage\redhat.java\1.12.0\config_win -data c:\Users\LENOVO\AppData\Roaming\Antigravity\User\workspaceStorage\a8d5ca9e003d8389da026bbce01f11fa\redhat.java\jdt_ws
java_class_path (initial): c:\Users\LENOVO\.antigravity\extensions\redhat.java-1.12.0-win32-x64\server\plugins\org.eclipse.equinox.launcher_1.6.400.v20210924-0641.jar
Launcher Type: SUN_STANDARD

[Global flags]
    uintx AdaptiveSizePolicyWeight                 = 90                                        {product} {command line}
     intx CICompilerCount                          = 4                                         {product} {ergonomic}
    uintx GCTimeRatio                              = 4                                         {product} {command line}
     bool HeapDumpOnOutOfMemoryError               = true                                   {manageable} {command line}
    ccstr HeapDumpPath                             = c:\Users\LENOVO\AppData\Roaming\Antigravity\User\workspaceStorage\a8d5ca9e003d8389da026bbce01f11fa\redhat.java         {manageable} {command line}
   size_t InitialHeapSize                          = 104857600                                 {product} {command line}
   size_t MaxHeapSize                              = 1073741824                                {product} {command line}
   size_t MaxNewSize                               = 357564416                                 {product} {ergonomic}
   size_t MinHeapDeltaBytes                        = 524288                                    {product} {ergonomic}
   size_t MinHeapSize                              = 104857600                                 {product} {command line}
   size_t NewSize                                  = 34603008                                  {product} {ergonomic}
    uintx NonNMethodCodeHeapSize                   = 5839372                                {pd product} {ergonomic}
    uintx NonProfiledCodeHeapSize                  = 122909434                              {pd product} {ergonomic}
   size_t OldSize                                  = 70254592                                  {product} {ergonomic}
    uintx ProfiledCodeHeapSize                     = 122909434                              {pd product} {ergonomic}
    uintx ReservedCodeCacheSize                    = 251658240                              {pd product} {ergonomic}
     bool SegmentedCodeCache                       = true                                      {product} {ergonomic}
   size_t SoftMaxHeapSize                          = 1073741824                             {manageable} {ergonomic}
     bool UseCompressedClassPointers               = true                           {product lp64_product} {ergonomic}
     bool UseCompressedOops                        = true                           {product lp64_product} {ergonomic}
     bool UseLargePagesIndividualAllocation        = false                                  {pd product} {ergonomic}
     bool UseParallelGC                            = true                                      {product} {command line}

Logging:
Log output configuration:
 #0: stdout all=off uptime,level,tags
 #1: stderr all=off uptime,level,tags

Environment Variables:
JAVA_HOME=C:\Program Files\Java\jdk-20
PATH=C:\Program Files\MongoDB\Server\8.2\bin;C:\Program Files\Eclipse Adoptium\jdk-17.0.17.10-hotspot\bin;C:\oraclexe\app\oracle\product\11.2.0\server\bin;C:\xampp\php;C:\Program Files\MySQL\MySQL Server 8.0\bin;C:\Python 3.12\Python 3.12.exe;C:\Users\LENOVO\AppData\Local\Programs\Python\Python312\python.exe;C:\Users\LENOVO\Downloads\flutter_windows_3.16.0-stable\flutter\bin;C:\ProgramData\Oracle\Java\javapath;C:\Program Files\Java\jdk-21.0.1\bin;C:\Program Files\Common Files\Oracle\Java\javapath;C:\Program Files\Java\jdk-20\bin;C:\Users\LENOVO\Downloads\sqldeveloper-23.1.0.097.1607-x64\sqldeveloper\sqldeveloper\bin;C:\Users\LENOVO\Downloads\msys2-x86_64-20230318.exe;C:\WINDOWS\system32;C:\WINDOWS;C:\WINDOWS\System32\Wbem;C:\WINDOWS\System32\WindowsPowerShell\v1.0\;C:\WINDOWS\System32\OpenSSH\;C:\Program Files\Git\cmd;C:\Program Files\Git\bin;C:\Program Files\dotnet\;C:\Users\LENOVO\AppData\Local\Android\Sdk\platform-tools;C:\Users\LENOVO\AppData\Local\Android\Sdk\emulator;C:\Users\LENOVO\Downloads\php-8.3.11-nts-Win32-vs16-x64;C:\ProgramData\ComposerSetup\bin;C:\Program Files\nodejs\;C:\Program Files\Microsoft SQL Server\150\Tools\Binn\;C:\Program Files\Docker\Docker\resources\bin;C:\Program Files\Vagrant\bin;C:\Users\LENOVO\scoop\shims;C:\Program Files\MySQL\MySQL Shell 8.0\bin\;C:\Users\LENOVO\AppData\Local\Programs\Python\Launcher\;C:\Python27\python.exe;C:\Users\LENOVO\AppData\Local\Programs\Python\Python311;C:\Users\LENOVO\AppData\Local\Programs\Python\Python311\Scripts\;C:\Python27;C:\Users\LENOVO\AppData\Local\Microsoft\WindowsApps;C:\Program Files\JetBrains\PyCharm Community Edition 2023.1\bin;;C:\Users\LENOVO\AppData\Local\GitHubDesktop\bin;C:\Users\LENOVO\.dotnet\tools;C:\Program Files (x86)\Nmap;C:\Users\LENOVO\AppData\Local\Programs\MiKTeX\miktex\bin\x64\;C:\Users\LENOVO\AppData\Roaming\Composer\vendor\bin;C:\xampp\php;C:\Program Files\JetBrains\IntelliJ IDEA 2024.2.1\bin;;C:\Flex Windows\gcc\bin;C:\Flex Windows\Lex\bin;C:\Flex Windows\bison\bin;C:\Users\L
USERNAME=LENOVO
OS=Windows_NT
PROCESSOR_IDENTIFIER=Intel64 Family 6 Model 140 Stepping 2, GenuineIntel
TMP=C:\Users\LENOVO\AppData\Local\Temp
TEMP=C:\Users\LENOVO\AppData\Local\Temp



---------------  S Y S T E M  ---------------

OS:
 Windows 11 , 64 bit Build 26100 (10.0.26100.7705)
OS uptime: 0 days 0:58 hours
Hyper-V role detected

CPU: total 8 (initial active 8) (4 cores per cpu, 2 threads per core) family 6 model 140 stepping 2 microcode 0x26, cx8, cmov, fxsr, ht, mmx, 3dnowpref, sse, sse2, sse3, ssse3, sse4.1, sse4.2, popcnt, lzcnt, tsc, tscinvbit, avx, avx2, aes, erms, clmul, bmi1, bmi2, adx, avx512f, avx512dq, avx512cd, avx512bw, avx512vl, sha, fma, vzeroupper, avx512_vpopcntdq, avx512_vpclmulqdq, avx512_vaes, avx512_vnni, clflush, clflushopt, clwb, avx512_vbmi2, avx512_vbmi, hv

Memory: 4k page, system-wide physical 16167M (786M free)
TotalPageFile size 21167M (AvailPageFile size 8M)
current process WorkingSet (physical memory assigned to process): 221M, peak: 221M
current process commit charge ("private bytes"): 287M, peak: 291M

vm_info: OpenJDK 64-Bit Server VM (17.0.4.1+1) for windows-amd64 JRE (17.0.4.1+1), built on Aug 17 2022 07:42:43 by "temurin" with MS VC++ 16.7 (VS2019)

END.
