#
# There is insufficient memory for the Java Runtime Environment to continue.
# Native memory allocation (malloc) failed to allocate 1048576 bytes for AllocateHeap
# Possible reasons:
#   The system is out of physical RAM or swap space
#   The process is running with CompressedOops enabled, and the Java Heap may be blocking the growth of the native heap
# Possible solutions:
#   Reduce memory load on the system
#   Increase physical memory or swap space
#   Check if swap backing store is full
#   Decrease Java heap size (-Xmx/-Xms)
#   Decrease number of Java threads
#   Decrease Java thread stack sizes (-Xss)
#   Set larger code cache with -XX:ReservedCodeCacheSize=
#   JVM is running with Zero Based Compressed Oops mode in which the Java heap is
#     placed in the first 32GB address space. The Java Heap base address is the
#     maximum limit for the native heap growth. Please use -XX:HeapBaseMinAddress
#     to set the Java Heap base and to place the Java Heap above 32GB virtual address.
# This output file may be truncated or incomplete.
#
#  Out of Memory Error (allocation.cpp:44), pid=17460, tid=15592
#
# JRE version: Java(TM) SE Runtime Environment (20.0.2+9) (build 20.0.2+9-78)
# Java VM: Java HotSpot(TM) 64-Bit Server VM (20.0.2+9-78, mixed mode, emulated-client, sharing, tiered, compressed oops, compressed class ptrs, g1 gc, windows-amd64)
# No core dump will be written. Minidumps are not enabled by default on client versions of Windows
#

---------------  S U M M A R Y ------------

Command Line: -XX:TieredStopAtLevel=1 com.neuroguard.userservice.UserServiceApplication

Host: 11th Gen Intel(R) Core(TM) i5-11320H @ 3.20GHz, 8 cores, 15G,  Windows 11 , 64 bit Build 26100 (10.0.26100.8115)
Time: Sun Apr 12 21:43:18 2026 Paris, Madrid elapsed time: 23223.532153 seconds (0d 6h 27m 3s)

---------------  T H R E A D  ---------------

Current thread (0x000001a62a05d330):  VMThread "VM Thread" [stack: 0x0000008c87400000,0x0000008c87500000] [id=15592]

Stack: [0x0000008c87400000,0x0000008c87500000]
Native frames: (J=compiled Java code, j=interpreted, Vv=VM code, C=native code)
V  [jvm.dll+0x6bc25a]
V  [jvm.dll+0x84971a]
V  [jvm.dll+0x84b315]
V  [jvm.dll+0x84ba13]
V  [jvm.dll+0x280e4f]
V  [jvm.dll+0xbce65]
V  [jvm.dll+0x34976f]
V  [jvm.dll+0x34473e]
V  [jvm.dll+0x32b2f2]
V  [jvm.dll+0x371c47]
V  [jvm.dll+0x85135e]
V  [jvm.dll+0x852471]
V  [jvm.dll+0x852979]
V  [jvm.dll+0x852bf3]
V  [jvm.dll+0x7f5c76]
V  [jvm.dll+0x6baecb]
C  [ucrtbase.dll+0x37b0]
C  [KERNEL32.DLL+0x2e8d7]
C  [ntdll.dll+0x8c3fc]

VM_Operation (0x0000008c86dff300): G1CollectFull, mode: safepoint, requested by thread 0x000001a6718e2090


---------------  P R O C E S S  ---------------

Threads class SMR info:
_java_thread_list=0x000001a6722c4e10, length=16, elements={
0x000001a62a07f2a0, 0x000001a62a07fcd0, 0x000001a62a0858f0, 0x000001a62a08a7a0,
0x000001a62a08bd30, 0x000001a62a08d460, 0x000001a62a08e910, 0x000001a66f52e9e0,
0x000001a66f53c750, 0x000001a6718e3080, 0x000001a6718e25e0, 0x000001a6718e4b10,
0x000001a672c0c470, 0x000001a6718e2090, 0x000001a66f42a8d0, 0x000001a66f42ca30
}

Java Threads: ( => current thread )
  0x000001a62a07f2a0 JavaThread "Reference Handler" daemon [_thread_blocked, id=20744, stack(0x0000008c87500000,0x0000008c87600000)]
  0x000001a62a07fcd0 JavaThread "Finalizer" daemon [_thread_blocked, id=20188, stack(0x0000008c87600000,0x0000008c87700000)]
  0x000001a62a0858f0 JavaThread "Signal Dispatcher" daemon [_thread_blocked, id=19080, stack(0x0000008c87700000,0x0000008c87800000)]
  0x000001a62a08a7a0 JavaThread "Attach Listener" daemon [_thread_blocked, id=14164, stack(0x0000008c87800000,0x0000008c87900000)]
  0x000001a62a08bd30 JavaThread "Service Thread" daemon [_thread_blocked, id=18636, stack(0x0000008c87900000,0x0000008c87a00000)]
  0x000001a62a08d460 JavaThread "Monitor Deflation Thread" daemon [_thread_blocked, id=18272, stack(0x0000008c87a00000,0x0000008c87b00000)]
  0x000001a62a08e910 JavaThread "C1 CompilerThread0" daemon [_thread_blocked, id=18700, stack(0x0000008c87b00000,0x0000008c87c00000)]
  0x000001a66f52e9e0 JavaThread "Notification Thread" daemon [_thread_blocked, id=4444, stack(0x0000008c87d00000,0x0000008c87e00000)]
  0x000001a66f53c750 JavaThread "Common-Cleaner" daemon [_thread_blocked, id=16836, stack(0x0000008c87f00000,0x0000008c88000000)]
  0x000001a6718e3080 JavaThread "mysql-cj-abandoned-connection-cleanup" daemon [_thread_blocked, id=24584, stack(0x0000008c88f00000,0x0000008c89000000)]
  0x000001a6718e25e0 JavaThread "Live Reload Server" daemon [_thread_in_native, id=7352, stack(0x0000008c89600000,0x0000008c89700000)]
  0x000001a6718e4b10 JavaThread "spectator-gauge-polling-0" daemon [_thread_blocked, id=13220, stack(0x0000008c89500000,0x0000008c89600000)]
  0x000001a672c0c470 JavaThread "DestroyJavaVM" [_thread_blocked, id=5604, stack(0x0000008c86e00000,0x0000008c86f00000)]
  0x000001a6718e2090 JavaThread "Thread-39" [_thread_blocked, id=25392, stack(0x0000008c86d00000,0x0000008c86e00000)]
  0x000001a66f42a8d0 JavaThread "C1 CompilerThread1" daemon [_thread_blocked, id=2168, stack(0x0000008c87c00000,0x0000008c87d00000)]
  0x000001a66f42ca30 JavaThread "C1 CompilerThread2" daemon [_thread_blocked, id=17768, stack(0x0000008c88100000,0x0000008c88200000)]

Other Threads:
=>0x000001a62a05d330 VMThread "VM Thread" [stack: 0x0000008c87400000,0x0000008c87500000] [id=15592]
  0x000001a66f531ec0 WatcherThread "VM Periodic Task Thread" [stack: 0x0000008c87e00000,0x0000008c87f00000] [id=8008]
  0x000001a614f50d20 WorkerThread "GC Thread#0" [stack: 0x0000008c86f00000,0x0000008c87000000] [id=19060]
  0x000001a66fb7bc80 WorkerThread "GC Thread#1" [stack: 0x0000008c88200000,0x0000008c88300000] [id=21696]
  0x000001a66fb7bf50 WorkerThread "GC Thread#2" [stack: 0x0000008c88300000,0x0000008c88400000] [id=2836]
  0x000001a66fb99ee0 WorkerThread "GC Thread#3" [stack: 0x0000008c88400000,0x0000008c88500000] [id=17452]
  0x000001a66fc1fba0 WorkerThread "GC Thread#4" [stack: 0x0000008c88500000,0x0000008c88600000] [id=22912]
  0x000001a66fc1c340 WorkerThread "GC Thread#5" [stack: 0x0000008c88600000,0x0000008c88700000] [id=12784]
  0x000001a66fc1bda0 WorkerThread "GC Thread#6" [stack: 0x0000008c88900000,0x0000008c88a00000] [id=21876]
  0x000001a66fc1d9c0 WorkerThread "GC Thread#7" [stack: 0x0000008c88a00000,0x0000008c88b00000] [id=16748]
  0x000001a614f618c0 ConcurrentGCThread "G1 Main Marker" [stack: 0x0000008c87000000,0x0000008c87100000] [id=16824]
  0x000001a614f63160 WorkerThread "G1 Conc#0" [stack: 0x0000008c87100000,0x0000008c87200000] [id=11776]
  0x000001a66fc1d6f0 WorkerThread "G1 Conc#1" [stack: 0x0000008c88d00000,0x0000008c88e00000] [id=12336]
  0x000001a629f1c700 ConcurrentGCThread "G1 Refine#0" [stack: 0x0000008c87200000,0x0000008c87300000] [id=6544]
  0x000001a629f1df50 ConcurrentGCThread "G1 Service" [stack: 0x0000008c87300000,0x0000008c87400000] [id=12100]

Threads with active compile tasks:

VM state: at safepoint (normal execution)

VM Mutex/Monitor currently owned by a thread:  ([mutex/lock_event])
[0x000001a614ed4910] Threads_lock - owner thread: 0x000001a62a05d330
[0x000001a614ed6260] Heap_lock - owner thread: 0x000001a6718e2090

Heap address: 0x0000000703600000, size: 4042 MB, Compressed Oops mode: Zero based, Oop shift amount: 3

CDS archive(s) mapped at: [0x000001a62a400000-0x000001a62b060000-0x000001a62b060000), size 12976128, SharedBaseAddress: 0x000001a62a400000, ArchiveRelocationMode: 1.
Compressed class space mapped at: 0x000001a62b400000-0x000001a66b400000, reserved size: 1073741824
Narrow klass base: 0x000001a62a400000, Narrow klass shift: 0, Narrow klass range: 0x100000000

GC Precious Log:
 CardTable entry size: 512
 Card Set container configuration: InlinePtr #cards 4 size 8 Array Of Cards #cards 16 size 48 Howl #buckets 8 coarsen threshold 3686 Howl Bitmap #cards 512 size 80 coarsen threshold 460 Card regions per heap region 1 cards per card region 4096
 CPUs: 8 total, 8 available
 Memory: 16167M
 Large Page Support: Disabled
 NUMA Support: Disabled
 Compressed Oops: Enabled (Zero based)
 Heap Region Size: 2M
 Heap Min Capacity: 8M
 Heap Initial Capacity: 254M
 Heap Max Capacity: 4042M
 Pre-touch: Disabled
 Parallel Workers: 8
 Concurrent Workers: 2
 Concurrent Refinement Workers: 8
 Periodic GC: Disabled

Heap:
 garbage-first heap   total 159744K, used 116108K [0x0000000703600000, 0x0000000800000000)
  region size 2048K, 38 young (77824K), 3 survivors (6144K)
 Metaspace       used 89072K, committed 89984K, reserved 1179648K
  class space    used 12745K, committed 13120K, reserved 1048576K

Heap Regions: E=young(eden), S=young(survivor), O=old, HS=humongous(starts), HC=humongous(continues), CS=collection set, F=free, OA=open archive, CA=closed archive, TAMS=top-at-mark-start, PB=parsable bottom
|   0|0x0000000703600000, 0x0000000703800000, 0x0000000703800000|100%| O|  |TAMS 0x0000000703600000| PB 0x0000000703600000| Untracked 
|   1|0x0000000703800000, 0x0000000703a00000, 0x0000000703a00000|100%| O|  |TAMS 0x0000000703800000| PB 0x0000000703800000| Untracked 
|   2|0x0000000703a00000, 0x0000000703bfffc8, 0x0000000703c00000| 99%| O|  |TAMS 0x0000000703a00000| PB 0x0000000703a00000| Untracked 
|   3|0x0000000703c00000, 0x0000000703e00000, 0x0000000703e00000|100%| O|  |TAMS 0x0000000703c00000| PB 0x0000000703c00000| Untracked 
|   4|0x0000000703e00000, 0x0000000703fffff0, 0x0000000704000000| 99%| O|  |TAMS 0x0000000703e00000| PB 0x0000000703e00000| Untracked 
|   5|0x0000000704000000, 0x00000007041fffe8, 0x0000000704200000| 99%| O|  |TAMS 0x0000000704000000| PB 0x0000000704000000| Untracked 
|   6|0x0000000704200000, 0x00000007043fffd0, 0x0000000704400000| 99%| O|  |TAMS 0x0000000704200000| PB 0x0000000704200000| Untracked 
|   7|0x0000000704400000, 0x0000000704600000, 0x0000000704600000|100%| O|  |TAMS 0x0000000704400000| PB 0x0000000704400000| Untracked 
|   8|0x0000000704600000, 0x00000007047fffe8, 0x0000000704800000| 99%| O|  |TAMS 0x0000000704600000| PB 0x0000000704600000| Untracked 
|   9|0x0000000704800000, 0x0000000704a00000, 0x0000000704a00000|100%| O|  |TAMS 0x0000000704800000| PB 0x0000000704800000| Untracked 
|  10|0x0000000704a00000, 0x0000000704bf6a60, 0x0000000704c00000| 98%| O|  |TAMS 0x0000000704a00000| PB 0x0000000704a00000| Untracked 
|  11|0x0000000704c00000, 0x0000000704dfffe8, 0x0000000704e00000| 99%| O|  |TAMS 0x0000000704c00000| PB 0x0000000704c00000| Untracked 
|  12|0x0000000704e00000, 0x0000000704fffff8, 0x0000000705000000| 99%| O|  |TAMS 0x0000000704e00000| PB 0x0000000704e00000| Untracked 
|  13|0x0000000705000000, 0x0000000705200000, 0x0000000705200000|100%| O|  |TAMS 0x0000000705000000| PB 0x0000000705000000| Untracked 
|  14|0x0000000705200000, 0x0000000705400000, 0x0000000705400000|100%| O|  |TAMS 0x0000000705200000| PB 0x0000000705200000| Untracked 
|  15|0x0000000705400000, 0x00000007055fffe8, 0x0000000705600000| 99%| O|  |TAMS 0x0000000705400000| PB 0x0000000705400000| Untracked 
|  16|0x0000000705600000, 0x00000007057ffff8, 0x0000000705800000| 99%| O|  |TAMS 0x0000000705600000| PB 0x0000000705600000| Untracked 
|  17|0x0000000705800000, 0x0000000705800000, 0x0000000705a00000|  0%| F|  |TAMS 0x0000000705800000| PB 0x0000000705800000| Untracked 
|  18|0x0000000705a00000, 0x0000000705a00000, 0x0000000705c00000|  0%| F|  |TAMS 0x0000000705a00000| PB 0x0000000705a00000| Untracked 
|  19|0x0000000705c00000, 0x0000000705dffa28, 0x0000000705e00000| 99%| O|  |TAMS 0x0000000705c00000| PB 0x0000000705c00000| Untracked 
|  20|0x0000000705e00000, 0x0000000705e00000, 0x0000000706000000|  0%| F|  |TAMS 0x0000000705e00000| PB 0x0000000705e00000| Untracked 
|  21|0x0000000706000000, 0x0000000706000000, 0x0000000706200000|  0%| F|  |TAMS 0x0000000706000000| PB 0x0000000706000000| Untracked 
|  22|0x0000000706200000, 0x0000000706200000, 0x0000000706400000|  0%| F|  |TAMS 0x0000000706200000| PB 0x0000000706200000| Untracked 
|  23|0x0000000706400000, 0x0000000706600000, 0x0000000706600000|100%| O|  |TAMS 0x0000000706400000| PB 0x0000000706400000| Untracked 
|  24|0x0000000706600000, 0x0000000706600000, 0x0000000706800000|  0%| F|  |TAMS 0x0000000706600000| PB 0x0000000706600000| Untracked 
|  25|0x0000000706800000, 0x0000000706a00000, 0x0000000706a00000|100%| O|  |TAMS 0x0000000706800000| PB 0x0000000706800000| Untracked 
|  26|0x0000000706a00000, 0x0000000706a9f600, 0x0000000706c00000| 31%| O|  |TAMS 0x0000000706a00000| PB 0x0000000706a00000| Untracked 
|  27|0x0000000706c00000, 0x0000000706c00000, 0x0000000706e00000|  0%| F|  |TAMS 0x0000000706c00000| PB 0x0000000706c00000| Untracked 
|  28|0x0000000706e00000, 0x0000000706e00000, 0x0000000707000000|  0%| F|  |TAMS 0x0000000706e00000| PB 0x0000000706e00000| Untracked 
|  29|0x0000000707000000, 0x00000007070cd940, 0x0000000707200000| 40%| S|CS|TAMS 0x0000000707000000| PB 0x0000000707000000| Complete 
|  30|0x0000000707200000, 0x0000000707400000, 0x0000000707400000|100%| S|CS|TAMS 0x0000000707200000| PB 0x0000000707200000| Complete 
|  31|0x0000000707400000, 0x0000000707600000, 0x0000000707600000|100%| S|CS|TAMS 0x0000000707400000| PB 0x0000000707400000| Complete 
|  32|0x0000000707600000, 0x0000000707600000, 0x0000000707800000|  0%| F|  |TAMS 0x0000000707600000| PB 0x0000000707600000| Untracked 
|  33|0x0000000707800000, 0x0000000707800000, 0x0000000707a00000|  0%| F|  |TAMS 0x0000000707800000| PB 0x0000000707800000| Untracked 
|  34|0x0000000707a00000, 0x0000000707a00000, 0x0000000707c00000|  0%| F|  |TAMS 0x0000000707a00000| PB 0x0000000707a00000| Untracked 
|  35|0x0000000707c00000, 0x0000000707c00000, 0x0000000707e00000|  0%| F|  |TAMS 0x0000000707c00000| PB 0x0000000707c00000| Untracked 
|  36|0x0000000707e00000, 0x0000000707e00000, 0x0000000708000000|  0%| F|  |TAMS 0x0000000707e00000| PB 0x0000000707e00000| Untracked 
|  37|0x0000000708000000, 0x0000000708000000, 0x0000000708200000|  0%| F|  |TAMS 0x0000000708000000| PB 0x0000000708000000| Untracked 
|  38|0x0000000708200000, 0x0000000708200000, 0x0000000708400000|  0%| F|  |TAMS 0x0000000708200000| PB 0x0000000708200000| Untracked 
|  39|0x0000000708400000, 0x0000000708400000, 0x0000000708600000|  0%| F|  |TAMS 0x0000000708400000| PB 0x0000000708400000| Untracked 
|  40|0x0000000708600000, 0x0000000708600000, 0x0000000708800000|  0%| F|  |TAMS 0x0000000708600000| PB 0x0000000708600000| Untracked 
|  41|0x0000000708800000, 0x0000000708800000, 0x0000000708a00000|  0%| F|  |TAMS 0x0000000708800000| PB 0x0000000708800000| Untracked 
|  42|0x0000000708a00000, 0x0000000708a00000, 0x0000000708c00000|  0%| F|  |TAMS 0x0000000708a00000| PB 0x0000000708a00000| Untracked 
|  43|0x0000000708c00000, 0x0000000708cf5de0, 0x0000000708e00000| 48%| E|  |TAMS 0x0000000708c00000| PB 0x0000000708c00000| Complete 
|  44|0x0000000708e00000, 0x0000000709000000, 0x0000000709000000|100%| E|CS|TAMS 0x0000000708e00000| PB 0x0000000708e00000| Complete 
|  45|0x0000000709000000, 0x0000000709200000, 0x0000000709200000|100%| E|CS|TAMS 0x0000000709000000| PB 0x0000000709000000| Complete 
|  46|0x0000000709200000, 0x0000000709400000, 0x0000000709400000|100%| E|CS|TAMS 0x0000000709200000| PB 0x0000000709200000| Complete 
|  47|0x0000000709400000, 0x0000000709600000, 0x0000000709600000|100%| E|CS|TAMS 0x0000000709400000| PB 0x0000000709400000| Complete 
|  48|0x0000000709600000, 0x0000000709800000, 0x0000000709800000|100%| E|CS|TAMS 0x0000000709600000| PB 0x0000000709600000| Complete 
|  49|0x0000000709800000, 0x0000000709a00000, 0x0000000709a00000|100%| E|CS|TAMS 0x0000000709800000| PB 0x0000000709800000| Complete 
|  50|0x0000000709a00000, 0x0000000709c00000, 0x0000000709c00000|100%| E|CS|TAMS 0x0000000709a00000| PB 0x0000000709a00000| Complete 
|  51|0x0000000709c00000, 0x0000000709e00000, 0x0000000709e00000|100%| E|CS|TAMS 0x0000000709c00000| PB 0x0000000709c00000| Complete 
|  52|0x0000000709e00000, 0x000000070a000000, 0x000000070a000000|100%| E|CS|TAMS 0x0000000709e00000| PB 0x0000000709e00000| Complete 
|  53|0x000000070a000000, 0x000000070a200000, 0x000000070a200000|100%| E|CS|TAMS 0x000000070a000000| PB 0x000000070a000000| Complete 
|  54|0x000000070a200000, 0x000000070a400000, 0x000000070a400000|100%| E|CS|TAMS 0x000000070a200000| PB 0x000000070a200000| Complete 
|  55|0x000000070a400000, 0x000000070a600000, 0x000000070a600000|100%| E|CS|TAMS 0x000000070a400000| PB 0x000000070a400000| Complete 
|  56|0x000000070a600000, 0x000000070a800000, 0x000000070a800000|100%| E|CS|TAMS 0x000000070a600000| PB 0x000000070a600000| Complete 
|  57|0x000000070a800000, 0x000000070aa00000, 0x000000070aa00000|100%| E|CS|TAMS 0x000000070a800000| PB 0x000000070a800000| Complete 
|  58|0x000000070aa00000, 0x000000070ac00000, 0x000000070ac00000|100%| E|CS|TAMS 0x000000070aa00000| PB 0x000000070aa00000| Complete 
|  59|0x000000070ac00000, 0x000000070ae00000, 0x000000070ae00000|100%| E|CS|TAMS 0x000000070ac00000| PB 0x000000070ac00000| Complete 
|  60|0x000000070ae00000, 0x000000070b000000, 0x000000070b000000|100%| E|CS|TAMS 0x000000070ae00000| PB 0x000000070ae00000| Complete 
|  61|0x000000070b000000, 0x000000070b200000, 0x000000070b200000|100%| E|CS|TAMS 0x000000070b000000| PB 0x000000070b000000| Complete 
|  62|0x000000070b200000, 0x000000070b400000, 0x000000070b400000|100%| E|CS|TAMS 0x000000070b200000| PB 0x000000070b200000| Complete 
|  63|0x000000070b400000, 0x000000070b600000, 0x000000070b600000|100%| E|CS|TAMS 0x000000070b400000| PB 0x000000070b400000| Complete 
|  64|0x000000070b600000, 0x000000070b800000, 0x000000070b800000|100%| E|CS|TAMS 0x000000070b600000| PB 0x000000070b600000| Complete 
|  65|0x000000070b800000, 0x000000070ba00000, 0x000000070ba00000|100%| E|CS|TAMS 0x000000070b800000| PB 0x000000070b800000| Complete 
|  66|0x000000070ba00000, 0x000000070bc00000, 0x000000070bc00000|100%| E|CS|TAMS 0x000000070ba00000| PB 0x000000070ba00000| Complete 
|  67|0x000000070bc00000, 0x000000070be00000, 0x000000070be00000|100%| E|CS|TAMS 0x000000070bc00000| PB 0x000000070bc00000| Complete 
|  68|0x000000070be00000, 0x000000070c000000, 0x000000070c000000|100%| E|CS|TAMS 0x000000070be00000| PB 0x000000070be00000| Complete 
|  69|0x000000070c000000, 0x000000070c200000, 0x000000070c200000|100%| E|CS|TAMS 0x000000070c000000| PB 0x000000070c000000| Complete 
|  70|0x000000070c200000, 0x000000070c400000, 0x000000070c400000|100%| E|CS|TAMS 0x000000070c200000| PB 0x000000070c200000| Complete 
|  71|0x000000070c400000, 0x000000070c600000, 0x000000070c600000|100%| E|CS|TAMS 0x000000070c400000| PB 0x000000070c400000| Complete 
|  72|0x000000070c600000, 0x000000070c800000, 0x000000070c800000|100%| E|CS|TAMS 0x000000070c600000| PB 0x000000070c600000| Complete 
|  94|0x000000070f200000, 0x000000070f400000, 0x000000070f400000|100%| E|CS|TAMS 0x000000070f200000| PB 0x000000070f200000| Complete 
|  95|0x000000070f400000, 0x000000070f600000, 0x000000070f600000|100%| E|CS|TAMS 0x000000070f400000| PB 0x000000070f400000| Complete 
|  96|0x000000070f600000, 0x000000070f800000, 0x000000070f800000|100%| E|CS|TAMS 0x000000070f600000| PB 0x000000070f600000| Complete 
|  97|0x000000070f800000, 0x000000070fa00000, 0x000000070fa00000|100%| E|CS|TAMS 0x000000070f800000| PB 0x000000070f800000| Complete 
| 126|0x0000000713200000, 0x0000000713400000, 0x0000000713400000|100%| E|CS|TAMS 0x0000000713200000| PB 0x0000000713200000| Complete 

Card table byte_map: [0x000001a622930000,0x000001a623120000] _byte_map_base: 0x000001a61f115000

Marking Bits: (CMBitMap*) 0x000001a614f51350
 Bits: [0x000001a623910000, 0x000001a627838000)

Polling page: 0x000001a615190000

Metaspace:

Usage:
  Non-class:     74.54 MB used.
      Class:     12.45 MB used.
       Both:     86.98 MB used.

Virtual space:
  Non-class space:      128.00 MB reserved,      75.06 MB ( 59%) committed,  2 nodes.
      Class space:        1.00 GB reserved,      12.81 MB (  1%) committed,  1 nodes.
             Both:        1.12 GB reserved,      87.88 MB (  8%) committed. 

Chunk freelists:
   Non-Class:  440.00 KB
       Class:  3.22 MB
        Both:  3.65 MB

MaxMetaspaceSize: unlimited
CompressedClassSpaceSize: 1.00 GB
Initial GC threshold: 21.00 MB
Current GC threshold: 146.50 MB
CDS: on
MetaspaceReclaimPolicy: balanced
 - commit_granule_bytes: 65536.
 - commit_granule_words: 8192.
 - virtual_space_node_default_size: 8388608.
 - enlarge_chunks_in_place: 1.
 - new_chunks_are_fully_committed: 0.
 - uncommit_free_chunks: 1.
 - use_allocation_guard: 0.


Internal statistics:

num_allocs_failed_limit: 12.
num_arena_births: 2352.
num_arena_deaths: 1270.
num_vsnodes_births: 3.
num_vsnodes_deaths: 0.
num_space_committed: 1406.
num_space_uncommitted: 0.
num_chunks_returned_to_freelist: 1519.
num_chunks_taken_from_freelist: 6219.
num_chunk_merges: 282.
num_chunk_splits: 3778.
num_chunks_enlarged: 2816.
num_inconsistent_stats: 0.

CodeCache: size=49152Kb used=22288Kb max_used=22735Kb free=26863Kb
 bounds [0x000001a61e8c0000, 0x000001a61ff90000, 0x000001a6218c0000]
 total_blobs=11902 nmethods=11143 adapters=681
 compilation: disabled (not enough contiguous free space left)
              stopped_count=1, restarted_count=0
 full_count=1

Compilation events (20 events):
Event: 22488.459 Thread 0x000001a62a08e910 14989   !   1       sun.nio.ch.NioSocketImpl::beginConnect (151 bytes)
Event: 22488.459 Thread 0x000001a62a08e910 nmethod 14989 0x000001a61fc8e290 code [0x000001a61fc8e480, 0x000001a61fc8e9e0]
Event: 22488.459 Thread 0x000001a62a08e910 14990   !   1       com.mysql.cj.jdbc.DatabaseMetaData::normalizeIdentifierCase (28 bytes)
Event: 22488.460 Thread 0x000001a62a08e910 nmethod 14990 0x000001a61fda7590 code [0x000001a61fda7760, 0x000001a61fda7a88]
Event: 22619.827 Thread 0x000001a62a08e910 14991       1       java.util.ImmutableCollections$AbstractImmutableMap::<init> (5 bytes)
Event: 22619.827 Thread 0x000001a62a08e910 nmethod 14991 0x000001a61fc8de10 code [0x000001a61fc8df80, 0x000001a61fc8e048]
Event: 22664.751 Thread 0x000001a62a08e910 14992       1       com.zaxxer.hikari.util.UtilityElf$DefaultThreadFactory::newThread (23 bytes)
Event: 22664.752 Thread 0x000001a62a08e910 nmethod 14992 0x000001a61fda7010 code [0x000001a61fda71c0, 0x000001a61fda7438]
Event: 22730.083 Thread 0x000001a62a08e910 14993       1       java.net.spi.InetAddressResolver$LookupPolicy::characteristics (5 bytes)
Event: 22730.083 Thread 0x000001a62a08e910 nmethod 14993 0x000001a61fda6d10 code [0x000001a61fda6e80, 0x000001a61fda6f48]
Event: 22835.817 Thread 0x000001a62a08e910 14994       1       sun.net.util.IPAddressUtil::digit (18 bytes)
Event: 22835.817 Thread 0x000001a62a08e910 nmethod 14994 0x000001a61fda6a10 code [0x000001a61fda6ba0, 0x000001a61fda6c58]
Event: 23220.450 Thread 0x000001a62a08e910 14995       1       ch.qos.logback.core.util.CachingDateFormatter::format (67 bytes)
Event: 23220.452 Thread 0x000001a62a08e910 nmethod 14995 0x000001a61fda5c10 code [0x000001a61fda5e40, 0x000001a61fda65c0]
Event: 23220.452 Thread 0x000001a62a08e910 14996       1       ch.qos.logback.classic.pattern.LevelConverter::convert (9 bytes)
Event: 23220.452 Thread 0x000001a66f42ca30 14998       1       ch.qos.logback.classic.Level::toInteger (121 bytes)
Event: 23220.452 Thread 0x000001a66f42a8d0 14997       1       ch.qos.logback.classic.pattern.LevelConverter::convert (10 bytes)
Event: 23222.468 Thread 0x000001a66f42ca30 nmethod 14998 0x000001a61fda5610 code [0x000001a61fda57e0, 0x000001a61fda5b20]
Event: 23222.485 Thread 0x000001a62a08e910 nmethod 14996 0x000001a61fda5210 code [0x000001a61fda53a0, 0x000001a61fda5518]
Event: 23222.485 Thread 0x000001a66f42a8d0 nmethod 14997 0x000001a61fda4e90 code [0x000001a61fda5020, 0x000001a61fda5138]

GC Heap History (20 events):
Event: 2589.826 GC heap after
{Heap after GC invocations=45 (full 6):
 garbage-first heap   total 133120K, used 44055K [0x0000000703600000, 0x0000000800000000)
  region size 2048K, 0 young (0K), 0 survivors (0K)
 Metaspace       used 85224K, committed 86208K, reserved 1179648K
  class space    used 12145K, committed 12608K, reserved 1048576K
}
Event: 2590.242 GC heap before
{Heap before GC invocations=45 (full 6):
 garbage-first heap   total 133120K, used 111639K [0x0000000703600000, 0x0000000800000000)
  region size 2048K, 33 young (67584K), 0 survivors (0K)
 Metaspace       used 85322K, committed 86272K, reserved 1179648K
  class space    used 12157K, committed 12608K, reserved 1048576K
}
Event: 2590.245 GC heap after
{Heap after GC invocations=46 (full 6):
 garbage-first heap   total 159744K, used 49463K [0x0000000703600000, 0x0000000800000000)
  region size 2048K, 3 young (6144K), 3 survivors (6144K)
 Metaspace       used 85322K, committed 86272K, reserved 1179648K
  class space    used 12157K, committed 12608K, reserved 1048576K
}
Event: 2590.774 GC heap before
{Heap before GC invocations=46 (full 6):
 garbage-first heap   total 159744K, used 125239K [0x0000000703600000, 0x0000000800000000)
  region size 2048K, 41 young (83968K), 3 survivors (6144K)
 Metaspace       used 85681K, committed 86592K, reserved 1179648K
  class space    used 12181K, committed 12608K, reserved 1048576K
}
Event: 2590.777 GC heap after
{Heap after GC invocations=47 (full 6):
 garbage-first heap   total 159744K, used 53486K [0x0000000703600000, 0x0000000800000000)
  region size 2048K, 5 young (10240K), 5 survivors (10240K)
 Metaspace       used 85681K, committed 86592K, reserved 1179648K
  class space    used 12181K, committed 12608K, reserved 1048576K
}
Event: 4017.796 GC heap before
{Heap before GC invocations=47 (full 6):
 garbage-first heap   total 159744K, used 131310K [0x0000000703600000, 0x0000000800000000)
  region size 2048K, 44 young (90112K), 5 survivors (10240K)
 Metaspace       used 89106K, committed 89984K, reserved 1179648K
  class space    used 12752K, committed 13120K, reserved 1048576K
}
Event: 4017.801 GC heap after
{Heap after GC invocations=48 (full 6):
 garbage-first heap   total 159744K, used 54069K [0x0000000703600000, 0x0000000800000000)
  region size 2048K, 3 young (6144K), 3 survivors (6144K)
 Metaspace       used 89106K, committed 89984K, reserved 1179648K
  class space    used 12752K, committed 13120K, reserved 1048576K
}
Event: 6669.256 GC heap before
{Heap before GC invocations=48 (full 6):
 garbage-first heap   total 159744K, used 138037K [0x0000000703600000, 0x0000000800000000)
  region size 2048K, 44 young (90112K), 3 survivors (6144K)
 Metaspace       used 89114K, committed 89984K, reserved 1179648K
  class space    used 12754K, committed 13120K, reserved 1048576K
}
Event: 6669.259 GC heap after
{Heap after GC invocations=49 (full 6):
 garbage-first heap   total 159744K, used 53052K [0x0000000703600000, 0x0000000800000000)
  region size 2048K, 3 young (6144K), 3 survivors (6144K)
 Metaspace       used 89114K, committed 89984K, reserved 1179648K
  class space    used 12754K, committed 13120K, reserved 1048576K
}
Event: 10279.078 GC heap before
{Heap before GC invocations=50 (full 6):
 garbage-first heap   total 159744K, used 137020K [0x0000000703600000, 0x0000000800000000)
  region size 2048K, 44 young (90112K), 3 survivors (6144K)
 Metaspace       used 89002K, committed 89984K, reserved 1179648K
  class space    used 12727K, committed 13120K, reserved 1048576K
}
Event: 10279.093 GC heap after
{Heap after GC invocations=51 (full 6):
 garbage-first heap   total 159744K, used 53184K [0x0000000703600000, 0x0000000800000000)
  region size 2048K, 3 young (6144K), 3 survivors (6144K)
 Metaspace       used 89002K, committed 89984K, reserved 1179648K
  class space    used 12727K, committed 13120K, reserved 1048576K
}
Event: 12839.339 GC heap before
{Heap before GC invocations=51 (full 6):
 garbage-first heap   total 159744K, used 137152K [0x0000000703600000, 0x0000000800000000)
  region size 2048K, 44 young (90112K), 3 survivors (6144K)
 Metaspace       used 89055K, committed 89984K, reserved 1179648K
  class space    used 12739K, committed 13120K, reserved 1048576K
}
Event: 12839.348 GC heap after
{Heap after GC invocations=52 (full 6):
 garbage-first heap   total 159744K, used 48020K [0x0000000703600000, 0x0000000800000000)
  region size 2048K, 3 young (6144K), 3 survivors (6144K)
 Metaspace       used 89055K, committed 89984K, reserved 1179648K
  class space    used 12739K, committed 13120K, reserved 1048576K
}
Event: 15559.877 GC heap before
{Heap before GC invocations=52 (full 6):
 garbage-first heap   total 159744K, used 136084K [0x0000000703600000, 0x0000000800000000)
  region size 2048K, 46 young (94208K), 3 survivors (6144K)
 Metaspace       used 89055K, committed 89984K, reserved 1179648K
  class space    used 12740K, committed 13120K, reserved 1048576K
}
Event: 15559.882 GC heap after
{Heap after GC invocations=53 (full 6):
 garbage-first heap   total 159744K, used 47987K [0x0000000703600000, 0x0000000800000000)
  region size 2048K, 3 young (6144K), 3 survivors (6144K)
 Metaspace       used 89055K, committed 89984K, reserved 1179648K
  class space    used 12740K, committed 13120K, reserved 1048576K
}
Event: 18313.711 GC heap before
{Heap before GC invocations=54 (full 6):
 garbage-first heap   total 159744K, used 136051K [0x0000000703600000, 0x0000000800000000)
  region size 2048K, 46 young (94208K), 3 survivors (6144K)
 Metaspace       used 89055K, committed 89984K, reserved 1179648K
  class space    used 12740K, committed 13120K, reserved 1048576K
}
Event: 18313.716 GC heap after
{Heap after GC invocations=55 (full 6):
 garbage-first heap   total 159744K, used 48109K [0x0000000703600000, 0x0000000800000000)
  region size 2048K, 3 young (6144K), 3 survivors (6144K)
 Metaspace       used 89055K, committed 89984K, reserved 1179648K
  class space    used 12740K, committed 13120K, reserved 1048576K
}
Event: 21070.258 GC heap before
{Heap before GC invocations=55 (full 6):
 garbage-first heap   total 159744K, used 136173K [0x0000000703600000, 0x0000000800000000)
  region size 2048K, 46 young (94208K), 3 survivors (6144K)
 Metaspace       used 89056K, committed 89984K, reserved 1179648K
  class space    used 12740K, committed 13120K, reserved 1048576K
}
Event: 21070.264 GC heap after
{Heap after GC invocations=56 (full 6):
 garbage-first heap   total 159744K, used 46476K [0x0000000703600000, 0x0000000800000000)
  region size 2048K, 3 young (6144K), 3 survivors (6144K)
 Metaspace       used 89056K, committed 89984K, reserved 1179648K
  class space    used 12740K, committed 13120K, reserved 1048576K
}
Event: 23222.519 GC heap before
{Heap before GC invocations=56 (full 6):
 garbage-first heap   total 159744K, used 116108K [0x0000000703600000, 0x0000000800000000)
  region size 2048K, 38 young (77824K), 3 survivors (6144K)
 Metaspace       used 89072K, committed 89984K, reserved 1179648K
  class space    used 12745K, committed 13120K, reserved 1048576K
}

Dll operation events (11 events):
Event: 0.008 Loaded shared library C:\Program Files\Java\jdk-20\bin\java.dll
Event: 0.027 Loaded shared library C:\Program Files\Java\jdk-20\bin\jsvml.dll
Event: 0.099 Loaded shared library C:\Program Files\Java\jdk-20\bin\net.dll
Event: 0.100 Loaded shared library C:\Program Files\Java\jdk-20\bin\nio.dll
Event: 0.104 Loaded shared library C:\Program Files\Java\jdk-20\bin\zip.dll
Event: 0.214 Loaded shared library C:\Program Files\Java\jdk-20\bin\jimage.dll
Event: 0.594 Loaded shared library C:\Program Files\Java\jdk-20\bin\management.dll
Event: 0.598 Loaded shared library C:\Program Files\Java\jdk-20\bin\management_ext.dll
Event: 1.798 Loaded shared library C:\Program Files\Java\jdk-20\bin\sunmscapi.dll
Event: 5.307 Loaded shared library C:\Program Files\Java\jdk-20\bin\extnet.dll
Event: 8.384 Loaded shared library C:\Program Files\Java\jdk-20\bin\verify.dll

Deoptimization events (18 events):
Event: 1.399 Thread 0x000001a6700469b0 DEOPT PACKING pc=0x000001a61ef059e1 sp=0x0000008c888fd470
Event: 1.399 Thread 0x000001a6700469b0 DEOPT UNPACKING pc=0x000001a61e92e462 sp=0x0000008c888fc950 mode 3
Event: 1.558 Thread 0x000001a6700469b0 DEOPT PACKING pc=0x000001a61ef58a5d sp=0x0000008c888fdac0
Event: 1.558 Thread 0x000001a6700469b0 DEOPT UNPACKING pc=0x000001a61e92e462 sp=0x0000008c888fcf68 mode 3
Event: 3.663 Thread 0x000001a6700469b0 DEOPT PACKING pc=0x000001a61f2306e1 sp=0x0000008c888fdd10
Event: 3.663 Thread 0x000001a6700469b0 DEOPT UNPACKING pc=0x000001a61e92e462 sp=0x0000008c888fd1f0 mode 3
Event: 4.178 Thread 0x000001a6700469b0 DEOPT PACKING pc=0x000001a61f2c9af5 sp=0x0000008c888fd240
Event: 4.178 Thread 0x000001a6700469b0 DEOPT UNPACKING pc=0x000001a61e92e462 sp=0x0000008c888fc7a8 mode 3
Event: 8.599 Thread 0x000001a6700469b0 DEOPT PACKING pc=0x000001a61f4e7a44 sp=0x0000008c888fdbe0
Event: 8.599 Thread 0x000001a6700469b0 DEOPT UNPACKING pc=0x000001a61e92e462 sp=0x0000008c888fd088 mode 0
Event: 8.755 Thread 0x000001a6700469b0 DEOPT PACKING pc=0x000001a61f687460 sp=0x0000008c888fcd50
Event: 8.755 Thread 0x000001a6700469b0 DEOPT UNPACKING pc=0x000001a61e92e462 sp=0x0000008c888fc208 mode 3
Event: 2428.815 Thread 0x000001a672c08f50 DEOPT PACKING pc=0x000001a61f3ab953 sp=0x0000008c86cfcf90
Event: 2428.815 Thread 0x000001a672c08f50 DEOPT UNPACKING pc=0x000001a61e92e462 sp=0x0000008c86cfc428 mode 3
Event: 2479.485 Thread 0x000001a672c09f40 DEOPT PACKING pc=0x000001a61f973e26 sp=0x0000008c898fde80
Event: 2479.486 Thread 0x000001a672c09f40 DEOPT UNPACKING pc=0x000001a61e92e462 sp=0x0000008c898fd388 mode 3
Event: 2585.346 Thread 0x000001a672c0a490 DEOPT PACKING pc=0x000001a61f9922ff sp=0x0000008c899fe0c0
Event: 2585.346 Thread 0x000001a672c0a490 DEOPT UNPACKING pc=0x000001a61e92e462 sp=0x0000008c899fd608 mode 3

Classes loaded (20 events):
Event: 18.178 Loading class java/util/concurrent/ConcurrentLinkedQueue$Itr
Event: 18.178 Loading class java/util/concurrent/ConcurrentLinkedQueue$Itr done
Event: 1365.264 Loading class javax/crypto/NoSuchPaddingException
Event: 1365.264 Loading class javax/crypto/NoSuchPaddingException done
Event: 1365.264 Loading class javax/crypto/IllegalBlockSizeException
Event: 1365.264 Loading class javax/crypto/IllegalBlockSizeException done
Event: 2424.393 Loading class java/util/concurrent/locks/AbstractQueuedSynchronizer$SharedNode
Event: 2424.393 Loading class java/util/concurrent/locks/AbstractQueuedSynchronizer$SharedNode done
Event: 2424.653 Loading class javax/management/NotificationBroadcasterSupport$WildcardListenerInfo
Event: 2424.653 Loading class javax/management/NotificationBroadcasterSupport$WildcardListenerInfo done
Event: 2427.788 Loading class java/lang/ref/Finalizer$2
Event: 2427.793 Loading class java/lang/ref/Finalizer$2 done
Event: 2427.793 Loading class java/lang/ref/Finalizer$1
Event: 2427.794 Loading class java/lang/ref/Finalizer$1 done
Event: 2428.828 Loading class java/time/DurationEditor
Event: 2428.828 Loading class java/time/DurationEditor done
Event: 2584.891 Loading class java/time/DurationEditor
Event: 2584.891 Loading class java/time/DurationEditor done
Event: 2846.535 Loading class sun/net/ConnectionResetException
Event: 2846.536 Loading class sun/net/ConnectionResetException done

Classes unloaded (20 events):
Event: 6669.286 Thread 0x000001a62a05d330 Unloading class 0x000001a62bb0c800 'java/lang/invoke/LambdaForm$BMH+0x000001a62bb0c800'
Event: 6669.286 Thread 0x000001a62a05d330 Unloading class 0x000001a62b9ad000 'java/lang/invoke/LambdaForm$MH+0x000001a62b9ad000'
Event: 6669.286 Thread 0x000001a62a05d330 Unloading class 0x000001a62b990800 'java/lang/invoke/LambdaForm$MH+0x000001a62b990800'
Event: 6669.286 Thread 0x000001a62a05d330 Unloading class 0x000001a62b97cc00 'java/lang/invoke/LambdaForm$MH+0x000001a62b97cc00'
Event: 6669.286 Thread 0x000001a62a05d330 Unloading class 0x000001a62b966000 'java/lang/invoke/LambdaForm$MH+0x000001a62b966000'
Event: 6669.286 Thread 0x000001a62a05d330 Unloading class 0x000001a62bfc8000 'java/lang/invoke/LambdaForm$BMH+0x000001a62bfc8000'
Event: 6669.286 Thread 0x000001a62a05d330 Unloading class 0x000001a62b991800 'java/lang/invoke/LambdaForm$MH+0x000001a62b991800'
Event: 6669.286 Thread 0x000001a62a05d330 Unloading class 0x000001a62be0d800 'java/lang/invoke/LambdaForm$MH+0x000001a62be0d800'
Event: 6669.286 Thread 0x000001a62a05d330 Unloading class 0x000001a62be0c000 'java/lang/invoke/LambdaForm$MH+0x000001a62be0c000'
Event: 6669.286 Thread 0x000001a62a05d330 Unloading class 0x000001a62bde4400 'java/lang/invoke/LambdaForm$BMH+0x000001a62bde4400'
Event: 6669.286 Thread 0x000001a62a05d330 Unloading class 0x000001a62c040000 'java/lang/invoke/LambdaForm$DMH+0x000001a62c040000'
Event: 6669.286 Thread 0x000001a62a05d330 Unloading class 0x000001a62bee0c00 'java/lang/invoke/LambdaForm$DMH+0x000001a62bee0c00'
Event: 6669.286 Thread 0x000001a62a05d330 Unloading class 0x000001a62b4e2400 'java/lang/invoke/LambdaForm$DMH+0x000001a62b4e2400'
Event: 6669.286 Thread 0x000001a62a05d330 Unloading class 0x000001a62b553000 'org/apache/catalina/loader/JdbcLeakPrevention'
Event: 6669.286 Thread 0x000001a62a05d330 Unloading class 0x000001a62bec0000 'java/lang/invoke/LambdaForm$DMH+0x000001a62bec0000'
Event: 6669.286 Thread 0x000001a62a05d330 Unloading class 0x000001a62bec0800 'java/lang/invoke/LambdaForm$DMH+0x000001a62bec0800'
Event: 6669.286 Thread 0x000001a62a05d330 Unloading class 0x000001a62bedd800 'java/lang/invoke/LambdaForm$DMH+0x000001a62bedd800'
Event: 6669.286 Thread 0x000001a62a05d330 Unloading class 0x000001a62c002000 'java/lang/invoke/LambdaForm$MH+0x000001a62c002000'
Event: 6669.286 Thread 0x000001a62a05d330 Unloading class 0x000001a62c002c00 'java/lang/invoke/LambdaForm$MH+0x000001a62c002c00'
Event: 6669.286 Thread 0x000001a62a05d330 Unloading class 0x000001a62bd4ec00 'java/lang/invoke/LambdaForm$MH+0x000001a62bd4ec00'

Classes redefined (0 events):
No events

Internal exceptions (20 events):
Event: 22597.012 Thread 0x000001a672c0a9e0 Exception <a 'java/io/IOException'{0x000000070aa04900}> (0x000000070aa04900) 
thrown [s\open\src\hotspot\share\prims\jni.cpp, line 519]
Event: 22897.024 Thread 0x000001a672c0a9e0 Exception <a 'java/io/IOException'{0x0000000709907570}> (0x0000000709907570) 
thrown [s\open\src\hotspot\share\prims\jni.cpp, line 519]
Event: 23197.038 Thread 0x000001a672c0a9e0 Exception <a 'java/io/IOException'{0x0000000709908db0}> (0x0000000709908db0) 
thrown [s\open\src\hotspot\share\prims\jni.cpp, line 519]
Event: 23220.447 Thread 0x000001a672c08f50 Exception <a 'java/io/IOException'{0x00000007091c0bf0}> (0x00000007091c0bf0) 
thrown [s\open\src\hotspot\share\prims\jni.cpp, line 519]
Event: 23220.450 Thread 0x000001a6718e2090 Exception <a 'java/io/IOException'{0x0000000708e08350}> (0x0000000708e08350) 
thrown [s\open\src\hotspot\share\prims\jni.cpp, line 519]
Event: 23220.450 Thread 0x000001a6718e2090 Exception <a 'java/io/IOException'{0x0000000708e09f58}> (0x0000000708e09f58) 
thrown [s\open\src\hotspot\share\prims\jni.cpp, line 519]
Event: 23220.451 Thread 0x000001a672c07f60 Exception <a 'java/io/IOException'{0x0000000708e1de90}> (0x0000000708e1de90) 
thrown [s\open\src\hotspot\share\prims\jni.cpp, line 519]
Event: 23220.457 Thread 0x000001a6718e2090 Exception <a 'java/io/IOException'{0x0000000708e0c5c8}> (0x0000000708e0c5c8) 
thrown [s\open\src\hotspot\share\prims\jni.cpp, line 519]
Event: 23220.505 Thread 0x000001a6718e55b0 Exception <a 'java/net/SocketException'{0x0000000708e24550}> (0x0000000708e24550) 
thrown [s\open\src\hotspot\share\prims\jni.cpp, line 519]
Event: 23222.487 Thread 0x000001a6718e55b0 Exception <a 'java/io/IOException'{0x0000000708e29718}> (0x0000000708e29718) 
thrown [s\open\src\hotspot\share\prims\jni.cpp, line 519]
Event: 23222.490 Thread 0x000001a672c07f60 Exception <a 'java/lang/NoSuchMethodError'{0x0000000708fb7238}: 'long java.lang.invoke.DelegatingMethodHandle$Holder.reinvoke_L(java.lang.Object, java.lang.Object)'> (0x0000000708fb7238) 
thrown [s\open\src\hotspot\share\interpreter\linkResolver.cpp, line 773]
Event: 23222.493 Thread 0x000001a6718e2090 Exception <a 'java/io/IOException'{0x0000000708c49690}> (0x0000000708c49690) 
thrown [s\open\src\hotspot\share\prims\jni.cpp, line 519]
Event: 23222.496 Thread 0x000001a6718e2090 Exception <a 'java/io/IOException'{0x0000000708c5b8a8}> (0x0000000708c5b8a8) 
thrown [s\open\src\hotspot\share\prims\jni.cpp, line 519]
Event: 23222.499 Thread 0x000001a6718e2090 Exception <a 'java/io/IOException'{0x0000000708c618a8}> (0x0000000708c618a8) 
thrown [s\open\src\hotspot\share\prims\jni.cpp, line 519]
Event: 23222.500 Thread 0x000001a6718e2090 Exception <a 'java/io/IOException'{0x0000000708c8a2c0}> (0x0000000708c8a2c0) 
thrown [s\open\src\hotspot\share\prims\jni.cpp, line 519]
Event: 23222.507 Thread 0x000001a672c07f60 Exception <a 'java/io/IOException'{0x0000000708ca1c78}> (0x0000000708ca1c78) 
thrown [s\open\src\hotspot\share\prims\jni.cpp, line 519]
Event: 23222.508 Thread 0x000001a6718e2090 Exception <a 'java/io/IOException'{0x0000000708c8b8b0}> (0x0000000708c8b8b0) 
thrown [s\open\src\hotspot\share\prims\jni.cpp, line 519]
Event: 23222.510 Thread 0x000001a6718e2090 Exception <a 'java/io/IOException'{0x0000000708c94ad8}> (0x0000000708c94ad8) 
thrown [s\open\src\hotspot\share\prims\jni.cpp, line 519]
Event: 23222.510 Thread 0x000001a6718e2090 Exception <a 'java/io/IOException'{0x0000000708c960d8}> (0x0000000708c960d8) 
thrown [s\open\src\hotspot\share\prims\jni.cpp, line 519]
Event: 23222.518 Thread 0x000001a6718e4070 Exception <a 'java/lang/InterruptedException'{0x0000000708cbed70}: sleep interrupted> (0x0000000708cbed70) 
thrown [s\open\src\hotspot\share\prims\jvm.cpp, line 3086]

VM Operations (20 events):
Event: 19725.276 Executing VM operation: Cleanup done
Event: 20588.650 Executing VM operation: Cleanup
Event: 20588.651 Executing VM operation: Cleanup done
Event: 20723.984 Executing VM operation: Cleanup
Event: 20723.984 Executing VM operation: Cleanup done
Event: 20763.371 Executing VM operation: Cleanup
Event: 20763.371 Executing VM operation: Cleanup done
Event: 21070.258 Executing VM operation: G1CollectForAllocation
Event: 21070.264 Executing VM operation: G1CollectForAllocation done
Event: 22277.332 Executing VM operation: Cleanup
Event: 22277.332 Executing VM operation: Cleanup done
Event: 22489.116 Executing VM operation: Cleanup
Event: 22489.117 Executing VM operation: Cleanup done
Event: 22620.229 Executing VM operation: Cleanup
Event: 22620.229 Executing VM operation: Cleanup done
Event: 22731.003 Executing VM operation: Cleanup
Event: 22731.003 Executing VM operation: Cleanup done
Event: 23221.061 Executing VM operation: Cleanup
Event: 23222.485 Executing VM operation: Cleanup done
Event: 23222.519 Executing VM operation: G1CollectFull

Events (20 events):
Event: 23222.488 Thread 0x000001a672c09f40 Thread exited: 0x000001a672c09f40
Event: 23222.488 Thread 0x000001a672c05f80 Thread exited: 0x000001a672c05f80
Event: 23222.488 Thread 0x000001a672c064d0 Thread exited: 0x000001a672c064d0
Event: 23222.488 Thread 0x000001a672c06a20 Thread exited: 0x000001a672c06a20
Event: 23222.488 Thread 0x000001a672c099f0 Thread exited: 0x000001a672c099f0
Event: 23222.488 Thread 0x000001a672c0c9c0 Thread exited: 0x000001a672c0c9c0
Event: 23222.488 Thread 0x000001a672c084b0 Thread exited: 0x000001a672c084b0
Event: 23222.497 Thread 0x000001a6718e55b0 Thread added: 0x000001a6718e55b0
Event: 23222.497 Thread 0x000001a6718e5060 Thread exited: 0x000001a6718e5060
Event: 23222.499 Thread 0x000001a6718e55b0 Thread exited: 0x000001a6718e55b0
Event: 23222.507 Thread 0x000001a672c07f60 Thread exited: 0x000001a672c07f60
Event: 23222.507 Thread 0x000001a672c0bf20 Thread exited: 0x000001a672c0bf20
Event: 23222.507 Thread 0x000001a672c0d460 Thread exited: 0x000001a672c0d460
Event: 23222.507 Thread 0x000001a672c06f70 Thread exited: 0x000001a672c06f70
Event: 23222.507 Thread 0x000001a672c074c0 Thread exited: 0x000001a672c074c0
Event: 23222.510 Thread 0x000001a672c0a9e0 Thread exited: 0x000001a672c0a9e0
Event: 23222.510 Thread 0x000001a672c08a00 Thread exited: 0x000001a672c08a00
Event: 23222.518 Thread 0x000001a6718e45c0 Thread exited: 0x000001a6718e45c0
Event: 23222.518 Thread 0x000001a6718e3b20 Thread exited: 0x000001a6718e3b20
Event: 23222.518 Thread 0x000001a6718e4070 Thread exited: 0x000001a6718e4070


Dynamic libraries:
0x00007ff7f4ee0000 - 0x00007ff7f4ef0000 	C:\Program Files\Java\jdk-20\bin\java.exe
0x00007ffe0bf80000 - 0x00007ffe0c1e7000 	C:\WINDOWS\SYSTEM32\ntdll.dll
0x00007ffe0b6e0000 - 0x00007ffe0b7a9000 	C:\WINDOWS\System32\KERNEL32.DLL
0x00007ffe090a0000 - 0x00007ffe09494000 	C:\WINDOWS\System32\KERNELBASE.dll
0x00007ffe08ea0000 - 0x00007ffe08feb000 	C:\WINDOWS\System32\ucrtbase.dll
0x00007ffdf7870000 - 0x00007ffdf7889000 	C:\Program Files\Java\jdk-20\bin\jli.dll
0x00007ffe03ee0000 - 0x00007ffe03efb000 	C:\Program Files\Java\jdk-20\bin\VCRUNTIME140.dll
0x00007ffe0b050000 - 0x00007ffe0b106000 	C:\WINDOWS\System32\ADVAPI32.dll
0x00007ffe0af50000 - 0x00007ffe0aff9000 	C:\WINDOWS\System32\msvcrt.dll
0x00007ffe0bc60000 - 0x00007ffe0bd07000 	C:\WINDOWS\System32\sechost.dll
0x00007ffe0be20000 - 0x00007ffe0bf38000 	C:\WINDOWS\System32\RPCRT4.dll
0x00007ffe0ba90000 - 0x00007ffe0bc55000 	C:\WINDOWS\System32\USER32.dll
0x00007ffdeef10000 - 0x00007ffdef1a3000 	C:\WINDOWS\WinSxS\amd64_microsoft.windows.common-controls_6595b64144ccf1df_6.0.26100.8115_none_3e075c82e3354f9c\COMCTL32.dll
0x00007ffe08db0000 - 0x00007ffe08dd7000 	C:\WINDOWS\System32\win32u.dll
0x00007ffe0b7b0000 - 0x00007ffe0b7db000 	C:\WINDOWS\System32\GDI32.dll
0x00007ffe08bd0000 - 0x00007ffe08cfa000 	C:\WINDOWS\System32\gdi32full.dll
0x00007ffdf8b60000 - 0x00007ffdf8b6b000 	C:\WINDOWS\SYSTEM32\VERSION.dll
0x00007ffe08d00000 - 0x00007ffe08da3000 	C:\WINDOWS\System32\msvcp_win.dll
0x00007ffe0a5b0000 - 0x00007ffe0a5e2000 	C:\WINDOWS\System32\IMM32.DLL
0x00007ffe03e90000 - 0x00007ffe03e9c000 	C:\Program Files\Java\jdk-20\bin\vcruntime140_1.dll
0x00007ffddad40000 - 0x00007ffddadce000 	C:\Program Files\Java\jdk-20\bin\msvcp140.dll
0x00007ffd58ba0000 - 0x00007ffd59838000 	C:\Program Files\Java\jdk-20\bin\server\jvm.dll
0x00007ffde3fa0000 - 0x00007ffde3faa000 	C:\WINDOWS\SYSTEM32\WSOCK32.dll
0x00007ffe0b7e0000 - 0x00007ffe0b860000 	C:\WINDOWS\System32\WS2_32.dll
0x00007ffe00080000 - 0x00007ffe000b6000 	C:\WINDOWS\SYSTEM32\WINMM.dll
0x00007ffe075e0000 - 0x00007ffe075fb000 	C:\WINDOWS\SYSTEM32\kernel.appcore.dll
0x00007ffdf7030000 - 0x00007ffdf703a000 	C:\Program Files\Java\jdk-20\bin\jimage.dll
0x00007ffe029f0000 - 0x00007ffe02c32000 	C:\WINDOWS\SYSTEM32\DBGHELP.DLL
0x00007ffe0a220000 - 0x00007ffe0a5a2000 	C:\WINDOWS\System32\combase.dll
0x00007ffe0b490000 - 0x00007ffe0b567000 	C:\WINDOWS\System32\OLEAUT32.dll
0x00007ffde5650000 - 0x00007ffde568b000 	C:\WINDOWS\SYSTEM32\dbgcore.DLL
0x00007ffe08ff0000 - 0x00007ffe09095000 	C:\WINDOWS\System32\bcryptPrimitives.dll
0x00007ffdf3110000 - 0x00007ffdf3136000 	C:\Program Files\Java\jdk-20\bin\java.dll
0x00007ffda8950000 - 0x00007ffda8a27000 	C:\Program Files\Java\jdk-20\bin\jsvml.dll
0x00007ffe0a5f0000 - 0x00007ffe0ad56000 	C:\WINDOWS\System32\SHELL32.dll
0x00007ffe08a60000 - 0x00007ffe08bca000 	C:\WINDOWS\System32\wintypes.dll
0x00007ffe094a0000 - 0x00007ffe09d05000 	C:\WINDOWS\System32\windows.storage.dll
0x00007ffe0bd10000 - 0x00007ffe0be07000 	C:\WINDOWS\System32\SHCORE.dll
0x00007ffe0b670000 - 0x00007ffe0b6d6000 	C:\WINDOWS\System32\shlwapi.dll
0x00007ffe08770000 - 0x00007ffe08799000 	C:\WINDOWS\SYSTEM32\profapi.dll
0x00007ffdf7010000 - 0x00007ffdf7023000 	C:\Program Files\Java\jdk-20\bin\net.dll
0x00007ffdfa5d0000 - 0x00007ffdfa6fd000 	C:\WINDOWS\SYSTEM32\WINHTTP.dll
0x00007ffe07b50000 - 0x00007ffe07bbc000 	C:\WINDOWS\system32\mswsock.dll
0x00007ffdf5f00000 - 0x00007ffdf5f16000 	C:\Program Files\Java\jdk-20\bin\nio.dll
0x00007ffdf31e0000 - 0x00007ffdf31f8000 	C:\Program Files\Java\jdk-20\bin\zip.dll
0x00007ffdf0e20000 - 0x00007ffdf0e2a000 	C:\Program Files\Java\jdk-20\bin\management.dll
0x00007ffdf0da0000 - 0x00007ffdf0dab000 	C:\Program Files\Java\jdk-20\bin\management_ext.dll
0x00007ffe0ad60000 - 0x00007ffe0ad68000 	C:\WINDOWS\System32\PSAPI.DLL
0x00007ffe07050000 - 0x00007ffe07082000 	C:\WINDOWS\SYSTEM32\IPHLPAPI.DLL
0x00007ffe0be10000 - 0x00007ffe0be1a000 	C:\WINDOWS\System32\NSI.dll
0x00007ffdffff0000 - 0x00007ffe0000d000 	C:\WINDOWS\SYSTEM32\dhcpcsvc6.DLL
0x00007ffdfffc0000 - 0x00007ffdfffe5000 	C:\WINDOWS\SYSTEM32\dhcpcsvc.DLL
0x00007ffe07130000 - 0x00007ffe07262000 	C:\WINDOWS\SYSTEM32\DNSAPI.dll
0x00007ffdf8de0000 - 0x00007ffdf8deb000 	C:\Windows\System32\rasadhlp.dll
0x00007ffe027c0000 - 0x00007ffe02846000 	C:\WINDOWS\System32\fwpuclnt.dll
0x00007ffdf0d80000 - 0x00007ffdf0d8e000 	C:\Program Files\Java\jdk-20\bin\sunmscapi.dll
0x00007ffe088e0000 - 0x00007ffe08a57000 	C:\WINDOWS\System32\CRYPT32.dll
0x00007ffe08050000 - 0x00007ffe08080000 	C:\WINDOWS\SYSTEM32\ncrypt.dll
0x00007ffe08000000 - 0x00007ffe0803f000 	C:\WINDOWS\SYSTEM32\NTASN1.dll
0x00007ffe07e30000 - 0x00007ffe07e4b000 	C:\WINDOWS\SYSTEM32\CRYPTSP.dll
0x00007ffe07540000 - 0x00007ffe07579000 	C:\WINDOWS\system32\rsaenh.dll
0x00007ffe07c00000 - 0x00007ffe07c33000 	C:\WINDOWS\SYSTEM32\USERENV.dll
0x00007ffe08740000 - 0x00007ffe0876a000 	C:\WINDOWS\SYSTEM32\bcrypt.dll
0x00007ffe07e50000 - 0x00007ffe07e5c000 	C:\WINDOWS\SYSTEM32\CRYPTBASE.dll
0x00007ffdf0d90000 - 0x00007ffdf0d97000 	C:\Program Files\Java\jdk-20\bin\extnet.dll
0x00007ffdf3b70000 - 0x00007ffdf3b80000 	C:\Program Files\Java\jdk-20\bin\verify.dll
0x00007ffe05630000 - 0x00007ffe05638000 	C:\WINDOWS\system32\wshunix.dll

dbghelp: loaded successfully - version: 4.0.5 - missing functions: none
symbol engine: initialized successfully - sym options: 0x614 - pdb path: .;C:\Program Files\Java\jdk-20\bin;C:\WINDOWS\SYSTEM32;C:\WINDOWS\WinSxS\amd64_microsoft.windows.common-controls_6595b64144ccf1df_6.0.26100.8115_none_3e075c82e3354f9c;C:\Program Files\Java\jdk-20\bin\server

VM Arguments:
jvm_args: -XX:TieredStopAtLevel=1 
java_command: com.neuroguard.userservice.UserServiceApplication
java_class_path (initial): C:\Users\LENOVO\Desktop\NeuroGuard\user-service\target\classes;C:\Users\LENOVO\.m2\repository\org\projectlombok\lombok\1.18.24\lombok-1.18.24.jar;C:\Users\LENOVO\.m2\repository\com\auth0\java-jwt\3.18.2\java-jwt-3.18.2.jar;C:\Users\LENOVO\.m2\repository\com\fasterxml\jackson\core\jackson-databind\2.19.4\jackson-databind-2.19.4.jar;C:\Users\LENOVO\.m2\repository\com\fasterxml\jackson\core\jackson-annotations\2.19.4\jackson-annotations-2.19.4.jar;C:\Users\LENOVO\.m2\repository\com\fasterxml\jackson\core\jackson-core\2.19.4\jackson-core-2.19.4.jar;C:\Users\LENOVO\.m2\repository\ch\qos\logback\logback-classic\1.5.32\logback-classic-1.5.32.jar;C:\Users\LENOVO\.m2\repository\ch\qos\logback\logback-core\1.5.32\logback-core-1.5.32.jar;C:\Users\LENOVO\.m2\repository\org\apache\logging\log4j\log4j-to-slf4j\2.24.3\log4j-to-slf4j-2.24.3.jar;C:\Users\LENOVO\.m2\repository\org\apache\logging\log4j\log4j-api\2.24.3\log4j-api-2.24.3.jar;C:\Users\LENOVO\.m2\repository\org\slf4j\jul-to-slf4j\2.0.17\jul-to-slf4j-2.0.17.jar;C:\Users\LENOVO\.m2\repository\jakarta\annotation\jakarta.annotation-api\2.1.1\jakarta.annotation-api-2.1.1.jar;C:\Users\LENOVO\.m2\repository\org\yaml\snakeyaml\2.4\snakeyaml-2.4.jar;C:\Users\LENOVO\.m2\repository\org\springframework\boot\spring-boot-actuator-autoconfigure\3.5.11\spring-boot-actuator-autoconfigure-3.5.11.jar;C:\Users\LENOVO\.m2\repository\org\springframework\boot\spring-boot-actuator\3.5.11\spring-boot-actuator-3.5.11.jar;C:\Users\LENOVO\.m2\repository\com\fasterxml\jackson\datatype\jackson-datatype-jsr310\2.19.4\jackson-datatype-jsr310-2.19.4.jar;C:\Users\LENOVO\.m2\repository\io\micrometer\micrometer-observation\1.15.9\micrometer-observation-1.15.9.jar;C:\Users\LENOVO\.m2\repository\io\micrometer\micrometer-commons\1.15.9\micrometer-commons-1.15.9.jar;C:\Users\LENOVO\.m2\repository\io\micrometer\micrometer-jakarta9\1.15.9\micrometer-jakarta9-1.15.9.jar;C:\Users\LENOVO\.m2\repository\io\micrometer\micrometer-core\1.15.9\micrometer-core-1.15.9.jar;C:\Users\LENOVO\.m2\repository\org\hdrhistogram\HdrHistogram\2.2.2\HdrHistogram-2.2.2.jar;C:\Users\LENOVO\.m2\repository\org\latencyutils\LatencyUtils\2.0.3\LatencyUtils-2.0.3.jar;C:\Users\LENOVO\.m2\repository\com\zaxxer\HikariCP\6.3.3\HikariCP-6.3.3.jar;C:\Users\LENOVO\.m2\repository\org\springframework\spring-jdbc\6.2.16\spring-jdbc-6.2.16.jar;C:\Users\LENOVO\.m2\repository\org\hibernate\orm\hibernate-core\6.6.42.Final\hibernate-core-6.6.42.Final.jar;C:\Users\LENOVO\.m2\repository\jakarta\persistence\jakarta.persistence-api\3.1.0\jakarta.persistence-api-3.1.0.jar;C:\Users\LENOVO\.m2\repository\jakarta\transaction\jakarta.transaction-api\2.0.1\jakarta.transaction-api-2.0.1.jar;C:\Users\LENOVO\.m2\repository\org\jboss\logging\jboss-logging\3.6.2.Final\jboss-logging-3.6.2.Final.jar;C:\Users\LENOVO\.m2\repository\org\hibernate\common\hibernate-commons-annotations\7.0.3.Final\hibernate-commons-annotations-7.0.3.Final.jar;C:\Users\LENOVO\.m2\repository\io\smallrye\jandex\3.2.0\jandex-3.2.0.jar;C:\Users\LENOVO\.m2\repository\com\fasterxml\classmate\1.7.3\classmate-1.7.3.jar;C:\Users\LENOVO\.m2\repository\net\bytebuddy\byte-buddy\1.17.8\byte-buddy-1.17.8.jar;C:\Users\LENOVO\.m2\repository\org\glassfish\jaxb\jaxb-runtime\4.0.6\jaxb-runtime-4.0.6.jar;C:\Users\LENOVO\.m2\repository\org\glassfish\jaxb\jaxb-core\4.0.6\jaxb-core-4.0.6.jar;C:\Users\LENOVO\.m2\repository\org\eclipse\angus\angus-activation\2.0.3\angus-activation-2.0.3.jar;C:\Users\LENOVO\.m2\repository\org\glassfish\jaxb\txw2\4.0.6\txw2-4.0.6.jar;C:\Users\LENOVO\.m2\repository\com\sun\istack\istack-commons-runtime\4.1.2\istack-commons-runtime-4.1.2.jar;C:\Users\LENOVO\.m2\repository\jakarta\inject\jakarta.inject-api\2.0.1\jakarta.inject-api-2.0.1.jar;C:\Users\LENOVO\.m2\repository\org\antlr\antlr4-runtime\4.13.0\antlr4-runtime-4.13.0.jar;C:\Users\LENOVO\.m2\repository\org\springframework\data\spring-data-jpa\3.5.9\spring-data-jpa-3.5.9.jar;C:\Users\LENOVO\.m2\repository\org\springframework\data\spring-data-commons\3.5.9\spring-data-commons-3.5.9.jar;C:\Users\LENOVO\.m2\repository\org\springframework\spring-orm\6.2.16\spring-orm-6.2.16.jar;C:\Users\LENOVO\.m2\repository\org\springframework\spring-context\6.2.16\spring-context-6.2.16.jar;C:\Users\LENOVO\.m2\repository\org\springframework\spring-tx\6.2.16\spring-tx-6.2.16.jar;C:\Users\LENOVO\.m2\repository\org\springframework\spring-beans\6.2.16\spring-beans-6.2.16.jar;C:\Users\LENOVO\.m2\repository\org\slf4j\slf4j-api\2.0.17\slf4j-api-2.0.17.jar;C:\Users\LENOVO\.m2\repository\org\springframework\spring-aspects\6.2.16\spring-aspects-6.2.16.jar;C:\Users\LENOVO\.m2\repository\org\aspectj\aspectjweaver\1.9.25.1\aspectjweaver-1.9.25.1.jar;C:\Users\LENOVO\.m2\repository\org\springframework\spring-aop\6.2.16\spring-aop-6.2.16.jar;C:\Users\LENOVO\.m2\repository\org\springframework\security\spring-security-config\6.5.8\spring-security-config-6.5.8.jar;C:\Users\LENOVO\.m2\repository\org\springframework\security\spring-security-web\6.5.8\spring-security-web-6.5.8.jar;C:\Users\LENOVO\.m2\repository\org\springframework\spring-expression\6.2.16\spring-expression-6.2.16.jar;C:\Users\LENOVO\.m2\repository\com\fasterxml\jackson\datatype\jackson-datatype-jdk8\2.19.4\jackson-datatype-jdk8-2.19.4.jar;C:\Users\LENOVO\.m2\repository\com\fasterxml\jackson\module\jackson-module-parameter-names\2.19.4\jackson-module-parameter-names-2.19.4.jar;C:\Users\LENOVO\.m2\repository\org\apache\tomcat\embed\tomcat-embed-core\10.1.52\tomcat-embed-core-10.1.52.jar;C:\Users\LENOVO\.m2\repository\org\apache\tomcat\embed\tomcat-embed-websocket\10.1.52\tomcat-embed-websocket-10.1.52.jar;C:\Users\LENOVO\.m2\repository\org\springframework\spring-web\6.2.16\spring-web-6.2.16.jar;C:\Users\LENOVO\.m2\repository\org\springframework\spring-webmvc\6.2.16\spring-webmvc-6.2.16.jar;C:\Users\LENOVO\.m2\repository\org\apache\tomcat\embed\tomcat-embed-el\10.1.52\tomcat-embed-el-10.1.52.jar;C:\Users\LENOVO\.m2\repository\org\hibernate\validator\hibernate-validator\8.0.3.Final\hibernate-validator-8.0.3.Final.jar;C:\Users\LENOVO\.m2\repository\jakarta\validation\jakarta.validation-api\3.0.2\jakarta.validation-api-3.0.2.jar;C:\Users\LENOVO\.m2\repository\org\springframework\cloud\spring-cloud-starter-netflix-eureka-client\4.3.1\spring-cloud-starter-netflix-eureka-client-4.3.1.jar;C:\Users\LENOVO\.m2\repository\org\springframework\cloud\spring-cloud-starter\4.3.1\spring-cloud-starter-4.3.1.jar;C:\Users\LENOVO\.m2\repository\org\springframework\cloud\spring-cloud-context\4.3.1\spring-cloud-context-4.3.1.jar;C:\Users\LENOVO\.m2\repository\org\springframework\cloud\spring-cloud-commons\4.3.1\spring-cloud-commons-4.3.1.jar;C:\Users\LENOVO\.m2\repository\org\bouncycastle\bcprov-jdk18on\1.80\bcprov-jdk18on-1.80.jar;C:\Users\LENOVO\.m2\repository\org\springframework\cloud\spring-cloud-netflix-eureka-client\4.3.1\spring-cloud-netflix-eureka-client-4.3.1.jar;C:\Users\LENOVO\.m2\repository\org\apache\httpcomponents\client5\httpclient5\5.5.2\httpclient5-5.5.2.jar;C:\Users\LENOVO\.m2\repository\org\apache\httpcomponents\core5\httpcore5\5.3.6\httpcore5-5.3.6.jar;C:\Users\LENOVO\.m2\repository\org\apache\httpcomponents\core5\httpcore5-h2\5.3.6\httpcore5-h2-5.3.6.jar;C:\Users\LENOVO\.m2\repository\com\netflix\eureka\eureka-client\2.0.5\eureka-client-2.0.5.jar;C:\Users\LENOVO\.m2\repository\com\thoughtworks\xstream\xstream\1.4.21\xstream-1.4.21.jar;C:\Users\LENOVO\.m2\repository\io\github\x-stream\mxparser\1.2.2\mxparser-1.2.2.jar;C:\Users\LENOVO\.m2\repository\xmlpull\xmlpull\1.1.3.1\xmlpull-1.1.3.1.jar;C:\Users\LENOVO\.m2\repository\jakarta\ws\rs\jakarta.ws.rs-api\3.1.0\jakarta.ws.rs-api-3.1.0.jar;C:\Users\LENOVO\.m2\repository\com\netflix\spectator\spectator-api\1.7.3\spectator-api-1.7.3.jar;C:\Users\LENOVO\.m2\repository\org\apache\httpcomponents\httpclient\4.5.3\httpclient-4.5.3.jar;C:\Users\LENOVO\.m2\repository\org\apache\httpcomponents\httpcore\4.4.16\httpcore-4.4.16.jar;C:\Users\LENOVO\.m2\repository\commons-codec\commons-codec\1.18.0\commons-codec-1.18.0.jar;C:\Users\LENOVO\.m2\repository\commons-configuration\commons-configuration\1.10\commons-configuration-1.10.jar;C:\Users\LENOVO\.m2\repository\commons-lang\commons-lang\2.6\commons-lang-2.6.jar;C:\Users\LENOVO\.m2\repository\com\netflix\netflix-commons\netflix-eventbus\0.3.0\netflix-eventbus-0.3.0.jar;C:\Users\LENOVO\.m2\repository\com\netflix\netflix-commons\netflix-infix\0.3.0\netflix-infix-0.3.0.jar;C:\Users\LENOVO\.m2\repository\commons-jxpath\commons-jxpath\1.3\commons-jxpath-1.3.jar;C:\Users\LENOVO\.m2\repository\joda-time\joda-time\2.3\joda-time-2.3.jar;C:\Users\LENOVO\.m2\repository\org\antlr\antlr-runtime\3.4\antlr-runtime-3.4.jar;C:\Users\LENOVO\.m2\repository\org\antlr\stringtemplate\3.2.1\stringtemplate-3.2.1.jar;C:\Users\LENOVO\.m2\repository\antlr\antlr\2.7.7\antlr-2.7.7.jar;C:\Users\LENOVO\.m2\repository\com\google\code\gson\gson\2.13.2\gson-2.13.2.jar;C:\Users\LENOVO\.m2\repository\com\google\errorprone\error_prone_annotations\2.41.0\error_prone_annotations-2.41.0.jar;C:\Users\LENOVO\.m2\repository\com\netflix\servo\servo-core\0.5.3\servo-core-0.5.3.jar;C:\Users\LENOVO\.m2\repository\org\apache\commons\commons-math\2.2\commons-math-2.2.jar;C:\Users\LENOVO\.m2\repository\javax\annotation\javax.annotation-api\1.2\javax.annotation-api-1.2.jar;C:\Users\LENOVO\.m2\repository\org\codehaus\jettison\jettison\1.5.4\jettison-1.5.4.jar;C:\Users\LENOVO\.m2\repository\org\springframework\cloud\spring-cloud-starter-loadbalancer\4.3.1\spring-cloud-starter-loadbalancer-4.3.1.jar;C:\Users\LENOVO\.m2\repository\org\springframework\cloud\spring-cloud-loadbalancer\4.3.1\spring-cloud-loadbalancer-4.3.1.jar;C:\Users\LENOVO\.m2\repository\io\projectreactor\reactor-core\3.7.16\reactor-core-3.7.16.jar;C:\Users\LENOVO\.m2\repository\org\reactivestreams\reactive-streams\1.0.4\reactive-streams-1.0.4.jar;C:\Users\LENOVO\.m2\repository\io\projectreactor\addons\reactor-extra\3.5.4\reactor-extra-3.5.4.jar;C:\Users\LENOVO\.m2\repository\org\springframework\spring-context-support\6.2.16\spring-context-support-6.2.16.jar;C:\Users\LENOVO\.m2\repository\com\stoyanr\evictor\1.0.0\evictor-1.0.0.jar;C:\Users\LENOVO\.m2\repository\org\springframework\boot\spring-boot-devtools\3.5.11\spring-boot-devtools-3.5.11.jar;C:\Users\LENOVO\.m2\repository\org\springframework\boot\spring-boot\3.5.11\spring-boot-3.5.11.jar;C:\Users\LENOVO\.m2\repository\org\springframework\boot\spring-boot-autoconfigure\3.5.11\spring-boot-autoconfigure-3.5.11.jar;C:\Users\LENOVO\.m2\repository\com\mysql\mysql-connector-j\9.6.0\mysql-connector-j-9.6.0.jar;C:\Users\LENOVO\.m2\repository\jakarta\xml\bind\jakarta.xml.bind-api\4.0.4\jakarta.xml.bind-api-4.0.4.jar;C:\Users\LENOVO\.m2\repository\jakarta\activation\jakarta.activation-api\2.1.4\jakarta.activation-api-2.1.4.jar;C:\Users\LENOVO\.m2\repository\org\springframework\spring-core\6.2.16\spring-core-6.2.16.jar;C:\Users\LENOVO\.m2\repository\org\springframework\spring-jcl\6.2.16\spring-jcl-6.2.16.jar;C:\Users\LENOVO\.m2\repository\org\springframework\security\spring-security-core\6.5.8\spring-security-core-6.5.8.jar;C:\Users\LENOVO\.m2\repository\org\springframework\security\spring-security-crypto\6.5.8\spring-security-crypto-6.5.8.jar
Launcher Type: SUN_STANDARD

[Global flags]
     intx CICompilerCount                          = 4                                         {product} {ergonomic}
     uint ConcGCThreads                            = 2                                         {product} {ergonomic}
     uint G1ConcRefinementThreads                  = 8                                         {product} {ergonomic}
   size_t G1HeapRegionSize                         = 2097152                                   {product} {ergonomic}
    uintx GCDrainStackTargetSize                   = 64                                        {product} {ergonomic}
   size_t InitialHeapSize                          = 266338304                                 {product} {ergonomic}
   size_t MarkStackSize                            = 4194304                                   {product} {ergonomic}
   size_t MaxHeapSize                              = 4238344192                                {product} {ergonomic}
   size_t MaxNewSize                               = 2541748224                                {product} {ergonomic}
   size_t MinHeapDeltaBytes                        = 2097152                                   {product} {ergonomic}
   size_t MinHeapSize                              = 8388608                                   {product} {ergonomic}
    uintx NonProfiledCodeHeapSize                  = 0                                      {pd product} {ergonomic}
     bool ProfileInterpreter                       = false                                  {pd product} {command line}
    uintx ProfiledCodeHeapSize                     = 0                                      {pd product} {ergonomic}
   size_t SoftMaxHeapSize                          = 4238344192                             {manageable} {ergonomic}
     intx TieredStopAtLevel                        = 1                                         {product} {command line}
     bool UseCompressedClassPointers               = true                           {product lp64_product} {ergonomic}
     bool UseCompressedOops                        = true                           {product lp64_product} {ergonomic}
     bool UseG1GC                                  = true                                      {product} {ergonomic}
     bool UseLargePagesIndividualAllocation        = false                                  {pd product} {ergonomic}

Logging:
Log output configuration:
 #0: stdout all=warning uptime,level,tags foldmultilines=false
 #1: stderr all=off uptime,level,tags foldmultilines=false

Environment Variables:
JAVA_HOME=C:\Program Files\Java\jdk-20
PATH=C:\Users\LENOVO\Downloads\apache-maven-3.9.14-bin\apache-maven-3.9.14\bin;C:\Program Files\MongoDB\Server\8.2\bin;C:\Program Files\Eclipse Adoptium\jdk-17.0.17.10-hotspot\bin;C:\oraclexe\app\oracle\product\11.2.0\server\bin;C:\xampp\php;C:\Program Files\MySQL\MySQL Server 8.0\bin;C:\Python 3.12\Python 3.12.exe;C:\Users\LENOVO\AppData\Local\Programs\Python\Python312\python.exe;C:\Users\LENOVO\Downloads\flutter_windows_3.16.0-stable\flutter\bin;C:\ProgramData\Oracle\Java\javapath;C:\Program Files\Java\jdk-21.0.1\bin;C:\Program Files\Common Files\Oracle\Java\javapath;C:\Program Files\Java\jdk-20\bin;C:\Users\LENOVO\Downloads\sqldeveloper-23.1.0.097.1607-x64\sqldeveloper\sqldeveloper\bin;C:\Users\LENOVO\Downloads\msys2-x86_64-20230318.exe;C:\WINDOWS\system32;C:\WINDOWS;C:\WINDOWS\System32\Wbem;C:\WINDOWS\System32\WindowsPowerShell\v1.0\;C:\WINDOWS\System32\OpenSSH\;C:\Program Files\Git\cmd;C:\Program Files\Git\bin;C:\Program Files\dotnet\;C:\Users\LENOVO\AppData\Local\Android\Sdk\platform-tools;C:\Users\LENOVO\AppData\Local\Android\Sdk\emulator;C:\Users\LENOVO\Downloads\php-8.3.11-nts-Win32-vs16-x64;C:\ProgramData\ComposerSetup\bin;C:\Program Files\nodejs\;C:\Program Files\Microsoft SQL Server\150\Tools\Binn\;C:\Program Files\Docker\Docker\resources\bin;C:\Program Files\Vagrant\bin;C:\Program Files\Cloudflare\Cloudflare WARP\;C:\Users\LENOVO\scoop\shims;C:\Program Files\MySQL\MySQL Shell 8.0\bin\;C:\Users\LENOVO\AppData\Local\Programs\Python\Launcher\;C:\Python27\python.exe;C:\Users\LENOVO\AppData\Local\Programs\Python\Python311;C:\Users\LENOVO\AppData\Local\Programs\Python\Python311\Scripts\;C:\Python27;C:\Users\LENOVO\AppData\Local\Microsoft\WindowsApps;C:\Program Files\JetBrains\PyCharm Community Edition 2023.1\bin;;C:\Users\LENOVO\AppData\Local\GitHubDesktop\bin;C:\Users\LENOVO\.dotnet\tools;C:\Program Files (x86)\Nmap;C:\Users\LENOVO\AppData\Local\Programs\MiKTeX\miktex\bin\x64\;C:\Users\LENOVO\AppData\Roaming\Composer\vendor\bin;C:\xampp\php;C:\Program Files\JetBrains\IntelliJ IDEA 2024.2.1\bin;;C:\Flex Windows\gcc\bin;C:\Flex Windows\Lex\bin;C:\Flex Windows\bison\bin;C:\Users\LENOVO\AppData\Local\Muse Hub\lib;C:\Users\LENOVO\AppData\Local\Programs\Microsoft VS Code\bin;C:\Users\LENOVO\AppData\Local\Programs\cursor\resources\app\bin;C:\Users\LENOVO\AppData\Roaming\npm;C:\Users\LENOVO\AppData\Local\Programs\Antigravity\bin;
USERNAME=LENOVO
OS=Windows_NT
PROCESSOR_IDENTIFIER=Intel64 Family 6 Model 140 Stepping 2, GenuineIntel
TMP=C:\Users\LENOVO\AppData\Local\Temp
TEMP=C:\Users\LENOVO\AppData\Local\Temp




---------------  S Y S T E M  ---------------

OS:
 Windows 11 , 64 bit Build 26100 (10.0.26100.8115)
OS uptime: 1 days 11:13 hours
Hyper-V role detected

CPU: total 8 (initial active 8) (4 cores per cpu, 2 threads per core) family 6 model 140 stepping 2 microcode 0x26, cx8, cmov, fxsr, ht, mmx, 3dnowpref, sse, sse2, sse3, ssse3, sse4.1, sse4.2, popcnt, lzcnt, tsc, tscinvbit, avx, avx2, aes, erms, clmul, bmi1, bmi2, adx, avx512f, avx512dq, avx512cd, avx512bw, avx512vl, sha, fma, vzeroupper, avx512_vpopcntdq, avx512_vpclmulqdq, avx512_vaes, avx512_vnni, clflush, clflushopt, clwb, avx512_vbmi2, avx512_vbmi, hv, rdtscp, rdpid, fsrm, gfni, avx512_bitalg, f16c, cet_ibt, cet_ss, avx512_ifma

Memory: 4k page, system-wide physical 16167M (2491M free)
TotalPageFile size 21167M (AvailPageFile size 1M)
current process WorkingSet (physical memory assigned to process): 162M, peak: 342M
current process commit charge ("private bytes"): 398M, peak: 401M

vm_info: Java HotSpot(TM) 64-Bit Server VM (20.0.2+9-78) for windows-amd64 JRE (20.0.2+9-78), built on 2023-06-14T10:08:48Z by "mach5one" with MS VC++ 17.1 (VS2022)

END.
