#
# A fatal error has been detected by the Java Runtime Environment:
#
#  EXCEPTION_ACCESS_VIOLATION (0xc0000005) at pc=0x00007ffd83da5724, pid=16568, tid=6396
#
# JRE version: OpenJDK Runtime Environment Temurin-17.0.17+10 (17.0.17+10) (build 17.0.17+10)
# Java VM: OpenJDK 64-Bit Server VM Temurin-17.0.17+10 (17.0.17+10, mixed mode, emulated-client, sharing, tiered, compressed oops, compressed class ptrs, g1 gc, windows-amd64)
# Problematic frame:
# C  [net.dll+0x5724]
#
# No core dump will be written. Minidumps are not enabled by default on client versions of Windows
#
# If you would like to submit a bug report, please visit:
#   https://github.com/adoptium/adoptium-support/issues
# The crash happened outside the Java Virtual Machine in native code.
# See problematic frame for where to report the bug.
#

---------------  S U M M A R Y ------------

Command Line: -XX:TieredStopAtLevel=1 -Dspring.output.ansi.enabled=always -Dcom.sun.management.jmxremote -Dspring.jmx.enabled=true -Dspring.liveBeansView.mbeanDomain -Dspring.application.admin.enabled=true -Dmanagement.endpoints.jmx.exposure.include=* -javaagent:C:\Program Files\JetBrains\IntelliJ IDEA 2024.2.1\lib\idea_rt.jar=29562:C:\Program Files\JetBrains\IntelliJ IDEA 2024.2.1\bin -Dfile.encoding=UTF-8 com.neuroguard.userservice.UserServiceApplication

Host: 11th Gen Intel(R) Core(TM) i5-11320H @ 3.20GHz, 8 cores, 15G,  Windows 11 , 64 bit Build 26100 (10.0.26100.7705)
Time: Thu Mar  5 02:15:39 2026 Paris, Madrid elapsed time: 2787.655384 seconds (0d 0h 46m 27s)

---------------  T H R E A D  ---------------

Current thread (0x00000251dd8db3e0):  JavaThread "tomcat-shutdown" [_thread_in_native, id=6396, stack(0x0000007275a00000,0x0000007275b00000)]

Stack: [0x0000007275a00000,0x0000007275b00000],  sp=0x0000007275afef10,  free space=1019k
Native frames: (J=compiled Java code, j=interpreted, Vv=VM code, C=native code)
C  [net.dll+0x5724]

Java frames: (J=compiled Java code, j=interpreted, Vv=VM code)
j  java.net.NetworkInterface.getAll()[Ljava/net/NetworkInterface;+0 java.base@17.0.17
j  java.net.NetworkInterface.getNetworkInterfaces()Ljava/util/Enumeration;+0 java.base@17.0.17
j  org.apache.tomcat.util.net.AbstractEndpoint.getUnlockAddress(Ljava/net/InetSocketAddress;)Ljava/net/InetSocketAddress;+14
j  org.apache.tomcat.util.net.AbstractEndpoint.unlockAccept()V+109
j  org.apache.tomcat.util.net.NioEndpoint.unlockAccept()V+8
j  org.apache.tomcat.util.net.AbstractEndpoint.pause()V+24
j  org.apache.coyote.AbstractProtocol.pause()V+45
j  org.apache.catalina.connector.Connector.pause()V+11
j  org.springframework.boot.web.embedded.tomcat.GracefulShutdown.close(Lorg/apache/catalina/connector/Connector;)V+1
j  org.springframework.boot.web.embedded.tomcat.GracefulShutdown$$Lambda$2487+0x0000025196578220.accept(Ljava/lang/Object;)V+8
J 3194 c1 java.util.ArrayList.forEach(Ljava/util/function/Consumer;)V java.base@17.0.17 (74 bytes) @ 0x0000025188260d04 [0x0000025188260c60+0x00000000000000a4]
j  org.springframework.boot.web.embedded.tomcat.GracefulShutdown.doShutdown(Lorg/springframework/boot/web/server/GracefulShutdownCallback;Ljava/util/concurrent/CountDownLatch;)V+12
j  org.springframework.boot.web.embedded.tomcat.GracefulShutdown.lambda$shutDownGracefully$0(Lorg/springframework/boot/web/server/GracefulShutdownCallback;Ljava/util/concurrent/CountDownLatch;)V+3
j  org.springframework.boot.web.embedded.tomcat.GracefulShutdown$$Lambda$2486+0x0000025196578000.run()V+12
j  java.lang.Thread.run()V+11 java.base@17.0.17
v  ~StubRoutines::call_stub

siginfo: EXCEPTION_ACCESS_VIOLATION (0xc0000005), reading address 0x00000251dd904008


Registers:
RAX=0x0000000000000001, RBX=0x00000251dd3657a0, RCX=0x0000000000000000, RDX=0x0000000000000000
RSP=0x0000007275afef10, RBP=0x0000000000005184, RSI=0x00000251dd3657a0, RDI=0x00000251dd8db3e0
R8 =0x0000000000000001, R9 =0x0000000000000017, R10=0x0000000000000000, R11=0x0000007275afeeb0
R12=0x0000007275afefa8, R13=0x00000251dd910490, R14=0x0000000000001b2c, R15=0x0000000000000027
RIP=0x00007ffd83da5724, EFLAGS=0x0000000000010287

XMM[0]=0x0000000000000000 0x0000000000000000
XMM[1]=0x6e776f7268740a20 0x2930646461316237
XMM[2]=0x2525252525252525 0x2525252525252525
XMM[3]=0x0000000000000000 0x0000000000000000
XMM[4]=0x0000000000000000 0x0000000000000000
XMM[5]=0x6e6a5c736d697270 0x5c65726168735c74
XMM[6]=0x0000000000000000 0x0000000000000000
XMM[7]=0x0000000000000000 0x0000000000000000
XMM[8]=0x0000000000000000 0x0000000000000000
XMM[9]=0x0000000000000000 0x0000000000000000
XMM[10]=0x0000000000000000 0x0000000000000000
XMM[11]=0x0000000000000000 0x0000000000000000
XMM[12]=0x0000000000000000 0x0000000000000000
XMM[13]=0x0000000000000000 0x0000000000000000
XMM[14]=0x0000000000000000 0x0000000000000000
XMM[15]=0x0000000000000000 0x0000000000000000
  MXCSR=0x00001fa0


Register to memory mapping:

RIP=0x00007ffd83da5724 net.dll
RAX=0x0000000000000001 is an unknown value
RBX=0x00000251dd3657a0 points into unknown readable memory: 0x88072c0000000002 | 02 00 00 00 00 2c 07 88
RCX=0x0 is NULL
RDX=0x0 is NULL
RSP=0x0000007275afef10 is pointing into the stack for thread: 0x00000251dd8db3e0
RBP=0x0000000000005184 is an unknown value
RSI=0x00000251dd3657a0 points into unknown readable memory: 0x88072c0000000002 | 02 00 00 00 00 2c 07 88
RDI=0x00000251dd8db3e0 is a thread
R8 =0x0000000000000001 is an unknown value
R9 =0x0000000000000017 is an unknown value
R10=0x0 is NULL
R11=0x0000007275afeeb0 is pointing into the stack for thread: 0x00000251dd8db3e0
R12=0x0000007275afefa8 is pointing into the stack for thread: 0x00000251dd8db3e0
R13=0x00000251dd910490 points into unknown readable memory: 0x00000251d6a2a780 | 80 a7 a2 d6 51 02 00 00
R14=0x0000000000001b2c is an unknown value
R15=0x0000000000000027 is an unknown value


Top of Stack: (sp=0x0000007275afef10)
0x0000007275afef10:   00000251dd365160 000000000000003a
0x0000007275afef20:   00000251dd8db698 00007ffd83da5fe3
0x0000007275afef30:   0000007275aff0c0 0000007275aff170
0x0000007275afef40:   0000000000000000 000000000000003a
0x0000007275afef50:   00000251dd910490 00007ffd83da6deb
0x0000007275afef60:   00000251dd8db698 00000251dd8db698
0x0000007275afef70:   0000007275aff009 00000251dd910490
0x0000007275afef80:   000000000000003a 0000007200000000
0x0000007275afef90:   0000000000000000 00000251dd8db3e0
0x0000007275afefa0:   00000251dbd432e0 00000251dd8db3e0
0x0000007275afefb0:   00000251952f3c60 00000251dd8db3e0
0x0000007275afefc0:   00000251d8ed8000 00000251dd8db3e0
0x0000007275afefd0:   0000007275aff1d8 0000025187ad909d
0x0000007275afefe0:   0000025187ac8e10 00007ffd00000000
0x0000007275afeff0:   0000007275aff220 0000007275aff1d8
0x0000007275aff000:   0000007275aff1d8 0000025187ad909d
0x0000007275aff010:   0000025187ac8e10 00007ffd00000000
0x0000007275aff020:   0000007275aff220 0000007275aff1d8
0x0000007275aff030:   0000016eb6496585 00000251952f3c60
0x0000007275aff040:   00000251dd8db3e0 0000025195960488
0x0000007275aff050:   0000000000000000 0000007275aff168
0x0000007275aff060:   0000007275aff158 00007ffd83da6028
0x0000007275aff070:   00000251dd8db3e0 ffffffffffffffff
0x0000007275aff080:   0000000000000000 00000251dd8db698
0x0000007275aff090:   0000007275aff170 00000251dd8db698
0x0000007275aff0a0:   0000000000000001 00007ffd83da44f3
0x0000007275aff0b0:   0000007275aff168 0000007275aff158
0x0000007275aff0c0:   00000251dd910490 00007ffd1bf036ee
0x0000007275aff0d0:   00000251dd8db3e0 0000007275aff170
0x0000007275aff0e0:   ffffffffffffffff 0000025187acd0a8
0x0000007275aff0f0:   00000251952f3960 0000007275aff158
0x0000007275aff100:   0000000000000000 0000000000000001 

Instructions: (pc=0x00007ffd83da5724)
0x00007ffd83da5624:   ff ff 48 8b cb 48 8b 5b 40 ff 15 7d 9c 00 00 48
0x00007ffd83da5634:   8b cb 48 85 db 75 ee e9 bf fb ff ff 48 8b cb 48
0x00007ffd83da5644:   8b 5b 40 ff 15 63 9c 00 00 48 8b cb 48 85 db 75
0x00007ffd83da5654:   ee e9 a5 fb ff ff 48 8b cb 48 8b 5b 40 ff 15 49
0x00007ffd83da5664:   9c 00 00 48 8b cb 48 85 db 75 ee e9 8b fb ff ff
0x00007ffd83da5674:   48 89 5c 24 08 48 89 74 24 10 57 48 83 ec 20 48
0x00007ffd83da5684:   8b f2 49 8b f8 48 8d 54 24 48 48 8b d9 e8 96 08
0x00007ffd83da5694:   00 00 85 c0 79 04 33 c0 eb 22 4c 8b 4c 24 48 4c
0x00007ffd83da56a4:   8b c7 48 8b d6 48 8b cb e8 1f 00 00 00 48 8b 4c
0x00007ffd83da56b4:   24 48 8b d8 ff 15 f2 9b 00 00 8b c3 48 8b 5c 24
0x00007ffd83da56c4:   30 48 8b 74 24 38 48 83 c4 20 5f c3 48 8b c4 48
0x00007ffd83da56d4:   89 58 10 48 89 68 18 48 89 70 20 48 89 48 08 57
0x00007ffd83da56e4:   41 54 41 55 41 56 41 57 48 83 ec 20 4c 8b ea 49
0x00007ffd83da56f4:   8b f9 33 d2 4d 8b e0 4d 85 c9 75 07 33 c0 e9 fe
0x00007ffd83da5704:   00 00 00 44 8b fa 48 8b da 44 8b f2 41 39 11 0f
0x00007ffd83da5714:   86 e5 00 00 00 41 8b c6 48 8d 2c 40 41 8b 45 10
0x00007ffd83da5724:   39 44 ef 08 0f 85 bf 00 00 00 39 54 ef 04 0f 84
0x00007ffd83da5734:   b5 00 00 00 b9 48 00 00 00 ff 15 75 9b 00 00 33
0x00007ffd83da5744:   d2 48 8b f0 48 85 c0 0f 84 d1 00 00 00 44 8d 42
0x00007ffd83da5754:   02 66 44 89 00 8b 44 ef 04 89 46 04 41 8b 4d 14
0x00007ffd83da5764:   83 e9 06 74 25 83 e9 03 74 20 83 e9 06 74 1b 83
0x00007ffd83da5774:   e9 08 74 0f 83 e9 01 74 11 83 e9 04 74 05 83 f9
0x00007ffd83da5784:   2b 74 07 66 83 4e 38 ff eb 4e 66 44 89 46 1c ba
0x00007ffd83da5794:   01 00 00 00 8b 4c ef 04 8b 44 ef 0c 23 c8 39 54
0x00007ffd83da57a4:   ef 10 75 06 f7 d0 0b c1 eb 02 8b c1 89 46 20 8b
0x00007ffd83da57b4:   4c ef 0c ff 15 43 9a 00 00 33 d2 8b c8 66 89 56
0x00007ffd83da57c4:   38 85 c0 74 13 0f b7 c2 44 8d 42 01 66 41 03 c0
0x00007ffd83da57d4:   03 c9 75 f8 66 89 46 38 b8 01 00 00 00 48 89 5e
0x00007ffd83da57e4:   40 44 03 f8 48 8b de eb 05 b8 01 00 00 00 44 03
0x00007ffd83da57f4:   f0 44 3b 37 0f 82 1b ff ff ff 49 89 1c 24 41 8b
0x00007ffd83da5804:   c7 48 8b 5c 24 58 48 8b 6c 24 60 48 8b 74 24 68
0x00007ffd83da5814:   48 83 c4 20 41 5f 41 5e 41 5d 41 5c 5f c3 48 8b 


Stack slot to memory mapping:
stack at sp + 0 slots: 0x00000251dd365160 points into unknown readable memory: 0x88071d0000000002 | 02 00 00 00 00 1d 07 88
stack at sp + 1 slots: 0x000000000000003a is an unknown value
stack at sp + 2 slots: 0x00000251dd8db698 points into unknown readable memory: 0x00007ffd1c3f2820 | 20 28 3f 1c fd 7f 00 00
stack at sp + 3 slots: 0x00007ffd83da5fe3 net.dll
stack at sp + 4 slots: 0x0000007275aff0c0 is pointing into the stack for thread: 0x00000251dd8db3e0
stack at sp + 5 slots: 0x0000007275aff170 is pointing into the stack for thread: 0x00000251dd8db3e0
stack at sp + 6 slots: 0x0 is NULL
stack at sp + 7 slots: 0x000000000000003a is an unknown value


Compiled method (c1) 2787700 3194       1       java.util.ArrayList::forEach (74 bytes)
 total in heap  [0x0000025188260a90,0x00000251882610b0] = 1568
 relocation     [0x0000025188260bf0,0x0000025188260c50] = 96
 main code      [0x0000025188260c60,0x0000025188260ec0] = 608
 stub code      [0x0000025188260ec0,0x0000025188260f28] = 104
 metadata       [0x0000025188260f28,0x0000025188260f40] = 24
 scopes data    [0x0000025188260f40,0x0000025188260fc8] = 136
 scopes pcs     [0x0000025188260fc8,0x0000025188261088] = 192
 dependencies   [0x0000025188261088,0x0000025188261090] = 8
 nul chk table  [0x0000025188261090,0x00000251882610b0] = 32

[Constant Pool (empty)]

[MachCode]
[Entry Point]
  # {method} {0x0000025195430100} 'forEach' '(Ljava/util/function/Consumer;)V' in 'java/util/ArrayList'
  # this:     rdx:rdx   = 'java/util/ArrayList'
  # parm0:    r8:r8     = 'java/util/function/Consumer'
  #           [sp+0x90]  (sp of caller)
  0x0000025188260c60: 448b 5208 | 49bb 0000 | 0095 5102 | 0000 4d03 | d34c 3bd0 

  0x0000025188260c74: ;   {runtime_call ic_miss_stub}
  0x0000025188260c74: 0f85 0609 | 8bff 660f | 1f44 0000 
[Verified Entry Point]
  0x0000025188260c80: 8984 2400 | 90ff ff55 | 4881 ec80 | 0000 0048 | 8954 2440 | 4c89 4424 | 4849 83f8 | 000f 842b 
  0x0000025188260ca0: 0100 008b | 720c 8974 | 243c 8b7a | 1448 c1e7 | 0348 897c | 2458 8b5a | 1089 5c24 | 50b8 0000 
  0x0000025188260cc0: 0000 e964 | 0000 0090 | 3bc3 0f8d | 6200 0000 

  0x0000025188260cd0: ; implicit exception: dispatches to 0x0000025188260e46
  0x0000025188260cd0: 3b47 0c0f | 8377 0100 | 0048 63c8 | 8b4c 8f10 | 48c1 e103 | 4d8b c84c | 8bc1 498b | d189 4424 
  0x0000025188260cf0: 380f 1f40 | 0048 b870 | e1c6 db51 

  0x0000025188260cfc: ;   {virtual_call}
  0x0000025188260cfc: 0200 00e8 

  0x0000025188260d00: ; ImmutableOopMap {[64]=Oop [72]=Oop [88]=Oop }
                      ;*invokeinterface accept {reexecute=0 rethrow=0 return_oop=0}
                      ; - java.util.ArrayList::forEach@46 (line 1511)
  0x0000025188260d00: 8cc0 95ff | 8b44 2438 | ffc0 4d8b | 9750 0300 

  0x0000025188260d10: ; ImmutableOopMap {[64]=Oop [72]=Oop [88]=Oop }
                      ;*goto {reexecute=1 rethrow=0 return_oop=0}
                      ; - (reexecute) java.util.ArrayList::forEach@54 (line 1510)
                      ;   {poll}
  0x0000025188260d10: 0041 8502 | 8b5c 2450 | 488b 7c24 | 588b 7424 | 3c4c 8b44 | 2448 488b | 5424 408b | 4a0c 3bce 
  0x0000025188260d30: 7496 3bce | 0f85 1600 | 0000 4881 | c480 0000 

  0x0000025188260d40: ;   {poll_return}
  0x0000025188260d40: 005d 493b | a748 0300 | 000f 870f | 0100 00c3 

  0x0000025188260d50: ;   {metadata('java/util/ConcurrentModificationException')}
  0x0000025188260d50: 48ba b870 | 1496 5102 | 0000 80ba | 3301 0000 | 040f 8512 | 0100 0049 | 8b87 0801 | 0000 488d 
  0x0000025188260d70: 7828 493b | bf18 0100 | 000f 87fa | 0000 0049 | 89bf 0801 | 0000 48c7 | 0001 0000 | 0048 8bca 
  0x0000025188260d90: 49ba 0000 | 0095 5102 | 0000 492b | ca89 4808 | 4833 c989 | 480c 4833 | c948 8948 | 1048 8948 
  0x0000025188260db0: 1848 8948 | 2048 8bd0 | 4889 4424 

  0x0000025188260dbc: ;   {optimized virtual_call}
  0x0000025188260dbc: 6066 90e8 

  0x0000025188260dc0: ; ImmutableOopMap {[96]=Oop }
                      ;*invokespecial <init> {reexecute=0 rethrow=0 return_oop=0}
                      ; - java.util.ArrayList::forEach@69 (line 1513)
  0x0000025188260dc0: 3c0d 8bff | 488b 4424 | 60e9 e100 

  0x0000025188260dcc: ;   {metadata('java/lang/NullPointerException')}
  0x0000025188260dcc: 0000 48ba | 301a 0695 | 5102 0000 | 498b 8708 | 0100 0048 | 8d78 3049 | 3bbf 1801 | 0000 0f87 
  0x0000025188260dec: 9600 0000 | 4989 bf08 | 0100 0048 | c700 0100 | 0000 488b | ca49 ba00 | 0000 9551 | 0200 0049 
  0x0000025188260e0c: 2bca 8948 | 0848 33c9 | 8948 0c48 | 33c9 4889 | 4810 4889 | 4818 4889 | 4820 4889 | 4828 488b 
  0x0000025188260e2c: d048 8944 | 2468 0f1f 

  0x0000025188260e34: ;   {optimized virtual_call}
  0x0000025188260e34: 4400 00e8 

  0x0000025188260e38: ; ImmutableOopMap {[72]=Oop [104]=Oop [64]=Oop }
                      ;*invokespecial <init> {reexecute=0 rethrow=0 return_oop=0}
                      ; - java.util.Objects::requireNonNull@8 (line 209)
                      ; - java.util.ArrayList::forEach@1 (line 1506)
  0x0000025188260e38: c40c 8bff | 488b 4424 | 68e9 6900 

  0x0000025188260e44: ;   {runtime_call throw_null_pointer_exception Runtime1 stub}
  0x0000025188260e44: 0000 e8d5 

  0x0000025188260e48: ; ImmutableOopMap {rdi=Oop [88]=Oop [64]=Oop r8=Oop [72]=Oop }
                      ;*aaload {reexecute=0 rethrow=0 return_oop=0}
                      ; - java.util.ArrayList::elementAt@2 (line 416)
                      ; - java.util.ArrayList::forEach@43 (line 1511)
                      ;   {runtime_call throw_null_pointer_exception Runtime1 stub}
  0x0000025188260e48: 3095 ffe8 

  0x0000025188260e4c: ; ImmutableOopMap {rdi=Oop [88]=Oop [64]=Oop r8=Oop [72]=Oop }
                      ;*aaload {reexecute=0 rethrow=0 return_oop=0}
                      ; - java.util.ArrayList::elementAt@2 (line 416)
                      ; - java.util.ArrayList::forEach@43 (line 1511)
  0x0000025188260e4c: d030 95ff | 4889 0424 | 4889 7c24 

  0x0000025188260e58: ;   {runtime_call throw_range_check_failed Runtime1 stub}
  0x0000025188260e58: 08e8 c227 

  0x0000025188260e5c: ; ImmutableOopMap {rdi=Oop [88]=Oop [64]=Oop r8=Oop [72]=Oop }
                      ;*aaload {reexecute=0 rethrow=0 return_oop=0}
                      ; - java.util.ArrayList::elementAt@2 (line 416)
                      ; - java.util.ArrayList::forEach@43 (line 1511)
                      ;   {internal_word}
  0x0000025188260e5c: 95ff 49ba | 420d 2688 | 5102 0000 | 4d89 9760 

  0x0000025188260e6c: ;   {runtime_call SafepointBlob}
  0x0000025188260e6c: 0300 00e9 | 0c81 8bff 

  0x0000025188260e74: ;   {runtime_call throw_null_pointer_exception Runtime1 stub}
  0x0000025188260e74: e8a7 3095 

  0x0000025188260e78: ; ImmutableOopMap {}
                      ;*new {reexecute=0 rethrow=0 return_oop=0}
                      ; - java.util.ArrayList::forEach@65 (line 1513)
  0x0000025188260e78: ff48 8bd2 

  0x0000025188260e7c: ;   {runtime_call fast_new_instance_init_check Runtime1 stub}
  0x0000025188260e7c: e87f 3f95 

  0x0000025188260e80: ; ImmutableOopMap {}
                      ;*new {reexecute=0 rethrow=0 return_oop=0}
                      ; - java.util.ArrayList::forEach@65 (line 1513)
  0x0000025188260e80: ffe9 2fff | ffff 488b 

  0x0000025188260e88: ;   {runtime_call fast_new_instance Runtime1 stub}
  0x0000025188260e88: d2e8 723b 

  0x0000025188260e8c: ; ImmutableOopMap {[72]=Oop [64]=Oop }
                      ;*new {reexecute=0 rethrow=0 return_oop=0}
                      ; - java.util.Objects::requireNonNull@4 (line 209)
                      ; - java.util.ArrayList::forEach@1 (line 1506)
  0x0000025188260e8c: 95ff eb9a | 9090 498b | 87d8 0300 | 0049 c787 | d803 0000 | 0000 0000 | 49c7 87e0 | 0300 0000 
  0x0000025188260eac: 0000 0048 | 81c4 8000 

  0x0000025188260eb4: ;   {runtime_call unwind_exception Runtime1 stub}
  0x0000025188260eb4: 0000 5de9 | 4421 95ff | f4f4 f4f4 
[Stub Code]
  0x0000025188260ec0: ;   {no_reloc}
  0x0000025188260ec0: 0f1f 4400 

  0x0000025188260ec4: ;   {static_stub}
  0x0000025188260ec4: 0048 bb00 | 0000 0000 

  0x0000025188260ecc: ;   {runtime_call}
  0x0000025188260ecc: 0000 00e9 | fbff ffff 

  0x0000025188260ed4: ;   {static_stub}
  0x0000025188260ed4: 9048 bb00 | 0000 0000 

  0x0000025188260edc: ;   {runtime_call}
  0x0000025188260edc: 0000 00e9 | fbff ffff 

  0x0000025188260ee4: ;   {static_stub}
  0x0000025188260ee4: 9048 bb00 | 0000 0000 

  0x0000025188260eec: ;   {runtime_call}
  0x0000025188260eec: 0000 00e9 | fbff ffff 
[Exception Handler]
  0x0000025188260ef4: ;   {runtime_call handle_exception_from_callee Runtime1 stub}
  0x0000025188260ef4: e807 5695 

  0x0000025188260ef8: ;   {external_word}
  0x0000025188260ef8: ff48 b900 | fa1f 1cfd | 7f00 0048 

  0x0000025188260f04: ;   {runtime_call}
  0x0000025188260f04: 83e4 f049 | ba00 8fe8 | 1bfd 7f00 | 0041 ffd2 

  0x0000025188260f14: ;   {section_word}
  0x0000025188260f14: f449 ba15 | 0f26 8851 | 0200 0041 

  0x0000025188260f20: ;   {runtime_call DeoptimizationBlob}
  0x0000025188260f20: 52e9 fa94 | 8bff f4f4 
[/MachCode]


---------------  P R O C E S S  ---------------

Threads class SMR info:
_java_thread_list=0x00000251dd833ee0, length=42, elements={
0x00000251d6010df0, 0x00000251d60119b0, 0x00000251d6022ef0, 0x00000251d60238c0,
0x00000251d60272a0, 0x00000251d6027c60, 0x00000251d602c640, 0x00000251d6039060,
0x00000251d6000080, 0x00000251d68160f0, 0x00000251d68165d0, 0x00000251d6996030,
0x00000251db5609d0, 0x00000251db54e660, 0x00000251db54dc40, 0x00000251db54eb70,
0x00000251db54d730, 0x00000251db54faa0, 0x00000251db54ffb0, 0x00000251db54e150,
0x00000251dd42f3e0, 0x00000251dd42dfa0, 0x00000251dd430310, 0x00000251dd42f8f0,
0x00000251dd42e9c0, 0x00000251dd42fe00, 0x00000251dd42d580, 0x00000251dd430820,
0x00000251dd42eed0, 0x00000251dd42e4b0, 0x00000251dd42d070, 0x00000251dd42da90,
0x00000251dd8daed0, 0x00000251dd8d9070, 0x00000251dd8dc820, 0x00000251dd8da4b0,
0x00000251dd8dcd30, 0x00000251dd8dd240, 0x00000251dd8d9fa0, 0x00000251dd8d9580,
0x00000251dd8dbe00, 0x00000251dd8db3e0
}

Java Threads: ( => current thread )
  0x00000251d6010df0 JavaThread "Reference Handler" daemon [_thread_blocked, id=9812, stack(0x0000007275000000,0x0000007275100000)]
  0x00000251d60119b0 JavaThread "Finalizer" daemon [_thread_blocked, id=19004, stack(0x0000007275100000,0x0000007275200000)]
  0x00000251d6022ef0 JavaThread "Signal Dispatcher" daemon [_thread_blocked, id=3660, stack(0x0000007275200000,0x0000007275300000)]
  0x00000251d60238c0 JavaThread "Attach Listener" daemon [_thread_blocked, id=17144, stack(0x0000007275300000,0x0000007275400000)]
  0x00000251d60272a0 JavaThread "Service Thread" daemon [_thread_blocked, id=16200, stack(0x0000007275400000,0x0000007275500000)]
  0x00000251d6027c60 JavaThread "Monitor Deflation Thread" daemon [_thread_blocked, id=15620, stack(0x0000007275500000,0x0000007275600000)]
  0x00000251d602c640 JavaThread "C1 CompilerThread0" daemon [_thread_blocked, id=10656, stack(0x0000007275600000,0x0000007275700000)]
  0x00000251d6039060 JavaThread "Sweeper thread" daemon [_thread_blocked, id=17268, stack(0x0000007275700000,0x0000007275800000)]
  0x00000251d6000080 JavaThread "Common-Cleaner" daemon [_thread_blocked, id=6688, stack(0x0000007275800000,0x0000007275900000)]
  0x00000251d68160f0 JavaThread "Monitor Ctrl-Break" daemon [_thread_in_native, id=17688, stack(0x0000007275b00000,0x0000007275c00000)]
  0x00000251d68165d0 JavaThread "Notification Thread" daemon [_thread_blocked, id=8952, stack(0x0000007275c00000,0x0000007275d00000)]
  0x00000251d6996030 JavaThread "RMI TCP Accept-0" daemon [_thread_in_native, id=14876, stack(0x0000007275d00000,0x0000007275e00000)]
  0x00000251db5609d0 JavaThread "RMI Scheduler(0)" daemon [_thread_blocked, id=1452, stack(0x0000007276a00000,0x0000007276b00000)]
  0x00000251db54e660 JavaThread "Catalina-utility-1" [_thread_blocked, id=12780, stack(0x0000007276c00000,0x0000007276d00000)]
  0x00000251db54dc40 JavaThread "Catalina-utility-2" [_thread_blocked, id=5192, stack(0x0000007276f00000,0x0000007277000000)]
  0x00000251db54eb70 JavaThread "container-0" [_thread_blocked, id=1288, stack(0x0000007277000000,0x0000007277100000)]
  0x00000251db54d730 JavaThread "mysql-cj-abandoned-connection-cleanup" daemon [_thread_blocked, id=13708, stack(0x0000007277100000,0x0000007277200000)]
  0x00000251db54faa0 JavaThread "HikariPool-1:housekeeper" daemon [_thread_blocked, id=2632, stack(0x0000007277300000,0x0000007277400000)]
  0x00000251db54ffb0 JavaThread "Live Reload Server" daemon [_thread_in_native, id=17336, stack(0x0000007277500000,0x0000007277600000)]
  0x00000251db54e150 JavaThread "spectator-gauge-polling-0" daemon [_thread_blocked, id=4976, stack(0x0000007275900000,0x0000007275a00000)]
  0x00000251dd42f3e0 JavaThread "AsyncResolver-bootstrap-%d" daemon [_thread_blocked, id=15752, stack(0x0000007277600000,0x0000007277700000)]
  0x00000251dd42dfa0 JavaThread "DiscoveryClient-%d" daemon [_thread_blocked, id=6632, stack(0x0000007277900000,0x0000007277a00000)]
  0x00000251dd430310 JavaThread "DiscoveryClient-%d" daemon [_thread_blocked, id=8368, stack(0x0000007277a00000,0x0000007277b00000)]
  0x00000251dd42f8f0 JavaThread "DiscoveryClient-InstanceInfoReplicator-%d" daemon [_thread_blocked, id=5476, stack(0x0000007277b00000,0x0000007277c00000)]
  0x00000251dd42e9c0 JavaThread "http-nio-8081-exec-1" daemon [_thread_blocked, id=7676, stack(0x0000007277c00000,0x0000007277d00000)]
  0x00000251dd42fe00 JavaThread "http-nio-8081-exec-2" daemon [_thread_blocked, id=2792, stack(0x0000007277d00000,0x0000007277e00000)]
  0x00000251dd42d580 JavaThread "http-nio-8081-exec-3" daemon [_thread_blocked, id=9560, stack(0x0000007277e00000,0x0000007277f00000)]
  0x00000251dd430820 JavaThread "http-nio-8081-exec-4" daemon [_thread_blocked, id=13060, stack(0x0000007277f00000,0x0000007278000000)]
  0x00000251dd42eed0 JavaThread "http-nio-8081-exec-5" daemon [_thread_blocked, id=15028, stack(0x0000007278000000,0x0000007278100000)]
  0x00000251dd42e4b0 JavaThread "http-nio-8081-exec-6" daemon [_thread_blocked, id=1520, stack(0x0000007278100000,0x0000007278200000)]
  0x00000251dd42d070 JavaThread "http-nio-8081-exec-7" daemon [_thread_blocked, id=11164, stack(0x0000007278200000,0x0000007278300000)]
  0x00000251dd42da90 JavaThread "http-nio-8081-exec-8" daemon [_thread_blocked, id=18168, stack(0x0000007278300000,0x0000007278400000)]
  0x00000251dd8daed0 JavaThread "http-nio-8081-exec-9" daemon [_thread_blocked, id=8344, stack(0x0000007278400000,0x0000007278500000)]
  0x00000251dd8d9070 JavaThread "http-nio-8081-exec-10" daemon [_thread_blocked, id=17752, stack(0x0000007278500000,0x0000007278600000)]
  0x00000251dd8dc820 JavaThread "http-nio-8081-Poller" daemon [_thread_in_native, id=19436, stack(0x0000007278600000,0x0000007278700000)]
  0x00000251dd8da4b0 JavaThread "http-nio-8081-Acceptor" daemon [_thread_in_native, id=9644, stack(0x0000007278700000,0x0000007278800000)]
  0x00000251dd8dcd30 JavaThread "DestroyJavaVM" [_thread_blocked, id=19252, stack(0x0000007274900000,0x0000007274a00000)]
  0x00000251dd8dd240 JavaThread "DiscoveryClient-HeartbeatExecutor-%d" daemon [_thread_blocked, id=7944, stack(0x0000007277400000,0x0000007277500000)]
  0x00000251dd8d9fa0 JavaThread "DiscoveryClient-CacheRefreshExecutor-%d" daemon [_thread_blocked, id=7640, stack(0x0000007277800000,0x0000007277900000)]
  0x00000251dd8d9580 JavaThread "AsyncResolver-bootstrap-executor-%d" daemon [_thread_blocked, id=8736, stack(0x0000007274800000,0x0000007274900000)]
  0x00000251dd8dbe00 JavaThread "Thread-7" [_thread_blocked, id=3724, stack(0x0000007274600000,0x0000007274700000)]
=>0x00000251dd8db3e0 JavaThread "tomcat-shutdown" [_thread_in_native, id=6396, stack(0x0000007275a00000,0x0000007275b00000)]

Other Threads:
  0x00000251d600d8c0 VMThread "VM Thread" [stack: 0x0000007274f00000,0x0000007275000000] [id=1484]
  0x00000251fe137c60 WatcherThread [stack: 0x0000007275e00000,0x0000007275f00000] [id=10808]
  0x00000251fe1a3c10 GCTaskThread "GC Thread#0" [stack: 0x0000007274a00000,0x0000007274b00000] [id=2040]
  0x00000251d6c67e60 GCTaskThread "GC Thread#1" [stack: 0x0000007275f00000,0x0000007276000000] [id=17432]
  0x00000251d6a2df80 GCTaskThread "GC Thread#2" [stack: 0x0000007276000000,0x0000007276100000] [id=4072]
  0x00000251d6a2ea60 GCTaskThread "GC Thread#3" [stack: 0x0000007276100000,0x0000007276200000] [id=17648]
  0x00000251d6a2ed20 GCTaskThread "GC Thread#4" [stack: 0x0000007276200000,0x0000007276300000] [id=5644]
  0x00000251d6a2f800 GCTaskThread "GC Thread#5" [stack: 0x0000007276300000,0x0000007276400000] [id=12736]
  0x00000251db3c7780 GCTaskThread "GC Thread#6" [stack: 0x0000007276500000,0x0000007276600000] [id=19344]
  0x00000251db6ef760 GCTaskThread "GC Thread#7" [stack: 0x0000007276d00000,0x0000007276e00000] [id=4664]
  0x00000251fe1b0a20 ConcurrentGCThread "G1 Main Marker" [stack: 0x0000007274b00000,0x0000007274c00000] [id=8052]
  0x00000251fe1b1e10 ConcurrentGCThread "G1 Conc#0" [stack: 0x0000007274c00000,0x0000007274d00000] [id=16088]
  0x00000251db6efce0 ConcurrentGCThread "G1 Conc#1" [stack: 0x0000007276e00000,0x0000007276f00000] [id=5884]
  0x0000025194bfbd70 ConcurrentGCThread "G1 Refine#0" [stack: 0x0000007274d00000,0x0000007274e00000] [id=1700]
  0x00000251d6ca05a0 ConcurrentGCThread "G1 Refine#1" [stack: 0x0000007276400000,0x0000007276500000] [id=10456]
  0x0000025194bfc640 ConcurrentGCThread "G1 Service" [stack: 0x0000007274e00000,0x0000007274f00000] [id=2176]

Threads with active compile tasks:

VM state: not at safepoint (normal execution)

VM Mutex/Monitor currently owned by a thread: None

Heap address: 0x0000000703600000, size: 4042 MB, Compressed Oops mode: Zero based, Oop shift amount: 3

CDS archive(s) mapped at: [0x0000025195000000-0x0000025195bb0000-0x0000025195bb0000), size 12255232, SharedBaseAddress: 0x0000025195000000, ArchiveRelocationMode: 1.
Compressed class space mapped at: 0x0000025196000000-0x00000251d6000000, reserved size: 1073741824
Narrow klass base: 0x0000025195000000, Narrow klass shift: 0, Narrow klass range: 0x100000000

GC Precious Log:
 CPUs: 8 total, 8 available
 Memory: 16167M
 Large Page Support: Disabled
 NUMA Support: Disabled
 Compressed Oops: Enabled (Zero based)
 Heap Region Size: 2M
 Heap Min Capacity: 8M
 Heap Initial Capacity: 254M
 Heap Max Capacity: 4042M
 Pre-touch: Disabled
 Parallel Workers: 8
 Concurrent Workers: 2
 Concurrent Refinement Workers: 8
 Periodic GC: Disabled

Heap:
 garbage-first heap   total 110592K, used 83268K [0x0000000703600000, 0x0000000800000000)
  region size 2048K, 20 young (40960K), 1 survivors (2048K)
 Metaspace       used 85779K, committed 86784K, reserved 1179648K
  class space    used 12681K, committed 13056K, reserved 1048576K

Heap Regions: E=young(eden), S=young(survivor), O=old, HS=humongous(starts), HC=humongous(continues), CS=collection set, F=free, OA=open archive, CA=closed archive, TAMS=top-at-mark-start (previous, next)
|   0|0x0000000703600000, 0x0000000703800000, 0x0000000703800000|100%| O|  |TAMS 0x0000000703800000, 0x0000000703600000| Untracked 
|   1|0x0000000703800000, 0x0000000703a00000, 0x0000000703a00000|100%| O|  |TAMS 0x0000000703a00000, 0x0000000703800000| Untracked 
|   2|0x0000000703a00000, 0x0000000703c00000, 0x0000000703c00000|100%| O|  |TAMS 0x0000000703c00000, 0x0000000703a00000| Untracked 
|   3|0x0000000703c00000, 0x0000000703e00000, 0x0000000703e00000|100%| O|  |TAMS 0x0000000703e00000, 0x0000000703c00000| Untracked 
|   4|0x0000000703e00000, 0x0000000704000000, 0x0000000704000000|100%| O|  |TAMS 0x0000000703e00000, 0x0000000703e00000| Untracked 
|   5|0x0000000704000000, 0x0000000704200000, 0x0000000704200000|100%| O|  |TAMS 0x0000000704200000, 0x0000000704000000| Untracked 
|   6|0x0000000704200000, 0x0000000704400000, 0x0000000704400000|100%| O|  |TAMS 0x0000000704400000, 0x0000000704200000| Untracked 
|   7|0x0000000704400000, 0x0000000704476600, 0x0000000704600000| 23%| O|  |TAMS 0x0000000704400000, 0x0000000704400000| Untracked 
|   8|0x0000000704600000, 0x0000000704800000, 0x0000000704800000|100%| O|  |TAMS 0x0000000704800000, 0x0000000704600000| Untracked 
|   9|0x0000000704800000, 0x0000000704a00000, 0x0000000704a00000|100%| O|  |TAMS 0x0000000704a00000, 0x0000000704800000| Untracked 
|  10|0x0000000704a00000, 0x0000000704a00000, 0x0000000704c00000|  0%| F|  |TAMS 0x0000000704a00000, 0x0000000704a00000| Untracked 
|  11|0x0000000704c00000, 0x0000000704e00000, 0x0000000704e00000|100%| O|  |TAMS 0x0000000704e00000, 0x0000000704c00000| Untracked 
|  12|0x0000000704e00000, 0x0000000705000000, 0x0000000705000000|100%| O|  |TAMS 0x0000000705000000, 0x0000000704e00000| Untracked 
|  13|0x0000000705000000, 0x0000000705200000, 0x0000000705200000|100%| O|  |TAMS 0x0000000705200000, 0x0000000705000000| Untracked 
|  14|0x0000000705200000, 0x0000000705200000, 0x0000000705400000|  0%| F|  |TAMS 0x0000000705200000, 0x0000000705200000| Untracked 
|  15|0x0000000705400000, 0x0000000705400000, 0x0000000705600000|  0%| F|  |TAMS 0x0000000705400000, 0x0000000705400000| Untracked 
|  16|0x0000000705600000, 0x0000000705600000, 0x0000000705800000|  0%| F|  |TAMS 0x0000000705600000, 0x0000000705600000| Untracked 
|  17|0x0000000705800000, 0x0000000705a00000, 0x0000000705a00000|100%| O|  |TAMS 0x0000000705a00000, 0x0000000705800000| Untracked 
|  18|0x0000000705a00000, 0x0000000705c00000, 0x0000000705c00000|100%| O|  |TAMS 0x0000000705c00000, 0x0000000705a00000| Untracked 
|  19|0x0000000705c00000, 0x0000000705e00000, 0x0000000705e00000|100%| O|  |TAMS 0x0000000705e00000, 0x0000000705c00000| Untracked 
|  20|0x0000000705e00000, 0x0000000706000000, 0x0000000706000000|100%| O|  |TAMS 0x0000000706000000, 0x0000000705e00000| Untracked 
|  21|0x0000000706000000, 0x0000000706000000, 0x0000000706200000|  0%| F|  |TAMS 0x0000000706000000, 0x0000000706000000| Untracked 
|  22|0x0000000706200000, 0x0000000706200000, 0x0000000706400000|  0%| F|  |TAMS 0x0000000706200000, 0x0000000706200000| Untracked 
|  23|0x0000000706400000, 0x0000000706600000, 0x0000000706600000|100%| O|  |TAMS 0x0000000706600000, 0x0000000706400000| Untracked 
|  24|0x0000000706600000, 0x0000000706800000, 0x0000000706800000|100%| O|  |TAMS 0x0000000706800000, 0x0000000706600000| Untracked 
|  25|0x0000000706800000, 0x0000000706a00000, 0x0000000706a00000|100%| O|  |TAMS 0x0000000706993600, 0x0000000706800000| Untracked 
|  26|0x0000000706a00000, 0x0000000706c00000, 0x0000000706c00000|100%| O|  |TAMS 0x0000000706a00000, 0x0000000706a00000| Untracked 
|  27|0x0000000706c00000, 0x0000000706e00000, 0x0000000706e00000|100%| O|  |TAMS 0x0000000706c00000, 0x0000000706c00000| Untracked 
|  28|0x0000000706e00000, 0x0000000707000000, 0x0000000707000000|100%| O|  |TAMS 0x0000000706e00000, 0x0000000706e00000| Untracked 
|  29|0x0000000707000000, 0x0000000707000000, 0x0000000707200000|  0%| F|  |TAMS 0x0000000707000000, 0x0000000707000000| Untracked 
|  30|0x0000000707200000, 0x0000000707200000, 0x0000000707400000|  0%| F|  |TAMS 0x0000000707200000, 0x0000000707200000| Untracked 
|  31|0x0000000707400000, 0x0000000707400000, 0x0000000707600000|  0%| F|  |TAMS 0x0000000707400000, 0x0000000707400000| Untracked 
|  32|0x0000000707600000, 0x0000000707600000, 0x0000000707800000|  0%| F|  |TAMS 0x0000000707600000, 0x0000000707600000| Untracked 
|  33|0x0000000707800000, 0x0000000707800000, 0x0000000707a00000|  0%| F|  |TAMS 0x0000000707800000, 0x0000000707800000| Untracked 
|  34|0x0000000707a00000, 0x0000000707b28280, 0x0000000707c00000| 57%| E|  |TAMS 0x0000000707a00000, 0x0000000707a00000| Complete 
|  35|0x0000000707c00000, 0x0000000707e00000, 0x0000000707e00000|100%| E|CS|TAMS 0x0000000707c00000, 0x0000000707c00000| Complete 
|  36|0x0000000707e00000, 0x0000000708000000, 0x0000000708000000|100%| E|CS|TAMS 0x0000000707e00000, 0x0000000707e00000| Complete 
|  37|0x0000000708000000, 0x0000000708200000, 0x0000000708200000|100%| E|CS|TAMS 0x0000000708000000, 0x0000000708000000| Complete 
|  38|0x0000000708200000, 0x0000000708400000, 0x0000000708400000|100%| E|CS|TAMS 0x0000000708200000, 0x0000000708200000| Complete 
|  39|0x0000000708400000, 0x0000000708600000, 0x0000000708600000|100%| E|CS|TAMS 0x0000000708400000, 0x0000000708400000| Complete 
|  40|0x0000000708600000, 0x0000000708800000, 0x0000000708800000|100%| E|CS|TAMS 0x0000000708600000, 0x0000000708600000| Complete 
|  41|0x0000000708800000, 0x0000000708a00000, 0x0000000708a00000|100%| E|CS|TAMS 0x0000000708800000, 0x0000000708800000| Complete 
|  42|0x0000000708a00000, 0x0000000708c00000, 0x0000000708c00000|100%| E|CS|TAMS 0x0000000708a00000, 0x0000000708a00000| Complete 
|  43|0x0000000708c00000, 0x0000000708e00000, 0x0000000708e00000|100%| E|CS|TAMS 0x0000000708c00000, 0x0000000708c00000| Complete 
|  44|0x0000000708e00000, 0x0000000709000000, 0x0000000709000000|100%| E|CS|TAMS 0x0000000708e00000, 0x0000000708e00000| Complete 
|  45|0x0000000709000000, 0x0000000709200000, 0x0000000709200000|100%| E|CS|TAMS 0x0000000709000000, 0x0000000709000000| Complete 
|  46|0x0000000709200000, 0x0000000709400000, 0x0000000709400000|100%| E|CS|TAMS 0x0000000709200000, 0x0000000709200000| Complete 
|  47|0x0000000709400000, 0x0000000709600000, 0x0000000709600000|100%| E|CS|TAMS 0x0000000709400000, 0x0000000709400000| Complete 
|  48|0x0000000709600000, 0x0000000709800000, 0x0000000709800000|100%| E|CS|TAMS 0x0000000709600000, 0x0000000709600000| Complete 
|  49|0x0000000709800000, 0x0000000709a00000, 0x0000000709a00000|100%| E|CS|TAMS 0x0000000709800000, 0x0000000709800000| Complete 
|  50|0x0000000709a00000, 0x0000000709c00000, 0x0000000709c00000|100%| E|CS|TAMS 0x0000000709a00000, 0x0000000709a00000| Complete 
|  51|0x0000000709c00000, 0x0000000709cdaa78, 0x0000000709e00000| 42%| S|CS|TAMS 0x0000000709c00000, 0x0000000709c00000| Complete 
|  52|0x0000000709e00000, 0x000000070a000000, 0x000000070a000000|100%| E|CS|TAMS 0x0000000709e00000, 0x0000000709e00000| Complete 
| 126|0x0000000713200000, 0x0000000713400000, 0x0000000713400000|100%| E|CS|TAMS 0x0000000713200000, 0x0000000713200000| Complete 

Card table byte_map: [0x00000251fead0000,0x00000251ff2c0000] _byte_map_base: 0x00000251fb2b5000

Marking Bits (Prev, Next): (CMBitMap*) 0x00000251fe1a4230, (CMBitMap*) 0x00000251fe1a4270
 Prev Bits: [0x000002518aac0000, 0x000002518e9e8000)
 Next Bits: [0x000002518e9f0000, 0x0000025192918000)

Polling page: 0x00000251fc2e0000

Metaspace:

Usage:
  Non-class:     71.38 MB used.
      Class:     12.38 MB used.
       Both:     83.77 MB used.

Virtual space:
  Non-class space:      128.00 MB reserved,      72.00 MB ( 56%) committed,  2 nodes.
      Class space:        1.00 GB reserved,      12.75 MB (  1%) committed,  1 nodes.
             Both:        1.12 GB reserved,      84.75 MB (  7%) committed. 

Chunk freelists:
   Non-Class:  8.11 MB
       Class:  3.33 MB
        Both:  11.44 MB

MaxMetaspaceSize: unlimited
CompressedClassSpaceSize: 1.00 GB
Initial GC threshold: 21.00 MB
Current GC threshold: 141.25 MB
CDS: on
MetaspaceReclaimPolicy: balanced
 - commit_granule_bytes: 65536.
 - commit_granule_words: 8192.
 - virtual_space_node_default_size: 8388608.
 - enlarge_chunks_in_place: 1.
 - new_chunks_are_fully_committed: 0.
 - uncommit_free_chunks: 1.
 - use_allocation_guard: 0.
 - handle_deallocations: 1.


Internal statistics:

num_allocs_failed_limit: 9.
num_arena_births: 1144.
num_arena_deaths: 368.
num_vsnodes_births: 3.
num_vsnodes_deaths: 0.
num_space_committed: 1356.
num_space_uncommitted: 0.
num_chunks_returned_to_freelist: 436.
num_chunks_taken_from_freelist: 4369.
num_chunk_merges: 145.
num_chunk_splits: 3103.
num_chunks_enlarged: 2405.
num_inconsistent_stats: 0.

CodeCache: size=49152Kb used=15460Kb max_used=17019Kb free=33692Kb
 bounds [0x0000025187ac0000, 0x0000025188be0000, 0x000002518aac0000]
 total_blobs=9627 nmethods=8935 adapters=619
 compilation: enabled
              stopped_count=0, restarted_count=0
 full_count=0

Compilation events (20 events):
Event: 2781.782 Thread 0x00000251d602c640 8926       1       com.fasterxml.jackson.databind.util.LRUMap::put (10 bytes)
Event: 2781.782 Thread 0x00000251d602c640 nmethod 8926 0x0000025188a04390 code [0x0000025188a04540, 0x0000025188a04628]
Event: 2781.782 Thread 0x00000251d602c640 8927       1       com.fasterxml.jackson.databind.util.internal.PrivateMaxEntriesMap::put (8 bytes)
Event: 2781.782 Thread 0x00000251d602c640 nmethod 8927 0x0000025188a04090 code [0x0000025188a04220, 0x0000025188a04308]
Event: 2781.782 Thread 0x00000251d602c640 8928       1       com.fasterxml.jackson.databind.cfg.ConfigOverrides::findFormatDefaults (74 bytes)
Event: 2781.783 Thread 0x00000251d602c640 nmethod 8928 0x0000025188a03990 code [0x0000025188a03b80, 0x0000025188a03f08]
Event: 2781.783 Thread 0x00000251d602c640 8929       1       com.fasterxml.jackson.annotation.JsonIgnoreProperties$Value::empty (4 bytes)
Event: 2781.783 Thread 0x00000251d602c640 nmethod 8929 0x0000025188a03690 code [0x0000025188a03820, 0x0000025188a038d8]
Event: 2781.783 Thread 0x00000251d602c640 8930       1       com.fasterxml.jackson.annotation.JsonIncludeProperties$Value::all (4 bytes)
Event: 2781.783 Thread 0x00000251d602c640 nmethod 8930 0x0000025188a03390 code [0x0000025188a03520, 0x0000025188a035d8]
Event: 2781.783 Thread 0x00000251d602c640 8931       1       com.fasterxml.jackson.databind.cfg.BaseSettings::getAccessorNaming (5 bytes)
Event: 2781.783 Thread 0x00000251d602c640 nmethod 8931 0x0000025188a03090 code [0x0000025188a03220, 0x0000025188a032f8]
Event: 2781.783 Thread 0x00000251d602c640 8932       1       com.fasterxml.jackson.databind.introspect.POJOPropertiesCollector::getType (5 bytes)
Event: 2781.783 Thread 0x00000251d602c640 nmethod 8932 0x0000025188a02d90 code [0x0000025188a02f20, 0x0000025188a02ff8]
Event: 2781.783 Thread 0x00000251d602c640 8933       1       com.fasterxml.jackson.databind.introspect.POJOPropertiesCollector::getClassDef (5 bytes)
Event: 2781.783 Thread 0x00000251d602c640 nmethod 8933 0x0000025188a02a90 code [0x0000025188a02c20, 0x0000025188a02cf8]
Event: 2781.783 Thread 0x00000251d602c640 8934       1       com.fasterxml.jackson.databind.introspect.POJOPropertiesCollector::getConfig (5 bytes)
Event: 2781.783 Thread 0x00000251d602c640 nmethod 8934 0x0000025188a02790 code [0x0000025188a02920, 0x0000025188a029f8]
Event: 2781.785 Thread 0x00000251d602c640 8935       1       com.fasterxml.jackson.core.JsonGenerator$Feature::getMask (5 bytes)
Event: 2781.785 Thread 0x00000251d602c640 nmethod 8935 0x0000025188a02490 code [0x0000025188a02620, 0x0000025188a026f8]

GC Heap History (20 events):
Event: 5.728 GC heap before
{Heap before GC invocations=14 (full 0):
 garbage-first heap   total 110592K, used 43917K [0x0000000703600000, 0x0000000800000000)
  region size 2048K, 6 young (12288K), 3 survivors (6144K)
 Metaspace       used 60051K, committed 60608K, reserved 1114112K
  class space    used 8777K, committed 9024K, reserved 1048576K
}
Event: 5.730 GC heap after
{Heap after GC invocations=15 (full 0):
 garbage-first heap   total 110592K, used 40031K [0x0000000703600000, 0x0000000800000000)
  region size 2048K, 2 young (4096K), 2 survivors (4096K)
 Metaspace       used 60051K, committed 60608K, reserved 1114112K
  class space    used 8777K, committed 9024K, reserved 1048576K
}
Event: 6.247 GC heap before
{Heap before GC invocations=16 (full 0):
 garbage-first heap   total 110592K, used 85087K [0x0000000703600000, 0x0000000800000000)
  region size 2048K, 24 young (49152K), 2 survivors (4096K)
 Metaspace       used 67398K, committed 67968K, reserved 1114112K
  class space    used 9890K, committed 10176K, reserved 1048576K
}
Event: 6.250 GC heap after
{Heap after GC invocations=17 (full 0):
 garbage-first heap   total 110592K, used 42631K [0x0000000703600000, 0x0000000800000000)
  region size 2048K, 3 young (6144K), 3 survivors (6144K)
 Metaspace       used 67398K, committed 67968K, reserved 1114112K
  class space    used 9890K, committed 10176K, reserved 1048576K
}
Event: 7.847 GC heap before
{Heap before GC invocations=17 (full 0):
 garbage-first heap   total 110592K, used 85639K [0x0000000703600000, 0x0000000800000000)
  region size 2048K, 24 young (49152K), 3 survivors (6144K)
 Metaspace       used 70065K, committed 70656K, reserved 1114112K
  class space    used 10300K, committed 10560K, reserved 1048576K
}
Event: 7.851 GC heap after
{Heap after GC invocations=18 (full 0):
 garbage-first heap   total 110592K, used 45208K [0x0000000703600000, 0x0000000800000000)
  region size 2048K, 3 young (6144K), 3 survivors (6144K)
 Metaspace       used 70065K, committed 70656K, reserved 1114112K
  class space    used 10300K, committed 10560K, reserved 1048576K
}
Event: 8.288 GC heap before
{Heap before GC invocations=18 (full 0):
 garbage-first heap   total 110592K, used 86168K [0x0000000703600000, 0x0000000800000000)
  region size 2048K, 23 young (47104K), 3 survivors (6144K)
 Metaspace       used 73354K, committed 74048K, reserved 1114112K
  class space    used 10836K, committed 11200K, reserved 1048576K
}
Event: 8.292 GC heap after
{Heap after GC invocations=19 (full 0):
 garbage-first heap   total 110592K, used 48178K [0x0000000703600000, 0x0000000800000000)
  region size 2048K, 3 young (6144K), 3 survivors (6144K)
 Metaspace       used 73354K, committed 74048K, reserved 1114112K
  class space    used 10836K, committed 11200K, reserved 1048576K
}
Event: 9.893 GC heap before
{Heap before GC invocations=19 (full 0):
 garbage-first heap   total 110592K, used 87090K [0x0000000703600000, 0x0000000800000000)
  region size 2048K, 22 young (45056K), 3 survivors (6144K)
 Metaspace       used 79415K, committed 80064K, reserved 1179648K
  class space    used 11733K, committed 12032K, reserved 1048576K
}
Event: 9.897 GC heap after
{Heap after GC invocations=20 (full 0):
 garbage-first heap   total 110592K, used 51667K [0x0000000703600000, 0x0000000800000000)
  region size 2048K, 3 young (6144K), 3 survivors (6144K)
 Metaspace       used 79415K, committed 80064K, reserved 1179648K
  class space    used 11733K, committed 12032K, reserved 1048576K
}
Event: 49.386 GC heap before
{Heap before GC invocations=20 (full 0):
 garbage-first heap   total 110592K, used 84435K [0x0000000703600000, 0x0000000800000000)
  region size 2048K, 20 young (40960K), 3 survivors (6144K)
 Metaspace       used 85355K, committed 86080K, reserved 1179648K
  class space    used 12629K, committed 12992K, reserved 1048576K
}
Event: 49.394 GC heap after
{Heap after GC invocations=21 (full 0):
 garbage-first heap   total 110592K, used 53980K [0x0000000703600000, 0x0000000800000000)
  region size 2048K, 2 young (4096K), 2 survivors (4096K)
 Metaspace       used 85355K, committed 86080K, reserved 1179648K
  class space    used 12629K, committed 12992K, reserved 1048576K
}
Event: 485.913 GC heap before
{Heap before GC invocations=21 (full 0):
 garbage-first heap   total 110592K, used 84700K [0x0000000703600000, 0x0000000800000000)
  region size 2048K, 18 young (36864K), 2 survivors (4096K)
 Metaspace       used 86101K, committed 86784K, reserved 1179648K
  class space    used 12743K, committed 13056K, reserved 1048576K
}
Event: 485.915 GC heap after
{Heap after GC invocations=22 (full 0):
 garbage-first heap   total 110592K, used 54110K [0x0000000703600000, 0x0000000800000000)
  region size 2048K, 2 young (4096K), 2 survivors (4096K)
 Metaspace       used 86101K, committed 86784K, reserved 1179648K
  class space    used 12743K, committed 13056K, reserved 1048576K
}
Event: 1516.950 GC heap before
{Heap before GC invocations=23 (full 0):
 garbage-first heap   total 110592K, used 86878K [0x0000000703600000, 0x0000000800000000)
  region size 2048K, 18 young (36864K), 2 survivors (4096K)
 Metaspace       used 85706K, committed 86784K, reserved 1179648K
  class space    used 12660K, committed 13056K, reserved 1048576K
}
Event: 1516.959 GC heap after
{Heap after GC invocations=24 (full 0):
 garbage-first heap   total 110592K, used 53795K [0x0000000703600000, 0x0000000800000000)
  region size 2048K, 1 young (2048K), 1 survivors (2048K)
 Metaspace       used 85706K, committed 86784K, reserved 1179648K
  class space    used 12660K, committed 13056K, reserved 1048576K
}
Event: 1577.424 GC heap before
{Heap before GC invocations=24 (full 0):
 garbage-first heap   total 110592K, used 55843K [0x0000000703600000, 0x0000000800000000)
  region size 2048K, 2 young (4096K), 1 survivors (2048K)
 Metaspace       used 85706K, committed 86784K, reserved 1179648K
  class space    used 12660K, committed 13056K, reserved 1048576K
}
Event: 1577.431 GC heap after
{Heap after GC invocations=25 (full 0):
 garbage-first heap   total 110592K, used 47576K [0x0000000703600000, 0x0000000800000000)
  region size 2048K, 1 young (2048K), 1 survivors (2048K)
 Metaspace       used 85706K, committed 86784K, reserved 1179648K
  class space    used 12660K, committed 13056K, reserved 1048576K
}
Event: 1641.633 GC heap before
{Heap before GC invocations=25 (full 0):
 garbage-first heap   total 110592K, used 49624K [0x0000000703600000, 0x0000000800000000)
  region size 2048K, 2 young (4096K), 1 survivors (2048K)
 Metaspace       used 85707K, committed 86784K, reserved 1179648K
  class space    used 12660K, committed 13056K, reserved 1048576K
}
Event: 1641.638 GC heap after
{Heap after GC invocations=26 (full 0):
 garbage-first heap   total 110592K, used 46404K [0x0000000703600000, 0x0000000800000000)
  region size 2048K, 1 young (2048K), 1 survivors (2048K)
 Metaspace       used 85707K, committed 86784K, reserved 1179648K
  class space    used 12660K, committed 13056K, reserved 1048576K
}

Dll operation events (14 events):
Event: 0.014 Loaded shared library C:\Program Files\Eclipse Adoptium\jdk-17.0.17.10-hotspot\bin\java.dll
Event: 0.034 Loaded shared library C:\Program Files\Eclipse Adoptium\jdk-17.0.17.10-hotspot\bin\jsvml.dll
Event: 0.158 Loaded shared library C:\Program Files\Eclipse Adoptium\jdk-17.0.17.10-hotspot\bin\zip.dll
Event: 0.161 Loaded shared library C:\Program Files\Eclipse Adoptium\jdk-17.0.17.10-hotspot\bin\instrument.dll
Event: 0.165 Loaded shared library C:\Program Files\Eclipse Adoptium\jdk-17.0.17.10-hotspot\bin\net.dll
Event: 0.167 Loaded shared library C:\Program Files\Eclipse Adoptium\jdk-17.0.17.10-hotspot\bin\nio.dll
Event: 0.172 Loaded shared library C:\Program Files\Eclipse Adoptium\jdk-17.0.17.10-hotspot\bin\zip.dll
Event: 0.280 Loaded shared library C:\Program Files\JetBrains\IntelliJ IDEA 2024.2.1\bin\breakgen64.dll
Event: 0.288 Loaded shared library C:\Program Files\Eclipse Adoptium\jdk-17.0.17.10-hotspot\bin\jimage.dll
Event: 0.299 Loaded shared library C:\Program Files\Eclipse Adoptium\jdk-17.0.17.10-hotspot\bin\extnet.dll
Event: 0.309 Loaded shared library C:\Program Files\Eclipse Adoptium\jdk-17.0.17.10-hotspot\bin\management.dll
Event: 0.324 Loaded shared library C:\Program Files\Eclipse Adoptium\jdk-17.0.17.10-hotspot\bin\management_ext.dll
Event: 2.864 Loaded shared library C:\Program Files\Eclipse Adoptium\jdk-17.0.17.10-hotspot\bin\sunmscapi.dll
Event: 9.758 Loaded shared library C:\Program Files\Eclipse Adoptium\jdk-17.0.17.10-hotspot\bin\verify.dll

Deoptimization events (20 events):
Event: 9.925 Thread 0x00000251db3dce00 DEOPT PACKING pc=0x00000251886c48ac sp=0x00000072768fca40
Event: 9.925 Thread 0x00000251db3dce00 DEOPT UNPACKING pc=0x0000025187b1ace3 sp=0x00000072768fbee8 mode 0
Event: 11.380 Thread 0x00000251dd8da9c0 DEOPT PACKING pc=0x00000251887b00a4 sp=0x00000072767fc640
Event: 11.380 Thread 0x00000251dd8da9c0 DEOPT UNPACKING pc=0x0000025187b1ace3 sp=0x00000072767fbb08 mode 0
Event: 11.446 Thread 0x00000251dd8da9c0 DEOPT PACKING pc=0x000002518873b1b4 sp=0x00000072767fd160
Event: 11.446 Thread 0x00000251dd8da9c0 DEOPT UNPACKING pc=0x0000025187b1ace3 sp=0x00000072767fc668 mode 0
Event: 11.446 Thread 0x00000251dd8da9c0 DEOPT PACKING pc=0x0000025188737d3c sp=0x00000072767fd240
Event: 11.446 Thread 0x00000251dd8da9c0 DEOPT UNPACKING pc=0x0000025187b1ace3 sp=0x00000072767fc710 mode 0
Event: 11.446 Thread 0x00000251dd8da9c0 DEOPT PACKING pc=0x000002518873b1b4 sp=0x00000072767fd360
Event: 11.446 Thread 0x00000251dd8da9c0 DEOPT UNPACKING pc=0x0000025187b1ace3 sp=0x00000072767fc868 mode 0
Event: 11.446 Thread 0x00000251dd8da9c0 DEOPT PACKING pc=0x0000025188737d3c sp=0x00000072767fd440
Event: 11.446 Thread 0x00000251dd8da9c0 DEOPT UNPACKING pc=0x0000025187b1ace3 sp=0x00000072767fc910 mode 0
Event: 11.449 Thread 0x00000251dd8da9c0 DEOPT PACKING pc=0x000002518873b1b4 sp=0x00000072767fdb60
Event: 11.449 Thread 0x00000251dd8da9c0 DEOPT UNPACKING pc=0x0000025187b1ace3 sp=0x00000072767fd068 mode 0
Event: 11.449 Thread 0x00000251dd8da9c0 DEOPT PACKING pc=0x0000025188737d3c sp=0x00000072767fdc40
Event: 11.449 Thread 0x00000251dd8da9c0 DEOPT UNPACKING pc=0x0000025187b1ace3 sp=0x00000072767fd110 mode 0
Event: 11.449 Thread 0x00000251dd8da9c0 DEOPT PACKING pc=0x000002518873b1b4 sp=0x00000072767fdfc0
Event: 11.449 Thread 0x00000251dd8da9c0 DEOPT UNPACKING pc=0x0000025187b1ace3 sp=0x00000072767fd4c8 mode 0
Event: 11.449 Thread 0x00000251dd8da9c0 DEOPT PACKING pc=0x0000025188737d3c sp=0x00000072767fe0a0
Event: 11.449 Thread 0x00000251dd8da9c0 DEOPT UNPACKING pc=0x0000025187b1ace3 sp=0x00000072767fd570 mode 0

Classes loaded (20 events):
Event: 156.426 Loading class javax/crypto/spec/SecretKeySpec
Event: 156.427 Loading class javax/crypto/spec/SecretKeySpec done
Event: 156.427 Loading class javax/crypto/spec/SecretKeySpec$1
Event: 156.427 Loading class jdk/internal/access/JavaxCryptoSpecAccess
Event: 156.427 Loading class jdk/internal/access/JavaxCryptoSpecAccess done
Event: 156.427 Loading class javax/crypto/spec/SecretKeySpec$1 done
Event: 156.428 Loading class com/sun/crypto/provider/HmacCore$HmacSHA256
Event: 156.428 Loading class com/sun/crypto/provider/HmacCore
Event: 156.429 Loading class javax/crypto/MacSpi
Event: 156.429 Loading class javax/crypto/MacSpi done
Event: 156.429 Loading class com/sun/crypto/provider/HmacCore done
Event: 156.429 Loading class com/sun/crypto/provider/HmacCore$HmacSHA256 done
Event: 1434.644 Loading class javax/crypto/NoSuchPaddingException
Event: 1434.644 Loading class javax/crypto/NoSuchPaddingException done
Event: 1434.644 Loading class javax/crypto/IllegalBlockSizeException
Event: 1434.644 Loading class javax/crypto/IllegalBlockSizeException done
Event: 1434.644 Loading class javax/crypto/BadPaddingException
Event: 1434.645 Loading class javax/crypto/BadPaddingException done
Event: 2781.799 Loading class java/util/concurrent/locks/AbstractQueuedSynchronizer$SharedNode
Event: 2781.799 Loading class java/util/concurrent/locks/AbstractQueuedSynchronizer$SharedNode done

Classes unloaded (20 events):
Event: 485.943 Thread 0x00000251d600d8c0 Unloading class 0x00000251960d4000 'java/lang/invoke/LambdaForm$MH+0x00000251960d4000'
Event: 485.943 Thread 0x00000251d600d8c0 Unloading class 0x00000251960c0800 'jdk/internal/reflect/GeneratedSerializationConstructorAccessor3'
Event: 485.943 Thread 0x00000251d600d8c0 Unloading class 0x00000251960c0400 'jdk/internal/reflect/GeneratedSerializationConstructorAccessor2'
Event: 485.943 Thread 0x00000251d600d8c0 Unloading class 0x00000251960c0000 'jdk/internal/reflect/GeneratedSerializationConstructorAccessor1'
Event: 485.943 Thread 0x00000251d600d8c0 Unloading class 0x0000025196009000 'java/lang/invoke/LambdaForm$DMH+0x0000025196009000'
Event: 485.943 Thread 0x00000251d600d8c0 Unloading class 0x0000025196008800 'java/lang/invoke/LambdaForm$DMH+0x0000025196008800'
Event: 485.943 Thread 0x00000251d600d8c0 Unloading class 0x0000025196007c00 'jdk/internal/reflect/GeneratedConstructorAccessor1'
Event: 485.943 Thread 0x00000251d600d8c0 Unloading class 0x0000025196007400 'java/lang/invoke/LambdaForm$MH+0x0000025196007400'
Event: 485.943 Thread 0x00000251d600d8c0 Unloading class 0x0000025196007000 'java/lang/invoke/LambdaForm$MH+0x0000025196007000'
Event: 485.943 Thread 0x00000251d600d8c0 Unloading class 0x0000025196006c00 'java/lang/invoke/LambdaForm$MH+0x0000025196006c00'
Event: 485.943 Thread 0x00000251d600d8c0 Unloading class 0x0000025196006800 'java/lang/invoke/LambdaForm$MH+0x0000025196006800'
Event: 485.943 Thread 0x00000251d600d8c0 Unloading class 0x0000025196006400 'java/lang/invoke/LambdaForm$MH+0x0000025196006400'
Event: 485.943 Thread 0x00000251d600d8c0 Unloading class 0x0000025196006000 'java/lang/invoke/LambdaForm$MH+0x0000025196006000'
Event: 485.943 Thread 0x00000251d600d8c0 Unloading class 0x0000025196005000 'java/lang/invoke/LambdaForm$MH+0x0000025196005000'
Event: 485.943 Thread 0x00000251d600d8c0 Unloading class 0x0000025196004c00 'java/lang/invoke/LambdaForm$MH+0x0000025196004c00'
Event: 485.943 Thread 0x00000251d600d8c0 Unloading class 0x0000025196004400 'java/lang/invoke/LambdaForm$MH+0x0000025196004400'
Event: 485.943 Thread 0x00000251d600d8c0 Unloading class 0x0000025196003800 'java/lang/invoke/LambdaForm$MH+0x0000025196003800'
Event: 485.943 Thread 0x00000251d600d8c0 Unloading class 0x0000025196003000 'java/lang/invoke/LambdaForm$MH+0x0000025196003000'
Event: 485.943 Thread 0x00000251d600d8c0 Unloading class 0x0000025196002800 'java/lang/invoke/LambdaForm$MH+0x0000025196002800'
Event: 485.943 Thread 0x00000251d600d8c0 Unloading class 0x0000025196002000 'java/lang/invoke/LambdaForm$MH+0x0000025196002000'

Classes redefined (0 events):
No events

Internal exceptions (20 events):
Event: 9.436 Thread 0x00000251db3dce00 Exception <a 'java/lang/IncompatibleClassChangeError'{0x0000000709ec2f30}: Found class java.lang.Object, but interface was expected> (0x0000000709ec2f30) 
thrown [s\src\hotspot\share\interpreter\linkResolver.cpp, line 826]
Event: 9.475 Thread 0x00000251db3dce00 Exception <a 'java/lang/IncompatibleClassChangeError'{0x0000000709a23758}: Found class java.lang.Object, but interface was expected> (0x0000000709a23758) 
thrown [s\src\hotspot\share\interpreter\linkResolver.cpp, line 826]
Event: 9.510 Thread 0x00000251db3dce00 Exception <a 'java/lang/NoSuchMethodError'{0x0000000709880330}: 'void java.lang.invoke.DirectMethodHandle$Holder.invokeStatic(java.lang.Object, java.lang.Object, double)'> (0x0000000709880330) 
thrown [s\src\hotspot\share\interpreter\linkResolver.cpp, line 759]
Event: 9.514 Thread 0x00000251db3dce00 Exception <a 'java/lang/NoSuchMethodError'{0x00000007098d44f0}: 'double java.lang.invoke.DirectMethodHandle$Holder.invokeStatic(java.lang.Object, java.lang.Object, java.lang.Object)'> (0x00000007098d44f0) 
thrown [s\src\hotspot\share\interpreter\linkResolver.cpp, line 759]
Event: 9.528 Thread 0x00000251db3dce00 Exception <a 'java/lang/IncompatibleClassChangeError'{0x00000007099ee2f8}: Found class java.lang.Object, but interface was expected> (0x00000007099ee2f8) 
thrown [s\src\hotspot\share\interpreter\linkResolver.cpp, line 826]
Event: 9.532 Thread 0x00000251db3dce00 Exception <a 'java/lang/NoSuchMethodError'{0x0000000709629010}: 'java.lang.Object java.lang.invoke.DirectMethodHandle$Holder.newInvokeSpecial(java.lang.Object, java.lang.Object, int, java.lang.Object, java.lang.Object)'> (0x0000000709629010) 
thrown [s\src\hotspot\share\interpreter\linkResolver.cpp, line 759]
Event: 9.554 Thread 0x00000251db3dce00 Exception <a 'java/lang/NoSuchMethodError'{0x00000007097ec4c8}: 'double java.lang.invoke.DirectMethodHandle$Holder.invokeVirtual(java.lang.Object, java.lang.Object)'> (0x00000007097ec4c8) 
thrown [s\src\hotspot\share\interpreter\linkResolver.cpp, line 759]
Event: 9.585 Thread 0x00000251db3dce00 Exception <a 'sun/nio/fs/WindowsException'{0x0000000709211690}> (0x0000000709211690) 
thrown [s\src\hotspot\share\prims\jni.cpp, line 516]
Event: 9.662 Thread 0x00000251db3dce00 Exception <a 'java/lang/NoSuchMethodError'{0x0000000708a35ae0}: 'java.lang.Object java.lang.invoke.DirectMethodHandle$Holder.invokeStatic(java.lang.Object, java.lang.Object, java.lang.Object, java.lang.Object, int, java.lang.Object, java.lang.Object)'> (0x0000000708a35ae0) 
thrown [s\src\hotspot\share\interpreter\linkResolver.cpp, line 759]
Event: 9.693 Thread 0x00000251db3dce00 Exception <a 'java/lang/NoSuchMethodError'{0x00000007088804c8}: 'java.lang.Object java.lang.invoke.DirectMethodHandle$Holder.newInvokeSpecial(java.lang.Object, int, int, int)'> (0x00000007088804c8) 
thrown [s\src\hotspot\share\interpreter\linkResolver.cpp, line 759]
Event: 9.882 Thread 0x00000251db3dce00 Exception <a 'java/lang/NoSuchMethodError'{0x0000000707d3a330}: 'java.lang.Object java.lang.invoke.DirectMethodHandle$Holder.invokeStatic(java.lang.Object, int, int)'> (0x0000000707d3a330) 
thrown [s\src\hotspot\share\interpreter\linkResolver.cpp, line 759]
Event: 48.821 Thread 0x00000251dd8da4b0 Exception <a 'java/lang/NoSuchMethodError'{0x00000007090c0ca8}: 'java.lang.Object java.lang.invoke.DirectMethodHandle$Holder.invokeStaticInit(java.lang.Object, java.lang.Object, java.lang.Object, int, int)'> (0x00000007090c0ca8) 
thrown [s\src\hotspot\share\interpreter\linkResolver.cpp, line 759]
Event: 48.891 Thread 0x00000251dd42e9c0 Exception <a 'java/lang/NoSuchMethodError'{0x0000000708e49a60}: 'java.lang.Object java.lang.invoke.DirectMethodHandle$Holder.invokeSpecial(java.lang.Object, java.lang.Object, java.lang.Object, java.lang.Object, java.lang.Object, long)'> (0x0000000708e49a60) 
thrown [s\src\hotspot\share\interpreter\linkResolver.cpp, line 759]
Event: 48.891 Thread 0x00000251dd42e9c0 Exception <a 'java/lang/NoSuchMethodError'{0x0000000708e4d4a0}: 'java.lang.Object java.lang.invoke.Invokers$Holder.linkToTargetMethod(java.lang.Object, java.lang.Object, java.lang.Object, long, java.lang.Object)'> (0x0000000708e4d4a0) 
thrown [s\src\hotspot\share\interpreter\linkResolver.cpp, line 759]
Event: 49.241 Thread 0x00000251dd42fe00 Exception <a 'java/lang/NoSuchMethodError'{0x000000070853d550}: 'void java.lang.invoke.DirectMethodHandle$Holder.invokeSpecialIFC(java.lang.Object, java.lang.Object, int, java.lang.Object, java.lang.Object, java.lang.Object, java.lang.Object)'> (0x000000070853d550) 
thrown [s\src\hotspot\share\interpreter\linkResolver.cpp, line 759]
Event: 49.323 Thread 0x00000251dd42fe00 Exception <a 'java/lang/NoSuchMethodError'{0x000000070803ffe8}: 'java.lang.Object java.lang.invoke.DirectMethodHandle$Holder.newInvokeSpecial(java.lang.Object, java.lang.Object, java.lang.Object, long)'> (0x000000070803ffe8) 
thrown [s\src\hotspot\share\interpreter\linkResolver.cpp, line 759]
Event: 49.324 Thread 0x00000251dd42fe00 Exception <a 'java/lang/NoSuchMethodError'{0x0000000708044d88}: 'java.lang.Object java.lang.invoke.DirectMethodHandle$Holder.invokeSpecial(java.lang.Object, java.lang.Object, java.lang.Object, java.lang.Object, long)'> (0x0000000708044d88) 
thrown [s\src\hotspot\share\interpreter\linkResolver.cpp, line 759]
Event: 49.324 Thread 0x00000251dd42fe00 Exception <a 'java/lang/NoSuchMethodError'{0x0000000708049208}: 'java.lang.Object java.lang.invoke.Invokers$Holder.linkToTargetMethod(java.lang.Object, java.lang.Object, long, java.lang.Object)'> (0x0000000708049208) 
thrown [s\src\hotspot\share\interpreter\linkResolver.cpp, line 759]
Event: 130.157 Thread 0x00000251dd42eed0 Exception <a 'java/lang/NoSuchMethodError'{0x0000000709988f10}: 'int java.lang.invoke.DirectMethodHandle$Holder.invokeStatic(java.lang.Object, java.lang.Object, int, int)'> (0x0000000709988f10) 
thrown [s\src\hotspot\share\interpreter\linkResolver.cpp, line 759]
Event: 2787.633 Thread 0x00000251dd8db3e0 Exception <a 'java/lang/Error'{0x0000000707b1add0}: IP Helper Library GetIpAddrTable function failed> (0x0000000707b1add0) 
thrown [s\src\hotspot\share\prims\jni.cpp, line 535]

VM Operations (20 events):
Event: 2292.399 Executing VM operation: Cleanup
Event: 2292.400 Executing VM operation: Cleanup done
Event: 2322.603 Executing VM operation: Cleanup
Event: 2322.603 Executing VM operation: Cleanup done
Event: 2502.848 Executing VM operation: Cleanup
Event: 2502.848 Executing VM operation: Cleanup done
Event: 2563.199 Executing VM operation: Cleanup
Event: 2563.199 Executing VM operation: Cleanup done
Event: 2592.379 Executing VM operation: Cleanup
Event: 2592.379 Executing VM operation: Cleanup done
Event: 2622.597 Executing VM operation: Cleanup
Event: 2622.597 Executing VM operation: Cleanup done
Event: 2731.262 Executing VM operation: Cleanup
Event: 2731.262 Executing VM operation: Cleanup done
Event: 2772.613 Executing VM operation: Cleanup
Event: 2772.613 Executing VM operation: Cleanup done
Event: 2781.670 Executing VM operation: Cleanup
Event: 2781.749 Executing VM operation: Cleanup done
Event: 2782.762 Executing VM operation: Cleanup
Event: 2784.855 Executing VM operation: Cleanup done

Memory protections (0 events):
No events

Nmethod flushes (0 events):
No events

Events (20 events):
Event: 1731.941 Thread 0x00000251dd8d9a90 Thread added: 0x00000251dd8db3e0
Event: 1736.942 Thread 0x00000251dd8d9a90 Thread exited: 0x00000251dd8d9a90
Event: 1736.991 Thread 0x00000251dd8db3e0 Thread exited: 0x00000251dd8db3e0
Event: 1901.703 Thread 0x00000251d602c640 Thread added: 0x00000251db3f8bb0
Event: 1906.705 Thread 0x00000251db3f8bb0 Thread exited: 0x00000251db3f8bb0
Event: 1931.704 Thread 0x00000251d602c640 Thread added: 0x00000251db3f6680
Event: 1936.731 Thread 0x00000251db3f6680 Thread exited: 0x00000251db3f6680
Event: 1961.733 Thread 0x00000251d602c640 Thread added: 0x00000251db3f7bc0
Event: 1966.765 Thread 0x00000251db3f7bc0 Thread exited: 0x00000251db3f7bc0
Event: 2322.100 Thread 0x00000251d602c640 Thread added: 0x00000251db3f8bb0
Event: 2327.111 Thread 0x00000251db3f8bb0 Thread exited: 0x00000251db3f8bb0
Event: 2562.294 Thread 0x00000251d602c640 Thread added: 0x00000251db3f7670
Event: 2562.295 Thread 0x00000251d602c640 Thread added: 0x00000251db3f7bc0
Event: 2562.295 Thread 0x00000251d602c640 Thread added: 0x00000251db3f8110
Event: 2563.957 Thread 0x00000251db3f8110 Thread exited: 0x00000251db3f8110
Event: 2564.566 Thread 0x00000251db3f7bc0 Thread exited: 0x00000251db3f7bc0
Event: 2564.566 Thread 0x00000251db3f7670 Thread exited: 0x00000251db3f7670
Event: 2780.728 Thread 0x00000251db550ee0 Thread added: 0x00000251dd8dbe00
Event: 2780.728 Thread 0x00000251db550ee0 Thread exited: 0x00000251db550ee0
Event: 2781.798 Thread 0x00000251dd8dbe00 Thread added: 0x00000251dd8db3e0


Dynamic libraries:
0x00007ff631890000 - 0x00007ff63189e000 	C:\Program Files\Eclipse Adoptium\jdk-17.0.17.10-hotspot\bin\java.exe
0x00007ffda53e0000 - 0x00007ffda5648000 	C:\WINDOWS\SYSTEM32\ntdll.dll
0x00007ffda3a20000 - 0x00007ffda3ae9000 	C:\WINDOWS\System32\KERNEL32.DLL
0x00007ffda2c50000 - 0x00007ffda3041000 	C:\WINDOWS\System32\KERNELBASE.dll
0x00007ffda1cc0000 - 0x00007ffda1e0b000 	C:\WINDOWS\System32\ucrtbase.dll
0x00007ffd88b50000 - 0x00007ffd88b68000 	C:\Program Files\Eclipse Adoptium\jdk-17.0.17.10-hotspot\bin\jli.dll
0x00007ffd888f0000 - 0x00007ffd8890e000 	C:\Program Files\Eclipse Adoptium\jdk-17.0.17.10-hotspot\bin\VCRUNTIME140.dll
0x00007ffda4730000 - 0x00007ffda48f6000 	C:\WINDOWS\System32\USER32.dll
0x00007ffda2170000 - 0x00007ffda2197000 	C:\WINDOWS\System32\win32u.dll
0x00007ffda4b10000 - 0x00007ffda4b3b000 	C:\WINDOWS\System32\GDI32.dll
0x00007ffd85e20000 - 0x00007ffd860b3000 	C:\WINDOWS\WinSxS\amd64_microsoft.windows.common-controls_6595b64144ccf1df_6.0.26100.7824_none_3e0870b2e3345462\COMCTL32.dll
0x00007ffda3320000 - 0x00007ffda33c9000 	C:\WINDOWS\System32\msvcrt.dll
0x00007ffda3050000 - 0x00007ffda317b000 	C:\WINDOWS\System32\gdi32full.dll
0x00007ffda20c0000 - 0x00007ffda2163000 	C:\WINDOWS\System32\msvcp_win.dll
0x00007ffda3630000 - 0x00007ffda3661000 	C:\WINDOWS\System32\IMM32.DLL
0x00007ffd9db20000 - 0x00007ffd9db2c000 	C:\Program Files\Eclipse Adoptium\jdk-17.0.17.10-hotspot\bin\vcruntime140_1.dll
0x00007ffd76e50000 - 0x00007ffd76edd000 	C:\Program Files\Eclipse Adoptium\jdk-17.0.17.10-hotspot\bin\msvcp140.dll
0x00007ffd1b8d0000 - 0x00007ffd1c53b000 	C:\Program Files\Eclipse Adoptium\jdk-17.0.17.10-hotspot\bin\server\jvm.dll
0x00007ffda40e0000 - 0x00007ffda4194000 	C:\WINDOWS\System32\ADVAPI32.dll
0x00007ffda4390000 - 0x00007ffda4436000 	C:\WINDOWS\System32\sechost.dll
0x00007ffda3b00000 - 0x00007ffda3c18000 	C:\WINDOWS\System32\RPCRT4.dll
0x00007ffda33d0000 - 0x00007ffda3444000 	C:\WINDOWS\System32\WS2_32.dll
0x00007ffda1b20000 - 0x00007ffda1b7e000 	C:\WINDOWS\SYSTEM32\POWRPROF.dll
0x00007ffd99380000 - 0x00007ffd993b5000 	C:\WINDOWS\SYSTEM32\WINMM.dll
0x00007ffd8f5e0000 - 0x00007ffd8f5eb000 	C:\WINDOWS\SYSTEM32\VERSION.dll
0x00007ffda1b00000 - 0x00007ffda1b14000 	C:\WINDOWS\SYSTEM32\UMPDC.dll
0x00007ffda0a60000 - 0x00007ffda0a7b000 	C:\WINDOWS\SYSTEM32\kernel.appcore.dll
0x00007ffd8d520000 - 0x00007ffd8d52a000 	C:\Program Files\Eclipse Adoptium\jdk-17.0.17.10-hotspot\bin\jimage.dll
0x00007ffd9f100000 - 0x00007ffd9f342000 	C:\WINDOWS\SYSTEM32\DBGHELP.DLL
0x00007ffda3690000 - 0x00007ffda3a16000 	C:\WINDOWS\System32\combase.dll
0x00007ffda3550000 - 0x00007ffda3627000 	C:\WINDOWS\System32\OLEAUT32.dll
0x00007ffd7bef0000 - 0x00007ffd7bf2b000 	C:\WINDOWS\SYSTEM32\dbgcore.DLL
0x00007ffda1f80000 - 0x00007ffda2025000 	C:\WINDOWS\System32\bcryptPrimitives.dll
0x00007ffd88e20000 - 0x00007ffd88e2e000 	C:\Program Files\Eclipse Adoptium\jdk-17.0.17.10-hotspot\bin\instrument.dll
0x00007ffd84c40000 - 0x00007ffd84c65000 	C:\Program Files\Eclipse Adoptium\jdk-17.0.17.10-hotspot\bin\java.dll
0x00007ffd6bfe0000 - 0x00007ffd6c0b7000 	C:\Program Files\Eclipse Adoptium\jdk-17.0.17.10-hotspot\bin\jsvml.dll
0x00007ffda4b40000 - 0x00007ffda5292000 	C:\WINDOWS\System32\SHELL32.dll
0x00007ffda1e10000 - 0x00007ffda1f7a000 	C:\WINDOWS\System32\wintypes.dll
0x00007ffda2260000 - 0x00007ffda2ac3000 	C:\WINDOWS\System32\windows.storage.dll
0x00007ffda3450000 - 0x00007ffda3546000 	C:\WINDOWS\System32\SHCORE.dll
0x00007ffda4960000 - 0x00007ffda49c7000 	C:\WINDOWS\System32\shlwapi.dll
0x00007ffda1be0000 - 0x00007ffda1c09000 	C:\WINDOWS\SYSTEM32\profapi.dll
0x00007ffd81240000 - 0x00007ffd81258000 	C:\Program Files\Eclipse Adoptium\jdk-17.0.17.10-hotspot\bin\zip.dll
0x00007ffd83da0000 - 0x00007ffd83dba000 	C:\Program Files\Eclipse Adoptium\jdk-17.0.17.10-hotspot\bin\net.dll
0x00007ffd93a00000 - 0x00007ffd93b27000 	C:\WINDOWS\SYSTEM32\WINHTTP.dll
0x00007ffda0fd0000 - 0x00007ffda103b000 	C:\WINDOWS\system32\mswsock.dll
0x00007ffd81460000 - 0x00007ffd81476000 	C:\Program Files\Eclipse Adoptium\jdk-17.0.17.10-hotspot\bin\nio.dll
0x00007ffd6f210000 - 0x00007ffd6f22a000 	C:\Program Files\JetBrains\IntelliJ IDEA 2024.2.1\bin\breakgen64.dll
0x00007ffda0530000 - 0x00007ffda065c000 	C:\WINDOWS\SYSTEM32\DNSAPI.dll
0x00007ffda04f0000 - 0x00007ffda0524000 	C:\WINDOWS\SYSTEM32\IPHLPAPI.DLL
0x00007ffda3670000 - 0x00007ffda367a000 	C:\WINDOWS\System32\NSI.dll
0x00007ffd857c0000 - 0x00007ffd857c9000 	C:\Program Files\Eclipse Adoptium\jdk-17.0.17.10-hotspot\bin\extnet.dll
0x00007ffd98b40000 - 0x00007ffd98b4b000 	C:\Windows\System32\rasadhlp.dll
0x00007ffd9ba10000 - 0x00007ffd9ba96000 	C:\WINDOWS\System32\fwpuclnt.dll
0x00007ffd88ce0000 - 0x00007ffd88cea000 	C:\Program Files\Eclipse Adoptium\jdk-17.0.17.10-hotspot\bin\management.dll
0x00007ffd888e0000 - 0x00007ffd888ec000 	C:\Program Files\Eclipse Adoptium\jdk-17.0.17.10-hotspot\bin\management_ext.dll
0x00007ffda49d0000 - 0x00007ffda49d8000 	C:\WINDOWS\System32\PSAPI.DLL
0x00007ffda12a0000 - 0x00007ffda12bb000 	C:\WINDOWS\SYSTEM32\CRYPTSP.dll
0x00007ffda09c0000 - 0x00007ffda09f9000 	C:\WINDOWS\system32\rsaenh.dll
0x00007ffda1080000 - 0x00007ffda10ab000 	C:\WINDOWS\SYSTEM32\USERENV.dll
0x00007ffda1bb0000 - 0x00007ffda1bda000 	C:\WINDOWS\SYSTEM32\bcrypt.dll
0x00007ffda12c0000 - 0x00007ffda12cc000 	C:\WINDOWS\SYSTEM32\CRYPTBASE.dll
0x00007ffd9b370000 - 0x00007ffd9b38e000 	C:\WINDOWS\SYSTEM32\dhcpcsvc6.DLL
0x00007ffd9b2f0000 - 0x00007ffd9b313000 	C:\WINDOWS\SYSTEM32\dhcpcsvc.DLL
0x00007ffd787d0000 - 0x00007ffd787e8000 	C:\WINDOWS\system32\napinsp.dll
0x00007ffd78b30000 - 0x00007ffd78b42000 	C:\WINDOWS\System32\winrnr.dll
0x00007ffd78b00000 - 0x00007ffd78b22000 	C:\WINDOWS\system32\nlansp_c.dll
0x00007ffd930c0000 - 0x00007ffd930d6000 	C:\WINDOWS\system32\wshbth.dll
0x00007ffd85440000 - 0x00007ffd8544e000 	C:\Program Files\Eclipse Adoptium\jdk-17.0.17.10-hotspot\bin\sunmscapi.dll
0x00007ffda2ad0000 - 0x00007ffda2c47000 	C:\WINDOWS\System32\CRYPT32.dll
0x00007ffda14c0000 - 0x00007ffda14f0000 	C:\WINDOWS\SYSTEM32\ncrypt.dll
0x00007ffda1470000 - 0x00007ffda14af000 	C:\WINDOWS\SYSTEM32\NTASN1.dll
0x00007ffd84c30000 - 0x00007ffd84c40000 	C:\Program Files\Eclipse Adoptium\jdk-17.0.17.10-hotspot\bin\verify.dll
0x00007ffd9cf60000 - 0x00007ffd9cf68000 	C:\WINDOWS\system32\wshunix.dll

dbghelp: loaded successfully - version: 4.0.5 - missing functions: none
symbol engine: initialized successfully - sym options: 0x614 - pdb path: .;C:\Program Files\Eclipse Adoptium\jdk-17.0.17.10-hotspot\bin;C:\WINDOWS\SYSTEM32;C:\WINDOWS\WinSxS\amd64_microsoft.windows.common-controls_6595b64144ccf1df_6.0.26100.7824_none_3e0870b2e3345462;C:\Program Files\Eclipse Adoptium\jdk-17.0.17.10-hotspot\bin\server;C:\Program Files\JetBrains\IntelliJ IDEA 2024.2.1\bin

VM Arguments:
jvm_args: -XX:TieredStopAtLevel=1 -Dspring.output.ansi.enabled=always -Dcom.sun.management.jmxremote -Dspring.jmx.enabled=true -Dspring.liveBeansView.mbeanDomain -Dspring.application.admin.enabled=true -Dmanagement.endpoints.jmx.exposure.include=* -javaagent:C:\Program Files\JetBrains\IntelliJ IDEA 2024.2.1\lib\idea_rt.jar=29562:C:\Program Files\JetBrains\IntelliJ IDEA 2024.2.1\bin -Dfile.encoding=UTF-8 
java_command: com.neuroguard.userservice.UserServiceApplication
java_class_path (initial): C:\Users\LENOVO\Desktop\NeuroGuard\user-service\target\classes;C:\Users\LENOVO\.m2\repository\org\projectlombok\lombok\1.18.24\lombok-1.18.24.jar;C:\Users\LENOVO\.m2\repository\com\auth0\java-jwt\3.18.2\java-jwt-3.18.2.jar;C:\Users\LENOVO\.m2\repository\com\fasterxml\jackson\core\jackson-databind\2.19.4\jackson-databind-2.19.4.jar;C:\Users\LENOVO\.m2\repository\com\fasterxml\jackson\core\jackson-annotations\2.19.4\jackson-annotations-2.19.4.jar;C:\Users\LENOVO\.m2\repository\com\fasterxml\jackson\core\jackson-core\2.19.4\jackson-core-2.19.4.jar;C:\Users\LENOVO\.m2\repository\org\springframework\boot\spring-boot-starter-actuator\3.5.11\spring-boot-starter-actuator-3.5.11.jar;C:\Users\LENOVO\.m2\repository\org\springframework\boot\spring-boot-starter\3.5.11\spring-boot-starter-3.5.11.jar;C:\Users\LENOVO\.m2\repository\org\springframework\boot\spring-boot-starter-logging\3.5.11\spring-boot-starter-logging-3.5.11.jar;C:\Users\LENOVO\.m2\repository\ch\qos\logback\logback-classic\1.5.32\logback-classic-1.5.32.jar;C:\Users\LENOVO\.m2\repository\ch\qos\logback\logback-core\1.5.32\logback-core-1.5.32.jar;C:\Users\LENOVO\.m2\repository\org\apache\logging\log4j\log4j-to-slf4j\2.24.3\log4j-to-slf4j-2.24.3.jar;C:\Users\LENOVO\.m2\repository\org\apache\logging\log4j\log4j-api\2.24.3\log4j-api-2.24.3.jar;C:\Users\LENOVO\.m2\repository\org\slf4j\jul-to-slf4j\2.0.17\jul-to-slf4j-2.0.17.jar;C:\Users\LENOVO\.m2\repository\jakarta\annotation\jakarta.annotation-api\2.1.1\jakarta.annotation-api-2.1.1.jar;C:\Users\LENOVO\.m2\repository\org\yaml\snakeyaml\2.4\snakeyaml-2.4.jar;C:\Users\LENOVO\.m2\repository\org\springframework\boot\spring-boot-actuator-autoconfigure\3.5.11\spring-boot-actuator-autoconfigure-3.5.11.jar;C:\Users\LENOVO\.m2\repository\org\springframework\boot\spring-boot-actuator\3.5.11\spring-boot-actuator-3.5.11.jar;C:\Users\LENOVO\.m2\repository\com\fasterxml\jackson\datatype\jackson-datatype-jsr310\2.19.4\jackson-datatype-jsr310-2.19.4.jar;C:\
Launcher Type: SUN_STANDARD

[Global flags]
     intx CICompilerCount                          = 4                                         {product} {ergonomic}
     uint ConcGCThreads                            = 2                                         {product} {ergonomic}
     uint G1ConcRefinementThreads                  = 8                                         {product} {ergonomic}
   size_t G1HeapRegionSize                         = 2097152                                   {product} {ergonomic}
    uintx GCDrainStackTargetSize                   = 64                                        {product} {ergonomic}
   size_t InitialHeapSize                          = 266338304                                 {product} {ergonomic}
     bool ManagementServer                         = true                                      {product} {command line}
   size_t MarkStackSize                            = 4194304                                   {product} {ergonomic}
   size_t MaxHeapSize                              = 4238344192                                {product} {ergonomic}
   size_t MaxNewSize                               = 2541748224                                {product} {ergonomic}
   size_t MinHeapDeltaBytes                        = 2097152                                   {product} {ergonomic}
   size_t MinHeapSize                              = 8388608                                   {product} {ergonomic}
    uintx NonProfiledCodeHeapSize                  = 0                                      {pd product} {ergonomic}
     bool ProfileInterpreter                       = false                                  {pd product} {command line}
    uintx ProfiledCodeHeapSize                     = 0                                      {pd product} {ergonomic}
   size_t SoftMaxHeapSize                          = 4238344192                             {manageable} {ergonomic}
     intx TieredStopAtLevel                        = 1                                         {product} {command line}
     bool UseCompressedClassPointers               = true                           {product lp64_product} {ergonomic}
     bool UseCompressedOops                        = true                           {product lp64_product} {ergonomic}
     bool UseG1GC                                  = true                                      {product} {ergonomic}
     bool UseLargePagesIndividualAllocation        = false                                  {pd product} {ergonomic}

Logging:
Log output configuration:
 #0: stdout all=warning uptime,level,tags
 #1: stderr all=off uptime,level,tags

Environment Variables:
JAVA_HOME=C:\Program Files\Java\jdk-20
PATH=C:\Program Files\MongoDB\Server\8.2\bin;C:\Program Files\Eclipse Adoptium\jdk-17.0.17.10-hotspot\bin;C:\oraclexe\app\oracle\product\11.2.0\server\bin;C:\xampp\php;C:\Program Files\MySQL\MySQL Server 8.0\bin;C:\Python 3.12\Python 3.12.exe;C:\Users\LENOVO\AppData\Local\Programs\Python\Python312\python.exe;C:\Users\LENOVO\Downloads\flutter_windows_3.16.0-stable\flutter\bin;C:\ProgramData\Oracle\Java\javapath;C:\Program Files\Java\jdk-21.0.1\bin;C:\Program Files\Common Files\Oracle\Java\javapath;C:\Program Files\Java\jdk-20\bin;C:\Users\LENOVO\Downloads\sqldeveloper-23.1.0.097.1607-x64\sqldeveloper\sqldeveloper\bin;C:\Users\LENOVO\Downloads\msys2-x86_64-20230318.exe;C:\WINDOWS\system32;C:\WINDOWS;C:\WINDOWS\System32\Wbem;C:\WINDOWS\System32\WindowsPowerShell\v1.0\;C:\WINDOWS\System32\OpenSSH\;C:\Program Files\Git\cmd;C:\Program Files\Git\bin;C:\Program Files\dotnet\;C:\Users\LENOVO\AppData\Local\Android\Sdk\platform-tools;C:\Users\LENOVO\AppData\Local\Android\Sdk\emulator;C:\Users\LENOVO\Downloads\php-8.3.11-nts-Win32-vs16-x64;C:\ProgramData\ComposerSetup\bin;C:\Program Files\nodejs\;C:\Program Files\Microsoft SQL Server\150\Tools\Binn\;C:\Program Files\Docker\Docker\resources\bin;C:\Program Files\Vagrant\bin;C:\Users\LENOVO\scoop\shims;C:\Program Files\MySQL\MySQL Shell 8.0\bin\;C:\Users\LENOVO\AppData\Local\Programs\Python\Launcher\;C:\Python27\python.exe;C:\Users\LENOVO\AppData\Local\Programs\Python\Python311;C:\Users\LENOVO\AppData\Local\Programs\Python\Python311\Scripts\;C:\Python27;C:\Users\LENOVO\AppData\Local\Microsoft\WindowsApps;C:\Program Files\JetBrains\PyCharm Community Edition 2023.1\bin;;C:\Users\LENOVO\AppData\Local\GitHubDesktop\bin;C:\Users\LENOVO\.dotnet\tools;C:\Program Files (x86)\Nmap;C:\Users\LENOVO\AppData\Local\Programs\MiKTeX\miktex\bin\x64\;C:\Users\LENOVO\AppData\Roaming\Composer\vendor\bin;C:\xampp\php;C:\Program Files\JetBrains\IntelliJ IDEA 2024.2.1\bin;;C:\Flex Windows\gcc\bin;C:\Flex Windows\Lex\bin;C:\Flex Windows\bison\bin;C:\Users\LENOVO\AppData\Local\Muse Hub\lib;C:\Users\LENOVO\AppData\Local\Programs\Microsoft VS Code\bin;C:\Users\LENOVO\AppData\Local\Programs\cursor\resources\app\bin;C:\Users\LENOVO\AppData\Roaming\npm;C:\Users\LENOVO\AppData\Local\Programs\Antigravity\bin
USERNAME=LENOVO
OS=Windows_NT
PROCESSOR_IDENTIFIER=Intel64 Family 6 Model 140 Stepping 2, GenuineIntel
TMP=C:\Users\LENOVO\AppData\Local\Temp
TEMP=C:\Users\LENOVO\AppData\Local\Temp



Periodic native trim disabled


---------------  S Y S T E M  ---------------

OS:
 Windows 11 , 64 bit Build 26100 (10.0.26100.7705)
OS uptime: 0 days 1:14 hours
Hyper-V role detected

CPU: total 8 (initial active 8) (4 cores per cpu, 2 threads per core) family 6 model 140 stepping 2 microcode 0x26, cx8, cmov, fxsr, ht, mmx, 3dnowpref, sse, sse2, sse3, ssse3, sse4.1, sse4.2, popcnt, lzcnt, tsc, tscinvbit, avx, avx2, aes, erms, clmul, bmi1, bmi2, adx, avx512f, avx512dq, avx512cd, avx512bw, avx512vl, sha, fma, vzeroupper, avx512_vpopcntdq, avx512_vpclmulqdq, avx512_vaes, avx512_vnni, clflush, clflushopt, clwb, avx512_vbmi2, avx512_vbmi, hv
Processor Information for all 8 processors :
  Max Mhz: 3187, Current Mhz: 3187, Mhz Limit: 3187

Memory: 4k page, system-wide physical 16167M (1563M free)
TotalPageFile size 21167M (AvailPageFile size 0M)
current process WorkingSet (physical memory assigned to process): 116M, peak: 295M
current process commit charge ("private bytes"): 337M, peak: 380M

vm_info: OpenJDK 64-Bit Server VM (17.0.17+10) for windows-amd64 JRE (17.0.17+10), built on Oct 21 2025 23:25:32 by "admin" with unknown MS VC++:1942

END.
