#
# There is insufficient memory for the Java Runtime Environment to continue.
# Native memory allocation (malloc) failed to allocate 2599184 bytes. Error detail: Chunk::new
# Possible reasons:
#   The system is out of physical RAM or swap space
#   This process is running with CompressedOops enabled, and the Java Heap may be blocking the growth of the native heap
# Possible solutions:
#   Reduce memory load on the system
#   Increase physical memory or swap space
#   Check if swap backing store is full
#   Decrease Java heap size (-Xmx/-Xms)
#   Decrease number of Java threads
#   Decrease Java thread stack sizes (-Xss)
#   Set larger code cache with -XX:ReservedCodeCacheSize=
#   JVM is running with Unscaled Compressed Oops mode in which the Java heap is
#     placed in the first 4GB address space. The Java Heap base address is the
#     maximum limit for the native heap growth. Please use -XX:HeapBaseMinAddress
#     to set the Java Heap base and to place the Java Heap above 4GB virtual address.
# This output file may be truncated or incomplete.
#
#  Out of Memory Error (arena.cpp:168), pid=10824, tid=11808
#
# JRE version: OpenJDK Runtime Environment Temurin-21.0.10+7 (21.0.10+7) (build 21.0.10+7-LTS)
# Java VM: OpenJDK 64-Bit Server VM Temurin-21.0.10+7 (21.0.10+7-LTS, mixed mode, sharing, tiered, compressed oops, compressed class ptrs, parallel gc, windows-amd64)
# No core dump will be written. Minidumps are not enabled by default on client versions of Windows
#

---------------  S U M M A R Y ------------

Command Line: --add-modules=ALL-SYSTEM --add-opens=java.base/java.util=ALL-UNNAMED --add-opens=java.base/java.lang=ALL-UNNAMED --add-opens=java.base/sun.nio.fs=ALL-UNNAMED -Declipse.application=org.eclipse.jdt.ls.core.id1 -Dosgi.bundles.defaultStartLevel=4 -Declipse.product=org.eclipse.jdt.ls.core.product -Djava.import.generatesMetadataFilesAtProjectRoot=false -DDetectVMInstallationsJob.disabled=true -Dfile.encoding=utf8 -XX:+UseParallelGC -XX:GCTimeRatio=4 -XX:AdaptiveSizePolicyWeight=90 -Dsun.zip.disableMemoryMapping=true -Xmx2G -Xms100m -Xlog:disable -javaagent:c:\Users\LENOVO\.antigravity\extensions\redhat.java-1.53.0-win32-x64\lombok\lombok-1.18.39-4050.jar -XX:+HeapDumpOnOutOfMemoryError -XX:HeapDumpPath=c:\Users\LENOVO\AppData\Roaming\Antigravity\User\workspaceStorage\dcf6ad9f4dc79482a50086788492ad28\redhat.java -Daether.dependencyCollector.impl=bf c:\Users\LENOVO\.antigravity\extensions\redhat.java-1.53.0-win32-x64\server\plugins\org.eclipse.equinox.launcher_1.7.100.v20251111-0406.jar -configuration c:\Users\LENOVO\AppData\Roaming\Antigravity\User\globalStorage\redhat.java\1.53.0\config_win -data c:\Users\LENOVO\AppData\Roaming\Antigravity\User\workspaceStorage\dcf6ad9f4dc79482a50086788492ad28\redhat.java\jdt_ws --pipe=\\.\pipe\lsp-1487deaa22ba62e36bf821bff05cb3a1-sock

Host: 11th Gen Intel(R) Core(TM) i5-11320H @ 3.20GHz, 8 cores, 15G,  Windows 11 , 64 bit Build 26100 (10.0.26100.8115)
Time: Wed Apr  8 23:02:28 2026 Paris, Madrid elapsed time: 40.243913 seconds (0d 0h 0m 40s)

---------------  T H R E A D  ---------------

Current thread (0x0000020ce95a4e40):  JavaThread "C2 CompilerThread2" daemon [_thread_in_native, id=11808, stack(0x0000007090600000,0x0000007090700000) (1024K)]


Current CompileTask:
C2:40243 11334       4       org.eclipse.jdt.internal.compiler.lookup.LookupEnvironment::getTypeFromTypeSignature (770 bytes)

Stack: [0x0000007090600000,0x0000007090700000]
Native frames: (J=compiled Java code, j=interpreted, Vv=VM code, C=native code)
V  [jvm.dll+0x6d7a39]
V  [jvm.dll+0x8b4b26]
V  [jvm.dll+0x8b70de]
V  [jvm.dll+0x8b77c3]
V  [jvm.dll+0x284346]
V  [jvm.dll+0xc66ed]
V  [jvm.dll+0xc6c31]
V  [jvm.dll+0x3bec3b]
V  [jvm.dll+0x38b162]
V  [jvm.dll+0x38a5aa]
V  [jvm.dll+0x24c560]
V  [jvm.dll+0x24bb40]
V  [jvm.dll+0x1cb34e]
V  [jvm.dll+0x25b85d]
V  [jvm.dll+0x259dea]
V  [jvm.dll+0x3f857e]
V  [jvm.dll+0x85f59d]
V  [jvm.dll+0x6d626d]
C  [ucrtbase.dll+0x37b0]
C  [KERNEL32.DLL+0x2e8d7]
C  [ntdll.dll+0x8c3fc]


---------------  P R O C E S S  ---------------

Threads class SMR info:
_java_thread_list=0x0000020ce8110a70, length=52, elements={
0x0000020c86d4ab00, 0x0000020c891ae070, 0x0000020c9fb67d10, 0x0000020c9fb6ad70,
0x0000020c9fb6b7d0, 0x0000020c9fb6fcd0, 0x0000020c9fb70730, 0x0000020c9fb76040,
0x0000020c9fb98680, 0x0000020ce25e3020, 0x0000020ce27afb10, 0x0000020ce7870b40,
0x0000020ce279ced0, 0x0000020ce7a8aa70, 0x0000020ce7934e70, 0x0000020ce75f49b0,
0x0000020ce79e5d90, 0x0000020ce7e3e150, 0x0000020ce7db6c50, 0x0000020ce7db5f30,
0x0000020ce7db65c0, 0x0000020ce7db58a0, 0x0000020ce7db5210, 0x0000020ce7db4b80,
0x0000020ce7db3e60, 0x0000020ce7db37d0, 0x0000020ce9d85220, 0x0000020ce9d858b0,
0x0000020ce9d85f40, 0x0000020ce9d837e0, 0x0000020ce9d83e70, 0x0000020ce9d84500,
0x0000020ce9d84b90, 0x0000020ce9d82ac0, 0x0000020ce9d83150, 0x0000020ce7db44f0,
0x0000020ce9d4ed70, 0x0000020ce9d50e40, 0x0000020ce9d51b60, 0x0000020ce9d514d0,
0x0000020ce9d507b0, 0x0000020ce9d50120, 0x0000020ce9d4f400, 0x0000020ce9d52880,
0x0000020ce95a40a0, 0x0000020ce95a4e40, 0x0000020cf64d62c0, 0x0000020cf64d55a0,
0x0000020cf64d4f10, 0x0000020cf64d5c30, 0x0000020cf64d6950, 0x0000020cf64d7670
}

Java Threads: ( => current thread )
  0x0000020c86d4ab00 JavaThread "main"                              [_thread_blocked, id=344, stack(0x000000708e800000,0x000000708e900000) (1024K)]
  0x0000020c891ae070 JavaThread "Reference Handler"          daemon [_thread_blocked, id=4012, stack(0x000000708ec00000,0x000000708ed00000) (1024K)]
  0x0000020c9fb67d10 JavaThread "Finalizer"                  daemon [_thread_blocked, id=17432, stack(0x000000708ed00000,0x000000708ee00000) (1024K)]
  0x0000020c9fb6ad70 JavaThread "Signal Dispatcher"          daemon [_thread_blocked, id=17536, stack(0x000000708ee00000,0x000000708ef00000) (1024K)]
  0x0000020c9fb6b7d0 JavaThread "Attach Listener"            daemon [_thread_blocked, id=15152, stack(0x000000708ef00000,0x000000708f000000) (1024K)]
  0x0000020c9fb6fcd0 JavaThread "Service Thread"             daemon [_thread_blocked, id=13980, stack(0x000000708f000000,0x000000708f100000) (1024K)]
  0x0000020c9fb70730 JavaThread "Monitor Deflation Thread"   daemon [_thread_blocked, id=12904, stack(0x000000708f100000,0x000000708f200000) (1024K)]
  0x0000020c9fb76040 JavaThread "C2 CompilerThread0"         daemon [_thread_in_native, id=17140, stack(0x000000708f200000,0x000000708f300000) (1024K)]
  0x0000020c9fb98680 JavaThread "C1 CompilerThread0"         daemon [_thread_in_vm, id=22740, stack(0x000000708f300000,0x000000708f400000) (1024K)]
  0x0000020ce25e3020 JavaThread "Common-Cleaner"             daemon [_thread_blocked, id=13588, stack(0x000000708f400000,0x000000708f500000) (1024K)]
  0x0000020ce27afb10 JavaThread "Notification Thread"        daemon [_thread_blocked, id=16576, stack(0x000000708f600000,0x000000708f700000) (1024K)]
  0x0000020ce7870b40 JavaThread "Active Thread: Equinox Container: e2770dcc-b5ce-4746-92cc-751da4218ad5"        [_thread_blocked, id=12408, stack(0x000000708fe00000,0x000000708ff00000) (1024K)]
  0x0000020ce279ced0 JavaThread "Refresh Thread: Equinox Container: e2770dcc-b5ce-4746-92cc-751da4218ad5" daemon [_thread_blocked, id=9704, stack(0x000000708f700000,0x000000708f800000) (1024K)]
  0x0000020ce7a8aa70 JavaThread "Framework Event Dispatcher: Equinox Container: e2770dcc-b5ce-4746-92cc-751da4218ad5" daemon [_thread_blocked, id=23268, stack(0x000000708ff00000,0x0000007090000000) (1024K)]
  0x0000020ce7934e70 JavaThread "Start Level: Equinox Container: e2770dcc-b5ce-4746-92cc-751da4218ad5" daemon [_thread_blocked, id=21748, stack(0x0000007090000000,0x0000007090100000) (1024K)]
  0x0000020ce75f49b0 JavaThread "Bundle File Closer"         daemon [_thread_blocked, id=18576, stack(0x0000007090100000,0x0000007090200000) (1024K)]
  0x0000020ce79e5d90 JavaThread "SCR Component Actor"        daemon [_thread_blocked, id=22716, stack(0x0000007090200000,0x0000007090300000) (1024K)]
  0x0000020ce7e3e150 JavaThread "Worker-JM"                         [_thread_blocked, id=22644, stack(0x0000007090500000,0x0000007090600000) (1024K)]
  0x0000020ce7db6c50 JavaThread "JNA Cleaner"                daemon [_thread_blocked, id=17808, stack(0x0000007090300000,0x0000007090400000) (1024K)]
  0x0000020ce7db5f30 JavaThread "Worker-0"                          [_thread_blocked, id=15328, stack(0x0000007090400000,0x0000007090500000) (1024K)]
  0x0000020ce7db65c0 JavaThread "Worker-1: Publish Diagnostics"        [_thread_blocked, id=22012, stack(0x0000007090700000,0x0000007090800000) (1024K)]
  0x0000020ce7db58a0 JavaThread "Java indexing"              daemon [_thread_blocked, id=21028, stack(0x0000007090800000,0x0000007090900000) (1024K)]
  0x0000020ce7db5210 JavaThread "Worker-2"                          [_thread_blocked, id=12672, stack(0x0000007090b00000,0x0000007090c00000) (1024K)]
  0x0000020ce7db4b80 JavaThread "Worker-3: Initialize workspace"        [_thread_blocked, id=16128, stack(0x0000007090d00000,0x0000007090e00000) (1024K)]
  0x0000020ce7db3e60 JavaThread "Worker-4"                          [_thread_blocked, id=20484, stack(0x0000007090e00000,0x0000007090f00000) (1024K)]
  0x0000020ce7db37d0 JavaThread "Thread-1"                   daemon [_thread_in_native, id=996, stack(0x0000007090f00000,0x0000007091000000) (1024K)]
  0x0000020ce9d85220 JavaThread "Thread-2"                   daemon [_thread_in_native, id=14284, stack(0x0000007091000000,0x0000007091100000) (1024K)]
  0x0000020ce9d858b0 JavaThread "Thread-3"                   daemon [_thread_in_native, id=17920, stack(0x0000007091100000,0x0000007091200000) (1024K)]
  0x0000020ce9d85f40 JavaThread "Thread-4"                   daemon [_thread_in_native, id=21396, stack(0x0000007091200000,0x0000007091300000) (1024K)]
  0x0000020ce9d837e0 JavaThread "Thread-5"                   daemon [_thread_in_native, id=7100, stack(0x0000007091300000,0x0000007091400000) (1024K)]
  0x0000020ce9d83e70 JavaThread "Thread-6"                   daemon [_thread_in_native, id=23520, stack(0x0000007091400000,0x0000007091500000) (1024K)]
  0x0000020ce9d84500 JavaThread "Thread-7"                   daemon [_thread_in_native, id=3888, stack(0x0000007091500000,0x0000007091600000) (1024K)]
  0x0000020ce9d84b90 JavaThread "Thread-8"                   daemon [_thread_in_native, id=23384, stack(0x0000007091600000,0x0000007091700000) (1024K)]
  0x0000020ce9d82ac0 JavaThread "Thread-9"                   daemon [_thread_in_native, id=23164, stack(0x0000007091700000,0x0000007091800000) (1024K)]
  0x0000020ce9d83150 JavaThread "pool-2-thread-1"                   [_thread_blocked, id=1888, stack(0x0000007091800000,0x0000007091900000) (1024K)]
  0x0000020ce7db44f0 JavaThread "WorkspaceEventsHandler"            [_thread_blocked, id=14844, stack(0x0000007091900000,0x0000007091a00000) (1024K)]
  0x0000020ce9d4ed70 JavaThread "pool-1-thread-1"                   [_thread_blocked, id=3928, stack(0x0000007091a00000,0x0000007091b00000) (1024K)]
  0x0000020ce9d50e40 JavaThread "ForkJoinPool.commonPool-worker-1" daemon [_thread_blocked, id=4908, stack(0x0000007091b00000,0x0000007091c00000) (1024K)]
  0x0000020ce9d51b60 JavaThread "ForkJoinPool.commonPool-worker-2" daemon [_thread_blocked, id=23480, stack(0x0000007091c00000,0x0000007091d00000) (1024K)]
  0x0000020ce9d514d0 JavaThread "ForkJoinPool.commonPool-worker-3" daemon [_thread_blocked, id=2904, stack(0x0000007091d00000,0x0000007091e00000) (1024K)]
  0x0000020ce9d507b0 JavaThread "ForkJoinPool.commonPool-worker-5" daemon [_thread_blocked, id=20436, stack(0x0000007091e00000,0x0000007091f00000) (1024K)]
  0x0000020ce9d50120 JavaThread "ForkJoinPool.commonPool-worker-6" daemon [_thread_blocked, id=23072, stack(0x0000007091f00000,0x0000007092000000) (1024K)]
  0x0000020ce9d4f400 JavaThread "ForkJoinPool.commonPool-worker-4" daemon [_thread_blocked, id=13700, stack(0x0000007092000000,0x0000007092100000) (1024K)]
  0x0000020ce9d52880 JavaThread "ForkJoinPool.commonPool-worker-7" daemon [_thread_blocked, id=21792, stack(0x0000007092100000,0x0000007092200000) (1024K)]
  0x0000020ce95a40a0 JavaThread "C2 CompilerThread1"         daemon [_thread_in_native, id=13164, stack(0x000000708e600000,0x000000708e700000) (1024K)]
=>0x0000020ce95a4e40 JavaThread "C2 CompilerThread2"         daemon [_thread_in_native, id=11808, stack(0x0000007090600000,0x0000007090700000) (1024K)]
  0x0000020cf64d62c0 JavaThread "ParallelDescriptorResolver-0-0" daemon [_thread_in_native, id=6664, stack(0x0000007090c00000,0x0000007090d00000) (1024K)]
  0x0000020cf64d55a0 JavaThread "ParallelDescriptorResolver-0-1" daemon [_thread_in_native, id=13936, stack(0x0000007092200000,0x0000007092300000) (1024K)]
  0x0000020cf64d4f10 JavaThread "ParallelDescriptorResolver-0-2" daemon [_thread_blocked, id=7188, stack(0x0000007092300000,0x0000007092400000) (1024K)]
  0x0000020cf64d5c30 JavaThread "ParallelDescriptorResolver-0-3" daemon [_thread_in_native, id=22248, stack(0x0000007092400000,0x0000007092500000) (1024K)]
  0x0000020cf64d6950 JavaThread "ParallelDescriptorResolver-0-4" daemon [_thread_in_native, id=10400, stack(0x0000007092500000,0x0000007092600000) (1024K)]
  0x0000020cf64d7670 JavaThread "Cleaner-0"                  daemon [_thread_blocked, id=2244, stack(0x0000007092600000,0x0000007092700000) (1024K)]
Total: 52

Other Threads:
  0x0000020c9fb62610 VMThread "VM Thread"                           [id=7896, stack(0x000000708eb00000,0x000000708ec00000) (1024K)]
  0x0000020c9fa7c670 WatcherThread "VM Periodic Task Thread"        [id=10764, stack(0x000000708ea00000,0x000000708eb00000) (1024K)]
  0x0000020c8910cfe0 WorkerThread "GC Thread#0"                     [id=2828, stack(0x000000708e900000,0x000000708ea00000) (1024K)]
  0x0000020ce7756210 WorkerThread "GC Thread#1"                     [id=20512, stack(0x000000708f800000,0x000000708f900000) (1024K)]
  0x0000020ce775b0e0 WorkerThread "GC Thread#2"                     [id=20904, stack(0x000000708f900000,0x000000708fa00000) (1024K)]
  0x0000020ce775b490 WorkerThread "GC Thread#3"                     [id=8716, stack(0x000000708fa00000,0x000000708fb00000) (1024K)]
  0x0000020ce75bf730 WorkerThread "GC Thread#4"                     [id=16884, stack(0x000000708fb00000,0x000000708fc00000) (1024K)]
  0x0000020ce75bfae0 WorkerThread "GC Thread#5"                     [id=23324, stack(0x000000708fc00000,0x000000708fd00000) (1024K)]
  0x0000020ce75bfe90 WorkerThread "GC Thread#6"                     [id=16612, stack(0x000000708fd00000,0x000000708fe00000) (1024K)]
  0x0000020ce2481c80 WorkerThread "GC Thread#7"                     [id=18176, stack(0x000000708f500000,0x000000708f600000) (1024K)]
Total: 10

Threads with active compile tasks:
C2 CompilerThread0  40278 11556       4       org.apache.maven.model.ConfigurationContainer::getLocation (147 bytes)
C2 CompilerThread1  40278 11555       4       java.util.concurrent.ConcurrentHashMap::putAll (63 bytes)
C2 CompilerThread2  40278 11334       4       org.eclipse.jdt.internal.compiler.lookup.LookupEnvironment::getTypeFromTypeSignature (770 bytes)
Total: 3

VM state: not at safepoint (normal execution)

VM Mutex/Monitor currently owned by a thread:  ([mutex/lock_event])
[0x00007ffe59cfe660] Heap_lock - owner thread: 0x0000020cf64d4f10

Heap address: 0x0000000080000000, size: 2048 MB, Compressed Oops mode: 32-bit

CDS archive(s) mapped at: [0x0000020ca0000000-0x0000020ca0ba0000-0x0000020ca0ba0000), size 12189696, SharedBaseAddress: 0x0000020ca0000000, ArchiveRelocationMode: 1.
Compressed class space mapped at: 0x0000020ca1000000-0x0000020ce1000000, reserved size: 1073741824
Narrow klass base: 0x0000020ca0000000, Narrow klass shift: 0, Narrow klass range: 0x100000000

GC Precious Log:
 CardTable entry size: 512
 CPUs: 8 total, 8 available
 Memory: 16167M
 Large Page Support: Disabled
 NUMA Support: Disabled
 Compressed Oops: Enabled (32-bit)
 Alignments: Space 512K, Generation 512K, Heap 2M
 Heap Min Capacity: 100M
 Heap Initial Capacity: 100M
 Heap Max Capacity: 2G
 Pre-touch: Disabled
 Parallel Workers: 8

Heap:
 PSYoungGen      total 6656K, used 1022K [0x00000000d5580000, 0x00000000d5d00000, 0x0000000100000000)
  eden space 5632K, 1% used [0x00000000d5580000,0x00000000d5597828,0x00000000d5b00000)
  from space 1024K, 90% used [0x00000000d5c00000,0x00000000d5ce8000,0x00000000d5d00000)
  to   space 1024K, 0% used [0x00000000d5b00000,0x00000000d5b00000,0x00000000d5c00000)
 ParOldGen       total 110592K, used 110560K [0x0000000080000000, 0x0000000086c00000, 0x00000000d5580000)
  object space 110592K, 99% used [0x0000000080000000,0x0000000086bf83d8,0x0000000086c00000)
 Metaspace       used 67120K, committed 68672K, reserved 1114112K
  class space    used 7005K, committed 7680K, reserved 1048576K

Card table byte_map: [0x0000020c88a90000,0x0000020c88ea0000] _byte_map_base: 0x0000020c88690000

Marking Bits: (ParMarkBitMap*) 0x00007ffe59d03450
 Begin Bits: [0x0000020c9b5a0000, 0x0000020c9d5a0000)
 End Bits:   [0x0000020c9d5a0000, 0x0000020c9f5a0000)

Polling page: 0x0000020c86f60000

Metaspace:

Usage:
  Non-class:     58.71 MB used.
      Class:      6.84 MB used.
       Both:     65.55 MB used.

Virtual space:
  Non-class space:       64.00 MB reserved,      59.56 MB ( 93%) committed,  1 nodes.
      Class space:        1.00 GB reserved,       7.50 MB ( <1%) committed,  1 nodes.
             Both:        1.06 GB reserved,      67.06 MB (  6%) committed. 

Chunk freelists:
   Non-Class:  3.77 MB
       Class:  8.31 MB
        Both:  12.08 MB

MaxMetaspaceSize: unlimited
CompressedClassSpaceSize: 1.00 GB
Initial GC threshold: 21.00 MB
Current GC threshold: 97.31 MB
CDS: on
 - commit_granule_bytes: 65536.
 - commit_granule_words: 8192.
 - virtual_space_node_default_size: 8388608.
 - enlarge_chunks_in_place: 1.
 - use_allocation_guard: 0.


Internal statistics:

num_allocs_failed_limit: 9.
num_arena_births: 1296.
num_arena_deaths: 14.
num_vsnodes_births: 2.
num_vsnodes_deaths: 0.
num_space_committed: 1073.
num_space_uncommitted: 0.
num_chunks_returned_to_freelist: 23.
num_chunks_taken_from_freelist: 4495.
num_chunk_merges: 15.
num_chunk_splits: 2779.
num_chunks_enlarged: 1542.
num_inconsistent_stats: 0.

CodeHeap 'non-profiled nmethods': size=120000Kb used=8655Kb max_used=8655Kb free=111344Kb
 bounds [0x0000020c93dc0000, 0x0000020c94640000, 0x0000020c9b2f0000]
CodeHeap 'profiled nmethods': size=120000Kb used=25808Kb max_used=25808Kb free=94191Kb
 bounds [0x0000020c8c2f0000, 0x0000020c8dc30000, 0x0000020c93820000]
CodeHeap 'non-nmethods': size=5760Kb used=1463Kb max_used=1564Kb free=4296Kb
 bounds [0x0000020c93820000, 0x0000020c93a90000, 0x0000020c93dc0000]
CodeCache: size=245760Kb, used=35926Kb, max_used=36027Kb, free=209831Kb
 total_blobs=11571, nmethods=10802, adapters=674, full_count=0
Compilation: enabled, stopped_count=0, restarted_count=0

Compilation events (20 events):
Event: 39.207 Thread 0x0000020c9fb98680 11545       3       org.eclipse.aether.util.graph.manager.ClassicDependencyManager$Key::equals (123 bytes)
Event: 39.208 Thread 0x0000020c9fb98680 nmethod 11545 0x0000020c8dc1ae90 code [0x0000020c8dc1b0e0, 0x0000020c8dc1b9e8]
Event: 39.208 Thread 0x0000020c9fb98680 11546   !   3       java.util.Collections$SynchronizedMap::put (28 bytes)
Event: 39.208 Thread 0x0000020c9fb98680 nmethod 11546 0x0000020c8dc1bd90 code [0x0000020c8dc1bf40, 0x0000020c8dc1c208]
Event: 39.208 Thread 0x0000020c9fb98680 11547       1       org.eclipse.aether.collection.DependencyManagement::getExclusions (5 bytes)
Event: 39.208 Thread 0x0000020c9fb98680 nmethod 11547 0x0000020c9462ff10 code [0x0000020c946300a0, 0x0000020c94630168]
Event: 39.209 Thread 0x0000020ce95a40a0 nmethod 11529 0x0000020c94630210 code [0x0000020c94630460, 0x0000020c94630bb8]
Event: 39.209 Thread 0x0000020c9fb98680 11548       1       org.eclipse.aether.collection.DependencyManagement::getProperties (5 bytes)
Event: 39.209 Thread 0x0000020c9fb98680 nmethod 11548 0x0000020c94631290 code [0x0000020c94631420, 0x0000020c946314e8]
Event: 39.209 Thread 0x0000020c9fb98680 11549       1       org.eclipse.aether.collection.DependencyManagement::getScope (5 bytes)
Event: 39.209 Thread 0x0000020c9fb98680 nmethod 11549 0x0000020c94631590 code [0x0000020c94631720, 0x0000020c946317e8]
Event: 39.209 Thread 0x0000020c9fb98680 11550       1       org.eclipse.aether.collection.DependencyManagement::getOptional (5 bytes)
Event: 39.209 Thread 0x0000020c9fb98680 nmethod 11550 0x0000020c94631890 code [0x0000020c94631a20, 0x0000020c94631ae8]
Event: 39.209 Thread 0x0000020c9fb98680 11552       1       org.eclipse.aether.internal.impl.collect.PremanagedDependency::getManagedDependency (5 bytes)
Event: 39.209 Thread 0x0000020c9fb98680 nmethod 11552 0x0000020c94631b90 code [0x0000020c94631d20, 0x0000020c94631de8]
Event: 39.209 Thread 0x0000020c9fb98680 11553       1       org.eclipse.aether.util.version.GenericVersion::toString (5 bytes)
Event: 39.209 Thread 0x0000020c9fb98680 nmethod 11553 0x0000020c94631e90 code [0x0000020c94632020, 0x0000020c946320e8]
Event: 39.218 Thread 0x0000020c9fb76040 nmethod 11551 0x0000020c94632190 code [0x0000020c946323c0, 0x0000020c94633408]
Event: 39.225 Thread 0x0000020c9fb98680 11554       3       org.eclipse.jdt.internal.compiler.lookup.ClassScope::buildMethods (591 bytes)
Event: 40.240 Thread 0x0000020c9fb98680 nmethod 11554 0x0000020c8dc1c390 code [0x0000020c8dc1c8a0, 0x0000020c8dc20020]

GC Heap History (20 events):
Event: 37.597 GC heap before
{Heap before GC invocations=211 (full 3):
 PSYoungGen      total 7680K, used 7668K [0x00000000d5580000, 0x00000000d6000000, 0x0000000100000000)
  eden space 6656K, 100% used [0x00000000d5580000,0x00000000d5c00000,0x00000000d5c00000)
  from space 1024K, 98% used [0x00000000d5c00000,0x00000000d5cfd200,0x00000000d5d00000)
  to   space 2048K, 0% used [0x00000000d5e00000,0x00000000d5e00000,0x00000000d6000000)
 ParOldGen       total 102912K, used 102660K [0x0000000080000000, 0x0000000086480000, 0x00000000d5580000)
  object space 102912K, 99% used [0x0000000080000000,0x0000000086441078,0x0000000086480000)
 Metaspace       used 64701K, committed 66240K, reserved 1114112K
  class space    used 6790K, committed 7488K, reserved 1048576K
}
Event: 37.600 GC heap after
{Heap after GC invocations=211 (full 3):
 PSYoungGen      total 7680K, used 832K [0x00000000d5580000, 0x00000000d5f00000, 0x0000000100000000)
  eden space 6656K, 0% used [0x00000000d5580000,0x00000000d5580000,0x00000000d5c00000)
  from space 1024K, 81% used [0x00000000d5e00000,0x00000000d5ed0000,0x00000000d5f00000)
  to   space 1536K, 0% used [0x00000000d5c00000,0x00000000d5c00000,0x00000000d5d80000)
 ParOldGen       total 103936K, used 103587K [0x0000000080000000, 0x0000000086580000, 0x00000000d5580000)
  object space 103936K, 99% used [0x0000000080000000,0x0000000086528cd8,0x0000000086580000)
 Metaspace       used 64701K, committed 66240K, reserved 1114112K
  class space    used 6790K, committed 7488K, reserved 1048576K
}
Event: 37.717 GC heap before
{Heap before GC invocations=212 (full 3):
 PSYoungGen      total 7680K, used 7488K [0x00000000d5580000, 0x00000000d5f00000, 0x0000000100000000)
  eden space 6656K, 100% used [0x00000000d5580000,0x00000000d5c00000,0x00000000d5c00000)
  from space 1024K, 81% used [0x00000000d5e00000,0x00000000d5ed0000,0x00000000d5f00000)
  to   space 1536K, 0% used [0x00000000d5c00000,0x00000000d5c00000,0x00000000d5d80000)
 ParOldGen       total 103936K, used 103587K [0x0000000080000000, 0x0000000086580000, 0x00000000d5580000)
  object space 103936K, 99% used [0x0000000080000000,0x0000000086528cd8,0x0000000086580000)
 Metaspace       used 65076K, committed 66624K, reserved 1114112K
  class space    used 6805K, committed 7488K, reserved 1048576K
}
Event: 37.718 GC heap after
{Heap after GC invocations=212 (full 3):
 PSYoungGen      total 8192K, used 884K [0x00000000d5580000, 0x00000000d5e80000, 0x0000000100000000)
  eden space 6656K, 0% used [0x00000000d5580000,0x00000000d5580000,0x00000000d5c00000)
  from space 1536K, 57% used [0x00000000d5c00000,0x00000000d5cdd348,0x00000000d5d80000)
  to   space 1024K, 0% used [0x00000000d5d80000,0x00000000d5d80000,0x00000000d5e80000)
 ParOldGen       total 104448K, used 104287K [0x0000000080000000, 0x0000000086600000, 0x00000000d5580000)
  object space 104448K, 99% used [0x0000000080000000,0x00000000865d7c28,0x0000000086600000)
 Metaspace       used 65076K, committed 66624K, reserved 1114112K
  class space    used 6805K, committed 7488K, reserved 1048576K
}
Event: 37.902 GC heap before
{Heap before GC invocations=213 (full 3):
 PSYoungGen      total 8192K, used 7540K [0x00000000d5580000, 0x00000000d5e80000, 0x0000000100000000)
  eden space 6656K, 100% used [0x00000000d5580000,0x00000000d5c00000,0x00000000d5c00000)
  from space 1536K, 57% used [0x00000000d5c00000,0x00000000d5cdd348,0x00000000d5d80000)
  to   space 1024K, 0% used [0x00000000d5d80000,0x00000000d5d80000,0x00000000d5e80000)
 ParOldGen       total 104448K, used 104287K [0x0000000080000000, 0x0000000086600000, 0x00000000d5580000)
  object space 104448K, 99% used [0x0000000080000000,0x00000000865d7c28,0x0000000086600000)
 Metaspace       used 65306K, committed 66816K, reserved 1114112K
  class space    used 6834K, committed 7488K, reserved 1048576K
}
Event: 37.904 GC heap after
{Heap after GC invocations=213 (full 3):
 PSYoungGen      total 6656K, used 1016K [0x00000000d5580000, 0x00000000d6100000, 0x0000000100000000)
  eden space 5632K, 0% used [0x00000000d5580000,0x00000000d5580000,0x00000000d5b00000)
  from space 1024K, 99% used [0x00000000d5d80000,0x00000000d5e7e010,0x00000000d5e80000)
  to   space 2560K, 0% used [0x00000000d5b00000,0x00000000d5b00000,0x00000000d5d80000)
 ParOldGen       total 105984K, used 105512K [0x0000000080000000, 0x0000000086780000, 0x00000000d5580000)
  object space 105984K, 99% used [0x0000000080000000,0x000000008670a2c8,0x0000000086780000)
 Metaspace       used 65306K, committed 66816K, reserved 1114112K
  class space    used 6834K, committed 7488K, reserved 1048576K
}
Event: 38.048 GC heap before
{Heap before GC invocations=214 (full 3):
 PSYoungGen      total 6656K, used 6648K [0x00000000d5580000, 0x00000000d6100000, 0x0000000100000000)
  eden space 5632K, 100% used [0x00000000d5580000,0x00000000d5b00000,0x00000000d5b00000)
  from space 1024K, 99% used [0x00000000d5d80000,0x00000000d5e7e010,0x00000000d5e80000)
  to   space 2560K, 0% used [0x00000000d5b00000,0x00000000d5b00000,0x00000000d5d80000)
 ParOldGen       total 105984K, used 105512K [0x0000000080000000, 0x0000000086780000, 0x00000000d5580000)
  object space 105984K, 99% used [0x0000000080000000,0x000000008670a2c8,0x0000000086780000)
 Metaspace       used 65560K, committed 67072K, reserved 1114112K
  class space    used 6838K, committed 7488K, reserved 1048576K
}
Event: 38.050 GC heap after
{Heap after GC invocations=214 (full 3):
 PSYoungGen      total 6656K, used 651K [0x00000000d5580000, 0x00000000d5e00000, 0x0000000100000000)
  eden space 5632K, 0% used [0x00000000d5580000,0x00000000d5580000,0x00000000d5b00000)
  from space 1024K, 63% used [0x00000000d5b00000,0x00000000d5ba2e18,0x00000000d5c00000)
  to   space 1536K, 0% used [0x00000000d5c80000,0x00000000d5c80000,0x00000000d5e00000)
 ParOldGen       total 106496K, used 106399K [0x0000000080000000, 0x0000000086800000, 0x00000000d5580000)
  object space 106496K, 99% used [0x0000000080000000,0x00000000867e7cf8,0x0000000086800000)
 Metaspace       used 65560K, committed 67072K, reserved 1114112K
  class space    used 6838K, committed 7488K, reserved 1048576K
}
Event: 38.175 GC heap before
{Heap before GC invocations=215 (full 3):
 PSYoungGen      total 6656K, used 6283K [0x00000000d5580000, 0x00000000d5e00000, 0x0000000100000000)
  eden space 5632K, 100% used [0x00000000d5580000,0x00000000d5b00000,0x00000000d5b00000)
  from space 1024K, 63% used [0x00000000d5b00000,0x00000000d5ba2e18,0x00000000d5c00000)
  to   space 1536K, 0% used [0x00000000d5c80000,0x00000000d5c80000,0x00000000d5e00000)
 ParOldGen       total 106496K, used 106399K [0x0000000080000000, 0x0000000086800000, 0x00000000d5580000)
  object space 106496K, 99% used [0x0000000080000000,0x00000000867e7cf8,0x0000000086800000)
 Metaspace       used 65892K, committed 67392K, reserved 1114112K
  class space    used 6867K, committed 7552K, reserved 1048576K
}
Event: 38.177 GC heap after
{Heap after GC invocations=215 (full 3):
 PSYoungGen      total 7168K, used 1076K [0x00000000d5580000, 0x00000000d5e00000, 0x0000000100000000)
  eden space 5632K, 0% used [0x00000000d5580000,0x00000000d5580000,0x00000000d5b00000)
  from space 1536K, 70% used [0x00000000d5c80000,0x00000000d5d8d200,0x00000000d5e00000)
  to   space 1536K, 0% used [0x00000000d5b00000,0x00000000d5b00000,0x00000000d5c80000)
 ParOldGen       total 107008K, used 106854K [0x0000000080000000, 0x0000000086880000, 0x00000000d5580000)
  object space 107008K, 99% used [0x0000000080000000,0x0000000086859890,0x0000000086880000)
 Metaspace       used 65892K, committed 67392K, reserved 1114112K
  class space    used 6867K, committed 7552K, reserved 1048576K
}
Event: 38.215 GC heap before
{Heap before GC invocations=216 (full 3):
 PSYoungGen      total 7168K, used 6708K [0x00000000d5580000, 0x00000000d5e00000, 0x0000000100000000)
  eden space 5632K, 100% used [0x00000000d5580000,0x00000000d5b00000,0x00000000d5b00000)
  from space 1536K, 70% used [0x00000000d5c80000,0x00000000d5d8d200,0x00000000d5e00000)
  to   space 1536K, 0% used [0x00000000d5b00000,0x00000000d5b00000,0x00000000d5c80000)
 ParOldGen       total 107008K, used 106854K [0x0000000080000000, 0x0000000086880000, 0x00000000d5580000)
  object space 107008K, 99% used [0x0000000080000000,0x0000000086859890,0x0000000086880000)
 Metaspace       used 66075K, committed 67584K, reserved 1114112K
  class space    used 6882K, committed 7552K, reserved 1048576K
}
Event: 38.217 GC heap after
{Heap after GC invocations=216 (full 3):
 PSYoungGen      total 6656K, used 576K [0x00000000d5580000, 0x00000000d5d00000, 0x0000000100000000)
  eden space 5632K, 0% used [0x00000000d5580000,0x00000000d5580000,0x00000000d5b00000)
  from space 1024K, 56% used [0x00000000d5b00000,0x00000000d5b90000,0x00000000d5c00000)
  to   space 1024K, 0% used [0x00000000d5c00000,0x00000000d5c00000,0x00000000d5d00000)
 ParOldGen       total 108032K, used 107773K [0x0000000080000000, 0x0000000086980000, 0x00000000d5580000)
  object space 108032K, 99% used [0x0000000080000000,0x000000008693f7c0,0x0000000086980000)
 Metaspace       used 66075K, committed 67584K, reserved 1114112K
  class space    used 6882K, committed 7552K, reserved 1048576K
}
Event: 38.370 GC heap before
{Heap before GC invocations=217 (full 3):
 PSYoungGen      total 6656K, used 6208K [0x00000000d5580000, 0x00000000d5d00000, 0x0000000100000000)
  eden space 5632K, 100% used [0x00000000d5580000,0x00000000d5b00000,0x00000000d5b00000)
  from space 1024K, 56% used [0x00000000d5b00000,0x00000000d5b90000,0x00000000d5c00000)
  to   space 1024K, 0% used [0x00000000d5c00000,0x00000000d5c00000,0x00000000d5d00000)
 ParOldGen       total 108032K, used 107773K [0x0000000080000000, 0x0000000086980000, 0x00000000d5580000)
  object space 108032K, 99% used [0x0000000080000000,0x000000008693f7c0,0x0000000086980000)
 Metaspace       used 66280K, committed 67776K, reserved 1114112K
  class space    used 6887K, committed 7552K, reserved 1048576K
}
Event: 38.374 GC heap after
{Heap after GC invocations=217 (full 3):
 PSYoungGen      total 6656K, used 928K [0x00000000d5580000, 0x00000000d5d00000, 0x0000000100000000)
  eden space 5632K, 0% used [0x00000000d5580000,0x00000000d5580000,0x00000000d5b00000)
  from space 1024K, 90% used [0x00000000d5c00000,0x00000000d5ce8000,0x00000000d5d00000)
  to   space 1024K, 0% used [0x00000000d5b00000,0x00000000d5b00000,0x00000000d5c00000)
 ParOldGen       total 108544K, used 108214K [0x0000000080000000, 0x0000000086a00000, 0x00000000d5580000)
  object space 108544K, 99% used [0x0000000080000000,0x00000000869ad800,0x0000000086a00000)
 Metaspace       used 66280K, committed 67776K, reserved 1114112K
  class space    used 6887K, committed 7552K, reserved 1048576K
}
Event: 38.511 GC heap before
{Heap before GC invocations=218 (full 3):
 PSYoungGen      total 6656K, used 6560K [0x00000000d5580000, 0x00000000d5d00000, 0x0000000100000000)
  eden space 5632K, 100% used [0x00000000d5580000,0x00000000d5b00000,0x00000000d5b00000)
  from space 1024K, 90% used [0x00000000d5c00000,0x00000000d5ce8000,0x00000000d5d00000)
  to   space 1024K, 0% used [0x00000000d5b00000,0x00000000d5b00000,0x00000000d5c00000)
 ParOldGen       total 108544K, used 108214K [0x0000000080000000, 0x0000000086a00000, 0x00000000d5580000)
  object space 108544K, 99% used [0x0000000080000000,0x00000000869ad800,0x0000000086a00000)
 Metaspace       used 66654K, committed 68160K, reserved 1114112K
  class space    used 6953K, committed 7616K, reserved 1048576K
}
Event: 38.512 GC heap after
{Heap after GC invocations=218 (full 3):
 PSYoungGen      total 6656K, used 772K [0x00000000d5580000, 0x00000000d5d00000, 0x0000000100000000)
  eden space 5632K, 0% used [0x00000000d5580000,0x00000000d5580000,0x00000000d5b00000)
  from space 1024K, 75% used [0x00000000d5b00000,0x00000000d5bc1210,0x00000000d5c00000)
  to   space 1024K, 0% used [0x00000000d5c00000,0x00000000d5c00000,0x00000000d5d00000)
 ParOldGen       total 109056K, used 108886K [0x0000000080000000, 0x0000000086a80000, 0x00000000d5580000)
  object space 109056K, 99% used [0x0000000080000000,0x0000000086a55840,0x0000000086a80000)
 Metaspace       used 66654K, committed 68160K, reserved 1114112K
  class space    used 6953K, committed 7616K, reserved 1048576K
}
Event: 38.633 GC heap before
{Heap before GC invocations=219 (full 3):
 PSYoungGen      total 6656K, used 6404K [0x00000000d5580000, 0x00000000d5d00000, 0x0000000100000000)
  eden space 5632K, 100% used [0x00000000d5580000,0x00000000d5b00000,0x00000000d5b00000)
  from space 1024K, 75% used [0x00000000d5b00000,0x00000000d5bc1210,0x00000000d5c00000)
  to   space 1024K, 0% used [0x00000000d5c00000,0x00000000d5c00000,0x00000000d5d00000)
 ParOldGen       total 109056K, used 108886K [0x0000000080000000, 0x0000000086a80000, 0x00000000d5580000)
  object space 109056K, 99% used [0x0000000080000000,0x0000000086a55840,0x0000000086a80000)
 Metaspace       used 66898K, committed 68544K, reserved 1114112K
  class space    used 6989K, committed 7680K, reserved 1048576K
}
Event: 38.635 GC heap after
{Heap after GC invocations=219 (full 3):
 PSYoungGen      total 6656K, used 608K [0x00000000d5580000, 0x00000000d5d00000, 0x0000000100000000)
  eden space 5632K, 0% used [0x00000000d5580000,0x00000000d5580000,0x00000000d5b00000)
  from space 1024K, 59% used [0x00000000d5c00000,0x00000000d5c98000,0x00000000d5d00000)
  to   space 1024K, 0% used [0x00000000d5b00000,0x00000000d5b00000,0x00000000d5c00000)
 ParOldGen       total 110080K, used 109580K [0x0000000080000000, 0x0000000086b80000, 0x00000000d5580000)
  object space 110080K, 99% used [0x0000000080000000,0x0000000086b03368,0x0000000086b80000)
 Metaspace       used 66898K, committed 68544K, reserved 1114112K
  class space    used 6989K, committed 7680K, reserved 1048576K
}
Event: 38.678 GC heap before
{Heap before GC invocations=220 (full 3):
 PSYoungGen      total 6656K, used 6240K [0x00000000d5580000, 0x00000000d5d00000, 0x0000000100000000)
  eden space 5632K, 100% used [0x00000000d5580000,0x00000000d5b00000,0x00000000d5b00000)
  from space 1024K, 59% used [0x00000000d5c00000,0x00000000d5c98000,0x00000000d5d00000)
  to   space 1024K, 0% used [0x00000000d5b00000,0x00000000d5b00000,0x00000000d5c00000)
 ParOldGen       total 110080K, used 109580K [0x0000000080000000, 0x0000000086b80000, 0x00000000d5580000)
  object space 110080K, 99% used [0x0000000080000000,0x0000000086b03368,0x0000000086b80000)
 Metaspace       used 66954K, committed 68544K, reserved 1114112K
  class space    used 6992K, committed 7680K, reserved 1048576K
}
Event: 38.682 GC heap after
{Heap after GC invocations=220 (full 3):
 PSYoungGen      total 6656K, used 704K [0x00000000d5580000, 0x00000000d5d00000, 0x0000000100000000)
  eden space 5632K, 0% used [0x00000000d5580000,0x00000000d5580000,0x00000000d5b00000)
  from space 1024K, 68% used [0x00000000d5b00000,0x00000000d5bb0000,0x00000000d5c00000)
  to   space 1024K, 0% used [0x00000000d5c00000,0x00000000d5c00000,0x00000000d5d00000)
 ParOldGen       total 110080K, used 110056K [0x0000000080000000, 0x0000000086b80000, 0x00000000d5580000)
  object space 110080K, 99% used [0x0000000080000000,0x0000000086b7a398,0x0000000086b80000)
 Metaspace       used 66954K, committed 68544K, reserved 1114112K
  class space    used 6992K, committed 7680K, reserved 1048576K
}

Dll operation events (10 events):
Event: 0.017 Loaded shared library c:\Users\LENOVO\.antigravity\extensions\redhat.java-1.53.0-win32-x64\jre\21.0.10-win32-x86_64\bin\java.dll
Event: 0.082 Loaded shared library c:\Users\LENOVO\.antigravity\extensions\redhat.java-1.53.0-win32-x64\jre\21.0.10-win32-x86_64\bin\zip.dll
Event: 0.102 Loaded shared library C:\Users\LENOVO\.antigravity\extensions\redhat.java-1.53.0-win32-x64\jre\21.0.10-win32-x86_64\bin\instrument.dll
Event: 0.107 Loaded shared library C:\Users\LENOVO\.antigravity\extensions\redhat.java-1.53.0-win32-x64\jre\21.0.10-win32-x86_64\bin\net.dll
Event: 0.109 Loaded shared library C:\Users\LENOVO\.antigravity\extensions\redhat.java-1.53.0-win32-x64\jre\21.0.10-win32-x86_64\bin\nio.dll
Event: 0.112 Loaded shared library C:\Users\LENOVO\.antigravity\extensions\redhat.java-1.53.0-win32-x64\jre\21.0.10-win32-x86_64\bin\zip.dll
Event: 0.131 Loaded shared library C:\Users\LENOVO\.antigravity\extensions\redhat.java-1.53.0-win32-x64\jre\21.0.10-win32-x86_64\bin\jimage.dll
Event: 0.221 Loaded shared library c:\Users\LENOVO\.antigravity\extensions\redhat.java-1.53.0-win32-x64\jre\21.0.10-win32-x86_64\bin\verify.dll
Event: 8.645 Loaded shared library C:\Users\LENOVO\AppData\Roaming\Antigravity\User\globalStorage\redhat.java\1.53.0\config_win\org.eclipse.equinox.launcher\org.eclipse.equinox.launcher.win32.win32.x86_64_1.3.0.v20260203-2149\eclipse_11919.dll
Event: 23.157 Loaded shared library C:\Users\LENOVO\AppData\Local\Temp\jna--2053026509\jna12937344585428394863.dll

Deoptimization events (20 events):
Event: 39.184 Thread 0x0000020ce7db65c0 Uncommon trap: trap_request=0xffffff6e fr.pc=0x0000020c9454777c relative=0x000000000000015c
Event: 39.184 Thread 0x0000020ce7db65c0 Uncommon trap: reason=loop_limit_check action=maybe_recompile pc=0x0000020c9454777c method=org.eclipse.jdt.internal.compiler.lookup.ReferenceBinding.compare([C[CII)I @ 46 c2
Event: 39.184 Thread 0x0000020ce7db65c0 DEOPT PACKING pc=0x0000020c9454777c sp=0x00000070907fe2a0
Event: 39.184 Thread 0x0000020ce7db65c0 DEOPT UNPACKING pc=0x0000020c93876da2 sp=0x00000070907fe210 mode 2
Event: 39.203 Thread 0x0000020ce7db4b80 Uncommon trap: trap_request=0xffffffde fr.pc=0x0000020c942be604 relative=0x00000000000007c4
Event: 39.203 Thread 0x0000020ce7db4b80 Uncommon trap: reason=class_check action=maybe_recompile pc=0x0000020c942be604 method=java.util.WeakHashMap.matchesKey(Ljava/util/WeakHashMap$Entry;Ljava/lang/Object;)Z @ 21 c2
Event: 39.203 Thread 0x0000020ce7db4b80 DEOPT PACKING pc=0x0000020c942be604 sp=0x0000007090dfd5f0
Event: 39.203 Thread 0x0000020ce7db4b80 DEOPT UNPACKING pc=0x0000020c93876da2 sp=0x0000007090dfd538 mode 2
Event: 39.203 Thread 0x0000020ce7db4b80 Uncommon trap: trap_request=0xffffffde fr.pc=0x0000020c942be604 relative=0x00000000000007c4
Event: 39.203 Thread 0x0000020ce7db4b80 Uncommon trap: reason=class_check action=maybe_recompile pc=0x0000020c942be604 method=java.util.WeakHashMap.matchesKey(Ljava/util/WeakHashMap$Entry;Ljava/lang/Object;)Z @ 21 c2
Event: 39.203 Thread 0x0000020ce7db4b80 DEOPT PACKING pc=0x0000020c942be604 sp=0x0000007090dfd600
Event: 39.203 Thread 0x0000020ce7db4b80 DEOPT UNPACKING pc=0x0000020c93876da2 sp=0x0000007090dfd548 mode 2
Event: 39.205 Thread 0x0000020ce7db4b80 Uncommon trap: trap_request=0xffffffde fr.pc=0x0000020c942be604 relative=0x00000000000007c4
Event: 39.205 Thread 0x0000020ce7db4b80 Uncommon trap: reason=class_check action=maybe_recompile pc=0x0000020c942be604 method=java.util.WeakHashMap.matchesKey(Ljava/util/WeakHashMap$Entry;Ljava/lang/Object;)Z @ 21 c2
Event: 39.205 Thread 0x0000020ce7db4b80 DEOPT PACKING pc=0x0000020c942be604 sp=0x0000007090dfd5f0
Event: 39.205 Thread 0x0000020ce7db4b80 DEOPT UNPACKING pc=0x0000020c93876da2 sp=0x0000007090dfd538 mode 2
Event: 39.205 Thread 0x0000020ce7db4b80 Uncommon trap: trap_request=0xffffffde fr.pc=0x0000020c942be604 relative=0x00000000000007c4
Event: 39.205 Thread 0x0000020ce7db4b80 Uncommon trap: reason=class_check action=maybe_recompile pc=0x0000020c942be604 method=java.util.WeakHashMap.matchesKey(Ljava/util/WeakHashMap$Entry;Ljava/lang/Object;)Z @ 21 c2
Event: 39.205 Thread 0x0000020ce7db4b80 DEOPT PACKING pc=0x0000020c942be604 sp=0x0000007090dfd600
Event: 39.205 Thread 0x0000020ce7db4b80 DEOPT UNPACKING pc=0x0000020c93876da2 sp=0x0000007090dfd548 mode 2

Classes loaded (20 events):
Event: 32.416 Loading class sun/util/resources/cldr/TimeZoneNames_en_US
Event: 32.416 Loading class sun/util/resources/cldr/TimeZoneNames_en_US done
Event: 32.418 Loading class sun/util/cldr/CLDRBaseLocaleDataMetaInfo$TZCanonicalIDMapHolder
Event: 32.419 Loading class sun/util/cldr/CLDRBaseLocaleDataMetaInfo$TZCanonicalIDMapHolder done
Event: 32.422 Loading class sun/util/cldr/CLDRTimeZoneNameProviderImpl$AVAILABLE_IDS
Event: 32.423 Loading class sun/util/cldr/CLDRTimeZoneNameProviderImpl$AVAILABLE_IDS done
Event: 32.425 Loading class sun/util/resources/TimeZoneNames
Event: 32.426 Loading class sun/util/resources/TimeZoneNames done
Event: 32.426 Loading class sun/util/resources/TimeZoneNames_en
Event: 32.426 Loading class sun/util/resources/TimeZoneNames_en done
Event: 35.725 Loading class java/util/stream/ReduceOps$4
Event: 35.725 Loading class java/util/stream/ReduceOps$4 done
Event: 35.725 Loading class java/util/stream/ReduceOps$4ReducingSink
Event: 35.725 Loading class java/util/stream/ReduceOps$4ReducingSink done
Event: 37.022 Loading class jdk/internal/ref/CleanerImpl$InnocuousThreadFactory
Event: 37.033 Loading class jdk/internal/ref/CleanerImpl$InnocuousThreadFactory done
Event: 38.570 Loading class java/util/regex/Pattern$Behind
Event: 38.570 Loading class java/util/regex/Pattern$Behind done
Event: 38.572 Loading class java/util/regex/Pattern$Neg
Event: 38.572 Loading class java/util/regex/Pattern$Neg done

Classes unloaded (7 events):
Event: 23.960 Thread 0x0000020c9fb62610 Unloading class 0x0000020ca11a8c00 'java/lang/invoke/LambdaForm$MH+0x0000020ca11a8c00'
Event: 23.960 Thread 0x0000020c9fb62610 Unloading class 0x0000020ca11a8800 'java/lang/invoke/LambdaForm$MH+0x0000020ca11a8800'
Event: 23.960 Thread 0x0000020c9fb62610 Unloading class 0x0000020ca11a8400 'java/lang/invoke/LambdaForm$MH+0x0000020ca11a8400'
Event: 23.960 Thread 0x0000020c9fb62610 Unloading class 0x0000020ca11a8000 'java/lang/invoke/LambdaForm$MH+0x0000020ca11a8000'
Event: 23.960 Thread 0x0000020c9fb62610 Unloading class 0x0000020ca11a7c00 'java/lang/invoke/LambdaForm$BMH+0x0000020ca11a7c00'
Event: 23.960 Thread 0x0000020c9fb62610 Unloading class 0x0000020ca11a7800 'java/lang/invoke/LambdaForm$DMH+0x0000020ca11a7800'
Event: 23.960 Thread 0x0000020c9fb62610 Unloading class 0x0000020ca11a6400 'java/lang/invoke/LambdaForm$DMH+0x0000020ca11a6400'

Classes redefined (0 events):
No events

Internal exceptions (20 events):
Event: 32.994 Thread 0x0000020ce9d51b60 Implicit null exception at 0x0000020c941daa01 to 0x0000020c941dafbc
Event: 34.514 Thread 0x0000020ce9d4ed70 Exception <a 'java/lang/IncompatibleClassChangeError'{0x00000000d5c173f0}: Found class java.lang.Object, but interface was expected> (0x00000000d5c173f0) 
thrown [s\src\hotspot\share\interpreter\linkResolver.cpp, line 840]
Event: 35.619 Thread 0x0000020ce9d514d0 Exception <a 'java/lang/IncompatibleClassChangeError'{0x00000000d5708b58}: Found class java.lang.Object, but interface was expected> (0x00000000d5708b58) 
thrown [s\src\hotspot\share\interpreter\linkResolver.cpp, line 840]
Event: 35.731 Thread 0x0000020ce9d514d0 Exception <a 'java/lang/NoSuchMethodError'{0x00000000d58deb48}: 'int java.lang.invoke.DirectMethodHandle$Holder.invokeSpecialIFC(java.lang.Object, java.lang.Object, java.lang.Object)'> (0x00000000d58deb48) 
thrown [s\src\hotspot\share\interpreter\linkResolver.cpp, line 773]
Event: 35.757 Thread 0x0000020ce9d514d0 Implicit null exception at 0x0000020c9440249f to 0x0000020c94402f0c
Event: 35.836 Thread 0x0000020ce9d51b60 Exception <a 'java/lang/LinkageError'{0x00000000d5db4b20}: loader lombok.launch.ShadowClassLoader @20a22019 attempted duplicate class definition for lombok.launch.PatchFixesHider$Delegate. (lombok.launch.PatchFixesHider$Delegate is in unnamed module of loader lombok.launch.ShadowClassLoader @20a22019, parent loader org.eclipse.osgi.internal.loader.EquinoxClassLoader @6aeb9fe1)> (0x00000000d5db4b20) 
thrown [s\src\hotspot\share\classfile\systemDictionary.cpp, line 1672]
Event: 35.963 Thread 0x0000020ce9d514d0 Implicit null exception at 0x0000020c94275582 to 0x0000020c94275a38
Event: 36.036 Thread 0x0000020ce9d514d0 Exception <a 'java/lang/NoSuchMethodError'{0x00000000d58143c8}: 'java.lang.Object java.lang.invoke.DirectMethodHandle$Holder.invokeStatic(java.lang.Object, java.lang.Object, int, int)'> (0x00000000d58143c8) 
thrown [s\src\hotspot\share\interpreter\linkResolver.cpp, line 773]
Event: 36.036 Thread 0x0000020ce9d514d0 Exception <a 'java/lang/NoSuchMethodError'{0x00000000d58186d8}: 'java.lang.Object java.lang.invoke.DirectMethodHandle$Holder.invokeSpecial(java.lang.Object, java.lang.Object, java.lang.Object, int, int)'> (0x00000000d58186d8) 
thrown [s\src\hotspot\share\interpreter\linkResolver.cpp, line 773]
Event: 36.363 Thread 0x0000020ce9d514d0 Exception <a 'java/lang/NoSuchMethodError'{0x00000000d565b690}: 'java.lang.Object java.lang.invoke.DirectMethodHandle$Holder.invokeStatic(java.lang.Object, java.lang.Object, int, java.lang.Object, java.lang.Object)'> (0x00000000d565b690) 
thrown [s\src\hotspot\share\interpreter\linkResolver.cpp, line 773]
Event: 36.477 Thread 0x0000020ce7db4b80 Exception <a 'java/lang/NoSuchMethodError'{0x00000000d560adc0}: 'void java.lang.invoke.DirectMethodHandle$Holder.invokeInterface(java.lang.Object, java.lang.Object)'> (0x00000000d560adc0) 
thrown [s\src\hotspot\share\interpreter\linkResolver.cpp, line 773]
Event: 36.483 Thread 0x0000020ce7db65c0 Exception <a 'java/io/FileNotFoundException'{0x00000000d566afe8}> (0x00000000d566afe8) 
thrown [s\src\hotspot\share\prims\jni.cpp, line 520]
Event: 36.484 Thread 0x0000020ce7db65c0 Exception <a 'java/io/FileNotFoundException'{0x00000000d5699508}> (0x00000000d5699508) 
thrown [s\src\hotspot\share\prims\jni.cpp, line 520]
Event: 36.484 Thread 0x0000020ce7db65c0 Exception <a 'java/io/FileNotFoundException'{0x00000000d569a6b0}> (0x00000000d569a6b0) 
thrown [s\src\hotspot\share\prims\jni.cpp, line 520]
Event: 36.532 Thread 0x0000020ce9d51b60 Exception <a 'java/lang/LinkageError'{0x00000000d5b0a010}: loader lombok.launch.ShadowClassLoader @5eb005c7 attempted duplicate class definition for lombok.eclipse.agent.PatchDiagnostics. (lombok.eclipse.agent.PatchDiagnostics is in unnamed module of loader lombok.launch.ShadowClassLoader @5eb005c7, parent loader org.eclipse.osgi.internal.loader.EquinoxClassLoader @37f67683)> (0x00000000d5b0a010) 
thrown [s\src\hotspot\share\classfile\systemDictionary.cpp, line 1672]
Event: 36.648 Thread 0x0000020ce9d514d0 Implicit null exception at 0x0000020c944568f3 to 0x0000020c94456b3c
Event: 36.695 Thread 0x0000020ce9d514d0 Implicit null exception at 0x0000020c9433a15a to 0x0000020c9433a1b3
Event: 37.408 Thread 0x0000020ce9d51b60 Implicit null exception at 0x0000020c944391cf to 0x0000020c944393a8
Event: 38.208 Thread 0x0000020ce9d51b60 Exception <a 'java/lang/NoSuchMethodError'{0x00000000d5962a68}: 'int java.lang.invoke.DirectMethodHandle$Holder.invokeVirtual(java.lang.Object, java.lang.Object, java.lang.Object, int)'> (0x00000000d5962a68) 
thrown [s\src\hotspot\share\interpreter\linkResolver.cpp, line 773]
Event: 38.246 Thread 0x0000020ce9d51b60 Exception <a 'java/lang/NoSuchMethodError'{0x00000000d5814d18}: 'void java.lang.invoke.DirectMethodHandle$Holder.invokeSpecial(java.lang.Object, java.lang.Object, int)'> (0x00000000d5814d18) 
thrown [s\src\hotspot\share\interpreter\linkResolver.cpp, line 773]

ZGC Phase Switch (0 events):
No events

VM Operations (20 events):
Event: 38.050 Executing safepoint VM operation: ParallelGCFailedAllocation (Allocation Failure) done
Event: 38.050 Executing non-safepoint VM operation: HandshakeAllThreads (Deoptimize)
Event: 38.050 Executing non-safepoint VM operation: HandshakeAllThreads (Deoptimize) done
Event: 38.077 Executing non-safepoint VM operation: HandshakeAllThreads (Deoptimize)
Event: 38.077 Executing non-safepoint VM operation: HandshakeAllThreads (Deoptimize) done
Event: 38.164 Executing non-safepoint VM operation: HandshakeAllThreads (Deoptimize)
Event: 38.164 Executing non-safepoint VM operation: HandshakeAllThreads (Deoptimize) done
Event: 38.175 Executing safepoint VM operation: ParallelGCFailedAllocation (Allocation Failure)
Event: 38.177 Executing safepoint VM operation: ParallelGCFailedAllocation (Allocation Failure) done
Event: 38.215 Executing safepoint VM operation: ParallelGCFailedAllocation (Allocation Failure)
Event: 38.217 Executing safepoint VM operation: ParallelGCFailedAllocation (Allocation Failure) done
Event: 38.352 Executing safepoint VM operation: ParallelGCFailedAllocation (Allocation Failure)
Event: 38.374 Executing safepoint VM operation: ParallelGCFailedAllocation (Allocation Failure) done
Event: 38.510 Executing safepoint VM operation: ParallelGCFailedAllocation (Allocation Failure)
Event: 38.512 Executing safepoint VM operation: ParallelGCFailedAllocation (Allocation Failure) done
Event: 38.618 Executing safepoint VM operation: ParallelGCFailedAllocation (Allocation Failure)
Event: 38.635 Executing safepoint VM operation: ParallelGCFailedAllocation (Allocation Failure) done
Event: 38.666 Executing safepoint VM operation: ParallelGCFailedAllocation (Allocation Failure)
Event: 38.682 Executing safepoint VM operation: ParallelGCFailedAllocation (Allocation Failure) done
Event: 39.266 Executing safepoint VM operation: ParallelGCFailedAllocation (Allocation Failure)

Memory protections (0 events):
No events

Nmethod flushes (20 events):
Event: 31.812 Thread 0x0000020c9fb62610 flushing  nmethod 0x0000020c8cb14d90
Event: 31.812 Thread 0x0000020c9fb62610 flushing  nmethod 0x0000020c8cb17890
Event: 31.812 Thread 0x0000020c9fb62610 flushing  nmethod 0x0000020c8cb37110
Event: 31.812 Thread 0x0000020c9fb62610 flushing osr nmethod 0x0000020c8cb41090
Event: 31.812 Thread 0x0000020c9fb62610 flushing osr nmethod 0x0000020c8cb42d90
Event: 31.812 Thread 0x0000020c9fb62610 flushing osr nmethod 0x0000020c8cb9a510
Event: 31.812 Thread 0x0000020c9fb62610 flushing  nmethod 0x0000020c8cba4490
Event: 31.812 Thread 0x0000020c9fb62610 flushing  nmethod 0x0000020c8cbc3910
Event: 31.812 Thread 0x0000020c9fb62610 flushing  nmethod 0x0000020c8cbd7290
Event: 31.812 Thread 0x0000020c9fb62610 flushing  nmethod 0x0000020c8cbdd490
Event: 31.812 Thread 0x0000020c9fb62610 flushing  nmethod 0x0000020c8cbde390
Event: 31.812 Thread 0x0000020c9fb62610 flushing  nmethod 0x0000020c8cbf1a90
Event: 31.812 Thread 0x0000020c9fb62610 flushing  nmethod 0x0000020c8cbf2790
Event: 31.812 Thread 0x0000020c9fb62610 flushing  nmethod 0x0000020c8cbf3010
Event: 31.812 Thread 0x0000020c9fb62610 flushing  nmethod 0x0000020c8cbf5410
Event: 31.812 Thread 0x0000020c9fb62610 flushing  nmethod 0x0000020c8cbffd90
Event: 31.812 Thread 0x0000020c9fb62610 flushing  nmethod 0x0000020c8cc05110
Event: 31.812 Thread 0x0000020c9fb62610 flushing  nmethod 0x0000020c8cc16f90
Event: 31.812 Thread 0x0000020c9fb62610 flushing  nmethod 0x0000020c8cc24f90
Event: 31.812 Thread 0x0000020c9fb62610 flushing  nmethod 0x0000020c8cc94f10

Events (20 events):
Event: 29.888 Thread 0x0000020ce83d0d40 Thread exited: 0x0000020ce83d0d40
Event: 30.268 Thread 0x0000020ce72040b0 Thread exited: 0x0000020ce72040b0
Event: 30.550 Thread 0x0000020c9fb98680 Thread added: 0x0000020cea3975e0
Event: 30.573 Thread 0x0000020cea3975e0 Thread added: 0x0000020cea397cb0
Event: 32.152 Thread 0x0000020cea397cb0 Thread exited: 0x0000020cea397cb0
Event: 32.163 Thread 0x0000020cea3975e0 Thread exited: 0x0000020cea3975e0
Event: 32.215 Thread 0x0000020c9fb76040 Thread added: 0x0000020ce95a7050
Event: 32.360 Thread 0x0000020c9fb98680 Thread added: 0x0000020ce95a5510
Event: 32.596 Thread 0x0000020ce95a5510 Thread exited: 0x0000020ce95a5510
Event: 33.769 Thread 0x0000020ce95a7050 Thread exited: 0x0000020ce95a7050
Event: 33.891 Thread 0x0000020c9fb98680 Thread added: 0x0000020ce95a39d0
Event: 34.715 Thread 0x0000020ce95a39d0 Thread exited: 0x0000020ce95a39d0
Event: 35.618 Thread 0x0000020c9fb98680 Thread added: 0x0000020ce95a40a0
Event: 35.702 Thread 0x0000020c9fb98680 Thread added: 0x0000020ce95a4e40
Event: 36.494 Thread 0x0000020ce7db4b80 Thread added: 0x0000020cf64d62c0
Event: 36.494 Thread 0x0000020ce7db4b80 Thread added: 0x0000020cf64d55a0
Event: 36.494 Thread 0x0000020ce7db4b80 Thread added: 0x0000020cf64d4f10
Event: 36.494 Thread 0x0000020ce7db4b80 Thread added: 0x0000020cf64d5c30
Event: 36.495 Thread 0x0000020ce7db4b80 Thread added: 0x0000020cf64d6950
Event: 37.033 Thread 0x0000020ce9d51b60 Thread added: 0x0000020cf64d7670


Dynamic libraries:
0x00007ff7b0280000 - 0x00007ff7b028e000 	c:\Users\LENOVO\.antigravity\extensions\redhat.java-1.53.0-win32-x64\jre\21.0.10-win32-x86_64\bin\java.exe
0x00007fff11f20000 - 0x00007fff12187000 	C:\WINDOWS\SYSTEM32\ntdll.dll
0x00007fff0fce0000 - 0x00007fff0fda9000 	C:\WINDOWS\System32\KERNEL32.DLL
0x00007fff0f550000 - 0x00007fff0f944000 	C:\WINDOWS\System32\KERNELBASE.dll
0x00007fff0e7f0000 - 0x00007fff0e93b000 	C:\WINDOWS\System32\ucrtbase.dll
0x00007fff09b20000 - 0x00007fff09b38000 	c:\Users\LENOVO\.antigravity\extensions\redhat.java-1.53.0-win32-x64\jre\21.0.10-win32-x86_64\bin\jli.dll
0x00007fff10ec0000 - 0x00007fff11085000 	C:\WINDOWS\System32\USER32.dll
0x00007fff0f950000 - 0x00007fff0f977000 	C:\WINDOWS\System32\win32u.dll
0x00007fff0fcb0000 - 0x00007fff0fcdb000 	C:\WINDOWS\System32\GDI32.dll
0x00007fff0fb80000 - 0x00007fff0fcaa000 	C:\WINDOWS\System32\gdi32full.dll
0x00007fff0fad0000 - 0x00007fff0fb73000 	C:\WINDOWS\System32\msvcp_win.dll
0x00007ffef51b0000 - 0x00007ffef5443000 	C:\WINDOWS\WinSxS\amd64_microsoft.windows.common-controls_6595b64144ccf1df_6.0.26100.8115_none_3e075c82e3354f9c\COMCTL32.dll
0x00007fff0fdb0000 - 0x00007fff0fe59000 	C:\WINDOWS\System32\msvcrt.dll
0x00007fff099e0000 - 0x00007fff099fe000 	c:\Users\LENOVO\.antigravity\extensions\redhat.java-1.53.0-win32-x64\jre\21.0.10-win32-x86_64\bin\VCRUNTIME140.dll
0x00007fff10550000 - 0x00007fff10582000 	C:\WINDOWS\System32\IMM32.DLL
0x00007ffef93d0000 - 0x00007ffef93dc000 	c:\Users\LENOVO\.antigravity\extensions\redhat.java-1.53.0-win32-x64\jre\21.0.10-win32-x86_64\bin\vcruntime140_1.dll
0x00007ffe916c0000 - 0x00007ffe9174d000 	c:\Users\LENOVO\.antigravity\extensions\redhat.java-1.53.0-win32-x64\jre\21.0.10-win32-x86_64\bin\msvcp140.dll
0x00007ffe59040000 - 0x00007ffe59de1000 	c:\Users\LENOVO\.antigravity\extensions\redhat.java-1.53.0-win32-x64\jre\21.0.10-win32-x86_64\bin\server\jvm.dll
0x00007fff0ffd0000 - 0x00007fff10086000 	C:\WINDOWS\System32\ADVAPI32.dll
0x00007fff11220000 - 0x00007fff112c7000 	C:\WINDOWS\System32\sechost.dll
0x00007fff10770000 - 0x00007fff10888000 	C:\WINDOWS\System32\RPCRT4.dll
0x00007fff11090000 - 0x00007fff11110000 	C:\WINDOWS\System32\WS2_32.dll
0x00007fff0e650000 - 0x00007fff0e6ae000 	C:\WINDOWS\SYSTEM32\POWRPROF.dll
0x00007fff06680000 - 0x00007fff066b6000 	C:\WINDOWS\SYSTEM32\WINMM.dll
0x00007fff066c0000 - 0x00007fff066cb000 	C:\WINDOWS\SYSTEM32\VERSION.dll
0x00007fff0e630000 - 0x00007fff0e644000 	C:\WINDOWS\SYSTEM32\UMPDC.dll
0x00007fff0d580000 - 0x00007fff0d59b000 	C:\WINDOWS\SYSTEM32\kernel.appcore.dll
0x00007ffef93a0000 - 0x00007ffef93aa000 	c:\Users\LENOVO\.antigravity\extensions\redhat.java-1.53.0-win32-x64\jre\21.0.10-win32-x86_64\bin\jimage.dll
0x00007fff0bcd0000 - 0x00007fff0bf12000 	C:\WINDOWS\SYSTEM32\DBGHELP.DLL
0x00007fff10ac0000 - 0x00007fff10e42000 	C:\WINDOWS\System32\combase.dll
0x00007fff10280000 - 0x00007fff10357000 	C:\WINDOWS\System32\OLEAUT32.dll
0x00007ffeeb970000 - 0x00007ffeeb9ab000 	C:\WINDOWS\SYSTEM32\dbgcore.DLL
0x00007fff0f330000 - 0x00007fff0f3d5000 	C:\WINDOWS\System32\bcryptPrimitives.dll
0x00007ffef92c0000 - 0x00007ffef92cf000 	c:\Users\LENOVO\.antigravity\extensions\redhat.java-1.53.0-win32-x64\jre\21.0.10-win32-x86_64\bin\instrument.dll
0x00007ffef8d00000 - 0x00007ffef8d20000 	c:\Users\LENOVO\.antigravity\extensions\redhat.java-1.53.0-win32-x64\jre\21.0.10-win32-x86_64\bin\java.dll
0x00007fff112d0000 - 0x00007fff11a36000 	C:\WINDOWS\System32\SHELL32.dll
0x00007fff0f3e0000 - 0x00007fff0f54a000 	C:\WINDOWS\System32\wintypes.dll
0x00007fff0e940000 - 0x00007fff0f1a5000 	C:\WINDOWS\System32\windows.storage.dll
0x00007fff11120000 - 0x00007fff11217000 	C:\WINDOWS\System32\SHCORE.dll
0x00007fff10e50000 - 0x00007fff10eb6000 	C:\WINDOWS\System32\shlwapi.dll
0x00007fff0e710000 - 0x00007fff0e739000 	C:\WINDOWS\SYSTEM32\profapi.dll
0x00007ffef8490000 - 0x00007ffef84a8000 	c:\Users\LENOVO\.antigravity\extensions\redhat.java-1.53.0-win32-x64\jre\21.0.10-win32-x86_64\bin\zip.dll
0x00007ffef8cf0000 - 0x00007ffef8d00000 	C:\Users\LENOVO\.antigravity\extensions\redhat.java-1.53.0-win32-x64\jre\21.0.10-win32-x86_64\bin\net.dll
0x00007fff064f0000 - 0x00007fff0661d000 	C:\WINDOWS\SYSTEM32\WINHTTP.dll
0x00007fff0daf0000 - 0x00007fff0db5c000 	C:\WINDOWS\system32\mswsock.dll
0x00007ffeea830000 - 0x00007ffeea846000 	C:\Users\LENOVO\.antigravity\extensions\redhat.java-1.53.0-win32-x64\jre\21.0.10-win32-x86_64\bin\nio.dll
0x00007ffef8480000 - 0x00007ffef8490000 	c:\Users\LENOVO\.antigravity\extensions\redhat.java-1.53.0-win32-x64\jre\21.0.10-win32-x86_64\bin\verify.dll
0x00007ffe929e0000 - 0x00007ffe92a25000 	C:\Users\LENOVO\AppData\Roaming\Antigravity\User\globalStorage\redhat.java\1.53.0\config_win\org.eclipse.equinox.launcher\org.eclipse.equinox.launcher.win32.win32.x86_64_1.3.0.v20260203-2149\eclipse_11919.dll
0x00007fff10920000 - 0x00007fff10ab7000 	C:\WINDOWS\System32\ole32.dll
0x00007fff0ddd0000 - 0x00007fff0ddeb000 	C:\WINDOWS\SYSTEM32\CRYPTSP.dll
0x00007fff0d4e0000 - 0x00007fff0d519000 	C:\WINDOWS\system32\rsaenh.dll
0x00007fff0dba0000 - 0x00007fff0dbd3000 	C:\WINDOWS\SYSTEM32\USERENV.dll
0x00007fff0e6e0000 - 0x00007fff0e70a000 	C:\WINDOWS\SYSTEM32\bcrypt.dll
0x00007fff0ddf0000 - 0x00007fff0ddfc000 	C:\WINDOWS\SYSTEM32\CRYPTBASE.dll
0x00007fff0cff0000 - 0x00007fff0d022000 	C:\WINDOWS\SYSTEM32\IPHLPAPI.DLL
0x00007fff11ed0000 - 0x00007fff11eda000 	C:\WINDOWS\System32\NSI.dll
0x00007ffe90c10000 - 0x00007ffe90c59000 	C:\Users\LENOVO\AppData\Local\Temp\jna--2053026509\jna12937344585428394863.dll
0x00007fff0fe60000 - 0x00007fff0fe68000 	C:\WINDOWS\System32\PSAPI.DLL
0x00007fff086b0000 - 0x00007fff086cd000 	C:\WINDOWS\SYSTEM32\dhcpcsvc6.DLL
0x00007fff08680000 - 0x00007fff086a5000 	C:\WINDOWS\SYSTEM32\dhcpcsvc.DLL

JVMTI agents:
c:\Users\LENOVO\.antigravity\extensions\redhat.java-1.53.0-win32-x64\lombok\lombok-1.18.39-4050.jar path:c:\Users\LENOVO\.antigravity\extensions\redhat.java-1.53.0-win32-x64\jre\21.0.10-win32-x86_64\bin\instrument.dll, loaded, initialized, instrumentlib options:none

dbghelp: loaded successfully - version: 4.0.5 - missing functions: none
symbol engine: initialized successfully - sym options: 0x614 - pdb path: .;c:\Users\LENOVO\.antigravity\extensions\redhat.java-1.53.0-win32-x64\jre\21.0.10-win32-x86_64\bin;C:\WINDOWS\SYSTEM32;C:\WINDOWS\WinSxS\amd64_microsoft.windows.common-controls_6595b64144ccf1df_6.0.26100.8115_none_3e075c82e3354f9c;c:\Users\LENOVO\.antigravity\extensions\redhat.java-1.53.0-win32-x64\jre\21.0.10-win32-x86_64\bin\server;C:\Users\LENOVO\AppData\Roaming\Antigravity\User\globalStorage\redhat.java\1.53.0\config_win\org.eclipse.equinox.launcher\org.eclipse.equinox.launcher.win32.win32.x86_64_1.3.0.v20260203-2149;C:\Users\LENOVO\AppData\Local\Temp\jna--2053026509

VM Arguments:
jvm_args: --add-modules=ALL-SYSTEM --add-opens=java.base/java.util=ALL-UNNAMED --add-opens=java.base/java.lang=ALL-UNNAMED --add-opens=java.base/sun.nio.fs=ALL-UNNAMED -Declipse.application=org.eclipse.jdt.ls.core.id1 -Dosgi.bundles.defaultStartLevel=4 -Declipse.product=org.eclipse.jdt.ls.core.product -Djava.import.generatesMetadataFilesAtProjectRoot=false -DDetectVMInstallationsJob.disabled=true -Dfile.encoding=utf8 -XX:+UseParallelGC -XX:GCTimeRatio=4 -XX:AdaptiveSizePolicyWeight=90 -Dsun.zip.disableMemoryMapping=true -Xmx2G -Xms100m -Xlog:disable -javaagent:c:\Users\LENOVO\.antigravity\extensions\redhat.java-1.53.0-win32-x64\lombok\lombok-1.18.39-4050.jar -XX:+HeapDumpOnOutOfMemoryError -XX:HeapDumpPath=c:\Users\LENOVO\AppData\Roaming\Antigravity\User\workspaceStorage\dcf6ad9f4dc79482a50086788492ad28\redhat.java -Daether.dependencyCollector.impl=bf 
java_command: c:\Users\LENOVO\.antigravity\extensions\redhat.java-1.53.0-win32-x64\server\plugins\org.eclipse.equinox.launcher_1.7.100.v20251111-0406.jar -configuration c:\Users\LENOVO\AppData\Roaming\Antigravity\User\globalStorage\redhat.java\1.53.0\config_win -data c:\Users\LENOVO\AppData\Roaming\Antigravity\User\workspaceStorage\dcf6ad9f4dc79482a50086788492ad28\redhat.java\jdt_ws --pipe=\\.\pipe\lsp-1487deaa22ba62e36bf821bff05cb3a1-sock
java_class_path (initial): c:\Users\LENOVO\.antigravity\extensions\redhat.java-1.53.0-win32-x64\server\plugins\org.eclipse.equinox.launcher_1.7.100.v20251111-0406.jar
Launcher Type: SUN_STANDARD

[Global flags]
    uintx AdaptiveSizePolicyWeight                 = 90                                        {product} {command line}
     intx CICompilerCount                          = 4                                         {product} {ergonomic}
    uintx GCTimeRatio                              = 4                                         {product} {command line}
     bool HeapDumpOnOutOfMemoryError               = true                                   {manageable} {command line}
    ccstr HeapDumpPath                             = c:\Users\LENOVO\AppData\Roaming\Antigravity\User\workspaceStorage\dcf6ad9f4dc79482a50086788492ad28\redhat.java         {manageable} {command line}
   size_t InitialHeapSize                          = 104857600                                 {product} {command line}
   size_t MaxHeapSize                              = 2147483648                                {product} {command line}
   size_t MaxNewSize                               = 715653120                                 {product} {ergonomic}
   size_t MinHeapDeltaBytes                        = 524288                                    {product} {ergonomic}
   size_t MinHeapSize                              = 104857600                                 {product} {command line}
   size_t NewSize                                  = 34603008                                  {product} {ergonomic}
    uintx NonNMethodCodeHeapSize                   = 5839372                                {pd product} {ergonomic}
    uintx NonProfiledCodeHeapSize                  = 122909434                              {pd product} {ergonomic}
   size_t OldSize                                  = 70254592                                  {product} {ergonomic}
    uintx ProfiledCodeHeapSize                     = 122909434                              {pd product} {ergonomic}
    uintx ReservedCodeCacheSize                    = 251658240                              {pd product} {ergonomic}
     bool SegmentedCodeCache                       = true                                      {product} {ergonomic}
   size_t SoftMaxHeapSize                          = 2147483648                             {manageable} {ergonomic}
     bool UseCompressedOops                        = true                           {product lp64_product} {ergonomic}
     bool UseLargePagesIndividualAllocation        = false                                  {pd product} {ergonomic}
     bool UseParallelGC                            = true                                      {product} {command line}

Logging:
Log output configuration:
 #0: stdout all=off uptime,level,tags foldmultilines=false
 #1: stderr all=off uptime,level,tags foldmultilines=false

Release file:
JAVA_VERSION="21.0.10" 
MODULES="java.base java.compiler java.datatransfer java.xml java.prefs java.desktop java.instrument java.logging java.management java.security.sasl java.naming java.rmi java.management.rmi java.net.http java.scripting java.security.jgss java.transaction.xa java.sql java.sql.rowset java.xml.crypto java.se java.smartcardio jdk.accessibility jdk.internal.jvmstat jdk.attach jdk.charsets jdk.internal.opt jdk.zipfs jdk.compiler jdk.crypto.ec jdk.crypto.cryptoki jdk.crypto.mscapi jdk.dynalink jdk.internal.ed jdk.editpad jdk.hotspot.agent jdk.httpserver jdk.internal.le jdk.internal.vm.ci jdk.internal.vm.compiler jdk.internal.vm.compiler.management jdk.jartool jdk.javadoc jdk.jcmd jdk.management jdk.management.agent jdk.jconsole jdk.jdeps jdk.jdwp.agent jdk.jdi jdk.jfr jdk.jshell jdk.jsobject jdk.jstatd jdk.localedata jdk.management.jfr jdk.naming.dns jdk.naming.rmi jdk.net jdk.nio.mapmode jdk.random jdk.sctp jdk.security.auth jdk.security.jgss jdk.unsupported jdk.unsupported.desktop jdk.xml.dom" 

Environment Variables:
JAVA_HOME=C:\Program Files\Java\jdk-20
PATH=C:\Users\LENOVO\Downloads\apache-maven-3.9.14-bin\apache-maven-3.9.14\bin;C:\Program Files\MongoDB\Server\8.2\bin;C:\Program Files\Eclipse Adoptium\jdk-17.0.17.10-hotspot\bin;C:\oraclexe\app\oracle\product\11.2.0\server\bin;C:\xampp\php;C:\Program Files\MySQL\MySQL Server 8.0\bin;C:\Python 3.12\Python 3.12.exe;C:\Users\LENOVO\AppData\Local\Programs\Python\Python312\python.exe;C:\Users\LENOVO\Downloads\flutter_windows_3.16.0-stable\flutter\bin;C:\ProgramData\Oracle\Java\javapath;C:\Program Files\Java\jdk-21.0.1\bin;C:\Program Files\Common Files\Oracle\Java\javapath;C:\Program Files\Java\jdk-20\bin;C:\Users\LENOVO\Downloads\sqldeveloper-23.1.0.097.1607-x64\sqldeveloper\sqldeveloper\bin;C:\Users\LENOVO\Downloads\msys2-x86_64-20230318.exe;C:\WINDOWS\system32;C:\WINDOWS;C:\WINDOWS\System32\Wbem;C:\WINDOWS\System32\WindowsPowerShell\v1.0\;C:\WINDOWS\System32\OpenSSH\;C:\Program Files\Git\cmd;C:\Program Files\Git\bin;C:\Program Files\dotnet\;C:\Users\LENOVO\AppData\Local\Android\Sdk\platform-tools;C:\Users\LENOVO\AppData\Local\Android\Sdk\emulator;C:\Users\LENOVO\Downloads\php-8.3.11-nts-Win32-vs16-x64;C:\ProgramData\ComposerSetup\bin;C:\Program Files\nodejs\;C:\Program Files\Microsoft SQL Server\150\Tools\Binn\;C:\Program Files\Docker\Docker\resources\bin;C:\Program Files\Vagrant\bin;C:\Program Files\Cloudflare\Cloudflare WARP\;C:\Users\LENOVO\scoop\shims;C:\Program Files\MySQL\MySQL Shell 8.0\bin\;C:\Users\LENOVO\AppData\Local\Programs\Python\Launcher\;C:\Python27\python.exe;C:\Users\LENOVO\AppData\Local\Programs\Python\Python311;C:\Users\LENOVO\AppData\Local\Programs\Python\Python311\Scripts\;C:\Python27;C:\Users\LENOVO\AppData\Local\Microsoft\WindowsApps;C:\Program Files\JetBrains\PyCharm Community Edition 2023.1\bin;;C:\Users\LENOVO\AppData\Local\GitHubDesktop\bin;C:\Users\LENOVO\.dotnet\tools;C:\Program Files (x86)\Nmap;C:\Users\LENOVO\AppData\Local\Programs\MiKTeX\miktex\bin\x64\;C:\Users\LENOVO\AppData\Roaming\Composer\vendor\bin;C:\xampp\php;C:\Program Files\JetBrains\IntelliJ IDEA 2024.2.1\bin;;C:\Flex Windows\gcc\bin;C:\Flex Windows\Lex\bin;C:\Flex Windows\bison\bin;C:\Users\LENOVO\AppData\Local\Muse Hub\lib;C:\Users\LENOVO\AppData\Local\Programs\Microsoft VS Code\bin;C:\Users\LENOVO\AppData\Local\Programs\cursor\resources\app\bin;C:\Users\LENOVO\AppData\Roaming\npm;C:\Users\LENOVO\AppData\Local\Programs\Antigravity\bin;
USERNAME=LENOVO
OS=Windows_NT
PROCESSOR_IDENTIFIER=Intel64 Family 6 Model 140 Stepping 2, GenuineIntel
TMP=C:\Users\LENOVO\AppData\Local\Temp
TEMP=C:\Users\LENOVO\AppData\Local\Temp




Periodic native trim disabled

---------------  S Y S T E M  ---------------

OS:
 Windows 11 , 64 bit Build 26100 (10.0.26100.8115)
OS uptime: 0 days 9:50 hours
Hyper-V role detected

CPU: total 8 (initial active 8) (4 cores per cpu, 2 threads per core) family 6 model 140 stepping 2 microcode 0x26, cx8, cmov, fxsr, ht, mmx, 3dnowpref, sse, sse2, sse3, ssse3, sse4.1, sse4.2, popcnt, lzcnt, tsc, tscinvbit, avx, avx2, aes, erms, clmul, bmi1, bmi2, adx, avx512f, avx512dq, avx512cd, avx512bw, avx512vl, sha, fma, vzeroupper, avx512_vpopcntdq, avx512_vpclmulqdq, avx512_vaes, avx512_vnni, clflush, clflushopt, clwb, avx512_vbmi2, avx512_vbmi, hv, rdtscp, rdpid, fsrm, gfni, avx512_bitalg, f16c, cet_ibt, cet_ss, avx512_ifma
Processor Information for the first 8 processors :
  Max Mhz: 3187, Current Mhz: 3187, Mhz Limit: 3187

Memory: 4k page, system-wide physical 16167M (1560M free)
TotalPageFile size 21167M (AvailPageFile size 34M)
current process WorkingSet (physical memory assigned to process): 443M, peak: 456M
current process commit charge ("private bytes"): 514M, peak: 527M

vm_info: OpenJDK 64-Bit Server VM (21.0.10+7-LTS) for windows-amd64 JRE (21.0.10+7-LTS), built on 2026-01-20T00:00:00Z by "admin" with MS VC++ 17.12 (VS2022)

END.
