#
# There is insufficient memory for the Java Runtime Environment to continue.
# Native memory allocation (mmap) failed to map 65536 bytes. Error detail: Failed to commit metaspace.
# Possible reasons:
#   The system is out of physical RAM or swap space
#   This process is running with CompressedOops enabled, and the Java Heap may be blocking the growth of the native heap
# Possible solutions:
#   Reduce memory load on the system
#   Increase physical memory or swap space
#   Check if swap backing store is full
#   Decrease Java heap size (-Xmx/-Xms)
#   Decrease number of Java threads
#   Decrease Java thread stack sizes (-Xss)
#   Set larger code cache with -XX:ReservedCodeCacheSize=
#   JVM is running with Zero Based Compressed Oops mode in which the Java heap is
#     placed in the first 32GB address space. The Java Heap base address is the
#     maximum limit for the native heap growth. Please use -XX:HeapBaseMinAddress
#     to set the Java Heap base and to place the Java Heap above 32GB virtual address.
# This output file may be truncated or incomplete.
#
#  Out of Memory Error (virtualSpaceNode.cpp:110), pid=19228, tid=3692
#
# JRE version: OpenJDK Runtime Environment Temurin-17.0.17+10 (17.0.17+10) (build 17.0.17+10)
# Java VM: OpenJDK 64-Bit Server VM Temurin-17.0.17+10 (17.0.17+10, mixed mode, emulated-client, sharing, tiered, compressed oops, compressed class ptrs, g1 gc, windows-amd64)
# No core dump will be written. Minidumps are not enabled by default on client versions of Windows
#

---------------  S U M M A R Y ------------

Command Line: -XX:TieredStopAtLevel=1 -Dspring.output.ansi.enabled=always -Dcom.sun.management.jmxremote -Dspring.jmx.enabled=true -Dspring.liveBeansView.mbeanDomain -Dspring.application.admin.enabled=true -Dmanagement.endpoints.jmx.exposure.include=* -javaagent:C:\Program Files\JetBrains\IntelliJ IDEA 2024.2.1\lib\idea_rt.jar=7283:C:\Program Files\JetBrains\IntelliJ IDEA 2024.2.1\bin -Dfile.encoding=UTF-8 com.neuroguard.userservice.UserServiceApplication

Host: 11th Gen Intel(R) Core(TM) i5-11320H @ 3.20GHz, 8 cores, 15G,  Windows 11 , 64 bit Build 26100 (10.0.26100.7705)
Time: Thu Mar  5 00:35:12 2026 Paris, Madrid elapsed time: 5.838198 seconds (0d 0h 0m 5s)

---------------  T H R E A D  ---------------

Current thread (0x0000015df70aff70):  JavaThread "background-preinit" [_thread_in_vm, id=3692, stack(0x0000002344100000,0x0000002344200000)]

Stack: [0x0000002344100000,0x0000002344200000]
Native frames: (J=compiled Java code, j=interpreted, Vv=VM code, C=native code)
V  [jvm.dll+0x683fb9]
V  [jvm.dll+0x83a1b5]
V  [jvm.dll+0x83bc2e]
V  [jvm.dll+0x83c2b3]
V  [jvm.dll+0x248eff]
V  [jvm.dll+0x835f9d]
V  [jvm.dll+0x628abd]
V  [jvm.dll+0x1c0710]
V  [jvm.dll+0x62b432]
V  [jvm.dll+0x629476]
V  [jvm.dll+0x2467cd]
V  [jvm.dll+0x6da7ad]
V  [jvm.dll+0x6db19f]
V  [jvm.dll+0x3757c2]
V  [jvm.dll+0x374834]
V  [jvm.dll+0x3747d8]
V  [jvm.dll+0x38488a]
C  0x0000015de212998e

The last pc belongs to new (printed below).
Java frames: (J=compiled Java code, j=interpreted, Vv=VM code)
j  org.hibernate.validator.internal.engine.ValidatorFactoryImpl.<init>(Ljakarta/validation/spi/ConfigurationState;)V+267
j  org.hibernate.validator.HibernateValidator.buildValidatorFactory(Ljakarta/validation/spi/ConfigurationState;)Ljakarta/validation/ValidatorFactory;+5
j  org.hibernate.validator.internal.engine.AbstractConfigurationImpl.buildValidatorFactory()Ljakarta/validation/ValidatorFactory;+211
j  org.springframework.boot.autoconfigure.BackgroundPreinitializer$ValidationInitializer.run()V+10
j  org.springframework.boot.autoconfigure.BackgroundPreinitializer$1.runSafely(Ljava/lang/Runnable;)Z+1
j  org.springframework.boot.autoconfigure.BackgroundPreinitializer$1.run()V+20
j  java.lang.Thread.run()V+11 java.base@17.0.17
v  ~StubRoutines::call_stub
new  187 new  [0x0000015de2129800, 0x0000015de2129a20]  544 bytes
[MachCode]
  0x0000015de2129800: 4883 ec08 | c5fa 1104 | 24eb 1f48 | 83ec 10c5 | fb11 0424 | eb14 4883 | ec10 4889 | 0424 48c7 
  0x0000015de2129820: 4424 0800 | 0000 00eb | 0150 410f | b755 010f | cac1 ea10 | 488b 4de8 | 488b 4908 | 488b 4908 
  0x0000015de2129840: 488b 4108 | 807c 1004 | 070f 85df | 0000 0066 | 8b54 d148 | 488b 4928 | 488b 4cd1 | 0851 80b9 
  0x0000015de2129860: 3301 0000 | 040f 85c2 | 0000 008b | 5108 f7c2 | 0100 0000 | 0f85 b300 | 0000 498b | 8708 0100 
  0x0000015de2129880: 0048 8d1c | 1049 3b9f | 1801 0000 | 0f87 9b00 | 0000 4989 | 9f08 0100 | 00e9 0000 | 0000 4883 
  0x0000015de21298a0: ea10 0f84 | 0f00 0000 | 33c9 c1ea | 0348 894c | d008 48ff | ca75 f648 | c700 0100 | 0000 5933 
  0x0000015de21298c0: f689 700c | 49ba 0000 | 0080 5d01 | 0000 492b | ca89 4808 | 49ba d6c6 | 828c ff7f | 0000 4180 
  0x0000015de21298e0: 3a00 0f84 | 4000 0000 | 5048 8bc8 | 4883 ec20 | f7c4 0f00 | 0000 0f84 | 1a00 0000 | 4883 ec08 
  0x0000015de2129900: 49ba 3099 | 388c ff7f | 0000 41ff | d248 83c4 | 08e9 0d00 | 0000 49ba | 3099 388c | ff7f 0000 
  0x0000015de2129920: 41ff d248 | 83c4 2058 | e9cd 0000 | 0059 488b | 55e8 488b | 5208 488b | 5208 450f | b745 0141 
  0x0000015de2129940: 0fc8 41c1 | e810 e805 | 0000 00e9 | aa00 0000 | 488d 4424 | 084c 896d | c049 8bcf | c5f8 7749 
  0x0000015de2129960: 89af a802 | 0000 4989 | 8798 0200 | 0048 83ec | 20f7 c40f | 0000 000f | 841a 0000 | 0048 83ec 
  0x0000015de2129980: 0849 ba00 | 4802 8cff | 7f00 0041 | ffd2 4883 | c408 e90d | 0000 0049 | ba00 4802 | 8cff 7f00 
  0x0000015de21299a0: 0041 ffd2 | 4883 c420 | 49c7 8798 | 0200 0000 | 0000 0049 | c787 a802 | 0000 0000 | 0000 49c7 
  0x0000015de21299c0: 87a0 0200 | 0000 0000 | 00c5 f877 | 4981 7f08 | 0000 0000 | 0f84 0500 | 0000 e921 | 75fe ff49 
  0x0000015de21299e0: 8b87 f002 | 0000 49c7 | 87f0 0200 | 0000 0000 | 004c 8b6d | c04c 8b75 | c8c3 410f | b65d 0349 
  0x0000015de2129a00: 83c5 0349 | ba60 3785 | 8cff 7f00 | 0041 ff24 | da0f 1f80 | 0000 0000 | 0000 0000 | 0000 0000 
[/MachCode]

---------------  P R O C E S S  ---------------

Threads class SMR info:
_java_thread_list=0x0000015df715e440, length=20, elements={
0x0000015dd8dc2ac0, 0x0000015df18e07a0, 0x0000015df18e1270, 0x0000015df18f1b40,
0x0000015df18f4420, 0x0000015df18f4cf0, 0x0000015df18f75d0, 0x0000015df18f9f60,
0x0000015df1bba1f0, 0x0000015df18c7880, 0x0000015df6435530, 0x0000015df6438830,
0x0000015df65b4a20, 0x0000015df6ec9830, 0x0000015df6ecef20, 0x0000015df6ff5510,
0x0000015df1c95ee0, 0x0000015df70aff70, 0x0000015df70ef880, 0x0000015df70ee440
}

Java Threads: ( => current thread )
  0x0000015dd8dc2ac0 JavaThread "main" [_thread_blocked, id=4316, stack(0x0000002342100000,0x0000002342200000)]
  0x0000015df18e07a0 JavaThread "Reference Handler" daemon [_thread_blocked, id=3744, stack(0x0000002342800000,0x0000002342900000)]
  0x0000015df18e1270 JavaThread "Finalizer" daemon [_thread_blocked, id=14356, stack(0x0000002342900000,0x0000002342a00000)]
  0x0000015df18f1b40 JavaThread "Signal Dispatcher" daemon [_thread_blocked, id=2828, stack(0x0000002342a00000,0x0000002342b00000)]
  0x0000015df18f4420 JavaThread "Attach Listener" daemon [_thread_blocked, id=10780, stack(0x0000002342b00000,0x0000002342c00000)]
  0x0000015df18f4cf0 JavaThread "Service Thread" daemon [_thread_blocked, id=19828, stack(0x0000002342c00000,0x0000002342d00000)]
  0x0000015df18f75d0 JavaThread "Monitor Deflation Thread" daemon [_thread_blocked, id=19856, stack(0x0000002342d00000,0x0000002342e00000)]
  0x0000015df18f9f60 JavaThread "C1 CompilerThread0" daemon [_thread_blocked, id=7436, stack(0x0000002342e00000,0x0000002342f00000)]
  0x0000015df1bba1f0 JavaThread "Sweeper thread" daemon [_thread_blocked, id=21352, stack(0x0000002342f00000,0x0000002343000000)]
  0x0000015df18c7880 JavaThread "Common-Cleaner" daemon [_thread_blocked, id=7336, stack(0x0000002343000000,0x0000002343100000)]
  0x0000015df6435530 JavaThread "Monitor Ctrl-Break" daemon [_thread_in_native, id=17088, stack(0x0000002343300000,0x0000002343400000)]
  0x0000015df6438830 JavaThread "Notification Thread" daemon [_thread_blocked, id=18484, stack(0x0000002343400000,0x0000002343500000)]
  0x0000015df65b4a20 JavaThread "RMI TCP Accept-0" daemon [_thread_in_native, id=3676, stack(0x0000002343500000,0x0000002343600000)]
  0x0000015df6ec9830 JavaThread "Thread-0" [_thread_blocked, id=19464, stack(0x0000002343e00000,0x0000002343f00000)]
  0x0000015df6ecef20 JavaThread "restartedMain" [_thread_in_vm, id=100, stack(0x0000002343f00000,0x0000002344000000)]
  0x0000015df6ff5510 JavaThread "spring.cloud.inetutils" daemon [_thread_in_native, id=21260, stack(0x0000002344000000,0x0000002344100000)]
  0x0000015df1c95ee0 JavaThread "C1 CompilerThread1" daemon [_thread_blocked, id=6268, stack(0x0000002343100000,0x0000002343200000)]
=>0x0000015df70aff70 JavaThread "background-preinit" [_thread_in_vm, id=3692, stack(0x0000002344100000,0x0000002344200000)]
  0x0000015df70ef880 JavaThread "RMI TCP Connection(1)-192.168.1.237" daemon [_thread_blocked, id=17224, stack(0x0000002344200000,0x0000002344300000)]
  0x0000015df70ee440 JavaThread "RMI Scheduler(0)" daemon [_thread_blocked, id=20632, stack(0x0000002344300000,0x0000002344400000)]

Other Threads:
  0x0000015df18d4f20 VMThread "VM Thread" [stack: 0x0000002342700000,0x0000002342800000] [id=20284] _threads_hazard_ptr=0x0000015df715e440
  0x0000015dd8dc3b50 WatcherThread [stack: 0x0000002343600000,0x0000002343700000] [id=10772]
  0x0000015dd8e2daf0 GCTaskThread "GC Thread#0" [stack: 0x0000002342200000,0x0000002342300000] [id=14612]
  0x0000015df68d5260 GCTaskThread "GC Thread#1" [stack: 0x0000002343700000,0x0000002343800000] [id=15788]
  0x0000015df68d5520 GCTaskThread "GC Thread#2" [stack: 0x0000002343800000,0x0000002343900000] [id=22472]
  0x0000015df68d57e0 GCTaskThread "GC Thread#3" [stack: 0x0000002343900000,0x0000002343a00000] [id=4668]
  0x0000015df68ea020 GCTaskThread "GC Thread#4" [stack: 0x0000002343a00000,0x0000002343b00000] [id=19388]
  0x0000015df68ea2e0 GCTaskThread "GC Thread#5" [stack: 0x0000002343b00000,0x0000002343c00000] [id=3600]
  0x0000015df6e52c90 GCTaskThread "GC Thread#6" [stack: 0x0000002343d00000,0x0000002343e00000] [id=21800]
  0x0000015df6fbafd0 GCTaskThread "GC Thread#7" [stack: 0x0000002343200000,0x0000002343300000] [id=18984]
  0x0000015dd8e3e6d0 ConcurrentGCThread "G1 Main Marker" [stack: 0x0000002342300000,0x0000002342400000] [id=10476]
  0x0000015dd8e40c70 ConcurrentGCThread "G1 Conc#0" [stack: 0x0000002342400000,0x0000002342500000] [id=6920]
  0x0000015df180e5e0 ConcurrentGCThread "G1 Refine#0" [stack: 0x0000002342500000,0x0000002342600000] [id=11076]
  0x0000015df6906050 ConcurrentGCThread "G1 Refine#1" [stack: 0x0000002343c00000,0x0000002343d00000] [id=11740]
  0x0000015df180ecc0 ConcurrentGCThread "G1 Service" [stack: 0x0000002342600000,0x0000002342700000] [id=8552]

Threads with active compile tasks:

VM state: synchronizing (normal execution)

VM Mutex/Monitor currently owned by a thread:  ([mutex/lock_event])
[0x0000015dd8dbe8c0] Metaspace_lock - owner thread: 0x0000015df70aff70
[0x0000015dd8dbdcf0] Threads_lock - owner thread: 0x0000015df18d4f20

Heap address: 0x0000000703600000, size: 4042 MB, Compressed Oops mode: Zero based, Oop shift amount: 3

CDS archive(s) mapped at: [0x0000015d80000000-0x0000015d80bb0000-0x0000015d80bb0000), size 12255232, SharedBaseAddress: 0x0000015d80000000, ArchiveRelocationMode: 1.
Compressed class space mapped at: 0x0000015d81000000-0x0000015dc1000000, reserved size: 1073741824
Narrow klass base: 0x0000015d80000000, Narrow klass shift: 0, Narrow klass range: 0x100000000

GC Precious Log:
 CPUs: 8 total, 8 available
 Memory: 16167M
 Large Page Support: Disabled
 NUMA Support: Disabled
 Compressed Oops: Enabled (Zero based)
 Heap Region Size: 2M
 Heap Min Capacity: 8M
 Heap Initial Capacity: 254M
 Heap Max Capacity: 4042M
 Pre-touch: Disabled
 Parallel Workers: 8
 Concurrent Workers: 2
 Concurrent Refinement Workers: 8
 Periodic GC: Disabled

Heap:
 garbage-first heap   total 260096K, used 43980K [0x0000000703600000, 0x0000000800000000)
  region size 2048K, 15 young (30720K), 2 survivors (4096K)
 Metaspace       used 17310K, committed 17664K, reserved 1114112K
  class space    used 2493K, committed 2688K, reserved 1048576K

Heap Regions: E=young(eden), S=young(survivor), O=old, HS=humongous(starts), HC=humongous(continues), CS=collection set, F=free, OA=open archive, CA=closed archive, TAMS=top-at-mark-start (previous, next)
|   0|0x0000000703600000, 0x0000000703800000, 0x0000000703800000|100%| O|  |TAMS 0x0000000703600000, 0x0000000703600000| Untracked 
|   1|0x0000000703800000, 0x0000000703a00000, 0x0000000703a00000|100%| O|  |TAMS 0x0000000703800000, 0x0000000703800000| Untracked 
|   2|0x0000000703a00000, 0x0000000703c00000, 0x0000000703c00000|100%| O|  |TAMS 0x0000000703a00000, 0x0000000703a00000| Untracked 
|   3|0x0000000703c00000, 0x0000000703e00000, 0x0000000703e00000|100%| O|  |TAMS 0x0000000703c00000, 0x0000000703c00000| Untracked 
|   4|0x0000000703e00000, 0x0000000704000000, 0x0000000704000000|100%| O|  |TAMS 0x0000000703e00000, 0x0000000703e00000| Untracked 
|   5|0x0000000704000000, 0x0000000704200000, 0x0000000704200000|100%| O|  |TAMS 0x0000000704000000, 0x0000000704000000| Untracked 
|   6|0x0000000704200000, 0x0000000704400000, 0x0000000704400000|100%| O|  |TAMS 0x0000000704200000, 0x0000000704200000| Untracked 
|   7|0x0000000704400000, 0x0000000704600000, 0x0000000704600000|100%| O|  |TAMS 0x0000000704400000, 0x0000000704400000| Untracked 
|   8|0x0000000704600000, 0x000000070467a600, 0x0000000704800000| 23%| O|  |TAMS 0x0000000704600000, 0x0000000704600000| Untracked 
|   9|0x0000000704800000, 0x0000000704800000, 0x0000000704a00000|  0%| F|  |TAMS 0x0000000704800000, 0x0000000704800000| Untracked 
|  10|0x0000000704a00000, 0x0000000704a00000, 0x0000000704c00000|  0%| F|  |TAMS 0x0000000704a00000, 0x0000000704a00000| Untracked 
|  11|0x0000000704c00000, 0x0000000704c00000, 0x0000000704e00000|  0%| F|  |TAMS 0x0000000704c00000, 0x0000000704c00000| Untracked 
|  12|0x0000000704e00000, 0x0000000704e00000, 0x0000000705000000|  0%| F|  |TAMS 0x0000000704e00000, 0x0000000704e00000| Untracked 
|  13|0x0000000705000000, 0x0000000705000000, 0x0000000705200000|  0%| F|  |TAMS 0x0000000705000000, 0x0000000705000000| Untracked 
|  14|0x0000000705200000, 0x0000000705200000, 0x0000000705400000|  0%| F|  |TAMS 0x0000000705200000, 0x0000000705200000| Untracked 
|  15|0x0000000705400000, 0x0000000705400000, 0x0000000705600000|  0%| F|  |TAMS 0x0000000705400000, 0x0000000705400000| Untracked 
|  16|0x0000000705600000, 0x0000000705600000, 0x0000000705800000|  0%| F|  |TAMS 0x0000000705600000, 0x0000000705600000| Untracked 
|  17|0x0000000705800000, 0x0000000705800000, 0x0000000705a00000|  0%| F|  |TAMS 0x0000000705800000, 0x0000000705800000| Untracked 
|  18|0x0000000705a00000, 0x0000000705a00000, 0x0000000705c00000|  0%| F|  |TAMS 0x0000000705a00000, 0x0000000705a00000| Untracked 
|  19|0x0000000705c00000, 0x0000000705c00000, 0x0000000705e00000|  0%| F|  |TAMS 0x0000000705c00000, 0x0000000705c00000| Untracked 
|  20|0x0000000705e00000, 0x0000000705e00000, 0x0000000706000000|  0%| F|  |TAMS 0x0000000705e00000, 0x0000000705e00000| Untracked 
|  21|0x0000000706000000, 0x0000000706000000, 0x0000000706200000|  0%| F|  |TAMS 0x0000000706000000, 0x0000000706000000| Untracked 
|  22|0x0000000706200000, 0x0000000706200000, 0x0000000706400000|  0%| F|  |TAMS 0x0000000706200000, 0x0000000706200000| Untracked 
|  23|0x0000000706400000, 0x0000000706400000, 0x0000000706600000|  0%| F|  |TAMS 0x0000000706400000, 0x0000000706400000| Untracked 
|  24|0x0000000706600000, 0x0000000706600000, 0x0000000706800000|  0%| F|  |TAMS 0x0000000706600000, 0x0000000706600000| Untracked 
|  25|0x0000000706800000, 0x0000000706800000, 0x0000000706a00000|  0%| F|  |TAMS 0x0000000706800000, 0x0000000706800000| Untracked 
|  26|0x0000000706a00000, 0x0000000706a00000, 0x0000000706c00000|  0%| F|  |TAMS 0x0000000706a00000, 0x0000000706a00000| Untracked 
|  27|0x0000000706c00000, 0x0000000706c00000, 0x0000000706e00000|  0%| F|  |TAMS 0x0000000706c00000, 0x0000000706c00000| Untracked 
|  28|0x0000000706e00000, 0x0000000706e00000, 0x0000000707000000|  0%| F|  |TAMS 0x0000000706e00000, 0x0000000706e00000| Untracked 
|  29|0x0000000707000000, 0x0000000707000000, 0x0000000707200000|  0%| F|  |TAMS 0x0000000707000000, 0x0000000707000000| Untracked 
|  30|0x0000000707200000, 0x0000000707200000, 0x0000000707400000|  0%| F|  |TAMS 0x0000000707200000, 0x0000000707200000| Untracked 
|  31|0x0000000707400000, 0x0000000707400000, 0x0000000707600000|  0%| F|  |TAMS 0x0000000707400000, 0x0000000707400000| Untracked 
|  32|0x0000000707600000, 0x0000000707600000, 0x0000000707800000|  0%| F|  |TAMS 0x0000000707600000, 0x0000000707600000| Untracked 
|  33|0x0000000707800000, 0x0000000707800000, 0x0000000707a00000|  0%| F|  |TAMS 0x0000000707800000, 0x0000000707800000| Untracked 
|  34|0x0000000707a00000, 0x0000000707a00000, 0x0000000707c00000|  0%| F|  |TAMS 0x0000000707a00000, 0x0000000707a00000| Untracked 
|  35|0x0000000707c00000, 0x0000000707c00000, 0x0000000707e00000|  0%| F|  |TAMS 0x0000000707c00000, 0x0000000707c00000| Untracked 
|  36|0x0000000707e00000, 0x0000000707e00000, 0x0000000708000000|  0%| F|  |TAMS 0x0000000707e00000, 0x0000000707e00000| Untracked 
|  37|0x0000000708000000, 0x0000000708000000, 0x0000000708200000|  0%| F|  |TAMS 0x0000000708000000, 0x0000000708000000| Untracked 
|  38|0x0000000708200000, 0x0000000708200000, 0x0000000708400000|  0%| F|  |TAMS 0x0000000708200000, 0x0000000708200000| Untracked 
|  39|0x0000000708400000, 0x0000000708400000, 0x0000000708600000|  0%| F|  |TAMS 0x0000000708400000, 0x0000000708400000| Untracked 
|  40|0x0000000708600000, 0x0000000708600000, 0x0000000708800000|  0%| F|  |TAMS 0x0000000708600000, 0x0000000708600000| Untracked 
|  41|0x0000000708800000, 0x0000000708800000, 0x0000000708a00000|  0%| F|  |TAMS 0x0000000708800000, 0x0000000708800000| Untracked 
|  42|0x0000000708a00000, 0x0000000708a00000, 0x0000000708c00000|  0%| F|  |TAMS 0x0000000708a00000, 0x0000000708a00000| Untracked 
|  43|0x0000000708c00000, 0x0000000708c00000, 0x0000000708e00000|  0%| F|  |TAMS 0x0000000708c00000, 0x0000000708c00000| Untracked 
|  44|0x0000000708e00000, 0x0000000708e00000, 0x0000000709000000|  0%| F|  |TAMS 0x0000000708e00000, 0x0000000708e00000| Untracked 
|  45|0x0000000709000000, 0x0000000709000000, 0x0000000709200000|  0%| F|  |TAMS 0x0000000709000000, 0x0000000709000000| Untracked 
|  46|0x0000000709200000, 0x0000000709200000, 0x0000000709400000|  0%| F|  |TAMS 0x0000000709200000, 0x0000000709200000| Untracked 
|  47|0x0000000709400000, 0x0000000709400000, 0x0000000709600000|  0%| F|  |TAMS 0x0000000709400000, 0x0000000709400000| Untracked 
|  48|0x0000000709600000, 0x0000000709600000, 0x0000000709800000|  0%| F|  |TAMS 0x0000000709600000, 0x0000000709600000| Untracked 
|  49|0x0000000709800000, 0x0000000709800000, 0x0000000709a00000|  0%| F|  |TAMS 0x0000000709800000, 0x0000000709800000| Untracked 
|  50|0x0000000709a00000, 0x0000000709a00000, 0x0000000709c00000|  0%| F|  |TAMS 0x0000000709a00000, 0x0000000709a00000| Untracked 
|  51|0x0000000709c00000, 0x0000000709c00000, 0x0000000709e00000|  0%| F|  |TAMS 0x0000000709c00000, 0x0000000709c00000| Untracked 
|  52|0x0000000709e00000, 0x0000000709e00000, 0x000000070a000000|  0%| F|  |TAMS 0x0000000709e00000, 0x0000000709e00000| Untracked 
|  53|0x000000070a000000, 0x000000070a000000, 0x000000070a200000|  0%| F|  |TAMS 0x000000070a000000, 0x000000070a000000| Untracked 
|  54|0x000000070a200000, 0x000000070a200000, 0x000000070a400000|  0%| F|  |TAMS 0x000000070a200000, 0x000000070a200000| Untracked 
|  55|0x000000070a400000, 0x000000070a400000, 0x000000070a600000|  0%| F|  |TAMS 0x000000070a400000, 0x000000070a400000| Untracked 
|  56|0x000000070a600000, 0x000000070a600000, 0x000000070a800000|  0%| F|  |TAMS 0x000000070a600000, 0x000000070a600000| Untracked 
|  57|0x000000070a800000, 0x000000070a800000, 0x000000070aa00000|  0%| F|  |TAMS 0x000000070a800000, 0x000000070a800000| Untracked 
|  58|0x000000070aa00000, 0x000000070aa00000, 0x000000070ac00000|  0%| F|  |TAMS 0x000000070aa00000, 0x000000070aa00000| Untracked 
|  59|0x000000070ac00000, 0x000000070ac00000, 0x000000070ae00000|  0%| F|  |TAMS 0x000000070ac00000, 0x000000070ac00000| Untracked 
|  60|0x000000070ae00000, 0x000000070ae00000, 0x000000070b000000|  0%| F|  |TAMS 0x000000070ae00000, 0x000000070ae00000| Untracked 
|  61|0x000000070b000000, 0x000000070b000000, 0x000000070b200000|  0%| F|  |TAMS 0x000000070b000000, 0x000000070b000000| Untracked 
|  62|0x000000070b200000, 0x000000070b200000, 0x000000070b400000|  0%| F|  |TAMS 0x000000070b200000, 0x000000070b200000| Untracked 
|  63|0x000000070b400000, 0x000000070b400000, 0x000000070b600000|  0%| F|  |TAMS 0x000000070b400000, 0x000000070b400000| Untracked 
|  64|0x000000070b600000, 0x000000070b600000, 0x000000070b800000|  0%| F|  |TAMS 0x000000070b600000, 0x000000070b600000| Untracked 
|  65|0x000000070b800000, 0x000000070b800000, 0x000000070ba00000|  0%| F|  |TAMS 0x000000070b800000, 0x000000070b800000| Untracked 
|  66|0x000000070ba00000, 0x000000070ba00000, 0x000000070bc00000|  0%| F|  |TAMS 0x000000070ba00000, 0x000000070ba00000| Untracked 
|  67|0x000000070bc00000, 0x000000070bc00000, 0x000000070be00000|  0%| F|  |TAMS 0x000000070bc00000, 0x000000070bc00000| Untracked 
|  68|0x000000070be00000, 0x000000070be00000, 0x000000070c000000|  0%| F|  |TAMS 0x000000070be00000, 0x000000070be00000| Untracked 
|  69|0x000000070c000000, 0x000000070c000000, 0x000000070c200000|  0%| F|  |TAMS 0x000000070c000000, 0x000000070c000000| Untracked 
|  70|0x000000070c200000, 0x000000070c200000, 0x000000070c400000|  0%| F|  |TAMS 0x000000070c200000, 0x000000070c200000| Untracked 
|  71|0x000000070c400000, 0x000000070c400000, 0x000000070c600000|  0%| F|  |TAMS 0x000000070c400000, 0x000000070c400000| Untracked 
|  72|0x000000070c600000, 0x000000070c600000, 0x000000070c800000|  0%| F|  |TAMS 0x000000070c600000, 0x000000070c600000| Untracked 
|  73|0x000000070c800000, 0x000000070c800000, 0x000000070ca00000|  0%| F|  |TAMS 0x000000070c800000, 0x000000070c800000| Untracked 
|  74|0x000000070ca00000, 0x000000070ca00000, 0x000000070cc00000|  0%| F|  |TAMS 0x000000070ca00000, 0x000000070ca00000| Untracked 
|  75|0x000000070cc00000, 0x000000070cc00000, 0x000000070ce00000|  0%| F|  |TAMS 0x000000070cc00000, 0x000000070cc00000| Untracked 
|  76|0x000000070ce00000, 0x000000070ce00000, 0x000000070d000000|  0%| F|  |TAMS 0x000000070ce00000, 0x000000070ce00000| Untracked 
|  77|0x000000070d000000, 0x000000070d000000, 0x000000070d200000|  0%| F|  |TAMS 0x000000070d000000, 0x000000070d000000| Untracked 
|  78|0x000000070d200000, 0x000000070d200000, 0x000000070d400000|  0%| F|  |TAMS 0x000000070d200000, 0x000000070d200000| Untracked 
|  79|0x000000070d400000, 0x000000070d400000, 0x000000070d600000|  0%| F|  |TAMS 0x000000070d400000, 0x000000070d400000| Untracked 
|  80|0x000000070d600000, 0x000000070d600000, 0x000000070d800000|  0%| F|  |TAMS 0x000000070d600000, 0x000000070d600000| Untracked 
|  81|0x000000070d800000, 0x000000070d800000, 0x000000070da00000|  0%| F|  |TAMS 0x000000070d800000, 0x000000070d800000| Untracked 
|  82|0x000000070da00000, 0x000000070da00000, 0x000000070dc00000|  0%| F|  |TAMS 0x000000070da00000, 0x000000070da00000| Untracked 
|  83|0x000000070dc00000, 0x000000070dc00000, 0x000000070de00000|  0%| F|  |TAMS 0x000000070dc00000, 0x000000070dc00000| Untracked 
|  84|0x000000070de00000, 0x000000070de00000, 0x000000070e000000|  0%| F|  |TAMS 0x000000070de00000, 0x000000070de00000| Untracked 
|  85|0x000000070e000000, 0x000000070e000000, 0x000000070e200000|  0%| F|  |TAMS 0x000000070e000000, 0x000000070e000000| Untracked 
|  86|0x000000070e200000, 0x000000070e200000, 0x000000070e400000|  0%| F|  |TAMS 0x000000070e200000, 0x000000070e200000| Untracked 
|  87|0x000000070e400000, 0x000000070e400000, 0x000000070e600000|  0%| F|  |TAMS 0x000000070e400000, 0x000000070e400000| Untracked 
|  88|0x000000070e600000, 0x000000070e600000, 0x000000070e800000|  0%| F|  |TAMS 0x000000070e600000, 0x000000070e600000| Untracked 
|  89|0x000000070e800000, 0x000000070e800000, 0x000000070ea00000|  0%| F|  |TAMS 0x000000070e800000, 0x000000070e800000| Untracked 
|  90|0x000000070ea00000, 0x000000070ea00000, 0x000000070ec00000|  0%| F|  |TAMS 0x000000070ea00000, 0x000000070ea00000| Untracked 
|  91|0x000000070ec00000, 0x000000070ec00000, 0x000000070ee00000|  0%| F|  |TAMS 0x000000070ec00000, 0x000000070ec00000| Untracked 
|  92|0x000000070ee00000, 0x000000070ee00000, 0x000000070f000000|  0%| F|  |TAMS 0x000000070ee00000, 0x000000070ee00000| Untracked 
|  93|0x000000070f000000, 0x000000070f000000, 0x000000070f200000|  0%| F|  |TAMS 0x000000070f000000, 0x000000070f000000| Untracked 
|  94|0x000000070f200000, 0x000000070f200000, 0x000000070f400000|  0%| F|  |TAMS 0x000000070f200000, 0x000000070f200000| Untracked 
|  95|0x000000070f400000, 0x000000070f400000, 0x000000070f600000|  0%| F|  |TAMS 0x000000070f400000, 0x000000070f400000| Untracked 
|  96|0x000000070f600000, 0x000000070f600000, 0x000000070f800000|  0%| F|  |TAMS 0x000000070f600000, 0x000000070f600000| Untracked 
|  97|0x000000070f800000, 0x000000070f800000, 0x000000070fa00000|  0%| F|  |TAMS 0x000000070f800000, 0x000000070f800000| Untracked 
|  98|0x000000070fa00000, 0x000000070fa00000, 0x000000070fc00000|  0%| F|  |TAMS 0x000000070fa00000, 0x000000070fa00000| Untracked 
|  99|0x000000070fc00000, 0x000000070fc00000, 0x000000070fe00000|  0%| F|  |TAMS 0x000000070fc00000, 0x000000070fc00000| Untracked 
| 100|0x000000070fe00000, 0x000000070fe00000, 0x0000000710000000|  0%| F|  |TAMS 0x000000070fe00000, 0x000000070fe00000| Untracked 
| 101|0x0000000710000000, 0x0000000710000000, 0x0000000710200000|  0%| F|  |TAMS 0x0000000710000000, 0x0000000710000000| Untracked 
| 102|0x0000000710200000, 0x0000000710200000, 0x0000000710400000|  0%| F|  |TAMS 0x0000000710200000, 0x0000000710200000| Untracked 
| 103|0x0000000710400000, 0x0000000710400000, 0x0000000710600000|  0%| F|  |TAMS 0x0000000710400000, 0x0000000710400000| Untracked 
| 104|0x0000000710600000, 0x0000000710678c68, 0x0000000710800000| 23%| S|CS|TAMS 0x0000000710600000, 0x0000000710600000| Complete 
| 105|0x0000000710800000, 0x0000000710a00000, 0x0000000710a00000|100%| S|CS|TAMS 0x0000000710800000, 0x0000000710800000| Complete 
| 106|0x0000000710a00000, 0x0000000710a00000, 0x0000000710c00000|  0%| F|  |TAMS 0x0000000710a00000, 0x0000000710a00000| Untracked 
| 107|0x0000000710c00000, 0x0000000710c00000, 0x0000000710e00000|  0%| F|  |TAMS 0x0000000710c00000, 0x0000000710c00000| Untracked 
| 108|0x0000000710e00000, 0x0000000710e00000, 0x0000000711000000|  0%| F|  |TAMS 0x0000000710e00000, 0x0000000710e00000| Untracked 
| 109|0x0000000711000000, 0x0000000711000000, 0x0000000711200000|  0%| F|  |TAMS 0x0000000711000000, 0x0000000711000000| Untracked 
| 110|0x0000000711200000, 0x0000000711200000, 0x0000000711400000|  0%| F|  |TAMS 0x0000000711200000, 0x0000000711200000| Untracked 
| 111|0x0000000711400000, 0x0000000711400000, 0x0000000711600000|  0%| F|  |TAMS 0x0000000711400000, 0x0000000711400000| Untracked 
| 112|0x0000000711600000, 0x0000000711600000, 0x0000000711800000|  0%| F|  |TAMS 0x0000000711600000, 0x0000000711600000| Untracked 
| 113|0x0000000711800000, 0x0000000711800000, 0x0000000711a00000|  0%| F|  |TAMS 0x0000000711800000, 0x0000000711800000| Untracked 
| 114|0x0000000711a00000, 0x0000000711c00000, 0x0000000711c00000|100%| E|  |TAMS 0x0000000711a00000, 0x0000000711a00000| Complete 
| 115|0x0000000711c00000, 0x0000000711e00000, 0x0000000711e00000|100%| E|CS|TAMS 0x0000000711c00000, 0x0000000711c00000| Complete 
| 116|0x0000000711e00000, 0x0000000712000000, 0x0000000712000000|100%| E|CS|TAMS 0x0000000711e00000, 0x0000000711e00000| Complete 
| 117|0x0000000712000000, 0x0000000712200000, 0x0000000712200000|100%| E|CS|TAMS 0x0000000712000000, 0x0000000712000000| Complete 
| 118|0x0000000712200000, 0x0000000712400000, 0x0000000712400000|100%| E|CS|TAMS 0x0000000712200000, 0x0000000712200000| Complete 
| 119|0x0000000712400000, 0x0000000712600000, 0x0000000712600000|100%| E|CS|TAMS 0x0000000712400000, 0x0000000712400000| Complete 
| 120|0x0000000712600000, 0x0000000712800000, 0x0000000712800000|100%| E|CS|TAMS 0x0000000712600000, 0x0000000712600000| Complete 
| 121|0x0000000712800000, 0x0000000712a00000, 0x0000000712a00000|100%| E|CS|TAMS 0x0000000712800000, 0x0000000712800000| Complete 
| 122|0x0000000712a00000, 0x0000000712c00000, 0x0000000712c00000|100%| E|CS|TAMS 0x0000000712a00000, 0x0000000712a00000| Complete 
| 123|0x0000000712c00000, 0x0000000712e00000, 0x0000000712e00000|100%| E|CS|TAMS 0x0000000712c00000, 0x0000000712c00000| Complete 
| 124|0x0000000712e00000, 0x0000000713000000, 0x0000000713000000|100%| E|CS|TAMS 0x0000000712e00000, 0x0000000712e00000| Complete 
| 125|0x0000000713000000, 0x0000000713200000, 0x0000000713200000|100%| E|CS|TAMS 0x0000000713000000, 0x0000000713000000| Complete 
| 126|0x0000000713200000, 0x0000000713400000, 0x0000000713400000|100%| E|CS|TAMS 0x0000000713200000, 0x0000000713200000| Complete 

Card table byte_map: [0x0000015de61e0000,0x0000015de69d0000] _byte_map_base: 0x0000015de29c5000

Marking Bits (Prev, Next): (CMBitMap*) 0x0000015dd8e2e110, (CMBitMap*) 0x0000015dd8e2e150
 Prev Bits: [0x0000015de71c0000, 0x0000015deb0e8000)
 Next Bits: [0x0000015deb0f0000, 0x0000015def018000)

Polling page: 0x0000015dd8e60000

Metaspace:

Usage:
  Non-class:     14.47 MB used.
      Class:      2.44 MB used.
       Both:     16.90 MB used.

Virtual space:
  Non-class space:       64.00 MB reserved,      14.62 MB ( 23%) committed,  1 nodes.
      Class space:        1.00 GB reserved,       2.62 MB ( <1%) committed,  1 nodes.
             Both:        1.06 GB reserved,      17.25 MB (  2%) committed. 

Chunk freelists:
   Non-Class:  1.17 MB
       Class:  13.39 MB
        Both:  14.56 MB

MaxMetaspaceSize: unlimited
CompressedClassSpaceSize: 1.00 GB
Initial GC threshold: 21.00 MB
Current GC threshold: 21.00 MB
CDS: on
MetaspaceReclaimPolicy: balanced
 - commit_granule_bytes: 65536.
 - commit_granule_words: 8192.
 - virtual_space_node_default_size: 8388608.
 - enlarge_chunks_in_place: 1.
 - new_chunks_are_fully_committed: 0.
 - uncommit_free_chunks: 1.
 - use_allocation_guard: 0.
 - handle_deallocations: 1.


Internal statistics:

num_allocs_failed_limit: 0.
num_arena_births: 438.
num_arena_deaths: 0.
num_vsnodes_births: 2.
num_vsnodes_deaths: 0.
num_space_committed: 276.
num_space_uncommitted: 0.
num_chunks_returned_to_freelist: 0.
num_chunks_taken_from_freelist: 955.
num_chunk_merges: 0.
num_chunk_splits: 611.
num_chunks_enlarged: 413.
num_inconsistent_stats: 0.

CodeCache: size=49152Kb used=5452Kb max_used=5452Kb free=43700Kb
 bounds [0x0000015de2110000, 0x0000015de2670000, 0x0000015de5110000]
 total_blobs=2989 nmethods=2487 adapters=428
 compilation: enabled
              stopped_count=0, restarted_count=0
 full_count=0

Compilation events (20 events):
Event: 3.805 Thread 0x0000015df18f9f60 2478       1       org.springframework.core.annotation.PackagesAnnotationFilter::matches (42 bytes)
Event: 3.805 Thread 0x0000015df1c95ee0 2479       1       java.lang.reflect.Method::getDeclaredAnnotations (5 bytes)
Event: 3.805 Thread 0x0000015df18f9f60 nmethod 2478 0x0000015de2660890 code [0x0000015de2660a40, 0x0000015de2660bc8]
Event: 3.806 Thread 0x0000015df1c95ee0 nmethod 2479 0x0000015de2660d10 code [0x0000015de2660ee0, 0x0000015de2661068]
Event: 3.806 Thread 0x0000015df1c95ee0 2480       1       org.springframework.core.annotation.AnnotationTypeMapping::getDistance (5 bytes)
Event: 3.806 Thread 0x0000015df18f9f60 2481       1       org.springframework.core.annotation.AnnotationFilter::matches (11 bytes)
Event: 3.806 Thread 0x0000015df1c95ee0 nmethod 2480 0x0000015de2661190 code [0x0000015de2661320, 0x0000015de26613f8]
Event: 3.806 Thread 0x0000015df18f9f60 nmethod 2481 0x0000015de2661490 code [0x0000015de2661640, 0x0000015de2661778]
Event: 3.808 Thread 0x0000015df1c95ee0 2482       1       java.nio.HeapByteBuffer::get (14 bytes)
Event: 3.808 Thread 0x0000015df18f9f60 2483       1       java.nio.Buffer::nextGetIndex (30 bytes)
Event: 3.808 Thread 0x0000015df1c95ee0 nmethod 2482 0x0000015de2661890 code [0x0000015de2661a40, 0x0000015de2661bc8]
Event: 3.808 Thread 0x0000015df1c95ee0 2484       1       jdk.internal.loader.AbstractClassLoaderValue::<init> (5 bytes)
Event: 3.808 Thread 0x0000015df18f9f60 nmethod 2483 0x0000015de2661d10 code [0x0000015de2661ec0, 0x0000015de2661fe8]
Event: 3.808 Thread 0x0000015df1c95ee0 nmethod 2484 0x0000015de2662090 code [0x0000015de2662220, 0x0000015de26622d8]
Event: 3.808 Thread 0x0000015df1c95ee0 2485       1       org.springframework.core.annotation.MergedAnnotations$Search$$Lambda$120/0x0000015d810f0248::test (8 bytes)
Event: 3.808 Thread 0x0000015df1c95ee0 nmethod 2485 0x0000015de2662390 code [0x0000015de2662520, 0x0000015de2662638]
Event: 3.811 Thread 0x0000015df1c95ee0 2486       1       ch.qos.logback.classic.spi.LogbackServiceProvider::getLoggerFactory (5 bytes)
Event: 3.812 Thread 0x0000015df1c95ee0 nmethod 2486 0x0000015de2662710 code [0x0000015de26628a0, 0x0000015de2662978]
Event: 3.813 Thread 0x0000015df1c95ee0 2487       1       ch.qos.logback.core.pattern.Converter::getNext (5 bytes)
Event: 3.813 Thread 0x0000015df1c95ee0 nmethod 2487 0x0000015de2662a10 code [0x0000015de2662ba0, 0x0000015de2662c78]

GC Heap History (6 events):
Event: 0.621 GC heap before
{Heap before GC invocations=0 (full 0):
 garbage-first heap   total 260096K, used 20480K [0x0000000703600000, 0x0000000800000000)
  region size 2048K, 11 young (22528K), 0 survivors (0K)
 Metaspace       used 5509K, committed 5696K, reserved 1114112K
  class space    used 679K, committed 768K, reserved 1048576K
}
Event: 0.624 GC heap after
{Heap after GC invocations=1 (full 0):
 garbage-first heap   total 260096K, used 10330K [0x0000000703600000, 0x0000000800000000)
  region size 2048K, 2 young (4096K), 2 survivors (4096K)
 Metaspace       used 5509K, committed 5696K, reserved 1114112K
  class space    used 679K, committed 768K, reserved 1048576K
}
Event: 0.759 GC heap before
{Heap before GC invocations=1 (full 0):
 garbage-first heap   total 260096K, used 26714K [0x0000000703600000, 0x0000000800000000)
  region size 2048K, 11 young (22528K), 2 survivors (4096K)
 Metaspace       used 7283K, committed 7424K, reserved 1114112K
  class space    used 877K, committed 960K, reserved 1048576K
}
Event: 0.763 GC heap after
{Heap after GC invocations=2 (full 0):
 garbage-first heap   total 260096K, used 18432K [0x0000000703600000, 0x0000000800000000)
  region size 2048K, 2 young (4096K), 2 survivors (4096K)
 Metaspace       used 7283K, committed 7424K, reserved 1114112K
  class space    used 877K, committed 960K, reserved 1048576K
}
Event: 2.567 GC heap before
{Heap before GC invocations=2 (full 0):
 garbage-first heap   total 260096K, used 55296K [0x0000000703600000, 0x0000000800000000)
  region size 2048K, 21 young (43008K), 2 survivors (4096K)
 Metaspace       used 12690K, committed 12992K, reserved 1114112K
  class space    used 1688K, committed 1856K, reserved 1048576K
}
Event: 2.569 GC heap after
{Heap after GC invocations=3 (full 0):
 garbage-first heap   total 260096K, used 19404K [0x0000000703600000, 0x0000000800000000)
  region size 2048K, 2 young (4096K), 2 survivors (4096K)
 Metaspace       used 12690K, committed 12992K, reserved 1114112K
  class space    used 1688K, committed 1856K, reserved 1048576K
}

Dll operation events (12 events):
Event: 0.009 Loaded shared library C:\Program Files\Eclipse Adoptium\jdk-17.0.17.10-hotspot\bin\java.dll
Event: 0.023 Loaded shared library C:\Program Files\Eclipse Adoptium\jdk-17.0.17.10-hotspot\bin\jsvml.dll
Event: 0.137 Loaded shared library C:\Program Files\Eclipse Adoptium\jdk-17.0.17.10-hotspot\bin\zip.dll
Event: 0.139 Loaded shared library C:\Program Files\Eclipse Adoptium\jdk-17.0.17.10-hotspot\bin\instrument.dll
Event: 0.144 Loaded shared library C:\Program Files\Eclipse Adoptium\jdk-17.0.17.10-hotspot\bin\net.dll
Event: 0.146 Loaded shared library C:\Program Files\Eclipse Adoptium\jdk-17.0.17.10-hotspot\bin\nio.dll
Event: 0.150 Loaded shared library C:\Program Files\Eclipse Adoptium\jdk-17.0.17.10-hotspot\bin\zip.dll
Event: 0.291 Loaded shared library C:\Program Files\JetBrains\IntelliJ IDEA 2024.2.1\bin\breakgen64.dll
Event: 0.297 Loaded shared library C:\Program Files\Eclipse Adoptium\jdk-17.0.17.10-hotspot\bin\jimage.dll
Event: 0.305 Loaded shared library C:\Program Files\Eclipse Adoptium\jdk-17.0.17.10-hotspot\bin\extnet.dll
Event: 0.322 Loaded shared library C:\Program Files\Eclipse Adoptium\jdk-17.0.17.10-hotspot\bin\management.dll
Event: 0.338 Loaded shared library C:\Program Files\Eclipse Adoptium\jdk-17.0.17.10-hotspot\bin\management_ext.dll

Deoptimization events (0 events):
No events

Classes loaded (20 events):
Event: 3.767 Loading class java/time/chrono/MinguoDate
Event: 3.767 Loading class java/time/chrono/MinguoDate done
Event: 3.767 Loading class java/time/chrono/ThaiBuddhistDate
Event: 3.767 Loading class java/time/chrono/ThaiBuddhistDate done
Event: 3.770 Loading class java/io/CharConversionException
Event: 3.770 Loading class java/io/CharConversionException done
Event: 3.783 Loading class sun/reflect/generics/tree/BooleanSignature
Event: 3.783 Loading class sun/reflect/generics/tree/BooleanSignature done
Event: 3.783 Loading class sun/reflect/generics/tree/DoubleSignature
Event: 3.783 Loading class sun/reflect/generics/tree/DoubleSignature done
Event: 3.783 Loading class sun/reflect/generics/tree/FloatSignature
Event: 3.783 Loading class sun/reflect/generics/tree/FloatSignature done
Event: 3.783 Loading class sun/reflect/generics/tree/IntSignature
Event: 3.783 Loading class sun/reflect/generics/tree/IntSignature done
Event: 3.783 Loading class sun/reflect/generics/tree/ShortSignature
Event: 3.783 Loading class sun/reflect/generics/tree/ShortSignature done
Event: 3.784 Loading class java/lang/annotation/Repeatable
Event: 3.784 Loading class java/lang/annotation/Repeatable done
Event: 3.810 Loading class jdk/internal/reflect/UnsafeObjectFieldAccessorImpl
Event: 3.811 Loading class jdk/internal/reflect/UnsafeObjectFieldAccessorImpl done

Classes unloaded (0 events):
No events

Classes redefined (0 events):
No events

Internal exceptions (20 events):
Event: 1.205 Thread 0x0000015df6ecef20 Exception <a 'java/lang/NoSuchMethodError'{0x0000000710ee8c68}: 'java.lang.Object java.lang.invoke.Invokers$Holder.linkToTargetMethod(java.lang.Object, java.lang.Object, int, java.lang.Object, java.lang.Object)'> (0x0000000710ee8c68) 
thrown [s\src\hotspot\share\interpreter\linkResolver.cpp, line 759]
Event: 1.205 Thread 0x0000015df6ecef20 Exception <a 'java/lang/NoSuchMethodError'{0x0000000710efa660}: 'java.lang.Object java.lang.invoke.DirectMethodHandle$Holder.newInvokeSpecial(java.lang.Object, int, java.lang.Object)'> (0x0000000710efa660) 
thrown [s\src\hotspot\share\interpreter\linkResolver.cpp, line 759]
Event: 1.205 Thread 0x0000015df6ecef20 Exception <a 'java/lang/NoSuchMethodError'{0x0000000710efee90}: 'int java.lang.invoke.DirectMethodHandle$Holder.invokeSpecialIFC(java.lang.Object, java.lang.Object, java.lang.Object, java.lang.Object)'> (0x0000000710efee90) 
thrown [s\src\hotspot\share\interpreter\linkResolver.cpp, line 759]
Event: 1.315 Thread 0x0000015df6ecef20 Exception <a 'java/lang/NoSuchMethodError'{0x0000000710fadd88}: 'void java.lang.invoke.DirectMethodHandle$Holder.invokeInterface(java.lang.Object, java.lang.Object, java.lang.Object)'> (0x0000000710fadd88) 
thrown [s\src\hotspot\share\interpreter\linkResolver.cpp, line 759]
Event: 1.329 Thread 0x0000015df6ecef20 Exception <a 'java/lang/NoSuchMethodError'{0x0000000710c44e20}: 'java.lang.Object java.lang.invoke.DirectMethodHandle$Holder.invokeSpecial(java.lang.Object, java.lang.Object, java.lang.Object, java.lang.Object, java.lang.Object, java.lang.Object, java.lang.Object, java.lang.Object, java.lang.Object)'> (0x0000000710c44e20) 
thrown [s\src\hotspot\share\interpreter\linkResolver.cpp, line 759]
Event: 1.329 Thread 0x0000015df6ecef20 Exception <a 'java/lang/NoSuchMethodError'{0x0000000710c499f0}: 'java.lang.Object java.lang.invoke.Invokers$Holder.invoke_MT(java.lang.Object, java.lang.Object, java.lang.Object, java.lang.Object, java.lang.Object, java.lang.Object, java.lang.Object, java.lang.Object, java.lang.Object)'> (0x0000000710c499f0) 
thrown [s\src\hotspot\share\interpreter\linkResolver.cpp, line 759]
Event: 2.464 Thread 0x0000015df18f4420 Exception <a 'java/lang/NoSuchMethodError'{0x0000000710da93f0}: 'java.lang.Object java.lang.invoke.DirectMethodHandle$Holder.invokeStaticInit(java.lang.Object, int)'> (0x0000000710da93f0) 
thrown [s\src\hotspot\share\interpreter\linkResolver.cpp, line 759]
Event: 2.543 Thread 0x0000015df6ecef20 Exception <a 'java/lang/NoSuchMethodError'{0x0000000710a3b1d8}: 'java.lang.Object java.lang.invoke.DirectMethodHandle$Holder.invokeVirtual(java.lang.Object, java.lang.Object, java.lang.Object)'> (0x0000000710a3b1d8) 
thrown [s\src\hotspot\share\interpreter\linkResolver.cpp, line 759]
Event: 2.559 Thread 0x0000015df6ecef20 Exception <a 'java/lang/NoSuchMethodError'{0x0000000710b377a0}: 'void java.lang.invoke.DirectMethodHandle$Holder.invokeStatic(java.lang.Object, java.lang.Object, int)'> (0x0000000710b377a0) 
thrown [s\src\hotspot\share\interpreter\linkResolver.cpp, line 759]
Event: 2.562 Thread 0x0000015df6ecef20 Exception <a 'java/lang/NoSuchMethodError'{0x0000000710b7c6d0}: 'void java.lang.invoke.DirectMethodHandle$Holder.invokeStaticInit(java.lang.Object, java.lang.Object, java.lang.Object)'> (0x0000000710b7c6d0) 
thrown [s\src\hotspot\share\interpreter\linkResolver.cpp, line 759]
Event: 2.577 Thread 0x0000015df6ecef20 Exception <a 'java/lang/NoSuchMethodError'{0x00000007132b77b0}: 'java.lang.Object java.lang.invoke.DirectMethodHandle$Holder.newInvokeSpecial(java.lang.Object, long)'> (0x00000007132b77b0) 
thrown [s\src\hotspot\share\interpreter\linkResolver.cpp, line 759]
Event: 2.578 Thread 0x0000015df6ecef20 Exception <a 'java/lang/NoSuchMethodError'{0x00000007132bf0d0}: 'void java.lang.invoke.DirectMethodHandle$Holder.invokeVirtual(java.lang.Object, java.lang.Object, java.lang.Object, java.lang.Object)'> (0x00000007132bf0d0) 
thrown [s\src\hotspot\share\interpreter\linkResolver.cpp, line 759]
Event: 2.585 Thread 0x0000015df6ecef20 Exception <a 'java/lang/NoSuchMethodError'{0x0000000713376828}: 'java.lang.Object java.lang.invoke.DirectMethodHandle$Holder.invokeSpecial(java.lang.Object, java.lang.Object, long, java.lang.Object, java.lang.Object, java.lang.Object, java.lang.Object, java.lang.Object, java.lang.Object)'> (0x0000000713376828) 
thrown [s\src\hotspot\share\interpreter\linkResolver.cpp, line 759]
Event: 2.585 Thread 0x0000015df6ecef20 Exception <a 'java/lang/NoSuchMethodError'{0x000000071337b0a8}: 'java.lang.Object java.lang.invoke.DelegatingMethodHandle$Holder.reinvoke_L(java.lang.Object, long, java.lang.Object, java.lang.Object, java.lang.Object, java.lang.Object, java.lang.Object, java.lang.Object)'> (0x000000071337b0a8) 
thrown [s\src\hotspot\share\interpreter\linkResolver.cpp, line 759]
Event: 2.617 Thread 0x0000015df6ecef20 Exception <a 'java/lang/IncompatibleClassChangeError'{0x0000000712e7a488}: Found class java.lang.Object, but interface was expected> (0x0000000712e7a488) 
thrown [s\src\hotspot\share\interpreter\linkResolver.cpp, line 826]
Event: 3.667 Thread 0x0000015df70ef880 Exception <a 'java/lang/NoSuchMethodError'{0x0000000712d3da80}: static [B.<clinit>()V> (0x0000000712d3da80) 
thrown [s\src\hotspot\share\prims\jni.cpp, line 1112]
Event: 3.670 Thread 0x0000015df70aff70 Exception <a 'java/lang/NoSuchMethodError'{0x0000000712d19f60}: 'java.lang.Object java.lang.invoke.Invokers$Holder.invoke_MT(java.lang.Object, java.lang.Object, java.lang.Object)'> (0x0000000712d19f60) 
thrown [s\src\hotspot\share\interpreter\linkResolver.cpp, line 759]
Event: 3.675 Thread 0x0000015df70ef880 Exception <a 'java/lang/ClassNotFoundException'{0x0000000712d57f78}: javax/management/remote/rmi/RMIConnectionImpl_Skel> (0x0000000712d57f78) 
thrown [s\src\hotspot\share\classfile\systemDictionary.cpp, line 256]
Event: 3.682 Thread 0x0000015df70ef880 Exception <a 'java/lang/reflect/InvocationTargetException'{0x0000000712d8aaa8}> (0x0000000712d8aaa8) 
thrown [s\src\hotspot\share\runtime\reflection.cpp, line 1128]
Event: 3.684 Thread 0x0000015df70ef880 Exception <a 'java/lang/NoSuchMethodError'{0x0000000712be1b78}: static [Ljava/lang/StackTraceElement;.<clinit>()V> (0x0000000712be1b78) 
thrown [s\src\hotspot\share\prims\jni.cpp, line 1112]

VM Operations (20 events):
Event: 1.147 Executing VM operation: HandshakeAllThreads done
Event: 1.210 Executing VM operation: ICBufferFull
Event: 1.210 Executing VM operation: ICBufferFull done
Event: 2.214 Executing VM operation: Cleanup
Event: 2.446 Executing VM operation: Cleanup done
Event: 2.559 Executing VM operation: HandshakeAllThreads
Event: 2.559 Executing VM operation: HandshakeAllThreads done
Event: 2.560 Executing VM operation: HandshakeAllThreads
Event: 2.560 Executing VM operation: HandshakeAllThreads done
Event: 2.566 Executing VM operation: G1CollectForAllocation
Event: 2.569 Executing VM operation: G1CollectForAllocation done
Event: 2.609 Executing VM operation: HandshakeAllThreads
Event: 2.609 Executing VM operation: HandshakeAllThreads done
Event: 2.611 Executing VM operation: HandshakeAllThreads
Event: 2.611 Executing VM operation: HandshakeAllThreads done
Event: 3.612 Executing VM operation: Cleanup
Event: 3.644 Executing VM operation: Cleanup done
Event: 3.674 Executing VM operation: HandshakeAllThreads
Event: 3.674 Executing VM operation: HandshakeAllThreads done
Event: 4.688 Executing VM operation: Cleanup

Memory protections (0 events):
No events

Nmethod flushes (0 events):
No events

Events (20 events):
Event: 0.031 Thread 0x0000015dd8dc2ac0 Thread added: 0x0000015df18f75d0
Event: 0.032 Thread 0x0000015dd8dc2ac0 Thread added: 0x0000015df18f9f60
Event: 0.032 Thread 0x0000015dd8dc2ac0 Thread added: 0x0000015df1bba1f0
Event: 0.123 Thread 0x0000015dd8dc2ac0 Thread added: 0x0000015df18c7880
Event: 0.128 Thread 0x0000015df18f9f60 Thread added: 0x0000015df1c95ee0
Event: 0.128 Thread 0x0000015df18f9f60 Thread added: 0x0000015df1c96c20
Event: 0.291 Thread 0x0000015dd8dc2ac0 Thread added: 0x0000015df6435530
Event: 0.291 Thread 0x0000015dd8dc2ac0 Thread added: 0x0000015df6438830
Event: 0.510 Thread 0x0000015dd8dc2ac0 Thread added: 0x0000015df65b4a20
Event: 0.913 Thread 0x0000015dd8dc2ac0 Thread added: 0x0000015df6ec9830
Event: 0.914 Thread 0x0000015df6ec9830 Thread added: 0x0000015df6ecef20
Event: 1.492 Thread 0x0000015df6ecef20 Thread added: 0x0000015df6ff5510
Event: 2.449 Thread 0x0000015df1c96c20 Thread exited: 0x0000015df1c96c20
Event: 2.449 Thread 0x0000015df1c95ee0 Thread exited: 0x0000015df1c95ee0
Event: 2.466 Thread 0x0000015df18f9f60 Thread added: 0x0000015df1c95ee0
Event: 2.614 Thread 0x0000015df6ecef20 Thread added: 0x0000015df70aff70
Event: 3.656 Thread 0x0000015df65b4a20 Thread added: 0x0000015df70ef880
Event: 3.667 Thread 0x0000015df70ef880 Thread added: 0x0000015df70ee440
Event: 3.672 Thread 0x0000015df70ef880 Thread added: 0x0000015df70ecaf0
Event: 3.688 Thread 0x0000015df70ecaf0 Thread exited: 0x0000015df70ecaf0


Dynamic libraries:
0x00007ff7b5970000 - 0x00007ff7b597e000 	C:\Program Files\Eclipse Adoptium\jdk-17.0.17.10-hotspot\bin\java.exe
0x00007ff815e20000 - 0x00007ff816088000 	C:\WINDOWS\SYSTEM32\ntdll.dll
0x00007ff8156c0000 - 0x00007ff815789000 	C:\WINDOWS\System32\KERNEL32.DLL
0x00007ff812ca0000 - 0x00007ff813091000 	C:\WINDOWS\System32\KERNELBASE.dll
0x00007ff8130a0000 - 0x00007ff8131eb000 	C:\WINDOWS\System32\ucrtbase.dll
0x00007fffff860000 - 0x00007fffff87e000 	C:\Program Files\Eclipse Adoptium\jdk-17.0.17.10-hotspot\bin\VCRUNTIME140.dll
0x00007fffff740000 - 0x00007fffff758000 	C:\Program Files\Eclipse Adoptium\jdk-17.0.17.10-hotspot\bin\jli.dll
0x00007ff813f20000 - 0x00007ff8140e6000 	C:\WINDOWS\System32\USER32.dll
0x00007ffff8410000 - 0x00007ffff86a3000 	C:\WINDOWS\WinSxS\amd64_microsoft.windows.common-controls_6595b64144ccf1df_6.0.26100.7824_none_3e0870b2e3345462\COMCTL32.dll
0x00007ff813b90000 - 0x00007ff813bb7000 	C:\WINDOWS\System32\win32u.dll
0x00007ff814160000 - 0x00007ff814209000 	C:\WINDOWS\System32\msvcrt.dll
0x00007ff813c80000 - 0x00007ff813cab000 	C:\WINDOWS\System32\GDI32.dll
0x00007ff8131f0000 - 0x00007ff81331b000 	C:\WINDOWS\System32\gdi32full.dll
0x00007ff812bf0000 - 0x00007ff812c93000 	C:\WINDOWS\System32\msvcp_win.dll
0x00007ff813d30000 - 0x00007ff813d61000 	C:\WINDOWS\System32\IMM32.DLL
0x00007ff80da20000 - 0x00007ff80da2c000 	C:\Program Files\Eclipse Adoptium\jdk-17.0.17.10-hotspot\bin\vcruntime140_1.dll
0x00007fffedc40000 - 0x00007fffedccd000 	C:\Program Files\Eclipse Adoptium\jdk-17.0.17.10-hotspot\bin\msvcp140.dll
0x00007fff8bca0000 - 0x00007fff8c90b000 	C:\Program Files\Eclipse Adoptium\jdk-17.0.17.10-hotspot\bin\server\jvm.dll
0x00007ff8146c0000 - 0x00007ff814774000 	C:\WINDOWS\System32\ADVAPI32.dll
0x00007ff814970000 - 0x00007ff814a16000 	C:\WINDOWS\System32\sechost.dll
0x00007ff8145a0000 - 0x00007ff8146b8000 	C:\WINDOWS\System32\RPCRT4.dll
0x00007ff8148f0000 - 0x00007ff814964000 	C:\WINDOWS\System32\WS2_32.dll
0x00007ff812560000 - 0x00007ff8125be000 	C:\WINDOWS\SYSTEM32\POWRPROF.dll
0x00007ff800050000 - 0x00007ff80005b000 	C:\WINDOWS\SYSTEM32\VERSION.dll
0x00007ff809ee0000 - 0x00007ff809f15000 	C:\WINDOWS\SYSTEM32\WINMM.dll
0x00007ff812540000 - 0x00007ff812554000 	C:\WINDOWS\SYSTEM32\UMPDC.dll
0x00007ff8114a0000 - 0x00007ff8114bb000 	C:\WINDOWS\SYSTEM32\kernel.appcore.dll
0x00007fffff710000 - 0x00007fffff71a000 	C:\Program Files\Eclipse Adoptium\jdk-17.0.17.10-hotspot\bin\jimage.dll
0x00007ff80de70000 - 0x00007ff80e0b2000 	C:\WINDOWS\SYSTEM32\DBGHELP.DLL
0x00007ff814210000 - 0x00007ff814596000 	C:\WINDOWS\System32\combase.dll
0x00007ff814810000 - 0x00007ff8148e7000 	C:\WINDOWS\System32\OLEAUT32.dll
0x00007ffff1600000 - 0x00007ffff163b000 	C:\WINDOWS\SYSTEM32\dbgcore.DLL
0x00007ff8129d0000 - 0x00007ff812a75000 	C:\WINDOWS\System32\bcryptPrimitives.dll
0x00007ffffeba0000 - 0x00007ffffebae000 	C:\Program Files\Eclipse Adoptium\jdk-17.0.17.10-hotspot\bin\instrument.dll
0x00007ffffedd0000 - 0x00007ffffedf5000 	C:\Program Files\Eclipse Adoptium\jdk-17.0.17.10-hotspot\bin\java.dll
0x00007fffedb60000 - 0x00007fffedc37000 	C:\Program Files\Eclipse Adoptium\jdk-17.0.17.10-hotspot\bin\jsvml.dll
0x00007ff814c00000 - 0x00007ff815352000 	C:\WINDOWS\System32\SHELL32.dll
0x00007ff812a80000 - 0x00007ff812bea000 	C:\WINDOWS\System32\wintypes.dll
0x00007ff813320000 - 0x00007ff813b83000 	C:\WINDOWS\System32\windows.storage.dll
0x00007ff814a80000 - 0x00007ff814b76000 	C:\WINDOWS\System32\SHCORE.dll
0x00007ff8147a0000 - 0x00007ff814807000 	C:\WINDOWS\System32\shlwapi.dll
0x00007ff812620000 - 0x00007ff812649000 	C:\WINDOWS\SYSTEM32\profapi.dll
0x00007ffffebb0000 - 0x00007ffffebc8000 	C:\Program Files\Eclipse Adoptium\jdk-17.0.17.10-hotspot\bin\zip.dll
0x00007ffffedb0000 - 0x00007ffffedca000 	C:\Program Files\Eclipse Adoptium\jdk-17.0.17.10-hotspot\bin\net.dll
0x00007ff804130000 - 0x00007ff804257000 	C:\WINDOWS\SYSTEM32\WINHTTP.dll
0x00007ff811a10000 - 0x00007ff811a7b000 	C:\WINDOWS\system32\mswsock.dll
0x00007ffffed90000 - 0x00007ffffeda6000 	C:\Program Files\Eclipse Adoptium\jdk-17.0.17.10-hotspot\bin\nio.dll
0x00007ffff8be0000 - 0x00007ffff8bfa000 	C:\Program Files\JetBrains\IntelliJ IDEA 2024.2.1\bin\breakgen64.dll
0x00007ffffe730000 - 0x00007ffffe739000 	C:\Program Files\Eclipse Adoptium\jdk-17.0.17.10-hotspot\bin\extnet.dll
0x00007ff810f70000 - 0x00007ff81109c000 	C:\WINDOWS\SYSTEM32\DNSAPI.dll
0x00007ff810f30000 - 0x00007ff810f64000 	C:\WINDOWS\SYSTEM32\IPHLPAPI.DLL
0x00007ff8154d0000 - 0x00007ff8154da000 	C:\WINDOWS\System32\NSI.dll
0x00007ff804340000 - 0x00007ff80434b000 	C:\Windows\System32\rasadhlp.dll
0x00007ff80c700000 - 0x00007ff80c786000 	C:\WINDOWS\System32\fwpuclnt.dll
0x00007ffffeb90000 - 0x00007ffffeb9a000 	C:\Program Files\Eclipse Adoptium\jdk-17.0.17.10-hotspot\bin\management.dll
0x00007ffff8bd0000 - 0x00007ffff8bdc000 	C:\Program Files\Eclipse Adoptium\jdk-17.0.17.10-hotspot\bin\management_ext.dll
0x00007ff814140000 - 0x00007ff814148000 	C:\WINDOWS\System32\PSAPI.DLL
0x00007ff811ce0000 - 0x00007ff811cfb000 	C:\WINDOWS\SYSTEM32\CRYPTSP.dll
0x00007ff811400000 - 0x00007ff811439000 	C:\WINDOWS\system32\rsaenh.dll
0x00007ff811ac0000 - 0x00007ff811aeb000 	C:\WINDOWS\SYSTEM32\USERENV.dll
0x00007ff8125f0000 - 0x00007ff81261a000 	C:\WINDOWS\SYSTEM32\bcrypt.dll
0x00007ff811d00000 - 0x00007ff811d0c000 	C:\WINDOWS\SYSTEM32\CRYPTBASE.dll
0x00007ff80be80000 - 0x00007ff80be9e000 	C:\WINDOWS\SYSTEM32\dhcpcsvc6.DLL
0x00007ff80bc70000 - 0x00007ff80bc93000 	C:\WINDOWS\SYSTEM32\dhcpcsvc.DLL
0x00007ffff6210000 - 0x00007ffff6228000 	C:\WINDOWS\system32\napinsp.dll
0x00007ffff61e0000 - 0x00007ffff61f2000 	C:\WINDOWS\System32\winrnr.dll
0x00007ffff61b0000 - 0x00007ffff61d2000 	C:\WINDOWS\system32\nlansp_c.dll
0x00007ff803bb0000 - 0x00007ff803bc6000 	C:\WINDOWS\system32\wshbth.dll

dbghelp: loaded successfully - version: 4.0.5 - missing functions: none
symbol engine: initialized successfully - sym options: 0x614 - pdb path: .;C:\Program Files\Eclipse Adoptium\jdk-17.0.17.10-hotspot\bin;C:\WINDOWS\SYSTEM32;C:\WINDOWS\WinSxS\amd64_microsoft.windows.common-controls_6595b64144ccf1df_6.0.26100.7824_none_3e0870b2e3345462;C:\Program Files\Eclipse Adoptium\jdk-17.0.17.10-hotspot\bin\server;C:\Program Files\JetBrains\IntelliJ IDEA 2024.2.1\bin

VM Arguments:
jvm_args: -XX:TieredStopAtLevel=1 -Dspring.output.ansi.enabled=always -Dcom.sun.management.jmxremote -Dspring.jmx.enabled=true -Dspring.liveBeansView.mbeanDomain -Dspring.application.admin.enabled=true -Dmanagement.endpoints.jmx.exposure.include=* -javaagent:C:\Program Files\JetBrains\IntelliJ IDEA 2024.2.1\lib\idea_rt.jar=7283:C:\Program Files\JetBrains\IntelliJ IDEA 2024.2.1\bin -Dfile.encoding=UTF-8 
java_command: com.neuroguard.userservice.UserServiceApplication
java_class_path (initial): C:\Users\LENOVO\Desktop\NeuroGuard\user-service\target\classes;C:\Users\LENOVO\.m2\repository\org\projectlombok\lombok\1.18.24\lombok-1.18.24.jar;C:\Users\LENOVO\.m2\repository\com\auth0\java-jwt\3.18.2\java-jwt-3.18.2.jar;C:\Users\LENOVO\.m2\repository\com\fasterxml\jackson\core\jackson-databind\2.19.4\jackson-databind-2.19.4.jar;C:\Users\LENOVO\.m2\repository\com\fasterxml\jackson\core\jackson-annotations\2.19.4\jackson-annotations-2.19.4.jar;C:\Users\LENOVO\.m2\repository\com\fasterxml\jackson\core\jackson-core\2.19.4\jackson-core-2.19.4.jar;C:\Users\LENOVO\.m2\repository\org\springframework\boot\spring-boot-starter-actuator\3.5.11\spring-boot-starter-actuator-3.5.11.jar;C:\Users\LENOVO\.m2\repository\org\springframework\boot\spring-boot-starter\3.5.11\spring-boot-starter-3.5.11.jar;C:\Users\LENOVO\.m2\repository\org\springframework\boot\spring-boot-starter-logging\3.5.11\spring-boot-starter-logging-3.5.11.jar;C:\Users\LENOVO\.m2\repository\ch\qos\logback\logback-classic\1.5.32\logback-classic-1.5.32.jar;C:\Users\LENOVO\.m2\repository\ch\qos\logback\logback-core\1.5.32\logback-core-1.5.32.jar;C:\Users\LENOVO\.m2\repository\org\apache\logging\log4j\log4j-to-slf4j\2.24.3\log4j-to-slf4j-2.24.3.jar;C:\Users\LENOVO\.m2\repository\org\apache\logging\log4j\log4j-api\2.24.3\log4j-api-2.24.3.jar;C:\Users\LENOVO\.m2\repository\org\slf4j\jul-to-slf4j\2.0.17\jul-to-slf4j-2.0.17.jar;C:\Users\LENOVO\.m2\repository\jakarta\annotation\jakarta.annotation-api\2.1.1\jakarta.annotation-api-2.1.1.jar;C:\Users\LENOVO\.m2\repository\org\yaml\snakeyaml\2.4\snakeyaml-2.4.jar;C:\Users\LENOVO\.m2\repository\org\springframework\boot\spring-boot-actuator-autoconfigure\3.5.11\spring-boot-actuator-autoconfigure-3.5.11.jar;C:\Users\LENOVO\.m2\repository\org\springframework\boot\spring-boot-actuator\3.5.11\spring-boot-actuator-3.5.11.jar;C:\Users\LENOVO\.m2\repository\com\fasterxml\jackson\datatype\jackson-datatype-jsr310\2.19.4\jackson-datatype-jsr310-2.19.4.jar;C:\
Launcher Type: SUN_STANDARD

[Global flags]
     intx CICompilerCount                          = 4                                         {product} {ergonomic}
     uint ConcGCThreads                            = 2                                         {product} {ergonomic}
     uint G1ConcRefinementThreads                  = 8                                         {product} {ergonomic}
   size_t G1HeapRegionSize                         = 2097152                                   {product} {ergonomic}
    uintx GCDrainStackTargetSize                   = 64                                        {product} {ergonomic}
   size_t InitialHeapSize                          = 266338304                                 {product} {ergonomic}
     bool ManagementServer                         = true                                      {product} {command line}
   size_t MarkStackSize                            = 4194304                                   {product} {ergonomic}
   size_t MaxHeapSize                              = 4238344192                                {product} {ergonomic}
   size_t MaxNewSize                               = 2541748224                                {product} {ergonomic}
   size_t MinHeapDeltaBytes                        = 2097152                                   {product} {ergonomic}
   size_t MinHeapSize                              = 8388608                                   {product} {ergonomic}
    uintx NonProfiledCodeHeapSize                  = 0                                      {pd product} {ergonomic}
     bool ProfileInterpreter                       = false                                  {pd product} {command line}
    uintx ProfiledCodeHeapSize                     = 0                                      {pd product} {ergonomic}
   size_t SoftMaxHeapSize                          = 4238344192                             {manageable} {ergonomic}
     intx TieredStopAtLevel                        = 1                                         {product} {command line}
     bool UseCompressedClassPointers               = true                           {product lp64_product} {ergonomic}
     bool UseCompressedOops                        = true                           {product lp64_product} {ergonomic}
     bool UseG1GC                                  = true                                      {product} {ergonomic}
     bool UseLargePagesIndividualAllocation        = false                                  {pd product} {ergonomic}

Logging:
Log output configuration:
 #0: stdout all=warning uptime,level,tags
 #1: stderr all=off uptime,level,tags

Environment Variables:
JAVA_HOME=C:\Program Files\Java\jdk-20
PATH=C:\Program Files\MongoDB\Server\8.2\bin;C:\Program Files\Eclipse Adoptium\jdk-17.0.17.10-hotspot\bin;C:\oraclexe\app\oracle\product\11.2.0\server\bin;C:\xampp\php;C:\Program Files\MySQL\MySQL Server 8.0\bin;C:\Python 3.12\Python 3.12.exe;C:\Users\LENOVO\AppData\Local\Programs\Python\Python312\python.exe;C:\Users\LENOVO\Downloads\flutter_windows_3.16.0-stable\flutter\bin;C:\ProgramData\Oracle\Java\javapath;C:\Program Files\Java\jdk-21.0.1\bin;C:\Program Files\Common Files\Oracle\Java\javapath;C:\Program Files\Java\jdk-20\bin;C:\Users\LENOVO\Downloads\sqldeveloper-23.1.0.097.1607-x64\sqldeveloper\sqldeveloper\bin;C:\Users\LENOVO\Downloads\msys2-x86_64-20230318.exe;C:\WINDOWS\system32;C:\WINDOWS;C:\WINDOWS\System32\Wbem;C:\WINDOWS\System32\WindowsPowerShell\v1.0\;C:\WINDOWS\System32\OpenSSH\;C:\Program Files\Git\cmd;C:\Program Files\Git\bin;C:\Program Files\dotnet\;C:\Users\LENOVO\AppData\Local\Android\Sdk\platform-tools;C:\Users\LENOVO\AppData\Local\Android\Sdk\emulator;C:\Users\LENOVO\Downloads\php-8.3.11-nts-Win32-vs16-x64;C:\ProgramData\ComposerSetup\bin;C:\Program Files\nodejs\;C:\Program Files\Microsoft SQL Server\150\Tools\Binn\;C:\Program Files\Docker\Docker\resources\bin;C:\Program Files\Vagrant\bin;C:\Users\LENOVO\scoop\shims;C:\Program Files\MySQL\MySQL Shell 8.0\bin\;C:\Users\LENOVO\AppData\Local\Programs\Python\Launcher\;C:\Python27\python.exe;C:\Users\LENOVO\AppData\Local\Programs\Python\Python311;C:\Users\LENOVO\AppData\Local\Programs\Python\Python311\Scripts\;C:\Python27;C:\Users\LENOVO\AppData\Local\Microsoft\WindowsApps;C:\Program Files\JetBrains\PyCharm Community Edition 2023.1\bin;;C:\Users\LENOVO\AppData\Local\GitHubDesktop\bin;C:\Users\LENOVO\.dotnet\tools;C:\Program Files (x86)\Nmap;C:\Users\LENOVO\AppData\Local\Programs\MiKTeX\miktex\bin\x64\;C:\Users\LENOVO\AppData\Roaming\Composer\vendor\bin;C:\xampp\php;C:\Program Files\JetBrains\IntelliJ IDEA 2024.2.1\bin;;C:\Flex Windows\gcc\bin;C:\Flex Windows\Lex\bin;C:\Flex Windows\bison\bin;C:\Users\LENOVO\AppData\Local\Muse Hub\lib;C:\Users\LENOVO\AppData\Local\Programs\Microsoft VS Code\bin;C:\Users\LENOVO\AppData\Local\Programs\cursor\resources\app\bin;C:\Users\LENOVO\AppData\Roaming\npm;C:\Users\LENOVO\AppData\Local\Programs\Antigravity\bin
USERNAME=LENOVO
OS=Windows_NT
PROCESSOR_IDENTIFIER=Intel64 Family 6 Model 140 Stepping 2, GenuineIntel
TMP=C:\Users\LENOVO\AppData\Local\Temp
TEMP=C:\Users\LENOVO\AppData\Local\Temp



Periodic native trim disabled


---------------  S Y S T E M  ---------------

OS:
 Windows 11 , 64 bit Build 26100 (10.0.26100.7705)
OS uptime: 0 days 7:39 hours
Hyper-V role detected

CPU: total 8 (initial active 8) (4 cores per cpu, 2 threads per core) family 6 model 140 stepping 2 microcode 0x26, cx8, cmov, fxsr, ht, mmx, 3dnowpref, sse, sse2, sse3, ssse3, sse4.1, sse4.2, popcnt, lzcnt, tsc, tscinvbit, avx, avx2, aes, erms, clmul, bmi1, bmi2, adx, avx512f, avx512dq, avx512cd, avx512bw, avx512vl, sha, fma, vzeroupper, avx512_vpopcntdq, avx512_vpclmulqdq, avx512_vaes, avx512_vnni, clflush, clflushopt, clwb, avx512_vbmi2, avx512_vbmi, hv
Processor Information for all 8 processors :
  Max Mhz: 3187, Current Mhz: 3187, Mhz Limit: 3187

Memory: 4k page, system-wide physical 16167M (1732M free)
TotalPageFile size 21167M (AvailPageFile size 31M)
current process WorkingSet (physical memory assigned to process): 131M, peak: 133M
current process commit charge ("private bytes"): 371M, peak: 373M

vm_info: OpenJDK 64-Bit Server VM (17.0.17+10) for windows-amd64 JRE (17.0.17+10), built on Oct 21 2025 23:25:32 by "admin" with unknown MS VC++:1942

END.
