#
# There is insufficient memory for the Java Runtime Environment to continue.
# Native memory allocation (malloc) failed to allocate 1048576 bytes for AllocateHeap
# Possible reasons:
#   The system is out of physical RAM or swap space
#   In 32 bit mode, the process size limit was hit
# Possible solutions:
#   Reduce memory load on the system
#   Increase physical memory or swap space
#   Check if swap backing store is full
#   Use 64 bit Java on a 64 bit OS
#   Decrease Java heap size (-Xmx/-Xms)
#   Decrease number of Java threads
#   Decrease Java thread stack sizes (-Xss)
#   Set larger code cache with -XX:ReservedCodeCacheSize=
# This output file may be truncated or incomplete.
#
#  Out of Memory Error (memory/allocation.inline.hpp:61), pid=8276, tid=0x00000000000049e4
#
# JRE version:  (8.0_101-b13) (build )
# Java VM: Java HotSpot(TM) 64-Bit Server VM (25.101-b13 mixed mode windows-amd64 compressed oops)
# Failed to write core dump. Minidumps are not enabled by default on client versions of Windows
#

---------------  T H R E A D  ---------------

Current thread (0x0000000002d52800):  JavaThread "Unknown thread" [_thread_in_vm, id=18916, stack(0x0000000002c50000,0x0000000002d50000)]

Stack: [0x0000000002c50000,0x0000000002d50000]
[error occurred during error reporting (printing stack bounds), id 0xc0000005]

Native frames: (J=compiled Java code, j=interpreted, Vv=VM code, C=native code)


---------------  P R O C E S S  ---------------

Java Threads: ( => current thread )

Other Threads:

=>0x0000000002d52800 (exited) JavaThread "Unknown thread" [_thread_in_vm, id=18916, stack(0x0000000002c50000,0x0000000002d50000)]

VM state:not at safepoint (normal execution)

VM Mutex/Monitor currently owned by a thread: None

Heap:
 PSYoungGen      total 4608K, used 81K [0x00000000ffb00000, 0x0000000100000000, 0x0000000100000000)
  eden space 4096K, 2% used [0x00000000ffb00000,0x00000000ffb147b8,0x00000000fff00000)
  from space 512K, 0% used [0x00000000fff80000,0x00000000fff80000,0x0000000100000000)
  to   space 512K, 0% used [0x00000000fff00000,0x00000000fff00000,0x00000000fff80000)
 ParOldGen       total 11264K, used 0K [0x00000000ff000000, 0x00000000ffb00000, 0x00000000ffb00000)
  object space 11264K, 0% used [0x00000000ff000000,0x00000000ff000000,0x00000000ffb00000)
 Metaspace       used 769K, capacity 4480K, committed 4480K, reserved 1056768K
  class space    used 75K, capacity 384K, committed 384K, reserved 1048576K

Card table byte_map: [0x0000000001640000,0x0000000001650000] byte_map_base: 0x0000000000e48000

Marking Bits: (ParMarkBitMap*) 0x000000005ec1a6d0
 Begin Bits: [0x0000000012a10000, 0x0000000012a50000)
 End Bits:   [0x0000000012a50000, 0x0000000012a90000)

Polling page: 0x00000000015b0000

CodeCache: size=245760Kb used=328Kb max_used=328Kb free=245431Kb
 bounds [0x0000000002e50000, 0x00000000030c0000, 0x0000000011e50000]
 total_blobs=58 nmethods=0 adapters=38
 compilation: enabled

Compilation events (0 events):
No events

GC Heap History (0 events):
No events

Deoptimization events (0 events):
No events

Internal exceptions (0 events):
No events

Events (10 events):
Event: 0.018 loading class java/lang/Short
Event: 0.018 loading class java/lang/Short done
Event: 0.018 loading class java/lang/Integer
Event: 0.018 loading class java/lang/Integer done
Event: 0.018 loading class java/lang/Long
Event: 0.018 loading class java/lang/Long done
Event: 0.018 loading class java/lang/NullPointerException
Event: 0.018 loading class java/lang/NullPointerException done
Event: 0.018 loading class java/lang/ArithmeticException
Event: 0.018 loading class java/lang/ArithmeticException done


Dynamic libraries:
0x00007ff6e2440000 - 0x00007ff6e2477000 	C:\Program Files\Java\jdk1.8.0_101\bin\javaw.exe
0x00007fff11f20000 - 0x00007fff12187000 	C:\WINDOWS\SYSTEM32\ntdll.dll
0x00007fff0fce0000 - 0x00007fff0fda9000 	C:\WINDOWS\System32\KERNEL32.DLL
0x00007fff0f550000 - 0x00007fff0f944000 	C:\WINDOWS\System32\KERNELBASE.dll
0x00007fff0ffd0000 - 0x00007fff10086000 	C:\WINDOWS\System32\ADVAPI32.dll
0x00007fff0fdb0000 - 0x00007fff0fe59000 	C:\WINDOWS\System32\msvcrt.dll
0x00007fff11220000 - 0x00007fff112c7000 	C:\WINDOWS\System32\sechost.dll
0x00007fff10770000 - 0x00007fff10888000 	C:\WINDOWS\System32\RPCRT4.dll
0x00007fff10ec0000 - 0x00007fff11085000 	C:\WINDOWS\System32\USER32.dll
0x00007fff0f950000 - 0x00007fff0f977000 	C:\WINDOWS\System32\win32u.dll
0x00007fff0fcb0000 - 0x00007fff0fcdb000 	C:\WINDOWS\System32\GDI32.dll
0x00007fff0fb80000 - 0x00007fff0fcaa000 	C:\WINDOWS\System32\gdi32full.dll
0x00007fff0fad0000 - 0x00007fff0fb73000 	C:\WINDOWS\System32\msvcp_win.dll
0x00007fff0e7f0000 - 0x00007fff0e93b000 	C:\WINDOWS\System32\ucrtbase.dll
0x00007ffef51b0000 - 0x00007ffef5443000 	C:\WINDOWS\WinSxS\amd64_microsoft.windows.common-controls_6595b64144ccf1df_6.0.26100.8115_none_3e075c82e3354f9c\COMCTL32.dll
0x00007fff10550000 - 0x00007fff10582000 	C:\WINDOWS\System32\IMM32.DLL
0x000000005f220000 - 0x000000005f2f2000 	C:\Program Files\Java\jdk1.8.0_101\jre\bin\msvcr100.dll
0x000000005e400000 - 0x000000005ec9a000 	C:\Program Files\Java\jdk1.8.0_101\jre\bin\server\jvm.dll
0x00007fff0fe60000 - 0x00007fff0fe68000 	C:\WINDOWS\System32\PSAPI.DLL
0x00007fff066c0000 - 0x00007fff066cb000 	C:\WINDOWS\SYSTEM32\VERSION.dll
0x00007ffee9da0000 - 0x00007ffee9daa000 	C:\WINDOWS\SYSTEM32\WSOCK32.dll
0x00007fff06680000 - 0x00007fff066b6000 	C:\WINDOWS\SYSTEM32\WINMM.dll
0x00007fff11090000 - 0x00007fff11110000 	C:\WINDOWS\System32\WS2_32.dll
0x000000005f210000 - 0x000000005f21f000 	C:\Program Files\Java\jdk1.8.0_101\jre\bin\verify.dll
0x000000005f1e0000 - 0x000000005f209000 	C:\Program Files\Java\jdk1.8.0_101\jre\bin\java.dll
0x000000005f1c0000 - 0x000000005f1d6000 	C:\Program Files\Java\jdk1.8.0_101\jre\bin\zip.dll

VM Arguments:
jvm_args: -Xmx16m 
java_command: org.eclipse.jdt.internal.launching.support.LibraryDetector
java_class_path (initial): C:\Users\LENOVO\AppData\Roaming\Antigravity\User\globalStorage\redhat.java\1.53.0\config_win\org.eclipse.osgi\57\0\.cp\lib\launchingsupport.jar
Launcher Type: SUN_STANDARD

Environment Variables:
JAVA_HOME=C:\Program Files\Java\jdk-20
USERNAME=LENOVO
OS=Windows_NT
PROCESSOR_IDENTIFIER=Intel64 Family 6 Model 140 Stepping 2, GenuineIntel



---------------  S Y S T E M  ---------------

OS: Windows 10.0 , 64 bit Build 26100 (10.0.26100.8115)

CPU:total 8 (4 cores per cpu, 2 threads per core) family 6 model 140 stepping 2, cmov, cx8, fxsr, mmx, sse, sse2, sse3, ssse3, sse4.1, sse4.2, popcnt, avx, avx2, aes, clmul, erms, 3dnowpref, lzcnt, ht, tsc, tscinvbit, bmi1, bmi2, adx

Memory: 4k page, physical 16555320k(1416884k free), swap 21675320k(26128k free)

vm_info: Java HotSpot(TM) 64-Bit Server VM (25.101-b13) for windows-amd64 JRE (1.8.0_101-b13), built on Jun 22 2016 01:21:29 by "java_re" with MS VC++ 10.0 (VS2010)

time: Wed Apr 08 21:16:22 2026
elapsed time: 0 seconds (0d 0h 0m 0s)

