#
# There is insufficient memory for the Java Runtime Environment to continue.
# Native memory allocation (malloc) failed to allocate 1048576 bytes. Error detail: AllocateHeap
# Possible reasons:
#   The system is out of physical RAM or swap space
#   This process is running with CompressedOops enabled, and the Java Heap may be blocking the growth of the native heap
# Possible solutions:
#   Reduce memory load on the system
#   Increase physical memory or swap space
#   Check if swap backing store is full
#   Decrease Java heap size (-Xmx/-Xms)
#   Decrease number of Java threads
#   Decrease Java thread stack sizes (-Xss)
#   Set larger code cache with -XX:ReservedCodeCacheSize=
#   JVM is running with Zero Based Compressed Oops mode in which the Java heap is
#     placed in the first 32GB address space. The Java Heap base address is the
#     maximum limit for the native heap growth. Please use -XX:HeapBaseMinAddress
#     to set the Java Heap base and to place the Java Heap above 32GB virtual address.
# This output file may be truncated or incomplete.
#
#  Out of Memory Error (allocation.cpp:44), pid=13868, tid=7404
#
# JRE version: OpenJDK Runtime Environment Temurin-17.0.17+10 (17.0.17+10) (build 17.0.17+10)
# Java VM: OpenJDK 64-Bit Server VM Temurin-17.0.17+10 (17.0.17+10, mixed mode, emulated-client, sharing, tiered, compressed oops, compressed class ptrs, g1 gc, windows-amd64)
# No core dump will be written. Minidumps are not enabled by default on client versions of Windows
#

---------------  S U M M A R Y ------------

Command Line: -XX:TieredStopAtLevel=1 -Dspring.output.ansi.enabled=always -Dcom.sun.management.jmxremote -Dspring.jmx.enabled=true -Dspring.liveBeansView.mbeanDomain -Dspring.application.admin.enabled=true -Dmanagement.endpoints.jmx.exposure.include=* -javaagent:C:\Program Files\JetBrains\IntelliJ IDEA 2024.2.1\lib\idea_rt.jar=49191:C:\Program Files\JetBrains\IntelliJ IDEA 2024.2.1\bin -Dfile.encoding=UTF-8 com.neuroguard.userservice.UserServiceApplication

Host: 11th Gen Intel(R) Core(TM) i5-11320H @ 3.20GHz, 8 cores, 15G,  Windows 11 , 64 bit Build 26100 (10.0.26100.7705)
Time: Thu Mar  5 06:09:14 2026 Paris, Madrid elapsed time: 2045.227458 seconds (0d 0h 34m 5s)

---------------  T H R E A D  ---------------

Current thread (0x000001a3b0c89710):  VMThread "VM Thread" [stack: 0x0000004201200000,0x0000004201300000] [id=7404]

Stack: [0x0000004201200000,0x0000004201300000]
Native frames: (J=compiled Java code, j=interpreted, Vv=VM code, C=native code)
V  [jvm.dll+0x683fb9]
V  [jvm.dll+0x83a1b5]
V  [jvm.dll+0x83bc2e]
V  [jvm.dll+0x83c2b3]
V  [jvm.dll+0x248eff]
V  [jvm.dll+0xa7b47]
V  [jvm.dll+0x2fa7f6]
V  [jvm.dll+0x2f6441]
V  [jvm.dll+0x2deabf]
V  [jvm.dll+0x320ad7]
V  [jvm.dll+0x840acd]
V  [jvm.dll+0x841803]
V  [jvm.dll+0x841d2f]
V  [jvm.dll+0x842115]
V  [jvm.dll+0x8421de]
V  [jvm.dll+0x7ea44c]
V  [jvm.dll+0x682e87]
C  [ucrtbase.dll+0x37b0]
C  [KERNEL32.DLL+0x2e8d7]
C  [ntdll.dll+0x8c40c]

VM_Operation (0x0000004200afef10): G1CollectFull, mode: safepoint, requested by thread 0x000001a3f9797170


---------------  P R O C E S S  ---------------

Threads class SMR info:
_java_thread_list=0x000001a3f9c14540, length=18, elements={
0x000001a3b0c8d3e0, 0x000001a3b0c8e740, 0x000001a3b0ca16e0, 0x000001a3b0ca3fc0,
0x000001a3b0ca7130, 0x000001a3b0ca8a10, 0x000001a3b0ca9a80, 0x000001a3b1289bd0,
0x000001a3b1280dd0, 0x000001a3b1a444c0, 0x000001a3b1a449a0, 0x000001a3b1bcab90,
0x000001a3f74a3480, 0x000001a3f76db8c0, 0x000001a3f76da480, 0x000001a3f76dc7f0,
0x000001a3f9798fd0, 0x000001a3f9797170
}

Java Threads: ( => current thread )
  0x000001a3b0c8d3e0 JavaThread "Reference Handler" daemon [_thread_blocked, id=12232, stack(0x0000004201300000,0x0000004201400000)]
  0x000001a3b0c8e740 JavaThread "Finalizer" daemon [_thread_blocked, id=5348, stack(0x0000004201400000,0x0000004201500000)]
  0x000001a3b0ca16e0 JavaThread "Signal Dispatcher" daemon [_thread_blocked, id=14156, stack(0x0000004201500000,0x0000004201600000)]
  0x000001a3b0ca3fc0 JavaThread "Attach Listener" daemon [_thread_blocked, id=10212, stack(0x0000004201600000,0x0000004201700000)]
  0x000001a3b0ca7130 JavaThread "Service Thread" daemon [_thread_blocked, id=6176, stack(0x0000004201700000,0x0000004201800000)]
  0x000001a3b0ca8a10 JavaThread "Monitor Deflation Thread" daemon [_thread_blocked, id=5636, stack(0x0000004201800000,0x0000004201900000)]
  0x000001a3b0ca9a80 JavaThread "C1 CompilerThread0" daemon [_thread_blocked, id=14980, stack(0x0000004201900000,0x0000004201a00000)]
  0x000001a3b1289bd0 JavaThread "Sweeper thread" daemon [_thread_blocked, id=6444, stack(0x0000004201a00000,0x0000004201b00000)]
  0x000001a3b1280dd0 JavaThread "Common-Cleaner" daemon [_thread_blocked, id=17308, stack(0x0000004201b00000,0x0000004201c00000)]
  0x000001a3b1a444c0 JavaThread "Monitor Ctrl-Break" daemon [_thread_in_native, id=15400, stack(0x0000004201f00000,0x0000004202000000)]
  0x000001a3b1a449a0 JavaThread "Notification Thread" daemon [_thread_blocked, id=11968, stack(0x0000004202000000,0x0000004202100000)]
  0x000001a3b1bcab90 JavaThread "RMI TCP Accept-0" daemon [_thread_in_native, id=10924, stack(0x0000004202100000,0x0000004202200000)]
  0x000001a3f74a3480 JavaThread "RMI Scheduler(0)" daemon [_thread_blocked, id=1728, stack(0x0000004202d00000,0x0000004202e00000)]
  0x000001a3f76db8c0 JavaThread "mysql-cj-abandoned-connection-cleanup" daemon [_thread_blocked, id=15368, stack(0x0000004203400000,0x0000004203500000)]
  0x000001a3f76da480 JavaThread "Live Reload Server" daemon [_thread_in_native, id=8268, stack(0x0000004203a00000,0x0000004203b00000)]
  0x000001a3f76dc7f0 JavaThread "spectator-gauge-polling-0" daemon [_thread_blocked, id=10092, stack(0x0000004201c00000,0x0000004201d00000)]
  0x000001a3f9798fd0 JavaThread "DestroyJavaVM" [_thread_blocked, id=5744, stack(0x0000004200c00000,0x0000004200d00000)]
  0x000001a3f9797170 JavaThread "Thread-7" [_thread_blocked, id=21488, stack(0x0000004200a00000,0x0000004200b00000)]

Other Threads:
=>0x000001a3b0c89710 VMThread "VM Thread" [stack: 0x0000004201200000,0x0000004201300000] [id=7404]
  0x000001a39a466680 WatcherThread [stack: 0x0000004202200000,0x0000004202300000] [id=10372]
  0x000001a39a4d0670 GCTaskThread "GC Thread#0" [stack: 0x0000004200d00000,0x0000004200e00000] [id=5220]
  0x000001a3b1c9b820 GCTaskThread "GC Thread#1" [stack: 0x0000004202300000,0x0000004202400000] [id=7964]
  0x000001a3b1c9bae0 GCTaskThread "GC Thread#2" [stack: 0x0000004202400000,0x0000004202500000] [id=15632]
  0x000001a3b1c9bda0 GCTaskThread "GC Thread#3" [stack: 0x0000004202500000,0x0000004202600000] [id=9768]
  0x000001a3b1c9c060 GCTaskThread "GC Thread#4" [stack: 0x0000004202600000,0x0000004202700000] [id=1836]
  0x000001a3b1c9c320 GCTaskThread "GC Thread#5" [stack: 0x0000004202700000,0x0000004202800000] [id=10724]
  0x000001a3f74e7270 GCTaskThread "GC Thread#6" [stack: 0x0000004202900000,0x0000004202a00000] [id=4416]
  0x000001a3f7861a60 GCTaskThread "GC Thread#7" [stack: 0x0000004202f00000,0x0000004203000000] [id=13732]
  0x000001a39a4e1250 ConcurrentGCThread "G1 Main Marker" [stack: 0x0000004200e00000,0x0000004200f00000] [id=15432]
  0x000001a39a4e1c70 ConcurrentGCThread "G1 Conc#0" [stack: 0x0000004200f00000,0x0000004201000000] [id=17948]
  0x000001a3f7bb26f0 ConcurrentGCThread "G1 Conc#1" [stack: 0x0000004203100000,0x0000004203200000] [id=2624]
  0x000001a3b0bbd990 ConcurrentGCThread "G1 Refine#0" [stack: 0x0000004201000000,0x0000004201100000] [id=17200]
  0x000001a3b1c9c5e0 ConcurrentGCThread "G1 Refine#1" [stack: 0x0000004202800000,0x0000004202900000] [id=2896]
  0x000001a3b0bbf270 ConcurrentGCThread "G1 Service" [stack: 0x0000004201100000,0x0000004201200000] [id=15116]

Threads with active compile tasks:
C1 CompilerThread0  2045260 8504  s    1       org.apache.catalina.util.LifecycleBase::setStateInternal (144 bytes)

VM state: at safepoint (normal execution)

VM Mutex/Monitor currently owned by a thread:  ([mutex/lock_event])
[0x000001a39a461c30] Threads_lock - owner thread: 0x000001a3b0c89710
[0x000001a39a461e70] Heap_lock - owner thread: 0x000001a3f9797170

Heap address: 0x0000000703600000, size: 4042 MB, Compressed Oops mode: Zero based, Oop shift amount: 3

CDS archive(s) mapped at: [0x000001a3b2000000-0x000001a3b2bb0000-0x000001a3b2bb0000), size 12255232, SharedBaseAddress: 0x000001a3b2000000, ArchiveRelocationMode: 1.
Compressed class space mapped at: 0x000001a3b3000000-0x000001a3f3000000, reserved size: 1073741824
Narrow klass base: 0x000001a3b2000000, Narrow klass shift: 0, Narrow klass range: 0x100000000

GC Precious Log:
 CPUs: 8 total, 8 available
 Memory: 16167M
 Large Page Support: Disabled
 NUMA Support: Disabled
 Compressed Oops: Enabled (Zero based)
 Heap Region Size: 2M
 Heap Min Capacity: 8M
 Heap Initial Capacity: 254M
 Heap Max Capacity: 4042M
 Pre-touch: Disabled
 Parallel Workers: 8
 Concurrent Workers: 2
 Concurrent Refinement Workers: 8
 Periodic GC: Disabled

Heap:
 garbage-first heap   total 122880K, used 95848K [0x0000000703600000, 0x0000000800000000)
  region size 2048K, 23 young (47104K), 1 survivors (2048K)
 Metaspace       used 81286K, committed 81984K, reserved 1179648K
  class space    used 12017K, committed 12352K, reserved 1048576K

Heap Regions: E=young(eden), S=young(survivor), O=old, HS=humongous(starts), HC=humongous(continues), CS=collection set, F=free, OA=open archive, CA=closed archive, TAMS=top-at-mark-start (previous, next)
|   0|0x0000000703600000, 0x0000000703800000, 0x0000000703800000|100%| O|  |TAMS 0x0000000703800000, 0x0000000703600000| Untracked 
|   1|0x0000000703800000, 0x0000000703a00000, 0x0000000703a00000|100%| O|  |TAMS 0x0000000703a00000, 0x0000000703800000| Untracked 
|   2|0x0000000703a00000, 0x0000000703c00000, 0x0000000703c00000|100%| O|  |TAMS 0x0000000703c00000, 0x0000000703a00000| Untracked 
|   3|0x0000000703c00000, 0x0000000703e00000, 0x0000000703e00000|100%| O|  |TAMS 0x0000000703e00000, 0x0000000703c00000| Untracked 
|   4|0x0000000703e00000, 0x0000000704000000, 0x0000000704000000|100%| O|  |TAMS 0x0000000704000000, 0x0000000703e00000| Untracked 
|   5|0x0000000704000000, 0x0000000704200000, 0x0000000704200000|100%| O|  |TAMS 0x0000000704200000, 0x0000000704000000| Untracked 
|   6|0x0000000704200000, 0x0000000704400000, 0x0000000704400000|100%| O|  |TAMS 0x0000000704400000, 0x0000000704200000| Untracked 
|   7|0x0000000704400000, 0x0000000704600000, 0x0000000704600000|100%| O|  |TAMS 0x0000000704600000, 0x0000000704400000| Untracked 
|   8|0x0000000704600000, 0x0000000704800000, 0x0000000704800000|100%| O|  |TAMS 0x0000000704800000, 0x0000000704600000| Untracked 
|   9|0x0000000704800000, 0x0000000704a00000, 0x0000000704a00000|100%| O|  |TAMS 0x0000000704a00000, 0x0000000704800000| Untracked 
|  10|0x0000000704a00000, 0x0000000704c00000, 0x0000000704c00000|100%| O|  |TAMS 0x0000000704c00000, 0x0000000704a00000| Untracked 
|  11|0x0000000704c00000, 0x0000000704e00000, 0x0000000704e00000|100%| O|  |TAMS 0x0000000704e00000, 0x0000000704c00000| Untracked 
|  12|0x0000000704e00000, 0x0000000705000000, 0x0000000705000000|100%| O|  |TAMS 0x0000000704e2e000, 0x0000000704e00000| Untracked 
|  13|0x0000000705000000, 0x0000000705200000, 0x0000000705200000|100%| O|  |TAMS 0x0000000705000000, 0x0000000705000000| Untracked 
|  14|0x0000000705200000, 0x0000000705400000, 0x0000000705400000|100%| O|  |TAMS 0x0000000705400000, 0x0000000705200000| Untracked 
|  15|0x0000000705400000, 0x0000000705600000, 0x0000000705600000|100%| O|  |TAMS 0x0000000705600000, 0x0000000705400000| Untracked 
|  16|0x0000000705600000, 0x0000000705800000, 0x0000000705800000|100%| O|  |TAMS 0x0000000705800000, 0x0000000705600000| Untracked 
|  17|0x0000000705800000, 0x0000000705a00000, 0x0000000705a00000|100%| O|  |TAMS 0x0000000705a00000, 0x0000000705800000| Untracked 
|  18|0x0000000705a00000, 0x0000000705c00000, 0x0000000705c00000|100%| O|  |TAMS 0x0000000705a00000, 0x0000000705a00000| Untracked 
|  19|0x0000000705c00000, 0x0000000705e00000, 0x0000000705e00000|100%| O|  |TAMS 0x0000000705c00000, 0x0000000705c00000| Untracked 
|  20|0x0000000705e00000, 0x0000000706000000, 0x0000000706000000|100%| O|  |TAMS 0x0000000705e00000, 0x0000000705e00000| Untracked 
|  21|0x0000000706000000, 0x0000000706200000, 0x0000000706200000|100%| O|  |TAMS 0x0000000706000000, 0x0000000706000000| Untracked 
|  22|0x0000000706200000, 0x0000000706400000, 0x0000000706400000|100%| O|  |TAMS 0x0000000706200000, 0x0000000706200000| Untracked 
|  23|0x0000000706400000, 0x0000000706600000, 0x0000000706600000|100%| O|  |TAMS 0x0000000706400000, 0x0000000706400000| Untracked 
|  24|0x0000000706600000, 0x00000007067aec00, 0x0000000706800000| 84%| O|  |TAMS 0x0000000706600000, 0x0000000706600000| Untracked 
|  25|0x0000000706800000, 0x0000000706800000, 0x0000000706a00000|  0%| F|  |TAMS 0x0000000706800000, 0x0000000706800000| Untracked 
|  26|0x0000000706a00000, 0x0000000706a00000, 0x0000000706c00000|  0%| F|  |TAMS 0x0000000706a00000, 0x0000000706a00000| Untracked 
|  27|0x0000000706c00000, 0x0000000706c00000, 0x0000000706e00000|  0%| F|  |TAMS 0x0000000706c00000, 0x0000000706c00000| Untracked 
|  28|0x0000000706e00000, 0x0000000706e00000, 0x0000000707000000|  0%| F|  |TAMS 0x0000000706e00000, 0x0000000706e00000| Untracked 
|  29|0x0000000707000000, 0x0000000707000000, 0x0000000707200000|  0%| F|  |TAMS 0x0000000707000000, 0x0000000707000000| Untracked 
|  30|0x0000000707200000, 0x0000000707200000, 0x0000000707400000|  0%| F|  |TAMS 0x0000000707200000, 0x0000000707200000| Untracked 
|  31|0x0000000707400000, 0x0000000707400000, 0x0000000707600000|  0%| F|  |TAMS 0x0000000707400000, 0x0000000707400000| Untracked 
|  32|0x0000000707600000, 0x0000000707600000, 0x0000000707800000|  0%| F|  |TAMS 0x0000000707600000, 0x0000000707600000| Untracked 
|  33|0x0000000707800000, 0x0000000707800000, 0x0000000707a00000|  0%| F|  |TAMS 0x0000000707800000, 0x0000000707800000| Untracked 
|  34|0x0000000707a00000, 0x0000000707a00000, 0x0000000707c00000|  0%| F|  |TAMS 0x0000000707a00000, 0x0000000707a00000| Untracked 
|  35|0x0000000707c00000, 0x0000000707c00000, 0x0000000707e00000|  0%| F|  |TAMS 0x0000000707c00000, 0x0000000707c00000| Untracked 
|  36|0x0000000707e00000, 0x0000000707feb640, 0x0000000708000000| 95%| S|CS|TAMS 0x0000000707e00000, 0x0000000707e00000| Complete 
|  37|0x0000000708000000, 0x0000000708000000, 0x0000000708200000|  0%| F|  |TAMS 0x0000000708000000, 0x0000000708000000| Untracked 
|  38|0x0000000708200000, 0x00000007082e8ab0, 0x0000000708400000| 45%| E|  |TAMS 0x0000000708200000, 0x0000000708200000| Complete 
|  39|0x0000000708400000, 0x0000000708600000, 0x0000000708600000|100%| E|CS|TAMS 0x0000000708400000, 0x0000000708400000| Complete 
|  40|0x0000000708600000, 0x0000000708800000, 0x0000000708800000|100%| E|CS|TAMS 0x0000000708600000, 0x0000000708600000| Complete 
|  41|0x0000000708800000, 0x0000000708a00000, 0x0000000708a00000|100%| E|CS|TAMS 0x0000000708800000, 0x0000000708800000| Complete 
|  42|0x0000000708a00000, 0x0000000708c00000, 0x0000000708c00000|100%| E|CS|TAMS 0x0000000708a00000, 0x0000000708a00000| Complete 
|  43|0x0000000708c00000, 0x0000000708e00000, 0x0000000708e00000|100%| E|CS|TAMS 0x0000000708c00000, 0x0000000708c00000| Complete 
|  44|0x0000000708e00000, 0x0000000709000000, 0x0000000709000000|100%| E|CS|TAMS 0x0000000708e00000, 0x0000000708e00000| Complete 
|  45|0x0000000709000000, 0x0000000709200000, 0x0000000709200000|100%| E|CS|TAMS 0x0000000709000000, 0x0000000709000000| Complete 
|  46|0x0000000709200000, 0x0000000709400000, 0x0000000709400000|100%| E|CS|TAMS 0x0000000709200000, 0x0000000709200000| Complete 
|  47|0x0000000709400000, 0x0000000709600000, 0x0000000709600000|100%| E|CS|TAMS 0x0000000709400000, 0x0000000709400000| Complete 
|  48|0x0000000709600000, 0x0000000709800000, 0x0000000709800000|100%| E|CS|TAMS 0x0000000709600000, 0x0000000709600000| Complete 
|  49|0x0000000709800000, 0x0000000709a00000, 0x0000000709a00000|100%| E|CS|TAMS 0x0000000709800000, 0x0000000709800000| Complete 
|  50|0x0000000709a00000, 0x0000000709c00000, 0x0000000709c00000|100%| E|CS|TAMS 0x0000000709a00000, 0x0000000709a00000| Complete 
|  51|0x0000000709c00000, 0x0000000709e00000, 0x0000000709e00000|100%| E|CS|TAMS 0x0000000709c00000, 0x0000000709c00000| Complete 
|  52|0x0000000709e00000, 0x000000070a000000, 0x000000070a000000|100%| E|CS|TAMS 0x0000000709e00000, 0x0000000709e00000| Complete 
| 104|0x0000000710600000, 0x0000000710800000, 0x0000000710800000|100%| E|CS|TAMS 0x0000000710600000, 0x0000000710600000| Complete 
| 105|0x0000000710800000, 0x0000000710a00000, 0x0000000710a00000|100%| E|CS|TAMS 0x0000000710800000, 0x0000000710800000| Complete 
| 106|0x0000000710a00000, 0x0000000710c00000, 0x0000000710c00000|100%| E|CS|TAMS 0x0000000710a00000, 0x0000000710a00000| Complete 
| 107|0x0000000710c00000, 0x0000000710e00000, 0x0000000710e00000|100%| E|CS|TAMS 0x0000000710c00000, 0x0000000710c00000| Complete 
| 108|0x0000000710e00000, 0x0000000711000000, 0x0000000711000000|100%| E|CS|TAMS 0x0000000710e00000, 0x0000000710e00000| Complete 
| 125|0x0000000713000000, 0x0000000713200000, 0x0000000713200000|100%| E|CS|TAMS 0x0000000713000000, 0x0000000713000000| Complete 
| 126|0x0000000713200000, 0x0000000713400000, 0x0000000713400000|100%| E|CS|TAMS 0x0000000713200000, 0x0000000713200000| Complete 

Card table byte_map: [0x000001a3a58b0000,0x000001a3a60a0000] _byte_map_base: 0x000001a3a2095000

Marking Bits (Prev, Next): (CMBitMap*) 0x000001a39a4d0cd0, (CMBitMap*) 0x000001a39a4d0c90
 Prev Bits: [0x000001a3aa7c0000, 0x000001a3ae6e8000)
 Next Bits: [0x000001a3a6890000, 0x000001a3aa7b8000)

Polling page: 0x000001a398620000

Metaspace:

Usage:
  Non-class:     67.65 MB used.
      Class:     11.74 MB used.
       Both:     79.38 MB used.

Virtual space:
  Non-class space:      128.00 MB reserved,      68.00 MB ( 53%) committed,  2 nodes.
      Class space:        1.00 GB reserved,      12.06 MB (  1%) committed,  1 nodes.
             Both:        1.12 GB reserved,      80.06 MB (  7%) committed. 

Chunk freelists:
   Non-Class:  11.34 MB
       Class:  3.89 MB
        Both:  15.23 MB

MaxMetaspaceSize: unlimited
CompressedClassSpaceSize: 1.00 GB
Initial GC threshold: 21.00 MB
Current GC threshold: 99.38 MB
CDS: on
MetaspaceReclaimPolicy: balanced
 - commit_granule_bytes: 65536.
 - commit_granule_words: 8192.
 - virtual_space_node_default_size: 8388608.
 - enlarge_chunks_in_place: 1.
 - new_chunks_are_fully_committed: 0.
 - uncommit_free_chunks: 1.
 - use_allocation_guard: 0.
 - handle_deallocations: 1.


Internal statistics:

num_allocs_failed_limit: 9.
num_arena_births: 1058.
num_arena_deaths: 0.
num_vsnodes_births: 3.
num_vsnodes_deaths: 0.
num_space_committed: 1281.
num_space_uncommitted: 0.
num_chunks_returned_to_freelist: 9.
num_chunks_taken_from_freelist: 4092.
num_chunk_merges: 9.
num_chunk_splits: 2933.
num_chunks_enlarged: 2247.
num_inconsistent_stats: 0.

CodeCache: size=49152Kb used=14851Kb max_used=15753Kb free=34301Kb
 bounds [0x000001a3a1fb0000, 0x000001a3a2f40000, 0x000001a3a4fb0000]
 total_blobs=9179 nmethods=8502 adapters=603
 compilation: enabled
              stopped_count=0, restarted_count=0
 full_count=0

Compilation events (20 events):
Event: 2040.123 Thread 0x000001a3b0ca9a80 nmethod 8494 0x000001a3a2f27610 code [0x000001a3a2f27960, 0x000001a3a2f284e8]
Event: 2040.124 Thread 0x000001a3b0ca9a80 8495       1       java.time.LocalTime::getLong (50 bytes)
Event: 2040.124 Thread 0x000001a3b0ca9a80 nmethod 8495 0x000001a3a2f27110 code [0x000001a3a2f27300, 0x000001a3a2f27558]
Event: 2040.124 Thread 0x000001a3b0ca9a80 8496       1       java.time.LocalTime::get0 (255 bytes)
Event: 2040.125 Thread 0x000001a3b0ca9a80 nmethod 8496 0x000001a3a2f26110 code [0x000001a3a2f263c0, 0x000001a3a2f26d38]
Event: 2040.125 Thread 0x000001a3b0ca9a80 8497       1       java.math.BigDecimal::scale (5 bytes)
Event: 2040.125 Thread 0x000001a3b0ca9a80 nmethod 8497 0x000001a3a2f25e10 code [0x000001a3a2f25fa0, 0x000001a3a2f26078]
Event: 2040.129 Thread 0x000001a3b0ca9a80 8498       1       org.hibernate.service.spi.ServiceBinding::getLifecycleOwner (5 bytes)
Event: 2040.129 Thread 0x000001a3b0ca9a80 nmethod 8498 0x000001a3a2f25b10 code [0x000001a3a2f25ca0, 0x000001a3a2f25d78]
Event: 2040.142 Thread 0x000001a3b0ca9a80 8499       1       io.micrometer.core.instrument.AbstractMeter::getId (5 bytes)
Event: 2040.142 Thread 0x000001a3b0ca9a80 nmethod 8499 0x000001a3a2f25810 code [0x000001a3a2f259a0, 0x000001a3a2f25a78]
Event: 2040.142 Thread 0x000001a3b0ca9a80 8500       1       ch.qos.logback.core.pattern.SpacePadder::spacePad (53 bytes)
Event: 2040.143 Thread 0x000001a3b0ca9a80 nmethod 8500 0x000001a3a2f25310 code [0x000001a3a2f254c0, 0x000001a3a2f25678]
Event: 2043.160 Thread 0x000001a3b0ca9a80 8501       1       org.apache.hc.core5.http.impl.io.SessionInputBufferImpl::fillBuffer (106 bytes)
Event: 2043.161 Thread 0x000001a3b0ca9a80 nmethod 8501 0x000001a3a2f24c10 code [0x000001a3a2f24de0, 0x000001a3a2f25128]
Event: 2043.192 Thread 0x000001a3b0ca9a80 8502       1       java.lang.invoke.StringConcatFactory::simpleConcat (47 bytes)
Event: 2043.193 Thread 0x000001a3b0ca9a80 nmethod 8502 0x000001a3a2f24910 code [0x000001a3a2f24aa0, 0x000001a3a2f24b58]
Event: 2043.195 Thread 0x000001a3b0ca9a80 8503       1       org.apache.juli.logging.DirectJDKLog::isDebugEnabled (11 bytes)
Event: 2043.196 Thread 0x000001a3b0ca9a80 nmethod 8503 0x000001a3a2f24510 code [0x000001a3a2f246a0, 0x000001a3a2f247b8]
Event: 2043.196 Thread 0x000001a3b0ca9a80 8504  s    1       org.apache.catalina.util.LifecycleBase::setStateInternal (144 bytes)

GC Heap History (20 events):
Event: 5.285 GC heap after
{Heap after GC invocations=10 (full 0):
 garbage-first heap   total 81920K, used 28156K [0x0000000703600000, 0x0000000800000000)
  region size 2048K, 3 young (6144K), 3 survivors (6144K)
 Metaspace       used 34924K, committed 35456K, reserved 1114112K
  class space    used 5094K, committed 5376K, reserved 1048576K
}
Event: 5.363 GC heap before
{Heap before GC invocations=10 (full 0):
 garbage-first heap   total 81920K, used 36348K [0x0000000703600000, 0x0000000800000000)
  region size 2048K, 8 young (16384K), 3 survivors (6144K)
 Metaspace       used 35784K, committed 36288K, reserved 1114112K
  class space    used 5256K, committed 5504K, reserved 1048576K
}
Event: 5.366 GC heap after
{Heap after GC invocations=11 (full 0):
 garbage-first heap   total 81920K, used 29136K [0x0000000703600000, 0x0000000800000000)
  region size 2048K, 2 young (4096K), 2 survivors (4096K)
 Metaspace       used 35784K, committed 36288K, reserved 1114112K
  class space    used 5256K, committed 5504K, reserved 1048576K
}
Event: 5.531 GC heap before
{Heap before GC invocations=12 (full 0):
 garbage-first heap   total 81920K, used 59856K [0x0000000703600000, 0x0000000800000000)
  region size 2048K, 18 young (36864K), 2 survivors (4096K)
 Metaspace       used 37000K, committed 37504K, reserved 1114112K
  class space    used 5378K, committed 5632K, reserved 1048576K
}
Event: 5.535 GC heap after
{Heap after GC invocations=13 (full 0):
 garbage-first heap   total 122880K, used 33076K [0x0000000703600000, 0x0000000800000000)
  region size 2048K, 3 young (6144K), 3 survivors (6144K)
 Metaspace       used 37000K, committed 37504K, reserved 1114112K
  class space    used 5378K, committed 5632K, reserved 1048576K
}
Event: 6.721 GC heap before
{Heap before GC invocations=13 (full 0):
 garbage-first heap   total 122880K, used 92468K [0x0000000703600000, 0x0000000800000000)
  region size 2048K, 32 young (65536K), 3 survivors (6144K)
 Metaspace       used 45592K, committed 46144K, reserved 1114112K
  class space    used 6729K, committed 6976K, reserved 1048576K
}
Event: 6.724 GC heap after
{Heap after GC invocations=14 (full 0):
 garbage-first heap   total 122880K, used 36064K [0x0000000703600000, 0x0000000800000000)
  region size 2048K, 4 young (8192K), 4 survivors (8192K)
 Metaspace       used 45592K, committed 46144K, reserved 1114112K
  class space    used 6729K, committed 6976K, reserved 1048576K
}
Event: 7.934 GC heap before
{Heap before GC invocations=14 (full 0):
 garbage-first heap   total 122880K, used 93408K [0x0000000703600000, 0x0000000800000000)
  region size 2048K, 32 young (65536K), 4 survivors (8192K)
 Metaspace       used 59311K, committed 59904K, reserved 1114112K
  class space    used 8627K, committed 8896K, reserved 1048576K
}
Event: 7.938 GC heap after
{Heap after GC invocations=15 (full 0):
 garbage-first heap   total 122880K, used 39681K [0x0000000703600000, 0x0000000800000000)
  region size 2048K, 4 young (8192K), 4 survivors (8192K)
 Metaspace       used 59311K, committed 59904K, reserved 1114112K
  class space    used 8627K, committed 8896K, reserved 1048576K
}
Event: 8.021 GC heap before
{Heap before GC invocations=15 (full 0):
 garbage-first heap   total 122880K, used 43777K [0x0000000703600000, 0x0000000800000000)
  region size 2048K, 7 young (14336K), 4 survivors (8192K)
 Metaspace       used 60247K, committed 60800K, reserved 1114112K
  class space    used 8808K, committed 9088K, reserved 1048576K
}
Event: 8.024 GC heap after
{Heap after GC invocations=16 (full 0):
 garbage-first heap   total 122880K, used 40310K [0x0000000703600000, 0x0000000800000000)
  region size 2048K, 3 young (6144K), 3 survivors (6144K)
 Metaspace       used 60247K, committed 60800K, reserved 1114112K
  class space    used 8808K, committed 9088K, reserved 1048576K
}
Event: 8.997 GC heap before
{Heap before GC invocations=17 (full 0):
 garbage-first heap   total 122880K, used 95606K [0x0000000703600000, 0x0000000800000000)
  region size 2048K, 30 young (61440K), 3 survivors (6144K)
 Metaspace       used 68342K, committed 68992K, reserved 1114112K
  class space    used 10016K, committed 10304K, reserved 1048576K
}
Event: 9.001 GC heap after
{Heap after GC invocations=18 (full 0):
 garbage-first heap   total 122880K, used 43357K [0x0000000703600000, 0x0000000800000000)
  region size 2048K, 4 young (8192K), 4 survivors (8192K)
 Metaspace       used 68342K, committed 68992K, reserved 1114112K
  class space    used 10016K, committed 10304K, reserved 1048576K
}
Event: 11.275 GC heap before
{Heap before GC invocations=18 (full 0):
 garbage-first heap   total 122880K, used 96605K [0x0000000703600000, 0x0000000800000000)
  region size 2048K, 30 young (61440K), 4 survivors (8192K)
 Metaspace       used 71866K, committed 72512K, reserved 1114112K
  class space    used 10589K, committed 10880K, reserved 1048576K
}
Event: 11.280 GC heap after
{Heap after GC invocations=19 (full 0):
 garbage-first heap   total 122880K, used 46746K [0x0000000703600000, 0x0000000800000000)
  region size 2048K, 4 young (8192K), 4 survivors (8192K)
 Metaspace       used 71866K, committed 72512K, reserved 1114112K
  class space    used 10589K, committed 10880K, reserved 1048576K
}
Event: 13.201 GC heap before
{Heap before GC invocations=19 (full 0):
 garbage-first heap   total 122880K, used 97946K [0x0000000703600000, 0x0000000800000000)
  region size 2048K, 29 young (59392K), 4 survivors (8192K)
 Metaspace       used 78030K, committed 78720K, reserved 1179648K
  class space    used 11537K, committed 11904K, reserved 1048576K
}
Event: 13.207 GC heap after
{Heap after GC invocations=20 (full 0):
 garbage-first heap   total 122880K, used 51200K [0x0000000703600000, 0x0000000800000000)
  region size 2048K, 4 young (8192K), 4 survivors (8192K)
 Metaspace       used 78030K, committed 78720K, reserved 1179648K
  class space    used 11537K, committed 11904K, reserved 1048576K
}
Event: 801.170 GC heap before
{Heap before GC invocations=20 (full 0):
 garbage-first heap   total 122880K, used 98304K [0x0000000703600000, 0x0000000800000000)
  region size 2048K, 27 young (55296K), 4 survivors (8192K)
 Metaspace       used 81113K, committed 81856K, reserved 1179648K
  class space    used 11981K, committed 12352K, reserved 1048576K
}
Event: 801.197 GC heap after
{Heap after GC invocations=21 (full 0):
 garbage-first heap   total 122880K, used 52840K [0x0000000703600000, 0x0000000800000000)
  region size 2048K, 1 young (2048K), 1 survivors (2048K)
 Metaspace       used 81113K, committed 81856K, reserved 1179648K
  class space    used 11981K, committed 12352K, reserved 1048576K
}
Event: 2043.197 GC heap before
{Heap before GC invocations=21 (full 0):
 garbage-first heap   total 122880K, used 95848K [0x0000000703600000, 0x0000000800000000)
  region size 2048K, 23 young (47104K), 1 survivors (2048K)
 Metaspace       used 81286K, committed 81984K, reserved 1179648K
  class space    used 12017K, committed 12352K, reserved 1048576K
}

Dll operation events (14 events):
Event: 0.011 Loaded shared library C:\Program Files\Eclipse Adoptium\jdk-17.0.17.10-hotspot\bin\java.dll
Event: 0.028 Loaded shared library C:\Program Files\Eclipse Adoptium\jdk-17.0.17.10-hotspot\bin\jsvml.dll
Event: 0.135 Loaded shared library C:\Program Files\Eclipse Adoptium\jdk-17.0.17.10-hotspot\bin\zip.dll
Event: 0.137 Loaded shared library C:\Program Files\Eclipse Adoptium\jdk-17.0.17.10-hotspot\bin\instrument.dll
Event: 0.143 Loaded shared library C:\Program Files\Eclipse Adoptium\jdk-17.0.17.10-hotspot\bin\net.dll
Event: 0.145 Loaded shared library C:\Program Files\Eclipse Adoptium\jdk-17.0.17.10-hotspot\bin\nio.dll
Event: 0.149 Loaded shared library C:\Program Files\Eclipse Adoptium\jdk-17.0.17.10-hotspot\bin\zip.dll
Event: 0.247 Loaded shared library C:\Program Files\JetBrains\IntelliJ IDEA 2024.2.1\bin\breakgen64.dll
Event: 0.251 Loaded shared library C:\Program Files\Eclipse Adoptium\jdk-17.0.17.10-hotspot\bin\jimage.dll
Event: 0.258 Loaded shared library C:\Program Files\Eclipse Adoptium\jdk-17.0.17.10-hotspot\bin\extnet.dll
Event: 0.267 Loaded shared library C:\Program Files\Eclipse Adoptium\jdk-17.0.17.10-hotspot\bin\management.dll
Event: 0.277 Loaded shared library C:\Program Files\Eclipse Adoptium\jdk-17.0.17.10-hotspot\bin\management_ext.dll
Event: 3.184 Loaded shared library C:\Program Files\Eclipse Adoptium\jdk-17.0.17.10-hotspot\bin\sunmscapi.dll
Event: 13.160 Loaded shared library C:\Program Files\Eclipse Adoptium\jdk-17.0.17.10-hotspot\bin\verify.dll

Deoptimization events (18 events):
Event: 6.071 Thread 0x000001a3f76dcd00 DEOPT PACKING pc=0x000001a3a250be1f sp=0x0000004201eff2e0
Event: 6.071 Thread 0x000001a3f76dcd00 DEOPT UNPACKING pc=0x000001a3a200ace3 sp=0x0000004201efe738 mode 3
Event: 13.499 Thread 0x000001a3f7546ec0 DEOPT PACKING pc=0x000001a3a2bc6eac sp=0x0000004202bfc9a0
Event: 13.499 Thread 0x000001a3f7546ec0 DEOPT UNPACKING pc=0x000001a3a200ace3 sp=0x0000004202bfbe48 mode 0
Event: 15.202 Thread 0x000001a3f97980a0 DEOPT PACKING pc=0x000001a3a2cb2da4 sp=0x0000004202afcb30
Event: 15.202 Thread 0x000001a3f97980a0 DEOPT UNPACKING pc=0x000001a3a200ace3 sp=0x0000004202afbff8 mode 0
Event: 15.252 Thread 0x000001a3f97980a0 DEOPT PACKING pc=0x000001a3a2c5ed34 sp=0x0000004202afd850
Event: 15.252 Thread 0x000001a3f97980a0 DEOPT UNPACKING pc=0x000001a3a200ace3 sp=0x0000004202afcd58 mode 0
Event: 15.255 Thread 0x000001a3f97980a0 DEOPT PACKING pc=0x000001a3a2c5b43c sp=0x0000004202afd930
Event: 15.255 Thread 0x000001a3f97980a0 DEOPT UNPACKING pc=0x000001a3a200ace3 sp=0x0000004202afce00 mode 0
Event: 15.258 Thread 0x000001a3f97980a0 DEOPT PACKING pc=0x000001a3a2c5eeb4 sp=0x0000004202afe050
Event: 15.258 Thread 0x000001a3f97980a0 DEOPT UNPACKING pc=0x000001a3a200ace3 sp=0x0000004202afd558 mode 0
Event: 15.258 Thread 0x000001a3f97980a0 DEOPT PACKING pc=0x000001a3a2c5b43c sp=0x0000004202afe130
Event: 15.258 Thread 0x000001a3f97980a0 DEOPT UNPACKING pc=0x000001a3a200ace3 sp=0x0000004202afd600 mode 0
Event: 15.258 Thread 0x000001a3f97980a0 DEOPT PACKING pc=0x000001a3a2c5eeb4 sp=0x0000004202afe4b0
Event: 15.258 Thread 0x000001a3f97980a0 DEOPT UNPACKING pc=0x000001a3a200ace3 sp=0x0000004202afd9b8 mode 0
Event: 15.258 Thread 0x000001a3f97980a0 DEOPT PACKING pc=0x000001a3a2c5b43c sp=0x0000004202afe590
Event: 15.258 Thread 0x000001a3f97980a0 DEOPT UNPACKING pc=0x000001a3a200ace3 sp=0x0000004202afda60 mode 0

Classes loaded (20 events):
Event: 15.200 Loading class jdk/internal/vm/annotation/ForceInline
Event: 15.200 Loading class jdk/internal/vm/annotation/ForceInline done
Event: 15.231 Loading class java/util/concurrent/locks/ReentrantReadWriteLock$Sync$HoldCounter
Event: 15.231 Loading class java/util/concurrent/locks/ReentrantReadWriteLock$Sync$HoldCounter done
Event: 15.237 Loading class java/time/Instant$1
Event: 15.237 Loading class java/time/Instant$1 done
Event: 22.955 Loading class java/util/concurrent/ConcurrentLinkedQueue$Itr
Event: 22.955 Loading class java/util/concurrent/ConcurrentLinkedQueue$Itr done
Event: 1414.361 Loading class javax/crypto/NoSuchPaddingException
Event: 1414.362 Loading class javax/crypto/NoSuchPaddingException done
Event: 1414.362 Loading class javax/crypto/IllegalBlockSizeException
Event: 1414.362 Loading class javax/crypto/IllegalBlockSizeException done
Event: 1414.362 Loading class javax/crypto/BadPaddingException
Event: 1414.362 Loading class javax/crypto/BadPaddingException done
Event: 2037.574 Loading class java/util/concurrent/locks/AbstractQueuedSynchronizer$SharedNode
Event: 2037.574 Loading class java/util/concurrent/locks/AbstractQueuedSynchronizer$SharedNode done
Event: 2040.115 Loading class javax/management/NotificationBroadcasterSupport$WildcardListenerInfo
Event: 2040.115 Loading class javax/management/NotificationBroadcasterSupport$WildcardListenerInfo done
Event: 2043.192 Loading class java/util/WeakHashMap$KeyIterator
Event: 2043.192 Loading class java/util/WeakHashMap$KeyIterator done

Classes unloaded (0 events):
No events

Classes redefined (0 events):
No events

Internal exceptions (20 events):
Event: 9.594 Thread 0x000001a3f76dbdd0 Exception <a 'java/lang/reflect/InvocationTargetException'{0x0000000709e5f790}> (0x0000000709e5f790) 
thrown [s\src\hotspot\share\runtime\reflection.cpp, line 1128]
Event: 11.091 Thread 0x000001a3f7546ec0 Exception <a 'java/lang/NoSuchMethodError'{0x000000070859e450}: 'java.lang.Object java.lang.invoke.DirectMethodHandle$Holder.invokeInterface(java.lang.Object, java.lang.Object, java.lang.Object, java.lang.Object)'> (0x000000070859e450) 
thrown [s\src\hotspot\share\interpreter\linkResolver.cpp, line 759]
Event: 11.209 Thread 0x000001a3f7546ec0 Exception <a 'java/lang/NoSuchMethodError'{0x0000000707f82ac0}: 'int java.lang.invoke.DirectMethodHandle$Holder.invokeStaticInit(java.lang.Object, java.lang.Object, java.lang.Object, java.lang.Object)'> (0x0000000707f82ac0) 
thrown [s\src\hotspot\share\interpreter\linkResolver.cpp, line 759]
Event: 11.267 Thread 0x000001a3f7546ec0 Exception <a 'java/lang/IncompatibleClassChangeError'{0x0000000707b30f90}: Found class java.lang.Object, but interface was expected> (0x0000000707b30f90) 
thrown [s\src\hotspot\share\interpreter\linkResolver.cpp, line 826]
Event: 11.392 Thread 0x000001a3f7546ec0 Exception <a 'java/lang/NoSuchMethodError'{0x0000000710d00f48}: 'double java.lang.invoke.DirectMethodHandle$Holder.invokeStatic(java.lang.Object, java.lang.Object)'> (0x0000000710d00f48) 
thrown [s\src\hotspot\share\interpreter\linkResolver.cpp, line 759]
Event: 11.466 Thread 0x000001a3f7546ec0 Exception <a 'java/lang/NoSuchMethodError'{0x000000071094f6b0}: 'java.lang.Object java.lang.invoke.DirectMethodHandle$Holder.invokeSpecial(java.lang.Object, java.lang.Object, java.lang.Object, java.lang.Object, java.lang.Object, java.lang.Object, java.lang.Object, java.lang.Object, java.lang.Object, java.lang.Object, java.lang.Object)'> (0x000000071094f6b0) 
thrown [s\src\hotspot\share\interpreter\linkResolver.cpp, line 759]
Event: 11.466 Thread 0x000001a3f7546ec0 Exception <a 'java/lang/NoSuchMethodError'{0x0000000710953ae0}: 'java.lang.Object java.lang.invoke.Invokers$Holder.invoke_MT(java.lang.Object, java.lang.Object, java.lang.Object, java.lang.Object, java.lang.Object, java.lang.Object, java.lang.Object, java.lang.Object, java.lang.Object, java.lang.Object, java.lang.Object)'> (0x0000000710953ae0) 
thrown [s\src\hotspot\share\interpreter\linkResolver.cpp, line 759]
Event: 12.788 Thread 0x000001a3f7546ec0 Exception <a 'java/lang/IncompatibleClassChangeError'{0x000000070988e170}: Found class java.lang.Object, but interface was expected> (0x000000070988e170) 
thrown [s\src\hotspot\share\interpreter\linkResolver.cpp, line 826]
Event: 12.829 Thread 0x000001a3f7546ec0 Exception <a 'java/lang/IncompatibleClassChangeError'{0x00000007097ee950}: Found class java.lang.Object, but interface was expected> (0x00000007097ee950) 
thrown [s\src\hotspot\share\interpreter\linkResolver.cpp, line 826]
Event: 12.874 Thread 0x000001a3f7546ec0 Exception <a 'java/lang/NoSuchMethodError'{0x000000070924c030}: 'void java.lang.invoke.DirectMethodHandle$Holder.invokeStatic(java.lang.Object, java.lang.Object, double)'> (0x000000070924c030) 
thrown [s\src\hotspot\share\interpreter\linkResolver.cpp, line 759]
Event: 12.880 Thread 0x000001a3f7546ec0 Exception <a 'java/lang/NoSuchMethodError'{0x00000007092a0228}: 'double java.lang.invoke.DirectMethodHandle$Holder.invokeStatic(java.lang.Object, java.lang.Object, java.lang.Object)'> (0x00000007092a0228) 
thrown [s\src\hotspot\share\interpreter\linkResolver.cpp, line 759]
Event: 12.900 Thread 0x000001a3f7546ec0 Exception <a 'java/lang/IncompatibleClassChangeError'{0x00000007093ba368}: Found class java.lang.Object, but interface was expected> (0x00000007093ba368) 
thrown [s\src\hotspot\share\interpreter\linkResolver.cpp, line 826]
Event: 12.906 Thread 0x000001a3f7546ec0 Exception <a 'java/lang/NoSuchMethodError'{0x00000007093f52b8}: 'java.lang.Object java.lang.invoke.DirectMethodHandle$Holder.newInvokeSpecial(java.lang.Object, java.lang.Object, int, java.lang.Object, java.lang.Object)'> (0x00000007093f52b8) 
thrown [s\src\hotspot\share\interpreter\linkResolver.cpp, line 759]
Event: 12.936 Thread 0x000001a3f7546ec0 Exception <a 'java/lang/NoSuchMethodError'{0x00000007091b79c8}: 'double java.lang.invoke.DirectMethodHandle$Holder.invokeVirtual(java.lang.Object, java.lang.Object)'> (0x00000007091b79c8) 
thrown [s\src\hotspot\share\interpreter\linkResolver.cpp, line 759]
Event: 12.976 Thread 0x000001a3f7546ec0 Exception <a 'sun/nio/fs/WindowsException'{0x0000000708fc5c40}> (0x0000000708fc5c40) 
thrown [s\src\hotspot\share\prims\jni.cpp, line 516]
Event: 13.049 Thread 0x000001a3f7546ec0 Exception <a 'java/lang/NoSuchMethodError'{0x0000000708415d70}: 'java.lang.Object java.lang.invoke.DirectMethodHandle$Holder.invokeStatic(java.lang.Object, java.lang.Object, java.lang.Object, java.lang.Object, int, java.lang.Object, java.lang.Object)'> (0x0000000708415d70) 
thrown [s\src\hotspot\share\interpreter\linkResolver.cpp, line 759]
Event: 13.090 Thread 0x000001a3f7546ec0 Exception <a 'java/lang/NoSuchMethodError'{0x00000007082616c8}: 'java.lang.Object java.lang.invoke.DirectMethodHandle$Holder.newInvokeSpecial(java.lang.Object, int, int, int)'> (0x00000007082616c8) 
thrown [s\src\hotspot\share\interpreter\linkResolver.cpp, line 759]
Event: 13.217 Thread 0x000001a3b1a449a0 Exception <a 'java/lang/NoSuchMethodError'{0x000000071330eb18}: 'long java.lang.invoke.DirectMethodHandle$Holder.invokeStatic(java.lang.Object, java.lang.Object, java.lang.Object)'> (0x000000071330eb18) 
thrown [s\src\hotspot\share\interpreter\linkResolver.cpp, line 759]
Event: 13.462 Thread 0x000001a3f7546ec0 Exception <a 'java/lang/NoSuchMethodError'{0x0000000710c25090}: 'java.lang.Object java.lang.invoke.DirectMethodHandle$Holder.invokeStatic(java.lang.Object, int, int)'> (0x0000000710c25090) 
thrown [s\src\hotspot\share\interpreter\linkResolver.cpp, line 759]
Event: 2043.195 Thread 0x000001a3f76da990 Exception <a 'java/lang/InterruptedException'{0x00000007082adcd0}: sleep interrupted> (0x00000007082adcd0) 
thrown [s\src\hotspot\share\prims\jvm.cpp, line 3064]

VM Operations (20 events):
Event: 1665.761 Executing VM operation: Cleanup done
Event: 1715.291 Executing VM operation: Cleanup
Event: 1715.291 Executing VM operation: Cleanup done
Event: 1725.425 Executing VM operation: Cleanup
Event: 1725.425 Executing VM operation: Cleanup done
Event: 1785.988 Executing VM operation: Cleanup
Event: 1785.988 Executing VM operation: Cleanup done
Event: 1965.398 Executing VM operation: Cleanup
Event: 1965.398 Executing VM operation: Cleanup done
Event: 1995.588 Executing VM operation: Cleanup
Event: 1995.589 Executing VM operation: Cleanup done
Event: 2034.871 Executing VM operation: Cleanup
Event: 2034.872 Executing VM operation: Cleanup done
Event: 2037.884 Executing VM operation: Cleanup
Event: 2038.587 Executing VM operation: Cleanup done
Event: 2039.589 Executing VM operation: Cleanup
Event: 2039.589 Executing VM operation: Cleanup done
Event: 2040.593 Executing VM operation: Cleanup
Event: 2040.593 Executing VM operation: Cleanup done
Event: 2043.196 Executing VM operation: G1CollectFull

Memory protections (0 events):
No events

Nmethod flushes (0 events):
No events

Events (20 events):
Event: 2040.100 Thread 0x000001a3f9795820 Thread exited: 0x000001a3f9795820
Event: 2040.100 Thread 0x000001a3f9792fa0 Thread exited: 0x000001a3f9792fa0
Event: 2040.100 Thread 0x000001a3f97934b0 Thread exited: 0x000001a3f97934b0
Event: 2040.100 Thread 0x000001a3f9795310 Thread exited: 0x000001a3f9795310
Event: 2040.100 Thread 0x000001a3f9796240 Thread exited: 0x000001a3f9796240
Event: 2040.100 Thread 0x000001a3f9792a90 Thread exited: 0x000001a3f9792a90
Event: 2040.101 Thread 0x000001a3f9792580 Thread exited: 0x000001a3f9792580
Event: 2040.140 Thread 0x000001a3f9797170 Thread added: 0x000001a3f9795310
Event: 2040.140 Thread 0x000001a3f76dd720 Thread exited: 0x000001a3f76dd720
Event: 2040.142 Thread 0x000001a3f9795310 Thread exited: 0x000001a3f9795310
Event: 2043.151 Thread 0x000001a3f9794e00 Thread exited: 0x000001a3f9794e00
Event: 2043.151 Thread 0x000001a3f97994e0 Thread exited: 0x000001a3f97994e0
Event: 2043.151 Thread 0x000001a3f97948f0 Thread exited: 0x000001a3f97948f0
Event: 2043.151 Thread 0x000001a3f9797680 Thread exited: 0x000001a3f9797680
Event: 2043.151 Thread 0x000001a3f9792070 Thread exited: 0x000001a3f9792070
Event: 2043.171 Thread 0x000001a3f9793ed0 Thread exited: 0x000001a3f9793ed0
Event: 2043.171 Thread 0x000001a3f9796c60 Thread exited: 0x000001a3f9796c60
Event: 2043.194 Thread 0x000001a3f76dc2e0 Thread exited: 0x000001a3f76dc2e0
Event: 2043.194 Thread 0x000001a3f76dcd00 Thread exited: 0x000001a3f76dcd00
Event: 2043.195 Thread 0x000001a3f76da990 Thread exited: 0x000001a3f76da990


Dynamic libraries:
0x00007ff7f1960000 - 0x00007ff7f196e000 	C:\Program Files\Eclipse Adoptium\jdk-17.0.17.10-hotspot\bin\java.exe
0x00007ff97d940000 - 0x00007ff97dba8000 	C:\WINDOWS\SYSTEM32\ntdll.dll
0x00007ff97c1c0000 - 0x00007ff97c289000 	C:\WINDOWS\System32\KERNEL32.DLL
0x00007ff97a4d0000 - 0x00007ff97a8c1000 	C:\WINDOWS\System32\KERNELBASE.dll
0x00007ff97a350000 - 0x00007ff97a49b000 	C:\WINDOWS\System32\ucrtbase.dll
0x00007ff96b9c0000 - 0x00007ff96b9de000 	C:\Program Files\Eclipse Adoptium\jdk-17.0.17.10-hotspot\bin\VCRUNTIME140.dll
0x00007ff976f90000 - 0x00007ff976fa8000 	C:\Program Files\Eclipse Adoptium\jdk-17.0.17.10-hotspot\bin\jli.dll
0x00007ff97ce00000 - 0x00007ff97cfc6000 	C:\WINDOWS\System32\USER32.dll
0x00007ff95a400000 - 0x00007ff95a693000 	C:\WINDOWS\WinSxS\amd64_microsoft.windows.common-controls_6595b64144ccf1df_6.0.26100.7824_none_3e0870b2e3345462\COMCTL32.dll
0x00007ff97a4a0000 - 0x00007ff97a4c7000 	C:\WINDOWS\System32\win32u.dll
0x00007ff97c7e0000 - 0x00007ff97c889000 	C:\WINDOWS\System32\msvcrt.dll
0x00007ff97d730000 - 0x00007ff97d75b000 	C:\WINDOWS\System32\GDI32.dll
0x00007ff97a220000 - 0x00007ff97a34b000 	C:\WINDOWS\System32\gdi32full.dll
0x00007ff97a8d0000 - 0x00007ff97a973000 	C:\WINDOWS\System32\msvcp_win.dll
0x00007ff97cfd0000 - 0x00007ff97d001000 	C:\WINDOWS\System32\IMM32.DLL
0x00007ff975320000 - 0x00007ff97532c000 	C:\Program Files\Eclipse Adoptium\jdk-17.0.17.10-hotspot\bin\vcruntime140_1.dll
0x00007ff93f390000 - 0x00007ff93f41d000 	C:\Program Files\Eclipse Adoptium\jdk-17.0.17.10-hotspot\bin\msvcp140.dll
0x00007ff8f4520000 - 0x00007ff8f518b000 	C:\Program Files\Eclipse Adoptium\jdk-17.0.17.10-hotspot\bin\server\jvm.dll
0x00007ff97d5a0000 - 0x00007ff97d654000 	C:\WINDOWS\System32\ADVAPI32.dll
0x00007ff97d1f0000 - 0x00007ff97d296000 	C:\WINDOWS\System32\sechost.dll
0x00007ff97c040000 - 0x00007ff97c158000 	C:\WINDOWS\System32\RPCRT4.dll
0x00007ff97d880000 - 0x00007ff97d8f4000 	C:\WINDOWS\System32\WS2_32.dll
0x00007ff97a080000 - 0x00007ff97a0de000 	C:\WINDOWS\SYSTEM32\POWRPROF.dll
0x00007ff971ad0000 - 0x00007ff971b05000 	C:\WINDOWS\SYSTEM32\WINMM.dll
0x00007ff966360000 - 0x00007ff96636b000 	C:\WINDOWS\SYSTEM32\VERSION.dll
0x00007ff97a060000 - 0x00007ff97a074000 	C:\WINDOWS\SYSTEM32\UMPDC.dll
0x00007ff978fc0000 - 0x00007ff978fdb000 	C:\WINDOWS\SYSTEM32\kernel.appcore.dll
0x00007ff975280000 - 0x00007ff97528a000 	C:\Program Files\Eclipse Adoptium\jdk-17.0.17.10-hotspot\bin\jimage.dll
0x00007ff975680000 - 0x00007ff9758c2000 	C:\WINDOWS\SYSTEM32\DBGHELP.DLL
0x00007ff97c440000 - 0x00007ff97c7c6000 	C:\WINDOWS\System32\combase.dll
0x00007ff97c890000 - 0x00007ff97c967000 	C:\WINDOWS\System32\OLEAUT32.dll
0x00007ff955b90000 - 0x00007ff955bcb000 	C:\WINDOWS\SYSTEM32\dbgcore.DLL
0x00007ff97ac50000 - 0x00007ff97acf5000 	C:\WINDOWS\System32\bcryptPrimitives.dll
0x00007ff975270000 - 0x00007ff97527e000 	C:\Program Files\Eclipse Adoptium\jdk-17.0.17.10-hotspot\bin\instrument.dll
0x00007ff965180000 - 0x00007ff9651a5000 	C:\Program Files\Eclipse Adoptium\jdk-17.0.17.10-hotspot\bin\java.dll
0x00007ff930480000 - 0x00007ff930557000 	C:\Program Files\Eclipse Adoptium\jdk-17.0.17.10-hotspot\bin\jsvml.dll
0x00007ff97b860000 - 0x00007ff97bfb2000 	C:\WINDOWS\System32\SHELL32.dll
0x00007ff97ad00000 - 0x00007ff97ae6a000 	C:\WINDOWS\System32\wintypes.dll
0x00007ff97ae70000 - 0x00007ff97b6d3000 	C:\WINDOWS\System32\windows.storage.dll
0x00007ff97d760000 - 0x00007ff97d856000 	C:\WINDOWS\System32\SHCORE.dll
0x00007ff97bfc0000 - 0x00007ff97c027000 	C:\WINDOWS\System32\shlwapi.dll
0x00007ff97a140000 - 0x00007ff97a169000 	C:\WINDOWS\SYSTEM32\profapi.dll
0x00007ff95eab0000 - 0x00007ff95eac8000 	C:\Program Files\Eclipse Adoptium\jdk-17.0.17.10-hotspot\bin\zip.dll
0x00007ff968a70000 - 0x00007ff968a8a000 	C:\Program Files\Eclipse Adoptium\jdk-17.0.17.10-hotspot\bin\net.dll
0x00007ff96c100000 - 0x00007ff96c227000 	C:\WINDOWS\SYSTEM32\WINHTTP.dll
0x00007ff979530000 - 0x00007ff97959b000 	C:\WINDOWS\system32\mswsock.dll
0x00007ff964b40000 - 0x00007ff964b56000 	C:\Program Files\Eclipse Adoptium\jdk-17.0.17.10-hotspot\bin\nio.dll
0x00007ff95fea0000 - 0x00007ff95feba000 	C:\Program Files\JetBrains\IntelliJ IDEA 2024.2.1\bin\breakgen64.dll
0x00007ff978a90000 - 0x00007ff978bbc000 	C:\WINDOWS\SYSTEM32\DNSAPI.dll
0x00007ff978a50000 - 0x00007ff978a84000 	C:\WINDOWS\SYSTEM32\IPHLPAPI.DLL
0x00007ff97c7d0000 - 0x00007ff97c7da000 	C:\WINDOWS\System32\NSI.dll
0x00007ff960380000 - 0x00007ff960389000 	C:\Program Files\Eclipse Adoptium\jdk-17.0.17.10-hotspot\bin\extnet.dll
0x00007ff969620000 - 0x00007ff96962b000 	C:\Windows\System32\rasadhlp.dll
0x00007ff971460000 - 0x00007ff9714e6000 	C:\WINDOWS\System32\fwpuclnt.dll
0x00007ff95eaa0000 - 0x00007ff95eaaa000 	C:\Program Files\Eclipse Adoptium\jdk-17.0.17.10-hotspot\bin\management.dll
0x00007ff95ea90000 - 0x00007ff95ea9c000 	C:\Program Files\Eclipse Adoptium\jdk-17.0.17.10-hotspot\bin\management_ext.dll
0x00007ff97c430000 - 0x00007ff97c438000 	C:\WINDOWS\System32\PSAPI.DLL
0x00007ff979800000 - 0x00007ff97981b000 	C:\WINDOWS\SYSTEM32\CRYPTSP.dll
0x00007ff978f20000 - 0x00007ff978f59000 	C:\WINDOWS\system32\rsaenh.dll
0x00007ff9795e0000 - 0x00007ff97960b000 	C:\WINDOWS\SYSTEM32\USERENV.dll
0x00007ff97a110000 - 0x00007ff97a13a000 	C:\WINDOWS\SYSTEM32\bcrypt.dll
0x00007ff979820000 - 0x00007ff97982c000 	C:\WINDOWS\SYSTEM32\CRYPTBASE.dll
0x00007ff96cf40000 - 0x00007ff96cf5e000 	C:\WINDOWS\SYSTEM32\dhcpcsvc6.DLL
0x00007ff96cf10000 - 0x00007ff96cf33000 	C:\WINDOWS\SYSTEM32\dhcpcsvc.DLL
0x00007ff9524c0000 - 0x00007ff9524d8000 	C:\WINDOWS\system32\napinsp.dll
0x00007ff952510000 - 0x00007ff952522000 	C:\WINDOWS\System32\winrnr.dll
0x00007ff9524e0000 - 0x00007ff952502000 	C:\WINDOWS\system32\nlansp_c.dll
0x00007ff96ae50000 - 0x00007ff96ae66000 	C:\WINDOWS\system32\wshbth.dll
0x00007ff95e920000 - 0x00007ff95e92e000 	C:\Program Files\Eclipse Adoptium\jdk-17.0.17.10-hotspot\bin\sunmscapi.dll
0x00007ff97aa40000 - 0x00007ff97abb7000 	C:\WINDOWS\System32\CRYPT32.dll
0x00007ff979a20000 - 0x00007ff979a50000 	C:\WINDOWS\SYSTEM32\ncrypt.dll
0x00007ff9799d0000 - 0x00007ff979a0f000 	C:\WINDOWS\SYSTEM32\NTASN1.dll
0x00007ff965370000 - 0x00007ff965380000 	C:\Program Files\Eclipse Adoptium\jdk-17.0.17.10-hotspot\bin\verify.dll
0x00007ff94caf0000 - 0x00007ff94caf8000 	C:\WINDOWS\system32\wshunix.dll

dbghelp: loaded successfully - version: 4.0.5 - missing functions: none
symbol engine: initialized successfully - sym options: 0x614 - pdb path: .;C:\Program Files\Eclipse Adoptium\jdk-17.0.17.10-hotspot\bin;C:\WINDOWS\SYSTEM32;C:\WINDOWS\WinSxS\amd64_microsoft.windows.common-controls_6595b64144ccf1df_6.0.26100.7824_none_3e0870b2e3345462;C:\Program Files\Eclipse Adoptium\jdk-17.0.17.10-hotspot\bin\server;C:\Program Files\JetBrains\IntelliJ IDEA 2024.2.1\bin

VM Arguments:
jvm_args: -XX:TieredStopAtLevel=1 -Dspring.output.ansi.enabled=always -Dcom.sun.management.jmxremote -Dspring.jmx.enabled=true -Dspring.liveBeansView.mbeanDomain -Dspring.application.admin.enabled=true -Dmanagement.endpoints.jmx.exposure.include=* -javaagent:C:\Program Files\JetBrains\IntelliJ IDEA 2024.2.1\lib\idea_rt.jar=49191:C:\Program Files\JetBrains\IntelliJ IDEA 2024.2.1\bin -Dfile.encoding=UTF-8 
java_command: com.neuroguard.userservice.UserServiceApplication
java_class_path (initial): C:\Users\LENOVO\Desktop\NeuroGuard\user-service\target\classes;C:\Users\LENOVO\.m2\repository\org\projectlombok\lombok\1.18.24\lombok-1.18.24.jar;C:\Users\LENOVO\.m2\repository\com\auth0\java-jwt\3.18.2\java-jwt-3.18.2.jar;C:\Users\LENOVO\.m2\repository\com\fasterxml\jackson\core\jackson-databind\2.19.4\jackson-databind-2.19.4.jar;C:\Users\LENOVO\.m2\repository\com\fasterxml\jackson\core\jackson-annotations\2.19.4\jackson-annotations-2.19.4.jar;C:\Users\LENOVO\.m2\repository\com\fasterxml\jackson\core\jackson-core\2.19.4\jackson-core-2.19.4.jar;C:\Users\LENOVO\.m2\repository\org\springframework\boot\spring-boot-starter-actuator\3.5.11\spring-boot-starter-actuator-3.5.11.jar;C:\Users\LENOVO\.m2\repository\org\springframework\boot\spring-boot-starter\3.5.11\spring-boot-starter-3.5.11.jar;C:\Users\LENOVO\.m2\repository\org\springframework\boot\spring-boot-starter-logging\3.5.11\spring-boot-starter-logging-3.5.11.jar;C:\Users\LENOVO\.m2\repository\ch\qos\logback\logback-classic\1.5.32\logback-classic-1.5.32.jar;C:\Users\LENOVO\.m2\repository\ch\qos\logback\logback-core\1.5.32\logback-core-1.5.32.jar;C:\Users\LENOVO\.m2\repository\org\apache\logging\log4j\log4j-to-slf4j\2.24.3\log4j-to-slf4j-2.24.3.jar;C:\Users\LENOVO\.m2\repository\org\apache\logging\log4j\log4j-api\2.24.3\log4j-api-2.24.3.jar;C:\Users\LENOVO\.m2\repository\org\slf4j\jul-to-slf4j\2.0.17\jul-to-slf4j-2.0.17.jar;C:\Users\LENOVO\.m2\repository\jakarta\annotation\jakarta.annotation-api\2.1.1\jakarta.annotation-api-2.1.1.jar;C:\Users\LENOVO\.m2\repository\org\yaml\snakeyaml\2.4\snakeyaml-2.4.jar;C:\Users\LENOVO\.m2\repository\org\springframework\boot\spring-boot-actuator-autoconfigure\3.5.11\spring-boot-actuator-autoconfigure-3.5.11.jar;C:\Users\LENOVO\.m2\repository\org\springframework\boot\spring-boot-actuator\3.5.11\spring-boot-actuator-3.5.11.jar;C:\Users\LENOVO\.m2\repository\com\fasterxml\jackson\datatype\jackson-datatype-jsr310\2.19.4\jackson-datatype-jsr310-2.19.4.jar;C:\
Launcher Type: SUN_STANDARD

[Global flags]
     intx CICompilerCount                          = 4                                         {product} {ergonomic}
     uint ConcGCThreads                            = 2                                         {product} {ergonomic}
     uint G1ConcRefinementThreads                  = 8                                         {product} {ergonomic}
   size_t G1HeapRegionSize                         = 2097152                                   {product} {ergonomic}
    uintx GCDrainStackTargetSize                   = 64                                        {product} {ergonomic}
   size_t InitialHeapSize                          = 266338304                                 {product} {ergonomic}
     bool ManagementServer                         = true                                      {product} {command line}
   size_t MarkStackSize                            = 4194304                                   {product} {ergonomic}
   size_t MaxHeapSize                              = 4238344192                                {product} {ergonomic}
   size_t MaxNewSize                               = 2541748224                                {product} {ergonomic}
   size_t MinHeapDeltaBytes                        = 2097152                                   {product} {ergonomic}
   size_t MinHeapSize                              = 8388608                                   {product} {ergonomic}
    uintx NonProfiledCodeHeapSize                  = 0                                      {pd product} {ergonomic}
     bool ProfileInterpreter                       = false                                  {pd product} {command line}
    uintx ProfiledCodeHeapSize                     = 0                                      {pd product} {ergonomic}
   size_t SoftMaxHeapSize                          = 4238344192                             {manageable} {ergonomic}
     intx TieredStopAtLevel                        = 1                                         {product} {command line}
     bool UseCompressedClassPointers               = true                           {product lp64_product} {ergonomic}
     bool UseCompressedOops                        = true                           {product lp64_product} {ergonomic}
     bool UseG1GC                                  = true                                      {product} {ergonomic}
     bool UseLargePagesIndividualAllocation        = false                                  {pd product} {ergonomic}

Logging:
Log output configuration:
 #0: stdout all=warning uptime,level,tags
 #1: stderr all=off uptime,level,tags

Environment Variables:
JAVA_HOME=C:\Program Files\Java\jdk-20
PATH=C:\Program Files\MongoDB\Server\8.2\bin;C:\Program Files\Eclipse Adoptium\jdk-17.0.17.10-hotspot\bin;C:\oraclexe\app\oracle\product\11.2.0\server\bin;C:\xampp\php;C:\Program Files\MySQL\MySQL Server 8.0\bin;C:\Python 3.12\Python 3.12.exe;C:\Users\LENOVO\AppData\Local\Programs\Python\Python312\python.exe;C:\Users\LENOVO\Downloads\flutter_windows_3.16.0-stable\flutter\bin;C:\ProgramData\Oracle\Java\javapath;C:\Program Files\Java\jdk-21.0.1\bin;C:\Program Files\Common Files\Oracle\Java\javapath;C:\Program Files\Java\jdk-20\bin;C:\Users\LENOVO\Downloads\sqldeveloper-23.1.0.097.1607-x64\sqldeveloper\sqldeveloper\bin;C:\Users\LENOVO\Downloads\msys2-x86_64-20230318.exe;C:\WINDOWS\system32;C:\WINDOWS;C:\WINDOWS\System32\Wbem;C:\WINDOWS\System32\WindowsPowerShell\v1.0\;C:\WINDOWS\System32\OpenSSH\;C:\Program Files\Git\cmd;C:\Program Files\Git\bin;C:\Program Files\dotnet\;C:\Users\LENOVO\AppData\Local\Android\Sdk\platform-tools;C:\Users\LENOVO\AppData\Local\Android\Sdk\emulator;C:\Users\LENOVO\Downloads\php-8.3.11-nts-Win32-vs16-x64;C:\ProgramData\ComposerSetup\bin;C:\Program Files\nodejs\;C:\Program Files\Microsoft SQL Server\150\Tools\Binn\;C:\Program Files\Docker\Docker\resources\bin;C:\Program Files\Vagrant\bin;C:\Users\LENOVO\scoop\shims;C:\Program Files\MySQL\MySQL Shell 8.0\bin\;C:\Users\LENOVO\AppData\Local\Programs\Python\Launcher\;C:\Python27\python.exe;C:\Users\LENOVO\AppData\Local\Programs\Python\Python311;C:\Users\LENOVO\AppData\Local\Programs\Python\Python311\Scripts\;C:\Python27;C:\Users\LENOVO\AppData\Local\Microsoft\WindowsApps;C:\Program Files\JetBrains\PyCharm Community Edition 2023.1\bin;;C:\Users\LENOVO\AppData\Local\GitHubDesktop\bin;C:\Users\LENOVO\.dotnet\tools;C:\Program Files (x86)\Nmap;C:\Users\LENOVO\AppData\Local\Programs\MiKTeX\miktex\bin\x64\;C:\Users\LENOVO\AppData\Roaming\Composer\vendor\bin;C:\xampp\php;C:\Program Files\JetBrains\IntelliJ IDEA 2024.2.1\bin;;C:\Flex Windows\gcc\bin;C:\Flex Windows\Lex\bin;C:\Flex Windows\bison\bin;C:\Users\LENOVO\AppData\Local\Muse Hub\lib;C:\Users\LENOVO\AppData\Local\Programs\Microsoft VS Code\bin;C:\Users\LENOVO\AppData\Local\Programs\cursor\resources\app\bin;C:\Users\LENOVO\AppData\Roaming\npm;C:\Users\LENOVO\AppData\Local\Programs\Antigravity\bin
USERNAME=LENOVO
OS=Windows_NT
PROCESSOR_IDENTIFIER=Intel64 Family 6 Model 140 Stepping 2, GenuineIntel
TMP=C:\Users\LENOVO\AppData\Local\Temp
TEMP=C:\Users\LENOVO\AppData\Local\Temp



Periodic native trim disabled


---------------  S Y S T E M  ---------------

OS:
 Windows 11 , 64 bit Build 26100 (10.0.26100.7705)
OS uptime: 0 days 1:06 hours
Hyper-V role detected

CPU: total 8 (initial active 8) (4 cores per cpu, 2 threads per core) family 6 model 140 stepping 2 microcode 0x26, cx8, cmov, fxsr, ht, mmx, 3dnowpref, sse, sse2, sse3, ssse3, sse4.1, sse4.2, popcnt, lzcnt, tsc, tscinvbit, avx, avx2, aes, erms, clmul, bmi1, bmi2, adx, avx512f, avx512dq, avx512cd, avx512bw, avx512vl, sha, fma, vzeroupper, avx512_vpopcntdq, avx512_vpclmulqdq, avx512_vaes, avx512_vnni, clflush, clflushopt, clwb, avx512_vbmi2, avx512_vbmi, hv
Processor Information for all 8 processors :
  Max Mhz: 3187, Current Mhz: 3187, Mhz Limit: 3187

Memory: 4k page, system-wide physical 16167M (2021M free)
TotalPageFile size 21167M (AvailPageFile size 0M)
current process WorkingSet (physical memory assigned to process): 187M, peak: 300M
current process commit charge ("private bytes"): 340M, peak: 381M

vm_info: OpenJDK 64-Bit Server VM (17.0.17+10) for windows-amd64 JRE (17.0.17+10), built on Oct 21 2025 23:25:32 by "admin" with unknown MS VC++:1942

END.
